line 1 column 1663 - Warning: missing </a> before <a>
line 1 column 1862 - Warning: discarding unexpected </a>
line 1 column 16145 - Error: <quote> is not recognised!
line 1 column 16145 - Warning: discarding unexpected <quote>
line 1 column 16355 - Warning: discarding unexpected </quote>
line 1 column 18806 - Warning: nested emphasis <em>
line 1 column 19077 - Warning: nested emphasis <em>
line 1 column 19260 - Warning: nested emphasis <em>
line 1 column 19486 - Warning: nested emphasis <em>
line 1 column 19725 - Warning: nested emphasis <em>
line 1 column 20115 - Warning: nested emphasis <em>
line 1 column 20394 - Warning: nested emphasis <em>
line 1 column 20697 - Warning: nested emphasis <em>
line 1 column 1663 - Warning: <a> proprietary attribute "ref"
line 1 column 18603 - Warning: <li> proprietary attribute "label"
line 1 column 18889 - Warning: <li> proprietary attribute "label"
line 1 column 19160 - Warning: <li> proprietary attribute "label"
line 1 column 19349 - Warning: <li> proprietary attribute "label"
line 1 column 19558 - Warning: <li> proprietary attribute "label"
line 1 column 19816 - Warning: <li> proprietary attribute "label"
line 1 column 20212 - Warning: <li> proprietary attribute "label"
line 1 column 20484 - Warning: <li> proprietary attribute "label"
This document has errors that must be fixed before
using HTML Tidy to generate a tidied up version.

tidy failed, copying HTML as-is
