line 1 column 26047 - Warning: inserting implicit <p>
line 1 column 27015 - Warning: inserting implicit <p>
line 1 column 28365 - Warning: inserting implicit <p>
line 1 column 29253 - Warning: inserting implicit <p>
line 1 column 31564 - Warning: inserting implicit <p>
line 1 column 32782 - Warning: inserting implicit <p>
line 1 column 35054 - Warning: inserting implicit <p>
line 1 column 37241 - Warning: inserting implicit <p>
line 1 column 44827 - Warning: inserting implicit <p>
line 1 column 45288 - Warning: inserting implicit <p>
line 1 column 47012 - Warning: inserting implicit <p>
line 1 column 48711 - Warning: inserting implicit <p>
line 1 column 51758 - Warning: inserting implicit <p>
line 1 column 53966 - Warning: inserting implicit <p>
line 1 column 69591 - Warning: inserting implicit <p>
line 1 column 75528 - Warning: inserting implicit <p>
line 1 column 80194 - Warning: inserting implicit <p>
line 1 column 83136 - Warning: nested emphasis <em>
line 1 column 83472 - Warning: nested emphasis <em>
line 1 column 83727 - Warning: nested emphasis <em>
line 1 column 83943 - Warning: nested emphasis <em>
line 1 column 84164 - Warning: nested emphasis <em>
line 1 column 84421 - Warning: nested emphasis <em>
line 1 column 84617 - Warning: nested emphasis <em>
line 1 column 84907 - Warning: nested emphasis <em>
line 1 column 85164 - Warning: nested emphasis <em>
line 1 column 85383 - Warning: nested emphasis <em>
line 1 column 85677 - Warning: nested emphasis <em>
line 1 column 85943 - Warning: nested emphasis <em>
line 1 column 86204 - Warning: nested emphasis <em>
line 1 column 86463 - Warning: nested emphasis <em>
line 1 column 86760 - Warning: nested emphasis <em>
line 1 column 87000 - Warning: nested emphasis <em>
line 1 column 87253 - Warning: nested emphasis <em>
line 1 column 87480 - Warning: nested emphasis <em>
line 1 column 87704 - Warning: nested emphasis <em>
line 1 column 87882 - Warning: nested emphasis <em>
line 1 column 88057 - Warning: nested emphasis <em>
line 1 column 88381 - Warning: nested emphasis <em>
line 1 column 88672 - Warning: nested emphasis <em>
line 1 column 88952 - Warning: nested emphasis <em>
line 1 column 89124 - Warning: nested emphasis <em>
line 1 column 89303 - Warning: nested emphasis <em>
line 1 column 89608 - Warning: nested emphasis <em>
line 1 column 89820 - Warning: nested emphasis <em>
line 1 column 90014 - Warning: nested emphasis <em>
line 1 column 56540 - Warning: <table> lacks "summary" attribute
line 1 column 58931 - Warning: <table> lacks "summary" attribute
line 1 column 64516 - Warning: <table> lacks "summary" attribute
line 1 column 8198 - Warning: <font> element removed from HTML5
line 1 column 8338 - Warning: <font> element removed from HTML5
line 1 column 83032 - Warning: <li> proprietary attribute "label"
line 1 column 83308 - Warning: <li> proprietary attribute "label"
line 1 column 83603 - Warning: <li> proprietary attribute "label"
line 1 column 83821 - Warning: <li> proprietary attribute "label"
line 1 column 84039 - Warning: <li> proprietary attribute "label"
line 1 column 84309 - Warning: <li> proprietary attribute "label"
line 1 column 84503 - Warning: <li> proprietary attribute "label"
line 1 column 84708 - Warning: <li> proprietary attribute "label"
line 1 column 85052 - Warning: <li> proprietary attribute "label"
line 1 column 85246 - Warning: <li> proprietary attribute "label"
line 1 column 85473 - Warning: <li> proprietary attribute "label"
line 1 column 85768 - Warning: <li> proprietary attribute "label"
line 1 column 86049 - Warning: <li> proprietary attribute "label"
line 1 column 86297 - Warning: <li> proprietary attribute "label"
line 1 column 86608 - Warning: <li> proprietary attribute "label"
line 1 column 86852 - Warning: <li> proprietary attribute "label"
line 1 column 87151 - Warning: <li> proprietary attribute "label"
line 1 column 87344 - Warning: <li> proprietary attribute "label"
line 1 column 87571 - Warning: <li> proprietary attribute "label"
line 1 column 87810 - Warning: <li> proprietary attribute "label"
line 1 column 87986 - Warning: <li> proprietary attribute "label"
line 1 column 88219 - Warning: <li> proprietary attribute "label"
line 1 column 88534 - Warning: <li> proprietary attribute "label"
line 1 column 88823 - Warning: <li> proprietary attribute "label"
line 1 column 89033 - Warning: <li> proprietary attribute "label"
line 1 column 89222 - Warning: <li> proprietary attribute "label"
line 1 column 89473 - Warning: <li> proprietary attribute "label"
line 1 column 89687 - Warning: <li> proprietary attribute "label"
line 1 column 89931 - Warning: <li> proprietary attribute "label"
