line 1 column 11244 - Warning: inserting implicit <p>
line 1 column 12729 - Warning: inserting implicit <p>
line 1 column 17249 - Error: <smallcap> is not recognised!
line 1 column 17249 - Warning: discarding unexpected <smallcap>
line 1 column 17264 - Warning: discarding unexpected </smallcap>
line 1 column 17398 - Error: <smallcap> is not recognised!
line 1 column 17398 - Warning: discarding unexpected <smallcap>
line 1 column 17418 - Warning: discarding unexpected </smallcap>
line 1 column 17551 - Error: <smallcap> is not recognised!
line 1 column 17551 - Warning: discarding unexpected <smallcap>
line 1 column 17571 - Warning: discarding unexpected </smallcap>
line 1 column 18749 - Error: <smallcap> is not recognised!
line 1 column 18749 - Warning: discarding unexpected <smallcap>
line 1 column 18768 - Warning: discarding unexpected </smallcap>
line 1 column 24318 - Error: <smallcap> is not recognised!
line 1 column 24318 - Warning: discarding unexpected <smallcap>
line 1 column 24336 - Warning: discarding unexpected </smallcap>
This document has errors that must be fixed before
using HTML Tidy to generate a tidied up version.

tidy failed, copying HTML as-is
