line 1 column 19042 - Warning: inserting implicit <p>
line 1 column 20555 - Warning: inserting implicit <p>
line 1 column 22124 - Warning: inserting implicit <p>
line 1 column 24841 - Warning: inserting implicit <p>
line 1 column 30065 - Warning: inserting implicit <p>
line 1 column 37013 - Warning: inserting implicit <p>
line 1 column 45449 - Warning: inserting implicit <p>
line 1 column 52675 - Warning: nested emphasis <em>
line 1 column 52929 - Warning: nested emphasis <em>
line 1 column 53253 - Warning: nested emphasis <em>
line 1 column 53591 - Warning: nested emphasis <em>
line 1 column 53895 - Warning: nested emphasis <em>
line 1 column 54216 - Warning: nested emphasis <em>
line 1 column 54532 - Warning: nested emphasis <em>
line 1 column 54738 - Warning: nested emphasis <em>
line 1 column 55055 - Warning: nested emphasis <em>
line 1 column 55294 - Warning: nested emphasis <em>
line 1 column 55526 - Warning: nested emphasis <em>
line 1 column 55753 - Warning: nested emphasis <em>
line 1 column 56032 - Warning: nested emphasis <em>
line 1 column 56391 - Warning: nested emphasis <em>
line 1 column 56625 - Warning: nested emphasis <em>
line 1 column 56874 - Warning: nested emphasis <em>
line 1 column 57133 - Warning: nested emphasis <em>
line 1 column 57375 - Warning: nested emphasis <em>
line 1 column 57866 - Warning: nested emphasis <em>
line 1 column 58089 - Warning: nested emphasis <em>
line 1 column 58377 - Warning: nested emphasis <em>
line 1 column 6294 - Warning: <table> lacks "summary" attribute
line 1 column 7815 - Warning: <table> lacks "summary" attribute
line 1 column 30361 - Warning: <table> lacks "summary" attribute
line 1 column 45800 - Warning: <table> lacks "summary" attribute
line 1 column 6381 - Warning: <tt> element removed from HTML5
line 1 column 6495 - Warning: <tt> element removed from HTML5
line 1 column 6602 - Warning: <tt> element removed from HTML5
line 1 column 7902 - Warning: <tt> element removed from HTML5
line 1 column 8037 - Warning: <tt> element removed from HTML5
line 1 column 26727 - Warning: <tt> element removed from HTML5
line 1 column 26785 - Warning: <tt> element removed from HTML5
line 1 column 44642 - Warning: <tt> element removed from HTML5
line 1 column 1707 - Warning: <a> proprietary attribute "ref"
line 1 column 10965 - Warning: <li> proprietary attribute "label"
line 1 column 11154 - Warning: <li> proprietary attribute "label"
line 1 column 26452 - Warning: <li> proprietary attribute "label"
line 1 column 27481 - Warning: <li> proprietary attribute "label"
line 1 column 28279 - Warning: <li> proprietary attribute "label"
line 1 column 52484 - Warning: <li> proprietary attribute "label"
line 1 column 52757 - Warning: <li> proprietary attribute "label"
line 1 column 53059 - Warning: <li> proprietary attribute "label"
line 1 column 53360 - Warning: <li> proprietary attribute "label"
line 1 column 53653 - Warning: <li> proprietary attribute "label"
line 1 column 53957 - Warning: <li> proprietary attribute "label"
line 1 column 54353 - Warning: <li> proprietary attribute "label"
line 1 column 54596 - Warning: <li> proprietary attribute "label"
line 1 column 54897 - Warning: <li> proprietary attribute "label"
line 1 column 55132 - Warning: <li> proprietary attribute "label"
line 1 column 55356 - Warning: <li> proprietary attribute "label"
line 1 column 55660 - Warning: <li> proprietary attribute "label"
line 1 column 55868 - Warning: <li> proprietary attribute "label"
line 1 column 56174 - Warning: <li> proprietary attribute "label"
line 1 column 56489 - Warning: <li> proprietary attribute "label"
line 1 column 56687 - Warning: <li> proprietary attribute "label"
line 1 column 56979 - Warning: <li> proprietary attribute "label"
line 1 column 57275 - Warning: <li> proprietary attribute "label"
line 1 column 57677 - Warning: <li> proprietary attribute "label"
line 1 column 57943 - Warning: <li> proprietary attribute "label"
line 1 column 58167 - Warning: <li> proprietary attribute "label"
