line 1 column 10384 - Warning: inserting implicit <p>
line 1 column 13752 - Warning: inserting implicit <p>
line 1 column 18317 - Warning: nested emphasis <em>
line 1 column 18558 - Warning: nested emphasis <em>
line 1 column 18824 - Warning: nested emphasis <em>
line 1 column 19046 - Warning: nested emphasis <em>
line 1 column 19263 - Warning: nested emphasis <em>
line 1 column 19405 - Warning: nested emphasis <em>
line 1 column 19691 - Warning: nested emphasis <em>
line 1 column 19910 - Warning: nested emphasis <em>
line 1 column 2383 - Warning: <a> escaping malformed URI reference
line 1 column 2383 - Warning: <a> illegal characters found in URI
line 1 column 15445 - Warning: <table> lacks "summary" attribute
line 1 column 16616 - Warning: <table> lacks "summary" attribute
line 1 column 5044 - Warning: <font> element removed from HTML5
line 1 column 18121 - Warning: <li> proprietary attribute "label"
line 1 column 18373 - Warning: <li> proprietary attribute "label"
line 1 column 18626 - Warning: <li> proprietary attribute "label"
line 1 column 18887 - Warning: <li> proprietary attribute "label"
line 1 column 19109 - Warning: <li> proprietary attribute "label"
line 1 column 19326 - Warning: <li> proprietary attribute "label"
line 1 column 19484 - Warning: <li> proprietary attribute "label"
line 1 column 19757 - Warning: <li> proprietary attribute "label"
