line 1 column 1633 - Error: <subtitle> is not recognised!
line 1 column 1633 - Warning: discarding unexpected <subtitle>
line 1 column 1660 - Warning: discarding unexpected </subtitle>
line 1 column 7638 - Error: <smallcap> is not recognised!
line 1 column 7638 - Warning: discarding unexpected <smallcap>
line 1 column 7651 - Warning: discarding unexpected </smallcap>
line 1 column 11933 - Warning: inserting implicit <p>
line 1 column 13136 - Warning: inserting implicit <p>
line 1 column 24798 - Error: <smallcap> is not recognised!
line 1 column 24798 - Warning: discarding unexpected <smallcap>
line 1 column 24811 - Warning: discarding unexpected </smallcap>
line 1 column 29016 - Warning: inserting implicit <p>
line 1 column 29542 - Error: <smallcap> is not recognised!
line 1 column 29542 - Warning: discarding unexpected <smallcap>
line 1 column 29555 - Warning: discarding unexpected </smallcap>
line 1 column 30611 - Warning: inserting implicit <p>
line 1 column 34538 - Error: <smallcap> is not recognised!
line 1 column 34538 - Warning: discarding unexpected <smallcap>
line 1 column 34551 - Warning: discarding unexpected </smallcap>
line 1 column 34993 - Warning: inserting implicit <p>
This document has errors that must be fixed before
using HTML Tidy to generate a tidied up version.

tidy failed, copying HTML as-is
