line 1 column 5645 - Error: <x> is not recognised!
line 1 column 5645 - Warning: discarding unexpected <x>
line 1 column 5650 - Warning: discarding unexpected </x>
line 1 column 5670 - Error: <x> is not recognised!
line 1 column 5670 - Warning: discarding unexpected <x>
line 1 column 5679 - Warning: discarding unexpected </x>
line 1 column 5694 - Error: <x> is not recognised!
line 1 column 5694 - Warning: discarding unexpected <x>
line 1 column 5699 - Warning: discarding unexpected </x>
line 1 column 5707 - Error: <x> is not recognised!
line 1 column 5707 - Warning: discarding unexpected <x>
line 1 column 5712 - Warning: discarding unexpected </x>
line 1 column 5775 - Error: <x> is not recognised!
line 1 column 5775 - Warning: discarding unexpected <x>
line 1 column 5780 - Warning: discarding unexpected </x>
line 1 column 19655 - Warning: inserting implicit <p>
line 1 column 21521 - Warning: inserting implicit <p>
line 1 column 26502 - Warning: inserting implicit <p>
line 1 column 29220 - Warning: inserting implicit <p>
line 1 column 31577 - Warning: inserting implicit <p>
line 1 column 33877 - Warning: inserting implicit <p>
line 1 column 40525 - Warning: inserting implicit <p>
line 1 column 99222 - Warning: nested emphasis <em>
line 1 column 99437 - Warning: nested emphasis <em>
line 1 column 99661 - Warning: nested emphasis <em>
line 1 column 99870 - Warning: nested emphasis <em>
line 1 column 100120 - Warning: nested emphasis <em>
line 1 column 100288 - Warning: nested emphasis <em>
line 1 column 100533 - Warning: nested emphasis <em>
line 1 column 100806 - Warning: nested emphasis <em>
line 1 column 101106 - Warning: nested emphasis <em>
line 1 column 101415 - Warning: nested emphasis <em>
line 1 column 101709 - Warning: nested emphasis <em>
line 1 column 101952 - Warning: nested emphasis <em>
line 1 column 102150 - Warning: nested emphasis <em>
line 1 column 102377 - Warning: nested emphasis <em>
line 1 column 102699 - Warning: nested emphasis <em>
line 1 column 103014 - Warning: nested emphasis <em>
line 1 column 103263 - Warning: nested emphasis <em>
line 1 column 103583 - Warning: nested emphasis <em>
line 1 column 103895 - Warning: nested emphasis <em>
line 1 column 104155 - Warning: nested emphasis <em>
line 1 column 104529 - Warning: nested emphasis <em>
line 1 column 104851 - Warning: nested emphasis <em>
line 1 column 105015 - Warning: nested emphasis <em>
line 1 column 105306 - Warning: nested emphasis <em>
line 1 column 105555 - Warning: nested emphasis <em>
line 1 column 105878 - Warning: nested emphasis <em>
line 1 column 106157 - Warning: nested emphasis <em>
line 1 column 106450 - Warning: nested emphasis <em>
line 1 column 106723 - Warning: nested emphasis <em>
line 1 column 106980 - Warning: nested emphasis <em>
line 1 column 107311 - Warning: nested emphasis <em>
line 1 column 107539 - Warning: nested emphasis <em>
line 1 column 107863 - Warning: nested emphasis <em>
line 1 column 108134 - Warning: nested emphasis <em>
line 1 column 108402 - Warning: nested emphasis <em>
line 1 column 108704 - Warning: nested emphasis <em>
line 1 column 108985 - Warning: nested emphasis <em>
line 1 column 109270 - Warning: nested emphasis <em>
line 1 column 109644 - Warning: nested emphasis <em>
line 1 column 109927 - Warning: nested emphasis <em>
line 1 column 110154 - Warning: nested emphasis <em>
line 1 column 110407 - Warning: nested emphasis <em>
line 1 column 110672 - Warning: nested emphasis <em>
line 1 column 110937 - Warning: nested emphasis <em>
line 1 column 111183 - Warning: nested emphasis <em>
line 1 column 111444 - Warning: nested emphasis <em>
line 1 column 111624 - Warning: nested emphasis <em>
line 1 column 111850 - Warning: nested emphasis <em>
line 1 column 112015 - Warning: nested emphasis <em>
line 1 column 112355 - Warning: nested emphasis <em>
line 1 column 112637 - Warning: nested emphasis <em>
line 1 column 112883 - Warning: nested emphasis <em>
line 1 column 113158 - Warning: nested emphasis <em>
line 1 column 113467 - Warning: nested emphasis <em>
line 1 column 113793 - Warning: nested emphasis <em>
line 1 column 114036 - Warning: nested emphasis <em>
This document has errors that must be fixed before
using HTML Tidy to generate a tidied up version.

tidy failed, copying HTML as-is
