line 1 column 16550 - Warning: inserting implicit <p>
line 1 column 19502 - Error: <smallcap> is not recognised!
line 1 column 19502 - Warning: discarding unexpected <smallcap>
line 1 column 19516 - Warning: discarding unexpected </smallcap>
line 1 column 27596 - Warning: nested emphasis <em>
line 1 column 27826 - Warning: nested emphasis <em>
line 1 column 28046 - Warning: nested emphasis <em>
line 1 column 28238 - Warning: nested emphasis <em>
line 1 column 28445 - Warning: nested emphasis <em>
line 1 column 28643 - Warning: nested emphasis <em>
line 1 column 28895 - Warning: nested emphasis <em>
line 1 column 29201 - Warning: nested emphasis <em>
line 1 column 29488 - Warning: nested emphasis <em>
line 1 column 29667 - Warning: nested emphasis <em>
line 1 column 18998 - Warning: <table> lacks "summary" attribute
line 1 column 8733 - Warning: <li> proprietary attribute "label"
line 1 column 9567 - Warning: <li> proprietary attribute "label"
line 1 column 11392 - Warning: <li> proprietary attribute "label"
line 1 column 11916 - Warning: <li> proprietary attribute "label"
line 1 column 27420 - Warning: <li> proprietary attribute "label"
line 1 column 27644 - Warning: <li> proprietary attribute "label"
line 1 column 27887 - Warning: <li> proprietary attribute "label"
line 1 column 28111 - Warning: <li> proprietary attribute "label"
line 1 column 28300 - Warning: <li> proprietary attribute "label"
line 1 column 28507 - Warning: <li> proprietary attribute "label"
line 1 column 28721 - Warning: <li> proprietary attribute "label"
line 1 column 29082 - Warning: <li> proprietary attribute "label"
line 1 column 29323 - Warning: <li> proprietary attribute "label"
line 1 column 29549 - Warning: <li> proprietary attribute "label"
This document has errors that must be fixed before
using HTML Tidy to generate a tidied up version.

tidy failed, copying HTML as-is
