line 1 column 3421 - Warning: replacing unexpected sup with </sup>
line 1 column 4009 - Warning: discarding unexpected </small>
line 1 column 17095 - Warning: nested emphasis <em>
line 1 column 17363 - Warning: nested emphasis <em>
line 1 column 17667 - Warning: nested emphasis <em>
line 1 column 18098 - Warning: nested emphasis <em>
line 1 column 18343 - Warning: nested emphasis <em>
line 1 column 18624 - Warning: nested emphasis <em>
line 1 column 18872 - Warning: nested emphasis <em>
line 1 column 19160 - Warning: nested emphasis <em>
line 1 column 19451 - Warning: nested emphasis <em>
line 1 column 19695 - Warning: nested emphasis <em>
line 1 column 10638 - Warning: <tt> element removed from HTML5
line 1 column 10659 - Warning: <tt> element removed from HTML5
line 1 column 10749 - Warning: <tt> element removed from HTML5
line 1 column 10769 - Warning: <tt> element removed from HTML5
line 1 column 13529 - Warning: <tt> element removed from HTML5
line 1 column 13546 - Warning: <tt> element removed from HTML5
line 1 column 13564 - Warning: <tt> element removed from HTML5
line 1 column 13589 - Warning: <tt> element removed from HTML5
line 1 column 13741 - Warning: <tt> element removed from HTML5
line 1 column 13757 - Warning: <tt> element removed from HTML5
line 1 column 13775 - Warning: <tt> element removed from HTML5
line 1 column 13790 - Warning: <tt> element removed from HTML5
line 1 column 14051 - Warning: <tt> element removed from HTML5
line 1 column 8927 - Warning: <li> proprietary attribute "label"
line 1 column 9053 - Warning: <li> proprietary attribute "label"
line 1 column 9195 - Warning: <li> proprietary attribute "label"
line 1 column 9303 - Warning: <li> proprietary attribute "label"
line 1 column 9405 - Warning: <li> proprietary attribute "label"
line 1 column 9472 - Warning: <li> proprietary attribute "label"
line 1 column 13062 - Warning: <li> proprietary attribute "label"
line 1 column 13197 - Warning: <li> proprietary attribute "label"
line 1 column 13382 - Warning: <li> proprietary attribute "label"
line 1 column 13620 - Warning: <li> proprietary attribute "label"
line 1 column 13825 - Warning: <li> proprietary attribute "label"
line 1 column 14111 - Warning: <li> proprietary attribute "label"
line 1 column 16835 - Warning: <li> proprietary attribute "label"
line 1 column 17172 - Warning: <li> proprietary attribute "label"
line 1 column 17417 - Warning: <li> proprietary attribute "label"
line 1 column 17945 - Warning: <li> proprietary attribute "label"
line 1 column 18156 - Warning: <li> proprietary attribute "label"
line 1 column 18462 - Warning: <li> proprietary attribute "label"
line 1 column 18703 - Warning: <li> proprietary attribute "label"
line 1 column 19010 - Warning: <li> proprietary attribute "label"
line 1 column 19226 - Warning: <li> proprietary attribute "label"
line 1 column 19529 - Warning: <li> proprietary attribute "label"
