line 1 column 15662 - Error: <smallcap> is not recognised!
line 1 column 15662 - Warning: discarding unexpected <smallcap>
line 1 column 15674 - Warning: discarding unexpected </smallcap>
line 1 column 16932 - Error: <smallcap> is not recognised!
line 1 column 16932 - Warning: discarding unexpected <smallcap>
line 1 column 16944 - Warning: discarding unexpected </smallcap>
line 1 column 18578 - Warning: inserting implicit <p>
line 1 column 36384 - Error: <smallcap> is not recognised!
line 1 column 36384 - Warning: discarding unexpected <smallcap>
line 1 column 36407 - Warning: discarding unexpected </smallcap>
line 1 column 50023 - Error: <smallcap> is not recognised!
line 1 column 50023 - Warning: discarding unexpected <smallcap>
line 1 column 50046 - Warning: discarding unexpected </smallcap>
line 1 column 55187 - Warning: inserting implicit <p>
line 1 column 60979 - Warning: inserting implicit <p>
line 1 column 62811 - Warning: inserting implicit <p>
line 1 column 63669 - Error: <smallcap> is not recognised!
line 1 column 63669 - Warning: discarding unexpected <smallcap>
line 1 column 63692 - Warning: discarding unexpected </smallcap>
This document has errors that must be fixed before
using HTML Tidy to generate a tidied up version.

tidy failed, copying HTML as-is
