line 1 column 17984 - Warning: inserting implicit <p>
line 1 column 18989 - Warning: inserting implicit <p>
line 1 column 24696 - Warning: inserting implicit <p>
line 1 column 28818 - Warning: inserting implicit <p>
line 1 column 31675 - Warning: inserting implicit <p>
line 1 column 34094 - Warning: inserting implicit <p>
line 1 column 37935 - Warning: inserting implicit <p>
line 1 column 54123 - Error: <smallcap> is not recognised!
line 1 column 54123 - Warning: discarding unexpected <smallcap>
line 1 column 54139 - Warning: discarding unexpected </smallcap>
line 1 column 54686 - Error: <smallcap> is not recognised!
line 1 column 54686 - Warning: discarding unexpected <smallcap>
line 1 column 54703 - Warning: discarding unexpected </smallcap>
line 1 column 55250 - Error: <smallcap> is not recognised!
line 1 column 55250 - Warning: discarding unexpected <smallcap>
line 1 column 55264 - Warning: discarding unexpected </smallcap>
line 1 column 55842 - Error: <smallcap> is not recognised!
line 1 column 55842 - Warning: discarding unexpected <smallcap>
line 1 column 55870 - Warning: discarding unexpected </smallcap>
line 1 column 56479 - Error: <smallcap> is not recognised!
line 1 column 56479 - Warning: discarding unexpected <smallcap>
line 1 column 56502 - Warning: discarding unexpected </smallcap>
This document has errors that must be fixed before
using HTML Tidy to generate a tidied up version.

tidy failed, copying HTML as-is
