line 1 column 7985 - Warning: inserting implicit <p>
line 1 column 12463 - Warning: inserting implicit <p>
line 1 column 19180 - Error: <smallcap> is not recognized!
line 1 column 19180 - Warning: discarding unexpected <smallcap>
line 1 column 19193 - Warning: discarding unexpected </smallcap>
line 1 column 19329 - Error: <smallcap> is not recognized!
line 1 column 19329 - Warning: discarding unexpected <smallcap>
line 1 column 19347 - Warning: discarding unexpected </smallcap>
line 1 column 35691 - Warning: inserting implicit <p>
line 1 column 40941 - Warning: inserting implicit <p>
line 1 column 41865 - Warning: inserting implicit <p>
line 1 column 42056 - Error: <smallcap> is not recognized!
line 1 column 42056 - Warning: discarding unexpected <smallcap>
line 1 column 42069 - Warning: discarding unexpected </smallcap>
line 1 column 44430 - Warning: inserting implicit <p>
line 1 column 44521 - Error: <smallcap> is not recognized!
line 1 column 44521 - Warning: discarding unexpected <smallcap>
line 1 column 44534 - Warning: discarding unexpected </smallcap>
line 1 column 44696 - Error: <smallcap> is not recognized!
line 1 column 44696 - Warning: discarding unexpected <smallcap>
line 1 column 44714 - Warning: discarding unexpected </smallcap>
line 1 column 47271 - Warning: inserting implicit <p>
line 1 column 47720 - Warning: inserting implicit <p>
This document has errors that must be fixed before
using HTML Tidy to generate a tidied up version.

tidy failed, copying HTML as-is
