line 1 column 26517 - Warning: inserting implicit <p>
line 1 column 37090 - Warning: inserting implicit <p>
line 1 column 46352 - Warning: inserting implicit <p>
line 1 column 47981 - Warning: inserting implicit <p>
line 1 column 49257 - Warning: inserting implicit <p>
line 1 column 51728 - Error: <quote> is not recognised!
line 1 column 51728 - Warning: discarding unexpected <quote>
line 1 column 51876 - Warning: discarding unexpected </quote>
line 1 column 51888 - Error: <quote> is not recognised!
line 1 column 51888 - Warning: discarding unexpected <quote>
line 1 column 52084 - Warning: discarding unexpected </quote>
line 1 column 52255 - Error: <quote> is not recognised!
line 1 column 52255 - Warning: discarding unexpected <quote>
line 1 column 52540 - Warning: discarding unexpected </quote>
line 1 column 53234 - Error: <quote> is not recognised!
line 1 column 53234 - Warning: discarding unexpected <quote>
line 1 column 53471 - Warning: discarding unexpected </quote>
line 1 column 53483 - Error: <quote> is not recognised!
line 1 column 53483 - Warning: discarding unexpected <quote>
line 1 column 53728 - Warning: discarding unexpected </quote>
This document has errors that must be fixed before
using HTML Tidy to generate a tidied up version.

tidy failed, copying HTML as-is
