line 1 column 1625 - Error: <subtitle> is not recognized!
line 1 column 1625 - Warning: discarding unexpected <subtitle>
line 1 column 1692 - Warning: discarding unexpected </subtitle>
line 1 column 6360 - Warning: inserting implicit <p>
line 1 column 11440 - Warning: <li> proprietary attribute "label"
line 1 column 11758 - Warning: <li> proprietary attribute "label"
line 1 column 11924 - Warning: <li> proprietary attribute "label"
line 1 column 12078 - Warning: <li> proprietary attribute "label"
line 1 column 12360 - Warning: <li> proprietary attribute "label"
line 1 column 12594 - Warning: <li> proprietary attribute "label"
line 1 column 12743 - Warning: <li> proprietary attribute "label"
line 1 column 13031 - Warning: <li> proprietary attribute "label"
line 1 column 13239 - Warning: <li> proprietary attribute "label"
line 1 column 13464 - Warning: <li> proprietary attribute "label"
line 1 column 13640 - Warning: <li> proprietary attribute "label"
line 1 column 13871 - Warning: <li> proprietary attribute "label"
line 1 column 14027 - Warning: <li> proprietary attribute "label"
This document has errors that must be fixed before
using HTML Tidy to generate a tidied up version.

tidy failed, copying HTML as-is
