line 1 column 17674 - Warning: inserting implicit <p>
line 1 column 21764 - Warning: inserting implicit <p>
line 1 column 23282 - Warning: inserting implicit <p>
line 1 column 24278 - Warning: inserting implicit <p>
line 1 column 26640 - Warning: inserting implicit <p>
line 1 column 27998 - Warning: inserting implicit <p>
line 1 column 30883 - Warning: inserting implicit <p>
line 1 column 32507 - Warning: <em> is probably intended as </em>
line 1 column 32558 - Warning: discarding unexpected </em>
line 1 column 32644 - Warning: discarding unexpected </em>
line 1 column 33490 - Warning: inserting implicit <p>
line 1 column 37082 - Warning: inserting implicit <p>
line 1 column 45862 - Warning: nested emphasis <em>
line 1 column 46338 - Warning: nested emphasis <em>
line 1 column 46977 - Warning: nested emphasis <em>
line 1 column 47619 - Warning: nested emphasis <em>
line 1 column 48160 - Warning: nested emphasis <em>
line 1 column 48705 - Warning: nested emphasis <em>
line 1 column 49269 - Warning: nested emphasis <em>
line 1 column 49777 - Warning: nested emphasis <em>
line 1 column 50326 - Warning: nested emphasis <em>
line 1 column 50659 - Warning: nested emphasis <em>
line 1 column 51130 - Warning: nested emphasis <em>
line 1 column 51679 - Warning: nested emphasis <em>
line 1 column 52282 - Warning: nested emphasis <em>
line 1 column 52693 - Warning: nested emphasis <em>
line 1 column 53162 - Warning: nested emphasis <em>
line 1 column 53707 - Warning: nested emphasis <em>
line 1 column 54149 - Warning: nested emphasis <em>
line 1 column 54658 - Warning: nested emphasis <em>
line 1 column 55106 - Warning: nested emphasis <em>
line 1 column 55748 - Warning: nested emphasis <em>
line 1 column 56191 - Warning: nested emphasis <em>
line 1 column 56640 - Warning: nested emphasis <em>
line 1 column 57340 - Warning: nested emphasis <em>
line 1 column 58025 - Warning: nested emphasis <em>
line 1 column 58751 - Warning: nested emphasis <em>
line 1 column 34360 - Warning: <li> proprietary attribute "label"
line 1 column 34456 - Warning: <li> proprietary attribute "label"
line 1 column 45728 - Warning: <li> proprietary attribute "label"
line 1 column 46100 - Warning: <li> proprietary attribute "label"
line 1 column 46824 - Warning: <li> proprietary attribute "label"
line 1 column 47485 - Warning: <li> proprietary attribute "label"
line 1 column 47973 - Warning: <li> proprietary attribute "label"
line 1 column 48566 - Warning: <li> proprietary attribute "label"
line 1 column 49097 - Warning: <li> proprietary attribute "label"
line 1 column 49578 - Warning: <li> proprietary attribute "label"
line 1 column 50165 - Warning: <li> proprietary attribute "label"
line 1 column 50468 - Warning: <li> proprietary attribute "label"
line 1 column 50984 - Warning: <li> proprietary attribute "label"
line 1 column 51494 - Warning: <li> proprietary attribute "label"
line 1 column 52160 - Warning: <li> proprietary attribute "label"
line 1 column 52533 - Warning: <li> proprietary attribute "label"
line 1 column 52941 - Warning: <li> proprietary attribute "label"
line 1 column 53502 - Warning: <li> proprietary attribute "label"
line 1 column 54002 - Warning: <li> proprietary attribute "label"
line 1 column 54411 - Warning: <li> proprietary attribute "label"
line 1 column 54908 - Warning: <li> proprietary attribute "label"
line 1 column 55520 - Warning: <li> proprietary attribute "label"
line 1 column 56006 - Warning: <li> proprietary attribute "label"
line 1 column 56419 - Warning: <li> proprietary attribute "label"
line 1 column 57091 - Warning: <li> proprietary attribute "label"
line 1 column 57893 - Warning: <li> proprietary attribute "label"
line 1 column 58537 - Warning: <li> proprietary attribute "label"
