line 1 column 12551 - Error: <smallcap> is not recognized!
line 1 column 12551 - Warning: discarding unexpected <smallcap>
line 1 column 12568 - Warning: discarding unexpected </smallcap>
line 1 column 12584 - Error: <smallcap> is not recognized!
line 1 column 12584 - Warning: discarding unexpected <smallcap>
line 1 column 12602 - Warning: discarding unexpected </smallcap>
line 1 column 21016 - Warning: inserting implicit <p>
line 1 column 23822 - Warning: inserting implicit <p>
line 1 column 26145 - Warning: inserting implicit <p>
line 1 column 27100 - Warning: inserting implicit <p>
line 1 column 28438 - Warning: inserting implicit <p>
line 1 column 28998 - Warning: unescaped & which should be written as &amp;
line 1 column 28999 - Warning: unescaped & which should be written as &amp;
line 1 column 29095 - Warning: unescaped & which should be written as &amp;
line 1 column 29096 - Warning: unescaped & which should be written as &amp;
line 1 column 29721 - Warning: inserting implicit <p>
line 1 column 30464 - Warning: inserting implicit <p>
line 1 column 32201 - Warning: inserting implicit <p>
line 1 column 33547 - Warning: nested emphasis <em>
line 1 column 34295 - Warning: nested emphasis <em>
line 1 column 38291 - Error: <smallcap> is not recognized!
line 1 column 38291 - Warning: discarding unexpected <smallcap>
line 1 column 38308 - Warning: discarding unexpected </smallcap>
line 1 column 38331 - Warning: <em> is probably intended as </em>
line 1 column 38362 - Warning: discarding unexpected </em>
line 1 column 38488 - Warning: discarding unexpected </em>
line 1 column 39780 - Error: <smallcap> is not recognized!
line 1 column 39780 - Warning: discarding unexpected <smallcap>
line 1 column 39797 - Warning: discarding unexpected </smallcap>
line 1 column 49989 - Warning: inserting implicit <p>
line 1 column 53605 - Warning: inserting implicit <p>
line 1 column 54697 - Error: <smallcap> is not recognized!
line 1 column 54697 - Warning: discarding unexpected <smallcap>
line 1 column 54714 - Warning: discarding unexpected </smallcap>
line 1 column 54737 - Warning: nested emphasis <em>
This document has errors that must be fixed before
using HTML Tidy to generate a tidied up version.

tidy failed, copying HTML as-is
