line 1 column 3256 - Error: <affiliation> is not recognised!
line 1 column 3256 - Warning: discarding unexpected <affiliation>
line 1 column 3312 - Warning: discarding unexpected </affiliation>
line 1 column 3338 - Error: <affiliation1> is not recognised!
line 1 column 3338 - Warning: discarding unexpected <affiliation1>
line 1 column 3395 - Warning: discarding unexpected </affiliation1>
line 1 column 3426 - Error: <affiliation1> is not recognised!
line 1 column 3426 - Warning: discarding unexpected <affiliation1>
line 1 column 3483 - Warning: discarding unexpected </affiliation1>
line 1 column 32793 - Warning: nested emphasis <em>
line 1 column 33152 - Warning: nested emphasis <em>
line 1 column 33340 - Warning: nested emphasis <em>
line 1 column 33610 - Warning: nested emphasis <em>
line 1 column 33835 - Warning: nested emphasis <em>
line 1 column 34086 - Warning: nested emphasis <em>
line 1 column 34431 - Warning: nested emphasis <em>
line 1 column 34601 - Warning: nested emphasis <em>
line 1 column 34849 - Warning: nested emphasis <em>
line 1 column 35313 - Warning: nested emphasis <em>
line 1 column 35579 - Warning: nested emphasis <em>
line 1 column 35848 - Warning: nested emphasis <em>
line 1 column 35969 - Warning: nested emphasis <em>
line 1 column 36269 - Warning: nested emphasis <em>
line 1 column 36553 - Warning: nested emphasis <em>
line 1 column 36831 - Warning: nested emphasis <em>
line 1 column 37022 - Warning: nested emphasis <em>
line 1 column 37281 - Warning: nested emphasis <em>
line 1 column 37563 - Warning: nested emphasis <em>
line 1 column 37854 - Warning: nested emphasis <em>
line 1 column 38307 - Warning: nested emphasis <em>
line 1 column 38660 - Warning: nested emphasis <em>
line 1 column 11477 - Warning: <li> proprietary attribute "label"
line 1 column 11878 - Warning: <li> proprietary attribute "label"
line 1 column 12015 - Warning: <li> proprietary attribute "label"
line 1 column 12134 - Warning: <li> proprietary attribute "label"
line 1 column 12210 - Warning: <li> proprietary attribute "label"
line 1 column 12375 - Warning: <li> proprietary attribute "label"
line 1 column 14180 - Warning: <li> proprietary attribute "label"
line 1 column 14356 - Warning: <li> proprietary attribute "label"
line 1 column 15981 - Warning: <li> proprietary attribute "label"
line 1 column 16096 - Warning: <li> proprietary attribute "label"
line 1 column 16337 - Warning: <li> proprietary attribute "label"
line 1 column 16495 - Warning: <li> proprietary attribute "label"
line 1 column 32500 - Warning: <li> proprietary attribute "label"
line 1 column 32635 - Warning: <li> proprietary attribute "label"
line 1 column 32882 - Warning: <li> proprietary attribute "label"
line 1 column 33241 - Warning: <li> proprietary attribute "label"
line 1 column 33431 - Warning: <li> proprietary attribute "label"
line 1 column 33691 - Warning: <li> proprietary attribute "label"
line 1 column 33918 - Warning: <li> proprietary attribute "label"
line 1 column 34265 - Warning: <li> proprietary attribute "label"
line 1 column 34490 - Warning: <li> proprietary attribute "label"
line 1 column 34715 - Warning: <li> proprietary attribute "label"
line 1 column 35125 - Warning: <li> proprietary attribute "label"
line 1 column 35404 - Warning: <li> proprietary attribute "label"
line 1 column 35666 - Warning: <li> proprietary attribute "label"
line 1 column 35909 - Warning: <li> proprietary attribute "label"
line 1 column 36051 - Warning: <li> proprietary attribute "label"
line 1 column 36369 - Warning: <li> proprietary attribute "label"
line 1 column 36674 - Warning: <li> proprietary attribute "label"
line 1 column 36951 - Warning: <li> proprietary attribute "label"
line 1 column 37133 - Warning: <li> proprietary attribute "label"
line 1 column 37411 - Warning: <li> proprietary attribute "label"
line 1 column 37684 - Warning: <li> proprietary attribute "label"
line 1 column 38141 - Warning: <li> proprietary attribute "label"
line 1 column 38454 - Warning: <li> proprietary attribute "label"
This document has errors that must be fixed before
using HTML Tidy to generate a tidied up version.

tidy failed, copying HTML as-is
