line 1 column 7841 - Error: <smallcap> is not recognised!
line 1 column 7841 - Warning: discarding unexpected <smallcap>
line 1 column 7855 - Warning: discarding unexpected </smallcap>
line 1 column 7886 - Error: <smallcap> is not recognised!
line 1 column 7886 - Warning: discarding unexpected <smallcap>
line 1 column 7904 - Warning: discarding unexpected </smallcap>
line 1 column 8016 - Warning: inserting implicit <p>
line 1 column 9641 - Warning: inserting implicit <p>
line 1 column 10947 - Warning: inserting implicit <p>
line 1 column 13583 - Warning: inserting implicit <p>
line 1 column 16952 - Warning: inserting implicit <p>
line 1 column 19755 - Warning: inserting implicit <p>
line 1 column 20852 - Warning: inserting implicit <p>
line 1 column 23432 - Warning: inserting implicit <p>
line 1 column 25138 - Warning: inserting implicit <p>
line 1 column 25588 - Warning: inserting implicit <p>
line 1 column 28798 - Error: <smallcap> is not recognised!
line 1 column 28798 - Warning: discarding unexpected <smallcap>
line 1 column 28813 - Warning: discarding unexpected </smallcap>
line 1 column 31360 - Error: <smallcap> is not recognised!
line 1 column 31360 - Warning: discarding unexpected <smallcap>
line 1 column 31378 - Warning: discarding unexpected </smallcap>
line 1 column 31625 - Error: <smallcap> is not recognised!
line 1 column 31625 - Warning: discarding unexpected <smallcap>
line 1 column 31642 - Warning: discarding unexpected </smallcap>
This document has errors that must be fixed before
using HTML Tidy to generate a tidied up version.

tidy failed, copying HTML as-is
