line 1 column 41318 - Warning: inserting implicit <p>
line 1 column 53691 - Warning: inserting implicit <p>
line 1 column 54366 - Warning: inserting implicit <p>
line 1 column 61185 - Warning: inserting implicit <p>
line 1 column 66941 - Error: <quote> is not recognised!
line 1 column 66941 - Warning: discarding unexpected <quote>
line 1 column 67137 - Warning: discarding unexpected </quote>
line 1 column 67149 - Error: <quote> is not recognised!
line 1 column 67149 - Warning: discarding unexpected <quote>
line 1 column 67581 - Warning: discarding unexpected </quote>
line 1 column 67761 - Error: <quote> is not recognised!
line 1 column 67761 - Warning: discarding unexpected <quote>
line 1 column 67931 - Warning: discarding unexpected </quote>
line 1 column 67943 - Error: <quote> is not recognised!
line 1 column 67943 - Warning: discarding unexpected <quote>
line 1 column 68655 - Warning: discarding unexpected </quote>
line 1 column 68841 - Error: <quote> is not recognised!
line 1 column 68841 - Warning: discarding unexpected <quote>
line 1 column 69085 - Warning: discarding unexpected </quote>
This document has errors that must be fixed before
using HTML Tidy to generate a tidied up version.

tidy failed, copying HTML as-is
