line 1 column 1615 - Error: <subtitle> is not recognized!
line 1 column 1615 - Warning: discarding unexpected <subtitle>
line 1 column 1694 - Warning: discarding unexpected </subtitle>
line 1 column 5053 - Error: <ada> is not recognized!
line 1 column 5053 - Warning: discarding unexpected <ada>
line 1 column 5068 - Error: <occupation> is not recognized!
line 1 column 5068 - Warning: discarding unexpected <occupation>
line 1 column 5081 - Error: <computer> is not recognized!
line 1 column 5081 - Warning: discarding unexpected <computer>
line 1 column 5118 - Error: <occupation> is not recognized!
line 1 column 5118 - Warning: discarding unexpected <occupation>
line 1 column 21427 - Warning: nested emphasis <em>
line 1 column 21815 - Warning: nested emphasis <em>
line 1 column 22316 - Warning: nested emphasis <em>
line 1 column 22756 - Warning: nested emphasis <em>
line 1 column 23311 - Warning: nested emphasis <em>
line 1 column 23646 - Warning: nested emphasis <em>
line 1 column 24082 - Warning: nested emphasis <em>
line 1 column 24588 - Warning: nested emphasis <em>
line 1 column 24961 - Warning: nested emphasis <em>
line 1 column 25348 - Warning: nested emphasis <em>
line 1 column 8346 - Warning: <table> lacks "summary" attribute
line 1 column 13520 - Warning: <table> lacks "summary" attribute
line 1 column 6254 - Warning: <tt> element removed from HTML5
line 1 column 6312 - Warning: <tt> element removed from HTML5
line 1 column 6451 - Warning: <tt> element removed from HTML5
line 1 column 11947 - Warning: <tt> element removed from HTML5
line 1 column 1806 - Warning: <a> proprietary attribute "ref"
line 1 column 2167 - Warning: <a> proprietary attribute "ref"
line 1 column 21243 - Warning: <li> proprietary attribute "label"
line 1 column 21675 - Warning: <li> proprietary attribute "label"
line 1 column 22089 - Warning: <li> proprietary attribute "label"
line 1 column 22530 - Warning: <li> proprietary attribute "label"
line 1 column 23020 - Warning: <li> proprietary attribute "label"
line 1 column 23460 - Warning: <li> proprietary attribute "label"
line 1 column 23891 - Warning: <li> proprietary attribute "label"
line 1 column 24366 - Warning: <li> proprietary attribute "label"
line 1 column 24817 - Warning: <li> proprietary attribute "label"
line 1 column 25216 - Warning: <li> proprietary attribute "label"
This document has errors that must be fixed before
using HTML Tidy to generate a tidied up version.

tidy failed, copying HTML as-is
