line 1 column 3340 - Error: <smallcap> is not recognised!
line 1 column 3340 - Warning: discarding unexpected <smallcap>
line 1 column 3361 - Warning: discarding unexpected </smallcap>
line 1 column 3705 - Error: <smallcap> is not recognised!
line 1 column 3705 - Warning: discarding unexpected <smallcap>
line 1 column 3726 - Warning: discarding unexpected </smallcap>
line 1 column 5868 - Warning: nested emphasis <em>
line 1 column 6215 - Error: <smallcap> is not recognised!
line 1 column 6215 - Warning: discarding unexpected <smallcap>
line 1 column 6236 - Warning: discarding unexpected </smallcap>
line 1 column 6394 - Warning: inserting implicit <p>
line 1 column 10292 - Error: <smallcap> is not recognised!
line 1 column 10292 - Warning: discarding unexpected <smallcap>
line 1 column 10313 - Warning: discarding unexpected </smallcap>
line 1 column 11740 - Error: <smallcap> is not recognised!
line 1 column 11740 - Warning: discarding unexpected <smallcap>
line 1 column 11761 - Warning: discarding unexpected </smallcap>
This document has errors that must be fixed before
using HTML Tidy to generate a tidied up version.

tidy failed, copying HTML as-is
