line 1 column 26730 - Warning: inserting implicit <p>
line 1 column 29380 - Warning: inserting implicit <p>
line 1 column 39501 - Warning: inserting implicit <p>
line 1 column 45170 - Warning: inserting implicit <p>
line 1 column 49276 - Warning: inserting implicit <p>
line 1 column 50733 - Warning: inserting implicit <p>
line 1 column 51870 - Warning: inserting implicit <p>
line 1 column 54415 - Warning: inserting implicit <p>
line 1 column 57575 - Error: <smallcap> is not recognized!
line 1 column 57575 - Warning: discarding unexpected <smallcap>
line 1 column 57589 - Warning: discarding unexpected </smallcap>
line 1 column 57695 - Error: <smallcap> is not recognized!
line 1 column 57695 - Warning: discarding unexpected <smallcap>
line 1 column 57712 - Warning: discarding unexpected </smallcap>
line 1 column 57914 - Error: <smallcap> is not recognized!
line 1 column 57914 - Warning: discarding unexpected <smallcap>
line 1 column 57932 - Warning: discarding unexpected </smallcap>
line 1 column 57944 - Error: <smallcap> is not recognized!
line 1 column 57944 - Warning: discarding unexpected <smallcap>
line 1 column 57955 - Warning: discarding unexpected </smallcap>
line 1 column 57988 - Error: <smallcap> is not recognized!
line 1 column 57988 - Warning: discarding unexpected <smallcap>
line 1 column 58006 - Warning: discarding unexpected </smallcap>
This document has errors that must be fixed before
using HTML Tidy to generate a tidied up version.

tidy failed, copying HTML as-is
