line 1 column 4111 - Error: <smallcap> is not recognized!
line 1 column 4111 - Warning: discarding unexpected <smallcap>
line 1 column 4130 - Warning: discarding unexpected </smallcap>
line 1 column 12318 - Warning: inserting implicit <p>
line 1 column 13006 - Error: <smallcap> is not recognized!
line 1 column 13006 - Warning: discarding unexpected <smallcap>
line 1 column 13025 - Warning: discarding unexpected </smallcap>
line 1 column 13637 - Error: <smallcap> is not recognized!
line 1 column 13637 - Warning: discarding unexpected <smallcap>
line 1 column 13656 - Warning: discarding unexpected </smallcap>
line 1 column 14845 - Error: <smallcap> is not recognized!
line 1 column 14845 - Warning: discarding unexpected <smallcap>
line 1 column 14859 - Warning: discarding unexpected </smallcap>
line 1 column 28166 - Warning: nested emphasis <em>
line 1 column 28434 - Warning: nested emphasis <em>
line 1 column 30164 - Warning: inserting implicit <p>
line 1 column 31380 - Error: <smallcap> is not recognized!
line 1 column 31380 - Warning: discarding unexpected <smallcap>
line 1 column 31394 - Warning: discarding unexpected </smallcap>
This document has errors that must be fixed before
using HTML Tidy to generate a tidied up version.

tidy failed, copying HTML as-is
