line 1 column 22678 - Error: <smallcap> is not recognised!
line 1 column 22678 - Warning: discarding unexpected <smallcap>
line 1 column 22697 - Warning: discarding unexpected </smallcap>
line 1 column 22713 - Error: <smallcap> is not recognised!
line 1 column 22713 - Warning: discarding unexpected <smallcap>
line 1 column 22736 - Warning: discarding unexpected </smallcap>
line 1 column 23392 - Error: <smallcap> is not recognised!
line 1 column 23392 - Warning: discarding unexpected <smallcap>
line 1 column 23428 - Warning: discarding unexpected </smallcap>
line 1 column 25834 - Error: <smallcap> is not recognised!
line 1 column 25834 - Warning: discarding unexpected <smallcap>
line 1 column 25883 - Warning: discarding unexpected </smallcap>
line 1 column 25945 - Error: <smallcap> is not recognised!
line 1 column 25945 - Warning: discarding unexpected <smallcap>
line 1 column 25964 - Warning: discarding unexpected </smallcap>
line 1 column 34956 - Warning: inserting implicit <p>
line 1 column 37190 - Warning: inserting implicit <p>
line 1 column 38348 - Warning: inserting implicit <p>
line 1 column 39278 - Warning: inserting implicit <p>
line 1 column 40447 - Warning: inserting implicit <p>
This document has errors that must be fixed before
using HTML Tidy to generate a tidied up version.

tidy failed, copying HTML as-is
