line 1 column 13132 - Warning: inserting implicit <p>
line 1 column 24302 - Error: <smallcap> is not recognized!
line 1 column 24302 - Warning: discarding unexpected <smallcap>
line 1 column 24327 - Warning: discarding unexpected </smallcap>
line 1 column 25140 - Error: <smallcap> is not recognized!
line 1 column 25140 - Warning: discarding unexpected <smallcap>
line 1 column 25170 - Warning: discarding unexpected </smallcap>
line 1 column 26002 - Warning: discarding unexpected </tbody>
line 1 column 29229 - Error: <smallcap> is not recognized!
line 1 column 29229 - Warning: discarding unexpected <smallcap>
line 1 column 29248 - Warning: discarding unexpected </smallcap>
line 1 column 29329 - Error: <smallcap> is not recognized!
line 1 column 29329 - Warning: discarding unexpected <smallcap>
line 1 column 29345 - Warning: discarding unexpected </smallcap>
line 1 column 29363 - Warning: discarding unexpected </tdh>
line 1 column 41271 - Warning: inserting implicit <p>
line 1 column 43690 - Error: <smallcap> is not recognized!
line 1 column 43690 - Warning: discarding unexpected <smallcap>
line 1 column 43709 - Warning: discarding unexpected </smallcap>
This document has errors that must be fixed before
using HTML Tidy to generate a tidied up version.

tidy failed, copying HTML as-is
