line 1 column 11163 - Warning: inserting implicit <p>
line 1 column 12563 - Warning: inserting implicit <p>
line 1 column 13123 - Warning: inserting implicit <p>
line 1 column 21786 - Warning: nested emphasis <em>
line 1 column 22067 - Warning: nested emphasis <em>
line 1 column 22342 - Warning: nested emphasis <em>
line 1 column 22559 - Warning: nested emphasis <em>
line 1 column 22739 - Warning: nested emphasis <em>
line 1 column 23006 - Warning: nested emphasis <em>
line 1 column 23240 - Warning: nested emphasis <em>
line 1 column 23432 - Warning: nested emphasis <em>
line 1 column 23682 - Warning: nested emphasis <em>
line 1 column 15545 - Warning: <table> lacks "summary" attribute
line 1 column 8080 - Warning: <tt> element removed from HTML5
line 1 column 8119 - Warning: <tt> element removed from HTML5
line 1 column 21633 - Warning: <li> proprietary attribute "label"
line 1 column 21833 - Warning: <li> proprietary attribute "label"
line 1 column 22139 - Warning: <li> proprietary attribute "label"
line 1 column 22417 - Warning: <li> proprietary attribute "label"
line 1 column 22626 - Warning: <li> proprietary attribute "label"
line 1 column 22835 - Warning: <li> proprietary attribute "label"
line 1 column 23074 - Warning: <li> proprietary attribute "label"
line 1 column 23290 - Warning: <li> proprietary attribute "label"
line 1 column 23515 - Warning: <li> proprietary attribute "label"
