line 1 column 3941 - Error: <smallcap> is not recognized!
line 1 column 3941 - Warning: discarding unexpected <smallcap>
line 1 column 3958 - Warning: discarding unexpected </smallcap>
line 1 column 4079 - Error: <smallcap> is not recognized!
line 1 column 4079 - Warning: discarding unexpected <smallcap>
line 1 column 4096 - Warning: discarding unexpected </smallcap>
line 1 column 4281 - Warning: nested emphasis <em>
line 1 column 4322 - Warning: nested emphasis <em>
line 1 column 4370 - Error: <smallcap> is not recognized!
line 1 column 4370 - Warning: discarding unexpected <smallcap>
line 1 column 4387 - Warning: discarding unexpected </smallcap>
line 1 column 10948 - Error: <smallcap> is not recognized!
line 1 column 10948 - Warning: discarding unexpected <smallcap>
line 1 column 10965 - Warning: discarding unexpected </smallcap>
line 1 column 11214 - Error: <smallcap> is not recognized!
line 1 column 11214 - Warning: discarding unexpected <smallcap>
line 1 column 11231 - Warning: discarding unexpected </smallcap>
line 1 column 11755 - Warning: inserting implicit <p>
This document has errors that must be fixed before
using HTML Tidy to generate a tidied up version.

tidy failed, copying HTML as-is
