line 1 column 25441 - Error: <quote> is not recognised!
line 1 column 25441 - Warning: discarding unexpected <quote>
line 1 column 25739 - Warning: discarding unexpected </quote>
line 1 column 28115 - Error: <quote> is not recognised!
line 1 column 28115 - Warning: discarding unexpected <quote>
line 1 column 28323 - Warning: discarding unexpected </quote>
line 1 column 37881 - Warning: nested emphasis <em>
line 1 column 38361 - Warning: nested emphasis <em>
line 1 column 38577 - Warning: nested emphasis <em>
line 1 column 38860 - Warning: nested emphasis <em>
line 1 column 39310 - Warning: nested emphasis <em>
line 1 column 39509 - Warning: nested emphasis <em>
line 1 column 40214 - Warning: nested emphasis <em>
line 1 column 40623 - Warning: nested emphasis <em>
line 1 column 41018 - Warning: nested emphasis <em>
line 1 column 41440 - Warning: nested emphasis <em>
line 1 column 41979 - Warning: nested emphasis <em>
line 1 column 42416 - Warning: nested emphasis <em>
line 1 column 42646 - Warning: nested emphasis <em>
line 1 column 42891 - Warning: nested emphasis <em>
line 1 column 43314 - Warning: nested emphasis <em>
line 1 column 43905 - Warning: nested emphasis <em>
line 1 column 44517 - Warning: nested emphasis <em>
line 1 column 45130 - Warning: nested emphasis <em>
line 1 column 45747 - Warning: nested emphasis <em>
line 1 column 46200 - Warning: nested emphasis <em>
line 1 column 46822 - Warning: nested emphasis <em>
line 1 column 47079 - Warning: nested emphasis <em>
line 1 column 47648 - Warning: nested emphasis <em>
line 1 column 48174 - Warning: nested emphasis <em>
line 1 column 48491 - Warning: nested emphasis <em>
line 1 column 48904 - Warning: nested emphasis <em>
line 1 column 49336 - Warning: nested emphasis <em>
line 1 column 49763 - Warning: nested emphasis <em>
line 1 column 50061 - Warning: nested emphasis <em>
line 1 column 1735 - Warning: <a> proprietary attribute "ref"
line 1 column 34967 - Warning: <li> proprietary attribute "label"
line 1 column 35177 - Warning: <li> proprietary attribute "label"
line 1 column 35293 - Warning: <li> proprietary attribute "label"
line 1 column 37688 - Warning: <li> proprietary attribute "label"
line 1 column 38206 - Warning: <li> proprietary attribute "label"
line 1 column 38472 - Warning: <li> proprietary attribute "label"
line 1 column 38688 - Warning: <li> proprietary attribute "label"
line 1 column 39190 - Warning: <li> proprietary attribute "label"
line 1 column 39396 - Warning: <li> proprietary attribute "label"
line 1 column 39596 - Warning: <li> proprietary attribute "label"
line 1 column 40073 - Warning: <li> proprietary attribute "label"
line 1 column 40297 - Warning: <li> proprietary attribute "label"
line 1 column 40886 - Warning: <li> proprietary attribute "label"
line 1 column 41258 - Warning: <li> proprietary attribute "label"
line 1 column 41803 - Warning: <li> proprietary attribute "label"
line 1 column 42233 - Warning: <li> proprietary attribute "label"
line 1 column 42507 - Warning: <li> proprietary attribute "label"
line 1 column 42759 - Warning: <li> proprietary attribute "label"
line 1 column 43141 - Warning: <li> proprietary attribute "label"
line 1 column 43732 - Warning: <li> proprietary attribute "label"
line 1 column 44323 - Warning: <li> proprietary attribute "label"
line 1 column 44889 - Warning: <li> proprietary attribute "label"
line 1 column 45460 - Warning: <li> proprietary attribute "label"
line 1 column 46022 - Warning: <li> proprietary attribute "label"
line 1 column 46419 - Warning: <li> proprietary attribute "label"
line 1 column 46694 - Warning: <li> proprietary attribute "label"
line 1 column 46897 - Warning: <li> proprietary attribute "label"
line 1 column 47350 - Warning: <li> proprietary attribute "label"
line 1 column 47537 - Warning: <li> proprietary attribute "label"
line 1 column 47955 - Warning: <li> proprietary attribute "label"
line 1 column 48411 - Warning: <li> proprietary attribute "label"
line 1 column 48597 - Warning: <li> proprietary attribute "label"
line 1 column 49131 - Warning: <li> proprietary attribute "label"
line 1 column 49574 - Warning: <li> proprietary attribute "label"
line 1 column 49975 - Warning: <li> proprietary attribute "label"
This document has errors that must be fixed before
using HTML Tidy to generate a tidied up version.

tidy failed, copying HTML as-is
