line 1 column 5346 - Warning: inserting implicit <p>
line 1 column 18562 - Warning: <p2> missing '>' for end of tag
line 1 column 18562 - Error: <p2> is not recognized!
line 1 column 18562 - Warning: discarding unexpected <p2>
line 1 column 18569 - Error: <p3> is not recognized!
line 1 column 18569 - Warning: discarding unexpected <p3>
line 1 column 21594 - Warning: nested emphasis <em>
line 1 column 21803 - Warning: nested emphasis <em>
line 1 column 22015 - Warning: nested emphasis <em>
line 1 column 22185 - Warning: nested emphasis <em>
line 1 column 22351 - Warning: nested emphasis <em>
line 1 column 22506 - Warning: nested emphasis <em>
line 1 column 12232 - Warning: <table> lacks "summary" attribute
line 1 column 19147 - Warning: <table> lacks "summary" attribute
line 1 column 20002 - Warning: <table> lacks "summary" attribute
line 1 column 6544 - Warning: <li> proprietary attribute "label"
line 1 column 7251 - Warning: <li> proprietary attribute "label"
line 1 column 7961 - Warning: <li> proprietary attribute "label"
line 1 column 14843 - Warning: <li> proprietary attribute "label"
line 1 column 14990 - Warning: <li> proprietary attribute "label"
line 1 column 21486 - Warning: <li> proprietary attribute "label"
line 1 column 21625 - Warning: <li> proprietary attribute "label"
line 1 column 21854 - Warning: <li> proprietary attribute "label"
line 1 column 22046 - Warning: <li> proprietary attribute "label"
line 1 column 22216 - Warning: <li> proprietary attribute "label"
line 1 column 22382 - Warning: <li> proprietary attribute "label"
This document has errors that must be fixed before
using HTML Tidy to generate a tidied up version.

tidy failed, copying HTML as-is
