line 1 column 1601 - Error: <subtitle> is not recognised!
line 1 column 1601 - Warning: discarding unexpected <subtitle>
line 1 column 1674 - Warning: discarding unexpected </subtitle>
line 1 column 3941 - Warning: missing </small> before <ol>
line 1 column 4014 - Warning: inserting implicit <small>
line 1 column 4539 - Warning: inserting implicit <small>
line 1 column 4834 - Warning: inserting implicit <small>
line 1 column 5101 - Warning: inserting implicit <small>
line 1 column 5345 - Warning: discarding unexpected </small>
line 1 column 5357 - Warning: inserting implicit <p>
line 1 column 7536 - Warning: nested emphasis <em>
line 1 column 7883 - Warning: nested emphasis <em>
line 1 column 8197 - Warning: nested emphasis <em>
line 1 column 8535 - Warning: nested emphasis <em>
line 1 column 1784 - Warning: <a> proprietary attribute "ref"
line 1 column 3987 - Warning: <li> proprietary attribute "label"
line 1 column 4512 - Warning: <li> proprietary attribute "label"
line 1 column 4807 - Warning: <li> proprietary attribute "label"
line 1 column 5074 - Warning: <li> proprietary attribute "label"
line 1 column 6951 - Warning: <li> proprietary attribute "label"
line 1 column 7119 - Warning: <li> proprietary attribute "label"
line 1 column 7293 - Warning: <li> proprietary attribute "label"
line 1 column 7624 - Warning: <li> proprietary attribute "label"
line 1 column 7953 - Warning: <li> proprietary attribute "label"
line 1 column 8289 - Warning: <li> proprietary attribute "label"
This document has errors that must be fixed before
using HTML Tidy to generate a tidied up version.

tidy failed, copying HTML as-is
