line 1 column 31959 - Warning: inserting implicit <p>
line 1 column 33252 - Warning: inserting implicit <p>
line 1 column 34193 - Warning: inserting implicit <p>
line 1 column 35377 - Warning: inserting implicit <p>
line 1 column 37995 - Warning: inserting implicit <p>
line 1 column 39514 - Warning: inserting implicit <p>
line 1 column 40366 - Warning: inserting implicit <p>
line 1 column 42139 - Warning: inserting implicit <p>
line 1 column 46085 - Warning: inserting implicit <p>
line 1 column 47114 - Warning: inserting implicit <p>
line 1 column 49913 - Warning: inserting implicit <p>
line 1 column 50235 - Error: <smallcap> is not recognised!
line 1 column 50235 - Warning: discarding unexpected <smallcap>
line 1 column 50249 - Warning: discarding unexpected </smallcap>
line 1 column 50850 - Error: <smallcap> is not recognised!
line 1 column 50850 - Warning: discarding unexpected <smallcap>
line 1 column 50870 - Warning: discarding unexpected </smallcap>
line 1 column 51325 - Error: <smallcap> is not recognised!
line 1 column 51325 - Warning: discarding unexpected <smallcap>
line 1 column 51349 - Warning: discarding unexpected </smallcap>
line 1 column 51803 - Error: <smallcap> is not recognised!
line 1 column 51803 - Warning: discarding unexpected <smallcap>
line 1 column 51831 - Warning: discarding unexpected </smallcap>
line 1 column 52286 - Error: <smallcap> is not recognised!
line 1 column 52286 - Warning: discarding unexpected <smallcap>
line 1 column 52313 - Warning: discarding unexpected </smallcap>
This document has errors that must be fixed before
using HTML Tidy to generate a tidied up version.

tidy failed, copying HTML as-is
