line 1 column 1717 - Error: <subtitle> is not recognised!
line 1 column 1717 - Warning: discarding unexpected <subtitle>
line 1 column 1747 - Warning: discarding unexpected </subtitle>
line 1 column 8609 - Error: <quote> is not recognised!
line 1 column 8609 - Warning: discarding unexpected <quote>
line 1 column 8985 - Warning: discarding unexpected </quote>
line 1 column 25796 - Warning: inserting implicit <p>
line 1 column 31441 - Error: <quote> is not recognised!
line 1 column 31441 - Warning: discarding unexpected <quote>
line 1 column 31704 - Warning: discarding unexpected </quote>
line 1 column 32543 - Error: <quote> is not recognised!
line 1 column 32543 - Warning: discarding unexpected <quote>
line 1 column 32848 - Warning: discarding unexpected </quote>
line 1 column 37223 - Warning: inserting implicit <p>
line 1 column 5986 - Warning: <font> element removed from HTML5
line 1 column 38522 - Warning: <font> element removed from HTML5
line 1 column 25232 - Warning: <li> proprietary attribute "label"
line 1 column 25315 - Warning: <li> proprietary attribute "label"
line 1 column 25486 - Warning: <li> proprietary attribute "label"
line 1 column 25575 - Warning: <li> proprietary attribute "label"
line 1 column 25697 - Warning: <li> proprietary attribute "label"
line 1 column 34770 - Warning: <li> proprietary attribute "label"
line 1 column 35189 - Warning: <li> proprietary attribute "label"
line 1 column 35333 - Warning: <li> proprietary attribute "label"
line 1 column 35545 - Warning: <li> proprietary attribute "label"
line 1 column 35730 - Warning: <li> proprietary attribute "label"
line 1 column 35907 - Warning: <li> proprietary attribute "label"
line 1 column 36248 - Warning: <li> proprietary attribute "label"
line 1 column 36378 - Warning: <li> proprietary attribute "label"
line 1 column 36676 - Warning: <li> proprietary attribute "label"
line 1 column 36868 - Warning: <li> proprietary attribute "label"
line 1 column 38035 - Warning: <li> proprietary attribute "label"
line 1 column 38451 - Warning: <li> proprietary attribute "label"
line 1 column 38844 - Warning: <li> proprietary attribute "label"
line 1 column 39042 - Warning: <li> proprietary attribute "label"
line 1 column 39354 - Warning: <li> proprietary attribute "label"
line 1 column 39795 - Warning: <li> proprietary attribute "label"
line 1 column 40104 - Warning: <li> proprietary attribute "label"
line 1 column 40443 - Warning: <li> proprietary attribute "label"
line 1 column 40605 - Warning: <li> proprietary attribute "label"
line 1 column 40879 - Warning: <li> proprietary attribute "label"
line 1 column 41174 - Warning: <li> proprietary attribute "label"
line 1 column 41400 - Warning: <li> proprietary attribute "label"
line 1 column 41710 - Warning: <li> proprietary attribute "label"
line 1 column 41915 - Warning: <li> proprietary attribute "label"
line 1 column 42150 - Warning: <li> proprietary attribute "label"
line 1 column 42442 - Warning: <li> proprietary attribute "label"
line 1 column 42793 - Warning: <li> proprietary attribute "label"
line 1 column 43343 - Warning: <li> proprietary attribute "label"
line 1 column 43761 - Warning: <li> proprietary attribute "label"
line 1 column 43963 - Warning: <li> proprietary attribute "label"
line 1 column 44314 - Warning: <li> proprietary attribute "label"
line 1 column 44655 - Warning: <li> proprietary attribute "label"
line 1 column 44859 - Warning: <li> proprietary attribute "label"
line 1 column 45137 - Warning: <li> proprietary attribute "label"
line 1 column 45358 - Warning: <li> proprietary attribute "label"
line 1 column 45598 - Warning: <li> proprietary attribute "label"
line 1 column 45816 - Warning: <li> proprietary attribute "label"
line 1 column 46176 - Warning: <li> proprietary attribute "label"
line 1 column 46540 - Warning: <li> proprietary attribute "label"
line 1 column 47012 - Warning: <li> proprietary attribute "label"
line 1 column 47338 - Warning: <li> proprietary attribute "label"
line 1 column 47876 - Warning: <li> proprietary attribute "label"
This document has errors that must be fixed before
using HTML Tidy to generate a tidied up version.

tidy failed, copying HTML as-is
