line 1 column 3070 - Error: <smallcap> is not recognised!
line 1 column 3070 - Warning: discarding unexpected <smallcap>
line 1 column 3088 - Warning: discarding unexpected </smallcap>
line 1 column 10490 - Error: <smallcap> is not recognised!
line 1 column 10490 - Warning: discarding unexpected <smallcap>
line 1 column 10508 - Warning: discarding unexpected </smallcap>
line 1 column 15684 - Warning: inserting implicit <p>
line 1 column 17266 - Error: <smallcap> is not recognised!
line 1 column 17266 - Warning: discarding unexpected <smallcap>
line 1 column 17281 - Warning: discarding unexpected </smallcap>
line 1 column 19824 - Warning: inserting implicit <p>
line 1 column 20794 - Warning: inserting implicit <p>
line 1 column 27875 - Error: <smallcap> is not recognised!
line 1 column 27875 - Warning: discarding unexpected <smallcap>
line 1 column 27893 - Warning: discarding unexpected </smallcap>
line 1 column 27958 - Error: <smallcap> is not recognised!
line 1 column 27958 - Warning: discarding unexpected <smallcap>
line 1 column 27976 - Warning: discarding unexpected </smallcap>
This document has errors that must be fixed before
using HTML Tidy to generate a tidied up version.

tidy failed, copying HTML as-is
