line 1 column 6844 - Warning: inserting implicit <p>
line 1 column 7625 - Warning: inserting implicit <p>
line 1 column 10501 - Warning: inserting implicit <p>
line 1 column 12392 - Warning: inserting implicit <p>
line 1 column 22719 - Warning: nested emphasis <em>
line 1 column 22877 - Warning: nested emphasis <em>
line 1 column 23066 - Warning: nested emphasis <em>
line 1 column 23250 - Warning: nested emphasis <em>
line 1 column 23423 - Warning: nested emphasis <em>
line 1 column 23585 - Warning: nested emphasis <em>
line 1 column 13755 - Warning: <table> lacks "summary" attribute
line 1 column 17923 - Warning: <table> lacks "summary" attribute
line 1 column 5372 - Warning: <tt> element removed from HTML5
line 1 column 5501 - Warning: <tt> element removed from HTML5
line 1 column 8982 - Warning: <tt> element removed from HTML5
line 1 column 9295 - Warning: <tt> element removed from HTML5
line 1 column 22599 - Warning: <li> proprietary attribute "label"
line 1 column 22768 - Warning: <li> proprietary attribute "label"
line 1 column 22948 - Warning: <li> proprietary attribute "label"
line 1 column 23115 - Warning: <li> proprietary attribute "label"
line 1 column 23298 - Warning: <li> proprietary attribute "label"
line 1 column 23471 - Warning: <li> proprietary attribute "label"
