--2018-05-16 14:20:48--  http://delivery.acm.org/10.1145/3190000/3186119/p529-gupta.html?ip=24.48.71.56&id=3186119&acc=OPENTOC&key=4D4702B0C3E38B35%2E4D4702B0C3E38B35%2E4D4702B0C3E38B35%2E4DD68F0663C025AA&__acm__=1526495148_d2399158ca7de49d937880d401a2c3f4
Resolving delivery.acm.org (delivery.acm.org)... 24.200.120.82, 24.200.120.90
Connecting to delivery.acm.org (delivery.acm.org)|24.200.120.82|:80... connected.
HTTP request sent, awaiting response... 200 OK
Length: 101076 (99K) [text/html]
Saving to: ‘../data/delivery.acm.org/10.1145/3190000/3186119/p529-gupta.html?ip=24.48.71.56&id=3186119&acc=OPENTOC&key=4D4702B0C3E38B35.4D4702B0C3E38B35.4D4702B0C3E38B35.4DD68F0663C025AA&__acm__=1526495148_d2399158ca7de49d937880d401a2c3f4’

     0K .......... .......... .......... .......... .......... 50% 2.01M 0s
    50K .......... .......... .......... .......... ........  100% 4.05M=0.04s

2018-05-16 14:20:48 (2.67 MB/s) - ‘../data/delivery.acm.org/10.1145/3190000/3186119/p529-gupta.html?ip=24.48.71.56&id=3186119&acc=OPENTOC&key=4D4702B0C3E38B35.4D4702B0C3E38B35.4D4702B0C3E38B35.4DD68F0663C025AA&__acm__=1526495148_d2399158ca7de49d937880d401a2c3f4’ saved [101076/101076]

--2018-05-16 14:20:48--  http://deliveryimages.acm.org/10.1145/3190000/3186119/images/www2018-128-fig1.jpg
Resolving deliveryimages.acm.org (deliveryimages.acm.org)... 104.17.79.191, 104.17.80.191
Connecting to deliveryimages.acm.org (deliveryimages.acm.org)|104.17.79.191|:80... connected.
HTTP request sent, awaiting response... 301 Moved Permanently
Location: https://deliveryimages.acm.org/10.1145/3190000/3186119/images/www2018-128-fig1.jpg [following]
--2018-05-16 14:20:48--  https://deliveryimages.acm.org/10.1145/3190000/3186119/images/www2018-128-fig1.jpg
Connecting to deliveryimages.acm.org (deliveryimages.acm.org)|104.17.79.191|:443... connected.
HTTP request sent, awaiting response... 200 OK
Length: 1092650 (1.0M) [image/jpeg]
Saving to: ‘../data/deliveryimages.acm.org/10.1145/3190000/3186119/images/www2018-128-fig1.jpg’

     0K .......... .......... .......... .......... ..........  4% 1.71M 1s
    50K .......... .......... .......... .......... ..........  9% 3.03M 0s
   100K .......... .......... .......... .......... .......... 14% 4.19M 0s
   150K .......... .......... .......... .......... .......... 18% 3.67M 0s
   200K .......... .......... .......... .......... .......... 23% 4.26M 0s
   250K .......... .......... .......... .......... .......... 28% 4.48M 0s
   300K .......... .......... .......... .......... .......... 32% 3.24M 0s
   350K .......... .......... .......... .......... .......... 37% 4.12M 0s
   400K .......... .......... .......... .......... .......... 42% 2.93M 0s
   450K .......... .......... .......... .......... .......... 46%  188K 0s
   500K .......... .......... .......... .......... .......... 51% 2.37M 0s
   550K .......... .......... .......... .......... .......... 56% 7.47M 0s
   600K .......... .......... .......... .......... .......... 60% 3.18M 0s
   650K .......... .......... .......... .......... .......... 65% 4.40M 0s
   700K .......... .......... .......... .......... .......... 70% 4.81M 0s
   750K .......... .......... .......... .......... .......... 74% 2.55M 0s
   800K .......... .......... .......... .......... .......... 79% 18.3M 0s
   850K .......... .......... .......... .......... .......... 84% 4.46M 0s
   900K .......... .......... .......... .......... .......... 89% 3.35M 0s
   950K .......... .......... .......... .......... .......... 93% 4.97M 0s
  1000K .......... .......... .......... .......... .......... 98% 5.10M 0s
  1050K .......... .......                                    100% 7.84M=0.5s

2018-05-16 14:20:49 (1.95 MB/s) - ‘../data/deliveryimages.acm.org/10.1145/3190000/3186119/images/www2018-128-fig1.jpg’ saved [1092650/1092650]

--2018-05-16 14:20:49--  http://deliveryimages.acm.org/10.1145/3190000/3186119/images/www2018-128-fig2.jpg
Connecting to deliveryimages.acm.org (deliveryimages.acm.org)|104.17.79.191|:80... connected.
HTTP request sent, awaiting response... 301 Moved Permanently
Location: https://deliveryimages.acm.org/10.1145/3190000/3186119/images/www2018-128-fig2.jpg [following]
--2018-05-16 14:20:49--  https://deliveryimages.acm.org/10.1145/3190000/3186119/images/www2018-128-fig2.jpg
Connecting to deliveryimages.acm.org (deliveryimages.acm.org)|104.17.79.191|:443... connected.
HTTP request sent, awaiting response... 200 OK
Length: 1318984 (1.3M) [image/jpeg]
Saving to: ‘../data/deliveryimages.acm.org/10.1145/3190000/3186119/images/www2018-128-fig2.jpg’

     0K .......... .......... .......... .......... ..........  3% 1.34M 1s
    50K .......... .......... .......... .......... ..........  7% 1.32M 1s
   100K .......... .......... .......... .......... .......... 11% 7.49M 1s
   150K .......... .......... .......... .......... .......... 15% 4.49M 0s
   200K .......... .......... .......... .......... .......... 19% 4.42M 0s
   250K .......... .......... .......... .......... .......... 23% 5.21M 0s
   300K .......... .......... .......... .......... .......... 27% 4.53M 0s
   350K .......... .......... .......... .......... .......... 31% 2.98M 0s
   400K .......... .......... .......... .......... .......... 34% 4.73M 0s
   450K .......... .......... .......... .......... .......... 38% 4.36M 0s
   500K .......... .......... .......... .......... .......... 42% 4.30M 0s
   550K .......... .......... .......... .......... .......... 46% 3.91M 0s
   600K .......... .......... .......... .......... .......... 50% 3.92M 0s
   650K .......... .......... .......... .......... .......... 54% 4.77M 0s
   700K .......... .......... .......... .......... .......... 58% 3.89M 0s
   750K .......... .......... .......... .......... .......... 62% 3.27M 0s
   800K .......... .......... .......... .......... .......... 65% 3.31M 0s
   850K .......... .......... .......... .......... .......... 69% 5.31M 0s
   900K .......... .......... .......... .......... .......... 73% 3.08M 0s
   950K .......... .......... .......... .......... .......... 77% 8.81M 0s
  1000K .......... .......... .......... .......... .......... 81% 3.45M 0s
  1050K .......... .......... .......... .......... .......... 85% 4.92M 0s
  1100K .......... .......... .......... .......... .......... 89% 4.47M 0s
  1150K .......... .......... .......... .......... .......... 93% 3.27M 0s
  1200K .......... .......... .......... .......... .......... 97% 2.24M 0s
  1250K .......... .......... .......... ........             100% 32.3M=0.4s

2018-05-16 14:20:49 (3.57 MB/s) - ‘../data/deliveryimages.acm.org/10.1145/3190000/3186119/images/www2018-128-fig2.jpg’ saved [1318984/1318984]

--2018-05-16 14:20:49--  http://deliveryimages.acm.org/10.1145/3190000/3186119/images/www2018-128-fig3.jpg
Connecting to deliveryimages.acm.org (deliveryimages.acm.org)|104.17.79.191|:80... connected.
HTTP request sent, awaiting response... 301 Moved Permanently
Location: https://deliveryimages.acm.org/10.1145/3190000/3186119/images/www2018-128-fig3.jpg [following]
--2018-05-16 14:20:49--  https://deliveryimages.acm.org/10.1145/3190000/3186119/images/www2018-128-fig3.jpg
Connecting to deliveryimages.acm.org (deliveryimages.acm.org)|104.17.79.191|:443... connected.
HTTP request sent, awaiting response... 200 OK
Length: 1545631 (1.5M) [image/jpeg]
Saving to: ‘../data/deliveryimages.acm.org/10.1145/3190000/3186119/images/www2018-128-fig3.jpg’

     0K .......... .......... .......... .......... ..........  3% 1.71M 1s
    50K .......... .......... .......... .......... ..........  6% 3.87M 1s
   100K .......... .......... .......... .......... ..........  9% 4.14M 0s
   150K .......... .......... .......... .......... .......... 13% 3.12M 0s
   200K .......... .......... .......... .......... .......... 16% 4.97M 0s
   250K .......... .......... .......... .......... .......... 19% 2.61M 0s
   300K .......... .......... .......... .......... .......... 23% 9.10M 0s
   350K .......... .......... .......... .......... .......... 26% 2.72M 0s
   400K .......... .......... .......... .......... .......... 29% 5.25M 0s
   450K .......... .......... .......... .......... .......... 33% 4.91M 0s
   500K .......... .......... .......... .......... .......... 36% 4.01M 0s
   550K .......... .......... .......... .......... .......... 39% 4.37M 0s
   600K .......... .......... .......... .......... .......... 43% 3.80M 0s
   650K .......... .......... .......... .......... .......... 46% 4.01M 0s
   700K .......... .......... .......... .......... .......... 49% 3.92M 0s
   750K .......... .......... .......... .......... .......... 53% 3.73M 0s
   800K .......... .......... .......... .......... .......... 56% 3.66M 0s
   850K .......... .......... .......... .......... .......... 59% 2.65M 0s
   900K .......... .......... .......... .......... .......... 62% 13.8M 0s
   950K .......... .......... .......... .......... .......... 66% 4.17M 0s
  1000K .......... .......... .......... .......... .......... 69% 3.74M 0s
  1050K .......... .......... .......... .......... .......... 72% 5.08M 0s
  1100K .......... .......... .......... .......... .......... 76% 4.31M 0s
  1150K .......... .......... .......... .......... .......... 79% 3.11M 0s
  1200K .......... .......... .......... .......... .......... 82% 2.81M 0s
  1250K .......... .......... .......... .......... .......... 86% 9.28M 0s
  1300K .......... .......... .......... .......... .......... 89% 4.43M 0s
  1350K .......... .......... .......... .......... .......... 92% 3.98M 0s
  1400K .......... .......... .......... .......... .......... 96% 2.46M 0s
  1450K .......... .......... .......... .......... .......... 99% 8.86M 0s
  1500K .........                                             100%  117M=0.4s

2018-05-16 14:20:50 (3.86 MB/s) - ‘../data/deliveryimages.acm.org/10.1145/3190000/3186119/images/www2018-128-fig3.jpg’ saved [1545631/1545631]

--2018-05-16 14:20:50--  http://deliveryimages.acm.org/10.1145/3190000/3186119/images/www2018-128-fig4.jpg
Connecting to deliveryimages.acm.org (deliveryimages.acm.org)|104.17.79.191|:80... connected.
HTTP request sent, awaiting response... 301 Moved Permanently
Location: https://deliveryimages.acm.org/10.1145/3190000/3186119/images/www2018-128-fig4.jpg [following]
--2018-05-16 14:20:50--  https://deliveryimages.acm.org/10.1145/3190000/3186119/images/www2018-128-fig4.jpg
Connecting to deliveryimages.acm.org (deliveryimages.acm.org)|104.17.79.191|:443... connected.
HTTP request sent, awaiting response... 200 OK
Length: 853473 (833K) [image/jpeg]
Saving to: ‘../data/deliveryimages.acm.org/10.1145/3190000/3186119/images/www2018-128-fig4.jpg’

     0K .......... .......... .......... .......... ..........  5% 1.63M 0s
    50K .......... .......... .......... .......... .......... 11% 2.95M 0s
   100K .......... .......... .......... .......... .......... 17% 3.43M 0s
   150K .......... .......... .......... .......... .......... 23% 3.68M 0s
   200K .......... .......... .......... .......... .......... 29% 3.09M 0s
   250K .......... .......... .......... .......... .......... 35% 5.51M 0s
   300K .......... .......... .......... .......... .......... 41% 4.04M 0s
   350K .......... .......... .......... .......... .......... 47% 2.53M 0s
   400K .......... .......... .......... .......... .......... 53% 2.91M 0s
   450K .......... .......... .......... .......... .......... 59% 3.96M 0s
   500K .......... .......... .......... .......... .......... 65% 4.28M 0s
   550K .......... .......... .......... .......... .......... 71% 3.81M 0s
   600K .......... .......... .......... .......... .......... 77% 2.51M 0s
   650K .......... .......... .......... .......... .......... 83% 4.65M 0s
   700K .......... .......... .......... .......... .......... 89% 2.14M 0s
   750K .......... .......... .......... .......... .......... 95% 3.53M 0s
   800K .......... .......... .......... ...                  100% 7.39M=0.3s

2018-05-16 14:20:51 (3.20 MB/s) - ‘../data/deliveryimages.acm.org/10.1145/3190000/3186119/images/www2018-128-fig4.jpg’ saved [853473/853473]

--2018-05-16 14:20:51--  http://deliveryimages.acm.org/10.1145/3190000/3186119/images/www2018-128-fig5.jpg
Connecting to deliveryimages.acm.org (deliveryimages.acm.org)|104.17.79.191|:80... connected.
HTTP request sent, awaiting response... 301 Moved Permanently
Location: https://deliveryimages.acm.org/10.1145/3190000/3186119/images/www2018-128-fig5.jpg [following]
--2018-05-16 14:20:51--  https://deliveryimages.acm.org/10.1145/3190000/3186119/images/www2018-128-fig5.jpg
Connecting to deliveryimages.acm.org (deliveryimages.acm.org)|104.17.79.191|:443... connected.
HTTP request sent, awaiting response... 200 OK
Length: 1025548 (1002K) [image/jpeg]
Saving to: ‘../data/deliveryimages.acm.org/10.1145/3190000/3186119/images/www2018-128-fig5.jpg’

     0K .......... .......... .......... .......... ..........  4% 1.08M 1s
    50K .......... .......... .......... .......... ..........  9% 2.90M 1s
   100K .......... .......... .......... .......... .......... 14% 5.49M 0s
   150K .......... .......... .......... .......... .......... 19% 4.01M 0s
   200K .......... .......... .......... .......... .......... 24% 4.03M 0s
   250K .......... .......... .......... .......... .......... 29% 4.48M 0s
   300K .......... .......... .......... .......... .......... 34% 3.89M 0s
   350K .......... .......... .......... .......... .......... 39% 3.33M 0s
   400K .......... .......... .......... .......... .......... 44% 3.14M 0s
   450K .......... .......... .......... .......... .......... 49% 3.99M 0s
   500K .......... .......... .......... .......... .......... 54% 6.41M 0s
   550K .......... .......... .......... .......... .......... 59% 4.17M 0s
   600K .......... .......... .......... .......... .......... 64% 4.57M 0s
   650K .......... .......... .......... .......... .......... 69% 2.95M 0s
   700K .......... .......... .......... .......... .......... 74% 6.84M 0s
   750K .......... .......... .......... .......... .......... 79% 2.84M 0s
   800K .......... .......... .......... .......... .......... 84% 3.89M 0s
   850K .......... .......... .......... .......... .......... 89% 3.94M 0s
   900K .......... .......... .......... .......... .......... 94% 6.89M 0s
   950K .......... .......... .......... .......... .......... 99% 4.56M 0s
  1000K .                                                     100% 2883G=0.3s

2018-05-16 14:20:51 (3.56 MB/s) - ‘../data/deliveryimages.acm.org/10.1145/3190000/3186119/images/www2018-128-fig5.jpg’ saved [1025548/1025548]

--2018-05-16 14:20:51--  http://deliveryimages.acm.org/10.1145/3190000/3186119/images/www2018-128-fig6.jpg
Connecting to deliveryimages.acm.org (deliveryimages.acm.org)|104.17.79.191|:80... connected.
HTTP request sent, awaiting response... 301 Moved Permanently
Location: https://deliveryimages.acm.org/10.1145/3190000/3186119/images/www2018-128-fig6.jpg [following]
--2018-05-16 14:20:51--  https://deliveryimages.acm.org/10.1145/3190000/3186119/images/www2018-128-fig6.jpg
Connecting to deliveryimages.acm.org (deliveryimages.acm.org)|104.17.79.191|:443... connected.
HTTP request sent, awaiting response... 200 OK
Length: 914324 (893K) [image/jpeg]
Saving to: ‘../data/deliveryimages.acm.org/10.1145/3190000/3186119/images/www2018-128-fig6.jpg’

     0K .......... .......... .......... .......... ..........  5% 1.16M 1s
    50K .......... .......... .......... .......... .......... 11% 2.76M 0s
   100K .......... .......... .......... .......... .......... 16% 2.27M 0s
   150K .......... .......... .......... .......... .......... 22% 3.77M 0s
   200K .......... .......... .......... .......... .......... 27% 4.00M 0s
   250K .......... .......... .......... .......... .......... 33% 5.78M 0s
   300K .......... .......... .......... .......... .......... 39% 6.54M 0s
   350K .......... .......... .......... .......... .......... 44% 2.71M 0s
   400K .......... .......... .......... .......... .......... 50% 3.39M 0s
   450K .......... .......... .......... .......... .......... 55% 4.75M 0s
   500K .......... .......... .......... .......... .......... 61% 7.86M 0s
   550K .......... .......... .......... .......... .......... 67% 2.85M 0s
   600K .......... .......... .......... .......... .......... 72% 7.04M 0s
   650K .......... .......... .......... .......... .......... 78% 3.30M 0s
   700K .......... .......... .......... .......... .......... 83% 6.54M 0s
   750K .......... .......... .......... .......... .......... 89% 3.19M 0s
   800K .......... .......... .......... .......... .......... 95% 3.97M 0s
   850K .......... .......... .......... .......... ..        100% 6.40M=0.3s

2018-05-16 14:20:52 (3.46 MB/s) - ‘../data/deliveryimages.acm.org/10.1145/3190000/3186119/images/www2018-128-fig6.jpg’ saved [914324/914324]

--2018-05-16 14:20:52--  http://deliveryimages.acm.org/10.1145/3190000/3186119/images/www2018-128-img1.svg
Connecting to deliveryimages.acm.org (deliveryimages.acm.org)|104.17.79.191|:80... connected.
HTTP request sent, awaiting response... 301 Moved Permanently
Location: https://deliveryimages.acm.org/10.1145/3190000/3186119/images/www2018-128-img1.svg [following]
--2018-05-16 14:20:52--  https://deliveryimages.acm.org/10.1145/3190000/3186119/images/www2018-128-img1.svg
Connecting to deliveryimages.acm.org (deliveryimages.acm.org)|104.17.79.191|:443... connected.
HTTP request sent, awaiting response... 200 OK
Length: 128609 (126K) [image/svg+xml]
Saving to: ‘../data/deliveryimages.acm.org/10.1145/3190000/3186119/images/www2018-128-img1.svg’

     0K .......... .......... .......... .......... .......... 39%  947K 0s
    50K .......... .......... .......... .......... .......... 79% 1.54M 0s
   100K .......... .......... .....                           100% 3.25M=0.09s

2018-05-16 14:20:52 (1.33 MB/s) - ‘../data/deliveryimages.acm.org/10.1145/3190000/3186119/images/www2018-128-img1.svg’ saved [128609/128609]

--2018-05-16 14:20:52--  http://deliveryimages.acm.org/10.1145/3190000/3186119/images/www2018-128-fig7.jpg
Connecting to deliveryimages.acm.org (deliveryimages.acm.org)|104.17.79.191|:80... connected.
HTTP request sent, awaiting response... 301 Moved Permanently
Location: https://deliveryimages.acm.org/10.1145/3190000/3186119/images/www2018-128-fig7.jpg [following]
--2018-05-16 14:20:52--  https://deliveryimages.acm.org/10.1145/3190000/3186119/images/www2018-128-fig7.jpg
Connecting to deliveryimages.acm.org (deliveryimages.acm.org)|104.17.79.191|:443... connected.
HTTP request sent, awaiting response... 200 OK
Length: 1234811 (1.2M) [image/jpeg]
Saving to: ‘../data/deliveryimages.acm.org/10.1145/3190000/3186119/images/www2018-128-fig7.jpg’

     0K .......... .......... .......... .......... ..........  4% 1.67M 1s
    50K .......... .......... .......... .......... ..........  8% 2.28M 1s
   100K .......... .......... .......... .......... .......... 12% 3.96M 0s
   150K .......... .......... .......... .......... .......... 16% 2.57M 0s
   200K .......... .......... .......... .......... .......... 20% 1.25M 0s
   250K .......... .......... .......... .......... .......... 24% 4.00M 0s
   300K .......... .......... .......... .......... .......... 29% 3.59M 0s
   350K .......... .......... .......... .......... .......... 33% 3.97M 0s
   400K .......... .......... .......... .......... .......... 37% 3.54M 0s
   450K .......... .......... .......... .......... .......... 41% 1.54M 0s
   500K .......... .......... .......... .......... .......... 45%  146M 0s
   550K .......... .......... .......... .......... .......... 49% 3.81M 0s
   600K .......... .......... .......... .......... .......... 53% 3.02M 0s
   650K .......... .......... .......... .......... .......... 58% 7.16M 0s
   700K .......... .......... .......... .......... .......... 62% 4.77M 0s
   750K .......... .......... .......... .......... .......... 66% 2.86M 0s
   800K .......... .......... .......... .......... .......... 70% 10.2M 0s
   850K .......... .......... .......... .......... .......... 74% 3.60M 0s
   900K .......... .......... .......... .......... .......... 78% 25.2M 0s
   950K .......... .......... .......... .......... .......... 82% 4.36M 0s
  1000K .......... .......... .......... .......... .......... 87% 6.45M 0s
  1050K .......... .......... .......... .......... .......... 91% 3.23M 0s
  1100K .......... .......... .......... .......... .......... 95% 5.97M 0s
  1150K .......... .......... .......... .......... .......... 99% 8.91M 0s
  1200K .....                                                 100% 11196G=0.3s

2018-05-16 14:20:53 (3.50 MB/s) - ‘../data/deliveryimages.acm.org/10.1145/3190000/3186119/images/www2018-128-fig7.jpg’ saved [1234811/1234811]

--2018-05-16 14:20:53--  http://deliveryimages.acm.org/10.1145/3190000/3186119/images/www2018-128-fig8.jpg
Connecting to deliveryimages.acm.org (deliveryimages.acm.org)|104.17.79.191|:80... connected.
HTTP request sent, awaiting response... 301 Moved Permanently
Location: https://deliveryimages.acm.org/10.1145/3190000/3186119/images/www2018-128-fig8.jpg [following]
--2018-05-16 14:20:53--  https://deliveryimages.acm.org/10.1145/3190000/3186119/images/www2018-128-fig8.jpg
Connecting to deliveryimages.acm.org (deliveryimages.acm.org)|104.17.79.191|:443... connected.
HTTP request sent, awaiting response... 200 OK
Length: 1136347 (1.1M) [image/jpeg]
Saving to: ‘../data/deliveryimages.acm.org/10.1145/3190000/3186119/images/www2018-128-fig8.jpg’

     0K .......... .......... .......... .......... ..........  4% 1.14M 1s
    50K .......... .......... .......... .......... ..........  9% 5.91M 1s
   100K .......... .......... .......... .......... .......... 13% 2.82M 0s
   150K .......... .......... .......... .......... .......... 18% 4.01M 0s
   200K .......... .......... .......... .......... .......... 22% 4.13M 0s
   250K .......... .......... .......... .......... .......... 27% 3.79M 0s
   300K .......... .......... .......... .......... .......... 31% 2.74M 0s
   350K .......... .......... .......... .......... .......... 36% 5.27M 0s
   400K .......... .......... .......... .......... .......... 40% 2.91M 0s
   450K .......... .......... .......... .......... .......... 45% 8.27M 0s
   500K .......... .......... .......... .......... .......... 49% 2.92M 0s
   550K .......... .......... .......... .......... .......... 54% 8.18M 0s
   600K .......... .......... .......... .......... .......... 58% 4.28M 0s
   650K .......... .......... .......... .......... .......... 63% 4.18M 0s
   700K .......... .......... .......... .......... .......... 67% 3.17M 0s
   750K .......... .......... .......... .......... .......... 72% 4.27M 0s
   800K .......... .......... .......... .......... .......... 76% 4.24M 0s
   850K .......... .......... .......... .......... .......... 81% 4.31M 0s
   900K .......... .......... .......... .......... .......... 85% 3.43M 0s
   950K .......... .......... .......... .......... .......... 90% 3.82M 0s
  1000K .......... .......... .......... .......... .......... 94% 4.15M 0s
  1050K .......... .......... .......... .......... .......... 99% 4.53M 0s
  1100K .........                                             100% 81.0M=0.3s

2018-05-16 14:20:53 (3.61 MB/s) - ‘../data/deliveryimages.acm.org/10.1145/3190000/3186119/images/www2018-128-fig8.jpg’ saved [1136347/1136347]

--2018-05-16 14:20:53--  http://deliveryimages.acm.org/10.1145/3190000/3186119/images/www2018-128-fig9.jpg
Connecting to deliveryimages.acm.org (deliveryimages.acm.org)|104.17.79.191|:80... connected.
HTTP request sent, awaiting response... 301 Moved Permanently
Location: https://deliveryimages.acm.org/10.1145/3190000/3186119/images/www2018-128-fig9.jpg [following]
--2018-05-16 14:20:53--  https://deliveryimages.acm.org/10.1145/3190000/3186119/images/www2018-128-fig9.jpg
Connecting to deliveryimages.acm.org (deliveryimages.acm.org)|104.17.79.191|:443... connected.
HTTP request sent, awaiting response... 200 OK
Length: 1107490 (1.1M) [image/jpeg]
Saving to: ‘../data/deliveryimages.acm.org/10.1145/3190000/3186119/images/www2018-128-fig9.jpg’

     0K .......... .......... .......... .......... ..........  4% 1.64M 1s
    50K .......... .......... .......... .......... ..........  9% 3.89M 0s
   100K .......... .......... .......... .......... .......... 13% 3.82M 0s
   150K .......... .......... .......... .......... .......... 18% 4.06M 0s
   200K .......... .......... .......... .......... .......... 23%  790K 0s
   250K .......... .......... .......... .......... .......... 27% 86.7M 0s
   300K .......... .......... .......... .......... .......... 32% 10.5M 0s
   350K .......... .......... .......... .......... .......... 36% 3.16M 0s
   400K .......... .......... .......... .......... .......... 41% 5.04M 0s
   450K .......... .......... .......... .......... .......... 46% 4.21M 0s
   500K .......... .......... .......... .......... .......... 50% 2.53M 0s
   550K .......... .......... .......... .......... .......... 55% 6.03M 0s
   600K .......... .......... .......... .......... .......... 60% 6.64M 0s
   650K .......... .......... .......... .......... .......... 64% 2.23M 0s
   700K .......... .......... .......... .......... .......... 69% 15.7M 0s
   750K .......... .......... .......... .......... .......... 73% 3.41M 0s
   800K .......... .......... .......... .......... .......... 78% 3.99M 0s
   850K .......... .......... .......... .......... .......... 83% 4.87M 0s
   900K .......... .......... .......... .......... .......... 87% 4.29M 0s
   950K .......... .......... .......... .......... .......... 92% 2.53M 0s
  1000K .......... .......... .......... .......... .......... 97% 8.40M 0s
  1050K .......... .......... .......... .                    100% 6.38M=0.3s

2018-05-16 14:20:54 (3.41 MB/s) - ‘../data/deliveryimages.acm.org/10.1145/3190000/3186119/images/www2018-128-fig9.jpg’ saved [1107490/1107490]

FINISHED --2018-05-16 14:20:54--
Total wall clock time: 6.2s
Downloaded: 11 files, 10.0M in 3.1s (3.19 MB/s)
Converting links in ../data/delivery.acm.org/10.1145/3190000/3186119/p529-gupta.html?ip=24.48.71.56&id=3186119&acc=OPENTOC&key=4D4702B0C3E38B35.4D4702B0C3E38B35.4D4702B0C3E38B35.4DD68F0663C025AA&__acm__=1526495148_d2399158ca7de49d937880d401a2c3f4... 124-0
Converted links in 1 files in 0.004 seconds.
