--2018-05-16 14:56:07--  http://delivery.acm.org/10.1145/3200000/3191573/p1323-miura.html?ip=24.48.71.56&id=3191573&acc=OPENTOC&key=4D4702B0C3E38B35%2E4D4702B0C3E38B35%2E4D4702B0C3E38B35%2E4DD68F0663C025AA&__acm__=1526497266_e9a4e1fb8898d900dce267a7e34d22ac
Resolving delivery.acm.org (delivery.acm.org)... 24.200.120.90, 24.200.120.82
Connecting to delivery.acm.org (delivery.acm.org)|24.200.120.90|:80... connected.
HTTP request sent, awaiting response... 200 OK
Length: 59816 (58K) [text/html]
Saving to: ‘../data/delivery.acm.org/10.1145/3200000/3191573/p1323-miura.html?ip=24.48.71.56&id=3191573&acc=OPENTOC&key=4D4702B0C3E38B35.4D4702B0C3E38B35.4D4702B0C3E38B35.4DD68F0663C025AA&__acm__=1526497266_e9a4e1fb8898d900dce267a7e34d22ac’

     0K .......... .......... .......... .......... .......... 85% 1.05M 0s
    50K ........                                              100% 81.9M=0.05s

2018-05-16 14:56:07 (1.22 MB/s) - ‘../data/delivery.acm.org/10.1145/3200000/3191573/p1323-miura.html?ip=24.48.71.56&id=3191573&acc=OPENTOC&key=4D4702B0C3E38B35.4D4702B0C3E38B35.4D4702B0C3E38B35.4DD68F0663C025AA&__acm__=1526497266_e9a4e1fb8898d900dce267a7e34d22ac’ saved [59816/59816]

--2018-05-16 14:56:07--  http://deliveryimages.acm.org/10.1145/3200000/3191573/images/www18companion-312-fig1.jpg
Resolving deliveryimages.acm.org (deliveryimages.acm.org)... 104.17.80.191, 104.17.79.191
Connecting to deliveryimages.acm.org (deliveryimages.acm.org)|104.17.80.191|:80... connected.
HTTP request sent, awaiting response... 301 Moved Permanently
Location: https://deliveryimages.acm.org/10.1145/3200000/3191573/images/www18companion-312-fig1.jpg [following]
--2018-05-16 14:56:08--  https://deliveryimages.acm.org/10.1145/3200000/3191573/images/www18companion-312-fig1.jpg
Connecting to deliveryimages.acm.org (deliveryimages.acm.org)|104.17.80.191|:443... connected.
HTTP request sent, awaiting response... 200 OK
Length: 215622 (211K) [image/jpeg]
Saving to: ‘../data/deliveryimages.acm.org/10.1145/3200000/3191573/images/www18companion-312-fig1.jpg’

     0K .......... .......... .......... .......... .......... 23%  528K 0s
    50K .......... .......... .......... .......... .......... 47% 4.39M 0s
   100K .......... .......... .......... .......... .......... 71% 3.61M 0s
   150K .......... .......... .......... .......... .......... 94% 3.96M 0s
   200K ..........                                            100% 80.4M=0.1s

2018-05-16 14:56:08 (1.56 MB/s) - ‘../data/deliveryimages.acm.org/10.1145/3200000/3191573/images/www18companion-312-fig1.jpg’ saved [215622/215622]

--2018-05-16 14:56:08--  http://deliveryimages.acm.org/10.1145/3200000/3191573/images/www18companion-312-fig2.jpg
Connecting to deliveryimages.acm.org (deliveryimages.acm.org)|104.17.80.191|:80... connected.
HTTP request sent, awaiting response... 301 Moved Permanently
Location: https://deliveryimages.acm.org/10.1145/3200000/3191573/images/www18companion-312-fig2.jpg [following]
--2018-05-16 14:56:08--  https://deliveryimages.acm.org/10.1145/3200000/3191573/images/www18companion-312-fig2.jpg
Connecting to deliveryimages.acm.org (deliveryimages.acm.org)|104.17.80.191|:443... connected.
HTTP request sent, awaiting response... 200 OK
Length: 103338 (101K) [image/jpeg]
Saving to: ‘../data/deliveryimages.acm.org/10.1145/3200000/3191573/images/www18companion-312-fig2.jpg’

     0K .......... .......... .......... .......... .......... 49% 1.06M 0s
    50K .......... .......... .......... .......... .......... 99% 3.47M 0s
   100K                                                       100% 1747G=0.06s

2018-05-16 14:56:09 (1.64 MB/s) - ‘../data/deliveryimages.acm.org/10.1145/3200000/3191573/images/www18companion-312-fig2.jpg’ saved [103338/103338]

--2018-05-16 14:56:09--  http://deliveryimages.acm.org/10.1145/3200000/3191573/images/www18companion-312-fig3.jpg
Connecting to deliveryimages.acm.org (deliveryimages.acm.org)|104.17.80.191|:80... connected.
HTTP request sent, awaiting response... 301 Moved Permanently
Location: https://deliveryimages.acm.org/10.1145/3200000/3191573/images/www18companion-312-fig3.jpg [following]
--2018-05-16 14:56:09--  https://deliveryimages.acm.org/10.1145/3200000/3191573/images/www18companion-312-fig3.jpg
Connecting to deliveryimages.acm.org (deliveryimages.acm.org)|104.17.80.191|:443... connected.
HTTP request sent, awaiting response... 200 OK
Length: 277781 (271K) [image/jpeg]
Saving to: ‘../data/deliveryimages.acm.org/10.1145/3200000/3191573/images/www18companion-312-fig3.jpg’

     0K .......... .......... .......... .......... .......... 18% 1.20M 0s
    50K .......... .......... .......... .......... .......... 36% 3.37M 0s
   100K .......... .......... .......... .......... .......... 55% 3.63M 0s
   150K .......... .......... .......... .......... .......... 73% 3.35M 0s
   200K .......... .......... .......... .......... .......... 92% 6.45M 0s
   250K .......... .......... .                               100% 5.69M=0.09s

2018-05-16 14:56:09 (2.81 MB/s) - ‘../data/deliveryimages.acm.org/10.1145/3200000/3191573/images/www18companion-312-fig3.jpg’ saved [277781/277781]

--2018-05-16 14:56:09--  http://deliveryimages.acm.org/10.1145/3200000/3191573/images/www18companion-312-fig4.jpg
Connecting to deliveryimages.acm.org (deliveryimages.acm.org)|104.17.80.191|:80... connected.
HTTP request sent, awaiting response... 301 Moved Permanently
Location: https://deliveryimages.acm.org/10.1145/3200000/3191573/images/www18companion-312-fig4.jpg [following]
--2018-05-16 14:56:09--  https://deliveryimages.acm.org/10.1145/3200000/3191573/images/www18companion-312-fig4.jpg
Connecting to deliveryimages.acm.org (deliveryimages.acm.org)|104.17.80.191|:443... connected.
HTTP request sent, awaiting response... 200 OK
Length: 199604 (195K) [image/jpeg]
Saving to: ‘../data/deliveryimages.acm.org/10.1145/3200000/3191573/images/www18companion-312-fig4.jpg’

     0K .......... .......... .......... .......... .......... 25%  423K 0s
    50K .......... .......... .......... .......... .......... 51%  470K 0s
   100K .......... .......... .......... .......... .......... 76%  312K 0s
   150K .......... .......... .......... .......... ....      100%  886K=0.4s

2018-05-16 14:56:10 (448 KB/s) - ‘../data/deliveryimages.acm.org/10.1145/3200000/3191573/images/www18companion-312-fig4.jpg’ saved [199604/199604]

--2018-05-16 14:56:10--  http://deliveryimages.acm.org/10.1145/3200000/3191573/images/www18companion-312-fig5.jpg
Connecting to deliveryimages.acm.org (deliveryimages.acm.org)|104.17.80.191|:80... connected.
HTTP request sent, awaiting response... 301 Moved Permanently
Location: https://deliveryimages.acm.org/10.1145/3200000/3191573/images/www18companion-312-fig5.jpg [following]
--2018-05-16 14:56:10--  https://deliveryimages.acm.org/10.1145/3200000/3191573/images/www18companion-312-fig5.jpg
Connecting to deliveryimages.acm.org (deliveryimages.acm.org)|104.17.80.191|:443... connected.
HTTP request sent, awaiting response... 200 OK
Length: 203617 (199K) [image/jpeg]
Saving to: ‘../data/deliveryimages.acm.org/10.1145/3200000/3191573/images/www18companion-312-fig5.jpg’

     0K .......... .......... .......... .......... .......... 25%  522K 0s
    50K .......... .......... .......... .......... .......... 50%  974K 0s
   100K .......... .......... .......... .......... .......... 75%  253K 0s
   150K .......... .......... .......... .......... ........  100%  232K=0.6s

2018-05-16 14:56:11 (358 KB/s) - ‘../data/deliveryimages.acm.org/10.1145/3200000/3191573/images/www18companion-312-fig5.jpg’ saved [203617/203617]

--2018-05-16 14:56:11--  http://deliveryimages.acm.org/10.1145/3200000/3191573/images/www18companion-312-fig6.jpg
Connecting to deliveryimages.acm.org (deliveryimages.acm.org)|104.17.80.191|:80... connected.
HTTP request sent, awaiting response... 301 Moved Permanently
Location: https://deliveryimages.acm.org/10.1145/3200000/3191573/images/www18companion-312-fig6.jpg [following]
--2018-05-16 14:56:11--  https://deliveryimages.acm.org/10.1145/3200000/3191573/images/www18companion-312-fig6.jpg
Connecting to deliveryimages.acm.org (deliveryimages.acm.org)|104.17.80.191|:443... connected.
HTTP request sent, awaiting response... 200 OK
Length: 162045 (158K) [image/jpeg]
Saving to: ‘../data/deliveryimages.acm.org/10.1145/3200000/3191573/images/www18companion-312-fig6.jpg’

     0K .......... .......... .......... .......... .......... 31%  418K 0s
    50K .......... .......... .......... .......... .......... 63%  405K 0s
   100K .......... .......... .......... .......... .......... 94%  617K 0s
   150K ........                                              100% 6.71M=0.3s

2018-05-16 14:56:11 (486 KB/s) - ‘../data/deliveryimages.acm.org/10.1145/3200000/3191573/images/www18companion-312-fig6.jpg’ saved [162045/162045]

--2018-05-16 14:56:11--  http://deliveryimages.acm.org/10.1145/3200000/3191573/images/www18companion-312-fig7.jpg
Connecting to deliveryimages.acm.org (deliveryimages.acm.org)|104.17.80.191|:80... connected.
HTTP request sent, awaiting response... 301 Moved Permanently
Location: https://deliveryimages.acm.org/10.1145/3200000/3191573/images/www18companion-312-fig7.jpg [following]
--2018-05-16 14:56:11--  https://deliveryimages.acm.org/10.1145/3200000/3191573/images/www18companion-312-fig7.jpg
Connecting to deliveryimages.acm.org (deliveryimages.acm.org)|104.17.80.191|:443... connected.
HTTP request sent, awaiting response... 200 OK
Length: 392241 (383K) [image/jpeg]
Saving to: ‘../data/deliveryimages.acm.org/10.1145/3200000/3191573/images/www18companion-312-fig7.jpg’

     0K .......... .......... .......... .......... .......... 13%  450K 1s
    50K .......... .......... .......... .......... .......... 26%  606K 1s
   100K .......... .......... .......... .......... .......... 39%  827K 0s
   150K .......... .......... .......... .......... .......... 52%  993K 0s
   200K .......... .......... .......... .......... .......... 65% 1.01M 0s
   250K .......... .......... .......... .......... .......... 78% 1.27M 0s
   300K .......... .......... .......... .......... .......... 91% 1.38M 0s
   350K .......... .......... .......... ...                  100% 1.86M=0.4s

2018-05-16 14:56:13 (863 KB/s) - ‘../data/deliveryimages.acm.org/10.1145/3200000/3191573/images/www18companion-312-fig7.jpg’ saved [392241/392241]

--2018-05-16 14:56:13--  http://deliveryimages.acm.org/10.1145/3200000/3191573/images/www18companion-312-fig8.jpg
Connecting to deliveryimages.acm.org (deliveryimages.acm.org)|104.17.80.191|:80... connected.
HTTP request sent, awaiting response... 301 Moved Permanently
Location: https://deliveryimages.acm.org/10.1145/3200000/3191573/images/www18companion-312-fig8.jpg [following]
--2018-05-16 14:56:13--  https://deliveryimages.acm.org/10.1145/3200000/3191573/images/www18companion-312-fig8.jpg
Connecting to deliveryimages.acm.org (deliveryimages.acm.org)|104.17.80.191|:443... connected.
HTTP request sent, awaiting response... 200 OK
Length: 325792 (318K) [image/jpeg]
Saving to: ‘../data/deliveryimages.acm.org/10.1145/3200000/3191573/images/www18companion-312-fig8.jpg’

     0K .......... .......... .......... .......... .......... 15% 1.17M 0s
    50K .......... .......... .......... .......... .......... 31% 2.51M 0s
   100K .......... .......... .......... .......... .......... 47% 4.48M 0s
   150K .......... .......... .......... .......... .......... 62% 2.59M 0s
   200K .......... .......... .......... .......... .......... 78% 4.82M 0s
   250K .......... .......... .......... .......... .......... 94% 3.55M 0s
   300K .......... ........                                   100%  192M=0.1s

2018-05-16 14:56:13 (2.70 MB/s) - ‘../data/deliveryimages.acm.org/10.1145/3200000/3191573/images/www18companion-312-fig8.jpg’ saved [325792/325792]

FINISHED --2018-05-16 14:56:13--
Total wall clock time: 5.8s
Downloaded: 9 files, 1.8M in 2.2s (858 KB/s)
Converting links in ../data/delivery.acm.org/10.1145/3200000/3191573/p1323-miura.html?ip=24.48.71.56&id=3191573&acc=OPENTOC&key=4D4702B0C3E38B35.4D4702B0C3E38B35.4D4702B0C3E38B35.4DD68F0663C025AA&__acm__=1526497266_e9a4e1fb8898d900dce267a7e34d22ac... 78-0
Converted links in 1 files in 0.001 seconds.
