--2018-05-16 15:10:25--  http://delivery.acm.org/10.1145/3200000/3192320/p1585-mugnier.pdf?ip=24.48.71.56&id=3192320&acc=OPENTOC&key=4D4702B0C3E38B35%2E4D4702B0C3E38B35%2E4D4702B0C3E38B35%2E4DD68F0663C025AA&__acm__=1526498123_87e5e6f077ec5dc82ce2f61243655640
Resolving delivery.acm.org (delivery.acm.org)... 24.200.120.90, 24.200.120.82
Connecting to delivery.acm.org (delivery.acm.org)|24.200.120.90|:80... connected.
HTTP request sent, awaiting response... 200 OK
Length: 1260120 (1.2M) [application/pdf]
Saving to: ‘../data/delivery.acm.org/10.1145/3200000/3192320/p1585-mugnier.pdf?ip=24.48.71.56&id=3192320&acc=OPENTOC&key=4D4702B0C3E38B35.4D4702B0C3E38B35.4D4702B0C3E38B35.4DD68F0663C025AA&__acm__=1526498123_87e5e6f077ec5dc82ce2f61243655640’

     0K .......... .......... .......... .......... ..........  4%  112K 11s
    50K .......... .......... .......... .......... ..........  8% 94.0K 11s
   100K .......... .......... .......... .......... .......... 12% 56.4K 13s
   150K .......... .......... .......... .......... .......... 16% 94.0K 12s
   200K .......... .......... .......... .......... .......... 20% 62.6K 13s
   250K .......... .......... .......... .......... .......... 24% 29.5K 15s
   300K .......... .......... .......... .......... .......... 28%  177K 13s
   350K .......... .......... .......... .......... .......... 32%  896K 11s
   400K .......... .......... .......... .......... .......... 36%  105K 10s
   450K .......... .......... .......... .......... .......... 40% 69.0K 9s
   500K .......... .......... .......... .......... .......... 44% 36.1K 10s
   550K .......... .......... .......... .......... .......... 48% 89.2K 9s
   600K .......... .......... .......... .......... .......... 52% 72.0K 8s
   650K .......... .......... .......... .......... .......... 56%  137K 7s
   700K .......... .......... .......... .......... .......... 60% 35.3K 7s
   750K .......... .......... .......... .......... .......... 65% 61.7K 6s
   800K .......... .......... .......... .......... .......... 69%  103K 5s
   850K .......... .......... .......... .......... .......... 73% 38.7K 5s
   900K .......... .......... .......... .......... .......... 77% 72.6K 4s
   950K .......... .......... .......... .......... .......... 81% 94.2K 3s
  1000K .......... .......... .......... .......... .......... 85%  123K 3s
  1050K .......... .......... .......... .......... .......... 89% 39.9K 2s
  1100K .......... .......... .......... .......... .......... 93% 44.2K 1s
  1150K .......... .......... .......... .......... .......... 97%  123K 0s
  1200K .......... .......... ..........                      100%  189K=18s

2018-05-16 15:10:43 (68.3 KB/s) - ‘../data/delivery.acm.org/10.1145/3200000/3192320/p1585-mugnier.pdf?ip=24.48.71.56&id=3192320&acc=OPENTOC&key=4D4702B0C3E38B35.4D4702B0C3E38B35.4D4702B0C3E38B35.4DD68F0663C025AA&__acm__=1526498123_87e5e6f077ec5dc82ce2f61243655640’ saved [1260120/1260120]

FINISHED --2018-05-16 15:10:43--
Total wall clock time: 18s
Downloaded: 1 files, 1.2M in 18s (68.3 KB/s)
Converted links in 0 files in 0 seconds.
