--2018-05-16 15:03:55--  http://delivery.acm.org/10.1145/3200000/3192308/p1231-atzmueller.pdf?ip=24.48.71.56&id=3192308&acc=OPENTOC&key=4D4702B0C3E38B35%2E4D4702B0C3E38B35%2E4D4702B0C3E38B35%2E4DD68F0663C025AA&__acm__=1526497735_580d8bec1d0466896cd461feff7689d8
Resolving delivery.acm.org (delivery.acm.org)... 24.200.120.82, 24.200.120.90
Connecting to delivery.acm.org (delivery.acm.org)|24.200.120.82|:80... connected.
HTTP request sent, awaiting response... 200 OK
Length: 836475 (817K) [application/pdf]
Saving to: ‘../data/delivery.acm.org/10.1145/3200000/3192308/p1231-atzmueller.pdf?ip=24.48.71.56&id=3192308&acc=OPENTOC&key=4D4702B0C3E38B35.4D4702B0C3E38B35.4D4702B0C3E38B35.4DD68F0663C025AA&__acm__=1526497735_580d8bec1d0466896cd461feff7689d8’

     0K .......... .......... .......... .......... ..........  6% 2.16M 0s
    50K .......... .......... .......... .......... .......... 12% 2.67M 0s
   100K .......... .......... .......... .......... .......... 18% 4.01M 0s
   150K .......... .......... .......... .......... .......... 24% 3.61M 0s
   200K .......... .......... .......... .......... .......... 30% 4.44M 0s
   250K .......... .......... .......... .......... .......... 36% 3.58M 0s
   300K .......... .......... .......... .......... .......... 42% 4.15M 0s
   350K .......... .......... .......... .......... .......... 48% 3.55M 0s
   400K .......... .......... .......... .......... .......... 55% 5.22M 0s
   450K .......... .......... .......... .......... .......... 61% 2.87M 0s
   500K .......... .......... .......... .......... .......... 67% 6.72M 0s
   550K .......... .......... .......... .......... .......... 73% 3.97M 0s
   600K .......... .......... .......... .......... .......... 79% 4.10M 0s
   650K .......... .......... .......... .......... .......... 85% 4.26M 0s
   700K .......... .......... .......... .......... .......... 91% 4.00M 0s
   750K .......... .......... .......... .......... .......... 97% 3.69M 0s
   800K .......... ......                                     100% 2.43M=0.2s

2018-05-16 15:03:55 (3.66 MB/s) - ‘../data/delivery.acm.org/10.1145/3200000/3192308/p1231-atzmueller.pdf?ip=24.48.71.56&id=3192308&acc=OPENTOC&key=4D4702B0C3E38B35.4D4702B0C3E38B35.4D4702B0C3E38B35.4DD68F0663C025AA&__acm__=1526497735_580d8bec1d0466896cd461feff7689d8’ saved [836475/836475]

FINISHED --2018-05-16 15:03:55--
Total wall clock time: 0.4s
Downloaded: 1 files, 817K in 0.2s (3.66 MB/s)
Converted links in 0 files in 0 seconds.
