--2018-05-16 15:21:51--  http://delivery.acm.org/10.1145/3190000/3186349/p365-zheng.html?ip=24.48.71.56&id=3186349&acc=OPENTOC&key=4D4702B0C3E38B35%2E4D4702B0C3E38B35%2E4D4702B0C3E38B35%2E4DD68F0663C025AA&__acm__=1526498810_f75649d2c271b979d0480fff6d776c4c
Resolving delivery.acm.org (delivery.acm.org)... 24.200.120.82, 24.200.120.90
Connecting to delivery.acm.org (delivery.acm.org)|24.200.120.82|:80... connected.
HTTP request sent, awaiting response... 200 OK
Length: 63770 (62K) [text/html]
Saving to: ‘../data/delivery.acm.org/10.1145/3190000/3186349/p365-zheng.html?ip=24.48.71.56&id=3186349&acc=OPENTOC&key=4D4702B0C3E38B35.4D4702B0C3E38B35.4D4702B0C3E38B35.4DD68F0663C025AA&__acm__=1526498810_f75649d2c271b979d0480fff6d776c4c’

     0K .......... .......... .......... .......... .......... 80% 1.82M 0s
    50K .......... ..                                         100% 9.95M=0.03s

2018-05-16 15:21:52 (2.17 MB/s) - ‘../data/delivery.acm.org/10.1145/3190000/3186349/p365-zheng.html?ip=24.48.71.56&id=3186349&acc=OPENTOC&key=4D4702B0C3E38B35.4D4702B0C3E38B35.4D4702B0C3E38B35.4DD68F0663C025AA&__acm__=1526498810_f75649d2c271b979d0480fff6d776c4c’ saved [63770/63770]

--2018-05-16 15:21:52--  http://deliveryimages.acm.org/10.1145/3190000/3186349/images/image1.jpg
Resolving deliveryimages.acm.org (deliveryimages.acm.org)... 104.17.80.191, 104.17.79.191
Connecting to deliveryimages.acm.org (deliveryimages.acm.org)|104.17.80.191|:80... connected.
HTTP request sent, awaiting response... 301 Moved Permanently
Location: https://deliveryimages.acm.org/10.1145/3190000/3186349/images/image1.jpg [following]
--2018-05-16 15:21:52--  https://deliveryimages.acm.org/10.1145/3190000/3186349/images/image1.jpg
Connecting to deliveryimages.acm.org (deliveryimages.acm.org)|104.17.80.191|:443... connected.
HTTP request sent, awaiting response... 200 OK
Length: 49628 (48K) [image/jpeg]
Saving to: ‘../data/deliveryimages.acm.org/10.1145/3190000/3186349/images/image1.jpg’

     0K .......... .......... .......... .......... ........  100% 1.35M=0.03s

2018-05-16 15:21:52 (1.35 MB/s) - ‘../data/deliveryimages.acm.org/10.1145/3190000/3186349/images/image1.jpg’ saved [49628/49628]

--2018-05-16 15:21:52--  http://deliveryimages.acm.org/10.1145/3190000/3186349/images/image2.jpg
Connecting to deliveryimages.acm.org (deliveryimages.acm.org)|104.17.80.191|:80... connected.
HTTP request sent, awaiting response... 301 Moved Permanently
Location: https://deliveryimages.acm.org/10.1145/3190000/3186349/images/image2.jpg [following]
--2018-05-16 15:21:52--  https://deliveryimages.acm.org/10.1145/3190000/3186349/images/image2.jpg
Connecting to deliveryimages.acm.org (deliveryimages.acm.org)|104.17.80.191|:443... connected.
HTTP request sent, awaiting response... 200 OK
Length: 101644 (99K) [image/jpeg]
Saving to: ‘../data/deliveryimages.acm.org/10.1145/3190000/3186349/images/image2.jpg’

     0K .......... .......... .......... .......... .......... 50%  263K 0s
    50K .......... .......... .......... .......... ......... 100% 1.80M=0.2s

2018-05-16 15:21:52 (457 KB/s) - ‘../data/deliveryimages.acm.org/10.1145/3190000/3186349/images/image2.jpg’ saved [101644/101644]

--2018-05-16 15:21:52--  http://deliveryimages.acm.org/10.1145/3190000/3186349/images/image3.jpg
Connecting to deliveryimages.acm.org (deliveryimages.acm.org)|104.17.80.191|:80... connected.
HTTP request sent, awaiting response... 301 Moved Permanently
Location: https://deliveryimages.acm.org/10.1145/3190000/3186349/images/image3.jpg [following]
--2018-05-16 15:21:53--  https://deliveryimages.acm.org/10.1145/3190000/3186349/images/image3.jpg
Connecting to deliveryimages.acm.org (deliveryimages.acm.org)|104.17.80.191|:443... connected.
HTTP request sent, awaiting response... 200 OK
Length: 64316 (63K) [image/jpeg]
Saving to: ‘../data/deliveryimages.acm.org/10.1145/3190000/3186349/images/image3.jpg’

     0K .......... .......... .......... .......... .......... 79% 1.90M 0s
    50K .......... ..                                         100% 1.91M=0.03s

2018-05-16 15:21:53 (1.90 MB/s) - ‘../data/deliveryimages.acm.org/10.1145/3190000/3186349/images/image3.jpg’ saved [64316/64316]

--2018-05-16 15:21:53--  http://deliveryimages.acm.org/10.1145/3190000/3186349/images/image4.jpg
Connecting to deliveryimages.acm.org (deliveryimages.acm.org)|104.17.80.191|:80... connected.
HTTP request sent, awaiting response... 301 Moved Permanently
Location: https://deliveryimages.acm.org/10.1145/3190000/3186349/images/image4.jpg [following]
--2018-05-16 15:21:53--  https://deliveryimages.acm.org/10.1145/3190000/3186349/images/image4.jpg
Connecting to deliveryimages.acm.org (deliveryimages.acm.org)|104.17.80.191|:443... connected.
HTTP request sent, awaiting response... 200 OK
Length: 82286 (80K) [image/jpeg]
Saving to: ‘../data/deliveryimages.acm.org/10.1145/3190000/3186349/images/image4.jpg’

     0K .......... .......... .......... .......... .......... 62% 1.17M 0s
    50K .......... .......... ..........                      100% 27.0M=0.04s

2018-05-16 15:21:53 (1.84 MB/s) - ‘../data/deliveryimages.acm.org/10.1145/3190000/3186349/images/image4.jpg’ saved [82286/82286]

--2018-05-16 15:21:53--  http://deliveryimages.acm.org/10.1145/3190000/3186349/images/image13.jpg
Connecting to deliveryimages.acm.org (deliveryimages.acm.org)|104.17.80.191|:80... connected.
HTTP request sent, awaiting response... 301 Moved Permanently
Location: https://deliveryimages.acm.org/10.1145/3190000/3186349/images/image13.jpg [following]
--2018-05-16 15:21:53--  https://deliveryimages.acm.org/10.1145/3190000/3186349/images/image13.jpg
Connecting to deliveryimages.acm.org (deliveryimages.acm.org)|104.17.80.191|:443... connected.
HTTP request sent, awaiting response... 200 OK
Length: 64604 (63K) [image/jpeg]
Saving to: ‘../data/deliveryimages.acm.org/10.1145/3190000/3186349/images/image13.jpg’

     0K .......... .......... .......... .......... .......... 79% 1.41M 0s
    50K .......... ...                                        100% 1.95M=0.04s

2018-05-16 15:21:53 (1.50 MB/s) - ‘../data/deliveryimages.acm.org/10.1145/3190000/3186349/images/image13.jpg’ saved [64604/64604]

--2018-05-16 15:21:53--  http://deliveryimages.acm.org/10.1145/3190000/3186349/images/image14.jpg
Connecting to deliveryimages.acm.org (deliveryimages.acm.org)|104.17.80.191|:80... connected.
HTTP request sent, awaiting response... 301 Moved Permanently
Location: https://deliveryimages.acm.org/10.1145/3190000/3186349/images/image14.jpg [following]
--2018-05-16 15:21:53--  https://deliveryimages.acm.org/10.1145/3190000/3186349/images/image14.jpg
Connecting to deliveryimages.acm.org (deliveryimages.acm.org)|104.17.80.191|:443... connected.
HTTP request sent, awaiting response... 200 OK
Length: 62577 (61K) [image/jpeg]
Saving to: ‘../data/deliveryimages.acm.org/10.1145/3190000/3186349/images/image14.jpg’

     0K .......... .......... .......... .......... .......... 81% 1.52M 0s
    50K .......... .                                          100%  639K=0.05s

2018-05-16 15:21:54 (1.21 MB/s) - ‘../data/deliveryimages.acm.org/10.1145/3190000/3186349/images/image14.jpg’ saved [62577/62577]

--2018-05-16 15:21:54--  http://deliveryimages.acm.org/10.1145/3190000/3186349/images/image15.jpg
Connecting to deliveryimages.acm.org (deliveryimages.acm.org)|104.17.80.191|:80... connected.
HTTP request sent, awaiting response... 301 Moved Permanently
Location: https://deliveryimages.acm.org/10.1145/3190000/3186349/images/image15.jpg [following]
--2018-05-16 15:21:54--  https://deliveryimages.acm.org/10.1145/3190000/3186349/images/image15.jpg
Connecting to deliveryimages.acm.org (deliveryimages.acm.org)|104.17.80.191|:443... connected.
HTTP request sent, awaiting response... 200 OK
Length: 73256 (72K) [image/jpeg]
Saving to: ‘../data/deliveryimages.acm.org/10.1145/3190000/3186349/images/image15.jpg’

     0K .......... .......... .......... .......... .......... 69% 1.20M 0s
    50K .......... .......... .                               100% 2.80M=0.05s

2018-05-16 15:21:54 (1.45 MB/s) - ‘../data/deliveryimages.acm.org/10.1145/3190000/3186349/images/image15.jpg’ saved [73256/73256]

--2018-05-16 15:21:54--  http://deliveryimages.acm.org/10.1145/3190000/3186349/images/image16.jpg
Connecting to deliveryimages.acm.org (deliveryimages.acm.org)|104.17.80.191|:80... connected.
HTTP request sent, awaiting response... 301 Moved Permanently
Location: https://deliveryimages.acm.org/10.1145/3190000/3186349/images/image16.jpg [following]
--2018-05-16 15:21:54--  https://deliveryimages.acm.org/10.1145/3190000/3186349/images/image16.jpg
Connecting to deliveryimages.acm.org (deliveryimages.acm.org)|104.17.80.191|:443... connected.
HTTP request sent, awaiting response... 200 OK
Length: 74387 (73K) [image/jpeg]
Saving to: ‘../data/deliveryimages.acm.org/10.1145/3190000/3186349/images/image16.jpg’

     0K .......... .......... .......... .......... .......... 68%  249K 0s
    50K .......... .......... ..                              100%  865K=0.2s

2018-05-16 15:21:54 (320 KB/s) - ‘../data/deliveryimages.acm.org/10.1145/3190000/3186349/images/image16.jpg’ saved [74387/74387]

FINISHED --2018-05-16 15:21:54--
Total wall clock time: 3.1s
Downloaded: 9 files, 622K in 0.7s (862 KB/s)
Converting links in ../data/delivery.acm.org/10.1145/3190000/3186349/p365-zheng.html?ip=24.48.71.56&id=3186349&acc=OPENTOC&key=4D4702B0C3E38B35.4D4702B0C3E38B35.4D4702B0C3E38B35.4DD68F0663C025AA&__acm__=1526498810_f75649d2c271b979d0480fff6d776c4c... 63-0
Converted links in 1 files in 0.002 seconds.
