--2018-05-16 14:17:00--  http://delivery.acm.org/10.1145/3190000/3186050/p87-zou.html?ip=24.48.71.56&id=3186050&acc=OPENTOC&key=4D4702B0C3E38B35%2E4D4702B0C3E38B35%2E4D4702B0C3E38B35%2E4DD68F0663C025AA&__acm__=1526494920_b65f2c8f9a183b8fe222d2e522ffea45
Resolving delivery.acm.org (delivery.acm.org)... 24.200.120.82, 24.200.120.90
Connecting to delivery.acm.org (delivery.acm.org)|24.200.120.82|:80... connected.
HTTP request sent, awaiting response... 200 OK
Length: 118037 (115K) [text/html]
Saving to: ‘../data/delivery.acm.org/10.1145/3190000/3186050/p87-zou.html?ip=24.48.71.56&id=3186050&acc=OPENTOC&key=4D4702B0C3E38B35.4D4702B0C3E38B35.4D4702B0C3E38B35.4DD68F0663C025AA&__acm__=1526494920_b65f2c8f9a183b8fe222d2e522ffea45’

     0K .......... .......... .......... .......... .......... 43% 2.52M 0s
    50K .......... .......... .......... .......... .......... 86% 3.69M 0s
   100K .......... .....                                      100% 1.04M=0.05s

2018-05-16 14:17:00 (2.40 MB/s) - ‘../data/delivery.acm.org/10.1145/3190000/3186050/p87-zou.html?ip=24.48.71.56&id=3186050&acc=OPENTOC&key=4D4702B0C3E38B35.4D4702B0C3E38B35.4D4702B0C3E38B35.4DD68F0663C025AA&__acm__=1526494920_b65f2c8f9a183b8fe222d2e522ffea45’ saved [118037/118037]

--2018-05-16 14:17:00--  http://deliveryimages.acm.org/10.1145/3190000/3186050/images/www2018-59-fig1.jpg
Resolving deliveryimages.acm.org (deliveryimages.acm.org)... 104.17.79.191, 104.17.80.191
Connecting to deliveryimages.acm.org (deliveryimages.acm.org)|104.17.79.191|:80... connected.
HTTP request sent, awaiting response... 301 Moved Permanently
Location: https://deliveryimages.acm.org/10.1145/3190000/3186050/images/www2018-59-fig1.jpg [following]
--2018-05-16 14:17:01--  https://deliveryimages.acm.org/10.1145/3190000/3186050/images/www2018-59-fig1.jpg
Connecting to deliveryimages.acm.org (deliveryimages.acm.org)|104.17.79.191|:443... connected.
HTTP request sent, awaiting response... 200 OK
Length: 1022109 (998K) [image/jpeg]
Saving to: ‘../data/deliveryimages.acm.org/10.1145/3190000/3186050/images/www2018-59-fig1.jpg’

     0K .......... .......... .......... .......... ..........  5% 1.08M 1s
    50K .......... .......... .......... .......... .......... 10% 2.42M 1s
   100K .......... .......... .......... .......... .......... 15% 4.74M 0s
   150K .......... .......... .......... .......... .......... 20%  652K 1s
   200K .......... .......... .......... .......... .......... 25%  115M 0s
   250K .......... .......... .......... .......... .......... 30%  623K 1s
   300K .......... .......... .......... .......... .......... 35%  440K 1s
   350K .......... .......... .......... .......... .......... 40%  338K 1s
   400K .......... .......... .......... .......... .......... 45%  368M 1s
   450K .......... .......... .......... .......... .......... 50%  381M 0s
   500K .......... .......... .......... .......... .......... 55%  379M 0s
   550K .......... .......... .......... .......... .......... 60%  338M 0s
   600K .......... .......... .......... .......... .......... 65%  383M 0s
   650K .......... .......... .......... .......... .......... 70% 1.77M 0s
   700K .......... .......... .......... .......... .......... 75%  906K 0s
   750K .......... .......... .......... .......... .......... 80% 1.03M 0s
   800K .......... .......... .......... .......... .......... 85% 2.58M 0s
   850K .......... .......... .......... .......... .......... 90% 2.07M 0s
   900K .......... .......... .......... .......... .......... 95% 3.25M 0s
   950K .......... .......... .......... .......... ........  100% 3.64M=0.7s

2018-05-16 14:17:02 (1.40 MB/s) - ‘../data/deliveryimages.acm.org/10.1145/3190000/3186050/images/www2018-59-fig1.jpg’ saved [1022109/1022109]

--2018-05-16 14:17:02--  http://deliveryimages.acm.org/10.1145/3190000/3186050/images/www2018-59-fig2.jpg
Connecting to deliveryimages.acm.org (deliveryimages.acm.org)|104.17.79.191|:80... connected.
HTTP request sent, awaiting response... 301 Moved Permanently
Location: https://deliveryimages.acm.org/10.1145/3190000/3186050/images/www2018-59-fig2.jpg [following]
--2018-05-16 14:17:02--  https://deliveryimages.acm.org/10.1145/3190000/3186050/images/www2018-59-fig2.jpg
Connecting to deliveryimages.acm.org (deliveryimages.acm.org)|104.17.79.191|:443... connected.
HTTP request sent, awaiting response... 200 OK
Length: 123030 (120K) [image/jpeg]
Saving to: ‘../data/deliveryimages.acm.org/10.1145/3190000/3186050/images/www2018-59-fig2.jpg’

     0K .......... .......... .......... .......... .......... 41% 1.63M 0s
    50K .......... .......... .......... .......... .......... 83% 2.94M 0s
   100K .......... ..........                                 100% 14.7M=0.05s

2018-05-16 14:17:02 (2.45 MB/s) - ‘../data/deliveryimages.acm.org/10.1145/3190000/3186050/images/www2018-59-fig2.jpg’ saved [123030/123030]

--2018-05-16 14:17:02--  http://deliveryimages.acm.org/10.1145/3190000/3186050/images/www2018-59-fig3.jpg
Connecting to deliveryimages.acm.org (deliveryimages.acm.org)|104.17.79.191|:80... connected.
HTTP request sent, awaiting response... 301 Moved Permanently
Location: https://deliveryimages.acm.org/10.1145/3190000/3186050/images/www2018-59-fig3.jpg [following]
--2018-05-16 14:17:02--  https://deliveryimages.acm.org/10.1145/3190000/3186050/images/www2018-59-fig3.jpg
Connecting to deliveryimages.acm.org (deliveryimages.acm.org)|104.17.79.191|:443... connected.
HTTP request sent, awaiting response... 200 OK
Length: 73127 (71K) [image/jpeg]
Saving to: ‘../data/deliveryimages.acm.org/10.1145/3190000/3186050/images/www2018-59-fig3.jpg’

     0K .......... .......... .......... .......... .......... 70% 1.17M 0s
    50K .......... .......... .                               100% 3.10M=0.05s

2018-05-16 14:17:02 (1.44 MB/s) - ‘../data/deliveryimages.acm.org/10.1145/3190000/3186050/images/www2018-59-fig3.jpg’ saved [73127/73127]

--2018-05-16 14:17:02--  http://deliveryimages.acm.org/10.1145/3190000/3186050/images/www2018-59-fig4.jpg
Connecting to deliveryimages.acm.org (deliveryimages.acm.org)|104.17.79.191|:80... connected.
HTTP request sent, awaiting response... 301 Moved Permanently
Location: https://deliveryimages.acm.org/10.1145/3190000/3186050/images/www2018-59-fig4.jpg [following]
--2018-05-16 14:17:02--  https://deliveryimages.acm.org/10.1145/3190000/3186050/images/www2018-59-fig4.jpg
Connecting to deliveryimages.acm.org (deliveryimages.acm.org)|104.17.79.191|:443... connected.
HTTP request sent, awaiting response... 200 OK
Length: 215272 (210K) [image/jpeg]
Saving to: ‘../data/deliveryimages.acm.org/10.1145/3190000/3186050/images/www2018-59-fig4.jpg’

     0K .......... .......... .......... .......... .......... 23% 1.07M 0s
    50K .......... .......... .......... .......... .......... 47% 3.39M 0s
   100K .......... .......... .......... .......... .......... 71% 4.54M 0s
   150K .......... .......... .......... .......... .......... 95% 3.17M 0s
   200K ..........                                            100% 71.0M=0.09s

2018-05-16 14:17:03 (2.38 MB/s) - ‘../data/deliveryimages.acm.org/10.1145/3190000/3186050/images/www2018-59-fig4.jpg’ saved [215272/215272]

--2018-05-16 14:17:03--  http://deliveryimages.acm.org/10.1145/3190000/3186050/images/www2018-59-fig5.jpg
Connecting to deliveryimages.acm.org (deliveryimages.acm.org)|104.17.79.191|:80... connected.
HTTP request sent, awaiting response... 301 Moved Permanently
Location: https://deliveryimages.acm.org/10.1145/3190000/3186050/images/www2018-59-fig5.jpg [following]
--2018-05-16 14:17:03--  https://deliveryimages.acm.org/10.1145/3190000/3186050/images/www2018-59-fig5.jpg
Connecting to deliveryimages.acm.org (deliveryimages.acm.org)|104.17.79.191|:443... connected.
HTTP request sent, awaiting response... 200 OK
Length: 52273 (51K) [image/jpeg]
Saving to: ‘../data/deliveryimages.acm.org/10.1145/3190000/3186050/images/www2018-59-fig5.jpg’

     0K .......... .......... .......... .......... .......... 97% 1.12M 0s
    50K .                                                     100% 17.9M=0.04s

2018-05-16 14:17:03 (1.14 MB/s) - ‘../data/deliveryimages.acm.org/10.1145/3190000/3186050/images/www2018-59-fig5.jpg’ saved [52273/52273]

--2018-05-16 14:17:03--  http://deliveryimages.acm.org/10.1145/3190000/3186050/images/www2018-59-fig6.jpg
Connecting to deliveryimages.acm.org (deliveryimages.acm.org)|104.17.79.191|:80... connected.
HTTP request sent, awaiting response... 301 Moved Permanently
Location: https://deliveryimages.acm.org/10.1145/3190000/3186050/images/www2018-59-fig6.jpg [following]
--2018-05-16 14:17:03--  https://deliveryimages.acm.org/10.1145/3190000/3186050/images/www2018-59-fig6.jpg
Connecting to deliveryimages.acm.org (deliveryimages.acm.org)|104.17.79.191|:443... connected.
HTTP request sent, awaiting response... 200 OK
Length: 195971 (191K) [image/jpeg]
Saving to: ‘../data/deliveryimages.acm.org/10.1145/3190000/3186050/images/www2018-59-fig6.jpg’

     0K .......... .......... .......... .......... .......... 26% 1.37M 0s
    50K .......... .......... .......... .......... .......... 52% 2.46M 0s
   100K .......... .......... .......... .......... .......... 78% 2.26M 0s
   150K .......... .......... .......... .......... .         100% 4.56M=0.09s

2018-05-16 14:17:04 (2.18 MB/s) - ‘../data/deliveryimages.acm.org/10.1145/3190000/3186050/images/www2018-59-fig6.jpg’ saved [195971/195971]

--2018-05-16 14:17:04--  http://deliveryimages.acm.org/10.1145/3190000/3186050/images/www2018-59-fig7.jpg
Connecting to deliveryimages.acm.org (deliveryimages.acm.org)|104.17.79.191|:80... connected.
HTTP request sent, awaiting response... 301 Moved Permanently
Location: https://deliveryimages.acm.org/10.1145/3190000/3186050/images/www2018-59-fig7.jpg [following]
--2018-05-16 14:17:04--  https://deliveryimages.acm.org/10.1145/3190000/3186050/images/www2018-59-fig7.jpg
Connecting to deliveryimages.acm.org (deliveryimages.acm.org)|104.17.79.191|:443... connected.
HTTP request sent, awaiting response... 200 OK
Length: 36046 (35K) [image/jpeg]
Saving to: ‘../data/deliveryimages.acm.org/10.1145/3190000/3186050/images/www2018-59-fig7.jpg’

     0K .......... .......... .......... .....                100% 1.42M=0.02s

2018-05-16 14:17:04 (1.42 MB/s) - ‘../data/deliveryimages.acm.org/10.1145/3190000/3186050/images/www2018-59-fig7.jpg’ saved [36046/36046]

FINISHED --2018-05-16 14:17:04--
Total wall clock time: 3.6s
Downloaded: 8 files, 1.8M in 1.1s (1.62 MB/s)
Converting links in ../data/delivery.acm.org/10.1145/3190000/3186050/p87-zou.html?ip=24.48.71.56&id=3186050&acc=OPENTOC&key=4D4702B0C3E38B35.4D4702B0C3E38B35.4D4702B0C3E38B35.4DD68F0663C025AA&__acm__=1526494920_b65f2c8f9a183b8fe222d2e522ffea45... 153-0
Converted links in 1 files in 0.003 seconds.
