--2018-05-16 14:39:22--  http://delivery.acm.org/10.1145/3190000/3186139/p913-garimella.html?ip=24.48.71.56&id=3186139&acc=OPENTOC&key=4D4702B0C3E38B35%2E4D4702B0C3E38B35%2E4D4702B0C3E38B35%2E4DD68F0663C025AA&__acm__=1526496262_a2e1f4ca3d123db7e22732ffb4eb9c11
Resolving delivery.acm.org (delivery.acm.org)... 24.200.120.90, 24.200.120.82
Connecting to delivery.acm.org (delivery.acm.org)|24.200.120.90|:80... connected.
HTTP request sent, awaiting response... 200 OK
Length: 96152 (94K) [text/html]
Saving to: ‘../data/delivery.acm.org/10.1145/3190000/3186139/p913-garimella.html?ip=24.48.71.56&id=3186139&acc=OPENTOC&key=4D4702B0C3E38B35.4D4702B0C3E38B35.4D4702B0C3E38B35.4DD68F0663C025AA&__acm__=1526496262_a2e1f4ca3d123db7e22732ffb4eb9c11’

     0K .......... .......... .......... .......... .......... 53%  774K 0s
    50K .......... .......... .......... .......... ...       100% 3.51M=0.08s

2018-05-16 14:39:23 (1.19 MB/s) - ‘../data/delivery.acm.org/10.1145/3190000/3186139/p913-garimella.html?ip=24.48.71.56&id=3186139&acc=OPENTOC&key=4D4702B0C3E38B35.4D4702B0C3E38B35.4D4702B0C3E38B35.4DD68F0663C025AA&__acm__=1526496262_a2e1f4ca3d123db7e22732ffb4eb9c11’ saved [96152/96152]

--2018-05-16 14:39:23--  http://deliveryimages.acm.org/10.1145/3190000/3186139/images/www2018-148-fig1.jpg
Resolving deliveryimages.acm.org (deliveryimages.acm.org)... 104.17.80.191, 104.17.79.191
Connecting to deliveryimages.acm.org (deliveryimages.acm.org)|104.17.80.191|:80... connected.
HTTP request sent, awaiting response... 301 Moved Permanently
Location: https://deliveryimages.acm.org/10.1145/3190000/3186139/images/www2018-148-fig1.jpg [following]
--2018-05-16 14:39:23--  https://deliveryimages.acm.org/10.1145/3190000/3186139/images/www2018-148-fig1.jpg
Connecting to deliveryimages.acm.org (deliveryimages.acm.org)|104.17.80.191|:443... connected.
HTTP request sent, awaiting response... 200 OK
Length: 37232 (36K) [image/jpeg]
Saving to: ‘../data/deliveryimages.acm.org/10.1145/3190000/3186139/images/www2018-148-fig1.jpg’

     0K .......... .......... .......... ......               100%  745K=0.05s

2018-05-16 14:39:23 (745 KB/s) - ‘../data/deliveryimages.acm.org/10.1145/3190000/3186139/images/www2018-148-fig1.jpg’ saved [37232/37232]

--2018-05-16 14:39:23--  http://deliveryimages.acm.org/10.1145/3190000/3186139/images/www2018-148-fig2.jpg
Connecting to deliveryimages.acm.org (deliveryimages.acm.org)|104.17.80.191|:80... connected.
HTTP request sent, awaiting response... 301 Moved Permanently
Location: https://deliveryimages.acm.org/10.1145/3190000/3186139/images/www2018-148-fig2.jpg [following]
--2018-05-16 14:39:23--  https://deliveryimages.acm.org/10.1145/3190000/3186139/images/www2018-148-fig2.jpg
Connecting to deliveryimages.acm.org (deliveryimages.acm.org)|104.17.80.191|:443... connected.
HTTP request sent, awaiting response... 200 OK
Length: 25845 (25K) [image/jpeg]
Saving to: ‘../data/deliveryimages.acm.org/10.1145/3190000/3186139/images/www2018-148-fig2.jpg’

     0K .......... .......... .....                           100% 1.35M=0.02s

2018-05-16 14:39:23 (1.35 MB/s) - ‘../data/deliveryimages.acm.org/10.1145/3190000/3186139/images/www2018-148-fig2.jpg’ saved [25845/25845]

--2018-05-16 14:39:23--  http://deliveryimages.acm.org/10.1145/3190000/3186139/images/www2018-148-fig3.jpg
Connecting to deliveryimages.acm.org (deliveryimages.acm.org)|104.17.80.191|:80... connected.
HTTP request sent, awaiting response... 301 Moved Permanently
Location: https://deliveryimages.acm.org/10.1145/3190000/3186139/images/www2018-148-fig3.jpg [following]
--2018-05-16 14:39:23--  https://deliveryimages.acm.org/10.1145/3190000/3186139/images/www2018-148-fig3.jpg
Connecting to deliveryimages.acm.org (deliveryimages.acm.org)|104.17.80.191|:443... connected.
HTTP request sent, awaiting response... 200 OK
Length: 310972 (304K) [image/jpeg]
Saving to: ‘../data/deliveryimages.acm.org/10.1145/3190000/3186139/images/www2018-148-fig3.jpg’

     0K .......... .......... .......... .......... .......... 16% 1.27M 0s
    50K .......... .......... .......... .......... .......... 32% 7.38M 0s
   100K .......... .......... .......... .......... .......... 49% 3.49M 0s
   150K .......... .......... .......... .......... .......... 65% 1.51M 0s
   200K .......... .......... .......... .......... .......... 82% 3.03M 0s
   250K .......... .......... .......... .......... .......... 98% 4.56M 0s
   300K ...                                                   100% 58.7M=0.1s

2018-05-16 14:39:24 (2.51 MB/s) - ‘../data/deliveryimages.acm.org/10.1145/3190000/3186139/images/www2018-148-fig3.jpg’ saved [310972/310972]

--2018-05-16 14:39:24--  http://deliveryimages.acm.org/10.1145/3190000/3186139/images/www2018-148-fig4.jpg
Connecting to deliveryimages.acm.org (deliveryimages.acm.org)|104.17.80.191|:80... connected.
HTTP request sent, awaiting response... 301 Moved Permanently
Location: https://deliveryimages.acm.org/10.1145/3190000/3186139/images/www2018-148-fig4.jpg [following]
--2018-05-16 14:39:24--  https://deliveryimages.acm.org/10.1145/3190000/3186139/images/www2018-148-fig4.jpg
Connecting to deliveryimages.acm.org (deliveryimages.acm.org)|104.17.80.191|:443... connected.
HTTP request sent, awaiting response... 200 OK
Length: 267623 (261K) [image/jpeg]
Saving to: ‘../data/deliveryimages.acm.org/10.1145/3190000/3186139/images/www2018-148-fig4.jpg’

     0K .......... .......... .......... .......... .......... 19% 1.59M 0s
    50K .......... .......... .......... .......... .......... 38% 2.96M 0s
   100K .......... .......... .......... .......... .......... 57% 2.16M 0s
   150K .......... .......... .......... .......... .......... 76% 4.40M 0s
   200K .......... .......... .......... .......... .......... 95% 2.63M 0s
   250K .......... .                                          100%  267M=0.1s

2018-05-16 14:39:24 (2.56 MB/s) - ‘../data/deliveryimages.acm.org/10.1145/3190000/3186139/images/www2018-148-fig4.jpg’ saved [267623/267623]

--2018-05-16 14:39:24--  http://deliveryimages.acm.org/10.1145/3190000/3186139/images/www2018-148-fig5.jpg
Connecting to deliveryimages.acm.org (deliveryimages.acm.org)|104.17.80.191|:80... connected.
HTTP request sent, awaiting response... 301 Moved Permanently
Location: https://deliveryimages.acm.org/10.1145/3190000/3186139/images/www2018-148-fig5.jpg [following]
--2018-05-16 14:39:24--  https://deliveryimages.acm.org/10.1145/3190000/3186139/images/www2018-148-fig5.jpg
Connecting to deliveryimages.acm.org (deliveryimages.acm.org)|104.17.80.191|:443... connected.
HTTP request sent, awaiting response... 200 OK
Length: 83512 (82K) [image/jpeg]
Saving to: ‘../data/deliveryimages.acm.org/10.1145/3190000/3186139/images/www2018-148-fig5.jpg’

     0K .......... .......... .......... .......... .......... 61% 1.61M 0s
    50K .......... .......... .......... .                    100% 3.64M=0.04s

2018-05-16 14:39:24 (2.05 MB/s) - ‘../data/deliveryimages.acm.org/10.1145/3190000/3186139/images/www2018-148-fig5.jpg’ saved [83512/83512]

--2018-05-16 14:39:24--  http://deliveryimages.acm.org/10.1145/3190000/3186139/images/www2018-148-fig6.jpg
Connecting to deliveryimages.acm.org (deliveryimages.acm.org)|104.17.80.191|:80... connected.
HTTP request sent, awaiting response... 301 Moved Permanently
Location: https://deliveryimages.acm.org/10.1145/3190000/3186139/images/www2018-148-fig6.jpg [following]
--2018-05-16 14:39:24--  https://deliveryimages.acm.org/10.1145/3190000/3186139/images/www2018-148-fig6.jpg
Connecting to deliveryimages.acm.org (deliveryimages.acm.org)|104.17.80.191|:443... connected.
HTTP request sent, awaiting response... 200 OK
Length: 87022 (85K) [image/jpeg]
Saving to: ‘../data/deliveryimages.acm.org/10.1145/3190000/3186139/images/www2018-148-fig6.jpg’

     0K .......... .......... .......... .......... .......... 58%  909K 0s
    50K .......... .......... .......... ....                 100% 3.24M=0.07s

2018-05-16 14:39:25 (1.27 MB/s) - ‘../data/deliveryimages.acm.org/10.1145/3190000/3186139/images/www2018-148-fig6.jpg’ saved [87022/87022]

--2018-05-16 14:39:25--  http://deliveryimages.acm.org/10.1145/3190000/3186139/images/www2018-148-fig7.jpg
Connecting to deliveryimages.acm.org (deliveryimages.acm.org)|104.17.80.191|:80... connected.
HTTP request sent, awaiting response... 301 Moved Permanently
Location: https://deliveryimages.acm.org/10.1145/3190000/3186139/images/www2018-148-fig7.jpg [following]
--2018-05-16 14:39:25--  https://deliveryimages.acm.org/10.1145/3190000/3186139/images/www2018-148-fig7.jpg
Connecting to deliveryimages.acm.org (deliveryimages.acm.org)|104.17.80.191|:443... connected.
HTTP request sent, awaiting response... 200 OK
Length: 79603 (78K) [image/jpeg]
Saving to: ‘../data/deliveryimages.acm.org/10.1145/3190000/3186139/images/www2018-148-fig7.jpg’

     0K .......... .......... .......... .......... .......... 64% 1.48M 0s
    50K .......... .......... .......                         100% 1.55M=0.05s

2018-05-16 14:39:25 (1.50 MB/s) - ‘../data/deliveryimages.acm.org/10.1145/3190000/3186139/images/www2018-148-fig7.jpg’ saved [79603/79603]

FINISHED --2018-05-16 14:39:25--
Total wall clock time: 2.9s
Downloaded: 8 files, 965K in 0.5s (1.82 MB/s)
Converting links in ../data/delivery.acm.org/10.1145/3190000/3186139/p913-garimella.html?ip=24.48.71.56&id=3186139&acc=OPENTOC&key=4D4702B0C3E38B35.4D4702B0C3E38B35.4D4702B0C3E38B35.4DD68F0663C025AA&__acm__=1526496262_a2e1f4ca3d123db7e22732ffb4eb9c11... 125-0
Converted links in 1 files in 0.004 seconds.
