--2018-05-16 15:15:32--  http://delivery.acm.org/10.1145/3200000/3191525/p961-brugere.html?ip=24.48.71.56&id=3191525&acc=OPENTOC&key=4D4702B0C3E38B35%2E4D4702B0C3E38B35%2E4D4702B0C3E38B35%2E4DD68F0663C025AA&__acm__=1526498431_0000ed13fcc3e3d9cf04a057e480cfd6
Resolving delivery.acm.org (delivery.acm.org)... 24.200.120.90, 24.200.120.82
Connecting to delivery.acm.org (delivery.acm.org)|24.200.120.90|:80... connected.
HTTP request sent, awaiting response... 200 OK
Length: 85001 (83K) [text/html]
Saving to: ‘../data/delivery.acm.org/10.1145/3200000/3191525/p961-brugere.html?ip=24.48.71.56&id=3191525&acc=OPENTOC&key=4D4702B0C3E38B35.4D4702B0C3E38B35.4D4702B0C3E38B35.4DD68F0663C025AA&__acm__=1526498431_0000ed13fcc3e3d9cf04a057e480cfd6’

     0K .......... .......... .......... .......... .......... 60% 49.3K 1s
    50K .......... .......... .......... ...                  100% 34.1K=2.0s

2018-05-16 15:15:34 (41.9 KB/s) - ‘../data/delivery.acm.org/10.1145/3200000/3191525/p961-brugere.html?ip=24.48.71.56&id=3191525&acc=OPENTOC&key=4D4702B0C3E38B35.4D4702B0C3E38B35.4D4702B0C3E38B35.4DD68F0663C025AA&__acm__=1526498431_0000ed13fcc3e3d9cf04a057e480cfd6’ saved [85001/85001]

--2018-05-16 15:15:34--  http://deliveryimages.acm.org/10.1145/3200000/3191525/images/www18companion-264-fig1.jpg
Resolving deliveryimages.acm.org (deliveryimages.acm.org)... 104.17.79.191, 104.17.80.191
Connecting to deliveryimages.acm.org (deliveryimages.acm.org)|104.17.79.191|:80... connected.
HTTP request sent, awaiting response... 301 Moved Permanently
Location: https://deliveryimages.acm.org/10.1145/3200000/3191525/images/www18companion-264-fig1.jpg [following]
--2018-05-16 15:15:34--  https://deliveryimages.acm.org/10.1145/3200000/3191525/images/www18companion-264-fig1.jpg
Connecting to deliveryimages.acm.org (deliveryimages.acm.org)|104.17.79.191|:443... connected.
HTTP request sent, awaiting response... 200 OK
Length: 102395 (100K) [image/jpeg]
Saving to: ‘../data/deliveryimages.acm.org/10.1145/3200000/3191525/images/www18companion-264-fig1.jpg’

     0K .......... .......... .......... .......... .......... 50% 1.53M 0s
    50K .......... .......... .......... .......... ......... 100% 5.73M=0.04s

2018-05-16 15:15:35 (2.42 MB/s) - ‘../data/deliveryimages.acm.org/10.1145/3200000/3191525/images/www18companion-264-fig1.jpg’ saved [102395/102395]

--2018-05-16 15:15:35--  http://deliveryimages.acm.org/10.1145/3200000/3191525/images/www18companion-264-fig2.jpg
Connecting to deliveryimages.acm.org (deliveryimages.acm.org)|104.17.79.191|:80... connected.
HTTP request sent, awaiting response... 301 Moved Permanently
Location: https://deliveryimages.acm.org/10.1145/3200000/3191525/images/www18companion-264-fig2.jpg [following]
--2018-05-16 15:15:35--  https://deliveryimages.acm.org/10.1145/3200000/3191525/images/www18companion-264-fig2.jpg
Connecting to deliveryimages.acm.org (deliveryimages.acm.org)|104.17.79.191|:443... connected.
HTTP request sent, awaiting response... 200 OK
Length: 119043 (116K) [image/jpeg]
Saving to: ‘../data/deliveryimages.acm.org/10.1145/3200000/3191525/images/www18companion-264-fig2.jpg’

     0K .......... .......... .......... .......... .......... 43% 1.23M 0s
    50K .......... .......... .......... .......... .......... 86% 1.77M 0s
   100K .......... ......                                     100%  409K=0.1s

2018-05-16 15:15:35 (1.06 MB/s) - ‘../data/deliveryimages.acm.org/10.1145/3200000/3191525/images/www18companion-264-fig2.jpg’ saved [119043/119043]

--2018-05-16 15:15:35--  http://deliveryimages.acm.org/10.1145/3200000/3191525/images/www18companion-264-fig3.jpg
Connecting to deliveryimages.acm.org (deliveryimages.acm.org)|104.17.79.191|:80... connected.
HTTP request sent, awaiting response... 301 Moved Permanently
Location: https://deliveryimages.acm.org/10.1145/3200000/3191525/images/www18companion-264-fig3.jpg [following]
--2018-05-16 15:15:35--  https://deliveryimages.acm.org/10.1145/3200000/3191525/images/www18companion-264-fig3.jpg
Connecting to deliveryimages.acm.org (deliveryimages.acm.org)|104.17.79.191|:443... connected.
HTTP request sent, awaiting response... 200 OK
Length: 40176 (39K) [image/jpeg]
Saving to: ‘../data/deliveryimages.acm.org/10.1145/3200000/3191525/images/www18companion-264-fig3.jpg’

     0K .......... .......... .......... .........            100% 1.42M=0.03s

2018-05-16 15:15:35 (1.42 MB/s) - ‘../data/deliveryimages.acm.org/10.1145/3200000/3191525/images/www18companion-264-fig3.jpg’ saved [40176/40176]

--2018-05-16 15:15:35--  http://deliveryimages.acm.org/10.1145/3200000/3191525/images/www18companion-264-fig4.jpg
Connecting to deliveryimages.acm.org (deliveryimages.acm.org)|104.17.79.191|:80... connected.
HTTP request sent, awaiting response... 301 Moved Permanently
Location: https://deliveryimages.acm.org/10.1145/3200000/3191525/images/www18companion-264-fig4.jpg [following]
--2018-05-16 15:15:35--  https://deliveryimages.acm.org/10.1145/3200000/3191525/images/www18companion-264-fig4.jpg
Connecting to deliveryimages.acm.org (deliveryimages.acm.org)|104.17.79.191|:443... connected.
HTTP request sent, awaiting response... 200 OK
Length: 55337 (54K) [image/jpeg]
Saving to: ‘../data/deliveryimages.acm.org/10.1145/3200000/3191525/images/www18companion-264-fig4.jpg’

     0K .......... .......... .......... .......... .......... 92% 2.06M 0s
    50K ....                                                  100% 25.9M=0.02s

2018-05-16 15:15:35 (2.21 MB/s) - ‘../data/deliveryimages.acm.org/10.1145/3200000/3191525/images/www18companion-264-fig4.jpg’ saved [55337/55337]

--2018-05-16 15:15:35--  http://deliveryimages.acm.org/10.1145/3200000/3191525/images/www18companion-264-fig5.jpg
Connecting to deliveryimages.acm.org (deliveryimages.acm.org)|104.17.79.191|:80... connected.
HTTP request sent, awaiting response... 301 Moved Permanently
Location: https://deliveryimages.acm.org/10.1145/3200000/3191525/images/www18companion-264-fig5.jpg [following]
--2018-05-16 15:15:36--  https://deliveryimages.acm.org/10.1145/3200000/3191525/images/www18companion-264-fig5.jpg
Connecting to deliveryimages.acm.org (deliveryimages.acm.org)|104.17.79.191|:443... connected.
HTTP request sent, awaiting response... 200 OK
Length: 41710 (41K) [image/jpeg]
Saving to: ‘../data/deliveryimages.acm.org/10.1145/3200000/3191525/images/www18companion-264-fig5.jpg’

     0K .......... .......... .......... ..........           100%  950K=0.04s

2018-05-16 15:15:36 (950 KB/s) - ‘../data/deliveryimages.acm.org/10.1145/3200000/3191525/images/www18companion-264-fig5.jpg’ saved [41710/41710]

--2018-05-16 15:15:36--  http://deliveryimages.acm.org/10.1145/3200000/3191525/images/www18companion-264-fig6.jpg
Connecting to deliveryimages.acm.org (deliveryimages.acm.org)|104.17.79.191|:80... connected.
HTTP request sent, awaiting response... 301 Moved Permanently
Location: https://deliveryimages.acm.org/10.1145/3200000/3191525/images/www18companion-264-fig6.jpg [following]
--2018-05-16 15:15:36--  https://deliveryimages.acm.org/10.1145/3200000/3191525/images/www18companion-264-fig6.jpg
Connecting to deliveryimages.acm.org (deliveryimages.acm.org)|104.17.79.191|:443... connected.
HTTP request sent, awaiting response... 200 OK
Length: 70628 (69K) [image/jpeg]
Saving to: ‘../data/deliveryimages.acm.org/10.1145/3200000/3191525/images/www18companion-264-fig6.jpg’

     0K .......... .......... .......... .......... .......... 72% 1.29M 0s
    50K .......... ........                                   100% 3.42M=0.04s

2018-05-16 15:15:36 (1.56 MB/s) - ‘../data/deliveryimages.acm.org/10.1145/3200000/3191525/images/www18companion-264-fig6.jpg’ saved [70628/70628]

FINISHED --2018-05-16 15:15:36--
Total wall clock time: 4.2s
Downloaded: 7 files, 502K in 2.3s (222 KB/s)
Converting links in ../data/delivery.acm.org/10.1145/3200000/3191525/p961-brugere.html?ip=24.48.71.56&id=3191525&acc=OPENTOC&key=4D4702B0C3E38B35.4D4702B0C3E38B35.4D4702B0C3E38B35.4DD68F0663C025AA&__acm__=1526498431_0000ed13fcc3e3d9cf04a057e480cfd6... 77-0
Converted links in 1 files in 0.003 seconds.
