--2018-05-16 14:29:49--  http://delivery.acm.org/10.1145/3190000/3186021/p1225-trovato.html?ip=24.48.71.56&id=3186021&acc=OPENTOC&key=4D4702B0C3E38B35%2E4D4702B0C3E38B35%2E4D4702B0C3E38B35%2E4DD68F0663C025AA&__acm__=1526495689_47bcbdc4b755d3639bbab524c92447ce
Resolving delivery.acm.org (delivery.acm.org)... 24.200.120.90, 24.200.120.82
Connecting to delivery.acm.org (delivery.acm.org)|24.200.120.90|:80... connected.
HTTP request sent, awaiting response... 200 OK
Length: 107087 (105K) [text/html]
Saving to: ‘../data/delivery.acm.org/10.1145/3190000/3186021/p1225-trovato.html?ip=24.48.71.56&id=3186021&acc=OPENTOC&key=4D4702B0C3E38B35.4D4702B0C3E38B35.4D4702B0C3E38B35.4DD68F0663C025AA&__acm__=1526495689_47bcbdc4b755d3639bbab524c92447ce’

     0K .......... .......... .......... .......... .......... 47% 2.25M 0s
    50K .......... .......... .......... .......... .......... 95% 2.60M 0s
   100K ....                                                  100% 8730G=0.04s

2018-05-16 14:29:50 (2.52 MB/s) - ‘../data/delivery.acm.org/10.1145/3190000/3186021/p1225-trovato.html?ip=24.48.71.56&id=3186021&acc=OPENTOC&key=4D4702B0C3E38B35.4D4702B0C3E38B35.4D4702B0C3E38B35.4DD68F0663C025AA&__acm__=1526495689_47bcbdc4b755d3639bbab524c92447ce’ saved [107087/107087]

--2018-05-16 14:29:50--  http://deliveryimages.acm.org/10.1145/3190000/3186021/images/www2018-30-fig1.jpg
Resolving deliveryimages.acm.org (deliveryimages.acm.org)... 104.17.80.191, 104.17.79.191
Connecting to deliveryimages.acm.org (deliveryimages.acm.org)|104.17.80.191|:80... connected.
HTTP request sent, awaiting response... 301 Moved Permanently
Location: https://deliveryimages.acm.org/10.1145/3190000/3186021/images/www2018-30-fig1.jpg [following]
--2018-05-16 14:29:50--  https://deliveryimages.acm.org/10.1145/3190000/3186021/images/www2018-30-fig1.jpg
Connecting to deliveryimages.acm.org (deliveryimages.acm.org)|104.17.80.191|:443... connected.
HTTP request sent, awaiting response... 200 OK
Length: 71135 (69K) [image/jpeg]
Saving to: ‘../data/deliveryimages.acm.org/10.1145/3190000/3186021/images/www2018-30-fig1.jpg’

     0K .......... .......... .......... .......... .......... 71% 94.6K 0s
    50K .......... .........                                  100% 7.32M=0.5s

2018-05-16 14:29:51 (131 KB/s) - ‘../data/deliveryimages.acm.org/10.1145/3190000/3186021/images/www2018-30-fig1.jpg’ saved [71135/71135]

--2018-05-16 14:29:51--  http://deliveryimages.acm.org/10.1145/3190000/3186021/images/www2018-30-Algo1.jpg
Connecting to deliveryimages.acm.org (deliveryimages.acm.org)|104.17.80.191|:80... connected.
HTTP request sent, awaiting response... 301 Moved Permanently
Location: https://deliveryimages.acm.org/10.1145/3190000/3186021/images/www2018-30-Algo1.jpg [following]
--2018-05-16 14:29:51--  https://deliveryimages.acm.org/10.1145/3190000/3186021/images/www2018-30-Algo1.jpg
Connecting to deliveryimages.acm.org (deliveryimages.acm.org)|104.17.80.191|:443... connected.
HTTP request sent, awaiting response... 200 OK
Length: 314438 (307K) [image/jpeg]
Saving to: ‘../data/deliveryimages.acm.org/10.1145/3190000/3186021/images/www2018-30-Algo1.jpg’

     0K .......... .......... .......... .......... .......... 16%  200K 1s
    50K .......... .......... .......... .......... .......... 32% 89.8K 2s
   100K .......... .......... .......... .......... .......... 48% 74.7K 2s
   150K .......... .......... .......... .......... .......... 65% 87.8K 1s
   200K .......... .......... .......... .......... .......... 81% 59.4K 1s
   250K .......... .......... .......... .......... .......... 97% 22.7K 0s
   300K .......                                               100% 8.13M=5.1s

2018-05-16 14:29:57 (60.3 KB/s) - ‘../data/deliveryimages.acm.org/10.1145/3190000/3186021/images/www2018-30-Algo1.jpg’ saved [314438/314438]

--2018-05-16 14:29:57--  http://deliveryimages.acm.org/10.1145/3190000/3186021/images/www2018-30-fig2.jpg
Connecting to deliveryimages.acm.org (deliveryimages.acm.org)|104.17.80.191|:80... connected.
HTTP request sent, awaiting response... 301 Moved Permanently
Location: https://deliveryimages.acm.org/10.1145/3190000/3186021/images/www2018-30-fig2.jpg [following]
--2018-05-16 14:29:57--  https://deliveryimages.acm.org/10.1145/3190000/3186021/images/www2018-30-fig2.jpg
Connecting to deliveryimages.acm.org (deliveryimages.acm.org)|104.17.80.191|:443... connected.
HTTP request sent, awaiting response... 200 OK
Length: 82454 (81K) [image/jpeg]
Saving to: ‘../data/deliveryimages.acm.org/10.1145/3190000/3186021/images/www2018-30-fig2.jpg’

     0K .......... .......... .......... .......... .......... 62% 1.05M 0s
    50K .......... .......... ..........                      100% 4.74M=0.05s

2018-05-16 14:29:57 (1.49 MB/s) - ‘../data/deliveryimages.acm.org/10.1145/3190000/3186021/images/www2018-30-fig2.jpg’ saved [82454/82454]

--2018-05-16 14:29:57--  http://deliveryimages.acm.org/10.1145/3190000/3186021/images/www2018-30-Algo2.jpg
Connecting to deliveryimages.acm.org (deliveryimages.acm.org)|104.17.80.191|:80... connected.
HTTP request sent, awaiting response... 301 Moved Permanently
Location: https://deliveryimages.acm.org/10.1145/3190000/3186021/images/www2018-30-Algo2.jpg [following]
--2018-05-16 14:29:57--  https://deliveryimages.acm.org/10.1145/3190000/3186021/images/www2018-30-Algo2.jpg
Connecting to deliveryimages.acm.org (deliveryimages.acm.org)|104.17.80.191|:443... connected.
HTTP request sent, awaiting response... 200 OK
Length: 424109 (414K) [image/jpeg]
Saving to: ‘../data/deliveryimages.acm.org/10.1145/3190000/3186021/images/www2018-30-Algo2.jpg’

     0K .......... .......... .......... .......... .......... 12% 90.7K 4s
    50K .......... .......... .......... .......... .......... 24%  137K 3s
   100K .......... .......... .......... .......... .......... 36%  185K 2s
   150K .......... .......... .......... .......... .......... 48% 31.1K 3s
   200K .......... .......... .......... .......... .......... 60%  151K 2s
   250K .......... .......... .......... .......... .......... 72%  102K 1s
   300K .......... .......... .......... .......... .......... 84%  117K 1s
   350K .......... .......... .......... .......... .......... 96% 73.4K 0s
   400K .......... ....                                       100%  308M=4.7s

2018-05-16 14:30:03 (87.7 KB/s) - ‘../data/deliveryimages.acm.org/10.1145/3190000/3186021/images/www2018-30-Algo2.jpg’ saved [424109/424109]

--2018-05-16 14:30:03--  http://deliveryimages.acm.org/10.1145/3190000/3186021/images/www2018-30-fig3.jpg
Connecting to deliveryimages.acm.org (deliveryimages.acm.org)|104.17.80.191|:80... connected.
HTTP request sent, awaiting response... 301 Moved Permanently
Location: https://deliveryimages.acm.org/10.1145/3190000/3186021/images/www2018-30-fig3.jpg [following]
--2018-05-16 14:30:03--  https://deliveryimages.acm.org/10.1145/3190000/3186021/images/www2018-30-fig3.jpg
Connecting to deliveryimages.acm.org (deliveryimages.acm.org)|104.17.80.191|:443... connected.
HTTP request sent, awaiting response... 200 OK
Length: 190722 (186K) [image/jpeg]
Saving to: ‘../data/deliveryimages.acm.org/10.1145/3190000/3186021/images/www2018-30-fig3.jpg’

     0K .......... .......... .......... .......... .......... 26% 1.41M 0s
    50K .......... .......... .......... .......... .......... 53% 3.38M 0s
   100K .......... .......... .......... .......... .......... 80% 3.20M 0s
   150K .......... .......... .......... ......               100% 5.62M=0.07s

2018-05-16 14:30:03 (2.57 MB/s) - ‘../data/deliveryimages.acm.org/10.1145/3190000/3186021/images/www2018-30-fig3.jpg’ saved [190722/190722]

--2018-05-16 14:30:03--  http://deliveryimages.acm.org/10.1145/3190000/3186021/images/www2018-30-fig4.jpg
Connecting to deliveryimages.acm.org (deliveryimages.acm.org)|104.17.80.191|:80... connected.
HTTP request sent, awaiting response... 301 Moved Permanently
Location: https://deliveryimages.acm.org/10.1145/3190000/3186021/images/www2018-30-fig4.jpg [following]
--2018-05-16 14:30:04--  https://deliveryimages.acm.org/10.1145/3190000/3186021/images/www2018-30-fig4.jpg
Connecting to deliveryimages.acm.org (deliveryimages.acm.org)|104.17.80.191|:443... connected.
HTTP request sent, awaiting response... 200 OK
Length: 183828 (180K) [image/jpeg]
Saving to: ‘../data/deliveryimages.acm.org/10.1145/3190000/3186021/images/www2018-30-fig4.jpg’

     0K .......... .......... .......... .......... .......... 27%  104K 1s
    50K .......... .......... .......... .......... .......... 55%  209K 1s
   100K .......... .......... .......... .......... .......... 83% 48.8K 0s
   150K .......... .......... .........                       100%  403K=1.8s

2018-05-16 14:30:06 (98.8 KB/s) - ‘../data/deliveryimages.acm.org/10.1145/3190000/3186021/images/www2018-30-fig4.jpg’ saved [183828/183828]

--2018-05-16 14:30:06--  http://deliveryimages.acm.org/10.1145/3190000/3186021/images/www2018-30-fig5.jpg
Connecting to deliveryimages.acm.org (deliveryimages.acm.org)|104.17.80.191|:80... connected.
HTTP request sent, awaiting response... 301 Moved Permanently
Location: https://deliveryimages.acm.org/10.1145/3190000/3186021/images/www2018-30-fig5.jpg [following]
--2018-05-16 14:30:06--  https://deliveryimages.acm.org/10.1145/3190000/3186021/images/www2018-30-fig5.jpg
Connecting to deliveryimages.acm.org (deliveryimages.acm.org)|104.17.80.191|:443... connected.
HTTP request sent, awaiting response... 200 OK
Length: 150517 (147K) [image/jpeg]
Saving to: ‘../data/deliveryimages.acm.org/10.1145/3190000/3186021/images/www2018-30-fig5.jpg’

     0K .......... .......... .......... .......... .......... 34%  879K 0s
    50K .......... .......... .......... .......... .......... 68%  663K 0s
   100K .......... .......... .......... .......... ......    100% 1.09M=0.2s

2018-05-16 14:30:06 (843 KB/s) - ‘../data/deliveryimages.acm.org/10.1145/3190000/3186021/images/www2018-30-fig5.jpg’ saved [150517/150517]

--2018-05-16 14:30:06--  http://deliveryimages.acm.org/10.1145/3190000/3186021/images/www2018-30-fig6.jpg
Connecting to deliveryimages.acm.org (deliveryimages.acm.org)|104.17.80.191|:80... connected.
HTTP request sent, awaiting response... 301 Moved Permanently
Location: https://deliveryimages.acm.org/10.1145/3190000/3186021/images/www2018-30-fig6.jpg [following]
--2018-05-16 14:30:06--  https://deliveryimages.acm.org/10.1145/3190000/3186021/images/www2018-30-fig6.jpg
Connecting to deliveryimages.acm.org (deliveryimages.acm.org)|104.17.80.191|:443... connected.
HTTP request sent, awaiting response... 200 OK
Length: 110570 (108K) [image/jpeg]
Saving to: ‘../data/deliveryimages.acm.org/10.1145/3190000/3186021/images/www2018-30-fig6.jpg’

     0K .......... .......... .......... .......... .......... 46% 1.27M 0s
    50K .......... .......... .......... .......... .......... 92% 3.01M 0s
   100K .......                                               100% 61.4M=0.05s

2018-05-16 14:30:07 (1.93 MB/s) - ‘../data/deliveryimages.acm.org/10.1145/3190000/3186021/images/www2018-30-fig6.jpg’ saved [110570/110570]

FINISHED --2018-05-16 14:30:07--
Total wall clock time: 17s
Downloaded: 9 files, 1.6M in 13s (127 KB/s)
Converting links in ../data/delivery.acm.org/10.1145/3190000/3186021/p1225-trovato.html?ip=24.48.71.56&id=3186021&acc=OPENTOC&key=4D4702B0C3E38B35.4D4702B0C3E38B35.4D4702B0C3E38B35.4DD68F0663C025AA&__acm__=1526495689_47bcbdc4b755d3639bbab524c92447ce... 160-0
Converted links in 1 files in 0.004 seconds.
