--2018-05-16 15:03:47--  http://delivery.acm.org/10.1145/3200000/3191569/p1295-henry.html?ip=24.48.71.56&id=3191569&acc=OPENTOC&key=4D4702B0C3E38B35%2E4D4702B0C3E38B35%2E4D4702B0C3E38B35%2E4DD68F0663C025AA&__acm__=1526497725_f94cd4c98e2b4387c1918922a528b9c4
Resolving delivery.acm.org (delivery.acm.org)... 24.200.120.82, 24.200.120.90
Connecting to delivery.acm.org (delivery.acm.org)|24.200.120.82|:80... connected.
HTTP request sent, awaiting response... 200 OK
Length: 37137 (36K) [text/html]
Saving to: ‘../data/delivery.acm.org/10.1145/3200000/3191569/p1295-henry.html?ip=24.48.71.56&id=3191569&acc=OPENTOC&key=4D4702B0C3E38B35.4D4702B0C3E38B35.4D4702B0C3E38B35.4DD68F0663C025AA&__acm__=1526497725_f94cd4c98e2b4387c1918922a528b9c4’

     0K .......... .......... .......... ......               100%  372K=0.1s

2018-05-16 15:03:47 (372 KB/s) - ‘../data/delivery.acm.org/10.1145/3200000/3191569/p1295-henry.html?ip=24.48.71.56&id=3191569&acc=OPENTOC&key=4D4702B0C3E38B35.4D4702B0C3E38B35.4D4702B0C3E38B35.4DD68F0663C025AA&__acm__=1526497725_f94cd4c98e2b4387c1918922a528b9c4’ saved [37137/37137]

--2018-05-16 15:03:47--  http://deliveryimages.acm.org/10.1145/3200000/3191569/images/www18companion-308-fig1.jpg
Resolving deliveryimages.acm.org (deliveryimages.acm.org)... 104.17.80.191, 104.17.79.191
Connecting to deliveryimages.acm.org (deliveryimages.acm.org)|104.17.80.191|:80... connected.
HTTP request sent, awaiting response... 301 Moved Permanently
Location: https://deliveryimages.acm.org/10.1145/3200000/3191569/images/www18companion-308-fig1.jpg [following]
--2018-05-16 15:03:47--  https://deliveryimages.acm.org/10.1145/3200000/3191569/images/www18companion-308-fig1.jpg
Connecting to deliveryimages.acm.org (deliveryimages.acm.org)|104.17.80.191|:443... connected.
HTTP request sent, awaiting response... 200 OK
Length: 100789 (98K) [image/jpeg]
Saving to: ‘../data/deliveryimages.acm.org/10.1145/3200000/3191569/images/www18companion-308-fig1.jpg’

     0K .......... .......... .......... .......... .......... 50%  352K 0s
    50K .......... .......... .......... .......... ........  100% 1.60M=0.2s

2018-05-16 15:03:48 (574 KB/s) - ‘../data/deliveryimages.acm.org/10.1145/3200000/3191569/images/www18companion-308-fig1.jpg’ saved [100789/100789]

--2018-05-16 15:03:48--  http://deliveryimages.acm.org/10.1145/3200000/3191569/images/www18companion-308-fig2.jpg
Connecting to deliveryimages.acm.org (deliveryimages.acm.org)|104.17.80.191|:80... connected.
HTTP request sent, awaiting response... 301 Moved Permanently
Location: https://deliveryimages.acm.org/10.1145/3200000/3191569/images/www18companion-308-fig2.jpg [following]
--2018-05-16 15:03:48--  https://deliveryimages.acm.org/10.1145/3200000/3191569/images/www18companion-308-fig2.jpg
Connecting to deliveryimages.acm.org (deliveryimages.acm.org)|104.17.80.191|:443... connected.
HTTP request sent, awaiting response... 200 OK
Length: 48223 (47K) [image/jpeg]
Saving to: ‘../data/deliveryimages.acm.org/10.1145/3200000/3191569/images/www18companion-308-fig2.jpg’

     0K .......... .......... .......... .......... .......   100% 1.40M=0.03s

2018-05-16 15:03:48 (1.40 MB/s) - ‘../data/deliveryimages.acm.org/10.1145/3200000/3191569/images/www18companion-308-fig2.jpg’ saved [48223/48223]

--2018-05-16 15:03:48--  http://deliveryimages.acm.org/10.1145/3200000/3191569/images/www18companion-308-fig3.jpg
Connecting to deliveryimages.acm.org (deliveryimages.acm.org)|104.17.80.191|:80... connected.
HTTP request sent, awaiting response... 301 Moved Permanently
Location: https://deliveryimages.acm.org/10.1145/3200000/3191569/images/www18companion-308-fig3.jpg [following]
--2018-05-16 15:03:48--  https://deliveryimages.acm.org/10.1145/3200000/3191569/images/www18companion-308-fig3.jpg
Connecting to deliveryimages.acm.org (deliveryimages.acm.org)|104.17.80.191|:443... connected.
HTTP request sent, awaiting response... 200 OK
Length: 34566 (34K) [image/jpeg]
Saving to: ‘../data/deliveryimages.acm.org/10.1145/3200000/3191569/images/www18companion-308-fig3.jpg’

     0K .......... .......... .......... ...                  100% 1.21M=0.03s

2018-05-16 15:03:48 (1.21 MB/s) - ‘../data/deliveryimages.acm.org/10.1145/3200000/3191569/images/www18companion-308-fig3.jpg’ saved [34566/34566]

--2018-05-16 15:03:48--  http://deliveryimages.acm.org/10.1145/3200000/3191569/images/www18companion-308-fig4.jpg
Connecting to deliveryimages.acm.org (deliveryimages.acm.org)|104.17.80.191|:80... connected.
HTTP request sent, awaiting response... 301 Moved Permanently
Location: https://deliveryimages.acm.org/10.1145/3200000/3191569/images/www18companion-308-fig4.jpg [following]
--2018-05-16 15:03:48--  https://deliveryimages.acm.org/10.1145/3200000/3191569/images/www18companion-308-fig4.jpg
Connecting to deliveryimages.acm.org (deliveryimages.acm.org)|104.17.80.191|:443... connected.
HTTP request sent, awaiting response... 200 OK
Length: 27092 (26K) [image/jpeg]
Saving to: ‘../data/deliveryimages.acm.org/10.1145/3200000/3191569/images/www18companion-308-fig4.jpg’

     0K .......... .......... ......                          100%  981K=0.03s

2018-05-16 15:03:49 (981 KB/s) - ‘../data/deliveryimages.acm.org/10.1145/3200000/3191569/images/www18companion-308-fig4.jpg’ saved [27092/27092]

--2018-05-16 15:03:49--  http://deliveryimages.acm.org/10.1145/3200000/3191569/images/www18companion-308-fig5.jpg
Connecting to deliveryimages.acm.org (deliveryimages.acm.org)|104.17.80.191|:80... connected.
HTTP request sent, awaiting response... 301 Moved Permanently
Location: https://deliveryimages.acm.org/10.1145/3200000/3191569/images/www18companion-308-fig5.jpg [following]
--2018-05-16 15:03:49--  https://deliveryimages.acm.org/10.1145/3200000/3191569/images/www18companion-308-fig5.jpg
Connecting to deliveryimages.acm.org (deliveryimages.acm.org)|104.17.80.191|:443... connected.
HTTP request sent, awaiting response... 200 OK
Length: 34250 (33K) [image/jpeg]
Saving to: ‘../data/deliveryimages.acm.org/10.1145/3200000/3191569/images/www18companion-308-fig5.jpg’

     0K .......... .......... .......... ...                  100% 1.03M=0.03s

2018-05-16 15:03:49 (1.03 MB/s) - ‘../data/deliveryimages.acm.org/10.1145/3200000/3191569/images/www18companion-308-fig5.jpg’ saved [34250/34250]

--2018-05-16 15:03:49--  http://deliveryimages.acm.org/10.1145/3200000/3191569/images/www18companion-308-fig6.jpg
Connecting to deliveryimages.acm.org (deliveryimages.acm.org)|104.17.80.191|:80... connected.
HTTP request sent, awaiting response... 301 Moved Permanently
Location: https://deliveryimages.acm.org/10.1145/3200000/3191569/images/www18companion-308-fig6.jpg [following]
--2018-05-16 15:03:49--  https://deliveryimages.acm.org/10.1145/3200000/3191569/images/www18companion-308-fig6.jpg
Connecting to deliveryimages.acm.org (deliveryimages.acm.org)|104.17.80.191|:443... connected.
HTTP request sent, awaiting response... 200 OK
Length: 38878 (38K) [image/jpeg]
Saving to: ‘../data/deliveryimages.acm.org/10.1145/3200000/3191569/images/www18companion-308-fig6.jpg’

     0K .......... .......... .......... .......              100%  602K=0.06s

2018-05-16 15:03:49 (602 KB/s) - ‘../data/deliveryimages.acm.org/10.1145/3200000/3191569/images/www18companion-308-fig6.jpg’ saved [38878/38878]

--2018-05-16 15:03:49--  http://deliveryimages.acm.org/10.1145/3200000/3191569/images/www18companion-308-fig7.jpg
Connecting to deliveryimages.acm.org (deliveryimages.acm.org)|104.17.80.191|:80... connected.
HTTP request sent, awaiting response... 301 Moved Permanently
Location: https://deliveryimages.acm.org/10.1145/3200000/3191569/images/www18companion-308-fig7.jpg [following]
--2018-05-16 15:03:49--  https://deliveryimages.acm.org/10.1145/3200000/3191569/images/www18companion-308-fig7.jpg
Connecting to deliveryimages.acm.org (deliveryimages.acm.org)|104.17.80.191|:443... connected.
HTTP request sent, awaiting response... 200 OK
Length: 45751 (45K) [image/jpeg]
Saving to: ‘../data/deliveryimages.acm.org/10.1145/3200000/3191569/images/www18companion-308-fig7.jpg’

     0K .......... .......... .......... .......... ....      100%  917K=0.05s

2018-05-16 15:03:49 (917 KB/s) - ‘../data/deliveryimages.acm.org/10.1145/3200000/3191569/images/www18companion-308-fig7.jpg’ saved [45751/45751]

FINISHED --2018-05-16 15:03:49--
Total wall clock time: 2.8s
Downloaded: 8 files, 358K in 0.5s (717 KB/s)
Converting links in ../data/delivery.acm.org/10.1145/3200000/3191569/p1295-henry.html?ip=24.48.71.56&id=3191569&acc=OPENTOC&key=4D4702B0C3E38B35.4D4702B0C3E38B35.4D4702B0C3E38B35.4DD68F0663C025AA&__acm__=1526497725_f94cd4c98e2b4387c1918922a528b9c4... 42-0
Converted links in 1 files in 0.002 seconds.
