--2018-05-16 14:56:38--  http://delivery.acm.org/10.1145/3200000/3191574/p1331-nasim.html?ip=24.48.71.56&id=3191574&acc=OPENTOC&key=4D4702B0C3E38B35%2E4D4702B0C3E38B35%2E4D4702B0C3E38B35%2E4DD68F0663C025AA&__acm__=1526497297_212b8f31d164948b4f7293bced096495
Resolving delivery.acm.org (delivery.acm.org)... 24.200.120.82, 24.200.120.90
Connecting to delivery.acm.org (delivery.acm.org)|24.200.120.82|:80... connected.
HTTP request sent, awaiting response... 200 OK
Length: 65779 (64K) [text/html]
Saving to: ‘../data/delivery.acm.org/10.1145/3200000/3191574/p1331-nasim.html?ip=24.48.71.56&id=3191574&acc=OPENTOC&key=4D4702B0C3E38B35.4D4702B0C3E38B35.4D4702B0C3E38B35.4DD68F0663C025AA&__acm__=1526497297_212b8f31d164948b4f7293bced096495’

     0K .......... .......... .......... .......... .......... 77% 1.78M 0s
    50K .......... ....                                       100% 2.36M=0.03s

2018-05-16 14:56:38 (1.88 MB/s) - ‘../data/delivery.acm.org/10.1145/3200000/3191574/p1331-nasim.html?ip=24.48.71.56&id=3191574&acc=OPENTOC&key=4D4702B0C3E38B35.4D4702B0C3E38B35.4D4702B0C3E38B35.4DD68F0663C025AA&__acm__=1526497297_212b8f31d164948b4f7293bced096495’ saved [65779/65779]

--2018-05-16 14:56:38--  http://deliveryimages.acm.org/10.1145/3200000/3191574/images/www18companion-313-fig1.jpg
Resolving deliveryimages.acm.org (deliveryimages.acm.org)... 104.17.80.191, 104.17.79.191
Connecting to deliveryimages.acm.org (deliveryimages.acm.org)|104.17.80.191|:80... connected.
HTTP request sent, awaiting response... 301 Moved Permanently
Location: https://deliveryimages.acm.org/10.1145/3200000/3191574/images/www18companion-313-fig1.jpg [following]
--2018-05-16 14:56:38--  https://deliveryimages.acm.org/10.1145/3200000/3191574/images/www18companion-313-fig1.jpg
Connecting to deliveryimages.acm.org (deliveryimages.acm.org)|104.17.80.191|:443... connected.
HTTP request sent, awaiting response... 200 OK
Length: 176457 (172K) [image/jpeg]
Saving to: ‘../data/deliveryimages.acm.org/10.1145/3200000/3191574/images/www18companion-313-fig1.jpg’

     0K .......... .......... .......... .......... .......... 29%  870K 0s
    50K .......... .......... .......... .......... .......... 58%  724K 0s
   100K .......... .......... .......... .......... .......... 87%  959K 0s
   150K .......... .......... ..                              100% 1.18M=0.2s

2018-05-16 14:56:39 (875 KB/s) - ‘../data/deliveryimages.acm.org/10.1145/3200000/3191574/images/www18companion-313-fig1.jpg’ saved [176457/176457]

--2018-05-16 14:56:39--  http://deliveryimages.acm.org/10.1145/3200000/3191574/images/www18companion-313-fig2.jpg
Connecting to deliveryimages.acm.org (deliveryimages.acm.org)|104.17.80.191|:80... connected.
HTTP request sent, awaiting response... 301 Moved Permanently
Location: https://deliveryimages.acm.org/10.1145/3200000/3191574/images/www18companion-313-fig2.jpg [following]
--2018-05-16 14:56:39--  https://deliveryimages.acm.org/10.1145/3200000/3191574/images/www18companion-313-fig2.jpg
Connecting to deliveryimages.acm.org (deliveryimages.acm.org)|104.17.80.191|:443... connected.
HTTP request sent, awaiting response... 200 OK
Length: 41588 (41K) [image/jpeg]
Saving to: ‘../data/deliveryimages.acm.org/10.1145/3200000/3191574/images/www18companion-313-fig2.jpg’

     0K .......... .......... .......... ..........           100% 1.01M=0.04s

2018-05-16 14:56:39 (1.01 MB/s) - ‘../data/deliveryimages.acm.org/10.1145/3200000/3191574/images/www18companion-313-fig2.jpg’ saved [41588/41588]

--2018-05-16 14:56:39--  http://deliveryimages.acm.org/10.1145/3200000/3191574/images/www18companion-313-fig3.jpg
Connecting to deliveryimages.acm.org (deliveryimages.acm.org)|104.17.80.191|:80... connected.
HTTP request sent, awaiting response... 301 Moved Permanently
Location: https://deliveryimages.acm.org/10.1145/3200000/3191574/images/www18companion-313-fig3.jpg [following]
--2018-05-16 14:56:39--  https://deliveryimages.acm.org/10.1145/3200000/3191574/images/www18companion-313-fig3.jpg
Connecting to deliveryimages.acm.org (deliveryimages.acm.org)|104.17.80.191|:443... connected.
HTTP request sent, awaiting response... 200 OK
Length: 37752 (37K) [image/jpeg]
Saving to: ‘../data/deliveryimages.acm.org/10.1145/3200000/3191574/images/www18companion-313-fig3.jpg’

     0K .......... .......... .......... ......               100% 1.10M=0.03s

2018-05-16 14:56:39 (1.10 MB/s) - ‘../data/deliveryimages.acm.org/10.1145/3200000/3191574/images/www18companion-313-fig3.jpg’ saved [37752/37752]

--2018-05-16 14:56:39--  http://deliveryimages.acm.org/10.1145/3200000/3191574/images/www18companion-313-fig4.jpg
Connecting to deliveryimages.acm.org (deliveryimages.acm.org)|104.17.80.191|:80... connected.
HTTP request sent, awaiting response... 301 Moved Permanently
Location: https://deliveryimages.acm.org/10.1145/3200000/3191574/images/www18companion-313-fig4.jpg [following]
--2018-05-16 14:56:39--  https://deliveryimages.acm.org/10.1145/3200000/3191574/images/www18companion-313-fig4.jpg
Connecting to deliveryimages.acm.org (deliveryimages.acm.org)|104.17.80.191|:443... connected.
HTTP request sent, awaiting response... 200 OK
Length: 42474 (41K) [image/jpeg]
Saving to: ‘../data/deliveryimages.acm.org/10.1145/3200000/3191574/images/www18companion-313-fig4.jpg’

     0K .......... .......... .......... .......... .         100% 1.34M=0.03s

2018-05-16 14:56:40 (1.34 MB/s) - ‘../data/deliveryimages.acm.org/10.1145/3200000/3191574/images/www18companion-313-fig4.jpg’ saved [42474/42474]

--2018-05-16 14:56:40--  http://deliveryimages.acm.org/10.1145/3200000/3191574/images/www18companion-313-fig5.jpg
Connecting to deliveryimages.acm.org (deliveryimages.acm.org)|104.17.80.191|:80... connected.
HTTP request sent, awaiting response... 301 Moved Permanently
Location: https://deliveryimages.acm.org/10.1145/3200000/3191574/images/www18companion-313-fig5.jpg [following]
--2018-05-16 14:56:40--  https://deliveryimages.acm.org/10.1145/3200000/3191574/images/www18companion-313-fig5.jpg
Connecting to deliveryimages.acm.org (deliveryimages.acm.org)|104.17.80.191|:443... connected.
HTTP request sent, awaiting response... 200 OK
Length: 324076 (316K) [image/jpeg]
Saving to: ‘../data/deliveryimages.acm.org/10.1145/3200000/3191574/images/www18companion-313-fig5.jpg’

     0K .......... .......... .......... .......... .......... 15%  747K 0s
    50K .......... .......... .......... .......... .......... 31% 9.41M 0s
   100K .......... .......... .......... .......... .......... 47%  332K 0s
   150K .......... .......... .......... .......... .......... 63% 36.6M 0s
   200K .......... .......... .......... .......... .......... 78%  193M 0s
   250K .......... .......... .......... .......... .......... 94%  241M 0s
   300K .......... ......                                     100%  252M=0.2s

2018-05-16 14:56:40 (1.38 MB/s) - ‘../data/deliveryimages.acm.org/10.1145/3200000/3191574/images/www18companion-313-fig5.jpg’ saved [324076/324076]

--2018-05-16 14:56:40--  http://deliveryimages.acm.org/10.1145/3200000/3191574/images/www18companion-313-fig6.jpg
Connecting to deliveryimages.acm.org (deliveryimages.acm.org)|104.17.80.191|:80... connected.
HTTP request sent, awaiting response... 301 Moved Permanently
Location: https://deliveryimages.acm.org/10.1145/3200000/3191574/images/www18companion-313-fig6.jpg [following]
--2018-05-16 14:56:40--  https://deliveryimages.acm.org/10.1145/3200000/3191574/images/www18companion-313-fig6.jpg
Connecting to deliveryimages.acm.org (deliveryimages.acm.org)|104.17.80.191|:443... connected.
HTTP request sent, awaiting response... 200 OK
Length: 528357 (516K) [image/jpeg]
Saving to: ‘../data/deliveryimages.acm.org/10.1145/3200000/3191574/images/www18companion-313-fig6.jpg’

     0K .......... .......... .......... .......... ..........  9%  470K 1s
    50K .......... .......... .......... .......... .......... 19%  698K 1s
   100K .......... .......... .......... .......... .......... 29%  940K 1s
   150K .......... .......... .......... .......... .......... 38%  667K 0s
   200K .......... .......... .......... .......... .......... 48% 1.25M 0s
   250K .......... .......... .......... .......... .......... 58%  824K 0s
   300K .......... .......... .......... .......... .......... 67%  801K 0s
   350K .......... .......... .......... .......... .......... 77%  388K 0s
   400K .......... .......... .......... .......... .......... 87%  747K 0s
   450K .......... .......... .......... .......... .......... 96%  330K 0s
   500K .......... .....                                      100% 7.92M=0.8s

2018-05-16 14:56:41 (631 KB/s) - ‘../data/deliveryimages.acm.org/10.1145/3200000/3191574/images/www18companion-313-fig6.jpg’ saved [528357/528357]

--2018-05-16 14:56:41--  http://deliveryimages.acm.org/10.1145/3200000/3191574/images/www18companion-313-fig7.jpg
Connecting to deliveryimages.acm.org (deliveryimages.acm.org)|104.17.80.191|:80... connected.
HTTP request sent, awaiting response... 301 Moved Permanently
Location: https://deliveryimages.acm.org/10.1145/3200000/3191574/images/www18companion-313-fig7.jpg [following]
--2018-05-16 14:56:41--  https://deliveryimages.acm.org/10.1145/3200000/3191574/images/www18companion-313-fig7.jpg
Connecting to deliveryimages.acm.org (deliveryimages.acm.org)|104.17.80.191|:443... connected.
HTTP request sent, awaiting response... 200 OK
Length: 407040 (398K) [image/jpeg]
Saving to: ‘../data/deliveryimages.acm.org/10.1145/3200000/3191574/images/www18companion-313-fig7.jpg’

     0K .......... .......... .......... .......... .......... 12%  981K 0s
    50K .......... .......... .......... .......... .......... 25% 3.00M 0s
   100K .......... .......... .......... .......... .......... 37% 4.73M 0s
   150K .......... .......... .......... .......... .......... 50% 5.41M 0s
   200K .......... .......... .......... .......... .......... 62% 3.20M 0s
   250K .......... .......... .......... .......... .......... 75% 4.89M 0s
   300K .......... .......... .......... .......... .......... 88% 3.29M 0s
   350K .......... .......... .......... .......... .......   100% 6.37M=0.1s

2018-05-16 14:56:42 (2.90 MB/s) - ‘../data/deliveryimages.acm.org/10.1145/3200000/3191574/images/www18companion-313-fig7.jpg’ saved [407040/407040]

--2018-05-16 14:56:42--  http://deliveryimages.acm.org/10.1145/3200000/3191574/images/www18companion-313-fig8.jpg
Connecting to deliveryimages.acm.org (deliveryimages.acm.org)|104.17.80.191|:80... connected.
HTTP request sent, awaiting response... 301 Moved Permanently
Location: https://deliveryimages.acm.org/10.1145/3200000/3191574/images/www18companion-313-fig8.jpg [following]
--2018-05-16 14:56:42--  https://deliveryimages.acm.org/10.1145/3200000/3191574/images/www18companion-313-fig8.jpg
Connecting to deliveryimages.acm.org (deliveryimages.acm.org)|104.17.80.191|:443... connected.
HTTP request sent, awaiting response... 200 OK
Length: 57559 (56K) [image/jpeg]
Saving to: ‘../data/deliveryimages.acm.org/10.1145/3200000/3191574/images/www18companion-313-fig8.jpg’

     0K .......... .......... .......... .......... .......... 88% 1.64M 0s
    50K ......                                                100%  889K=0.04s

2018-05-16 14:56:42 (1.50 MB/s) - ‘../data/deliveryimages.acm.org/10.1145/3200000/3191574/images/www18companion-313-fig8.jpg’ saved [57559/57559]

--2018-05-16 14:56:42--  http://deliveryimages.acm.org/10.1145/3200000/3191574/images/www18companion-313-fig9.jpg
Connecting to deliveryimages.acm.org (deliveryimages.acm.org)|104.17.80.191|:80... connected.
HTTP request sent, awaiting response... 301 Moved Permanently
Location: https://deliveryimages.acm.org/10.1145/3200000/3191574/images/www18companion-313-fig9.jpg [following]
--2018-05-16 14:56:42--  https://deliveryimages.acm.org/10.1145/3200000/3191574/images/www18companion-313-fig9.jpg
Connecting to deliveryimages.acm.org (deliveryimages.acm.org)|104.17.80.191|:443... connected.
HTTP request sent, awaiting response... 200 OK
Length: 18327 (18K) [image/jpeg]
Saving to: ‘../data/deliveryimages.acm.org/10.1145/3200000/3191574/images/www18companion-313-fig9.jpg’

     0K .......... .......                                    100% 1.21M=0.01s

2018-05-16 14:56:42 (1.21 MB/s) - ‘../data/deliveryimages.acm.org/10.1145/3200000/3191574/images/www18companion-313-fig9.jpg’ saved [18327/18327]

FINISHED --2018-05-16 14:56:42--
Total wall clock time: 4.4s
Downloaded: 10 files, 1.6M in 1.6s (1.04 MB/s)
Converting links in ../data/delivery.acm.org/10.1145/3200000/3191574/p1331-nasim.html?ip=24.48.71.56&id=3191574&acc=OPENTOC&key=4D4702B0C3E38B35.4D4702B0C3E38B35.4D4702B0C3E38B35.4DD68F0663C025AA&__acm__=1526497297_212b8f31d164948b4f7293bced096495... 77-0
Converted links in 1 files in 0.003 seconds.
