--2018-05-16 15:21:14--  http://delivery.acm.org/10.1145/3190000/3186339/p291-liang.html?ip=24.48.71.56&id=3186339&acc=OPENTOC&key=4D4702B0C3E38B35%2E4D4702B0C3E38B35%2E4D4702B0C3E38B35%2E4DD68F0663C025AA&__acm__=1526498774_6f24bcfde9b1c52c1937464667cc5dc1
Resolving delivery.acm.org (delivery.acm.org)... 24.200.120.90, 24.200.120.82
Connecting to delivery.acm.org (delivery.acm.org)|24.200.120.90|:80... connected.
HTTP request sent, awaiting response... 200 OK
Length: 78864 (77K) [text/html]
Saving to: ‘../data/delivery.acm.org/10.1145/3190000/3186339/p291-liang.html?ip=24.48.71.56&id=3186339&acc=OPENTOC&key=4D4702B0C3E38B35.4D4702B0C3E38B35.4D4702B0C3E38B35.4DD68F0663C025AA&__acm__=1526498774_6f24bcfde9b1c52c1937464667cc5dc1’

     0K .......... .......... .......... .......... .......... 64% 2.61M 0s
    50K .......... .......... .......                         100% 4.64M=0.02s

2018-05-16 15:21:14 (3.08 MB/s) - ‘../data/delivery.acm.org/10.1145/3190000/3186339/p291-liang.html?ip=24.48.71.56&id=3186339&acc=OPENTOC&key=4D4702B0C3E38B35.4D4702B0C3E38B35.4D4702B0C3E38B35.4DD68F0663C025AA&__acm__=1526498774_6f24bcfde9b1c52c1937464667cc5dc1’ saved [78864/78864]

--2018-05-16 15:21:14--  http://deliveryimages.acm.org/10.1145/3190000/3186339/images/www18companion-101-fig1.jpg
Resolving deliveryimages.acm.org (deliveryimages.acm.org)... 104.17.79.191, 104.17.80.191
Connecting to deliveryimages.acm.org (deliveryimages.acm.org)|104.17.79.191|:80... connected.
HTTP request sent, awaiting response... 301 Moved Permanently
Location: https://deliveryimages.acm.org/10.1145/3190000/3186339/images/www18companion-101-fig1.jpg [following]
--2018-05-16 15:21:14--  https://deliveryimages.acm.org/10.1145/3190000/3186339/images/www18companion-101-fig1.jpg
Connecting to deliveryimages.acm.org (deliveryimages.acm.org)|104.17.79.191|:443... connected.
HTTP request sent, awaiting response... 200 OK
Length: 119225 (116K) [image/jpeg]
Saving to: ‘../data/deliveryimages.acm.org/10.1145/3190000/3186339/images/www18companion-101-fig1.jpg’

     0K .......... .......... .......... .......... .......... 42% 1.24M 0s
    50K .......... .......... .......... .......... .......... 85% 1.33M 0s
   100K .......... ......                                     100% 1.42M=0.09s

2018-05-16 15:21:14 (1.30 MB/s) - ‘../data/deliveryimages.acm.org/10.1145/3190000/3186339/images/www18companion-101-fig1.jpg’ saved [119225/119225]

--2018-05-16 15:21:14--  http://deliveryimages.acm.org/10.1145/3190000/3186339/images/www18companion-101-fig2.jpg
Connecting to deliveryimages.acm.org (deliveryimages.acm.org)|104.17.79.191|:80... connected.
HTTP request sent, awaiting response... 301 Moved Permanently
Location: https://deliveryimages.acm.org/10.1145/3190000/3186339/images/www18companion-101-fig2.jpg [following]
--2018-05-16 15:21:15--  https://deliveryimages.acm.org/10.1145/3190000/3186339/images/www18companion-101-fig2.jpg
Connecting to deliveryimages.acm.org (deliveryimages.acm.org)|104.17.79.191|:443... connected.
HTTP request sent, awaiting response... 200 OK
Length: 162710 (159K) [image/jpeg]
Saving to: ‘../data/deliveryimages.acm.org/10.1145/3190000/3186339/images/www18companion-101-fig2.jpg’

     0K .......... .......... .......... .......... .......... 31% 1.45M 0s
    50K .......... .......... .......... .......... .......... 62% 2.08M 0s
   100K .......... .......... .......... .......... .......... 94% 2.66M 0s
   150K ........                                              100% 5.01M=0.08s

2018-05-16 15:21:15 (2.01 MB/s) - ‘../data/deliveryimages.acm.org/10.1145/3190000/3186339/images/www18companion-101-fig2.jpg’ saved [162710/162710]

--2018-05-16 15:21:15--  http://deliveryimages.acm.org/10.1145/3190000/3186339/images/www18companion-101-fig3.jpg
Connecting to deliveryimages.acm.org (deliveryimages.acm.org)|104.17.79.191|:80... connected.
HTTP request sent, awaiting response... 301 Moved Permanently
Location: https://deliveryimages.acm.org/10.1145/3190000/3186339/images/www18companion-101-fig3.jpg [following]
--2018-05-16 15:21:15--  https://deliveryimages.acm.org/10.1145/3190000/3186339/images/www18companion-101-fig3.jpg
Connecting to deliveryimages.acm.org (deliveryimages.acm.org)|104.17.79.191|:443... connected.
HTTP request sent, awaiting response... 200 OK
Length: 54608 (53K) [image/jpeg]
Saving to: ‘../data/deliveryimages.acm.org/10.1145/3190000/3186339/images/www18companion-101-fig3.jpg’

     0K .......... .......... .......... .......... .......... 93% 1.50M 0s
    50K ...                                                   100% 3.24M=0.03s

2018-05-16 15:21:15 (1.55 MB/s) - ‘../data/deliveryimages.acm.org/10.1145/3190000/3186339/images/www18companion-101-fig3.jpg’ saved [54608/54608]

--2018-05-16 15:21:15--  http://deliveryimages.acm.org/10.1145/3190000/3186339/images/www18companion-101-fig4.jpg
Connecting to deliveryimages.acm.org (deliveryimages.acm.org)|104.17.79.191|:80... connected.
HTTP request sent, awaiting response... 301 Moved Permanently
Location: https://deliveryimages.acm.org/10.1145/3190000/3186339/images/www18companion-101-fig4.jpg [following]
--2018-05-16 15:21:15--  https://deliveryimages.acm.org/10.1145/3190000/3186339/images/www18companion-101-fig4.jpg
Connecting to deliveryimages.acm.org (deliveryimages.acm.org)|104.17.79.191|:443... connected.
HTTP request sent, awaiting response... 200 OK
Length: 104388 (102K) [image/jpeg]
Saving to: ‘../data/deliveryimages.acm.org/10.1145/3190000/3186339/images/www18companion-101-fig4.jpg’

     0K .......... .......... .......... .......... .......... 49% 1.43M 0s
    50K .......... .......... .......... .......... .......... 98% 3.17M 0s
   100K .                                                     100% 3703G=0.05s

2018-05-16 15:21:15 (2.01 MB/s) - ‘../data/deliveryimages.acm.org/10.1145/3190000/3186339/images/www18companion-101-fig4.jpg’ saved [104388/104388]

--2018-05-16 15:21:15--  http://deliveryimages.acm.org/10.1145/3190000/3186339/images/www18companion-101-fig5.jpg
Connecting to deliveryimages.acm.org (deliveryimages.acm.org)|104.17.79.191|:80... connected.
HTTP request sent, awaiting response... 301 Moved Permanently
Location: https://deliveryimages.acm.org/10.1145/3190000/3186339/images/www18companion-101-fig5.jpg [following]
--2018-05-16 15:21:15--  https://deliveryimages.acm.org/10.1145/3190000/3186339/images/www18companion-101-fig5.jpg
Connecting to deliveryimages.acm.org (deliveryimages.acm.org)|104.17.79.191|:443... connected.
HTTP request sent, awaiting response... 200 OK
Length: 155118 (151K) [image/jpeg]
Saving to: ‘../data/deliveryimages.acm.org/10.1145/3190000/3186339/images/www18companion-101-fig5.jpg’

     0K .......... .......... .......... .......... .......... 33% 1.02M 0s
    50K .......... .......... .......... .......... .......... 66% 2.78M 0s
   100K .......... .......... .......... .......... .......... 99% 6.35M 0s
   150K .                                                     100% 2827G=0.07s

2018-05-16 15:21:16 (2.03 MB/s) - ‘../data/deliveryimages.acm.org/10.1145/3190000/3186339/images/www18companion-101-fig5.jpg’ saved [155118/155118]

--2018-05-16 15:21:16--  http://deliveryimages.acm.org/10.1145/3190000/3186339/images/www18companion-101-fig6.jpg
Connecting to deliveryimages.acm.org (deliveryimages.acm.org)|104.17.79.191|:80... connected.
HTTP request sent, awaiting response... 301 Moved Permanently
Location: https://deliveryimages.acm.org/10.1145/3190000/3186339/images/www18companion-101-fig6.jpg [following]
--2018-05-16 15:21:16--  https://deliveryimages.acm.org/10.1145/3190000/3186339/images/www18companion-101-fig6.jpg
Connecting to deliveryimages.acm.org (deliveryimages.acm.org)|104.17.79.191|:443... connected.
HTTP request sent, awaiting response... 200 OK
Length: 43636 (43K) [image/jpeg]
Saving to: ‘../data/deliveryimages.acm.org/10.1145/3190000/3186339/images/www18companion-101-fig6.jpg’

     0K .......... .......... .......... .......... ..        100% 1.50M=0.03s

2018-05-16 15:21:16 (1.50 MB/s) - ‘../data/deliveryimages.acm.org/10.1145/3190000/3186339/images/www18companion-101-fig6.jpg’ saved [43636/43636]

FINISHED --2018-05-16 15:21:16--
Total wall clock time: 2.2s
Downloaded: 7 files, 702K in 0.4s (1.84 MB/s)
Converting links in ../data/delivery.acm.org/10.1145/3190000/3186339/p291-liang.html?ip=24.48.71.56&id=3186339&acc=OPENTOC&key=4D4702B0C3E38B35.4D4702B0C3E38B35.4D4702B0C3E38B35.4DD68F0663C025AA&__acm__=1526498774_6f24bcfde9b1c52c1937464667cc5dc1... 112-0
Converted links in 1 files in 0.004 seconds.
