--2018-05-16 14:15:37--  http://delivery.acm.org/10.1145/3190000/3186031/p1-vaish.html?ip=24.48.71.56&id=3186031&acc=OPENTOC&key=4D4702B0C3E38B35%2E4D4702B0C3E38B35%2E4D4702B0C3E38B35%2E4DD68F0663C025AA&__acm__=1526494836_2fe1e219030d994c06d5ce2be343f3ab
Resolving delivery.acm.org (delivery.acm.org)... 24.200.120.90, 24.200.120.82
Connecting to delivery.acm.org (delivery.acm.org)|24.200.120.90|:80... connected.
HTTP request sent, awaiting response... 200 OK
Length: 84687 (83K) [text/html]
Saving to: ‘../data/delivery.acm.org/10.1145/3190000/3186031/p1-vaish.html?ip=24.48.71.56&id=3186031&acc=OPENTOC&key=4D4702B0C3E38B35.4D4702B0C3E38B35.4D4702B0C3E38B35.4DD68F0663C025AA&__acm__=1526494836_2fe1e219030d994c06d5ce2be343f3ab’

     0K .......... .......... .......... .......... .......... 60% 1.32M 0s
    50K .......... .......... .......... ..                   100%  154M=0.04s

2018-05-16 14:15:38 (2.17 MB/s) - ‘../data/delivery.acm.org/10.1145/3190000/3186031/p1-vaish.html?ip=24.48.71.56&id=3186031&acc=OPENTOC&key=4D4702B0C3E38B35.4D4702B0C3E38B35.4D4702B0C3E38B35.4DD68F0663C025AA&__acm__=1526494836_2fe1e219030d994c06d5ce2be343f3ab’ saved [84687/84687]

--2018-05-16 14:15:38--  http://deliveryimages.acm.org/10.1145/3190000/3186031/images/www2018-40-fig1.jpg
Resolving deliveryimages.acm.org (deliveryimages.acm.org)... 104.17.79.191, 104.17.80.191
Connecting to deliveryimages.acm.org (deliveryimages.acm.org)|104.17.79.191|:80... connected.
HTTP request sent, awaiting response... 301 Moved Permanently
Location: https://deliveryimages.acm.org/10.1145/3190000/3186031/images/www2018-40-fig1.jpg [following]
--2018-05-16 14:15:38--  https://deliveryimages.acm.org/10.1145/3190000/3186031/images/www2018-40-fig1.jpg
Connecting to deliveryimages.acm.org (deliveryimages.acm.org)|104.17.79.191|:443... connected.
HTTP request sent, awaiting response... 200 OK
Length: 102465 (100K) [image/jpeg]
Saving to: ‘../data/deliveryimages.acm.org/10.1145/3190000/3186031/images/www2018-40-fig1.jpg’

     0K .......... .......... .......... .......... .......... 49% 1.50M 0s
    50K .......... .......... .......... .......... .......... 99% 2.38M 0s
   100K                                                       100%  121G=0.05s

2018-05-16 14:15:38 (1.84 MB/s) - ‘../data/deliveryimages.acm.org/10.1145/3190000/3186031/images/www2018-40-fig1.jpg’ saved [102465/102465]

--2018-05-16 14:15:38--  http://deliveryimages.acm.org/10.1145/3190000/3186031/images/www2018-40-fig2.jpg
Connecting to deliveryimages.acm.org (deliveryimages.acm.org)|104.17.79.191|:80... connected.
HTTP request sent, awaiting response... 301 Moved Permanently
Location: https://deliveryimages.acm.org/10.1145/3190000/3186031/images/www2018-40-fig2.jpg [following]
--2018-05-16 14:15:38--  https://deliveryimages.acm.org/10.1145/3190000/3186031/images/www2018-40-fig2.jpg
Connecting to deliveryimages.acm.org (deliveryimages.acm.org)|104.17.79.191|:443... connected.
HTTP request sent, awaiting response... 200 OK
Length: 254681 (249K) [image/jpeg]
Saving to: ‘../data/deliveryimages.acm.org/10.1145/3190000/3186031/images/www2018-40-fig2.jpg’

     0K .......... .......... .......... .......... .......... 20%  957K 0s
    50K .......... .......... .......... .......... .......... 40% 2.25M 0s
   100K .......... .......... .......... .......... .......... 60% 3.29M 0s
   150K .......... .......... .......... .......... .......... 80% 2.64M 0s
   200K .......... .......... .......... .......... ........  100% 3.64M=0.1s

2018-05-16 14:15:38 (2.02 MB/s) - ‘../data/deliveryimages.acm.org/10.1145/3190000/3186031/images/www2018-40-fig2.jpg’ saved [254681/254681]

--2018-05-16 14:15:38--  http://deliveryimages.acm.org/10.1145/3190000/3186031/images/www2018-40-fig3.jpg
Connecting to deliveryimages.acm.org (deliveryimages.acm.org)|104.17.79.191|:80... connected.
HTTP request sent, awaiting response... 301 Moved Permanently
Location: https://deliveryimages.acm.org/10.1145/3190000/3186031/images/www2018-40-fig3.jpg [following]
--2018-05-16 14:15:38--  https://deliveryimages.acm.org/10.1145/3190000/3186031/images/www2018-40-fig3.jpg
Connecting to deliveryimages.acm.org (deliveryimages.acm.org)|104.17.79.191|:443... connected.
HTTP request sent, awaiting response... 200 OK
Length: 89748 (88K) [image/jpeg]
Saving to: ‘../data/deliveryimages.acm.org/10.1145/3190000/3186031/images/www2018-40-fig3.jpg’

     0K .......... .......... .......... .......... .......... 57% 1.13M 0s
    50K .......... .......... .......... .......              100% 3.26M=0.05s

2018-05-16 14:15:39 (1.57 MB/s) - ‘../data/deliveryimages.acm.org/10.1145/3190000/3186031/images/www2018-40-fig3.jpg’ saved [89748/89748]

--2018-05-16 14:15:39--  http://deliveryimages.acm.org/10.1145/3190000/3186031/images/www2018-40-fig4.jpg
Connecting to deliveryimages.acm.org (deliveryimages.acm.org)|104.17.79.191|:80... connected.
HTTP request sent, awaiting response... 301 Moved Permanently
Location: https://deliveryimages.acm.org/10.1145/3190000/3186031/images/www2018-40-fig4.jpg [following]
--2018-05-16 14:15:39--  https://deliveryimages.acm.org/10.1145/3190000/3186031/images/www2018-40-fig4.jpg
Connecting to deliveryimages.acm.org (deliveryimages.acm.org)|104.17.79.191|:443... connected.
HTTP request sent, awaiting response... 200 OK
Length: 120496 (118K) [image/jpeg]
Saving to: ‘../data/deliveryimages.acm.org/10.1145/3190000/3186031/images/www2018-40-fig4.jpg’

     0K .......... .......... .......... .......... .......... 42% 1.74M 0s
    50K .......... .......... .......... .......... .......... 84% 3.28M 0s
   100K .......... .......                                    100% 4.70M=0.05s

2018-05-16 14:15:39 (2.46 MB/s) - ‘../data/deliveryimages.acm.org/10.1145/3190000/3186031/images/www2018-40-fig4.jpg’ saved [120496/120496]

--2018-05-16 14:15:39--  http://deliveryimages.acm.org/10.1145/3190000/3186031/images/www2018-40-fig5.jpg
Connecting to deliveryimages.acm.org (deliveryimages.acm.org)|104.17.79.191|:80... connected.
HTTP request sent, awaiting response... 301 Moved Permanently
Location: https://deliveryimages.acm.org/10.1145/3190000/3186031/images/www2018-40-fig5.jpg [following]
--2018-05-16 14:15:39--  https://deliveryimages.acm.org/10.1145/3190000/3186031/images/www2018-40-fig5.jpg
Connecting to deliveryimages.acm.org (deliveryimages.acm.org)|104.17.79.191|:443... connected.
HTTP request sent, awaiting response... 200 OK
Length: 73917 (72K) [image/jpeg]
Saving to: ‘../data/deliveryimages.acm.org/10.1145/3190000/3186031/images/www2018-40-fig5.jpg’

     0K .......... .......... .......... .......... .......... 69% 1.58M 0s
    50K .......... .......... ..                              100% 2.22M=0.04s

2018-05-16 14:15:40 (1.73 MB/s) - ‘../data/deliveryimages.acm.org/10.1145/3190000/3186031/images/www2018-40-fig5.jpg’ saved [73917/73917]

--2018-05-16 14:15:40--  http://deliveryimages.acm.org/10.1145/3190000/3186031/images/www2018-40-fig6.jpg
Connecting to deliveryimages.acm.org (deliveryimages.acm.org)|104.17.79.191|:80... connected.
HTTP request sent, awaiting response... 301 Moved Permanently
Location: https://deliveryimages.acm.org/10.1145/3190000/3186031/images/www2018-40-fig6.jpg [following]
--2018-05-16 14:15:40--  https://deliveryimages.acm.org/10.1145/3190000/3186031/images/www2018-40-fig6.jpg
Connecting to deliveryimages.acm.org (deliveryimages.acm.org)|104.17.79.191|:443... connected.
HTTP request sent, awaiting response... 200 OK
Length: 123131 (120K) [image/jpeg]
Saving to: ‘../data/deliveryimages.acm.org/10.1145/3190000/3186031/images/www2018-40-fig6.jpg’

     0K .......... .......... .......... .......... .......... 41% 1.22M 0s
    50K .......... .......... .......... .......... .......... 83% 3.09M 0s
   100K .......... ..........                                 100% 6.31M=0.06s

2018-05-16 14:15:40 (1.99 MB/s) - ‘../data/deliveryimages.acm.org/10.1145/3190000/3186031/images/www2018-40-fig6.jpg’ saved [123131/123131]

--2018-05-16 14:15:40--  http://deliveryimages.acm.org/10.1145/3190000/3186031/images/www2018-40-fig7.jpg
Connecting to deliveryimages.acm.org (deliveryimages.acm.org)|104.17.79.191|:80... connected.
HTTP request sent, awaiting response... 301 Moved Permanently
Location: https://deliveryimages.acm.org/10.1145/3190000/3186031/images/www2018-40-fig7.jpg [following]
--2018-05-16 14:15:40--  https://deliveryimages.acm.org/10.1145/3190000/3186031/images/www2018-40-fig7.jpg
Connecting to deliveryimages.acm.org (deliveryimages.acm.org)|104.17.79.191|:443... connected.
HTTP request sent, awaiting response... 200 OK
Length: 68153 (67K) [image/jpeg]
Saving to: ‘../data/deliveryimages.acm.org/10.1145/3190000/3186031/images/www2018-40-fig7.jpg’

     0K .......... .......... .......... .......... .......... 75% 1.11M 0s
    50K .......... ......                                     100% 21.1M=0.04s

2018-05-16 14:15:40 (1.45 MB/s) - ‘../data/deliveryimages.acm.org/10.1145/3190000/3186031/images/www2018-40-fig7.jpg’ saved [68153/68153]

FINISHED --2018-05-16 14:15:40--
Total wall clock time: 3.0s
Downloaded: 8 files, 896K in 0.5s (1.92 MB/s)
Converting links in ../data/delivery.acm.org/10.1145/3190000/3186031/p1-vaish.html?ip=24.48.71.56&id=3186031&acc=OPENTOC&key=4D4702B0C3E38B35.4D4702B0C3E38B35.4D4702B0C3E38B35.4DD68F0663C025AA&__acm__=1526494836_2fe1e219030d994c06d5ce2be343f3ab... 92-0
Converted links in 1 files in 0.003 seconds.
