--2018-05-16 15:16:15--  http://delivery.acm.org/10.1145/3200000/3191648/p1833-brouwer.html?ip=24.48.71.56&id=3191648&acc=OPENTOC&key=4D4702B0C3E38B35%2E4D4702B0C3E38B35%2E4D4702B0C3E38B35%2E4DD68F0663C025AA&__acm__=1526498474_f40d33ed2356b54daaf2c871b7d8261a
Resolving delivery.acm.org (delivery.acm.org)... 24.200.120.82, 24.200.120.90
Connecting to delivery.acm.org (delivery.acm.org)|24.200.120.82|:80... connected.
HTTP request sent, awaiting response... 200 OK
Length: 63568 (62K) [text/html]
Saving to: ‘../data/delivery.acm.org/10.1145/3200000/3191648/p1833-brouwer.html?ip=24.48.71.56&id=3191648&acc=OPENTOC&key=4D4702B0C3E38B35.4D4702B0C3E38B35.4D4702B0C3E38B35.4DD68F0663C025AA&__acm__=1526498474_f40d33ed2356b54daaf2c871b7d8261a’

     0K .......... .......... .......... .......... .......... 80% 3.15M 0s
    50K .......... ..                                         100% 2.84M=0.02s

2018-05-16 15:16:16 (3.08 MB/s) - ‘../data/delivery.acm.org/10.1145/3200000/3191648/p1833-brouwer.html?ip=24.48.71.56&id=3191648&acc=OPENTOC&key=4D4702B0C3E38B35.4D4702B0C3E38B35.4D4702B0C3E38B35.4DD68F0663C025AA&__acm__=1526498474_f40d33ed2356b54daaf2c871b7d8261a’ saved [63568/63568]

--2018-05-16 15:16:16--  http://deliveryimages.acm.org/10.1145/3200000/3191648/images/www18companion-387-fig1.jpg
Resolving deliveryimages.acm.org (deliveryimages.acm.org)... 104.17.79.191, 104.17.80.191
Connecting to deliveryimages.acm.org (deliveryimages.acm.org)|104.17.79.191|:80... connected.
HTTP request sent, awaiting response... 301 Moved Permanently
Location: https://deliveryimages.acm.org/10.1145/3200000/3191648/images/www18companion-387-fig1.jpg [following]
--2018-05-16 15:16:16--  https://deliveryimages.acm.org/10.1145/3200000/3191648/images/www18companion-387-fig1.jpg
Connecting to deliveryimages.acm.org (deliveryimages.acm.org)|104.17.79.191|:443... connected.
HTTP request sent, awaiting response... 200 OK
Length: 44798 (44K) [image/jpeg]
Saving to: ‘../data/deliveryimages.acm.org/10.1145/3200000/3191648/images/www18companion-387-fig1.jpg’

     0K .......... .......... .......... .......... ...       100%  313K=0.1s

2018-05-16 15:16:16 (313 KB/s) - ‘../data/deliveryimages.acm.org/10.1145/3200000/3191648/images/www18companion-387-fig1.jpg’ saved [44798/44798]

--2018-05-16 15:16:16--  http://deliveryimages.acm.org/10.1145/3200000/3191648/images/www18companion-387-fig2.jpg
Connecting to deliveryimages.acm.org (deliveryimages.acm.org)|104.17.79.191|:80... connected.
HTTP request sent, awaiting response... 301 Moved Permanently
Location: https://deliveryimages.acm.org/10.1145/3200000/3191648/images/www18companion-387-fig2.jpg [following]
--2018-05-16 15:16:16--  https://deliveryimages.acm.org/10.1145/3200000/3191648/images/www18companion-387-fig2.jpg
Connecting to deliveryimages.acm.org (deliveryimages.acm.org)|104.17.79.191|:443... connected.
HTTP request sent, awaiting response... 200 OK
Length: 29700 (29K) [image/jpeg]
Saving to: ‘../data/deliveryimages.acm.org/10.1145/3200000/3191648/images/www18companion-387-fig2.jpg’

     0K .......... .......... .........                       100% 1.93M=0.01s

2018-05-16 15:16:17 (1.93 MB/s) - ‘../data/deliveryimages.acm.org/10.1145/3200000/3191648/images/www18companion-387-fig2.jpg’ saved [29700/29700]

--2018-05-16 15:16:17--  http://deliveryimages.acm.org/10.1145/3200000/3191648/images/www18companion-387-fig3.jpg
Connecting to deliveryimages.acm.org (deliveryimages.acm.org)|104.17.79.191|:80... connected.
HTTP request sent, awaiting response... 301 Moved Permanently
Location: https://deliveryimages.acm.org/10.1145/3200000/3191648/images/www18companion-387-fig3.jpg [following]
--2018-05-16 15:16:17--  https://deliveryimages.acm.org/10.1145/3200000/3191648/images/www18companion-387-fig3.jpg
Connecting to deliveryimages.acm.org (deliveryimages.acm.org)|104.17.79.191|:443... connected.
HTTP request sent, awaiting response... 200 OK
Length: 90695 (89K) [image/jpeg]
Saving to: ‘../data/deliveryimages.acm.org/10.1145/3200000/3191648/images/www18companion-387-fig3.jpg’

     0K .......... .......... .......... .......... .......... 56%  112K 0s
    50K .......... .......... .......... ........             100%  503K=0.5s

2018-05-16 15:16:18 (169 KB/s) - ‘../data/deliveryimages.acm.org/10.1145/3200000/3191648/images/www18companion-387-fig3.jpg’ saved [90695/90695]

--2018-05-16 15:16:18--  http://deliveryimages.acm.org/10.1145/3200000/3191648/images/www18companion-387-fig4.jpg
Connecting to deliveryimages.acm.org (deliveryimages.acm.org)|104.17.79.191|:80... connected.
HTTP request sent, awaiting response... 301 Moved Permanently
Location: https://deliveryimages.acm.org/10.1145/3200000/3191648/images/www18companion-387-fig4.jpg [following]
--2018-05-16 15:16:18--  https://deliveryimages.acm.org/10.1145/3200000/3191648/images/www18companion-387-fig4.jpg
Connecting to deliveryimages.acm.org (deliveryimages.acm.org)|104.17.79.191|:443... connected.
HTTP request sent, awaiting response... 200 OK
Length: 54215 (53K) [image/jpeg]
Saving to: ‘../data/deliveryimages.acm.org/10.1145/3200000/3191648/images/www18companion-387-fig4.jpg’

     0K .......... .......... .......... .......... .......... 94% 1.71M 0s
    50K ..                                                    100% 2.77M=0.03s

2018-05-16 15:16:19 (1.74 MB/s) - ‘../data/deliveryimages.acm.org/10.1145/3200000/3191648/images/www18companion-387-fig4.jpg’ saved [54215/54215]

--2018-05-16 15:16:19--  http://deliveryimages.acm.org/10.1145/3200000/3191648/images/www18companion-387-img1.jpg
Connecting to deliveryimages.acm.org (deliveryimages.acm.org)|104.17.79.191|:80... connected.
HTTP request sent, awaiting response... 301 Moved Permanently
Location: https://deliveryimages.acm.org/10.1145/3200000/3191648/images/www18companion-387-img1.jpg [following]
--2018-05-16 15:16:19--  https://deliveryimages.acm.org/10.1145/3200000/3191648/images/www18companion-387-img1.jpg
Connecting to deliveryimages.acm.org (deliveryimages.acm.org)|104.17.79.191|:443... connected.
HTTP request sent, awaiting response... 200 OK
Length: 101611 (99K) [image/jpeg]
Saving to: ‘../data/deliveryimages.acm.org/10.1145/3200000/3191648/images/www18companion-387-img1.jpg’

     0K .......... .......... .......... .......... .......... 50% 99.3K 0s
    50K .......... .......... .......... .......... ......... 100%  111K=0.9s

2018-05-16 15:16:20 (105 KB/s) - ‘../data/deliveryimages.acm.org/10.1145/3200000/3191648/images/www18companion-387-img1.jpg’ saved [101611/101611]

--2018-05-16 15:16:20--  http://deliveryimages.acm.org/10.1145/3200000/3191648/images/www18companion-387-img2.jpg
Connecting to deliveryimages.acm.org (deliveryimages.acm.org)|104.17.79.191|:80... connected.
HTTP request sent, awaiting response... 301 Moved Permanently
Location: https://deliveryimages.acm.org/10.1145/3200000/3191648/images/www18companion-387-img2.jpg [following]
--2018-05-16 15:16:20--  https://deliveryimages.acm.org/10.1145/3200000/3191648/images/www18companion-387-img2.jpg
Connecting to deliveryimages.acm.org (deliveryimages.acm.org)|104.17.79.191|:443... connected.
HTTP request sent, awaiting response... 200 OK
Length: 74867 (73K) [image/jpeg]
Saving to: ‘../data/deliveryimages.acm.org/10.1145/3200000/3191648/images/www18companion-387-img2.jpg’

     0K .......... .......... .......... .......... .......... 68% 1.82M 0s
    50K .......... .......... ...                             100% 9.91M=0.03s

2018-05-16 15:16:20 (2.45 MB/s) - ‘../data/deliveryimages.acm.org/10.1145/3200000/3191648/images/www18companion-387-img2.jpg’ saved [74867/74867]

--2018-05-16 15:16:20--  http://deliveryimages.acm.org/10.1145/3200000/3191648/images/www18companion-387-img3.jpg
Connecting to deliveryimages.acm.org (deliveryimages.acm.org)|104.17.79.191|:80... connected.
HTTP request sent, awaiting response... 301 Moved Permanently
Location: https://deliveryimages.acm.org/10.1145/3200000/3191648/images/www18companion-387-img3.jpg [following]
--2018-05-16 15:16:21--  https://deliveryimages.acm.org/10.1145/3200000/3191648/images/www18companion-387-img3.jpg
Connecting to deliveryimages.acm.org (deliveryimages.acm.org)|104.17.79.191|:443... connected.
HTTP request sent, awaiting response... 200 OK
Length: 90167 (88K) [image/jpeg]
Saving to: ‘../data/deliveryimages.acm.org/10.1145/3200000/3191648/images/www18companion-387-img3.jpg’

     0K .......... .......... .......... .......... .......... 56%  746K 0s
    50K .......... .......... .......... ........             100% 2.06M=0.09s

2018-05-16 15:16:21 (1.01 MB/s) - ‘../data/deliveryimages.acm.org/10.1145/3200000/3191648/images/www18companion-387-img3.jpg’ saved [90167/90167]

--2018-05-16 15:16:21--  http://deliveryimages.acm.org/10.1145/3200000/3191648/images/www18companion-387-fig5.jpg
Connecting to deliveryimages.acm.org (deliveryimages.acm.org)|104.17.79.191|:80... connected.
HTTP request sent, awaiting response... 301 Moved Permanently
Location: https://deliveryimages.acm.org/10.1145/3200000/3191648/images/www18companion-387-fig5.jpg [following]
--2018-05-16 15:16:21--  https://deliveryimages.acm.org/10.1145/3200000/3191648/images/www18companion-387-fig5.jpg
Connecting to deliveryimages.acm.org (deliveryimages.acm.org)|104.17.79.191|:443... connected.
HTTP request sent, awaiting response... 200 OK
Length: 193153 (189K) [image/jpeg]
Saving to: ‘../data/deliveryimages.acm.org/10.1145/3200000/3191648/images/www18companion-387-fig5.jpg’

     0K .......... .......... .......... .......... .......... 26% 1.12M 0s
    50K .......... .......... .......... .......... .......... 53%  843K 0s
   100K .......... .......... .......... .......... .......... 79%  918K 0s
   150K .......... .......... .......... ........             100% 1.58M=0.2s

2018-05-16 15:16:21 (1.02 MB/s) - ‘../data/deliveryimages.acm.org/10.1145/3200000/3191648/images/www18companion-387-fig5.jpg’ saved [193153/193153]

--2018-05-16 15:16:21--  http://deliveryimages.acm.org/10.1145/3200000/3191648/images/www18companion-387-fig6.jpg
Connecting to deliveryimages.acm.org (deliveryimages.acm.org)|104.17.79.191|:80... connected.
HTTP request sent, awaiting response... 301 Moved Permanently
Location: https://deliveryimages.acm.org/10.1145/3200000/3191648/images/www18companion-387-fig6.jpg [following]
--2018-05-16 15:16:21--  https://deliveryimages.acm.org/10.1145/3200000/3191648/images/www18companion-387-fig6.jpg
Connecting to deliveryimages.acm.org (deliveryimages.acm.org)|104.17.79.191|:443... connected.
HTTP request sent, awaiting response... 200 OK
Length: 40794 (40K) [image/jpeg]
Saving to: ‘../data/deliveryimages.acm.org/10.1145/3200000/3191648/images/www18companion-387-fig6.jpg’

     0K .......... .......... .......... .........            100%  802K=0.05s

2018-05-16 15:16:22 (802 KB/s) - ‘../data/deliveryimages.acm.org/10.1145/3200000/3191648/images/www18companion-387-fig6.jpg’ saved [40794/40794]

FINISHED --2018-05-16 15:16:22--
Total wall clock time: 6.1s
Downloaded: 10 files, 765K in 2.0s (379 KB/s)
Converting links in ../data/delivery.acm.org/10.1145/3200000/3191648/p1833-brouwer.html?ip=24.48.71.56&id=3191648&acc=OPENTOC&key=4D4702B0C3E38B35.4D4702B0C3E38B35.4D4702B0C3E38B35.4DD68F0663C025AA&__acm__=1526498474_f40d33ed2356b54daaf2c871b7d8261a... 119-0
Converted links in 1 files in 0.002 seconds.
