--2018-05-16 14:34:47--  http://delivery.acm.org/10.1145/3190000/3186071/p1593-lu.html?ip=24.48.71.56&id=3186071&acc=OPENTOC&key=4D4702B0C3E38B35%2E4D4702B0C3E38B35%2E4D4702B0C3E38B35%2E4DD68F0663C025AA&__acm__=1526495986_f9d9ff3333cfc53dbb42b58bf1c1993a
Resolving delivery.acm.org (delivery.acm.org)... 24.200.120.82, 24.200.120.90
Connecting to delivery.acm.org (delivery.acm.org)|24.200.120.82|:80... connected.
HTTP request sent, awaiting response... 200 OK
Length: 107046 (105K) [text/html]
Saving to: ‘../data/delivery.acm.org/10.1145/3190000/3186071/p1593-lu.html?ip=24.48.71.56&id=3186071&acc=OPENTOC&key=4D4702B0C3E38B35.4D4702B0C3E38B35.4D4702B0C3E38B35.4DD68F0663C025AA&__acm__=1526495986_f9d9ff3333cfc53dbb42b58bf1c1993a’

     0K .......... .......... .......... .......... .......... 47% 2.43M 0s
    50K .......... .......... .......... .......... .......... 95% 2.18M 0s
   100K ....                                                  100% 7.66M=0.04s

2018-05-16 14:34:48 (2.37 MB/s) - ‘../data/delivery.acm.org/10.1145/3190000/3186071/p1593-lu.html?ip=24.48.71.56&id=3186071&acc=OPENTOC&key=4D4702B0C3E38B35.4D4702B0C3E38B35.4D4702B0C3E38B35.4DD68F0663C025AA&__acm__=1526495986_f9d9ff3333cfc53dbb42b58bf1c1993a’ saved [107046/107046]

--2018-05-16 14:34:48--  http://deliveryimages.acm.org/10.1145/3190000/3186071/images/www2018-80-fig1.jpg
Resolving deliveryimages.acm.org (deliveryimages.acm.org)... 104.17.79.191, 104.17.80.191
Connecting to deliveryimages.acm.org (deliveryimages.acm.org)|104.17.79.191|:80... connected.
HTTP request sent, awaiting response... 301 Moved Permanently
Location: https://deliveryimages.acm.org/10.1145/3190000/3186071/images/www2018-80-fig1.jpg [following]
--2018-05-16 14:34:48--  https://deliveryimages.acm.org/10.1145/3190000/3186071/images/www2018-80-fig1.jpg
Connecting to deliveryimages.acm.org (deliveryimages.acm.org)|104.17.79.191|:443... connected.
HTTP request sent, awaiting response... 200 OK
Length: 511797 (500K) [image/jpeg]
Saving to: ‘../data/deliveryimages.acm.org/10.1145/3190000/3186071/images/www2018-80-fig1.jpg’

     0K .......... .......... .......... .......... .......... 10% 1.15M 0s
    50K .......... .......... .......... .......... .......... 20% 1.33M 0s
   100K .......... .......... .......... .......... .......... 30% 6.98M 0s
   150K .......... .......... .......... .......... .......... 40% 3.94M 0s
   200K .......... .......... .......... .......... .......... 50% 2.97M 0s
   250K .......... .......... .......... .......... .......... 60% 2.67M 0s
   300K .......... .......... .......... .......... .......... 70% 10.8M 0s
   350K .......... .......... .......... .......... .......... 80% 3.09M 0s
   400K .......... .......... .......... .......... .......... 90% 4.21M 0s
   450K .......... .......... .......... .......... ......... 100% 10.3M=0.2s

2018-05-16 14:34:48 (2.87 MB/s) - ‘../data/deliveryimages.acm.org/10.1145/3190000/3186071/images/www2018-80-fig1.jpg’ saved [511797/511797]

--2018-05-16 14:34:48--  http://deliveryimages.acm.org/10.1145/3190000/3186071/images/www2018-80-fig2.jpg
Connecting to deliveryimages.acm.org (deliveryimages.acm.org)|104.17.79.191|:80... connected.
HTTP request sent, awaiting response... 301 Moved Permanently
Location: https://deliveryimages.acm.org/10.1145/3190000/3186071/images/www2018-80-fig2.jpg [following]
--2018-05-16 14:34:48--  https://deliveryimages.acm.org/10.1145/3190000/3186071/images/www2018-80-fig2.jpg
Connecting to deliveryimages.acm.org (deliveryimages.acm.org)|104.17.79.191|:443... connected.
HTTP request sent, awaiting response... 200 OK
Length: 362527 (354K) [image/jpeg]
Saving to: ‘../data/deliveryimages.acm.org/10.1145/3190000/3186071/images/www2018-80-fig2.jpg’

     0K .......... .......... .......... .......... .......... 14% 1.17M 0s
    50K .......... .......... .......... .......... .......... 28% 3.93M 0s
   100K .......... .......... .......... .......... .......... 42% 4.69M 0s
   150K .......... .......... .......... .......... .......... 56% 3.73M 0s
   200K .......... .......... .......... .......... .......... 70% 2.13M 0s
   250K .......... .......... .......... .......... .......... 84% 20.8M 0s
   300K .......... .......... .......... .......... .......... 98% 3.75M 0s
   350K ....                                                  100% 44.9M=0.1s

2018-05-16 14:34:48 (2.98 MB/s) - ‘../data/deliveryimages.acm.org/10.1145/3190000/3186071/images/www2018-80-fig2.jpg’ saved [362527/362527]

--2018-05-16 14:34:48--  http://deliveryimages.acm.org/10.1145/3190000/3186071/images/www2018-80-fig3.jpg
Connecting to deliveryimages.acm.org (deliveryimages.acm.org)|104.17.79.191|:80... connected.
HTTP request sent, awaiting response... 301 Moved Permanently
Location: https://deliveryimages.acm.org/10.1145/3190000/3186071/images/www2018-80-fig3.jpg [following]
--2018-05-16 14:34:48--  https://deliveryimages.acm.org/10.1145/3190000/3186071/images/www2018-80-fig3.jpg
Connecting to deliveryimages.acm.org (deliveryimages.acm.org)|104.17.79.191|:443... connected.
HTTP request sent, awaiting response... 200 OK
Length: 293602 (287K) [image/jpeg]
Saving to: ‘../data/deliveryimages.acm.org/10.1145/3190000/3186071/images/www2018-80-fig3.jpg’

     0K .......... .......... .......... .......... .......... 17% 1.05M 0s
    50K .......... .......... .......... .......... .......... 34% 1.75M 0s
   100K .......... .......... .......... .......... .......... 52%  114M 0s
   150K .......... .......... .......... .......... .......... 69% 2.16M 0s
   200K .......... .......... .......... .......... .......... 87% 7.50M 0s
   250K .......... .......... .......... ......               100% 2.20M=0.1s

2018-05-16 14:34:49 (2.33 MB/s) - ‘../data/deliveryimages.acm.org/10.1145/3190000/3186071/images/www2018-80-fig3.jpg’ saved [293602/293602]

--2018-05-16 14:34:49--  http://deliveryimages.acm.org/10.1145/3190000/3186071/images/www2018-80-fig4.jpg
Connecting to deliveryimages.acm.org (deliveryimages.acm.org)|104.17.79.191|:80... connected.
HTTP request sent, awaiting response... 301 Moved Permanently
Location: https://deliveryimages.acm.org/10.1145/3190000/3186071/images/www2018-80-fig4.jpg [following]
--2018-05-16 14:34:49--  https://deliveryimages.acm.org/10.1145/3190000/3186071/images/www2018-80-fig4.jpg
Connecting to deliveryimages.acm.org (deliveryimages.acm.org)|104.17.79.191|:443... connected.
HTTP request sent, awaiting response... 200 OK
Length: 153910 (150K) [image/jpeg]
Saving to: ‘../data/deliveryimages.acm.org/10.1145/3190000/3186071/images/www2018-80-fig4.jpg’

     0K .......... .......... .......... .......... .......... 33% 1.27M 0s
    50K .......... .......... .......... .......... .......... 66% 3.76M 0s
   100K .......... .......... .......... .......... .......... 99% 3.49M 0s
   150K                                                       100%  577G=0.07s

2018-05-16 14:34:49 (2.24 MB/s) - ‘../data/deliveryimages.acm.org/10.1145/3190000/3186071/images/www2018-80-fig4.jpg’ saved [153910/153910]

--2018-05-16 14:34:49--  http://deliveryimages.acm.org/10.1145/3190000/3186071/images/www2018-80-fig5.jpg
Connecting to deliveryimages.acm.org (deliveryimages.acm.org)|104.17.79.191|:80... connected.
HTTP request sent, awaiting response... 301 Moved Permanently
Location: https://deliveryimages.acm.org/10.1145/3190000/3186071/images/www2018-80-fig5.jpg [following]
--2018-05-16 14:34:49--  https://deliveryimages.acm.org/10.1145/3190000/3186071/images/www2018-80-fig5.jpg
Connecting to deliveryimages.acm.org (deliveryimages.acm.org)|104.17.79.191|:443... connected.
HTTP request sent, awaiting response... 200 OK
Length: 231645 (226K) [image/jpeg]
Saving to: ‘../data/deliveryimages.acm.org/10.1145/3190000/3186071/images/www2018-80-fig5.jpg’

     0K .......... .......... .......... .......... .......... 22% 1.38M 0s
    50K .......... .......... .......... .......... .......... 44% 2.17M 0s
   100K .......... .......... .......... .......... .......... 66% 3.89M 0s
   150K .......... .......... .......... .......... .......... 88% 10.3M 0s
   200K .......... .......... ......                          100% 7.26M=0.08s

2018-05-16 14:34:50 (2.80 MB/s) - ‘../data/deliveryimages.acm.org/10.1145/3190000/3186071/images/www2018-80-fig5.jpg’ saved [231645/231645]

--2018-05-16 14:34:50--  http://deliveryimages.acm.org/10.1145/3190000/3186071/images/www2018-80-fig6.jpg
Connecting to deliveryimages.acm.org (deliveryimages.acm.org)|104.17.79.191|:80... connected.
HTTP request sent, awaiting response... 301 Moved Permanently
Location: https://deliveryimages.acm.org/10.1145/3190000/3186071/images/www2018-80-fig6.jpg [following]
--2018-05-16 14:34:50--  https://deliveryimages.acm.org/10.1145/3190000/3186071/images/www2018-80-fig6.jpg
Connecting to deliveryimages.acm.org (deliveryimages.acm.org)|104.17.79.191|:443... connected.
HTTP request sent, awaiting response... 200 OK
Length: 101254 (99K) [image/jpeg]
Saving to: ‘../data/deliveryimages.acm.org/10.1145/3190000/3186071/images/www2018-80-fig6.jpg’

     0K .......... .......... .......... .......... .......... 50% 1.64M 0s
    50K .......... .......... .......... .......... ........  100% 4.61M=0.04s

2018-05-16 14:34:50 (2.41 MB/s) - ‘../data/deliveryimages.acm.org/10.1145/3190000/3186071/images/www2018-80-fig6.jpg’ saved [101254/101254]

--2018-05-16 14:34:50--  http://deliveryimages.acm.org/10.1145/3190000/3186071/images/www2018-80-fig7.jpg
Connecting to deliveryimages.acm.org (deliveryimages.acm.org)|104.17.79.191|:80... connected.
HTTP request sent, awaiting response... 301 Moved Permanently
Location: https://deliveryimages.acm.org/10.1145/3190000/3186071/images/www2018-80-fig7.jpg [following]
--2018-05-16 14:34:50--  https://deliveryimages.acm.org/10.1145/3190000/3186071/images/www2018-80-fig7.jpg
Connecting to deliveryimages.acm.org (deliveryimages.acm.org)|104.17.79.191|:443... connected.
HTTP request sent, awaiting response... 200 OK
Length: 40465 (40K) [image/jpeg]
Saving to: ‘../data/deliveryimages.acm.org/10.1145/3190000/3186071/images/www2018-80-fig7.jpg’

     0K .......... .......... .......... .........            100% 1.17M=0.03s

2018-05-16 14:34:50 (1.17 MB/s) - ‘../data/deliveryimages.acm.org/10.1145/3190000/3186071/images/www2018-80-fig7.jpg’ saved [40465/40465]

--2018-05-16 14:34:50--  http://deliveryimages.acm.org/10.1145/3190000/3186071/arXiv:1105.3422
Connecting to deliveryimages.acm.org (deliveryimages.acm.org)|104.17.79.191|:80... connected.
HTTP request sent, awaiting response... 301 Moved Permanently
Location: https://deliveryimages.acm.org/10.1145/3190000/3186071/arXiv:1105.3422 [following]
--2018-05-16 14:34:51--  https://deliveryimages.acm.org/10.1145/3190000/3186071/arXiv:1105.3422
Connecting to deliveryimages.acm.org (deliveryimages.acm.org)|104.17.79.191|:443... connected.
HTTP request sent, awaiting response... 403 Forbidden
2018-05-16 14:34:51 ERROR 403: Forbidden.

FINISHED --2018-05-16 14:34:51--
Total wall clock time: 3.3s
Downloaded: 8 files, 1.7M in 0.7s (2.58 MB/s)
Converting links in ../data/delivery.acm.org/10.1145/3190000/3186071/p1593-lu.html?ip=24.48.71.56&id=3186071&acc=OPENTOC&key=4D4702B0C3E38B35.4D4702B0C3E38B35.4D4702B0C3E38B35.4DD68F0663C025AA&__acm__=1526495986_f9d9ff3333cfc53dbb42b58bf1c1993a... 105-0
Converted links in 1 files in 0.005 seconds.
