--2018-05-16 14:30:22--  http://delivery.acm.org/10.1145/3190000/3186004/p1053-abujabal.html?ip=24.48.71.56&id=3186004&acc=OPENTOC&key=4D4702B0C3E38B35%2E4D4702B0C3E38B35%2E4D4702B0C3E38B35%2E4DD68F0663C025AA&__acm__=1526495722_1128f5a2f3a1ec93270d5f45dffbc636
Resolving delivery.acm.org (delivery.acm.org)... 24.200.120.90, 24.200.120.82
Connecting to delivery.acm.org (delivery.acm.org)|24.200.120.90|:80... connected.
HTTP request sent, awaiting response... 200 OK
Length: 105283 (103K) [text/html]
Saving to: ‘../data/delivery.acm.org/10.1145/3190000/3186004/p1053-abujabal.html?ip=24.48.71.56&id=3186004&acc=OPENTOC&key=4D4702B0C3E38B35.4D4702B0C3E38B35.4D4702B0C3E38B35.4DD68F0663C025AA&__acm__=1526495722_1128f5a2f3a1ec93270d5f45dffbc636’

     0K .......... .......... .......... .......... .......... 48% 2.45M 0s
    50K .......... .......... .......... .......... .......... 97% 2.86M 0s
   100K ..                                                    100% 3.68M=0.04s

2018-05-16 14:30:23 (2.66 MB/s) - ‘../data/delivery.acm.org/10.1145/3190000/3186004/p1053-abujabal.html?ip=24.48.71.56&id=3186004&acc=OPENTOC&key=4D4702B0C3E38B35.4D4702B0C3E38B35.4D4702B0C3E38B35.4DD68F0663C025AA&__acm__=1526495722_1128f5a2f3a1ec93270d5f45dffbc636’ saved [105283/105283]

--2018-05-16 14:30:23--  http://deliveryimages.acm.org/10.1145/3190000/3186004/images/www2018-13-fig1.jpg
Resolving deliveryimages.acm.org (deliveryimages.acm.org)... 104.17.80.191, 104.17.79.191
Connecting to deliveryimages.acm.org (deliveryimages.acm.org)|104.17.80.191|:80... connected.
HTTP request sent, awaiting response... 301 Moved Permanently
Location: https://deliveryimages.acm.org/10.1145/3190000/3186004/images/www2018-13-fig1.jpg [following]
--2018-05-16 14:30:23--  https://deliveryimages.acm.org/10.1145/3190000/3186004/images/www2018-13-fig1.jpg
Connecting to deliveryimages.acm.org (deliveryimages.acm.org)|104.17.80.191|:443... connected.
HTTP request sent, awaiting response... 200 OK
Length: 142463 (139K) [image/jpeg]
Saving to: ‘../data/deliveryimages.acm.org/10.1145/3190000/3186004/images/www2018-13-fig1.jpg’

     0K .......... .......... .......... .......... .......... 35% 1.64M 0s
    50K .......... .......... .......... .......... .......... 71% 2.82M 0s
   100K .......... .......... .......... .........            100% 9.71M=0.05s

2018-05-16 14:30:23 (2.67 MB/s) - ‘../data/deliveryimages.acm.org/10.1145/3190000/3186004/images/www2018-13-fig1.jpg’ saved [142463/142463]

--2018-05-16 14:30:23--  http://deliveryimages.acm.org/10.1145/3190000/3186004/images/www2018-13-fig2.jpg
Connecting to deliveryimages.acm.org (deliveryimages.acm.org)|104.17.80.191|:80... connected.
HTTP request sent, awaiting response... 301 Moved Permanently
Location: https://deliveryimages.acm.org/10.1145/3190000/3186004/images/www2018-13-fig2.jpg [following]
--2018-05-16 14:30:23--  https://deliveryimages.acm.org/10.1145/3190000/3186004/images/www2018-13-fig2.jpg
Connecting to deliveryimages.acm.org (deliveryimages.acm.org)|104.17.80.191|:443... connected.
HTTP request sent, awaiting response... 200 OK
Length: 84926 (83K) [image/jpeg]
Saving to: ‘../data/deliveryimages.acm.org/10.1145/3190000/3186004/images/www2018-13-fig2.jpg’

     0K .......... .......... .......... .......... .......... 60% 1.22M 0s
    50K .......... .......... .......... ..                   100% 5.04M=0.05s

2018-05-16 14:30:23 (1.74 MB/s) - ‘../data/deliveryimages.acm.org/10.1145/3190000/3186004/images/www2018-13-fig2.jpg’ saved [84926/84926]

--2018-05-16 14:30:23--  http://deliveryimages.acm.org/10.1145/3190000/3186004/images/www2018-13-fig3.jpg
Connecting to deliveryimages.acm.org (deliveryimages.acm.org)|104.17.80.191|:80... connected.
HTTP request sent, awaiting response... 301 Moved Permanently
Location: https://deliveryimages.acm.org/10.1145/3190000/3186004/images/www2018-13-fig3.jpg [following]
--2018-05-16 14:30:23--  https://deliveryimages.acm.org/10.1145/3190000/3186004/images/www2018-13-fig3.jpg
Connecting to deliveryimages.acm.org (deliveryimages.acm.org)|104.17.80.191|:443... connected.
HTTP request sent, awaiting response... 200 OK
Length: 103842 (101K) [image/jpeg]
Saving to: ‘../data/deliveryimages.acm.org/10.1145/3190000/3186004/images/www2018-13-fig3.jpg’

     0K .......... .......... .......... .......... .......... 49% 1.83M 0s
    50K .......... .......... .......... .......... .......... 98% 2.35M 0s
   100K .                                                     100% 2686G=0.05s

2018-05-16 14:30:24 (2.09 MB/s) - ‘../data/deliveryimages.acm.org/10.1145/3190000/3186004/images/www2018-13-fig3.jpg’ saved [103842/103842]

--2018-05-16 14:30:24--  http://deliveryimages.acm.org/10.1145/3190000/3186004/images/www2018-13-fig4.jpg
Connecting to deliveryimages.acm.org (deliveryimages.acm.org)|104.17.80.191|:80... connected.
HTTP request sent, awaiting response... 301 Moved Permanently
Location: https://deliveryimages.acm.org/10.1145/3190000/3186004/images/www2018-13-fig4.jpg [following]
--2018-05-16 14:30:24--  https://deliveryimages.acm.org/10.1145/3190000/3186004/images/www2018-13-fig4.jpg
Connecting to deliveryimages.acm.org (deliveryimages.acm.org)|104.17.80.191|:443... connected.
HTTP request sent, awaiting response... 200 OK
Length: 75557 (74K) [image/jpeg]
Saving to: ‘../data/deliveryimages.acm.org/10.1145/3190000/3186004/images/www2018-13-fig4.jpg’

     0K .......... .......... .......... .......... .......... 67%  988K 0s
    50K .......... .......... ...                             100% 89.2M=0.05s

2018-05-16 14:30:24 (1.42 MB/s) - ‘../data/deliveryimages.acm.org/10.1145/3190000/3186004/images/www2018-13-fig4.jpg’ saved [75557/75557]

--2018-05-16 14:30:24--  http://deliveryimages.acm.org/10.1145/3190000/3186004/images/www2018-13-fig5.jpg
Connecting to deliveryimages.acm.org (deliveryimages.acm.org)|104.17.80.191|:80... connected.
HTTP request sent, awaiting response... 301 Moved Permanently
Location: https://deliveryimages.acm.org/10.1145/3190000/3186004/images/www2018-13-fig5.jpg [following]
--2018-05-16 14:30:24--  https://deliveryimages.acm.org/10.1145/3190000/3186004/images/www2018-13-fig5.jpg
Connecting to deliveryimages.acm.org (deliveryimages.acm.org)|104.17.80.191|:443... connected.
HTTP request sent, awaiting response... 200 OK
Length: 465431 (455K) [image/jpeg]
Saving to: ‘../data/deliveryimages.acm.org/10.1145/3190000/3186004/images/www2018-13-fig5.jpg’

     0K .......... .......... .......... .......... .......... 11%  201K 2s
    50K .......... .......... .......... .......... .......... 22% 94.2K 3s
   100K .......... .......... .......... .......... .......... 33%  401K 2s
   150K .......... .......... .......... .......... .......... 44% 63.3K 2s
   200K .......... .......... .......... .......... .......... 55%  204K 2s
   250K .......... .......... .......... .......... .......... 66% 88.5K 1s
   300K .......... .......... .......... .......... .......... 77% 86.0K 1s
   350K .......... .......... .......... .......... .......... 88% 70.2K 1s
   400K .......... .......... .......... .......... .......... 99%  280K 0s
   450K ....                                                  100% 8626G=4.0s

2018-05-16 14:30:29 (114 KB/s) - ‘../data/deliveryimages.acm.org/10.1145/3190000/3186004/images/www2018-13-fig5.jpg’ saved [465431/465431]

--2018-05-16 14:30:29--  http://deliveryimages.acm.org/10.1145/3190000/3186004/images/www2018-13-fig6.jpg
Connecting to deliveryimages.acm.org (deliveryimages.acm.org)|104.17.80.191|:80... connected.
HTTP request sent, awaiting response... 301 Moved Permanently
Location: https://deliveryimages.acm.org/10.1145/3190000/3186004/images/www2018-13-fig6.jpg [following]
--2018-05-16 14:30:29--  https://deliveryimages.acm.org/10.1145/3190000/3186004/images/www2018-13-fig6.jpg
Connecting to deliveryimages.acm.org (deliveryimages.acm.org)|104.17.80.191|:443... connected.
HTTP request sent, awaiting response... 200 OK
Length: 239370 (234K) [image/jpeg]
Saving to: ‘../data/deliveryimages.acm.org/10.1145/3190000/3186004/images/www2018-13-fig6.jpg’

     0K .......... .......... .......... .......... .......... 21%  953K 0s
    50K .......... .......... .......... .......... .......... 42% 3.36M 0s
   100K .......... .......... .......... .......... .......... 64% 4.50M 0s
   150K .......... .......... .......... .......... .......... 85% 1.94M 0s
   200K .......... .......... .......... ...                  100% 4.43M=0.1s

2018-05-16 14:30:29 (2.07 MB/s) - ‘../data/deliveryimages.acm.org/10.1145/3190000/3186004/images/www2018-13-fig6.jpg’ saved [239370/239370]

FINISHED --2018-05-16 14:30:29--
Total wall clock time: 6.6s
Downloaded: 7 files, 1.2M in 4.3s (275 KB/s)
Converting links in ../data/delivery.acm.org/10.1145/3190000/3186004/p1053-abujabal.html?ip=24.48.71.56&id=3186004&acc=OPENTOC&key=4D4702B0C3E38B35.4D4702B0C3E38B35.4D4702B0C3E38B35.4DD68F0663C025AA&__acm__=1526495722_1128f5a2f3a1ec93270d5f45dffbc636... 182-0
Converted links in 1 files in 0.005 seconds.
