--2018-05-16 14:36:48--  http://delivery.acm.org/10.1145/3190000/3186076/p1643-li.html?ip=24.48.71.56&id=3186076&acc=OPENTOC&key=4D4702B0C3E38B35%2E4D4702B0C3E38B35%2E4D4702B0C3E38B35%2E4DD68F0663C025AA&__acm__=1526496108_4d5950ccc5fa8283e8c52dc18b223f1e
Resolving delivery.acm.org (delivery.acm.org)... 24.200.120.90, 24.200.120.82
Connecting to delivery.acm.org (delivery.acm.org)|24.200.120.90|:80... connected.
HTTP request sent, awaiting response... 200 OK
Length: 90911 (89K) [text/html]
Saving to: ‘../data/delivery.acm.org/10.1145/3190000/3186076/p1643-li.html?ip=24.48.71.56&id=3186076&acc=OPENTOC&key=4D4702B0C3E38B35.4D4702B0C3E38B35.4D4702B0C3E38B35.4DD68F0663C025AA&__acm__=1526496108_4d5950ccc5fa8283e8c52dc18b223f1e’

     0K .......... .......... .......... .......... .......... 56%  976K 0s
    50K .......... .......... .......... ........             100% 19.6M=0.05s

2018-05-16 14:36:48 (1.63 MB/s) - ‘../data/delivery.acm.org/10.1145/3190000/3186076/p1643-li.html?ip=24.48.71.56&id=3186076&acc=OPENTOC&key=4D4702B0C3E38B35.4D4702B0C3E38B35.4D4702B0C3E38B35.4DD68F0663C025AA&__acm__=1526496108_4d5950ccc5fa8283e8c52dc18b223f1e’ saved [90911/90911]

--2018-05-16 14:36:48--  http://deliveryimages.acm.org/10.1145/3190000/3186076/images/www2018-85-fig1.jpg
Resolving deliveryimages.acm.org (deliveryimages.acm.org)... 104.17.80.191, 104.17.79.191
Connecting to deliveryimages.acm.org (deliveryimages.acm.org)|104.17.80.191|:80... connected.
HTTP request sent, awaiting response... 301 Moved Permanently
Location: https://deliveryimages.acm.org/10.1145/3190000/3186076/images/www2018-85-fig1.jpg [following]
--2018-05-16 14:36:48--  https://deliveryimages.acm.org/10.1145/3190000/3186076/images/www2018-85-fig1.jpg
Connecting to deliveryimages.acm.org (deliveryimages.acm.org)|104.17.80.191|:443... connected.
HTTP request sent, awaiting response... 200 OK
Length: 78309 (76K) [image/jpeg]
Saving to: ‘../data/deliveryimages.acm.org/10.1145/3190000/3186076/images/www2018-85-fig1.jpg’

     0K .......... .......... .......... .......... .......... 65% 1.05M 0s
    50K .......... .......... ......                          100% 3.04M=0.05s

2018-05-16 14:36:49 (1.36 MB/s) - ‘../data/deliveryimages.acm.org/10.1145/3190000/3186076/images/www2018-85-fig1.jpg’ saved [78309/78309]

--2018-05-16 14:36:49--  http://deliveryimages.acm.org/10.1145/3190000/3186076/images/www2018-85-fig2.jpg
Connecting to deliveryimages.acm.org (deliveryimages.acm.org)|104.17.80.191|:80... connected.
HTTP request sent, awaiting response... 301 Moved Permanently
Location: https://deliveryimages.acm.org/10.1145/3190000/3186076/images/www2018-85-fig2.jpg [following]
--2018-05-16 14:36:49--  https://deliveryimages.acm.org/10.1145/3190000/3186076/images/www2018-85-fig2.jpg
Connecting to deliveryimages.acm.org (deliveryimages.acm.org)|104.17.80.191|:443... connected.
HTTP request sent, awaiting response... 200 OK
Length: 38338 (37K) [image/jpeg]
Saving to: ‘../data/deliveryimages.acm.org/10.1145/3190000/3186076/images/www2018-85-fig2.jpg’

     0K .......... .......... .......... .......              100% 1.18M=0.03s

2018-05-16 14:36:49 (1.18 MB/s) - ‘../data/deliveryimages.acm.org/10.1145/3190000/3186076/images/www2018-85-fig2.jpg’ saved [38338/38338]

--2018-05-16 14:36:49--  http://deliveryimages.acm.org/10.1145/3190000/3186076/images/www2018-85-fig3.jpg
Connecting to deliveryimages.acm.org (deliveryimages.acm.org)|104.17.80.191|:80... connected.
HTTP request sent, awaiting response... 301 Moved Permanently
Location: https://deliveryimages.acm.org/10.1145/3190000/3186076/images/www2018-85-fig3.jpg [following]
--2018-05-16 14:36:49--  https://deliveryimages.acm.org/10.1145/3190000/3186076/images/www2018-85-fig3.jpg
Connecting to deliveryimages.acm.org (deliveryimages.acm.org)|104.17.80.191|:443... connected.
HTTP request sent, awaiting response... 200 OK
Length: 33171 (32K) [image/jpeg]
Saving to: ‘../data/deliveryimages.acm.org/10.1145/3190000/3186076/images/www2018-85-fig3.jpg’

     0K .......... .......... .......... ..                   100% 1.44M=0.02s

2018-05-16 14:36:49 (1.44 MB/s) - ‘../data/deliveryimages.acm.org/10.1145/3190000/3186076/images/www2018-85-fig3.jpg’ saved [33171/33171]

--2018-05-16 14:36:49--  http://deliveryimages.acm.org/10.1145/3190000/3186076/images/www2018-85-fig4.jpg
Connecting to deliveryimages.acm.org (deliveryimages.acm.org)|104.17.80.191|:80... connected.
HTTP request sent, awaiting response... 301 Moved Permanently
Location: https://deliveryimages.acm.org/10.1145/3190000/3186076/images/www2018-85-fig4.jpg [following]
--2018-05-16 14:36:49--  https://deliveryimages.acm.org/10.1145/3190000/3186076/images/www2018-85-fig4.jpg
Connecting to deliveryimages.acm.org (deliveryimages.acm.org)|104.17.80.191|:443... connected.
HTTP request sent, awaiting response... 200 OK
Length: 36271 (35K) [image/jpeg]
Saving to: ‘../data/deliveryimages.acm.org/10.1145/3190000/3186076/images/www2018-85-fig4.jpg’

     0K .......... .......... .......... .....                100% 1.06M=0.03s

2018-05-16 14:36:50 (1.06 MB/s) - ‘../data/deliveryimages.acm.org/10.1145/3190000/3186076/images/www2018-85-fig4.jpg’ saved [36271/36271]

--2018-05-16 14:36:50--  http://deliveryimages.acm.org/10.1145/3190000/3186076/images/www2018-85-fig5.jpg
Connecting to deliveryimages.acm.org (deliveryimages.acm.org)|104.17.80.191|:80... connected.
HTTP request sent, awaiting response... 301 Moved Permanently
Location: https://deliveryimages.acm.org/10.1145/3190000/3186076/images/www2018-85-fig5.jpg [following]
--2018-05-16 14:36:50--  https://deliveryimages.acm.org/10.1145/3190000/3186076/images/www2018-85-fig5.jpg
Connecting to deliveryimages.acm.org (deliveryimages.acm.org)|104.17.80.191|:443... connected.
HTTP request sent, awaiting response... 200 OK
Length: 47185 (46K) [image/jpeg]
Saving to: ‘../data/deliveryimages.acm.org/10.1145/3190000/3186076/images/www2018-85-fig5.jpg’

     0K .......... .......... .......... .......... ......    100% 1.61M=0.03s

2018-05-16 14:36:50 (1.61 MB/s) - ‘../data/deliveryimages.acm.org/10.1145/3190000/3186076/images/www2018-85-fig5.jpg’ saved [47185/47185]

--2018-05-16 14:36:50--  http://deliveryimages.acm.org/10.1145/3190000/3186076/images/www2018-85-fig6.jpg
Connecting to deliveryimages.acm.org (deliveryimages.acm.org)|104.17.80.191|:80... connected.
HTTP request sent, awaiting response... 301 Moved Permanently
Location: https://deliveryimages.acm.org/10.1145/3190000/3186076/images/www2018-85-fig6.jpg [following]
--2018-05-16 14:36:50--  https://deliveryimages.acm.org/10.1145/3190000/3186076/images/www2018-85-fig6.jpg
Connecting to deliveryimages.acm.org (deliveryimages.acm.org)|104.17.80.191|:443... connected.
HTTP request sent, awaiting response... 200 OK
Length: 30799 (30K) [image/jpeg]
Saving to: ‘../data/deliveryimages.acm.org/10.1145/3190000/3186076/images/www2018-85-fig6.jpg’

     0K .......... .......... ..........                      100%  931K=0.03s

2018-05-16 14:36:50 (931 KB/s) - ‘../data/deliveryimages.acm.org/10.1145/3190000/3186076/images/www2018-85-fig6.jpg’ saved [30799/30799]

--2018-05-16 14:36:50--  http://deliveryimages.acm.org/10.1145/3190000/3186076/images/www2018-85-fig7.jpg
Connecting to deliveryimages.acm.org (deliveryimages.acm.org)|104.17.80.191|:80... connected.
HTTP request sent, awaiting response... 301 Moved Permanently
Location: https://deliveryimages.acm.org/10.1145/3190000/3186076/images/www2018-85-fig7.jpg [following]
--2018-05-16 14:36:50--  https://deliveryimages.acm.org/10.1145/3190000/3186076/images/www2018-85-fig7.jpg
Connecting to deliveryimages.acm.org (deliveryimages.acm.org)|104.17.80.191|:443... connected.
HTTP request sent, awaiting response... 200 OK
Length: 28470 (28K) [image/jpeg]
Saving to: ‘../data/deliveryimages.acm.org/10.1145/3190000/3186076/images/www2018-85-fig7.jpg’

     0K .......... .......... .......                         100% 1.60M=0.02s

2018-05-16 14:36:51 (1.60 MB/s) - ‘../data/deliveryimages.acm.org/10.1145/3190000/3186076/images/www2018-85-fig7.jpg’ saved [28470/28470]

--2018-05-16 14:36:51--  http://deliveryimages.acm.org/10.1145/3190000/3186076/images/www2018-85-fig8.jpg
Connecting to deliveryimages.acm.org (deliveryimages.acm.org)|104.17.80.191|:80... connected.
HTTP request sent, awaiting response... 301 Moved Permanently
Location: https://deliveryimages.acm.org/10.1145/3190000/3186076/images/www2018-85-fig8.jpg [following]
--2018-05-16 14:36:51--  https://deliveryimages.acm.org/10.1145/3190000/3186076/images/www2018-85-fig8.jpg
Connecting to deliveryimages.acm.org (deliveryimages.acm.org)|104.17.80.191|:443... connected.
HTTP request sent, awaiting response... 200 OK
Length: 28790 (28K) [image/jpeg]
Saving to: ‘../data/deliveryimages.acm.org/10.1145/3190000/3186076/images/www2018-85-fig8.jpg’

     0K .......... .......... ........                        100%  844K=0.03s

2018-05-16 14:36:51 (844 KB/s) - ‘../data/deliveryimages.acm.org/10.1145/3190000/3186076/images/www2018-85-fig8.jpg’ saved [28790/28790]

--2018-05-16 14:36:51--  http://deliveryimages.acm.org/10.1145/3190000/3186076/images/www2018-85-fig9.jpg
Connecting to deliveryimages.acm.org (deliveryimages.acm.org)|104.17.80.191|:80... connected.
HTTP request sent, awaiting response... 301 Moved Permanently
Location: https://deliveryimages.acm.org/10.1145/3190000/3186076/images/www2018-85-fig9.jpg [following]
--2018-05-16 14:36:51--  https://deliveryimages.acm.org/10.1145/3190000/3186076/images/www2018-85-fig9.jpg
Connecting to deliveryimages.acm.org (deliveryimages.acm.org)|104.17.80.191|:443... connected.
HTTP request sent, awaiting response... 200 OK
Length: 38488 (38K) [image/jpeg]
Saving to: ‘../data/deliveryimages.acm.org/10.1145/3190000/3186076/images/www2018-85-fig9.jpg’

     0K .......... .......... .......... .......              100% 1.56M=0.02s

2018-05-16 14:36:51 (1.56 MB/s) - ‘../data/deliveryimages.acm.org/10.1145/3190000/3186076/images/www2018-85-fig9.jpg’ saved [38488/38488]

--2018-05-16 14:36:51--  http://deliveryimages.acm.org/10.1145/3190000/3186076/images/www2018-85-fig10.jpg
Connecting to deliveryimages.acm.org (deliveryimages.acm.org)|104.17.80.191|:80... connected.
HTTP request sent, awaiting response... 301 Moved Permanently
Location: https://deliveryimages.acm.org/10.1145/3190000/3186076/images/www2018-85-fig10.jpg [following]
--2018-05-16 14:36:51--  https://deliveryimages.acm.org/10.1145/3190000/3186076/images/www2018-85-fig10.jpg
Connecting to deliveryimages.acm.org (deliveryimages.acm.org)|104.17.80.191|:443... connected.
HTTP request sent, awaiting response... 200 OK
Length: 71306 (70K) [image/jpeg]
Saving to: ‘../data/deliveryimages.acm.org/10.1145/3190000/3186076/images/www2018-85-fig10.jpg’

     0K .......... .......... .......... .......... .......... 71% 1.50M 0s
    50K .......... .........                                  100% 4.21M=0.04s

2018-05-16 14:36:52 (1.84 MB/s) - ‘../data/deliveryimages.acm.org/10.1145/3190000/3186076/images/www2018-85-fig10.jpg’ saved [71306/71306]

--2018-05-16 14:36:52--  http://deliveryimages.acm.org/10.1145/3190000/3186076/images/www2018-85-fig11.jpg
Connecting to deliveryimages.acm.org (deliveryimages.acm.org)|104.17.80.191|:80... connected.
HTTP request sent, awaiting response... 301 Moved Permanently
Location: https://deliveryimages.acm.org/10.1145/3190000/3186076/images/www2018-85-fig11.jpg [following]
--2018-05-16 14:36:52--  https://deliveryimages.acm.org/10.1145/3190000/3186076/images/www2018-85-fig11.jpg
Connecting to deliveryimages.acm.org (deliveryimages.acm.org)|104.17.80.191|:443... connected.
HTTP request sent, awaiting response... 200 OK
Length: 19364 (19K) [image/jpeg]
Saving to: ‘../data/deliveryimages.acm.org/10.1145/3190000/3186076/images/www2018-85-fig11.jpg’

     0K .......... ........                                   100%  889K=0.02s

2018-05-16 14:36:52 (889 KB/s) - ‘../data/deliveryimages.acm.org/10.1145/3190000/3186076/images/www2018-85-fig11.jpg’ saved [19364/19364]

FINISHED --2018-05-16 14:36:52--
Total wall clock time: 3.8s
Downloaded: 12 files, 529K in 0.4s (1.34 MB/s)
Converting links in ../data/delivery.acm.org/10.1145/3190000/3186076/p1643-li.html?ip=24.48.71.56&id=3186076&acc=OPENTOC&key=4D4702B0C3E38B35.4D4702B0C3E38B35.4D4702B0C3E38B35.4DD68F0663C025AA&__acm__=1526496108_4d5950ccc5fa8283e8c52dc18b223f1e... 105-0
Converted links in 1 files in 0.003 seconds.
