--2018-05-16 14:31:19--  http://delivery.acm.org/10.1145/3190000/3186011/p1125-abitbol.html?ip=24.48.71.56&id=3186011&acc=OPENTOC&key=4D4702B0C3E38B35%2E4D4702B0C3E38B35%2E4D4702B0C3E38B35%2E4DD68F0663C025AA&__acm__=1526495777_5a2fdc76c0cca38708b1605b12d13fda
Resolving delivery.acm.org (delivery.acm.org)... 24.200.120.90, 24.200.120.82
Connecting to delivery.acm.org (delivery.acm.org)|24.200.120.90|:80... connected.
HTTP request sent, awaiting response... 200 OK
Length: 96707 (94K) [text/html]
Saving to: ‘../data/delivery.acm.org/10.1145/3190000/3186011/p1125-abitbol.html?ip=24.48.71.56&id=3186011&acc=OPENTOC&key=4D4702B0C3E38B35.4D4702B0C3E38B35.4D4702B0C3E38B35.4DD68F0663C025AA&__acm__=1526495777_5a2fdc76c0cca38708b1605b12d13fda’

     0K .......... .......... .......... .......... .......... 52% 1.87M 0s
    50K .......... .......... .......... .......... ....      100% 15.4M=0.03s

2018-05-16 14:31:19 (3.19 MB/s) - ‘../data/delivery.acm.org/10.1145/3190000/3186011/p1125-abitbol.html?ip=24.48.71.56&id=3186011&acc=OPENTOC&key=4D4702B0C3E38B35.4D4702B0C3E38B35.4D4702B0C3E38B35.4DD68F0663C025AA&__acm__=1526495777_5a2fdc76c0cca38708b1605b12d13fda’ saved [96707/96707]

--2018-05-16 14:31:19--  http://deliveryimages.acm.org/10.1145/3190000/3186011/images/www2018-20-fig1.jpg
Resolving deliveryimages.acm.org (deliveryimages.acm.org)... 104.17.80.191, 104.17.79.191
Connecting to deliveryimages.acm.org (deliveryimages.acm.org)|104.17.80.191|:80... connected.
HTTP request sent, awaiting response... 301 Moved Permanently
Location: https://deliveryimages.acm.org/10.1145/3190000/3186011/images/www2018-20-fig1.jpg [following]
--2018-05-16 14:31:19--  https://deliveryimages.acm.org/10.1145/3190000/3186011/images/www2018-20-fig1.jpg
Connecting to deliveryimages.acm.org (deliveryimages.acm.org)|104.17.80.191|:443... connected.
HTTP request sent, awaiting response... 200 OK
Length: 95377 (93K) [image/jpeg]
Saving to: ‘../data/deliveryimages.acm.org/10.1145/3190000/3186011/images/www2018-20-fig1.jpg’

     0K .......... .......... .......... .......... .......... 53% 1.84M 0s
    50K .......... .......... .......... .......... ...       100% 3.00M=0.04s

2018-05-16 14:31:19 (2.24 MB/s) - ‘../data/deliveryimages.acm.org/10.1145/3190000/3186011/images/www2018-20-fig1.jpg’ saved [95377/95377]

--2018-05-16 14:31:19--  http://deliveryimages.acm.org/10.1145/3190000/3186011/images/www2018-20-fig2.jpg
Connecting to deliveryimages.acm.org (deliveryimages.acm.org)|104.17.80.191|:80... connected.
HTTP request sent, awaiting response... 301 Moved Permanently
Location: https://deliveryimages.acm.org/10.1145/3190000/3186011/images/www2018-20-fig2.jpg [following]
--2018-05-16 14:31:19--  https://deliveryimages.acm.org/10.1145/3190000/3186011/images/www2018-20-fig2.jpg
Connecting to deliveryimages.acm.org (deliveryimages.acm.org)|104.17.80.191|:443... connected.
HTTP request sent, awaiting response... 200 OK
Length: 90350 (88K) [image/jpeg]
Saving to: ‘../data/deliveryimages.acm.org/10.1145/3190000/3186011/images/www2018-20-fig2.jpg’

     0K .......... .......... .......... .......... .......... 56% 1.70M 0s
    50K .......... .......... .......... ........             100% 4.65M=0.04s

2018-05-16 14:31:20 (2.35 MB/s) - ‘../data/deliveryimages.acm.org/10.1145/3190000/3186011/images/www2018-20-fig2.jpg’ saved [90350/90350]

--2018-05-16 14:31:20--  http://deliveryimages.acm.org/10.1145/3190000/3186011/images/www2018-20-fig3.jpg
Connecting to deliveryimages.acm.org (deliveryimages.acm.org)|104.17.80.191|:80... connected.
HTTP request sent, awaiting response... 301 Moved Permanently
Location: https://deliveryimages.acm.org/10.1145/3190000/3186011/images/www2018-20-fig3.jpg [following]
--2018-05-16 14:31:20--  https://deliveryimages.acm.org/10.1145/3190000/3186011/images/www2018-20-fig3.jpg
Connecting to deliveryimages.acm.org (deliveryimages.acm.org)|104.17.80.191|:443... connected.
HTTP request sent, awaiting response... 200 OK
Length: 148663 (145K) [image/jpeg]
Saving to: ‘../data/deliveryimages.acm.org/10.1145/3190000/3186011/images/www2018-20-fig3.jpg’

     0K .......... .......... .......... .......... .......... 34% 1.94M 0s
    50K .......... .......... .......... .......... .......... 68% 2.95M 0s
   100K .......... .......... .......... .......... .....     100% 2.98M=0.06s

2018-05-16 14:31:20 (2.51 MB/s) - ‘../data/deliveryimages.acm.org/10.1145/3190000/3186011/images/www2018-20-fig3.jpg’ saved [148663/148663]

--2018-05-16 14:31:20--  http://deliveryimages.acm.org/10.1145/3190000/3186011/images/www2018-20-fig4.jpg
Connecting to deliveryimages.acm.org (deliveryimages.acm.org)|104.17.80.191|:80... connected.
HTTP request sent, awaiting response... 301 Moved Permanently
Location: https://deliveryimages.acm.org/10.1145/3190000/3186011/images/www2018-20-fig4.jpg [following]
--2018-05-16 14:31:20--  https://deliveryimages.acm.org/10.1145/3190000/3186011/images/www2018-20-fig4.jpg
Connecting to deliveryimages.acm.org (deliveryimages.acm.org)|104.17.80.191|:443... connected.
HTTP request sent, awaiting response... 200 OK
Length: 74626 (73K) [image/jpeg]
Saving to: ‘../data/deliveryimages.acm.org/10.1145/3190000/3186011/images/www2018-20-fig4.jpg’

     0K .......... .......... .......... .......... .......... 68%  798K 0s
    50K .......... .......... ..                              100% 4.05M=0.07s

2018-05-16 14:31:20 (1.04 MB/s) - ‘../data/deliveryimages.acm.org/10.1145/3190000/3186011/images/www2018-20-fig4.jpg’ saved [74626/74626]

--2018-05-16 14:31:20--  http://deliveryimages.acm.org/10.1145/3190000/3186011/images/www2018-20-fig5.jpg
Connecting to deliveryimages.acm.org (deliveryimages.acm.org)|104.17.80.191|:80... connected.
HTTP request sent, awaiting response... 301 Moved Permanently
Location: https://deliveryimages.acm.org/10.1145/3190000/3186011/images/www2018-20-fig5.jpg [following]
--2018-05-16 14:31:20--  https://deliveryimages.acm.org/10.1145/3190000/3186011/images/www2018-20-fig5.jpg
Connecting to deliveryimages.acm.org (deliveryimages.acm.org)|104.17.80.191|:443... connected.
HTTP request sent, awaiting response... 200 OK
Length: 57210 (56K) [image/jpeg]
Saving to: ‘../data/deliveryimages.acm.org/10.1145/3190000/3186011/images/www2018-20-fig5.jpg’

     0K .......... .......... .......... .......... .......... 89% 1.65M 0s
    50K .....                                                 100% 87.8M=0.03s

2018-05-16 14:31:20 (1.84 MB/s) - ‘../data/deliveryimages.acm.org/10.1145/3190000/3186011/images/www2018-20-fig5.jpg’ saved [57210/57210]

--2018-05-16 14:31:20--  http://deliveryimages.acm.org/10.1145/3190000/3186011/images/www2018-20-fig6.jpg
Connecting to deliveryimages.acm.org (deliveryimages.acm.org)|104.17.80.191|:80... connected.
HTTP request sent, awaiting response... 301 Moved Permanently
Location: https://deliveryimages.acm.org/10.1145/3190000/3186011/images/www2018-20-fig6.jpg [following]
--2018-05-16 14:31:21--  https://deliveryimages.acm.org/10.1145/3190000/3186011/images/www2018-20-fig6.jpg
Connecting to deliveryimages.acm.org (deliveryimages.acm.org)|104.17.80.191|:443... connected.
HTTP request sent, awaiting response... 200 OK
Length: 40000 (39K) [image/jpeg]
Saving to: ‘../data/deliveryimages.acm.org/10.1145/3190000/3186011/images/www2018-20-fig6.jpg’

     0K .......... .......... .......... .........            100% 1.55M=0.02s

2018-05-16 14:31:21 (1.55 MB/s) - ‘../data/deliveryimages.acm.org/10.1145/3190000/3186011/images/www2018-20-fig6.jpg’ saved [40000/40000]

FINISHED --2018-05-16 14:31:21--
Total wall clock time: 2.2s
Downloaded: 7 files, 589K in 0.3s (2.02 MB/s)
Converting links in ../data/delivery.acm.org/10.1145/3190000/3186011/p1125-abitbol.html?ip=24.48.71.56&id=3186011&acc=OPENTOC&key=4D4702B0C3E38B35.4D4702B0C3E38B35.4D4702B0C3E38B35.4DD68F0663C025AA&__acm__=1526495777_5a2fdc76c0cca38708b1605b12d13fda... 91-0
Converted links in 1 files in 0.002 seconds.
