--2018-05-16 15:21:42--  http://delivery.acm.org/10.1145/3190000/3186338/p283-mu.html?ip=24.48.71.56&id=3186338&acc=OPENTOC&key=4D4702B0C3E38B35%2E4D4702B0C3E38B35%2E4D4702B0C3E38B35%2E4DD68F0663C025AA&__acm__=1526498801_c013f46ff18d413ede56f18ee5ed1c87
Resolving delivery.acm.org (delivery.acm.org)... 24.200.120.90, 24.200.120.82
Connecting to delivery.acm.org (delivery.acm.org)|24.200.120.90|:80... connected.
HTTP request sent, awaiting response... 200 OK
Length: 75346 (74K) [text/html]
Saving to: ‘../data/delivery.acm.org/10.1145/3190000/3186338/p283-mu.html?ip=24.48.71.56&id=3186338&acc=OPENTOC&key=4D4702B0C3E38B35.4D4702B0C3E38B35.4D4702B0C3E38B35.4DD68F0663C025AA&__acm__=1526498801_c013f46ff18d413ede56f18ee5ed1c87’

     0K .......... .......... .......... .......... .......... 67% 2.32M 0s
    50K .......... .......... ...                             100% 4.35M=0.03s

2018-05-16 15:21:42 (2.73 MB/s) - ‘../data/delivery.acm.org/10.1145/3190000/3186338/p283-mu.html?ip=24.48.71.56&id=3186338&acc=OPENTOC&key=4D4702B0C3E38B35.4D4702B0C3E38B35.4D4702B0C3E38B35.4DD68F0663C025AA&__acm__=1526498801_c013f46ff18d413ede56f18ee5ed1c87’ saved [75346/75346]

--2018-05-16 15:21:42--  http://deliveryimages.acm.org/10.1145/3190000/3186338/images/image1.jpeg
Resolving deliveryimages.acm.org (deliveryimages.acm.org)... 104.17.80.191, 104.17.79.191
Connecting to deliveryimages.acm.org (deliveryimages.acm.org)|104.17.80.191|:80... connected.
HTTP request sent, awaiting response... 301 Moved Permanently
Location: https://deliveryimages.acm.org/10.1145/3190000/3186338/images/image1.jpeg [following]
--2018-05-16 15:21:42--  https://deliveryimages.acm.org/10.1145/3190000/3186338/images/image1.jpeg
Connecting to deliveryimages.acm.org (deliveryimages.acm.org)|104.17.80.191|:443... connected.
HTTP request sent, awaiting response... 200 OK
Length: 47912 (47K) [image/jpeg]
Saving to: ‘../data/deliveryimages.acm.org/10.1145/3190000/3186338/images/image1.jpeg’

     0K .......... .......... .......... .......... ......    100% 1.41M=0.03s

2018-05-16 15:21:42 (1.41 MB/s) - ‘../data/deliveryimages.acm.org/10.1145/3190000/3186338/images/image1.jpeg’ saved [47912/47912]

--2018-05-16 15:21:42--  http://deliveryimages.acm.org/10.1145/3190000/3186338/images/image2.jpeg
Connecting to deliveryimages.acm.org (deliveryimages.acm.org)|104.17.80.191|:80... connected.
HTTP request sent, awaiting response... 301 Moved Permanently
Location: https://deliveryimages.acm.org/10.1145/3190000/3186338/images/image2.jpeg [following]
--2018-05-16 15:21:42--  https://deliveryimages.acm.org/10.1145/3190000/3186338/images/image2.jpeg
Connecting to deliveryimages.acm.org (deliveryimages.acm.org)|104.17.80.191|:443... connected.
HTTP request sent, awaiting response... 200 OK
Length: 60419 (59K) [image/jpeg]
Saving to: ‘../data/deliveryimages.acm.org/10.1145/3190000/3186338/images/image2.jpeg’

     0K .......... .......... .......... .......... .......... 84% 1.51M 0s
    50K .........                                             100% 3.50M=0.03s

2018-05-16 15:21:43 (1.66 MB/s) - ‘../data/deliveryimages.acm.org/10.1145/3190000/3186338/images/image2.jpeg’ saved [60419/60419]

--2018-05-16 15:21:43--  http://deliveryimages.acm.org/10.1145/3190000/3186338/images/image3.jpeg
Connecting to deliveryimages.acm.org (deliveryimages.acm.org)|104.17.80.191|:80... connected.
HTTP request sent, awaiting response... 301 Moved Permanently
Location: https://deliveryimages.acm.org/10.1145/3190000/3186338/images/image3.jpeg [following]
--2018-05-16 15:21:43--  https://deliveryimages.acm.org/10.1145/3190000/3186338/images/image3.jpeg
Connecting to deliveryimages.acm.org (deliveryimages.acm.org)|104.17.80.191|:443... connected.
HTTP request sent, awaiting response... 200 OK
Length: 40678 (40K) [image/jpeg]
Saving to: ‘../data/deliveryimages.acm.org/10.1145/3190000/3186338/images/image3.jpeg’

     0K .......... .......... .......... .........            100% 1.21M=0.03s

2018-05-16 15:21:44 (1.21 MB/s) - ‘../data/deliveryimages.acm.org/10.1145/3190000/3186338/images/image3.jpeg’ saved [40678/40678]

--2018-05-16 15:21:44--  http://deliveryimages.acm.org/10.1145/3190000/3186338/images/image4.jpg
Connecting to deliveryimages.acm.org (deliveryimages.acm.org)|104.17.80.191|:80... connected.
HTTP request sent, awaiting response... 301 Moved Permanently
Location: https://deliveryimages.acm.org/10.1145/3190000/3186338/images/image4.jpg [following]
--2018-05-16 15:21:44--  https://deliveryimages.acm.org/10.1145/3190000/3186338/images/image4.jpg
Connecting to deliveryimages.acm.org (deliveryimages.acm.org)|104.17.80.191|:443... connected.
HTTP request sent, awaiting response... 200 OK
Length: 100249 (98K) [image/jpeg]
Saving to: ‘../data/deliveryimages.acm.org/10.1145/3190000/3186338/images/image4.jpg’

     0K .......... .......... .......... .......... .......... 51% 1.16M 0s
    50K .......... .......... .......... .......... .......   100% 3.04M=0.06s

2018-05-16 15:21:44 (1.67 MB/s) - ‘../data/deliveryimages.acm.org/10.1145/3190000/3186338/images/image4.jpg’ saved [100249/100249]

--2018-05-16 15:21:44--  http://deliveryimages.acm.org/10.1145/3190000/3186338/images/image5.jpg
Connecting to deliveryimages.acm.org (deliveryimages.acm.org)|104.17.80.191|:80... connected.
HTTP request sent, awaiting response... 301 Moved Permanently
Location: https://deliveryimages.acm.org/10.1145/3190000/3186338/images/image5.jpg [following]
--2018-05-16 15:21:44--  https://deliveryimages.acm.org/10.1145/3190000/3186338/images/image5.jpg
Connecting to deliveryimages.acm.org (deliveryimages.acm.org)|104.17.80.191|:443... connected.
HTTP request sent, awaiting response... 200 OK
Length: 107488 (105K) [image/jpeg]
Saving to: ‘../data/deliveryimages.acm.org/10.1145/3190000/3186338/images/image5.jpg’

     0K .......... .......... .......... .......... .......... 47% 1.84M 0s
    50K .......... .......... .......... .......... .......... 95% 3.03M 0s
   100K ....                                                  100%  138M=0.04s

2018-05-16 15:21:44 (2.40 MB/s) - ‘../data/deliveryimages.acm.org/10.1145/3190000/3186338/images/image5.jpg’ saved [107488/107488]

--2018-05-16 15:21:44--  http://deliveryimages.acm.org/10.1145/3190000/3186338/images/image6.jpg
Connecting to deliveryimages.acm.org (deliveryimages.acm.org)|104.17.80.191|:80... connected.
HTTP request sent, awaiting response... 301 Moved Permanently
Location: https://deliveryimages.acm.org/10.1145/3190000/3186338/images/image6.jpg [following]
--2018-05-16 15:21:44--  https://deliveryimages.acm.org/10.1145/3190000/3186338/images/image6.jpg
Connecting to deliveryimages.acm.org (deliveryimages.acm.org)|104.17.80.191|:443... connected.
HTTP request sent, awaiting response... 200 OK
Length: 467200 (456K) [image/jpeg]
Saving to: ‘../data/deliveryimages.acm.org/10.1145/3190000/3186338/images/image6.jpg’

     0K .......... .......... .......... .......... .......... 10% 1.68M 0s
    50K .......... .......... .......... .......... .......... 21% 3.04M 0s
   100K .......... .......... .......... .......... .......... 32% 3.90M 0s
   150K .......... .......... .......... .......... .......... 43% 3.93M 0s
   200K .......... .......... .......... .......... .......... 54% 2.10M 0s
   250K .......... .......... .......... .......... .......... 65% 2.34M 0s
   300K .......... .......... .......... .......... .......... 76% 2.09M 0s
   350K .......... .......... .......... .......... .......... 87% 2.21M 0s
   400K .......... .......... .......... .......... .......... 98% 5.86M 0s
   450K ......                                                100% 69.4M=0.2s

2018-05-16 15:21:45 (2.65 MB/s) - ‘../data/deliveryimages.acm.org/10.1145/3190000/3186338/images/image6.jpg’ saved [467200/467200]

--2018-05-16 15:21:45--  http://deliveryimages.acm.org/10.1145/3190000/3186338/images/image7.jpg
Connecting to deliveryimages.acm.org (deliveryimages.acm.org)|104.17.80.191|:80... connected.
HTTP request sent, awaiting response... 301 Moved Permanently
Location: https://deliveryimages.acm.org/10.1145/3190000/3186338/images/image7.jpg [following]
--2018-05-16 15:21:45--  https://deliveryimages.acm.org/10.1145/3190000/3186338/images/image7.jpg
Connecting to deliveryimages.acm.org (deliveryimages.acm.org)|104.17.80.191|:443... connected.
HTTP request sent, awaiting response... 200 OK
Length: 68171 (67K) [image/jpeg]
Saving to: ‘../data/deliveryimages.acm.org/10.1145/3190000/3186338/images/image7.jpg’

     0K .......... .......... .......... .......... .......... 75% 1.21M 0s
    50K .......... ......                                     100% 2.61M=0.05s

2018-05-16 15:21:45 (1.39 MB/s) - ‘../data/deliveryimages.acm.org/10.1145/3190000/3186338/images/image7.jpg’ saved [68171/68171]

--2018-05-16 15:21:45--  http://deliveryimages.acm.org/10.1145/3190000/3186338/images/image8.jpg
Connecting to deliveryimages.acm.org (deliveryimages.acm.org)|104.17.80.191|:80... connected.
HTTP request sent, awaiting response... 301 Moved Permanently
Location: https://deliveryimages.acm.org/10.1145/3190000/3186338/images/image8.jpg [following]
--2018-05-16 15:21:45--  https://deliveryimages.acm.org/10.1145/3190000/3186338/images/image8.jpg
Connecting to deliveryimages.acm.org (deliveryimages.acm.org)|104.17.80.191|:443... connected.
HTTP request sent, awaiting response... 200 OK
Length: 61013 (60K) [image/jpeg]
Saving to: ‘../data/deliveryimages.acm.org/10.1145/3190000/3186338/images/image8.jpg’

     0K .......... .......... .......... .......... .......... 83% 1.56M 0s
    50K .........                                             100% 1.91M=0.04s

2018-05-16 15:21:45 (1.61 MB/s) - ‘../data/deliveryimages.acm.org/10.1145/3190000/3186338/images/image8.jpg’ saved [61013/61013]

--2018-05-16 15:21:45--  http://deliveryimages.acm.org/10.1145/3190000/3186338/images/image9.jpg
Connecting to deliveryimages.acm.org (deliveryimages.acm.org)|104.17.80.191|:80... connected.
HTTP request sent, awaiting response... 301 Moved Permanently
Location: https://deliveryimages.acm.org/10.1145/3190000/3186338/images/image9.jpg [following]
--2018-05-16 15:21:45--  https://deliveryimages.acm.org/10.1145/3190000/3186338/images/image9.jpg
Connecting to deliveryimages.acm.org (deliveryimages.acm.org)|104.17.80.191|:443... connected.
HTTP request sent, awaiting response... 200 OK
Length: 73097 (71K) [image/jpeg]
Saving to: ‘../data/deliveryimages.acm.org/10.1145/3190000/3186338/images/image9.jpg’

     0K .......... .......... .......... .......... .......... 70% 1.09M 0s
    50K .......... .......... .                               100% 5.56M=0.05s

2018-05-16 15:21:45 (1.44 MB/s) - ‘../data/deliveryimages.acm.org/10.1145/3190000/3186338/images/image9.jpg’ saved [73097/73097]

--2018-05-16 15:21:45--  http://deliveryimages.acm.org/10.1145/3190000/3186338/images/image10.jpg
Connecting to deliveryimages.acm.org (deliveryimages.acm.org)|104.17.80.191|:80... connected.
HTTP request sent, awaiting response... 301 Moved Permanently
Location: https://deliveryimages.acm.org/10.1145/3190000/3186338/images/image10.jpg [following]
--2018-05-16 15:21:45--  https://deliveryimages.acm.org/10.1145/3190000/3186338/images/image10.jpg
Connecting to deliveryimages.acm.org (deliveryimages.acm.org)|104.17.80.191|:443... connected.
HTTP request sent, awaiting response... 200 OK
Length: 60856 (59K) [image/jpeg]
Saving to: ‘../data/deliveryimages.acm.org/10.1145/3190000/3186338/images/image10.jpg’

     0K .......... .......... .......... .......... .......... 84% 1.29M 0s
    50K .........                                             100% 4.49M=0.04s

2018-05-16 15:21:46 (1.45 MB/s) - ‘../data/deliveryimages.acm.org/10.1145/3190000/3186338/images/image10.jpg’ saved [60856/60856]

FINISHED --2018-05-16 15:21:46--
Total wall clock time: 3.9s
Downloaded: 11 files, 1.1M in 0.6s (1.96 MB/s)
Converting links in ../data/delivery.acm.org/10.1145/3190000/3186338/p283-mu.html?ip=24.48.71.56&id=3186338&acc=OPENTOC&key=4D4702B0C3E38B35.4D4702B0C3E38B35.4D4702B0C3E38B35.4DD68F0663C025AA&__acm__=1526498801_c013f46ff18d413ede56f18ee5ed1c87... 84-0
Converted links in 1 files in 0.003 seconds.
