--2018-05-16 15:12:05--  http://delivery.acm.org/10.1145/3200000/3192323/p1685-dey.pdf?ip=24.48.71.56&id=3192323&acc=OPENTOC&key=4D4702B0C3E38B35%2E4D4702B0C3E38B35%2E4D4702B0C3E38B35%2E4DD68F0663C025AA&__acm__=1526498225_b40adfeb420a68331eaab877916b8136
Resolving delivery.acm.org (delivery.acm.org)... 24.200.120.82, 24.200.120.90
Connecting to delivery.acm.org (delivery.acm.org)|24.200.120.82|:80... connected.
HTTP request sent, awaiting response... 200 OK
Length: 1307612 (1.2M) [application/pdf]
Saving to: ‘../data/delivery.acm.org/10.1145/3200000/3192323/p1685-dey.pdf?ip=24.48.71.56&id=3192323&acc=OPENTOC&key=4D4702B0C3E38B35.4D4702B0C3E38B35.4D4702B0C3E38B35.4DD68F0663C025AA&__acm__=1526498225_b40adfeb420a68331eaab877916b8136’

     0K .......... .......... .......... .......... ..........  3% 2.54M 0s
    50K .......... .......... .......... .......... ..........  7% 3.90M 0s
   100K .......... .......... .......... .......... .......... 11% 3.27M 0s
   150K .......... .......... .......... .......... .......... 15% 5.79M 0s
   200K .......... .......... .......... .......... .......... 19% 3.60M 0s
   250K .......... .......... .......... .......... .......... 23% 4.25M 0s
   300K .......... .......... .......... .......... .......... 27% 4.77M 0s
   350K .......... .......... .......... .......... .......... 31% 3.09M 0s
   400K .......... .......... .......... .......... .......... 35% 4.12M 0s
   450K .......... .......... .......... .......... .......... 39% 4.18M 0s
   500K .......... .......... .......... .......... .......... 43% 1022K 0s
   550K .......... .......... .......... .......... .......... 46% 4.15M 0s
   600K .......... .......... .......... .......... .......... 50% 6.40M 0s
   650K .......... .......... .......... .......... .......... 54% 10.4M 0s
   700K .......... .......... .......... .......... .......... 58% 5.20M 0s
   750K .......... .......... .......... .......... .......... 62% 2.86M 0s
   800K .......... .......... .......... .......... .......... 66% 4.89M 0s
   850K .......... .......... .......... .......... .......... 70%  248M 0s
   900K .......... .......... .......... .......... .......... 74% 2.91M 0s
   950K .......... .......... .......... .......... .......... 78% 11.3M 0s
  1000K .......... .......... .......... .......... .......... 82% 5.41M 0s
  1050K .......... .......... .......... .......... .......... 86% 10.5M 0s
  1100K .......... .......... .......... .......... .......... 90% 4.01M 0s
  1150K .......... .......... .......... .......... .......... 93% 4.11M 0s
  1200K .......... .......... .......... .......... .......... 97% 4.11M 0s
  1250K .......... .......... ......                          100% 5.53M=0.3s

2018-05-16 15:12:05 (3.96 MB/s) - ‘../data/delivery.acm.org/10.1145/3200000/3192323/p1685-dey.pdf?ip=24.48.71.56&id=3192323&acc=OPENTOC&key=4D4702B0C3E38B35.4D4702B0C3E38B35.4D4702B0C3E38B35.4DD68F0663C025AA&__acm__=1526498225_b40adfeb420a68331eaab877916b8136’ saved [1307612/1307612]

FINISHED --2018-05-16 15:12:05--
Total wall clock time: 0.5s
Downloaded: 1 files, 1.2M in 0.3s (3.96 MB/s)
Converted links in 0 files in 0 seconds.
