--2018-05-16 14:31:33--  http://delivery.acm.org/10.1145/3190000/3186029/p1307-cannaviccio.html?ip=24.48.71.56&id=3186029&acc=OPENTOC&key=4D4702B0C3E38B35%2E4D4702B0C3E38B35%2E4D4702B0C3E38B35%2E4DD68F0663C025AA&__acm__=1526495793_c1ff569528430b780e3a0e1cb6c032b3
Resolving delivery.acm.org (delivery.acm.org)... 24.200.120.82, 24.200.120.90
Connecting to delivery.acm.org (delivery.acm.org)|24.200.120.82|:80... connected.
HTTP request sent, awaiting response... 200 OK
Length: 95339 (93K) [text/html]
Saving to: ‘../data/delivery.acm.org/10.1145/3190000/3186029/p1307-cannaviccio.html?ip=24.48.71.56&id=3186029&acc=OPENTOC&key=4D4702B0C3E38B35.4D4702B0C3E38B35.4D4702B0C3E38B35.4DD68F0663C025AA&__acm__=1526495793_c1ff569528430b780e3a0e1cb6c032b3’

     0K .......... .......... .......... .......... .......... 53% 2.09M 0s
    50K .......... .......... .......... .......... ...       100% 9.31M=0.03s

2018-05-16 14:31:34 (3.26 MB/s) - ‘../data/delivery.acm.org/10.1145/3190000/3186029/p1307-cannaviccio.html?ip=24.48.71.56&id=3186029&acc=OPENTOC&key=4D4702B0C3E38B35.4D4702B0C3E38B35.4D4702B0C3E38B35.4DD68F0663C025AA&__acm__=1526495793_c1ff569528430b780e3a0e1cb6c032b3’ saved [95339/95339]

--2018-05-16 14:31:34--  http://deliveryimages.acm.org/10.1145/3190000/3186029/images/www2018-38-fig1.jpg
Resolving deliveryimages.acm.org (deliveryimages.acm.org)... 104.17.79.191, 104.17.80.191
Connecting to deliveryimages.acm.org (deliveryimages.acm.org)|104.17.79.191|:80... connected.
HTTP request sent, awaiting response... 301 Moved Permanently
Location: https://deliveryimages.acm.org/10.1145/3190000/3186029/images/www2018-38-fig1.jpg [following]
--2018-05-16 14:31:34--  https://deliveryimages.acm.org/10.1145/3190000/3186029/images/www2018-38-fig1.jpg
Connecting to deliveryimages.acm.org (deliveryimages.acm.org)|104.17.79.191|:443... connected.
HTTP request sent, awaiting response... 200 OK
Length: 767096 (749K) [image/jpeg]
Saving to: ‘../data/deliveryimages.acm.org/10.1145/3190000/3186029/images/www2018-38-fig1.jpg’

     0K .......... .......... .......... .......... ..........  6% 1.24M 1s
    50K .......... .......... .......... .......... .......... 13% 3.94M 0s
   100K .......... .......... .......... .......... .......... 20% 4.25M 0s
   150K .......... .......... .......... .......... .......... 26% 3.91M 0s
   200K .......... .......... .......... .......... .......... 33%  227K 1s
   250K .......... .......... .......... .......... .......... 40% 2.50M 0s
   300K .......... .......... .......... .......... .......... 46% 4.53M 0s
   350K .......... .......... .......... .......... .......... 53% 4.08M 0s
   400K .......... .......... .......... .......... .......... 60% 6.15M 0s
   450K .......... .......... .......... .......... .......... 66% 2.92M 0s
   500K .......... .......... .......... .......... .......... 73% 7.05M 0s
   550K .......... .......... .......... .......... .......... 80% 4.50M 0s
   600K .......... .......... .......... .......... .......... 86% 4.29M 0s
   650K .......... .......... .......... .......... .......... 93% 4.38M 0s
   700K .......... .......... .......... .......... ......... 100% 4.04M=0.4s

2018-05-16 14:31:34 (1.76 MB/s) - ‘../data/deliveryimages.acm.org/10.1145/3190000/3186029/images/www2018-38-fig1.jpg’ saved [767096/767096]

--2018-05-16 14:31:34--  http://deliveryimages.acm.org/10.1145/3190000/3186029/images/www2018-38-fig2.jpg
Connecting to deliveryimages.acm.org (deliveryimages.acm.org)|104.17.79.191|:80... connected.
HTTP request sent, awaiting response... 301 Moved Permanently
Location: https://deliveryimages.acm.org/10.1145/3190000/3186029/images/www2018-38-fig2.jpg [following]
--2018-05-16 14:31:35--  https://deliveryimages.acm.org/10.1145/3190000/3186029/images/www2018-38-fig2.jpg
Connecting to deliveryimages.acm.org (deliveryimages.acm.org)|104.17.79.191|:443... connected.
HTTP request sent, awaiting response... 200 OK
Length: 749493 (732K) [image/jpeg]
Saving to: ‘../data/deliveryimages.acm.org/10.1145/3190000/3186029/images/www2018-38-fig2.jpg’

     0K .......... .......... .......... .......... ..........  6%  884K 1s
    50K .......... .......... .......... .......... .......... 13% 3.03M 0s
   100K .......... .......... .......... .......... .......... 20% 2.30M 0s
   150K .......... .......... .......... .......... .......... 27% 3.65M 0s
   200K .......... .......... .......... .......... .......... 34% 3.73M 0s
   250K .......... .......... .......... .......... .......... 40% 1.87M 0s
   300K .......... .......... .......... .......... .......... 47% 12.9M 0s
   350K .......... .......... .......... .......... .......... 54% 1.50M 0s
   400K .......... .......... .......... .......... .......... 61% 3.52M 0s
   450K .......... .......... .......... .......... .......... 68% 3.24M 0s
   500K .......... .......... .......... .......... .......... 75% 4.94M 0s
   550K .......... .......... .......... .......... .......... 81% 4.36M 0s
   600K .......... .......... .......... .......... .......... 88% 2.56M 0s
   650K .......... .......... .......... .......... .......... 95% 8.16M 0s
   700K .......... .......... .......... .                    100% 6.23M=0.3s

2018-05-16 14:31:35 (2.72 MB/s) - ‘../data/deliveryimages.acm.org/10.1145/3190000/3186029/images/www2018-38-fig2.jpg’ saved [749493/749493]

--2018-05-16 14:31:35--  http://deliveryimages.acm.org/10.1145/3190000/3186029/images/www2018-38-fig3.svg
Connecting to deliveryimages.acm.org (deliveryimages.acm.org)|104.17.79.191|:80... connected.
HTTP request sent, awaiting response... 301 Moved Permanently
Location: https://deliveryimages.acm.org/10.1145/3190000/3186029/images/www2018-38-fig3.svg [following]
--2018-05-16 14:31:35--  https://deliveryimages.acm.org/10.1145/3190000/3186029/images/www2018-38-fig3.svg
Connecting to deliveryimages.acm.org (deliveryimages.acm.org)|104.17.79.191|:443... connected.
HTTP request sent, awaiting response... 200 OK
Length: 66455 (65K) [image/svg+xml]
Saving to: ‘../data/deliveryimages.acm.org/10.1145/3190000/3186029/images/www2018-38-fig3.svg’

     0K .......... .......... .......... .......... .......... 77% 1.71M 0s
    50K .......... ....                                       100% 3.30M=0.03s

2018-05-16 14:31:35 (1.92 MB/s) - ‘../data/deliveryimages.acm.org/10.1145/3190000/3186029/images/www2018-38-fig3.svg’ saved [66455/66455]

--2018-05-16 14:31:35--  http://deliveryimages.acm.org/10.1145/3190000/3186029/images/www2018-38-fig4.svg
Connecting to deliveryimages.acm.org (deliveryimages.acm.org)|104.17.79.191|:80... connected.
HTTP request sent, awaiting response... 301 Moved Permanently
Location: https://deliveryimages.acm.org/10.1145/3190000/3186029/images/www2018-38-fig4.svg [following]
--2018-05-16 14:31:35--  https://deliveryimages.acm.org/10.1145/3190000/3186029/images/www2018-38-fig4.svg
Connecting to deliveryimages.acm.org (deliveryimages.acm.org)|104.17.79.191|:443... connected.
HTTP request sent, awaiting response... 200 OK
Length: 45072 (44K) [image/svg+xml]
Saving to: ‘../data/deliveryimages.acm.org/10.1145/3190000/3186029/images/www2018-38-fig4.svg’

     0K .......... .......... .......... .......... ....      100% 1.52M=0.03s

2018-05-16 14:31:35 (1.52 MB/s) - ‘../data/deliveryimages.acm.org/10.1145/3190000/3186029/images/www2018-38-fig4.svg’ saved [45072/45072]

--2018-05-16 14:31:35--  http://deliveryimages.acm.org/10.1145/3190000/3186029/images/www2018-38-fig5.svg
Connecting to deliveryimages.acm.org (deliveryimages.acm.org)|104.17.79.191|:80... connected.
HTTP request sent, awaiting response... 301 Moved Permanently
Location: https://deliveryimages.acm.org/10.1145/3190000/3186029/images/www2018-38-fig5.svg [following]
--2018-05-16 14:31:36--  https://deliveryimages.acm.org/10.1145/3190000/3186029/images/www2018-38-fig5.svg
Connecting to deliveryimages.acm.org (deliveryimages.acm.org)|104.17.79.191|:443... connected.
HTTP request sent, awaiting response... 200 OK
Length: 85093 (83K) [image/svg+xml]
Saving to: ‘../data/deliveryimages.acm.org/10.1145/3190000/3186029/images/www2018-38-fig5.svg’

     0K .......... .......... .......... .......... .......... 60% 1.68M 0s
    50K .......... .......... .......... ...                  100% 2.72M=0.04s

2018-05-16 14:31:36 (1.99 MB/s) - ‘../data/deliveryimages.acm.org/10.1145/3190000/3186029/images/www2018-38-fig5.svg’ saved [85093/85093]

--2018-05-16 14:31:36--  http://deliveryimages.acm.org/10.1145/3190000/3186029/images/www2018-38-fig6.jpg
Connecting to deliveryimages.acm.org (deliveryimages.acm.org)|104.17.79.191|:80... connected.
HTTP request sent, awaiting response... 301 Moved Permanently
Location: https://deliveryimages.acm.org/10.1145/3190000/3186029/images/www2018-38-fig6.jpg [following]
--2018-05-16 14:31:36--  https://deliveryimages.acm.org/10.1145/3190000/3186029/images/www2018-38-fig6.jpg
Connecting to deliveryimages.acm.org (deliveryimages.acm.org)|104.17.79.191|:443... connected.
HTTP request sent, awaiting response... 200 OK
Length: 804138 (785K) [image/jpeg]
Saving to: ‘../data/deliveryimages.acm.org/10.1145/3190000/3186029/images/www2018-38-fig6.jpg’

     0K .......... .......... .......... .......... ..........  6% 1.45M 0s
    50K .......... .......... .......... .......... .......... 12% 3.93M 0s
   100K .......... .......... .......... .......... .......... 19% 3.76M 0s
   150K .......... .......... .......... .......... .......... 25% 4.37M 0s
   200K .......... .......... .......... .......... .......... 31% 3.24M 0s
   250K .......... .......... .......... .......... .......... 38% 3.89M 0s
   300K .......... .......... .......... .......... .......... 44% 5.99M 0s
   350K .......... .......... .......... .......... .......... 50% 2.42M 0s
   400K .......... .......... .......... .......... .......... 57% 6.90M 0s
   450K .......... .......... .......... .......... .......... 63% 4.60M 0s
   500K .......... .......... .......... .......... .......... 70% 1.86M 0s
   550K .......... .......... .......... .......... .......... 76% 4.47M 0s
   600K .......... .......... .......... .......... .......... 82% 4.80M 0s
   650K .......... .......... .......... .......... .......... 89% 5.23M 0s
   700K .......... .......... .......... .......... .......... 95% 4.02M 0s
   750K .......... .......... .......... .....                100% 93.3M=0.2s

2018-05-16 14:31:36 (3.60 MB/s) - ‘../data/deliveryimages.acm.org/10.1145/3190000/3186029/images/www2018-38-fig6.jpg’ saved [804138/804138]

--2018-05-16 14:31:36--  http://deliveryimages.acm.org/10.1145/3190000/3186029/images/www2018-38-fig7.jpg
Connecting to deliveryimages.acm.org (deliveryimages.acm.org)|104.17.79.191|:80... connected.
HTTP request sent, awaiting response... 301 Moved Permanently
Location: https://deliveryimages.acm.org/10.1145/3190000/3186029/images/www2018-38-fig7.jpg [following]
--2018-05-16 14:31:36--  https://deliveryimages.acm.org/10.1145/3190000/3186029/images/www2018-38-fig7.jpg
Connecting to deliveryimages.acm.org (deliveryimages.acm.org)|104.17.79.191|:443... connected.
HTTP request sent, awaiting response... 200 OK
Length: 1012950 (989K) [image/jpeg]
Saving to: ‘../data/deliveryimages.acm.org/10.1145/3190000/3186029/images/www2018-38-fig7.jpg’

     0K .......... .......... .......... .......... ..........  5% 1.12M 1s
    50K .......... .......... .......... .......... .......... 10% 3.30M 1s
   100K .......... .......... .......... .......... .......... 15% 1.47M 1s
   150K .......... .......... .......... .......... .......... 20% 3.36M 0s
   200K .......... .......... .......... .......... .......... 25% 1.74M 0s
   250K .......... .......... .......... .......... .......... 30%  121M 0s
   300K .......... .......... .......... .......... .......... 35% 7.59M 0s
   350K .......... .......... .......... .......... .......... 40% 5.38M 0s
   400K .......... .......... .......... .......... .......... 45% 5.06M 0s
   450K .......... .......... .......... .......... .......... 50% 2.10M 0s
   500K .......... .......... .......... .......... .......... 55% 25.8M 0s
   550K .......... .......... .......... .......... .......... 60% 1.60M 0s
   600K .......... .......... .......... .......... .......... 65%  104M 0s
   650K .......... .......... .......... .......... .......... 70% 2.73M 0s
   700K .......... .......... .......... .......... .......... 75% 9.31M 0s
   750K .......... .......... .......... .......... .......... 80% 1.03M 0s
   800K .......... .......... .......... .......... .......... 85% 3.49M 0s
   850K .......... .......... .......... .......... .......... 90% 4.51M 0s
   900K .......... .......... .......... .......... .......... 96% 3.18M 0s
   950K .......... .......... .......... .........            100% 5.68M=0.3s

2018-05-16 14:31:37 (2.90 MB/s) - ‘../data/deliveryimages.acm.org/10.1145/3190000/3186029/images/www2018-38-fig7.jpg’ saved [1012950/1012950]

--2018-05-16 14:31:37--  http://deliveryimages.acm.org/10.1145/3190000/3186029/images/www2018-38-fig8.jpg
Connecting to deliveryimages.acm.org (deliveryimages.acm.org)|104.17.79.191|:80... connected.
HTTP request sent, awaiting response... 301 Moved Permanently
Location: https://deliveryimages.acm.org/10.1145/3190000/3186029/images/www2018-38-fig8.jpg [following]
--2018-05-16 14:31:37--  https://deliveryimages.acm.org/10.1145/3190000/3186029/images/www2018-38-fig8.jpg
Connecting to deliveryimages.acm.org (deliveryimages.acm.org)|104.17.79.191|:443... connected.
HTTP request sent, awaiting response... 200 OK
Length: 1006581 (983K) [image/jpeg]
Saving to: ‘../data/deliveryimages.acm.org/10.1145/3190000/3186029/images/www2018-38-fig8.jpg’

     0K .......... .......... .......... .......... ..........  5% 1009K 1s
    50K .......... .......... .......... .......... .......... 10% 3.01M 1s
   100K .......... .......... .......... .......... .......... 15% 2.83M 0s
   150K .......... .......... .......... .......... .......... 20% 3.97M 0s
   200K .......... .......... .......... .......... .......... 25% 2.91M 0s
   250K .......... .......... .......... .......... .......... 30% 3.47M 0s
   300K .......... .......... .......... .......... .......... 35% 8.10M 0s
   350K .......... .......... .......... .......... .......... 40% 3.73M 0s
   400K .......... .......... .......... .......... .......... 45% 5.42M 0s
   450K .......... .......... .......... .......... .......... 50% 5.78M 0s
   500K .......... .......... .......... .......... .......... 55% 4.15M 0s
   550K .......... .......... .......... .......... .......... 61% 5.35M 0s
   600K .......... .......... .......... .......... .......... 66% 4.00M 0s
   650K .......... .......... .......... .......... .......... 71% 4.15M 0s
   700K .......... .......... .......... .......... .......... 76% 3.83M 0s
   750K .......... .......... .......... .......... .......... 81% 3.10M 0s
   800K .......... .......... .......... .......... .......... 86% 5.06M 0s
   850K .......... .......... .......... .......... .......... 91% 3.99M 0s
   900K .......... .......... .......... .......... .......... 96% 4.52M 0s
   950K .......... .......... .......... ..                   100% 4.02M=0.3s

2018-05-16 14:31:37 (3.47 MB/s) - ‘../data/deliveryimages.acm.org/10.1145/3190000/3186029/images/www2018-38-fig8.jpg’ saved [1006581/1006581]

FINISHED --2018-05-16 14:31:37--
Total wall clock time: 4.1s
Downloaded: 9 files, 4.4M in 1.6s (2.71 MB/s)
Converting links in ../data/delivery.acm.org/10.1145/3190000/3186029/p1307-cannaviccio.html?ip=24.48.71.56&id=3186029&acc=OPENTOC&key=4D4702B0C3E38B35.4D4702B0C3E38B35.4D4702B0C3E38B35.4DD68F0663C025AA&__acm__=1526495793_c1ff569528430b780e3a0e1cb6c032b3... 131-0
Converted links in 1 files in 0.004 seconds.
