--2018-05-16 14:20:09--  http://delivery.acm.org/10.1145/3190000/3186091/p247-mendoza.html?ip=24.48.71.56&id=3186091&acc=OPENTOC&key=4D4702B0C3E38B35%2E4D4702B0C3E38B35%2E4D4702B0C3E38B35%2E4DD68F0663C025AA&__acm__=1526495109_6281b0180ba3f3f72b293ace9a7bcfb4
Resolving delivery.acm.org (delivery.acm.org)... 24.200.120.82, 24.200.120.90
Connecting to delivery.acm.org (delivery.acm.org)|24.200.120.82|:80... connected.
HTTP request sent, awaiting response... 200 OK
Length: 87285 (85K) [text/html]
Saving to: ‘../data/delivery.acm.org/10.1145/3190000/3186091/p247-mendoza.html?ip=24.48.71.56&id=3186091&acc=OPENTOC&key=4D4702B0C3E38B35.4D4702B0C3E38B35.4D4702B0C3E38B35.4DD68F0663C025AA&__acm__=1526495109_6281b0180ba3f3f72b293ace9a7bcfb4’

     0K .......... .......... .......... .......... .......... 58% 1.71M 0s
    50K .......... .......... .......... .....                100% 6.10M=0.03s

2018-05-16 14:20:10 (2.44 MB/s) - ‘../data/delivery.acm.org/10.1145/3190000/3186091/p247-mendoza.html?ip=24.48.71.56&id=3186091&acc=OPENTOC&key=4D4702B0C3E38B35.4D4702B0C3E38B35.4D4702B0C3E38B35.4DD68F0663C025AA&__acm__=1526495109_6281b0180ba3f3f72b293ace9a7bcfb4’ saved [87285/87285]

--2018-05-16 14:20:10--  http://deliveryimages.acm.org/10.1145/3190000/3186091/images/www2018-100-fig1.jpg
Resolving deliveryimages.acm.org (deliveryimages.acm.org)... 104.17.79.191, 104.17.80.191
Connecting to deliveryimages.acm.org (deliveryimages.acm.org)|104.17.79.191|:80... connected.
HTTP request sent, awaiting response... 301 Moved Permanently
Location: https://deliveryimages.acm.org/10.1145/3190000/3186091/images/www2018-100-fig1.jpg [following]
--2018-05-16 14:20:10--  https://deliveryimages.acm.org/10.1145/3190000/3186091/images/www2018-100-fig1.jpg
Connecting to deliveryimages.acm.org (deliveryimages.acm.org)|104.17.79.191|:443... connected.
HTTP request sent, awaiting response... 200 OK
Length: 60542 (59K) [image/jpeg]
Saving to: ‘../data/deliveryimages.acm.org/10.1145/3190000/3186091/images/www2018-100-fig1.jpg’

     0K .......... .......... .......... .......... .......... 84% 1.72M 0s
    50K .........                                             100% 4.56M=0.03s

2018-05-16 14:20:10 (1.90 MB/s) - ‘../data/deliveryimages.acm.org/10.1145/3190000/3186091/images/www2018-100-fig1.jpg’ saved [60542/60542]

--2018-05-16 14:20:10--  http://deliveryimages.acm.org/10.1145/3190000/3186091/images/www2018-100-fig2.jpg
Connecting to deliveryimages.acm.org (deliveryimages.acm.org)|104.17.79.191|:80... connected.
HTTP request sent, awaiting response... 301 Moved Permanently
Location: https://deliveryimages.acm.org/10.1145/3190000/3186091/images/www2018-100-fig2.jpg [following]
--2018-05-16 14:20:10--  https://deliveryimages.acm.org/10.1145/3190000/3186091/images/www2018-100-fig2.jpg
Connecting to deliveryimages.acm.org (deliveryimages.acm.org)|104.17.79.191|:443... connected.
HTTP request sent, awaiting response... 200 OK
Length: 26495 (26K) [image/jpeg]
Saving to: ‘../data/deliveryimages.acm.org/10.1145/3190000/3186091/images/www2018-100-fig2.jpg’

     0K .......... .......... .....                           100% 1.22M=0.02s

2018-05-16 14:20:10 (1.22 MB/s) - ‘../data/deliveryimages.acm.org/10.1145/3190000/3186091/images/www2018-100-fig2.jpg’ saved [26495/26495]

--2018-05-16 14:20:10--  http://deliveryimages.acm.org/10.1145/3190000/3186091/images/www2018-100-fig3.jpg
Connecting to deliveryimages.acm.org (deliveryimages.acm.org)|104.17.79.191|:80... connected.
HTTP request sent, awaiting response... 301 Moved Permanently
Location: https://deliveryimages.acm.org/10.1145/3190000/3186091/images/www2018-100-fig3.jpg [following]
--2018-05-16 14:20:10--  https://deliveryimages.acm.org/10.1145/3190000/3186091/images/www2018-100-fig3.jpg
Connecting to deliveryimages.acm.org (deliveryimages.acm.org)|104.17.79.191|:443... connected.
HTTP request sent, awaiting response... 200 OK
Length: 35593 (35K) [image/jpeg]
Saving to: ‘../data/deliveryimages.acm.org/10.1145/3190000/3186091/images/www2018-100-fig3.jpg’

     0K .......... .......... .......... ....                 100%  671K=0.05s

2018-05-16 14:20:11 (671 KB/s) - ‘../data/deliveryimages.acm.org/10.1145/3190000/3186091/images/www2018-100-fig3.jpg’ saved [35593/35593]

--2018-05-16 14:20:11--  http://deliveryimages.acm.org/10.1145/3190000/3186091/images/www2018-100-img1.svg
Connecting to deliveryimages.acm.org (deliveryimages.acm.org)|104.17.79.191|:80... connected.
HTTP request sent, awaiting response... 301 Moved Permanently
Location: https://deliveryimages.acm.org/10.1145/3190000/3186091/images/www2018-100-img1.svg [following]
--2018-05-16 14:20:11--  https://deliveryimages.acm.org/10.1145/3190000/3186091/images/www2018-100-img1.svg
Connecting to deliveryimages.acm.org (deliveryimages.acm.org)|104.17.79.191|:443... connected.
HTTP request sent, awaiting response... 200 OK
Length: 100685 (98K) [image/svg+xml]
Saving to: ‘../data/deliveryimages.acm.org/10.1145/3190000/3186091/images/www2018-100-img1.svg’

     0K .......... .......... .......... .......... .......... 50% 1.64M 0s
    50K .......... .......... .......... .......... ........  100% 3.00M=0.05s

2018-05-16 14:20:11 (2.11 MB/s) - ‘../data/deliveryimages.acm.org/10.1145/3190000/3186091/images/www2018-100-img1.svg’ saved [100685/100685]

--2018-05-16 14:20:11--  http://deliveryimages.acm.org/10.1145/3190000/3186091/images/www2018-100-fig4.jpg
Connecting to deliveryimages.acm.org (deliveryimages.acm.org)|104.17.79.191|:80... connected.
HTTP request sent, awaiting response... 301 Moved Permanently
Location: https://deliveryimages.acm.org/10.1145/3190000/3186091/images/www2018-100-fig4.jpg [following]
--2018-05-16 14:20:11--  https://deliveryimages.acm.org/10.1145/3190000/3186091/images/www2018-100-fig4.jpg
Connecting to deliveryimages.acm.org (deliveryimages.acm.org)|104.17.79.191|:443... connected.
HTTP request sent, awaiting response... 200 OK
Length: 111082 (108K) [image/jpeg]
Saving to: ‘../data/deliveryimages.acm.org/10.1145/3190000/3186091/images/www2018-100-fig4.jpg’

     0K .......... .......... .......... .......... .......... 46% 1.79M 0s
    50K .......... .......... .......... .......... .......... 92% 3.20M 0s
   100K ........                                              100%  100M=0.04s

2018-05-16 14:20:11 (2.49 MB/s) - ‘../data/deliveryimages.acm.org/10.1145/3190000/3186091/images/www2018-100-fig4.jpg’ saved [111082/111082]

--2018-05-16 14:20:11--  http://deliveryimages.acm.org/10.1145/3190000/3186091/images/www2018-100-fig5.jpg
Connecting to deliveryimages.acm.org (deliveryimages.acm.org)|104.17.79.191|:80... connected.
HTTP request sent, awaiting response... 301 Moved Permanently
Location: https://deliveryimages.acm.org/10.1145/3190000/3186091/images/www2018-100-fig5.jpg [following]
--2018-05-16 14:20:11--  https://deliveryimages.acm.org/10.1145/3190000/3186091/images/www2018-100-fig5.jpg
Connecting to deliveryimages.acm.org (deliveryimages.acm.org)|104.17.79.191|:443... connected.
HTTP request sent, awaiting response... 200 OK
Length: 79660 (78K) [image/jpeg]
Saving to: ‘../data/deliveryimages.acm.org/10.1145/3190000/3186091/images/www2018-100-fig5.jpg’

     0K .......... .......... .......... .......... .......... 64% 1.63M 0s
    50K .......... .......... .......                         100% 2.08M=0.04s

2018-05-16 14:20:11 (1.77 MB/s) - ‘../data/deliveryimages.acm.org/10.1145/3190000/3186091/images/www2018-100-fig5.jpg’ saved [79660/79660]

--2018-05-16 14:20:11--  http://deliveryimages.acm.org/10.1145/3190000/3186091/images/www2018-100-fig6.jpg
Connecting to deliveryimages.acm.org (deliveryimages.acm.org)|104.17.79.191|:80... connected.
HTTP request sent, awaiting response... 301 Moved Permanently
Location: https://deliveryimages.acm.org/10.1145/3190000/3186091/images/www2018-100-fig6.jpg [following]
--2018-05-16 14:20:11--  https://deliveryimages.acm.org/10.1145/3190000/3186091/images/www2018-100-fig6.jpg
Connecting to deliveryimages.acm.org (deliveryimages.acm.org)|104.17.79.191|:443... connected.
HTTP request sent, awaiting response... 200 OK
Length: 84231 (82K) [image/jpeg]
Saving to: ‘../data/deliveryimages.acm.org/10.1145/3190000/3186091/images/www2018-100-fig6.jpg’

     0K .......... .......... .......... .......... .......... 60% 1.04M 0s
    50K .......... .......... .......... ..                   100% 3.41M=0.06s

2018-05-16 14:20:12 (1.42 MB/s) - ‘../data/deliveryimages.acm.org/10.1145/3190000/3186091/images/www2018-100-fig6.jpg’ saved [84231/84231]

FINISHED --2018-05-16 14:20:12--
Total wall clock time: 2.3s
Downloaded: 8 files, 572K in 0.3s (1.72 MB/s)
Converting links in ../data/delivery.acm.org/10.1145/3190000/3186091/p247-mendoza.html?ip=24.48.71.56&id=3186091&acc=OPENTOC&key=4D4702B0C3E38B35.4D4702B0C3E38B35.4D4702B0C3E38B35.4DD68F0663C025AA&__acm__=1526495109_6281b0180ba3f3f72b293ace9a7bcfb4... 96-0
Converted links in 1 files in 0.002 seconds.
