--2018-05-16 14:31:52--  http://delivery.acm.org/10.1145/3190000/3186024/p1257-qu.html?ip=24.48.71.56&id=3186024&acc=OPENTOC&key=4D4702B0C3E38B35%2E4D4702B0C3E38B35%2E4D4702B0C3E38B35%2E4DD68F0663C025AA&__acm__=1526495811_ef4342dd3a5a260e9fef300360d69c40
Resolving delivery.acm.org (delivery.acm.org)... 24.200.120.82, 24.200.120.90
Connecting to delivery.acm.org (delivery.acm.org)|24.200.120.82|:80... connected.
HTTP request sent, awaiting response... 200 OK
Length: 109526 (107K) [text/html]
Saving to: ‘../data/delivery.acm.org/10.1145/3190000/3186024/p1257-qu.html?ip=24.48.71.56&id=3186024&acc=OPENTOC&key=4D4702B0C3E38B35.4D4702B0C3E38B35.4D4702B0C3E38B35.4DD68F0663C025AA&__acm__=1526495811_ef4342dd3a5a260e9fef300360d69c40’

     0K .......... .......... .......... .......... .......... 46% 1.65M 0s
    50K .......... .......... .......... .......... .......... 93% 3.31M 0s
   100K ......                                                100% 1.29M=0.05s

2018-05-16 14:31:52 (2.10 MB/s) - ‘../data/delivery.acm.org/10.1145/3190000/3186024/p1257-qu.html?ip=24.48.71.56&id=3186024&acc=OPENTOC&key=4D4702B0C3E38B35.4D4702B0C3E38B35.4D4702B0C3E38B35.4DD68F0663C025AA&__acm__=1526495811_ef4342dd3a5a260e9fef300360d69c40’ saved [109526/109526]

--2018-05-16 14:31:52--  http://deliveryimages.acm.org/10.1145/3190000/3186024/images/www2018-33-fig1.jpg
Resolving deliveryimages.acm.org (deliveryimages.acm.org)... 104.17.79.191, 104.17.80.191
Connecting to deliveryimages.acm.org (deliveryimages.acm.org)|104.17.79.191|:80... connected.
HTTP request sent, awaiting response... 301 Moved Permanently
Location: https://deliveryimages.acm.org/10.1145/3190000/3186024/images/www2018-33-fig1.jpg [following]
--2018-05-16 14:31:52--  https://deliveryimages.acm.org/10.1145/3190000/3186024/images/www2018-33-fig1.jpg
Connecting to deliveryimages.acm.org (deliveryimages.acm.org)|104.17.79.191|:443... connected.
HTTP request sent, awaiting response... 200 OK
Length: 74243 (73K) [image/jpeg]
Saving to: ‘../data/deliveryimages.acm.org/10.1145/3190000/3186024/images/www2018-33-fig1.jpg’

     0K .......... .......... .......... .......... .......... 68% 1.16M 0s
    50K .......... .......... ..                              100% 2.68M=0.05s

2018-05-16 14:31:52 (1.40 MB/s) - ‘../data/deliveryimages.acm.org/10.1145/3190000/3186024/images/www2018-33-fig1.jpg’ saved [74243/74243]

--2018-05-16 14:31:52--  http://deliveryimages.acm.org/10.1145/3190000/3186024/images/www2018-33-fig2.jpg
Connecting to deliveryimages.acm.org (deliveryimages.acm.org)|104.17.79.191|:80... connected.
HTTP request sent, awaiting response... 301 Moved Permanently
Location: https://deliveryimages.acm.org/10.1145/3190000/3186024/images/www2018-33-fig2.jpg [following]
--2018-05-16 14:31:52--  https://deliveryimages.acm.org/10.1145/3190000/3186024/images/www2018-33-fig2.jpg
Connecting to deliveryimages.acm.org (deliveryimages.acm.org)|104.17.79.191|:443... connected.
HTTP request sent, awaiting response... 200 OK
Length: 35746 (35K) [image/jpeg]
Saving to: ‘../data/deliveryimages.acm.org/10.1145/3190000/3186024/images/www2018-33-fig2.jpg’

     0K .......... .......... .......... ....                 100% 1.63M=0.02s

2018-05-16 14:31:53 (1.63 MB/s) - ‘../data/deliveryimages.acm.org/10.1145/3190000/3186024/images/www2018-33-fig2.jpg’ saved [35746/35746]

--2018-05-16 14:31:53--  http://deliveryimages.acm.org/10.1145/3190000/3186024/images/www2018-33-fig3.jpg
Connecting to deliveryimages.acm.org (deliveryimages.acm.org)|104.17.79.191|:80... connected.
HTTP request sent, awaiting response... 301 Moved Permanently
Location: https://deliveryimages.acm.org/10.1145/3190000/3186024/images/www2018-33-fig3.jpg [following]
--2018-05-16 14:31:53--  https://deliveryimages.acm.org/10.1145/3190000/3186024/images/www2018-33-fig3.jpg
Connecting to deliveryimages.acm.org (deliveryimages.acm.org)|104.17.79.191|:443... connected.
HTTP request sent, awaiting response... 200 OK
Length: 31605 (31K) [image/jpeg]
Saving to: ‘../data/deliveryimages.acm.org/10.1145/3190000/3186024/images/www2018-33-fig3.jpg’

     0K .......... .......... ..........                      100% 1.49M=0.02s

2018-05-16 14:31:53 (1.49 MB/s) - ‘../data/deliveryimages.acm.org/10.1145/3190000/3186024/images/www2018-33-fig3.jpg’ saved [31605/31605]

--2018-05-16 14:31:53--  http://deliveryimages.acm.org/10.1145/3190000/3186024/images/www2018-33-fig4.jpg
Connecting to deliveryimages.acm.org (deliveryimages.acm.org)|104.17.79.191|:80... connected.
HTTP request sent, awaiting response... 301 Moved Permanently
Location: https://deliveryimages.acm.org/10.1145/3190000/3186024/images/www2018-33-fig4.jpg [following]
--2018-05-16 14:31:53--  https://deliveryimages.acm.org/10.1145/3190000/3186024/images/www2018-33-fig4.jpg
Connecting to deliveryimages.acm.org (deliveryimages.acm.org)|104.17.79.191|:443... connected.
HTTP request sent, awaiting response... 200 OK
Length: 48444 (47K) [image/jpeg]
Saving to: ‘../data/deliveryimages.acm.org/10.1145/3190000/3186024/images/www2018-33-fig4.jpg’

     0K .......... .......... .......... .......... .......   100% 1.60M=0.03s

2018-05-16 14:31:53 (1.60 MB/s) - ‘../data/deliveryimages.acm.org/10.1145/3190000/3186024/images/www2018-33-fig4.jpg’ saved [48444/48444]

--2018-05-16 14:31:53--  http://deliveryimages.acm.org/10.1145/3190000/3186024/images/www2018-33-img1.svg
Connecting to deliveryimages.acm.org (deliveryimages.acm.org)|104.17.79.191|:80... connected.
HTTP request sent, awaiting response... 301 Moved Permanently
Location: https://deliveryimages.acm.org/10.1145/3190000/3186024/images/www2018-33-img1.svg [following]
--2018-05-16 14:31:53--  https://deliveryimages.acm.org/10.1145/3190000/3186024/images/www2018-33-img1.svg
Connecting to deliveryimages.acm.org (deliveryimages.acm.org)|104.17.79.191|:443... connected.
HTTP request sent, awaiting response... 200 OK
Length: 150305 (147K) [image/svg+xml]
Saving to: ‘../data/deliveryimages.acm.org/10.1145/3190000/3186024/images/www2018-33-img1.svg’

     0K .......... .......... .......... .......... .......... 34% 1.34M 0s
    50K .......... .......... .......... .......... .......... 68% 3.92M 0s
   100K .......... .......... .......... .......... ......    100% 4.18M=0.06s

2018-05-16 14:31:53 (2.39 MB/s) - ‘../data/deliveryimages.acm.org/10.1145/3190000/3186024/images/www2018-33-img1.svg’ saved [150305/150305]

--2018-05-16 14:31:53--  http://deliveryimages.acm.org/10.1145/3190000/3186024/images/www2018-33-fig5.jpg
Connecting to deliveryimages.acm.org (deliveryimages.acm.org)|104.17.79.191|:80... connected.
HTTP request sent, awaiting response... 301 Moved Permanently
Location: https://deliveryimages.acm.org/10.1145/3190000/3186024/images/www2018-33-fig5.jpg [following]
--2018-05-16 14:31:53--  https://deliveryimages.acm.org/10.1145/3190000/3186024/images/www2018-33-fig5.jpg
Connecting to deliveryimages.acm.org (deliveryimages.acm.org)|104.17.79.191|:443... connected.
HTTP request sent, awaiting response... 200 OK
Length: 51163 (50K) [image/jpeg]
Saving to: ‘../data/deliveryimages.acm.org/10.1145/3190000/3186024/images/www2018-33-fig5.jpg’

     0K .......... .......... .......... .......... ......... 100% 1.64M=0.03s

2018-05-16 14:31:54 (1.64 MB/s) - ‘../data/deliveryimages.acm.org/10.1145/3190000/3186024/images/www2018-33-fig5.jpg’ saved [51163/51163]

--2018-05-16 14:31:54--  http://deliveryimages.acm.org/10.1145/3190000/3186024/images/www2018-33-fig6.jpg
Connecting to deliveryimages.acm.org (deliveryimages.acm.org)|104.17.79.191|:80... connected.
HTTP request sent, awaiting response... 301 Moved Permanently
Location: https://deliveryimages.acm.org/10.1145/3190000/3186024/images/www2018-33-fig6.jpg [following]
--2018-05-16 14:31:54--  https://deliveryimages.acm.org/10.1145/3190000/3186024/images/www2018-33-fig6.jpg
Connecting to deliveryimages.acm.org (deliveryimages.acm.org)|104.17.79.191|:443... connected.
HTTP request sent, awaiting response... 200 OK
Length: 58624 (57K) [image/jpeg]
Saving to: ‘../data/deliveryimages.acm.org/10.1145/3190000/3186024/images/www2018-33-fig6.jpg’

     0K .......... .......... .......... .......... .......... 87% 1.77M 0s
    50K .......                                               100% 3.15M=0.03s

2018-05-16 14:31:54 (1.87 MB/s) - ‘../data/deliveryimages.acm.org/10.1145/3190000/3186024/images/www2018-33-fig6.jpg’ saved [58624/58624]

--2018-05-16 14:31:54--  http://deliveryimages.acm.org/10.1145/3190000/3186024/images/www2018-33-fig7.jpg
Connecting to deliveryimages.acm.org (deliveryimages.acm.org)|104.17.79.191|:80... connected.
HTTP request sent, awaiting response... 301 Moved Permanently
Location: https://deliveryimages.acm.org/10.1145/3190000/3186024/images/www2018-33-fig7.jpg [following]
--2018-05-16 14:31:54--  https://deliveryimages.acm.org/10.1145/3190000/3186024/images/www2018-33-fig7.jpg
Connecting to deliveryimages.acm.org (deliveryimages.acm.org)|104.17.79.191|:443... connected.
HTTP request sent, awaiting response... 200 OK
Length: 37392 (37K) [image/jpeg]
Saving to: ‘../data/deliveryimages.acm.org/10.1145/3190000/3186024/images/www2018-33-fig7.jpg’

     0K .......... .......... .......... ......               100% 1.52M=0.02s

2018-05-16 14:31:54 (1.52 MB/s) - ‘../data/deliveryimages.acm.org/10.1145/3190000/3186024/images/www2018-33-fig7.jpg’ saved [37392/37392]

--2018-05-16 14:31:54--  http://deliveryimages.acm.org/10.1145/3190000/3186024/images/www2018-33-fig8.jpg
Connecting to deliveryimages.acm.org (deliveryimages.acm.org)|104.17.79.191|:80... connected.
HTTP request sent, awaiting response... 301 Moved Permanently
Location: https://deliveryimages.acm.org/10.1145/3190000/3186024/images/www2018-33-fig8.jpg [following]
--2018-05-16 14:31:54--  https://deliveryimages.acm.org/10.1145/3190000/3186024/images/www2018-33-fig8.jpg
Connecting to deliveryimages.acm.org (deliveryimages.acm.org)|104.17.79.191|:443... connected.
HTTP request sent, awaiting response... 200 OK
Length: 26917 (26K) [image/jpeg]
Saving to: ‘../data/deliveryimages.acm.org/10.1145/3190000/3186024/images/www2018-33-fig8.jpg’

     0K .......... .......... ......                          100% 1.48M=0.02s

2018-05-16 14:31:55 (1.48 MB/s) - ‘../data/deliveryimages.acm.org/10.1145/3190000/3186024/images/www2018-33-fig8.jpg’ saved [26917/26917]

--2018-05-16 14:31:55--  http://deliveryimages.acm.org/10.1145/3190000/3186024/images/www2018-33-fig9.jpg
Connecting to deliveryimages.acm.org (deliveryimages.acm.org)|104.17.79.191|:80... connected.
HTTP request sent, awaiting response... 301 Moved Permanently
Location: https://deliveryimages.acm.org/10.1145/3190000/3186024/images/www2018-33-fig9.jpg [following]
--2018-05-16 14:31:55--  https://deliveryimages.acm.org/10.1145/3190000/3186024/images/www2018-33-fig9.jpg
Connecting to deliveryimages.acm.org (deliveryimages.acm.org)|104.17.79.191|:443... connected.
HTTP request sent, awaiting response... 200 OK
Length: 25290 (25K) [image/jpeg]
Saving to: ‘../data/deliveryimages.acm.org/10.1145/3190000/3186024/images/www2018-33-fig9.jpg’

     0K .......... .......... ....                            100%  641K=0.04s

2018-05-16 14:31:55 (641 KB/s) - ‘../data/deliveryimages.acm.org/10.1145/3190000/3186024/images/www2018-33-fig9.jpg’ saved [25290/25290]

FINISHED --2018-05-16 14:31:55--
Total wall clock time: 3.3s
Downloaded: 11 files, 634K in 0.4s (1.68 MB/s)
Converting links in ../data/delivery.acm.org/10.1145/3190000/3186024/p1257-qu.html?ip=24.48.71.56&id=3186024&acc=OPENTOC&key=4D4702B0C3E38B35.4D4702B0C3E38B35.4D4702B0C3E38B35.4DD68F0663C025AA&__acm__=1526495811_ef4342dd3a5a260e9fef300360d69c40... 175-0
Converted links in 1 files in 0.005 seconds.
