--2018-05-16 15:03:32--  http://delivery.acm.org/10.1145/3200000/3191570/p1299-falih.html?ip=24.48.71.56&id=3191570&acc=OPENTOC&key=4D4702B0C3E38B35%2E4D4702B0C3E38B35%2E4D4702B0C3E38B35%2E4DD68F0663C025AA&__acm__=1526497710_118f5c882b4df1631ba315eedc379d37
Resolving delivery.acm.org (delivery.acm.org)... 24.200.120.90, 24.200.120.82
Connecting to delivery.acm.org (delivery.acm.org)|24.200.120.90|:80... connected.
HTTP request sent, awaiting response... 200 OK
Length: 66345 (65K) [text/html]
Saving to: ‘../data/delivery.acm.org/10.1145/3200000/3191570/p1299-falih.html?ip=24.48.71.56&id=3191570&acc=OPENTOC&key=4D4702B0C3E38B35.4D4702B0C3E38B35.4D4702B0C3E38B35.4DD68F0663C025AA&__acm__=1526497710_118f5c882b4df1631ba315eedc379d37’

     0K .......... .......... .......... .......... .......... 77% 2.01M 0s
    50K .......... ....                                       100% 2.22M=0.03s

2018-05-16 15:03:32 (2.06 MB/s) - ‘../data/delivery.acm.org/10.1145/3200000/3191570/p1299-falih.html?ip=24.48.71.56&id=3191570&acc=OPENTOC&key=4D4702B0C3E38B35.4D4702B0C3E38B35.4D4702B0C3E38B35.4DD68F0663C025AA&__acm__=1526497710_118f5c882b4df1631ba315eedc379d37’ saved [66345/66345]

--2018-05-16 15:03:32--  http://deliveryimages.acm.org/10.1145/3200000/3191570/images/www18companion-309-img1.svg
Resolving deliveryimages.acm.org (deliveryimages.acm.org)... 104.17.79.191, 104.17.80.191
Connecting to deliveryimages.acm.org (deliveryimages.acm.org)|104.17.79.191|:80... connected.
HTTP request sent, awaiting response... 301 Moved Permanently
Location: https://deliveryimages.acm.org/10.1145/3200000/3191570/images/www18companion-309-img1.svg [following]
--2018-05-16 15:03:32--  https://deliveryimages.acm.org/10.1145/3200000/3191570/images/www18companion-309-img1.svg
Connecting to deliveryimages.acm.org (deliveryimages.acm.org)|104.17.79.191|:443... connected.
HTTP request sent, awaiting response... 200 OK
Length: 90801 (89K) [image/svg+xml]
Saving to: ‘../data/deliveryimages.acm.org/10.1145/3200000/3191570/images/www18companion-309-img1.svg’

     0K .......... .......... .......... .......... .......... 56% 1.51M 0s
    50K .......... .......... .......... ........             100% 3.85M=0.04s

2018-05-16 15:03:32 (2.05 MB/s) - ‘../data/deliveryimages.acm.org/10.1145/3200000/3191570/images/www18companion-309-img1.svg’ saved [90801/90801]

--2018-05-16 15:03:32--  http://deliveryimages.acm.org/10.1145/3200000/3191570/images/www18companion-309-img2.svg
Connecting to deliveryimages.acm.org (deliveryimages.acm.org)|104.17.79.191|:80... connected.
HTTP request sent, awaiting response... 301 Moved Permanently
Location: https://deliveryimages.acm.org/10.1145/3200000/3191570/images/www18companion-309-img2.svg [following]
--2018-05-16 15:03:32--  https://deliveryimages.acm.org/10.1145/3200000/3191570/images/www18companion-309-img2.svg
Connecting to deliveryimages.acm.org (deliveryimages.acm.org)|104.17.79.191|:443... connected.
HTTP request sent, awaiting response... 200 OK
Length: 89151 (87K) [image/svg+xml]
Saving to: ‘../data/deliveryimages.acm.org/10.1145/3200000/3191570/images/www18companion-309-img2.svg’

     0K .......... .......... .......... .......... .......... 57% 1.91M 0s
    50K .......... .......... .......... .......              100% 2.66M=0.04s

2018-05-16 15:03:33 (2.17 MB/s) - ‘../data/deliveryimages.acm.org/10.1145/3200000/3191570/images/www18companion-309-img2.svg’ saved [89151/89151]

--2018-05-16 15:03:33--  http://deliveryimages.acm.org/10.1145/3200000/3191570/images/www18companion-309-fig1.jpg
Connecting to deliveryimages.acm.org (deliveryimages.acm.org)|104.17.79.191|:80... connected.
HTTP request sent, awaiting response... 301 Moved Permanently
Location: https://deliveryimages.acm.org/10.1145/3200000/3191570/images/www18companion-309-fig1.jpg [following]
--2018-05-16 15:03:33--  https://deliveryimages.acm.org/10.1145/3200000/3191570/images/www18companion-309-fig1.jpg
Connecting to deliveryimages.acm.org (deliveryimages.acm.org)|104.17.79.191|:443... connected.
HTTP request sent, awaiting response... 200 OK
Length: 35218 (34K) [image/jpeg]
Saving to: ‘../data/deliveryimages.acm.org/10.1145/3200000/3191570/images/www18companion-309-fig1.jpg’

     0K .......... .......... .......... ....                 100% 1.49M=0.02s

2018-05-16 15:03:33 (1.49 MB/s) - ‘../data/deliveryimages.acm.org/10.1145/3200000/3191570/images/www18companion-309-fig1.jpg’ saved [35218/35218]

--2018-05-16 15:03:33--  http://deliveryimages.acm.org/10.1145/3200000/3191570/images/www18companion-309-fig2.jpg
Connecting to deliveryimages.acm.org (deliveryimages.acm.org)|104.17.79.191|:80... connected.
HTTP request sent, awaiting response... 301 Moved Permanently
Location: https://deliveryimages.acm.org/10.1145/3200000/3191570/images/www18companion-309-fig2.jpg [following]
--2018-05-16 15:03:33--  https://deliveryimages.acm.org/10.1145/3200000/3191570/images/www18companion-309-fig2.jpg
Connecting to deliveryimages.acm.org (deliveryimages.acm.org)|104.17.79.191|:443... connected.
HTTP request sent, awaiting response... 200 OK
Length: 33669 (33K) [image/jpeg]
Saving to: ‘../data/deliveryimages.acm.org/10.1145/3200000/3191570/images/www18companion-309-fig2.jpg’

     0K .......... .......... .......... ..                   100%  749K=0.04s

2018-05-16 15:03:33 (749 KB/s) - ‘../data/deliveryimages.acm.org/10.1145/3200000/3191570/images/www18companion-309-fig2.jpg’ saved [33669/33669]

--2018-05-16 15:03:33--  http://deliveryimages.acm.org/10.1145/3200000/3191570/images/www18companion-309-fig3.jpg
Connecting to deliveryimages.acm.org (deliveryimages.acm.org)|104.17.79.191|:80... connected.
HTTP request sent, awaiting response... 301 Moved Permanently
Location: https://deliveryimages.acm.org/10.1145/3200000/3191570/images/www18companion-309-fig3.jpg [following]
--2018-05-16 15:03:33--  https://deliveryimages.acm.org/10.1145/3200000/3191570/images/www18companion-309-fig3.jpg
Connecting to deliveryimages.acm.org (deliveryimages.acm.org)|104.17.79.191|:443... connected.
HTTP request sent, awaiting response... 200 OK
Length: 89844 (88K) [image/jpeg]
Saving to: ‘../data/deliveryimages.acm.org/10.1145/3200000/3191570/images/www18companion-309-fig3.jpg’

     0K .......... .......... .......... .......... .......... 56% 1.16M 0s
    50K .......... .......... .......... .......              100% 4.36M=0.05s

2018-05-16 15:03:34 (1.69 MB/s) - ‘../data/deliveryimages.acm.org/10.1145/3200000/3191570/images/www18companion-309-fig3.jpg’ saved [89844/89844]

--2018-05-16 15:03:34--  http://deliveryimages.acm.org/10.1145/3200000/3191570/images/www18companion-309-fig4.jpg
Connecting to deliveryimages.acm.org (deliveryimages.acm.org)|104.17.79.191|:80... connected.
HTTP request sent, awaiting response... 301 Moved Permanently
Location: https://deliveryimages.acm.org/10.1145/3200000/3191570/images/www18companion-309-fig4.jpg [following]
--2018-05-16 15:03:34--  https://deliveryimages.acm.org/10.1145/3200000/3191570/images/www18companion-309-fig4.jpg
Connecting to deliveryimages.acm.org (deliveryimages.acm.org)|104.17.79.191|:443... connected.
HTTP request sent, awaiting response... 200 OK
Length: 93388 (91K) [image/jpeg]
Saving to: ‘../data/deliveryimages.acm.org/10.1145/3200000/3191570/images/www18companion-309-fig4.jpg’

     0K .......... .......... .......... .......... .......... 54% 1.02M 0s
    50K .......... .......... .......... .......... .         100% 2.89M=0.06s

2018-05-16 15:03:34 (1.44 MB/s) - ‘../data/deliveryimages.acm.org/10.1145/3200000/3191570/images/www18companion-309-fig4.jpg’ saved [93388/93388]

--2018-05-16 15:03:34--  http://deliveryimages.acm.org/10.1145/3200000/3191570/images/www18companion-309-fig5.jpg
Connecting to deliveryimages.acm.org (deliveryimages.acm.org)|104.17.79.191|:80... connected.
HTTP request sent, awaiting response... 301 Moved Permanently
Location: https://deliveryimages.acm.org/10.1145/3200000/3191570/images/www18companion-309-fig5.jpg [following]
--2018-05-16 15:03:34--  https://deliveryimages.acm.org/10.1145/3200000/3191570/images/www18companion-309-fig5.jpg
Connecting to deliveryimages.acm.org (deliveryimages.acm.org)|104.17.79.191|:443... connected.
HTTP request sent, awaiting response... 200 OK
Length: 96486 (94K) [image/jpeg]
Saving to: ‘../data/deliveryimages.acm.org/10.1145/3200000/3191570/images/www18companion-309-fig5.jpg’

     0K .......... .......... .......... .......... .......... 53% 1.75M 0s
    50K .......... .......... .......... .......... ....      100% 3.44M=0.04s

2018-05-16 15:03:34 (2.27 MB/s) - ‘../data/deliveryimages.acm.org/10.1145/3200000/3191570/images/www18companion-309-fig5.jpg’ saved [96486/96486]

--2018-05-16 15:03:34--  http://deliveryimages.acm.org/10.1145/3200000/3191570/images/www18companion-309-fig6.jpg
Connecting to deliveryimages.acm.org (deliveryimages.acm.org)|104.17.79.191|:80... connected.
HTTP request sent, awaiting response... 301 Moved Permanently
Location: https://deliveryimages.acm.org/10.1145/3200000/3191570/images/www18companion-309-fig6.jpg [following]
--2018-05-16 15:03:34--  https://deliveryimages.acm.org/10.1145/3200000/3191570/images/www18companion-309-fig6.jpg
Connecting to deliveryimages.acm.org (deliveryimages.acm.org)|104.17.79.191|:443... connected.
HTTP request sent, awaiting response... 200 OK
Length: 102129 (100K) [image/jpeg]
Saving to: ‘../data/deliveryimages.acm.org/10.1145/3200000/3191570/images/www18companion-309-fig6.jpg’

     0K .......... .......... .......... .......... .......... 50% 1.53M 0s
    50K .......... .......... .......... .......... ......... 100% 3.12M=0.05s

2018-05-16 15:03:34 (2.05 MB/s) - ‘../data/deliveryimages.acm.org/10.1145/3200000/3191570/images/www18companion-309-fig6.jpg’ saved [102129/102129]

FINISHED --2018-05-16 15:03:34--
Total wall clock time: 2.7s
Downloaded: 9 files, 681K in 0.4s (1.75 MB/s)
Converting links in ../data/delivery.acm.org/10.1145/3200000/3191570/p1299-falih.html?ip=24.48.71.56&id=3191570&acc=OPENTOC&key=4D4702B0C3E38B35.4D4702B0C3E38B35.4D4702B0C3E38B35.4DD68F0663C025AA&__acm__=1526497710_118f5c882b4df1631ba315eedc379d37... 68-0
Converted links in 1 files in 0.002 seconds.
