--2018-05-16 14:28:39--  http://delivery.acm.org/10.1145/3190000/3186013/p1145-jiao.html?ip=24.48.71.56&id=3186013&acc=OPENTOC&key=4D4702B0C3E38B35%2E4D4702B0C3E38B35%2E4D4702B0C3E38B35%2E4DD68F0663C025AA&__acm__=1526495619_27d9963c93c81f712ede20f4c8d36bad
Resolving delivery.acm.org (delivery.acm.org)... 24.200.120.90, 24.200.120.82
Connecting to delivery.acm.org (delivery.acm.org)|24.200.120.90|:80... connected.
HTTP request sent, awaiting response... 200 OK
Length: 97417 (95K) [text/html]
Saving to: ‘../data/delivery.acm.org/10.1145/3190000/3186013/p1145-jiao.html?ip=24.48.71.56&id=3186013&acc=OPENTOC&key=4D4702B0C3E38B35.4D4702B0C3E38B35.4D4702B0C3E38B35.4DD68F0663C025AA&__acm__=1526495619_27d9963c93c81f712ede20f4c8d36bad’

     0K .......... .......... .......... .......... .......... 52% 2.28M 0s
    50K .......... .......... .......... .......... .....     100% 4.49M=0.03s

2018-05-16 14:28:39 (2.98 MB/s) - ‘../data/delivery.acm.org/10.1145/3190000/3186013/p1145-jiao.html?ip=24.48.71.56&id=3186013&acc=OPENTOC&key=4D4702B0C3E38B35.4D4702B0C3E38B35.4D4702B0C3E38B35.4DD68F0663C025AA&__acm__=1526495619_27d9963c93c81f712ede20f4c8d36bad’ saved [97417/97417]

--2018-05-16 14:28:39--  http://deliveryimages.acm.org/10.1145/3190000/3186013/images/www2018-22-fig1.jpg
Resolving deliveryimages.acm.org (deliveryimages.acm.org)... 104.17.80.191, 104.17.79.191
Connecting to deliveryimages.acm.org (deliveryimages.acm.org)|104.17.80.191|:80... connected.
HTTP request sent, awaiting response... 301 Moved Permanently
Location: https://deliveryimages.acm.org/10.1145/3190000/3186013/images/www2018-22-fig1.jpg [following]
--2018-05-16 14:28:39--  https://deliveryimages.acm.org/10.1145/3190000/3186013/images/www2018-22-fig1.jpg
Connecting to deliveryimages.acm.org (deliveryimages.acm.org)|104.17.80.191|:443... connected.
HTTP request sent, awaiting response... 200 OK
Length: 281840 (275K) [image/jpeg]
Saving to: ‘../data/deliveryimages.acm.org/10.1145/3190000/3186013/images/www2018-22-fig1.jpg’

     0K .......... .......... .......... .......... .......... 18% 1.14M 0s
    50K .......... .......... .......... .......... .......... 36% 1.80M 0s
   100K .......... .......... .......... .......... .......... 54% 5.21M 0s
   150K .......... .......... .......... .......... .......... 72% 4.06M 0s
   200K .......... .......... .......... .......... .......... 90% 3.01M 0s
   250K .......... .......... .....                           100% 7.62M=0.1s

2018-05-16 14:28:39 (2.42 MB/s) - ‘../data/deliveryimages.acm.org/10.1145/3190000/3186013/images/www2018-22-fig1.jpg’ saved [281840/281840]

--2018-05-16 14:28:39--  http://deliveryimages.acm.org/10.1145/3190000/3186013/images/www2018-22-fig2.jpg
Connecting to deliveryimages.acm.org (deliveryimages.acm.org)|104.17.80.191|:80... connected.
HTTP request sent, awaiting response... 301 Moved Permanently
Location: https://deliveryimages.acm.org/10.1145/3190000/3186013/images/www2018-22-fig2.jpg [following]
--2018-05-16 14:28:39--  https://deliveryimages.acm.org/10.1145/3190000/3186013/images/www2018-22-fig2.jpg
Connecting to deliveryimages.acm.org (deliveryimages.acm.org)|104.17.80.191|:443... connected.
HTTP request sent, awaiting response... 200 OK
Length: 106065 (104K) [image/jpeg]
Saving to: ‘../data/deliveryimages.acm.org/10.1145/3190000/3186013/images/www2018-22-fig2.jpg’

     0K .......... .......... .......... .......... .......... 48% 1.62M 0s
    50K .......... .......... .......... .......... .......... 96% 3.38M 0s
   100K ...                                                   100% 6827G=0.04s

2018-05-16 14:28:40 (2.26 MB/s) - ‘../data/deliveryimages.acm.org/10.1145/3190000/3186013/images/www2018-22-fig2.jpg’ saved [106065/106065]

--2018-05-16 14:28:40--  http://deliveryimages.acm.org/10.1145/3190000/3186013/images/www2018-22-fig3.jpg
Connecting to deliveryimages.acm.org (deliveryimages.acm.org)|104.17.80.191|:80... connected.
HTTP request sent, awaiting response... 301 Moved Permanently
Location: https://deliveryimages.acm.org/10.1145/3190000/3186013/images/www2018-22-fig3.jpg [following]
--2018-05-16 14:28:40--  https://deliveryimages.acm.org/10.1145/3190000/3186013/images/www2018-22-fig3.jpg
Connecting to deliveryimages.acm.org (deliveryimages.acm.org)|104.17.80.191|:443... connected.
HTTP request sent, awaiting response... 200 OK
Length: 107201 (105K) [image/jpeg]
Saving to: ‘../data/deliveryimages.acm.org/10.1145/3190000/3186013/images/www2018-22-fig3.jpg’

     0K .......... .......... .......... .......... .......... 47% 1.45M 0s
    50K .......... .......... .......... .......... .......... 95% 3.14M 0s
   100K ....                                                  100% 1.02M=0.05s

2018-05-16 14:28:40 (1.91 MB/s) - ‘../data/deliveryimages.acm.org/10.1145/3190000/3186013/images/www2018-22-fig3.jpg’ saved [107201/107201]

--2018-05-16 14:28:40--  http://deliveryimages.acm.org/10.1145/3190000/3186013/images/www2018-22-fig4.jpg
Connecting to deliveryimages.acm.org (deliveryimages.acm.org)|104.17.80.191|:80... connected.
HTTP request sent, awaiting response... 301 Moved Permanently
Location: https://deliveryimages.acm.org/10.1145/3190000/3186013/images/www2018-22-fig4.jpg [following]
--2018-05-16 14:28:40--  https://deliveryimages.acm.org/10.1145/3190000/3186013/images/www2018-22-fig4.jpg
Connecting to deliveryimages.acm.org (deliveryimages.acm.org)|104.17.80.191|:443... connected.
HTTP request sent, awaiting response... 200 OK
Length: 109581 (107K) [image/jpeg]
Saving to: ‘../data/deliveryimages.acm.org/10.1145/3190000/3186013/images/www2018-22-fig4.jpg’

     0K .......... .......... .......... .......... .......... 46% 1.12M 0s
    50K .......... .......... .......... .......... .......... 93% 2.14M 0s
   100K .......                                               100% 44.4M=0.07s

2018-05-16 14:28:40 (1.57 MB/s) - ‘../data/deliveryimages.acm.org/10.1145/3190000/3186013/images/www2018-22-fig4.jpg’ saved [109581/109581]

--2018-05-16 14:28:40--  http://deliveryimages.acm.org/10.1145/3190000/3186013/images/www2018-22-fig5.jpg
Connecting to deliveryimages.acm.org (deliveryimages.acm.org)|104.17.80.191|:80... connected.
HTTP request sent, awaiting response... 301 Moved Permanently
Location: https://deliveryimages.acm.org/10.1145/3190000/3186013/images/www2018-22-fig5.jpg [following]
--2018-05-16 14:28:40--  https://deliveryimages.acm.org/10.1145/3190000/3186013/images/www2018-22-fig5.jpg
Connecting to deliveryimages.acm.org (deliveryimages.acm.org)|104.17.80.191|:443... connected.
HTTP request sent, awaiting response... 200 OK
Length: 146159 (143K) [image/jpeg]
Saving to: ‘../data/deliveryimages.acm.org/10.1145/3190000/3186013/images/www2018-22-fig5.jpg’

     0K .......... .......... .......... .......... .......... 35% 1.51M 0s
    50K .......... .......... .......... .......... .......... 70% 2.59M 0s
   100K .......... .......... .......... .......... ..        100% 5.50M=0.06s

2018-05-16 14:28:41 (2.37 MB/s) - ‘../data/deliveryimages.acm.org/10.1145/3190000/3186013/images/www2018-22-fig5.jpg’ saved [146159/146159]

--2018-05-16 14:28:41--  http://deliveryimages.acm.org/10.1145/3190000/3186013/images/www2018-22-fig6.jpg
Connecting to deliveryimages.acm.org (deliveryimages.acm.org)|104.17.80.191|:80... connected.
HTTP request sent, awaiting response... 301 Moved Permanently
Location: https://deliveryimages.acm.org/10.1145/3190000/3186013/images/www2018-22-fig6.jpg [following]
--2018-05-16 14:28:41--  https://deliveryimages.acm.org/10.1145/3190000/3186013/images/www2018-22-fig6.jpg
Connecting to deliveryimages.acm.org (deliveryimages.acm.org)|104.17.80.191|:443... connected.
HTTP request sent, awaiting response... 200 OK
Length: 149539 (146K) [image/jpeg]
Saving to: ‘../data/deliveryimages.acm.org/10.1145/3190000/3186013/images/www2018-22-fig6.jpg’

     0K .......... .......... .......... .......... .......... 34% 1.65M 0s
    50K .......... .......... .......... .......... .......... 68% 1.76M 0s
   100K .......... .......... .......... .......... ......    100% 5.51M=0.07s

2018-05-16 14:28:41 (2.18 MB/s) - ‘../data/deliveryimages.acm.org/10.1145/3190000/3186013/images/www2018-22-fig6.jpg’ saved [149539/149539]

FINISHED --2018-05-16 14:28:41--
Total wall clock time: 2.2s
Downloaded: 7 files, 974K in 0.4s (2.21 MB/s)
Converting links in ../data/delivery.acm.org/10.1145/3190000/3186013/p1145-jiao.html?ip=24.48.71.56&id=3186013&acc=OPENTOC&key=4D4702B0C3E38B35.4D4702B0C3E38B35.4D4702B0C3E38B35.4DD68F0663C025AA&__acm__=1526495619_27d9963c93c81f712ede20f4c8d36bad... 57-0
Converted links in 1 files in 0.002 seconds.
