--2018-05-16 14:22:14--  http://delivery.acm.org/10.1145/3190000/3186129/p629-raghavan.html?ip=24.48.71.56&id=3186129&acc=OPENTOC&key=4D4702B0C3E38B35%2E4D4702B0C3E38B35%2E4D4702B0C3E38B35%2E4DD68F0663C025AA&__acm__=1526495233_bec9c11fb44f8445168a75c2dc368dae
Resolving delivery.acm.org (delivery.acm.org)... 24.200.120.90, 24.200.120.82
Connecting to delivery.acm.org (delivery.acm.org)|24.200.120.90|:80... connected.
HTTP request sent, awaiting response... 200 OK
Length: 81677 (80K) [text/html]
Saving to: ‘../data/delivery.acm.org/10.1145/3190000/3186129/p629-raghavan.html?ip=24.48.71.56&id=3186129&acc=OPENTOC&key=4D4702B0C3E38B35.4D4702B0C3E38B35.4D4702B0C3E38B35.4DD68F0663C025AA&__acm__=1526495233_bec9c11fb44f8445168a75c2dc368dae’

     0K .......... .......... .......... .......... .......... 62% 1.68M 0s
    50K .......... .......... .........                       100% 3.24M=0.04s

2018-05-16 14:22:14 (2.04 MB/s) - ‘../data/delivery.acm.org/10.1145/3190000/3186129/p629-raghavan.html?ip=24.48.71.56&id=3186129&acc=OPENTOC&key=4D4702B0C3E38B35.4D4702B0C3E38B35.4D4702B0C3E38B35.4DD68F0663C025AA&__acm__=1526495233_bec9c11fb44f8445168a75c2dc368dae’ saved [81677/81677]

--2018-05-16 14:22:14--  http://deliveryimages.acm.org/10.1145/3190000/3186129/images/www2018-138-fig1.jpg
Resolving deliveryimages.acm.org (deliveryimages.acm.org)... 104.17.79.191, 104.17.80.191
Connecting to deliveryimages.acm.org (deliveryimages.acm.org)|104.17.79.191|:80... connected.
HTTP request sent, awaiting response... 301 Moved Permanently
Location: https://deliveryimages.acm.org/10.1145/3190000/3186129/images/www2018-138-fig1.jpg [following]
--2018-05-16 14:22:14--  https://deliveryimages.acm.org/10.1145/3190000/3186129/images/www2018-138-fig1.jpg
Connecting to deliveryimages.acm.org (deliveryimages.acm.org)|104.17.79.191|:443... connected.
HTTP request sent, awaiting response... 200 OK
Length: 275434 (269K) [image/jpeg]
Saving to: ‘../data/deliveryimages.acm.org/10.1145/3190000/3186129/images/www2018-138-fig1.jpg’

     0K .......... .......... .......... .......... .......... 18% 1.39M 0s
    50K .......... .......... .......... .......... .......... 37% 3.96M 0s
   100K .......... .......... .......... .......... .......... 55% 4.13M 0s
   150K .......... .......... .......... .......... .......... 74% 3.58M 0s
   200K .......... .......... .......... .......... .......... 92% 3.51M 0s
   250K .......... ........                                   100% 39.9M=0.09s

2018-05-16 14:22:15 (3.01 MB/s) - ‘../data/deliveryimages.acm.org/10.1145/3190000/3186129/images/www2018-138-fig1.jpg’ saved [275434/275434]

--2018-05-16 14:22:15--  http://deliveryimages.acm.org/10.1145/3190000/3186129/images/www2018-138-fig2.jpg
Connecting to deliveryimages.acm.org (deliveryimages.acm.org)|104.17.79.191|:80... connected.
HTTP request sent, awaiting response... 301 Moved Permanently
Location: https://deliveryimages.acm.org/10.1145/3190000/3186129/images/www2018-138-fig2.jpg [following]
--2018-05-16 14:22:15--  https://deliveryimages.acm.org/10.1145/3190000/3186129/images/www2018-138-fig2.jpg
Connecting to deliveryimages.acm.org (deliveryimages.acm.org)|104.17.79.191|:443... connected.
HTTP request sent, awaiting response... 200 OK
Length: 157712 (154K) [image/jpeg]
Saving to: ‘../data/deliveryimages.acm.org/10.1145/3190000/3186129/images/www2018-138-fig2.jpg’

     0K .......... .......... .......... .......... .......... 32% 1.02M 0s
    50K .......... .......... .......... .......... .......... 64% 3.64M 0s
   100K .......... .......... .......... .......... .......... 97% 4.06M 0s
   150K ....                                                  100% 3.23M=0.07s

2018-05-16 14:22:15 (2.02 MB/s) - ‘../data/deliveryimages.acm.org/10.1145/3190000/3186129/images/www2018-138-fig2.jpg’ saved [157712/157712]

--2018-05-16 14:22:15--  http://deliveryimages.acm.org/10.1145/3190000/3186129/images/www2018-138-fig3.jpg
Connecting to deliveryimages.acm.org (deliveryimages.acm.org)|104.17.79.191|:80... connected.
HTTP request sent, awaiting response... 301 Moved Permanently
Location: https://deliveryimages.acm.org/10.1145/3190000/3186129/images/www2018-138-fig3.jpg [following]
--2018-05-16 14:22:15--  https://deliveryimages.acm.org/10.1145/3190000/3186129/images/www2018-138-fig3.jpg
Connecting to deliveryimages.acm.org (deliveryimages.acm.org)|104.17.79.191|:443... connected.
HTTP request sent, awaiting response... 200 OK
Length: 237798 (232K) [image/jpeg]
Saving to: ‘../data/deliveryimages.acm.org/10.1145/3190000/3186129/images/www2018-138-fig3.jpg’

     0K .......... .......... .......... .......... .......... 21% 1.39M 0s
    50K .......... .......... .......... .......... .......... 43% 2.69M 0s
   100K .......... .......... .......... .......... .......... 64% 2.97M 0s
   150K .......... .......... .......... .......... .......... 86% 2.74M 0s
   200K .......... .......... .......... ..                   100% 5.80M=0.09s

2018-05-16 14:22:15 (2.44 MB/s) - ‘../data/deliveryimages.acm.org/10.1145/3190000/3186129/images/www2018-138-fig3.jpg’ saved [237798/237798]

--2018-05-16 14:22:15--  http://deliveryimages.acm.org/10.1145/3190000/3186129/images/www2018-138-fig4.jpg
Connecting to deliveryimages.acm.org (deliveryimages.acm.org)|104.17.79.191|:80... connected.
HTTP request sent, awaiting response... 301 Moved Permanently
Location: https://deliveryimages.acm.org/10.1145/3190000/3186129/images/www2018-138-fig4.jpg [following]
--2018-05-16 14:22:15--  https://deliveryimages.acm.org/10.1145/3190000/3186129/images/www2018-138-fig4.jpg
Connecting to deliveryimages.acm.org (deliveryimages.acm.org)|104.17.79.191|:443... connected.
HTTP request sent, awaiting response... 200 OK
Length: 64895 (63K) [image/jpeg]
Saving to: ‘../data/deliveryimages.acm.org/10.1145/3190000/3186129/images/www2018-138-fig4.jpg’

     0K .......... .......... .......... .......... .......... 78% 1.31M 0s
    50K .......... ...                                        100% 9.38M=0.04s

2018-05-16 14:22:16 (1.60 MB/s) - ‘../data/deliveryimages.acm.org/10.1145/3190000/3186129/images/www2018-138-fig4.jpg’ saved [64895/64895]

--2018-05-16 14:22:16--  http://deliveryimages.acm.org/10.1145/3190000/3186129/images/www2018-138-fig5.jpg
Connecting to deliveryimages.acm.org (deliveryimages.acm.org)|104.17.79.191|:80... connected.
HTTP request sent, awaiting response... 301 Moved Permanently
Location: https://deliveryimages.acm.org/10.1145/3190000/3186129/images/www2018-138-fig5.jpg [following]
--2018-05-16 14:22:16--  https://deliveryimages.acm.org/10.1145/3190000/3186129/images/www2018-138-fig5.jpg
Connecting to deliveryimages.acm.org (deliveryimages.acm.org)|104.17.79.191|:443... connected.
HTTP request sent, awaiting response... 200 OK
Length: 93743 (92K) [image/jpeg]
Saving to: ‘../data/deliveryimages.acm.org/10.1145/3190000/3186129/images/www2018-138-fig5.jpg’

     0K .......... .......... .......... .......... .......... 54% 1.84M 0s
    50K .......... .......... .......... .......... .         100%  953K=0.07s

2018-05-16 14:22:16 (1.28 MB/s) - ‘../data/deliveryimages.acm.org/10.1145/3190000/3186129/images/www2018-138-fig5.jpg’ saved [93743/93743]

--2018-05-16 14:22:16--  http://deliveryimages.acm.org/10.1145/3190000/3186129/images/www2018-138-fig6.jpg
Connecting to deliveryimages.acm.org (deliveryimages.acm.org)|104.17.79.191|:80... connected.
HTTP request sent, awaiting response... 301 Moved Permanently
Location: https://deliveryimages.acm.org/10.1145/3190000/3186129/images/www2018-138-fig6.jpg [following]
--2018-05-16 14:22:16--  https://deliveryimages.acm.org/10.1145/3190000/3186129/images/www2018-138-fig6.jpg
Connecting to deliveryimages.acm.org (deliveryimages.acm.org)|104.17.79.191|:443... connected.
HTTP request sent, awaiting response... 200 OK
Length: 185587 (181K) [image/jpeg]
Saving to: ‘../data/deliveryimages.acm.org/10.1145/3190000/3186129/images/www2018-138-fig6.jpg’

     0K .......... .......... .......... .......... .......... 27% 1.51M 0s
    50K .......... .......... .......... .......... .......... 55% 1.76M 0s
   100K .......... .......... .......... .......... .......... 82% 2.51M 0s
   150K .......... .......... .......... .                    100% 3.63M=0.09s

2018-05-16 14:22:17 (2.01 MB/s) - ‘../data/deliveryimages.acm.org/10.1145/3190000/3186129/images/www2018-138-fig6.jpg’ saved [185587/185587]

--2018-05-16 14:22:17--  http://deliveryimages.acm.org/10.1145/3190000/3186129/images/www2018-138-fig7.jpg
Connecting to deliveryimages.acm.org (deliveryimages.acm.org)|104.17.79.191|:80... connected.
HTTP request sent, awaiting response... 301 Moved Permanently
Location: https://deliveryimages.acm.org/10.1145/3190000/3186129/images/www2018-138-fig7.jpg [following]
--2018-05-16 14:22:17--  https://deliveryimages.acm.org/10.1145/3190000/3186129/images/www2018-138-fig7.jpg
Connecting to deliveryimages.acm.org (deliveryimages.acm.org)|104.17.79.191|:443... connected.
HTTP request sent, awaiting response... 200 OK
Length: 141252 (138K) [image/jpeg]
Saving to: ‘../data/deliveryimages.acm.org/10.1145/3190000/3186129/images/www2018-138-fig7.jpg’

     0K .......... .......... .......... .......... .......... 36% 1.12M 0s
    50K .......... .......... .......... .......... .......... 72% 3.38M 0s
   100K .......... .......... .......... .......              100% 4.19M=0.07s

2018-05-16 14:22:17 (2.02 MB/s) - ‘../data/deliveryimages.acm.org/10.1145/3190000/3186129/images/www2018-138-fig7.jpg’ saved [141252/141252]

--2018-05-16 14:22:17--  http://deliveryimages.acm.org/10.1145/3190000/3186129/images/www2018-138-fig8.jpg
Connecting to deliveryimages.acm.org (deliveryimages.acm.org)|104.17.79.191|:80... connected.
HTTP request sent, awaiting response... 301 Moved Permanently
Location: https://deliveryimages.acm.org/10.1145/3190000/3186129/images/www2018-138-fig8.jpg [following]
--2018-05-16 14:22:17--  https://deliveryimages.acm.org/10.1145/3190000/3186129/images/www2018-138-fig8.jpg
Connecting to deliveryimages.acm.org (deliveryimages.acm.org)|104.17.79.191|:443... connected.
HTTP request sent, awaiting response... 200 OK
Length: 272843 (266K) [image/jpeg]
Saving to: ‘../data/deliveryimages.acm.org/10.1145/3190000/3186129/images/www2018-138-fig8.jpg’

     0K .......... .......... .......... .......... .......... 18% 1.32M 0s
    50K .......... .......... .......... .......... .......... 37% 3.64M 0s
   100K .......... .......... .......... .......... .......... 56% 1.50M 0s
   150K .......... .......... .......... .......... .......... 75% 19.4M 0s
   200K .......... .......... .......... .......... .......... 93% 2.56M 0s
   250K .......... ......                                     100% 33.9M=0.1s

2018-05-16 14:22:17 (2.48 MB/s) - ‘../data/deliveryimages.acm.org/10.1145/3190000/3186129/images/www2018-138-fig8.jpg’ saved [272843/272843]

--2018-05-16 14:22:17--  http://deliveryimages.acm.org/10.1145/3190000/3186129/images/www2018-138-fig9.jpg
Connecting to deliveryimages.acm.org (deliveryimages.acm.org)|104.17.79.191|:80... connected.
HTTP request sent, awaiting response... 301 Moved Permanently
Location: https://deliveryimages.acm.org/10.1145/3190000/3186129/images/www2018-138-fig9.jpg [following]
--2018-05-16 14:22:17--  https://deliveryimages.acm.org/10.1145/3190000/3186129/images/www2018-138-fig9.jpg
Connecting to deliveryimages.acm.org (deliveryimages.acm.org)|104.17.79.191|:443... connected.
HTTP request sent, awaiting response... 200 OK
Length: 112173 (110K) [image/jpeg]
Saving to: ‘../data/deliveryimages.acm.org/10.1145/3190000/3186129/images/www2018-138-fig9.jpg’

     0K .......... .......... .......... .......... .......... 45% 1.56M 0s
    50K .......... .......... .......... .......... .......... 91% 3.04M 0s
   100K .........                                             100% 69.4M=0.05s

2018-05-16 14:22:18 (2.25 MB/s) - ‘../data/deliveryimages.acm.org/10.1145/3190000/3186129/images/www2018-138-fig9.jpg’ saved [112173/112173]

--2018-05-16 14:22:18--  http://deliveryimages.acm.org/10.1145/3190000/3186129/images/www2018-138-fig10.jpg
Connecting to deliveryimages.acm.org (deliveryimages.acm.org)|104.17.79.191|:80... connected.
HTTP request sent, awaiting response... 301 Moved Permanently
Location: https://deliveryimages.acm.org/10.1145/3190000/3186129/images/www2018-138-fig10.jpg [following]
--2018-05-16 14:22:18--  https://deliveryimages.acm.org/10.1145/3190000/3186129/images/www2018-138-fig10.jpg
Connecting to deliveryimages.acm.org (deliveryimages.acm.org)|104.17.79.191|:443... connected.
HTTP request sent, awaiting response... 200 OK
Length: 218208 (213K) [image/jpeg]
Saving to: ‘../data/deliveryimages.acm.org/10.1145/3190000/3186129/images/www2018-138-fig10.jpg’

     0K .......... .......... .......... .......... .......... 23% 1.07M 0s
    50K .......... .......... .......... .......... .......... 46% 4.51M 0s
   100K .......... .......... .......... .......... .......... 70% 1.59M 0s
   150K .......... .......... .......... .......... .......... 93% 7.12M 0s
   200K .......... ...                                        100% 96.8M=0.09s

2018-05-16 14:22:18 (2.21 MB/s) - ‘../data/deliveryimages.acm.org/10.1145/3190000/3186129/images/www2018-138-fig10.jpg’ saved [218208/218208]

FINISHED --2018-05-16 14:22:18--
Total wall clock time: 4.0s
Downloaded: 11 files, 1.8M in 0.8s (2.19 MB/s)
Converting links in ../data/delivery.acm.org/10.1145/3190000/3186129/p629-raghavan.html?ip=24.48.71.56&id=3186129&acc=OPENTOC&key=4D4702B0C3E38B35.4D4702B0C3E38B35.4D4702B0C3E38B35.4DD68F0663C025AA&__acm__=1526495233_bec9c11fb44f8445168a75c2dc368dae... 84-0
Converted links in 1 files in 0.002 seconds.
