--2018-05-16 14:42:39--  http://delivery.acm.org/10.1145/3190000/3186975/p187-bonifati.html?ip=24.48.71.56&id=3186975&acc=OPENTOC&key=4D4702B0C3E38B35%2E4D4702B0C3E38B35%2E4D4702B0C3E38B35%2E4DD68F0663C025AA&__acm__=1526496459_5dd3e6adc6166d2c871ce62e0f016909
Resolving delivery.acm.org (delivery.acm.org)... 24.200.120.82, 24.200.120.90
Connecting to delivery.acm.org (delivery.acm.org)|24.200.120.82|:80... connected.
HTTP request sent, awaiting response... 200 OK
Length: 28730 (28K) [text/html]
Saving to: ‘../data/delivery.acm.org/10.1145/3190000/3186975/p187-bonifati.html?ip=24.48.71.56&id=3186975&acc=OPENTOC&key=4D4702B0C3E38B35.4D4702B0C3E38B35.4D4702B0C3E38B35.4DD68F0663C025AA&__acm__=1526496459_5dd3e6adc6166d2c871ce62e0f016909’

     0K .......... .......... ........                        100% 4.02M=0.007s

2018-05-16 14:42:40 (4.02 MB/s) - ‘../data/delivery.acm.org/10.1145/3190000/3186975/p187-bonifati.html?ip=24.48.71.56&id=3186975&acc=OPENTOC&key=4D4702B0C3E38B35.4D4702B0C3E38B35.4D4702B0C3E38B35.4DD68F0663C025AA&__acm__=1526496459_5dd3e6adc6166d2c871ce62e0f016909’ saved [28730/28730]

--2018-05-16 14:42:40--  http://deliveryimages.acm.org/10.1145/3190000/3186975/images/www18companion-215-fig1.jpg
Resolving deliveryimages.acm.org (deliveryimages.acm.org)... 104.17.80.191, 104.17.79.191
Connecting to deliveryimages.acm.org (deliveryimages.acm.org)|104.17.80.191|:80... connected.
HTTP request sent, awaiting response... 301 Moved Permanently
Location: https://deliveryimages.acm.org/10.1145/3190000/3186975/images/www18companion-215-fig1.jpg [following]
--2018-05-16 14:42:40--  https://deliveryimages.acm.org/10.1145/3190000/3186975/images/www18companion-215-fig1.jpg
Connecting to deliveryimages.acm.org (deliveryimages.acm.org)|104.17.80.191|:443... connected.
HTTP request sent, awaiting response... 200 OK
Length: 69832 (68K) [image/jpeg]
Saving to: ‘../data/deliveryimages.acm.org/10.1145/3190000/3186975/images/www18companion-215-fig1.jpg’

     0K .......... .......... .......... .......... .......... 73% 69.5K 0s
    50K .......... ........                                   100% 15.3M=0.7s

2018-05-16 14:42:42 (94.7 KB/s) - ‘../data/deliveryimages.acm.org/10.1145/3190000/3186975/images/www18companion-215-fig1.jpg’ saved [69832/69832]

--2018-05-16 14:42:42--  http://deliveryimages.acm.org/10.1145/3190000/3186975/images/www18companion-215-fig2.jpg
Connecting to deliveryimages.acm.org (deliveryimages.acm.org)|104.17.80.191|:80... connected.
HTTP request sent, awaiting response... 301 Moved Permanently
Location: https://deliveryimages.acm.org/10.1145/3190000/3186975/images/www18companion-215-fig2.jpg [following]
--2018-05-16 14:42:42--  https://deliveryimages.acm.org/10.1145/3190000/3186975/images/www18companion-215-fig2.jpg
Connecting to deliveryimages.acm.org (deliveryimages.acm.org)|104.17.80.191|:443... connected.
HTTP request sent, awaiting response... 200 OK
Length: 319560 (312K) [image/jpeg]
Saving to: ‘../data/deliveryimages.acm.org/10.1145/3190000/3186975/images/www18companion-215-fig2.jpg’

     0K .......... .......... .......... .......... .......... 16%  185K 1s
    50K .......... .......... .......... .......... .......... 32% 97.4K 2s
   100K .......... .......... .......... .......... .......... 48%  107K 1s
   150K .......... .......... .......... .......... .......... 64% 43.4K 1s
   200K .......... .......... .......... .......... .......... 80%  704K 1s
   250K .......... .......... .......... .......... .......... 96%  168K 0s
   300K .......... ..                                         100%  112K=2.9s

2018-05-16 14:42:46 (109 KB/s) - ‘../data/deliveryimages.acm.org/10.1145/3190000/3186975/images/www18companion-215-fig2.jpg’ saved [319560/319560]

--2018-05-16 14:42:46--  http://deliveryimages.acm.org/10.1145/3190000/3186975/images/www18companion-215-fig3.jpg
Connecting to deliveryimages.acm.org (deliveryimages.acm.org)|104.17.80.191|:80... connected.
HTTP request sent, awaiting response... 301 Moved Permanently
Location: https://deliveryimages.acm.org/10.1145/3190000/3186975/images/www18companion-215-fig3.jpg [following]
--2018-05-16 14:42:46--  https://deliveryimages.acm.org/10.1145/3190000/3186975/images/www18companion-215-fig3.jpg
Connecting to deliveryimages.acm.org (deliveryimages.acm.org)|104.17.80.191|:443... connected.
HTTP request sent, awaiting response... 200 OK
Length: 435925 (426K) [image/jpeg]
Saving to: ‘../data/deliveryimages.acm.org/10.1145/3190000/3186975/images/www18companion-215-fig3.jpg’

     0K .......... .......... .......... .......... .......... 11%  690K 1s
    50K .......... .......... .......... .......... .......... 23%  789K 0s
   100K .......... .......... .......... .......... .......... 35% 1.08M 0s
   150K .......... .......... .......... .......... .......... 46% 1.24M 0s
   200K .......... .......... .......... .......... .......... 58% 1.64M 0s
   250K .......... .......... .......... .......... .......... 70% 1.75M 0s
   300K .......... .......... .......... .......... .......... 82% 1.93M 0s
   350K .......... .......... .......... .......... .......... 93% 1.57M 0s
   400K .......... .......... .....                           100% 4.47M=0.3s

2018-05-16 14:42:46 (1.22 MB/s) - ‘../data/deliveryimages.acm.org/10.1145/3190000/3186975/images/www18companion-215-fig3.jpg’ saved [435925/435925]

--2018-05-16 14:42:46--  http://deliveryimages.acm.org/10.1145/3190000/3186975/images/www18companion-215-fig4.jpg
Connecting to deliveryimages.acm.org (deliveryimages.acm.org)|104.17.80.191|:80... connected.
HTTP request sent, awaiting response... 301 Moved Permanently
Location: https://deliveryimages.acm.org/10.1145/3190000/3186975/images/www18companion-215-fig4.jpg [following]
--2018-05-16 14:42:46--  https://deliveryimages.acm.org/10.1145/3190000/3186975/images/www18companion-215-fig4.jpg
Connecting to deliveryimages.acm.org (deliveryimages.acm.org)|104.17.80.191|:443... connected.
HTTP request sent, awaiting response... 200 OK
Length: 257156 (251K) [image/jpeg]
Saving to: ‘../data/deliveryimages.acm.org/10.1145/3190000/3186975/images/www18companion-215-fig4.jpg’

     0K .......... .......... .......... .......... .......... 19%  126K 2s
    50K .......... .......... .......... .......... .......... 39%  118K 1s
   100K .......... .......... .......... .......... .......... 59% 46.3K 1s
   150K .......... .......... .......... .......... .......... 79%  280K 1s
   200K .......... .......... .......... .......... .......... 99%  256K 0s
   250K .                                                     100% 2153G=2.3s

2018-05-16 14:42:49 (110 KB/s) - ‘../data/deliveryimages.acm.org/10.1145/3190000/3186975/images/www18companion-215-fig4.jpg’ saved [257156/257156]

FINISHED --2018-05-16 14:42:49--
Total wall clock time: 9.8s
Downloaded: 5 files, 1.1M in 6.2s (175 KB/s)
Converting links in ../data/delivery.acm.org/10.1145/3190000/3186975/p187-bonifati.html?ip=24.48.71.56&id=3186975&acc=OPENTOC&key=4D4702B0C3E38B35.4D4702B0C3E38B35.4D4702B0C3E38B35.4DD68F0663C025AA&__acm__=1526496459_5dd3e6adc6166d2c871ce62e0f016909... 25-0
Converted links in 1 files in 0.001 seconds.
