--2018-05-16 14:17:10--  http://delivery.acm.org/10.1145/3190000/3186053/p117-chowdhury.html?ip=24.48.71.56&id=3186053&acc=OPENTOC&key=4D4702B0C3E38B35%2E4D4702B0C3E38B35%2E4D4702B0C3E38B35%2E4DD68F0663C025AA&__acm__=1526494929_e7224009dcc5468601a8796a63b8df7c
Resolving delivery.acm.org (delivery.acm.org)... 24.200.120.82, 24.200.120.90
Connecting to delivery.acm.org (delivery.acm.org)|24.200.120.82|:80... connected.
HTTP request sent, awaiting response... 200 OK
Length: 93160 (91K) [text/html]
Saving to: ‘../data/delivery.acm.org/10.1145/3190000/3186053/p117-chowdhury.html?ip=24.48.71.56&id=3186053&acc=OPENTOC&key=4D4702B0C3E38B35.4D4702B0C3E38B35.4D4702B0C3E38B35.4DD68F0663C025AA&__acm__=1526494929_e7224009dcc5468601a8796a63b8df7c’

     0K .......... .......... .......... .......... .......... 54% 2.15M 0s
    50K .......... .......... .......... ..........           100% 3.58M=0.03s

2018-05-16 14:17:10 (2.62 MB/s) - ‘../data/delivery.acm.org/10.1145/3190000/3186053/p117-chowdhury.html?ip=24.48.71.56&id=3186053&acc=OPENTOC&key=4D4702B0C3E38B35.4D4702B0C3E38B35.4D4702B0C3E38B35.4DD68F0663C025AA&__acm__=1526494929_e7224009dcc5468601a8796a63b8df7c’ saved [93160/93160]

--2018-05-16 14:17:10--  http://deliveryimages.acm.org/10.1145/3190000/3186053/images/www2018-62-fig1.jpg
Resolving deliveryimages.acm.org (deliveryimages.acm.org)... 104.17.79.191, 104.17.80.191
Connecting to deliveryimages.acm.org (deliveryimages.acm.org)|104.17.79.191|:80... connected.
HTTP request sent, awaiting response... 301 Moved Permanently
Location: https://deliveryimages.acm.org/10.1145/3190000/3186053/images/www2018-62-fig1.jpg [following]
--2018-05-16 14:17:10--  https://deliveryimages.acm.org/10.1145/3190000/3186053/images/www2018-62-fig1.jpg
Connecting to deliveryimages.acm.org (deliveryimages.acm.org)|104.17.79.191|:443... connected.
HTTP request sent, awaiting response... 200 OK
Length: 1038227 (1014K) [image/jpeg]
Saving to: ‘../data/deliveryimages.acm.org/10.1145/3190000/3186053/images/www2018-62-fig1.jpg’

     0K .......... .......... .......... .......... ..........  4% 1.36M 1s
    50K .......... .......... .......... .......... ..........  9% 2.49M 1s
   100K .......... .......... .......... .......... .......... 14% 2.84M 0s
   150K .......... .......... .......... .......... .......... 19% 7.65M 0s
   200K .......... .......... .......... .......... .......... 24% 3.55M 0s
   250K .......... .......... .......... .......... .......... 29% 6.13M 0s
   300K .......... .......... .......... .......... .......... 34% 3.93M 0s
   350K .......... .......... .......... .......... .......... 39% 3.11M 0s
   400K .......... .......... .......... .......... .......... 44% 4.05M 0s
   450K .......... .......... .......... .......... .......... 49% 4.47M 0s
   500K .......... .......... .......... .......... .......... 54% 3.33M 0s
   550K .......... .......... .......... .......... .......... 59% 4.57M 0s
   600K .......... .......... .......... .......... .......... 64% 3.67M 0s
   650K .......... .......... .......... .......... .......... 69% 5.04M 0s
   700K .......... .......... .......... .......... .......... 73% 3.50M 0s
   750K .......... .......... .......... .......... .......... 78% 4.16M 0s
   800K .......... .......... .......... .......... .......... 83% 3.34M 0s
   850K .......... .......... .......... .......... .......... 88% 5.36M 0s
   900K .......... .......... .......... .......... .......... 93% 1.23M 0s
   950K .......... .......... .......... .......... .......... 98% 21.7M 0s
  1000K .......... ...                                        100%  640M=0.3s

2018-05-16 14:17:10 (3.40 MB/s) - ‘../data/deliveryimages.acm.org/10.1145/3190000/3186053/images/www2018-62-fig1.jpg’ saved [1038227/1038227]

--2018-05-16 14:17:10--  http://deliveryimages.acm.org/10.1145/3190000/3186053/images/www2018-62-fig2.jpg
Connecting to deliveryimages.acm.org (deliveryimages.acm.org)|104.17.79.191|:80... connected.
HTTP request sent, awaiting response... 301 Moved Permanently
Location: https://deliveryimages.acm.org/10.1145/3190000/3186053/images/www2018-62-fig2.jpg [following]
--2018-05-16 14:17:10--  https://deliveryimages.acm.org/10.1145/3190000/3186053/images/www2018-62-fig2.jpg
Connecting to deliveryimages.acm.org (deliveryimages.acm.org)|104.17.79.191|:443... connected.
HTTP request sent, awaiting response... 200 OK
Length: 1955218 (1.9M) [image/jpeg]
Saving to: ‘../data/deliveryimages.acm.org/10.1145/3190000/3186053/images/www2018-62-fig2.jpg’

     0K .......... .......... .......... .......... ..........  2% 1.17M 2s
    50K .......... .......... .......... .......... ..........  5% 3.64M 1s
   100K .......... .......... .......... .......... ..........  7% 2.79M 1s
   150K .......... .......... .......... .......... .......... 10% 2.91M 1s
   200K .......... .......... .......... .......... .......... 13% 5.35M 1s
   250K .......... .......... .......... .......... .......... 15% 6.41M 1s
   300K .......... .......... .......... .......... .......... 18% 4.57M 1s
   350K .......... .......... .......... .......... .......... 20% 3.94M 0s
   400K .......... .......... .......... .......... .......... 23% 2.25M 0s
   450K .......... .......... .......... .......... .......... 26% 2.37M 0s
   500K .......... .......... .......... .......... .......... 28%  171M 0s
   550K .......... .......... .......... .......... .......... 31% 6.99M 0s
   600K .......... .......... .......... .......... .......... 34% 5.05M 0s
   650K .......... .......... .......... .......... .......... 36% 5.03M 0s
   700K .......... .......... .......... .......... .......... 39% 3.88M 0s
   750K .......... .......... .......... .......... .......... 41% 1.68M 0s
   800K .......... .......... .......... .......... .......... 44% 2.85M 0s
   850K .......... .......... .......... .......... .......... 47% 10.8M 0s
   900K .......... .......... .......... .......... .......... 49% 2.97M 0s
   950K .......... .......... .......... .......... .......... 52% 13.1M 0s
  1000K .......... .......... .......... .......... .......... 54% 4.89M 0s
  1050K .......... .......... .......... .......... .......... 57% 9.32M 0s
  1100K .......... .......... .......... .......... .......... 60% 4.42M 0s
  1150K .......... .......... .......... .......... .......... 62% 3.52M 0s
  1200K .......... .......... .......... .......... .......... 65% 2.80M 0s
  1250K .......... .......... .......... .......... .......... 68% 7.03M 0s
  1300K .......... .......... .......... .......... .......... 70% 4.73M 0s
  1350K .......... .......... .......... .......... .......... 73% 3.81M 0s
  1400K .......... .......... .......... .......... .......... 75% 4.08M 0s
  1450K .......... .......... .......... .......... .......... 78% 2.48M 0s
  1500K .......... .......... .......... .......... .......... 81% 11.4M 0s
  1550K .......... .......... .......... .......... .......... 83% 3.81M 0s
  1600K .......... .......... .......... .......... .......... 86% 4.14M 0s
  1650K .......... .......... .......... .......... .......... 89% 3.91M 0s
  1700K .......... .......... .......... .......... .......... 91% 4.89M 0s
  1750K .......... .......... .......... .......... .......... 94% 4.17M 0s
  1800K .......... .......... .......... .......... .......... 96% 2.20M 0s
  1850K .......... .......... .......... .......... .......... 99% 6.02M 0s
  1900K .........                                             100%  173M=0.5s

2018-05-16 14:17:11 (3.77 MB/s) - ‘../data/deliveryimages.acm.org/10.1145/3190000/3186053/images/www2018-62-fig2.jpg’ saved [1955218/1955218]

--2018-05-16 14:17:11--  http://deliveryimages.acm.org/10.1145/3190000/3186053/images/www2018-62-fig3.jpg
Connecting to deliveryimages.acm.org (deliveryimages.acm.org)|104.17.79.191|:80... connected.
HTTP request sent, awaiting response... 301 Moved Permanently
Location: https://deliveryimages.acm.org/10.1145/3190000/3186053/images/www2018-62-fig3.jpg [following]
--2018-05-16 14:17:11--  https://deliveryimages.acm.org/10.1145/3190000/3186053/images/www2018-62-fig3.jpg
Connecting to deliveryimages.acm.org (deliveryimages.acm.org)|104.17.79.191|:443... connected.
HTTP request sent, awaiting response... 200 OK
Length: 2844111 (2.7M) [image/jpeg]
Saving to: ‘../data/deliveryimages.acm.org/10.1145/3190000/3186053/images/www2018-62-fig3.jpg’

     0K .......... .......... .......... .......... ..........  1%  969K 3s
    50K .......... .......... .......... .......... ..........  3% 3.96M 2s
   100K .......... .......... .......... .......... ..........  5% 3.81M 1s
   150K .......... .......... .......... .......... ..........  7% 3.93M 1s
   200K .......... .......... .......... .......... ..........  9% 2.52M 1s
   250K .......... .......... .......... .......... .......... 10% 3.59M 1s
   300K .......... .......... .......... .......... .......... 12% 4.87M 1s
   350K .......... .......... .......... .......... .......... 14% 1.78M 1s
   400K .......... .......... .......... .......... .......... 16% 6.86M 1s
   450K .......... .......... .......... .......... .......... 18% 5.08M 1s
   500K .......... .......... .......... .......... .......... 19% 5.02M 1s
   550K .......... .......... .......... .......... .......... 21% 11.0M 1s
   600K .......... .......... .......... .......... .......... 23% 4.96M 1s
   650K .......... .......... .......... .......... .......... 25% 3.60M 1s
   700K .......... .......... .......... .......... .......... 27% 5.89M 1s
   750K .......... .......... .......... .......... .......... 28% 3.58M 1s
   800K .......... .......... .......... .......... .......... 30% 4.10M 1s
   850K .......... .......... .......... .......... .......... 32% 2.35M 1s
   900K .......... .......... .......... .......... .......... 34% 18.4M 1s
   950K .......... .......... .......... .......... .......... 36% 4.52M 1s
  1000K .......... .......... .......... .......... .......... 37% 2.86M 0s
  1050K .......... .......... .......... .......... .......... 39% 6.28M 0s
  1100K .......... .......... .......... .......... .......... 41%  910K 1s
  1150K .......... .......... .......... .......... .......... 43% 7.03M 0s
  1200K .......... .......... .......... .......... .......... 45% 2.29M 0s
  1250K .......... .......... .......... .......... .......... 46% 6.65M 0s
  1300K .......... .......... .......... .......... .......... 48% 10.6M 0s
  1350K .......... .......... .......... .......... .......... 50% 3.02M 0s
  1400K .......... .......... .......... .......... .......... 52% 5.16M 0s
  1450K .......... .......... .......... .......... .......... 54% 3.92M 0s
  1500K .......... .......... .......... .......... .......... 55% 23.2M 0s
  1550K .......... .......... .......... .......... .......... 57% 1018K 0s
  1600K .......... .......... .......... .......... .......... 59% 8.94M 0s
  1650K .......... .......... .......... .......... .......... 61% 10.3M 0s
  1700K .......... .......... .......... .......... .......... 63% 22.3M 0s
  1750K .......... .......... .......... .......... .......... 64% 8.77M 0s
  1800K .......... .......... .......... .......... .......... 66% 1.15M 0s
  1850K .......... .......... .......... .......... .......... 68% 2.40M 0s
  1900K .......... .......... .......... .......... .......... 70% 15.5M 0s
  1950K .......... .......... .......... .......... .......... 72% 4.09M 0s
  2000K .......... .......... .......... .......... .......... 73% 4.87M 0s
  2050K .......... .......... .......... .......... .......... 75% 10.7M 0s
  2100K .......... .......... .......... .......... .......... 77% 5.29M 0s
  2150K .......... .......... .......... .......... .......... 79% 10.8M 0s
  2200K .......... .......... .......... .......... .......... 81% 3.24M 0s
  2250K .......... .......... .......... .......... .......... 82% 11.7M 0s
  2300K .......... .......... .......... .......... .......... 84% 2.87M 0s
  2350K .......... .......... .......... .......... .......... 86% 2.87M 0s
  2400K .......... .......... .......... .......... .......... 88% 95.7M 0s
  2450K .......... .......... .......... .......... .......... 90% 5.56M 0s
  2500K .......... .......... .......... .......... .......... 91% 6.36M 0s
  2550K .......... .......... .......... .......... .......... 93% 4.36M 0s
  2600K .......... .......... .......... .......... .......... 95% 5.69M 0s
  2650K .......... .......... .......... .......... .......... 97% 4.78M 0s
  2700K .......... .......... .......... .......... .......... 99% 4.13M 0s
  2750K .......... .......... .......                         100% 4.29M=0.7s

2018-05-16 14:17:12 (3.70 MB/s) - ‘../data/deliveryimages.acm.org/10.1145/3190000/3186053/images/www2018-62-fig3.jpg’ saved [2844111/2844111]

FINISHED --2018-05-16 14:17:12--
Total wall clock time: 2.5s
Downloaded: 4 files, 5.7M in 1.6s (3.64 MB/s)
Converting links in ../data/delivery.acm.org/10.1145/3190000/3186053/p117-chowdhury.html?ip=24.48.71.56&id=3186053&acc=OPENTOC&key=4D4702B0C3E38B35.4D4702B0C3E38B35.4D4702B0C3E38B35.4DD68F0663C025AA&__acm__=1526494929_e7224009dcc5468601a8796a63b8df7c... 82-0
Converted links in 1 files in 0.003 seconds.
