--2018-05-16 14:21:40--  http://delivery.acm.org/10.1145/3190000/3186126/p599-yu.html?ip=24.48.71.56&id=3186126&acc=OPENTOC&key=4D4702B0C3E38B35%2E4D4702B0C3E38B35%2E4D4702B0C3E38B35%2E4DD68F0663C025AA&__acm__=1526495199_9bfb5adf182953d66615438be77cd059
Resolving delivery.acm.org (delivery.acm.org)... 24.200.120.82, 24.200.120.90
Connecting to delivery.acm.org (delivery.acm.org)|24.200.120.82|:80... connected.
HTTP request sent, awaiting response... 200 OK
Length: 121896 (119K) [text/html]
Saving to: ‘../data/delivery.acm.org/10.1145/3190000/3186126/p599-yu.html?ip=24.48.71.56&id=3186126&acc=OPENTOC&key=4D4702B0C3E38B35.4D4702B0C3E38B35.4D4702B0C3E38B35.4DD68F0663C025AA&__acm__=1526495199_9bfb5adf182953d66615438be77cd059’

     0K .......... .......... .......... .......... .......... 42% 1.73M 0s
    50K .......... .......... .......... .......... .......... 84% 3.33M 0s
   100K .......... .........                                  100% 3.20M=0.05s

2018-05-16 14:21:40 (2.39 MB/s) - ‘../data/delivery.acm.org/10.1145/3190000/3186126/p599-yu.html?ip=24.48.71.56&id=3186126&acc=OPENTOC&key=4D4702B0C3E38B35.4D4702B0C3E38B35.4D4702B0C3E38B35.4DD68F0663C025AA&__acm__=1526495199_9bfb5adf182953d66615438be77cd059’ saved [121896/121896]

--2018-05-16 14:21:40--  http://deliveryimages.acm.org/10.1145/3190000/3186126/images/www2018-135-fig1.jpg
Resolving deliveryimages.acm.org (deliveryimages.acm.org)... 104.17.79.191, 104.17.80.191
Connecting to deliveryimages.acm.org (deliveryimages.acm.org)|104.17.79.191|:80... connected.
HTTP request sent, awaiting response... 301 Moved Permanently
Location: https://deliveryimages.acm.org/10.1145/3190000/3186126/images/www2018-135-fig1.jpg [following]
--2018-05-16 14:21:40--  https://deliveryimages.acm.org/10.1145/3190000/3186126/images/www2018-135-fig1.jpg
Connecting to deliveryimages.acm.org (deliveryimages.acm.org)|104.17.79.191|:443... connected.
HTTP request sent, awaiting response... 200 OK
Length: 136525 (133K) [image/jpeg]
Saving to: ‘../data/deliveryimages.acm.org/10.1145/3190000/3186126/images/www2018-135-fig1.jpg’

     0K .......... .......... .......... .......... .......... 37% 1.64M 0s
    50K .......... .......... .......... .......... .......... 75% 2.96M 0s
   100K .......... .......... .......... ...                  100% 6.09M=0.05s

2018-05-16 14:21:41 (2.52 MB/s) - ‘../data/deliveryimages.acm.org/10.1145/3190000/3186126/images/www2018-135-fig1.jpg’ saved [136525/136525]

--2018-05-16 14:21:41--  http://deliveryimages.acm.org/10.1145/3190000/3186126/images/www2018-135-fig2.jpg
Connecting to deliveryimages.acm.org (deliveryimages.acm.org)|104.17.79.191|:80... connected.
HTTP request sent, awaiting response... 301 Moved Permanently
Location: https://deliveryimages.acm.org/10.1145/3190000/3186126/images/www2018-135-fig2.jpg [following]
--2018-05-16 14:21:41--  https://deliveryimages.acm.org/10.1145/3190000/3186126/images/www2018-135-fig2.jpg
Connecting to deliveryimages.acm.org (deliveryimages.acm.org)|104.17.79.191|:443... connected.
HTTP request sent, awaiting response... 200 OK
Length: 183577 (179K) [image/jpeg]
Saving to: ‘../data/deliveryimages.acm.org/10.1145/3190000/3186126/images/www2018-135-fig2.jpg’

     0K .......... .......... .......... .......... .......... 27% 1.67M 0s
    50K .......... .......... .......... .......... .......... 55% 2.91M 0s
   100K .......... .......... .......... .......... .......... 83% 2.71M 0s
   150K .......... .......... .........                       100% 11.5M=0.07s

2018-05-16 14:21:41 (2.64 MB/s) - ‘../data/deliveryimages.acm.org/10.1145/3190000/3186126/images/www2018-135-fig2.jpg’ saved [183577/183577]

--2018-05-16 14:21:41--  http://deliveryimages.acm.org/10.1145/3190000/3186126/images/www2018-135-graphic3.jpg
Connecting to deliveryimages.acm.org (deliveryimages.acm.org)|104.17.79.191|:80... connected.
HTTP request sent, awaiting response... 301 Moved Permanently
Location: https://deliveryimages.acm.org/10.1145/3190000/3186126/images/www2018-135-graphic3.jpg [following]
--2018-05-16 14:21:41--  https://deliveryimages.acm.org/10.1145/3190000/3186126/images/www2018-135-graphic3.jpg
Connecting to deliveryimages.acm.org (deliveryimages.acm.org)|104.17.79.191|:443... connected.
HTTP request sent, awaiting response... 200 OK
Length: 365120 (357K) [image/jpeg]
Saving to: ‘../data/deliveryimages.acm.org/10.1145/3190000/3186126/images/www2018-135-graphic3.jpg’

     0K .......... .......... .......... .......... .......... 14% 1.05M 0s
    50K .......... .......... .......... .......... .......... 28% 5.18M 0s
   100K .......... .......... .......... .......... .......... 42% 2.68M 0s
   150K .......... .......... .......... .......... .......... 56% 5.04M 0s
   200K .......... .......... .......... .......... .......... 70% 2.98M 0s
   250K .......... .......... .......... .......... .......... 84% 9.59M 0s
   300K .......... .......... .......... .......... .......... 98% 4.32M 0s
   350K ......                                                100% 75.2M=0.1s

2018-05-16 14:21:41 (2.98 MB/s) - ‘../data/deliveryimages.acm.org/10.1145/3190000/3186126/images/www2018-135-graphic3.jpg’ saved [365120/365120]

--2018-05-16 14:21:41--  http://deliveryimages.acm.org/10.1145/3190000/3186126/images/www2018-135-fig4.jpg
Connecting to deliveryimages.acm.org (deliveryimages.acm.org)|104.17.79.191|:80... connected.
HTTP request sent, awaiting response... 301 Moved Permanently
Location: https://deliveryimages.acm.org/10.1145/3190000/3186126/images/www2018-135-fig4.jpg [following]
--2018-05-16 14:21:41--  https://deliveryimages.acm.org/10.1145/3190000/3186126/images/www2018-135-fig4.jpg
Connecting to deliveryimages.acm.org (deliveryimages.acm.org)|104.17.79.191|:443... connected.
HTTP request sent, awaiting response... 200 OK
Length: 121312 (118K) [image/jpeg]
Saving to: ‘../data/deliveryimages.acm.org/10.1145/3190000/3186126/images/www2018-135-fig4.jpg’

     0K .......... .......... .......... .......... .......... 42% 1.70M 0s
    50K .......... .......... .......... .......... .......... 84% 2.57M 0s
   100K .......... ........                                   100% 3.68M=0.05s

2018-05-16 14:21:42 (2.20 MB/s) - ‘../data/deliveryimages.acm.org/10.1145/3190000/3186126/images/www2018-135-fig4.jpg’ saved [121312/121312]

--2018-05-16 14:21:42--  http://deliveryimages.acm.org/10.1145/3190000/3186126/images/www2018-135-fig5.jpg
Connecting to deliveryimages.acm.org (deliveryimages.acm.org)|104.17.79.191|:80... connected.
HTTP request sent, awaiting response... 301 Moved Permanently
Location: https://deliveryimages.acm.org/10.1145/3190000/3186126/images/www2018-135-fig5.jpg [following]
--2018-05-16 14:21:42--  https://deliveryimages.acm.org/10.1145/3190000/3186126/images/www2018-135-fig5.jpg
Connecting to deliveryimages.acm.org (deliveryimages.acm.org)|104.17.79.191|:443... connected.
HTTP request sent, awaiting response... 200 OK
Length: 167272 (163K) [image/jpeg]
Saving to: ‘../data/deliveryimages.acm.org/10.1145/3190000/3186126/images/www2018-135-fig5.jpg’

     0K .......... .......... .......... .......... .......... 30% 1.82M 0s
    50K .......... .......... .......... .......... .......... 61% 3.26M 0s
   100K .......... .......... .......... .......... .......... 91% 4.09M 0s
   150K .......... ...                                        100% 13.6M=0.05s

2018-05-16 14:21:42 (2.92 MB/s) - ‘../data/deliveryimages.acm.org/10.1145/3190000/3186126/images/www2018-135-fig5.jpg’ saved [167272/167272]

--2018-05-16 14:21:42--  http://deliveryimages.acm.org/10.1145/3190000/3186126/images/www2018-135-img1.svg
Connecting to deliveryimages.acm.org (deliveryimages.acm.org)|104.17.79.191|:80... connected.
HTTP request sent, awaiting response... 301 Moved Permanently
Location: https://deliveryimages.acm.org/10.1145/3190000/3186126/images/www2018-135-img1.svg [following]
--2018-05-16 14:21:42--  https://deliveryimages.acm.org/10.1145/3190000/3186126/images/www2018-135-img1.svg
Connecting to deliveryimages.acm.org (deliveryimages.acm.org)|104.17.79.191|:443... connected.
HTTP request sent, awaiting response... 200 OK
Length: 7134 (7.0K) [image/svg+xml]
Saving to: ‘../data/deliveryimages.acm.org/10.1145/3190000/3186126/images/www2018-135-img1.svg’

     0K ......                                                100% 5.88M=0.001s

2018-05-16 14:21:42 (5.88 MB/s) - ‘../data/deliveryimages.acm.org/10.1145/3190000/3186126/images/www2018-135-img1.svg’ saved [7134/7134]

--2018-05-16 14:21:42--  http://deliveryimages.acm.org/10.1145/3190000/3186126/images/www2018-135-fig6.jpg
Connecting to deliveryimages.acm.org (deliveryimages.acm.org)|104.17.79.191|:80... connected.
HTTP request sent, awaiting response... 301 Moved Permanently
Location: https://deliveryimages.acm.org/10.1145/3190000/3186126/images/www2018-135-fig6.jpg [following]
--2018-05-16 14:21:42--  https://deliveryimages.acm.org/10.1145/3190000/3186126/images/www2018-135-fig6.jpg
Connecting to deliveryimages.acm.org (deliveryimages.acm.org)|104.17.79.191|:443... connected.
HTTP request sent, awaiting response... 200 OK
Length: 231096 (226K) [image/jpeg]
Saving to: ‘../data/deliveryimages.acm.org/10.1145/3190000/3186126/images/www2018-135-fig6.jpg’

     0K .......... .......... .......... .......... .......... 22% 1.21M 0s
    50K .......... .......... .......... .......... .......... 44% 2.35M 0s
   100K .......... .......... .......... .......... .......... 66% 4.66M 0s
   150K .......... .......... .......... .......... .......... 88% 6.21M 0s
   200K .......... .......... .....                           100% 3.28M=0.09s

2018-05-16 14:21:43 (2.53 MB/s) - ‘../data/deliveryimages.acm.org/10.1145/3190000/3186126/images/www2018-135-fig6.jpg’ saved [231096/231096]

--2018-05-16 14:21:43--  http://deliveryimages.acm.org/10.1145/3190000/3186126/images/www2018-135-fig7.jpg
Connecting to deliveryimages.acm.org (deliveryimages.acm.org)|104.17.79.191|:80... connected.
HTTP request sent, awaiting response... 301 Moved Permanently
Location: https://deliveryimages.acm.org/10.1145/3190000/3186126/images/www2018-135-fig7.jpg [following]
--2018-05-16 14:21:43--  https://deliveryimages.acm.org/10.1145/3190000/3186126/images/www2018-135-fig7.jpg
Connecting to deliveryimages.acm.org (deliveryimages.acm.org)|104.17.79.191|:443... connected.
HTTP request sent, awaiting response... 200 OK
Length: 131649 (129K) [image/jpeg]
Saving to: ‘../data/deliveryimages.acm.org/10.1145/3190000/3186126/images/www2018-135-fig7.jpg’

     0K .......... .......... .......... .......... .......... 38% 1.35M 0s
    50K .......... .......... .......... .......... .......... 77% 3.35M 0s
   100K .......... .......... ........                        100% 6.87M=0.05s

2018-05-16 14:21:43 (2.29 MB/s) - ‘../data/deliveryimages.acm.org/10.1145/3190000/3186126/images/www2018-135-fig7.jpg’ saved [131649/131649]

--2018-05-16 14:21:43--  http://deliveryimages.acm.org/10.1145/3190000/3186126/images/www2018-135-fig8.jpg
Connecting to deliveryimages.acm.org (deliveryimages.acm.org)|104.17.79.191|:80... connected.
HTTP request sent, awaiting response... 301 Moved Permanently
Location: https://deliveryimages.acm.org/10.1145/3190000/3186126/images/www2018-135-fig8.jpg [following]
--2018-05-16 14:21:43--  https://deliveryimages.acm.org/10.1145/3190000/3186126/images/www2018-135-fig8.jpg
Connecting to deliveryimages.acm.org (deliveryimages.acm.org)|104.17.79.191|:443... connected.
HTTP request sent, awaiting response... 200 OK
Length: 132648 (130K) [image/jpeg]
Saving to: ‘../data/deliveryimages.acm.org/10.1145/3190000/3186126/images/www2018-135-fig8.jpg’

     0K .......... .......... .......... .......... .......... 38% 1.06M 0s
    50K .......... .......... .......... .......... .......... 77% 2.59M 0s
   100K .......... .......... .........                       100% 2.19M=0.08s

2018-05-16 14:21:43 (1.62 MB/s) - ‘../data/deliveryimages.acm.org/10.1145/3190000/3186126/images/www2018-135-fig8.jpg’ saved [132648/132648]

FINISHED --2018-05-16 14:21:43--
Total wall clock time: 3.1s
Downloaded: 10 files, 1.5M in 0.6s (2.49 MB/s)
Converting links in ../data/delivery.acm.org/10.1145/3190000/3186126/p599-yu.html?ip=24.48.71.56&id=3186126&acc=OPENTOC&key=4D4702B0C3E38B35.4D4702B0C3E38B35.4D4702B0C3E38B35.4DD68F0663C025AA&__acm__=1526495199_9bfb5adf182953d66615438be77cd059... 140-0
Converted links in 1 files in 0.005 seconds.
