--2018-05-16 14:45:06--  http://delivery.acm.org/10.1145/3190000/3186960/p127-taelman.html?ip=24.48.71.56&id=3186960&acc=OPENTOC&key=4D4702B0C3E38B35%2E4D4702B0C3E38B35%2E4D4702B0C3E38B35%2E4DD68F0663C025AA&__acm__=1526496606_3f89ad0a3ed94b7a14bdcd04d3cab8f5
Resolving delivery.acm.org (delivery.acm.org)... 24.200.120.82, 24.200.120.90
Connecting to delivery.acm.org (delivery.acm.org)|24.200.120.82|:80... connected.
HTTP request sent, awaiting response... 200 OK
Length: 33163 (32K) [text/html]
Saving to: ‘../data/delivery.acm.org/10.1145/3190000/3186960/p127-taelman.html?ip=24.48.71.56&id=3186960&acc=OPENTOC&key=4D4702B0C3E38B35.4D4702B0C3E38B35.4D4702B0C3E38B35.4DD68F0663C025AA&__acm__=1526496606_3f89ad0a3ed94b7a14bdcd04d3cab8f5’

     0K .......... .......... .......... ..                   100% 2.25M=0.01s

2018-05-16 14:45:07 (2.25 MB/s) - ‘../data/delivery.acm.org/10.1145/3190000/3186960/p127-taelman.html?ip=24.48.71.56&id=3186960&acc=OPENTOC&key=4D4702B0C3E38B35.4D4702B0C3E38B35.4D4702B0C3E38B35.4DD68F0663C025AA&__acm__=1526496606_3f89ad0a3ed94b7a14bdcd04d3cab8f5’ saved [33163/33163]

--2018-05-16 14:45:07--  http://deliveryimages.acm.org/10.1145/3190000/3186960/images/image1.png
Resolving deliveryimages.acm.org (deliveryimages.acm.org)... 104.17.80.191, 104.17.79.191
Connecting to deliveryimages.acm.org (deliveryimages.acm.org)|104.17.80.191|:80... connected.
HTTP request sent, awaiting response... 301 Moved Permanently
Location: https://deliveryimages.acm.org/10.1145/3190000/3186960/images/image1.png [following]
--2018-05-16 14:45:07--  https://deliveryimages.acm.org/10.1145/3190000/3186960/images/image1.png
Connecting to deliveryimages.acm.org (deliveryimages.acm.org)|104.17.80.191|:443... connected.
HTTP request sent, awaiting response... 200 OK
Length: 13801 (13K) [image/png]
Saving to: ‘../data/deliveryimages.acm.org/10.1145/3190000/3186960/images/image1.png’

     0K .......... ...                                        100% 1.32M=0.01s

2018-05-16 14:45:07 (1.32 MB/s) - ‘../data/deliveryimages.acm.org/10.1145/3190000/3186960/images/image1.png’ saved [13801/13801]

--2018-05-16 14:45:07--  http://deliveryimages.acm.org/10.1145/3190000/3186960/images/image2.png
Connecting to deliveryimages.acm.org (deliveryimages.acm.org)|104.17.80.191|:80... connected.
HTTP request sent, awaiting response... 301 Moved Permanently
Location: https://deliveryimages.acm.org/10.1145/3190000/3186960/images/image2.png [following]
--2018-05-16 14:45:07--  https://deliveryimages.acm.org/10.1145/3190000/3186960/images/image2.png
Connecting to deliveryimages.acm.org (deliveryimages.acm.org)|104.17.80.191|:443... connected.
HTTP request sent, awaiting response... 200 OK
Length: 68821 (67K) [image/png]
Saving to: ‘../data/deliveryimages.acm.org/10.1145/3190000/3186960/images/image2.png’

     0K .......... .......... .......... .......... .......... 74%  161K 0s
    50K .......... .......                                    100% 3.60M=0.3s

2018-05-16 14:45:08 (213 KB/s) - ‘../data/deliveryimages.acm.org/10.1145/3190000/3186960/images/image2.png’ saved [68821/68821]

--2018-05-16 14:45:08--  http://deliveryimages.acm.org/10.1145/3190000/3186960/images/image3.png
Connecting to deliveryimages.acm.org (deliveryimages.acm.org)|104.17.80.191|:80... connected.
HTTP request sent, awaiting response... 301 Moved Permanently
Location: https://deliveryimages.acm.org/10.1145/3190000/3186960/images/image3.png [following]
--2018-05-16 14:45:08--  https://deliveryimages.acm.org/10.1145/3190000/3186960/images/image3.png
Connecting to deliveryimages.acm.org (deliveryimages.acm.org)|104.17.80.191|:443... connected.
HTTP request sent, awaiting response... 200 OK
Length: 64934 (63K) [image/png]
Saving to: ‘../data/deliveryimages.acm.org/10.1145/3190000/3186960/images/image3.png’

     0K .......... .......... .......... .......... .......... 78%  207K 0s
    50K .......... ...                                        100% 1.16M=0.3s

2018-05-16 14:45:09 (251 KB/s) - ‘../data/deliveryimages.acm.org/10.1145/3190000/3186960/images/image3.png’ saved [64934/64934]

--2018-05-16 14:45:09--  http://deliveryimages.acm.org/10.1145/3190000/3186960/images/image4.png
Connecting to deliveryimages.acm.org (deliveryimages.acm.org)|104.17.80.191|:80... connected.
HTTP request sent, awaiting response... 301 Moved Permanently
Location: https://deliveryimages.acm.org/10.1145/3190000/3186960/images/image4.png [following]
--2018-05-16 14:45:09--  https://deliveryimages.acm.org/10.1145/3190000/3186960/images/image4.png
Connecting to deliveryimages.acm.org (deliveryimages.acm.org)|104.17.80.191|:443... connected.
HTTP request sent, awaiting response... 200 OK
Length: 57675 (56K) [image/png]
Saving to: ‘../data/deliveryimages.acm.org/10.1145/3190000/3186960/images/image4.png’

     0K .......... .......... .......... .......... .......... 88%  120K 0s
    50K ......                                                100% 5.87M=0.4s

2018-05-16 14:45:10 (135 KB/s) - ‘../data/deliveryimages.acm.org/10.1145/3190000/3186960/images/image4.png’ saved [57675/57675]

--2018-05-16 14:45:10--  http://deliveryimages.acm.org/10.1145/3190000/3186960/images/image5.png
Connecting to deliveryimages.acm.org (deliveryimages.acm.org)|104.17.80.191|:80... connected.
HTTP request sent, awaiting response... 301 Moved Permanently
Location: https://deliveryimages.acm.org/10.1145/3190000/3186960/images/image5.png [following]
--2018-05-16 14:45:10--  https://deliveryimages.acm.org/10.1145/3190000/3186960/images/image5.png
Connecting to deliveryimages.acm.org (deliveryimages.acm.org)|104.17.80.191|:443... connected.
HTTP request sent, awaiting response... 200 OK
Length: 119790 (117K) [image/png]
Saving to: ‘../data/deliveryimages.acm.org/10.1145/3190000/3186960/images/image5.png’

     0K .......... .......... .......... .......... .......... 42% 74.2K 1s
    50K .......... .......... .......... .......... .......... 85% 45.7K 0s
   100K .......... ......                                     100% 66.6K=2.0s

2018-05-16 14:45:13 (57.9 KB/s) - ‘../data/deliveryimages.acm.org/10.1145/3190000/3186960/images/image5.png’ saved [119790/119790]

--2018-05-16 14:45:13--  http://deliveryimages.acm.org/10.1145/3190000/3186960/images/image6.png
Connecting to deliveryimages.acm.org (deliveryimages.acm.org)|104.17.80.191|:80... connected.
HTTP request sent, awaiting response... 301 Moved Permanently
Location: https://deliveryimages.acm.org/10.1145/3190000/3186960/images/image6.png [following]
--2018-05-16 14:45:13--  https://deliveryimages.acm.org/10.1145/3190000/3186960/images/image6.png
Connecting to deliveryimages.acm.org (deliveryimages.acm.org)|104.17.80.191|:443... connected.
HTTP request sent, awaiting response... 200 OK
Length: 72055 (70K) [image/png]
Saving to: ‘../data/deliveryimages.acm.org/10.1145/3190000/3186960/images/image6.png’

     0K .......... .......... .......... .......... .......... 71% 56.5K 0s
    50K .......... ..........                                 100% 4.63M=0.9s

2018-05-16 14:45:15 (79.1 KB/s) - ‘../data/deliveryimages.acm.org/10.1145/3190000/3186960/images/image6.png’ saved [72055/72055]

--2018-05-16 14:45:15--  http://deliveryimages.acm.org/10.1145/3190000/3186960/images/image7.png
Connecting to deliveryimages.acm.org (deliveryimages.acm.org)|104.17.80.191|:80... connected.
HTTP request sent, awaiting response... 301 Moved Permanently
Location: https://deliveryimages.acm.org/10.1145/3190000/3186960/images/image7.png [following]
--2018-05-16 14:45:15--  https://deliveryimages.acm.org/10.1145/3190000/3186960/images/image7.png
Connecting to deliveryimages.acm.org (deliveryimages.acm.org)|104.17.80.191|:443... connected.
HTTP request sent, awaiting response... 200 OK
Length: 98610 (96K) [image/png]
Saving to: ‘../data/deliveryimages.acm.org/10.1145/3190000/3186960/images/image7.png’

     0K .......... .......... .......... .......... .......... 51% 85.6K 1s
    50K .......... .......... .......... .......... ......    100% 1.79M=0.6s

2018-05-16 14:45:16 (158 KB/s) - ‘../data/deliveryimages.acm.org/10.1145/3190000/3186960/images/image7.png’ saved [98610/98610]

--2018-05-16 14:45:16--  http://deliveryimages.acm.org/10.1145/3190000/3186960/images/image8.png
Connecting to deliveryimages.acm.org (deliveryimages.acm.org)|104.17.80.191|:80... connected.
HTTP request sent, awaiting response... 301 Moved Permanently
Location: https://deliveryimages.acm.org/10.1145/3190000/3186960/images/image8.png [following]
--2018-05-16 14:45:16--  https://deliveryimages.acm.org/10.1145/3190000/3186960/images/image8.png
Connecting to deliveryimages.acm.org (deliveryimages.acm.org)|104.17.80.191|:443... connected.
HTTP request sent, awaiting response... 200 OK
Length: 215193 (210K) [image/png]
Saving to: ‘../data/deliveryimages.acm.org/10.1145/3190000/3186960/images/image8.png’

     0K .......... .......... .......... .......... .......... 23%  425K 0s
    50K .......... .......... .......... .......... .......... 47%  134K 1s
   100K .......... .......... .......... .......... .......... 71% 80.8K 0s
   150K .......... .......... .......... .......... .......... 95% 58.7K 0s
   200K ..........                                            100% 72.8M=2.0s

2018-05-16 14:45:18 (107 KB/s) - ‘../data/deliveryimages.acm.org/10.1145/3190000/3186960/images/image8.png’ saved [215193/215193]

--2018-05-16 14:45:18--  http://deliveryimages.acm.org/10.1145/3190000/3186960/images/image9.png
Connecting to deliveryimages.acm.org (deliveryimages.acm.org)|104.17.80.191|:80... connected.
HTTP request sent, awaiting response... 301 Moved Permanently
Location: https://deliveryimages.acm.org/10.1145/3190000/3186960/images/image9.png [following]
--2018-05-16 14:45:18--  https://deliveryimages.acm.org/10.1145/3190000/3186960/images/image9.png
Connecting to deliveryimages.acm.org (deliveryimages.acm.org)|104.17.80.191|:443... connected.
HTTP request sent, awaiting response... 200 OK
Length: 192705 (188K) [image/png]
Saving to: ‘../data/deliveryimages.acm.org/10.1145/3190000/3186960/images/image9.png’

     0K .......... .......... .......... .......... .......... 26%  195K 1s
    50K .......... .......... .......... .......... .......... 53%  107K 1s
   100K .......... .......... .......... .......... .......... 79%  102K 0s
   150K .......... .......... .......... ........             100%  223K=1.4s

2018-05-16 14:45:20 (136 KB/s) - ‘../data/deliveryimages.acm.org/10.1145/3190000/3186960/images/image9.png’ saved [192705/192705]

--2018-05-16 14:45:20--  http://deliveryimages.acm.org/10.1145/3190000/3186960/images/image10.png
Connecting to deliveryimages.acm.org (deliveryimages.acm.org)|104.17.80.191|:80... connected.
HTTP request sent, awaiting response... 301 Moved Permanently
Location: https://deliveryimages.acm.org/10.1145/3190000/3186960/images/image10.png [following]
--2018-05-16 14:45:20--  https://deliveryimages.acm.org/10.1145/3190000/3186960/images/image10.png
Connecting to deliveryimages.acm.org (deliveryimages.acm.org)|104.17.80.191|:443... connected.
HTTP request sent, awaiting response... 200 OK
Length: 157258 (154K) [image/png]
Saving to: ‘../data/deliveryimages.acm.org/10.1145/3190000/3186960/images/image10.png’

     0K .......... .......... .......... .......... .......... 32%  106K 1s
    50K .......... .......... .......... .......... .......... 65%  124K 0s
   100K .......... .......... .......... .......... .......... 97%  235K 0s
   150K ...                                                   100% 71.5M=1.1s

2018-05-16 14:45:21 (141 KB/s) - ‘../data/deliveryimages.acm.org/10.1145/3190000/3186960/images/image10.png’ saved [157258/157258]

FINISHED --2018-05-16 14:45:21--
Total wall clock time: 15s
Downloaded: 11 files, 1.0M in 9.0s (119 KB/s)
Converting links in ../data/delivery.acm.org/10.1145/3190000/3186960/p127-taelman.html?ip=24.48.71.56&id=3186960&acc=OPENTOC&key=4D4702B0C3E38B35.4D4702B0C3E38B35.4D4702B0C3E38B35.4DD68F0663C025AA&__acm__=1526496606_3f89ad0a3ed94b7a14bdcd04d3cab8f5... 41-0
Converted links in 1 files in 0.001 seconds.
