--2018-05-16 14:43:12--  http://delivery.acm.org/10.1145/3190000/3186964/p143-athreya.html?ip=24.48.71.56&id=3186964&acc=OPENTOC&key=4D4702B0C3E38B35%2E4D4702B0C3E38B35%2E4D4702B0C3E38B35%2E4DD68F0663C025AA&__acm__=1526496491_d6cd0d7510ed204f4352c9d65ec9656a
Resolving delivery.acm.org (delivery.acm.org)... 24.200.120.90, 24.200.120.82
Connecting to delivery.acm.org (delivery.acm.org)|24.200.120.90|:80... connected.
HTTP request sent, awaiting response... 200 OK
Length: 35489 (35K) [text/html]
Saving to: ‘../data/delivery.acm.org/10.1145/3190000/3186964/p143-athreya.html?ip=24.48.71.56&id=3186964&acc=OPENTOC&key=4D4702B0C3E38B35.4D4702B0C3E38B35.4D4702B0C3E38B35.4DD68F0663C025AA&__acm__=1526496491_d6cd0d7510ed204f4352c9d65ec9656a’

     0K .......... .......... .......... ....                 100%  802K=0.04s

2018-05-16 14:43:12 (802 KB/s) - ‘../data/delivery.acm.org/10.1145/3190000/3186964/p143-athreya.html?ip=24.48.71.56&id=3186964&acc=OPENTOC&key=4D4702B0C3E38B35.4D4702B0C3E38B35.4D4702B0C3E38B35.4DD68F0663C025AA&__acm__=1526496491_d6cd0d7510ed204f4352c9d65ec9656a’ saved [35489/35489]

--2018-05-16 14:43:12--  http://deliveryimages.acm.org/10.1145/3190000/3186964/images/www18companion-204-fig1.jpg
Resolving deliveryimages.acm.org (deliveryimages.acm.org)... 104.17.80.191, 104.17.79.191
Connecting to deliveryimages.acm.org (deliveryimages.acm.org)|104.17.80.191|:80... connected.
HTTP request sent, awaiting response... 301 Moved Permanently
Location: https://deliveryimages.acm.org/10.1145/3190000/3186964/images/www18companion-204-fig1.jpg [following]
--2018-05-16 14:43:13--  https://deliveryimages.acm.org/10.1145/3190000/3186964/images/www18companion-204-fig1.jpg
Connecting to deliveryimages.acm.org (deliveryimages.acm.org)|104.17.80.191|:443... connected.
HTTP request sent, awaiting response... 200 OK
Length: 212343 (207K) [image/jpeg]
Saving to: ‘../data/deliveryimages.acm.org/10.1145/3190000/3186964/images/www18companion-204-fig1.jpg’

     0K .......... .......... .......... .......... .......... 24%  124K 1s
    50K .......... .......... .......... .......... .......... 48% 55.4K 1s
   100K .......... .......... .......... .......... .......... 72% 54.8K 1s
   150K .......... .......... .......... .......... .......... 96% 86.1K 0s
   200K .......                                               100% 39.3M=2.8s

2018-05-16 14:43:16 (74.1 KB/s) - ‘../data/deliveryimages.acm.org/10.1145/3190000/3186964/images/www18companion-204-fig1.jpg’ saved [212343/212343]

--2018-05-16 14:43:16--  http://deliveryimages.acm.org/10.1145/3190000/3186964/images/www18companion-204-fig2.jpg
Connecting to deliveryimages.acm.org (deliveryimages.acm.org)|104.17.80.191|:80... connected.
HTTP request sent, awaiting response... 301 Moved Permanently
Location: https://deliveryimages.acm.org/10.1145/3190000/3186964/images/www18companion-204-fig2.jpg [following]
--2018-05-16 14:43:16--  https://deliveryimages.acm.org/10.1145/3190000/3186964/images/www18companion-204-fig2.jpg
Connecting to deliveryimages.acm.org (deliveryimages.acm.org)|104.17.80.191|:443... connected.
HTTP request sent, awaiting response... 200 OK
Length: 123228 (120K) [image/jpeg]
Saving to: ‘../data/deliveryimages.acm.org/10.1145/3190000/3186964/images/www18companion-204-fig2.jpg’

     0K .......... .......... .......... .......... .......... 41% 49.9K 1s
    50K .......... .......... .......... .......... .......... 83%  319K 0s
   100K .......... ..........                                 100% 6.05M=1.2s

2018-05-16 14:43:18 (104 KB/s) - ‘../data/deliveryimages.acm.org/10.1145/3190000/3186964/images/www18companion-204-fig2.jpg’ saved [123228/123228]

--2018-05-16 14:43:18--  http://deliveryimages.acm.org/10.1145/3190000/3186964/images/www18companion-204-img1.svg
Connecting to deliveryimages.acm.org (deliveryimages.acm.org)|104.17.80.191|:80... connected.
HTTP request sent, awaiting response... 301 Moved Permanently
Location: https://deliveryimages.acm.org/10.1145/3190000/3186964/images/www18companion-204-img1.svg [following]
--2018-05-16 14:43:18--  https://deliveryimages.acm.org/10.1145/3190000/3186964/images/www18companion-204-img1.svg
Connecting to deliveryimages.acm.org (deliveryimages.acm.org)|104.17.80.191|:443... connected.
HTTP request sent, awaiting response... 200 OK
Length: 102028 (100K) [image/svg+xml]
Saving to: ‘../data/deliveryimages.acm.org/10.1145/3190000/3186964/images/www18companion-204-img1.svg’

     0K .......... .......... .......... .......... .......... 50% 1.55M 0s
    50K .......... .......... .......... .......... ......... 100% 3.78M=0.04s

2018-05-16 14:43:18 (2.19 MB/s) - ‘../data/deliveryimages.acm.org/10.1145/3190000/3186964/images/www18companion-204-img1.svg’ saved [102028/102028]

--2018-05-16 14:43:18--  http://deliveryimages.acm.org/10.1145/3190000/3186964/images/www18companion-204-fig3.jpg
Connecting to deliveryimages.acm.org (deliveryimages.acm.org)|104.17.80.191|:80... connected.
HTTP request sent, awaiting response... 301 Moved Permanently
Location: https://deliveryimages.acm.org/10.1145/3190000/3186964/images/www18companion-204-fig3.jpg [following]
--2018-05-16 14:43:18--  https://deliveryimages.acm.org/10.1145/3190000/3186964/images/www18companion-204-fig3.jpg
Connecting to deliveryimages.acm.org (deliveryimages.acm.org)|104.17.80.191|:443... connected.
HTTP request sent, awaiting response... 200 OK
Length: 165479 (162K) [image/jpeg]
Saving to: ‘../data/deliveryimages.acm.org/10.1145/3190000/3186964/images/www18companion-204-fig3.jpg’

     0K .......... .......... .......... .......... .......... 30% 1.08M 0s
    50K .......... .......... .......... .......... .......... 61% 4.53M 0s
   100K .......... .......... .......... .......... .......... 92% 4.00M 0s
   150K .......... .                                          100% 3.92M=0.07s

2018-05-16 14:43:18 (2.22 MB/s) - ‘../data/deliveryimages.acm.org/10.1145/3190000/3186964/images/www18companion-204-fig3.jpg’ saved [165479/165479]

--2018-05-16 14:43:18--  http://deliveryimages.acm.org/10.1145/3190000/3186964/images/www18companion-204-graphic6.jpg
Connecting to deliveryimages.acm.org (deliveryimages.acm.org)|104.17.80.191|:80... connected.
HTTP request sent, awaiting response... 301 Moved Permanently
Location: https://deliveryimages.acm.org/10.1145/3190000/3186964/images/www18companion-204-graphic6.jpg [following]
--2018-05-16 14:43:18--  https://deliveryimages.acm.org/10.1145/3190000/3186964/images/www18companion-204-graphic6.jpg
Connecting to deliveryimages.acm.org (deliveryimages.acm.org)|104.17.80.191|:443... connected.
HTTP request sent, awaiting response... 404 Not Found
2018-05-16 14:43:19 ERROR 404: Not Found.

--2018-05-16 14:43:19--  http://deliveryimages.acm.org/10.1145/3190000/3186964/images/www18companion-204-graphic7.jpg
Connecting to deliveryimages.acm.org (deliveryimages.acm.org)|104.17.80.191|:80... connected.
HTTP request sent, awaiting response... 301 Moved Permanently
Location: https://deliveryimages.acm.org/10.1145/3190000/3186964/images/www18companion-204-graphic7.jpg [following]
--2018-05-16 14:43:19--  https://deliveryimages.acm.org/10.1145/3190000/3186964/images/www18companion-204-graphic7.jpg
Connecting to deliveryimages.acm.org (deliveryimages.acm.org)|104.17.80.191|:443... connected.
HTTP request sent, awaiting response... 200 OK
Length: 929706 (908K) [image/jpeg]
Saving to: ‘../data/deliveryimages.acm.org/10.1145/3190000/3186964/images/www18companion-204-graphic7.jpg’

     0K .......... .......... .......... .......... ..........  5% 1.44M 1s
    50K .......... .......... .......... .......... .......... 11% 3.13M 0s
   100K .......... .......... .......... .......... .......... 16% 3.65M 0s
   150K .......... .......... .......... .......... .......... 22% 3.71M 0s
   200K .......... .......... .......... .......... .......... 27% 2.55M 0s
   250K .......... .......... .......... .......... .......... 33% 6.88M 0s
   300K .......... .......... .......... .......... .......... 38% 5.16M 0s
   350K .......... .......... .......... .......... .......... 44% 3.62M 0s
   400K .......... .......... .......... .......... .......... 49% 4.41M 0s
   450K .......... .......... .......... .......... .......... 55% 4.04M 0s
   500K .......... .......... .......... .......... .......... 60% 4.07M 0s
   550K .......... .......... .......... .......... .......... 66% 3.50M 0s
   600K .......... .......... .......... .......... .......... 71% 4.11M 0s
   650K .......... .......... .......... .......... .......... 77% 5.41M 0s
   700K .......... .......... .......... .......... .......... 82% 3.13M 0s
   750K .......... .......... .......... .......... .......... 88% 4.56M 0s
   800K .......... .......... .......... .......... .......... 93% 4.47M 0s
   850K .......... .......... .......... .......... .......... 99% 3.49M 0s
   900K .......                                               100%  153M=0.2s

2018-05-16 14:43:19 (3.60 MB/s) - ‘../data/deliveryimages.acm.org/10.1145/3190000/3186964/images/www18companion-204-graphic7.jpg’ saved [929706/929706]

--2018-05-16 14:43:19--  http://deliveryimages.acm.org/10.1145/3190000/3186964/images/www18companion-204-graphic8.jpg
Connecting to deliveryimages.acm.org (deliveryimages.acm.org)|104.17.80.191|:80... connected.
HTTP request sent, awaiting response... 301 Moved Permanently
Location: https://deliveryimages.acm.org/10.1145/3190000/3186964/images/www18companion-204-graphic8.jpg [following]
--2018-05-16 14:43:19--  https://deliveryimages.acm.org/10.1145/3190000/3186964/images/www18companion-204-graphic8.jpg
Connecting to deliveryimages.acm.org (deliveryimages.acm.org)|104.17.80.191|:443... connected.
HTTP request sent, awaiting response... 404 Not Found
2018-05-16 14:43:20 ERROR 404: Not Found.

FINISHED --2018-05-16 14:43:20--
Total wall clock time: 7.5s
Downloaded: 6 files, 1.5M in 4.4s (351 KB/s)
Converting links in ../data/delivery.acm.org/10.1145/3190000/3186964/p143-athreya.html?ip=24.48.71.56&id=3186964&acc=OPENTOC&key=4D4702B0C3E38B35.4D4702B0C3E38B35.4D4702B0C3E38B35.4DD68F0663C025AA&__acm__=1526496491_d6cd0d7510ed204f4352c9d65ec9656a... 55-0
Converted links in 1 files in 0.002 seconds.
