--2018-05-16 15:30:31--  http://delivery.acm.org/10.1145/3190000/3185969/p691-chargueraud.html?ip=24.48.71.56&id=3185969&acc=OPENTOC&key=4D4702B0C3E38B35%2E4D4702B0C3E38B35%2E4D4702B0C3E38B35%2E4DD68F0663C025AA&__acm__=1526499330_66c22d7981be7b461d17fa18e2a797b9
Resolving delivery.acm.org (delivery.acm.org)... 24.200.120.82, 24.200.120.90
Connecting to delivery.acm.org (delivery.acm.org)|24.200.120.82|:80... connected.
HTTP request sent, awaiting response... 200 OK
Length: 62125 (61K) [text/html]
Saving to: ‘../data/delivery.acm.org/10.1145/3190000/3185969/p691-chargueraud.html?ip=24.48.71.56&id=3185969&acc=OPENTOC&key=4D4702B0C3E38B35.4D4702B0C3E38B35.4D4702B0C3E38B35.4DD68F0663C025AA&__acm__=1526499330_66c22d7981be7b461d17fa18e2a797b9’

     0K .......... .......... .......... .......... .......... 82% 2.88M 0s
    50K ..........                                            100% 2.94M=0.02s

2018-05-16 15:30:31 (2.89 MB/s) - ‘../data/delivery.acm.org/10.1145/3190000/3185969/p691-chargueraud.html?ip=24.48.71.56&id=3185969&acc=OPENTOC&key=4D4702B0C3E38B35.4D4702B0C3E38B35.4D4702B0C3E38B35.4DD68F0663C025AA&__acm__=1526499330_66c22d7981be7b461d17fa18e2a797b9’ saved [62125/62125]

--2018-05-16 15:30:31--  http://deliveryimages.acm.org/10.1145/3190000/3185969/images/www18companion-30-fig1.jpg
Resolving deliveryimages.acm.org (deliveryimages.acm.org)... 104.17.80.191, 104.17.79.191
Connecting to deliveryimages.acm.org (deliveryimages.acm.org)|104.17.80.191|:80... connected.
HTTP request sent, awaiting response... 301 Moved Permanently
Location: https://deliveryimages.acm.org/10.1145/3190000/3185969/images/www18companion-30-fig1.jpg [following]
--2018-05-16 15:30:31--  https://deliveryimages.acm.org/10.1145/3190000/3185969/images/www18companion-30-fig1.jpg
Connecting to deliveryimages.acm.org (deliveryimages.acm.org)|104.17.80.191|:443... connected.
HTTP request sent, awaiting response... 200 OK
Length: 118117 (115K) [image/jpeg]
Saving to: ‘../data/deliveryimages.acm.org/10.1145/3190000/3185969/images/www18companion-30-fig1.jpg’

     0K .......... .......... .......... .......... .......... 43% 1.45M 0s
    50K .......... .......... .......... .......... .......... 86% 3.01M 0s
   100K .......... .....                                      100% 7.16M=0.05s

2018-05-16 15:30:31 (2.17 MB/s) - ‘../data/deliveryimages.acm.org/10.1145/3190000/3185969/images/www18companion-30-fig1.jpg’ saved [118117/118117]

--2018-05-16 15:30:31--  http://deliveryimages.acm.org/10.1145/3190000/3185969/images/www18companion-30-fig2.jpg
Connecting to deliveryimages.acm.org (deliveryimages.acm.org)|104.17.80.191|:80... connected.
HTTP request sent, awaiting response... 301 Moved Permanently
Location: https://deliveryimages.acm.org/10.1145/3190000/3185969/images/www18companion-30-fig2.jpg [following]
--2018-05-16 15:30:31--  https://deliveryimages.acm.org/10.1145/3190000/3185969/images/www18companion-30-fig2.jpg
Connecting to deliveryimages.acm.org (deliveryimages.acm.org)|104.17.80.191|:443... connected.
HTTP request sent, awaiting response... 200 OK
Length: 168275 (164K) [image/jpeg]
Saving to: ‘../data/deliveryimages.acm.org/10.1145/3190000/3185969/images/www18companion-30-fig2.jpg’

     0K .......... .......... .......... .......... .......... 30% 1.25M 0s
    50K .......... .......... .......... .......... .......... 60% 3.38M 0s
   100K .......... .......... .......... .......... .......... 91% 3.90M 0s
   150K .......... ....                                       100% 12.2M=0.07s

2018-05-16 15:30:31 (2.39 MB/s) - ‘../data/deliveryimages.acm.org/10.1145/3190000/3185969/images/www18companion-30-fig2.jpg’ saved [168275/168275]

--2018-05-16 15:30:31--  http://deliveryimages.acm.org/10.1145/3190000/3185969/images/www18companion-30-fig3.jpg
Connecting to deliveryimages.acm.org (deliveryimages.acm.org)|104.17.80.191|:80... connected.
HTTP request sent, awaiting response... 301 Moved Permanently
Location: https://deliveryimages.acm.org/10.1145/3190000/3185969/images/www18companion-30-fig3.jpg [following]
--2018-05-16 15:30:31--  https://deliveryimages.acm.org/10.1145/3190000/3185969/images/www18companion-30-fig3.jpg
Connecting to deliveryimages.acm.org (deliveryimages.acm.org)|104.17.80.191|:443... connected.
HTTP request sent, awaiting response... 200 OK
Length: 50717 (50K) [image/jpeg]
Saving to: ‘../data/deliveryimages.acm.org/10.1145/3190000/3185969/images/www18companion-30-fig3.jpg’

     0K .......... .......... .......... .......... ......... 100% 1.08M=0.04s

2018-05-16 15:30:32 (1.08 MB/s) - ‘../data/deliveryimages.acm.org/10.1145/3190000/3185969/images/www18companion-30-fig3.jpg’ saved [50717/50717]

--2018-05-16 15:30:32--  http://deliveryimages.acm.org/10.1145/3190000/3185969/images/www18companion-30-fig4.jpg
Connecting to deliveryimages.acm.org (deliveryimages.acm.org)|104.17.80.191|:80... connected.
HTTP request sent, awaiting response... 301 Moved Permanently
Location: https://deliveryimages.acm.org/10.1145/3190000/3185969/images/www18companion-30-fig4.jpg [following]
--2018-05-16 15:30:32--  https://deliveryimages.acm.org/10.1145/3190000/3185969/images/www18companion-30-fig4.jpg
Connecting to deliveryimages.acm.org (deliveryimages.acm.org)|104.17.80.191|:443... connected.
HTTP request sent, awaiting response... 200 OK
Length: 130242 (127K) [image/jpeg]
Saving to: ‘../data/deliveryimages.acm.org/10.1145/3190000/3185969/images/www18companion-30-fig4.jpg’

     0K .......... .......... .......... .......... .......... 39% 1.22M 0s
    50K .......... .......... .......... .......... .......... 78% 2.80M 0s
   100K .......... .......... .......                         100% 7.08M=0.06s

2018-05-16 15:30:32 (2.03 MB/s) - ‘../data/deliveryimages.acm.org/10.1145/3190000/3185969/images/www18companion-30-fig4.jpg’ saved [130242/130242]

--2018-05-16 15:30:32--  http://deliveryimages.acm.org/10.1145/3190000/3185969/images/www18companion-30-fig5.jpg
Connecting to deliveryimages.acm.org (deliveryimages.acm.org)|104.17.80.191|:80... connected.
HTTP request sent, awaiting response... 301 Moved Permanently
Location: https://deliveryimages.acm.org/10.1145/3190000/3185969/images/www18companion-30-fig5.jpg [following]
--2018-05-16 15:30:32--  https://deliveryimages.acm.org/10.1145/3190000/3185969/images/www18companion-30-fig5.jpg
Connecting to deliveryimages.acm.org (deliveryimages.acm.org)|104.17.80.191|:443... connected.
HTTP request sent, awaiting response... 200 OK
Length: 121369 (119K) [image/jpeg]
Saving to: ‘../data/deliveryimages.acm.org/10.1145/3190000/3185969/images/www18companion-30-fig5.jpg’

     0K .......... .......... .......... .......... .......... 42% 1.26M 0s
    50K .......... .......... .......... .......... .......... 84% 2.52M 0s
   100K .......... ........                                   100% 8.66M=0.06s

2018-05-16 15:30:32 (1.93 MB/s) - ‘../data/deliveryimages.acm.org/10.1145/3190000/3185969/images/www18companion-30-fig5.jpg’ saved [121369/121369]

--2018-05-16 15:30:32--  http://deliveryimages.acm.org/10.1145/3190000/3185969/images/www18companion-30-fig6.jpg
Connecting to deliveryimages.acm.org (deliveryimages.acm.org)|104.17.80.191|:80... connected.
HTTP request sent, awaiting response... 301 Moved Permanently
Location: https://deliveryimages.acm.org/10.1145/3190000/3185969/images/www18companion-30-fig6.jpg [following]
--2018-05-16 15:30:32--  https://deliveryimages.acm.org/10.1145/3190000/3185969/images/www18companion-30-fig6.jpg
Connecting to deliveryimages.acm.org (deliveryimages.acm.org)|104.17.80.191|:443... connected.
HTTP request sent, awaiting response... 200 OK
Length: 49729 (49K) [image/jpeg]
Saving to: ‘../data/deliveryimages.acm.org/10.1145/3190000/3185969/images/www18companion-30-fig6.jpg’

     0K .......... .......... .......... .......... ........  100% 1.02M=0.05s

2018-05-16 15:30:32 (1.02 MB/s) - ‘../data/deliveryimages.acm.org/10.1145/3190000/3185969/images/www18companion-30-fig6.jpg’ saved [49729/49729]

--2018-05-16 15:30:32--  http://deliveryimages.acm.org/10.1145/3190000/3185969/images/www18companion-30-fig7.jpg
Connecting to deliveryimages.acm.org (deliveryimages.acm.org)|104.17.80.191|:80... connected.
HTTP request sent, awaiting response... 301 Moved Permanently
Location: https://deliveryimages.acm.org/10.1145/3190000/3185969/images/www18companion-30-fig7.jpg [following]
--2018-05-16 15:30:32--  https://deliveryimages.acm.org/10.1145/3190000/3185969/images/www18companion-30-fig7.jpg
Connecting to deliveryimages.acm.org (deliveryimages.acm.org)|104.17.80.191|:443... connected.
HTTP request sent, awaiting response... 200 OK
Length: 69482 (68K) [image/jpeg]
Saving to: ‘../data/deliveryimages.acm.org/10.1145/3190000/3185969/images/www18companion-30-fig7.jpg’

     0K .......... .......... .......... .......... .......... 73% 1.27M 0s
    50K .......... .......                                    100% 2.25M=0.05s

2018-05-16 15:30:32 (1.43 MB/s) - ‘../data/deliveryimages.acm.org/10.1145/3190000/3185969/images/www18companion-30-fig7.jpg’ saved [69482/69482]

--2018-05-16 15:30:32--  http://deliveryimages.acm.org/10.1145/3190000/3185969/images/www18companion-30-fig8.jpg
Connecting to deliveryimages.acm.org (deliveryimages.acm.org)|104.17.80.191|:80... connected.
HTTP request sent, awaiting response... 301 Moved Permanently
Location: https://deliveryimages.acm.org/10.1145/3190000/3185969/images/www18companion-30-fig8.jpg [following]
--2018-05-16 15:30:32--  https://deliveryimages.acm.org/10.1145/3190000/3185969/images/www18companion-30-fig8.jpg
Connecting to deliveryimages.acm.org (deliveryimages.acm.org)|104.17.80.191|:443... connected.
HTTP request sent, awaiting response... 200 OK
Length: 97309 (95K) [image/jpeg]
Saving to: ‘../data/deliveryimages.acm.org/10.1145/3190000/3185969/images/www18companion-30-fig8.jpg’

     0K .......... .......... .......... .......... .......... 52% 1.77M 0s
    50K .......... .......... .......... .......... .....     100% 2.97M=0.04s

2018-05-16 15:30:33 (2.19 MB/s) - ‘../data/deliveryimages.acm.org/10.1145/3190000/3185969/images/www18companion-30-fig8.jpg’ saved [97309/97309]

--2018-05-16 15:30:33--  http://deliveryimages.acm.org/10.1145/3190000/3185969/images/www18companion-30-fig9.jpg
Connecting to deliveryimages.acm.org (deliveryimages.acm.org)|104.17.80.191|:80... connected.
HTTP request sent, awaiting response... 301 Moved Permanently
Location: https://deliveryimages.acm.org/10.1145/3190000/3185969/images/www18companion-30-fig9.jpg [following]
--2018-05-16 15:30:33--  https://deliveryimages.acm.org/10.1145/3190000/3185969/images/www18companion-30-fig9.jpg
Connecting to deliveryimages.acm.org (deliveryimages.acm.org)|104.17.80.191|:443... connected.
HTTP request sent, awaiting response... 200 OK
Length: 29340 (29K) [image/jpeg]
Saving to: ‘../data/deliveryimages.acm.org/10.1145/3190000/3185969/images/www18companion-30-fig9.jpg’

     0K .......... .......... ........                        100% 1.66M=0.02s

2018-05-16 15:30:33 (1.66 MB/s) - ‘../data/deliveryimages.acm.org/10.1145/3190000/3185969/images/www18companion-30-fig9.jpg’ saved [29340/29340]

--2018-05-16 15:30:33--  http://deliveryimages.acm.org/10.1145/3190000/3185969/images/www18companion-30-fig10.jpg
Connecting to deliveryimages.acm.org (deliveryimages.acm.org)|104.17.80.191|:80... connected.
HTTP request sent, awaiting response... 301 Moved Permanently
Location: https://deliveryimages.acm.org/10.1145/3190000/3185969/images/www18companion-30-fig10.jpg [following]
--2018-05-16 15:30:33--  https://deliveryimages.acm.org/10.1145/3190000/3185969/images/www18companion-30-fig10.jpg
Connecting to deliveryimages.acm.org (deliveryimages.acm.org)|104.17.80.191|:443... connected.
HTTP request sent, awaiting response... 200 OK
Length: 52728 (51K) [image/jpeg]
Saving to: ‘../data/deliveryimages.acm.org/10.1145/3190000/3185969/images/www18companion-30-fig10.jpg’

     0K .......... .......... .......... .......... .......... 97% 1.56M 0s
    50K .                                                     100% 25.1M=0.03s

2018-05-16 15:30:33 (1.60 MB/s) - ‘../data/deliveryimages.acm.org/10.1145/3190000/3185969/images/www18companion-30-fig10.jpg’ saved [52728/52728]

--2018-05-16 15:30:33--  http://deliveryimages.acm.org/10.1145/3190000/3185969/images/www18companion-30-fig11.jpg
Connecting to deliveryimages.acm.org (deliveryimages.acm.org)|104.17.80.191|:80... connected.
HTTP request sent, awaiting response... 301 Moved Permanently
Location: https://deliveryimages.acm.org/10.1145/3190000/3185969/images/www18companion-30-fig11.jpg [following]
--2018-05-16 15:30:33--  https://deliveryimages.acm.org/10.1145/3190000/3185969/images/www18companion-30-fig11.jpg
Connecting to deliveryimages.acm.org (deliveryimages.acm.org)|104.17.80.191|:443... connected.
HTTP request sent, awaiting response... 200 OK
Length: 52996 (52K) [image/jpeg]
Saving to: ‘../data/deliveryimages.acm.org/10.1145/3190000/3185969/images/www18companion-30-fig11.jpg’

     0K .......... .......... .......... .......... .......... 96% 1.19M 0s
    50K .                                                     100% 30.7M=0.04s

2018-05-16 15:30:33 (1.23 MB/s) - ‘../data/deliveryimages.acm.org/10.1145/3190000/3185969/images/www18companion-30-fig11.jpg’ saved [52996/52996]

--2018-05-16 15:30:33--  http://deliveryimages.acm.org/10.1145/3190000/3185969/images/www18companion-30-fig12.jpg
Connecting to deliveryimages.acm.org (deliveryimages.acm.org)|104.17.80.191|:80... connected.
HTTP request sent, awaiting response... 301 Moved Permanently
Location: https://deliveryimages.acm.org/10.1145/3190000/3185969/images/www18companion-30-fig12.jpg [following]
--2018-05-16 15:30:33--  https://deliveryimages.acm.org/10.1145/3190000/3185969/images/www18companion-30-fig12.jpg
Connecting to deliveryimages.acm.org (deliveryimages.acm.org)|104.17.80.191|:443... connected.
HTTP request sent, awaiting response... 200 OK
Length: 51862 (51K) [image/jpeg]
Saving to: ‘../data/deliveryimages.acm.org/10.1145/3190000/3185969/images/www18companion-30-fig12.jpg’

     0K .......... .......... .......... .......... .......... 98% 1.74M 0s
    50K                                                       100% 13.5M=0.03s

2018-05-16 15:30:33 (1.76 MB/s) - ‘../data/deliveryimages.acm.org/10.1145/3190000/3185969/images/www18companion-30-fig12.jpg’ saved [51862/51862]

--2018-05-16 15:30:33--  http://deliveryimages.acm.org/10.1145/3190000/3185969/images/www18companion-30-fig13.jpg
Connecting to deliveryimages.acm.org (deliveryimages.acm.org)|104.17.80.191|:80... connected.
HTTP request sent, awaiting response... 301 Moved Permanently
Location: https://deliveryimages.acm.org/10.1145/3190000/3185969/images/www18companion-30-fig13.jpg [following]
--2018-05-16 15:30:33--  https://deliveryimages.acm.org/10.1145/3190000/3185969/images/www18companion-30-fig13.jpg
Connecting to deliveryimages.acm.org (deliveryimages.acm.org)|104.17.80.191|:443... connected.
HTTP request sent, awaiting response... 200 OK
Length: 61850 (60K) [image/jpeg]
Saving to: ‘../data/deliveryimages.acm.org/10.1145/3190000/3185969/images/www18companion-30-fig13.jpg’

     0K .......... .......... .......... .......... .......... 82% 1.12M 0s
    50K ..........                                            100% 13.5M=0.04s

2018-05-16 15:30:34 (1.33 MB/s) - ‘../data/deliveryimages.acm.org/10.1145/3190000/3185969/images/www18companion-30-fig13.jpg’ saved [61850/61850]

--2018-05-16 15:30:34--  http://deliveryimages.acm.org/10.1145/3190000/3185969/images/www18companion-30-fig14.jpg
Connecting to deliveryimages.acm.org (deliveryimages.acm.org)|104.17.80.191|:80... connected.
HTTP request sent, awaiting response... 301 Moved Permanently
Location: https://deliveryimages.acm.org/10.1145/3190000/3185969/images/www18companion-30-fig14.jpg [following]
--2018-05-16 15:30:34--  https://deliveryimages.acm.org/10.1145/3190000/3185969/images/www18companion-30-fig14.jpg
Connecting to deliveryimages.acm.org (deliveryimages.acm.org)|104.17.80.191|:443... connected.
HTTP request sent, awaiting response... 200 OK
Length: 48184 (47K) [image/jpeg]
Saving to: ‘../data/deliveryimages.acm.org/10.1145/3190000/3185969/images/www18companion-30-fig14.jpg’

     0K .......... .......... .......... .......... .......   100% 1.45M=0.03s

2018-05-16 15:30:34 (1.45 MB/s) - ‘../data/deliveryimages.acm.org/10.1145/3190000/3185969/images/www18companion-30-fig14.jpg’ saved [48184/48184]

--2018-05-16 15:30:34--  http://deliveryimages.acm.org/10.1145/3190000/3185969/images/www18companion-30-fig15.jpg
Connecting to deliveryimages.acm.org (deliveryimages.acm.org)|104.17.80.191|:80... connected.
HTTP request sent, awaiting response... 301 Moved Permanently
Location: https://deliveryimages.acm.org/10.1145/3190000/3185969/images/www18companion-30-fig15.jpg [following]
--2018-05-16 15:30:34--  https://deliveryimages.acm.org/10.1145/3190000/3185969/images/www18companion-30-fig15.jpg
Connecting to deliveryimages.acm.org (deliveryimages.acm.org)|104.17.80.191|:443... connected.
HTTP request sent, awaiting response... 200 OK
Length: 120204 (117K) [image/jpeg]
Saving to: ‘../data/deliveryimages.acm.org/10.1145/3190000/3185969/images/www18companion-30-fig15.jpg’

     0K .......... .......... .......... .......... .......... 42% 1.83M 0s
    50K .......... .......... .......... .......... .......... 85% 3.21M 0s
   100K .......... .......                                    100% 6.14M=0.04s

2018-05-16 15:30:34 (2.57 MB/s) - ‘../data/deliveryimages.acm.org/10.1145/3190000/3185969/images/www18companion-30-fig15.jpg’ saved [120204/120204]

FINISHED --2018-05-16 15:30:34--
Total wall clock time: 3.3s
Downloaded: 16 files, 1.2M in 0.7s (1.80 MB/s)
Converting links in ../data/delivery.acm.org/10.1145/3190000/3185969/p691-chargueraud.html?ip=24.48.71.56&id=3185969&acc=OPENTOC&key=4D4702B0C3E38B35.4D4702B0C3E38B35.4D4702B0C3E38B35.4DD68F0663C025AA&__acm__=1526499330_66c22d7981be7b461d17fa18e2a797b9... 79-0
Converted links in 1 files in 0.003 seconds.
