--2018-05-16 15:12:26--  http://delivery.acm.org/10.1145/3200000/3192322/p1651-li.pdf?ip=24.48.71.56&id=3192322&acc=OPENTOC&key=4D4702B0C3E38B35%2E4D4702B0C3E38B35%2E4D4702B0C3E38B35%2E4DD68F0663C025AA&__acm__=1526498245_162efa24b3ac304cb97c8d4a09497ed6
Resolving delivery.acm.org (delivery.acm.org)... 24.200.120.90, 24.200.120.82
Connecting to delivery.acm.org (delivery.acm.org)|24.200.120.90|:80... connected.
HTTP request sent, awaiting response... 200 OK
Length: 1266050 (1.2M) [application/pdf]
Saving to: ‘../data/delivery.acm.org/10.1145/3200000/3192322/p1651-li.pdf?ip=24.48.71.56&id=3192322&acc=OPENTOC&key=4D4702B0C3E38B35.4D4702B0C3E38B35.4D4702B0C3E38B35.4DD68F0663C025AA&__acm__=1526498245_162efa24b3ac304cb97c8d4a09497ed6’

     0K .......... .......... .......... .......... ..........  4% 76.2K 16s
    50K .......... .......... .......... .......... ..........  8% 77.3K 15s
   100K .......... .......... .......... .......... .......... 12% 58.8K 16s
   150K .......... .......... .......... .......... .......... 16% 21.0K 23s
   200K .......... .......... .......... .......... .......... 20% 49.1K 22s
   250K .......... .......... .......... .......... .......... 24% 68.0K 20s
   300K .......... .......... .......... .......... .......... 28% 26.9K 21s
   350K .......... .......... .......... .......... .......... 32% 37.6K 20s
   400K .......... .......... .......... .......... .......... 36% 57.7K 18s
   450K .......... .......... .......... .......... .......... 40% 37.4K 17s
   500K .......... .......... .......... .......... .......... 44% 64.1K 16s
   550K .......... .......... .......... .......... .......... 48% 46.5K 14s
   600K .......... .......... .......... .......... .......... 52% 23.4K 14s
   650K .......... .......... .......... .......... .......... 56% 87.7K 12s
   700K .......... .......... .......... .......... .......... 60%  168K 11s
   750K .......... .......... .......... .......... .......... 64%  153K 9s
   800K .......... .......... .......... .......... .......... 68%  194K 8s
   850K .......... .......... .......... .......... .......... 72%  150K 7s
   900K .......... .......... .......... .......... .......... 76% 30.3K 6s
   950K .......... .......... .......... .......... .......... 80% 94.4K 5s
  1000K .......... .......... .......... .......... .......... 84% 72.9K 4s
  1050K .......... .......... .......... .......... .......... 88% 68.6K 3s
  1100K .......... .......... .......... .......... .......... 93% 82.3K 2s
  1150K .......... .......... .......... .......... .......... 97% 49.5K 1s
  1200K .......... .......... .......... ......               100% 55.9K=23s

2018-05-16 15:12:49 (53.0 KB/s) - ‘../data/delivery.acm.org/10.1145/3200000/3192322/p1651-li.pdf?ip=24.48.71.56&id=3192322&acc=OPENTOC&key=4D4702B0C3E38B35.4D4702B0C3E38B35.4D4702B0C3E38B35.4DD68F0663C025AA&__acm__=1526498245_162efa24b3ac304cb97c8d4a09497ed6’ saved [1266050/1266050]

FINISHED --2018-05-16 15:12:49--
Total wall clock time: 24s
Downloaded: 1 files, 1.2M in 23s (53.0 KB/s)
Converted links in 0 files in 0 seconds.
