--2018-05-16 14:40:46--  http://delivery.acm.org/10.1145/3190000/3186062/p1501-lin.html?ip=24.48.71.56&id=3186062&acc=OPENTOC&key=4D4702B0C3E38B35%2E4D4702B0C3E38B35%2E4D4702B0C3E38B35%2E4DD68F0663C025AA&__acm__=1526496345_6babb3484e0ca2b9aa39ad9bacfd14ed
Resolving delivery.acm.org (delivery.acm.org)... 24.200.120.90, 24.200.120.82
Connecting to delivery.acm.org (delivery.acm.org)|24.200.120.90|:80... connected.
HTTP request sent, awaiting response... 200 OK
Length: 91361 (89K) [text/html]
Saving to: ‘../data/delivery.acm.org/10.1145/3190000/3186062/p1501-lin.html?ip=24.48.71.56&id=3186062&acc=OPENTOC&key=4D4702B0C3E38B35.4D4702B0C3E38B35.4D4702B0C3E38B35.4DD68F0663C025AA&__acm__=1526496345_6babb3484e0ca2b9aa39ad9bacfd14ed’

     0K .......... .......... .......... .......... .......... 56%  182K 0s
    50K .......... .......... .......... .........            100% 36.4K=1.4s

2018-05-16 14:40:48 (66.0 KB/s) - ‘../data/delivery.acm.org/10.1145/3190000/3186062/p1501-lin.html?ip=24.48.71.56&id=3186062&acc=OPENTOC&key=4D4702B0C3E38B35.4D4702B0C3E38B35.4D4702B0C3E38B35.4DD68F0663C025AA&__acm__=1526496345_6babb3484e0ca2b9aa39ad9bacfd14ed’ saved [91361/91361]

--2018-05-16 14:40:48--  http://deliveryimages.acm.org/10.1145/3190000/3186062/images/www2018-71-fig1.jpg
Resolving deliveryimages.acm.org (deliveryimages.acm.org)... 104.17.80.191, 104.17.79.191
Connecting to deliveryimages.acm.org (deliveryimages.acm.org)|104.17.80.191|:80... connected.
HTTP request sent, awaiting response... 301 Moved Permanently
Location: https://deliveryimages.acm.org/10.1145/3190000/3186062/images/www2018-71-fig1.jpg [following]
--2018-05-16 14:40:48--  https://deliveryimages.acm.org/10.1145/3190000/3186062/images/www2018-71-fig1.jpg
Connecting to deliveryimages.acm.org (deliveryimages.acm.org)|104.17.80.191|:443... connected.
HTTP request sent, awaiting response... 200 OK
Length: 281386 (275K) [image/jpeg]
Saving to: ‘../data/deliveryimages.acm.org/10.1145/3190000/3186062/images/www2018-71-fig1.jpg’

     0K .......... .......... .......... .......... .......... 18% 1.52M 0s
    50K .......... .......... .......... .......... .......... 36% 2.48M 0s
   100K .......... .......... .......... .......... .......... 54% 6.52M 0s
   150K .......... .......... .......... .......... .......... 72% 4.64M 0s
   200K .......... .......... .......... .......... .......... 90% 3.06M 0s
   250K .......... .......... ....                            100% 9.20M=0.09s

2018-05-16 14:40:48 (3.03 MB/s) - ‘../data/deliveryimages.acm.org/10.1145/3190000/3186062/images/www2018-71-fig1.jpg’ saved [281386/281386]

--2018-05-16 14:40:48--  http://deliveryimages.acm.org/10.1145/3190000/3186062/images/www2018-71-fig2.jpg
Connecting to deliveryimages.acm.org (deliveryimages.acm.org)|104.17.80.191|:80... connected.
HTTP request sent, awaiting response... 301 Moved Permanently
Location: https://deliveryimages.acm.org/10.1145/3190000/3186062/images/www2018-71-fig2.jpg [following]
--2018-05-16 14:40:48--  https://deliveryimages.acm.org/10.1145/3190000/3186062/images/www2018-71-fig2.jpg
Connecting to deliveryimages.acm.org (deliveryimages.acm.org)|104.17.80.191|:443... connected.
HTTP request sent, awaiting response... 200 OK
Length: 174544 (170K) [image/jpeg]
Saving to: ‘../data/deliveryimages.acm.org/10.1145/3190000/3186062/images/www2018-71-fig2.jpg’

     0K .......... .......... .......... .......... .......... 29% 1.45M 0s
    50K .......... .......... .......... .......... .......... 58% 1.35M 0s
   100K .......... .......... .......... .......... .......... 88% 2.92M 0s
   150K .......... ..........                                 100% 45.7M=0.09s

2018-05-16 14:40:49 (1.91 MB/s) - ‘../data/deliveryimages.acm.org/10.1145/3190000/3186062/images/www2018-71-fig2.jpg’ saved [174544/174544]

--2018-05-16 14:40:49--  http://deliveryimages.acm.org/10.1145/3190000/3186062/images/www2018-71-fig3.jpg
Connecting to deliveryimages.acm.org (deliveryimages.acm.org)|104.17.80.191|:80... connected.
HTTP request sent, awaiting response... 301 Moved Permanently
Location: https://deliveryimages.acm.org/10.1145/3190000/3186062/images/www2018-71-fig3.jpg [following]
--2018-05-16 14:40:49--  https://deliveryimages.acm.org/10.1145/3190000/3186062/images/www2018-71-fig3.jpg
Connecting to deliveryimages.acm.org (deliveryimages.acm.org)|104.17.80.191|:443... connected.
HTTP request sent, awaiting response... 200 OK
Length: 155824 (152K) [image/jpeg]
Saving to: ‘../data/deliveryimages.acm.org/10.1145/3190000/3186062/images/www2018-71-fig3.jpg’

     0K .......... .......... .......... .......... .......... 32% 1.67M 0s
    50K .......... .......... .......... .......... .......... 65% 2.21M 0s
   100K .......... .......... .......... .......... .......... 98% 4.25M 0s
   150K ..                                                    100% 4143G=0.06s

2018-05-16 14:40:49 (2.36 MB/s) - ‘../data/deliveryimages.acm.org/10.1145/3190000/3186062/images/www2018-71-fig3.jpg’ saved [155824/155824]

--2018-05-16 14:40:49--  http://deliveryimages.acm.org/10.1145/3190000/3186062/images/www2018-71-fig4.jpg
Connecting to deliveryimages.acm.org (deliveryimages.acm.org)|104.17.80.191|:80... connected.
HTTP request sent, awaiting response... 301 Moved Permanently
Location: https://deliveryimages.acm.org/10.1145/3190000/3186062/images/www2018-71-fig4.jpg [following]
--2018-05-16 14:40:49--  https://deliveryimages.acm.org/10.1145/3190000/3186062/images/www2018-71-fig4.jpg
Connecting to deliveryimages.acm.org (deliveryimages.acm.org)|104.17.80.191|:443... connected.
HTTP request sent, awaiting response... 200 OK
Length: 127739 (125K) [image/jpeg]
Saving to: ‘../data/deliveryimages.acm.org/10.1145/3190000/3186062/images/www2018-71-fig4.jpg’

     0K .......... .......... .......... .......... .......... 40% 1.67M 0s
    50K .......... .......... .......... .......... .......... 80% 3.67M 0s
   100K .......... .......... ....                            100% 4.96M=0.05s

2018-05-16 14:40:49 (2.57 MB/s) - ‘../data/deliveryimages.acm.org/10.1145/3190000/3186062/images/www2018-71-fig4.jpg’ saved [127739/127739]

--2018-05-16 14:40:49--  http://deliveryimages.acm.org/10.1145/3190000/3186062/images/www2018-71-fig5.jpg
Connecting to deliveryimages.acm.org (deliveryimages.acm.org)|104.17.80.191|:80... connected.
HTTP request sent, awaiting response... 301 Moved Permanently
Location: https://deliveryimages.acm.org/10.1145/3190000/3186062/images/www2018-71-fig5.jpg [following]
--2018-05-16 14:40:49--  https://deliveryimages.acm.org/10.1145/3190000/3186062/images/www2018-71-fig5.jpg
Connecting to deliveryimages.acm.org (deliveryimages.acm.org)|104.17.80.191|:443... connected.
HTTP request sent, awaiting response... 200 OK
Length: 103405 (101K) [image/jpeg]
Saving to: ‘../data/deliveryimages.acm.org/10.1145/3190000/3186062/images/www2018-71-fig5.jpg’

     0K .......... .......... .......... .......... .......... 49% 1.42M 0s
    50K .......... .......... .......... .......... .......... 99% 3.34M 0s
   100K                                                       100% 1872G=0.05s

2018-05-16 14:40:50 (2.01 MB/s) - ‘../data/deliveryimages.acm.org/10.1145/3190000/3186062/images/www2018-71-fig5.jpg’ saved [103405/103405]

--2018-05-16 14:40:50--  http://deliveryimages.acm.org/10.1145/3190000/3186062/images/www2018-71-fig6.jpg
Connecting to deliveryimages.acm.org (deliveryimages.acm.org)|104.17.80.191|:80... connected.
HTTP request sent, awaiting response... 301 Moved Permanently
Location: https://deliveryimages.acm.org/10.1145/3190000/3186062/images/www2018-71-fig6.jpg [following]
--2018-05-16 14:40:50--  https://deliveryimages.acm.org/10.1145/3190000/3186062/images/www2018-71-fig6.jpg
Connecting to deliveryimages.acm.org (deliveryimages.acm.org)|104.17.80.191|:443... connected.
HTTP request sent, awaiting response... 200 OK
Length: 119519 (117K) [image/jpeg]
Saving to: ‘../data/deliveryimages.acm.org/10.1145/3190000/3186062/images/www2018-71-fig6.jpg’

     0K .......... .......... .......... .......... .......... 42% 1.53M 0s
    50K .......... .......... .......... .......... .......... 85% 2.82M 0s
   100K .......... ......                                     100% 2.23M=0.06s

2018-05-16 14:40:50 (2.01 MB/s) - ‘../data/deliveryimages.acm.org/10.1145/3190000/3186062/images/www2018-71-fig6.jpg’ saved [119519/119519]

--2018-05-16 14:40:50--  http://deliveryimages.acm.org/10.1145/3190000/3186062/images/www2018-71-fig7.jpg
Connecting to deliveryimages.acm.org (deliveryimages.acm.org)|104.17.80.191|:80... connected.
HTTP request sent, awaiting response... 301 Moved Permanently
Location: https://deliveryimages.acm.org/10.1145/3190000/3186062/images/www2018-71-fig7.jpg [following]
--2018-05-16 14:40:50--  https://deliveryimages.acm.org/10.1145/3190000/3186062/images/www2018-71-fig7.jpg
Connecting to deliveryimages.acm.org (deliveryimages.acm.org)|104.17.80.191|:443... connected.
HTTP request sent, awaiting response... 200 OK
Length: 77184 (75K) [image/jpeg]
Saving to: ‘../data/deliveryimages.acm.org/10.1145/3190000/3186062/images/www2018-71-fig7.jpg’

     0K .......... .......... .......... .......... .......... 66% 1.32M 0s
    50K .......... .......... .....                           100% 5.86M=0.04s

2018-05-16 14:40:50 (1.79 MB/s) - ‘../data/deliveryimages.acm.org/10.1145/3190000/3186062/images/www2018-71-fig7.jpg’ saved [77184/77184]

--2018-05-16 14:40:50--  http://deliveryimages.acm.org/10.1145/3190000/3186062/images/www2018-71-fig8.jpg
Connecting to deliveryimages.acm.org (deliveryimages.acm.org)|104.17.80.191|:80... connected.
HTTP request sent, awaiting response... 301 Moved Permanently
Location: https://deliveryimages.acm.org/10.1145/3190000/3186062/images/www2018-71-fig8.jpg [following]
--2018-05-16 14:40:50--  https://deliveryimages.acm.org/10.1145/3190000/3186062/images/www2018-71-fig8.jpg
Connecting to deliveryimages.acm.org (deliveryimages.acm.org)|104.17.80.191|:443... connected.
HTTP request sent, awaiting response... 200 OK
Length: 350701 (342K) [image/jpeg]
Saving to: ‘../data/deliveryimages.acm.org/10.1145/3190000/3186062/images/www2018-71-fig8.jpg’

     0K .......... .......... .......... .......... .......... 14% 1.61M 0s
    50K .......... .......... .......... .......... .......... 29% 3.63M 0s
   100K .......... .......... .......... .......... .......... 43% 4.98M 0s
   150K .......... .......... .......... .......... .......... 58% 3.79M 0s
   200K .......... .......... .......... .......... .......... 72% 4.22M 0s
   250K .......... .......... .......... .......... .......... 87% 4.57M 0s
   300K .......... .......... .......... .......... ..        100% 3.92M=0.1s

2018-05-16 14:40:51 (3.37 MB/s) - ‘../data/deliveryimages.acm.org/10.1145/3190000/3186062/images/www2018-71-fig8.jpg’ saved [350701/350701]

--2018-05-16 14:40:51--  http://deliveryimages.acm.org/10.1145/3190000/3186062/images/www2018-71-fig9.jpg
Connecting to deliveryimages.acm.org (deliveryimages.acm.org)|104.17.80.191|:80... connected.
HTTP request sent, awaiting response... 301 Moved Permanently
Location: https://deliveryimages.acm.org/10.1145/3190000/3186062/images/www2018-71-fig9.jpg [following]
--2018-05-16 14:40:51--  https://deliveryimages.acm.org/10.1145/3190000/3186062/images/www2018-71-fig9.jpg
Connecting to deliveryimages.acm.org (deliveryimages.acm.org)|104.17.80.191|:443... connected.
HTTP request sent, awaiting response... 200 OK
Length: 89390 (87K) [image/jpeg]
Saving to: ‘../data/deliveryimages.acm.org/10.1145/3190000/3186062/images/www2018-71-fig9.jpg’

     0K .......... .......... .......... .......... .......... 57% 1.75M 0s
    50K .......... .......... .......... .......              100% 3.62M=0.04s

2018-05-16 14:40:51 (2.25 MB/s) - ‘../data/deliveryimages.acm.org/10.1145/3190000/3186062/images/www2018-71-fig9.jpg’ saved [89390/89390]

--2018-05-16 14:40:51--  http://deliveryimages.acm.org/10.1145/3190000/3186062/images/www2018-71-fig10.jpg
Connecting to deliveryimages.acm.org (deliveryimages.acm.org)|104.17.80.191|:80... connected.
HTTP request sent, awaiting response... 301 Moved Permanently
Location: https://deliveryimages.acm.org/10.1145/3190000/3186062/images/www2018-71-fig10.jpg [following]
--2018-05-16 14:40:51--  https://deliveryimages.acm.org/10.1145/3190000/3186062/images/www2018-71-fig10.jpg
Connecting to deliveryimages.acm.org (deliveryimages.acm.org)|104.17.80.191|:443... connected.
HTTP request sent, awaiting response... 200 OK
Length: 89082 (87K) [image/jpeg]
Saving to: ‘../data/deliveryimages.acm.org/10.1145/3190000/3186062/images/www2018-71-fig10.jpg’

     0K .......... .......... .......... .......... .......... 57% 1.63M 0s
    50K .......... .......... .......... ......               100% 2.76M=0.04s

2018-05-16 14:40:51 (1.98 MB/s) - ‘../data/deliveryimages.acm.org/10.1145/3190000/3186062/images/www2018-71-fig10.jpg’ saved [89082/89082]

--2018-05-16 14:40:51--  http://deliveryimages.acm.org/10.1145/3190000/3186062/images/www2018-71-fig11.jpg
Connecting to deliveryimages.acm.org (deliveryimages.acm.org)|104.17.80.191|:80... connected.
HTTP request sent, awaiting response... 301 Moved Permanently
Location: https://deliveryimages.acm.org/10.1145/3190000/3186062/images/www2018-71-fig11.jpg [following]
--2018-05-16 14:40:51--  https://deliveryimages.acm.org/10.1145/3190000/3186062/images/www2018-71-fig11.jpg
Connecting to deliveryimages.acm.org (deliveryimages.acm.org)|104.17.80.191|:443... connected.
HTTP request sent, awaiting response... 200 OK
Length: 181604 (177K) [image/jpeg]
Saving to: ‘../data/deliveryimages.acm.org/10.1145/3190000/3186062/images/www2018-71-fig11.jpg’

     0K .......... .......... .......... .......... .......... 28% 1.43M 0s
    50K .......... .......... .......... .......... .......... 56% 2.96M 0s
   100K .......... .......... .......... .......... .......... 84% 4.73M 0s
   150K .......... .......... .......                         100% 5.96M=0.07s

2018-05-16 14:40:51 (2.64 MB/s) - ‘../data/deliveryimages.acm.org/10.1145/3190000/3186062/images/www2018-71-fig11.jpg’ saved [181604/181604]

--2018-05-16 14:40:51--  http://deliveryimages.acm.org/10.1145/3190000/3186062/images/www2018-71-fig12.jpg
Connecting to deliveryimages.acm.org (deliveryimages.acm.org)|104.17.80.191|:80... connected.
HTTP request sent, awaiting response... 301 Moved Permanently
Location: https://deliveryimages.acm.org/10.1145/3190000/3186062/images/www2018-71-fig12.jpg [following]
--2018-05-16 14:40:51--  https://deliveryimages.acm.org/10.1145/3190000/3186062/images/www2018-71-fig12.jpg
Connecting to deliveryimages.acm.org (deliveryimages.acm.org)|104.17.80.191|:443... connected.
HTTP request sent, awaiting response... 200 OK
Length: 182548 (178K) [image/jpeg]
Saving to: ‘../data/deliveryimages.acm.org/10.1145/3190000/3186062/images/www2018-71-fig12.jpg’

     0K .......... .......... .......... .......... .......... 28% 1.60M 0s
    50K .......... .......... .......... .......... .......... 56% 3.68M 0s
   100K .......... .......... .......... .......... .......... 84% 3.81M 0s
   150K .......... .......... ........                        100% 4.47M=0.06s

2018-05-16 14:40:52 (2.77 MB/s) - ‘../data/deliveryimages.acm.org/10.1145/3190000/3186062/images/www2018-71-fig12.jpg’ saved [182548/182548]

FINISHED --2018-05-16 14:40:52--
Total wall clock time: 5.3s
Downloaded: 13 files, 1.9M in 2.1s (945 KB/s)
Converting links in ../data/delivery.acm.org/10.1145/3190000/3186062/p1501-lin.html?ip=24.48.71.56&id=3186062&acc=OPENTOC&key=4D4702B0C3E38B35.4D4702B0C3E38B35.4D4702B0C3E38B35.4DD68F0663C025AA&__acm__=1526496345_6babb3484e0ca2b9aa39ad9bacfd14ed... 142-0
Converted links in 1 files in 0.003 seconds.
