--2018-05-16 14:55:35--  http://delivery.acm.org/10.1145/3200000/3191637/p1757-chekol.html?ip=24.48.71.56&id=3191637&acc=OPENTOC&key=4D4702B0C3E38B35%2E4D4702B0C3E38B35%2E4D4702B0C3E38B35%2E4DD68F0663C025AA&__acm__=1526497234_8ac01ad06bd23eef8f45777ff60832c9
Resolving delivery.acm.org (delivery.acm.org)... 24.200.120.90, 24.200.120.82
Connecting to delivery.acm.org (delivery.acm.org)|24.200.120.90|:80... connected.
HTTP request sent, awaiting response... 200 OK
Length: 61845 (60K) [text/html]
Saving to: ‘../data/delivery.acm.org/10.1145/3200000/3191637/p1757-chekol.html?ip=24.48.71.56&id=3191637&acc=OPENTOC&key=4D4702B0C3E38B35.4D4702B0C3E38B35.4D4702B0C3E38B35.4DD68F0663C025AA&__acm__=1526497234_8ac01ad06bd23eef8f45777ff60832c9’

     0K .......... .......... .......... .......... .......... 82% 1009K 0s
    50K ..........                                            100% 3.51M=0.05s

2018-05-16 14:55:35 (1.12 MB/s) - ‘../data/delivery.acm.org/10.1145/3200000/3191637/p1757-chekol.html?ip=24.48.71.56&id=3191637&acc=OPENTOC&key=4D4702B0C3E38B35.4D4702B0C3E38B35.4D4702B0C3E38B35.4DD68F0663C025AA&__acm__=1526497234_8ac01ad06bd23eef8f45777ff60832c9’ saved [61845/61845]

--2018-05-16 14:55:35--  http://deliveryimages.acm.org/10.1145/3200000/3191637/images/www18companion-376-fig1.jpg
Resolving deliveryimages.acm.org (deliveryimages.acm.org)... 104.17.79.191, 104.17.80.191
Connecting to deliveryimages.acm.org (deliveryimages.acm.org)|104.17.79.191|:80... connected.
HTTP request sent, awaiting response... 301 Moved Permanently
Location: https://deliveryimages.acm.org/10.1145/3200000/3191637/images/www18companion-376-fig1.jpg [following]
--2018-05-16 14:55:35--  https://deliveryimages.acm.org/10.1145/3200000/3191637/images/www18companion-376-fig1.jpg
Connecting to deliveryimages.acm.org (deliveryimages.acm.org)|104.17.79.191|:443... connected.
HTTP request sent, awaiting response... 200 OK
Length: 78540 (77K) [image/jpeg]
Saving to: ‘../data/deliveryimages.acm.org/10.1145/3200000/3191637/images/www18companion-376-fig1.jpg’

     0K .......... .......... .......... .......... .......... 65% 1.11M 0s
    50K .......... .......... ......                          100% 57.1M=0.04s

2018-05-16 14:55:36 (1.69 MB/s) - ‘../data/deliveryimages.acm.org/10.1145/3200000/3191637/images/www18companion-376-fig1.jpg’ saved [78540/78540]

--2018-05-16 14:55:36--  http://deliveryimages.acm.org/10.1145/3200000/3191637/images/www18companion-376-fig2.svg
Connecting to deliveryimages.acm.org (deliveryimages.acm.org)|104.17.79.191|:80... connected.
HTTP request sent, awaiting response... 301 Moved Permanently
Location: https://deliveryimages.acm.org/10.1145/3200000/3191637/images/www18companion-376-fig2.svg [following]
--2018-05-16 14:55:36--  https://deliveryimages.acm.org/10.1145/3200000/3191637/images/www18companion-376-fig2.svg
Connecting to deliveryimages.acm.org (deliveryimages.acm.org)|104.17.79.191|:443... connected.
HTTP request sent, awaiting response... 200 OK
Length: 70551 (69K) [image/svg+xml]
Saving to: ‘../data/deliveryimages.acm.org/10.1145/3200000/3191637/images/www18companion-376-fig2.svg’

     0K .......... .......... .......... .......... .......... 72%  936K 0s
    50K .......... ........                                   100%  541K=0.09s

2018-05-16 14:55:36 (780 KB/s) - ‘../data/deliveryimages.acm.org/10.1145/3200000/3191637/images/www18companion-376-fig2.svg’ saved [70551/70551]

--2018-05-16 14:55:36--  http://deliveryimages.acm.org/10.1145/3200000/3191637/images/www18companion-376-img1.svg
Connecting to deliveryimages.acm.org (deliveryimages.acm.org)|104.17.79.191|:80... connected.
HTTP request sent, awaiting response... 301 Moved Permanently
Location: https://deliveryimages.acm.org/10.1145/3200000/3191637/images/www18companion-376-img1.svg [following]
--2018-05-16 14:55:36--  https://deliveryimages.acm.org/10.1145/3200000/3191637/images/www18companion-376-img1.svg
Connecting to deliveryimages.acm.org (deliveryimages.acm.org)|104.17.79.191|:443... connected.
HTTP request sent, awaiting response... 200 OK
Length: 21597 (21K) [image/svg+xml]
Saving to: ‘../data/deliveryimages.acm.org/10.1145/3200000/3191637/images/www18companion-376-img1.svg’

     0K .......... .......... .                               100% 1.62M=0.01s

2018-05-16 14:55:36 (1.62 MB/s) - ‘../data/deliveryimages.acm.org/10.1145/3200000/3191637/images/www18companion-376-img1.svg’ saved [21597/21597]

--2018-05-16 14:55:36--  http://deliveryimages.acm.org/10.1145/3200000/3191637/images/www18companion-376-img2.svg
Connecting to deliveryimages.acm.org (deliveryimages.acm.org)|104.17.79.191|:80... connected.
HTTP request sent, awaiting response... 301 Moved Permanently
Location: https://deliveryimages.acm.org/10.1145/3200000/3191637/images/www18companion-376-img2.svg [following]
--2018-05-16 14:55:36--  https://deliveryimages.acm.org/10.1145/3200000/3191637/images/www18companion-376-img2.svg
Connecting to deliveryimages.acm.org (deliveryimages.acm.org)|104.17.79.191|:443... connected.
HTTP request sent, awaiting response... 200 OK
Length: 12207 (12K) [image/svg+xml]
Saving to: ‘../data/deliveryimages.acm.org/10.1145/3200000/3191637/images/www18companion-376-img2.svg’

     0K .......... .                                          100% 7.02M=0.002s

2018-05-16 14:55:37 (7.02 MB/s) - ‘../data/deliveryimages.acm.org/10.1145/3200000/3191637/images/www18companion-376-img2.svg’ saved [12207/12207]

--2018-05-16 14:55:37--  http://deliveryimages.acm.org/10.1145/3200000/3191637/images/www18companion-376-img3.svg
Connecting to deliveryimages.acm.org (deliveryimages.acm.org)|104.17.79.191|:80... connected.
HTTP request sent, awaiting response... 301 Moved Permanently
Location: https://deliveryimages.acm.org/10.1145/3200000/3191637/images/www18companion-376-img3.svg [following]
--2018-05-16 14:55:37--  https://deliveryimages.acm.org/10.1145/3200000/3191637/images/www18companion-376-img3.svg
Connecting to deliveryimages.acm.org (deliveryimages.acm.org)|104.17.79.191|:443... connected.
HTTP request sent, awaiting response... 200 OK
Length: 15901 (16K) [image/svg+xml]
Saving to: ‘../data/deliveryimages.acm.org/10.1145/3200000/3191637/images/www18companion-376-img3.svg’

     0K .......... .....                                      100% 1.17M=0.01s

2018-05-16 14:55:37 (1.17 MB/s) - ‘../data/deliveryimages.acm.org/10.1145/3200000/3191637/images/www18companion-376-img3.svg’ saved [15901/15901]

--2018-05-16 14:55:37--  http://deliveryimages.acm.org/10.1145/3200000/3191637/images/www18companion-376-img4.svg
Connecting to deliveryimages.acm.org (deliveryimages.acm.org)|104.17.79.191|:80... connected.
HTTP request sent, awaiting response... 301 Moved Permanently
Location: https://deliveryimages.acm.org/10.1145/3200000/3191637/images/www18companion-376-img4.svg [following]
--2018-05-16 14:55:37--  https://deliveryimages.acm.org/10.1145/3200000/3191637/images/www18companion-376-img4.svg
Connecting to deliveryimages.acm.org (deliveryimages.acm.org)|104.17.79.191|:443... connected.
HTTP request sent, awaiting response... 200 OK
Length: 22614 (22K) [image/svg+xml]
Saving to: ‘../data/deliveryimages.acm.org/10.1145/3200000/3191637/images/www18companion-376-img4.svg’

     0K .......... .......... ..                              100%  881K=0.03s

2018-05-16 14:55:37 (881 KB/s) - ‘../data/deliveryimages.acm.org/10.1145/3200000/3191637/images/www18companion-376-img4.svg’ saved [22614/22614]

--2018-05-16 14:55:37--  http://deliveryimages.acm.org/10.1145/3200000/3191637/images/www18companion-376-img5.svg
Connecting to deliveryimages.acm.org (deliveryimages.acm.org)|104.17.79.191|:80... connected.
HTTP request sent, awaiting response... 301 Moved Permanently
Location: https://deliveryimages.acm.org/10.1145/3200000/3191637/images/www18companion-376-img5.svg [following]
--2018-05-16 14:55:37--  https://deliveryimages.acm.org/10.1145/3200000/3191637/images/www18companion-376-img5.svg
Connecting to deliveryimages.acm.org (deliveryimages.acm.org)|104.17.79.191|:443... connected.
HTTP request sent, awaiting response... 200 OK
Length: 34669 (34K) [image/svg+xml]
Saving to: ‘../data/deliveryimages.acm.org/10.1145/3200000/3191637/images/www18companion-376-img5.svg’

     0K .......... .......... .......... ...                  100%  750K=0.05s

2018-05-16 14:55:37 (750 KB/s) - ‘../data/deliveryimages.acm.org/10.1145/3200000/3191637/images/www18companion-376-img5.svg’ saved [34669/34669]

FINISHED --2018-05-16 14:55:37--
Total wall clock time: 2.4s
Downloaded: 8 files, 310K in 0.3s (1.07 MB/s)
Converting links in ../data/delivery.acm.org/10.1145/3200000/3191637/p1757-chekol.html?ip=24.48.71.56&id=3191637&acc=OPENTOC&key=4D4702B0C3E38B35.4D4702B0C3E38B35.4D4702B0C3E38B35.4DD68F0663C025AA&__acm__=1526497234_8ac01ad06bd23eef8f45777ff60832c9... 57-0
Converted links in 1 files in 0.002 seconds.
