--2018-05-16 15:16:27--  http://delivery.acm.org/10.1145/3200000/3191649/p1841-bermudez-edo.html?ip=24.48.71.56&id=3191649&acc=OPENTOC&key=4D4702B0C3E38B35%2E4D4702B0C3E38B35%2E4D4702B0C3E38B35%2E4DD68F0663C025AA&__acm__=1526498486_13042de46be3bb1efd6343760eee416b
Resolving delivery.acm.org (delivery.acm.org)... 24.200.120.90, 24.200.120.82
Connecting to delivery.acm.org (delivery.acm.org)|24.200.120.90|:80... connected.
HTTP request sent, awaiting response... 200 OK
Length: 41443 (40K) [text/html]
Saving to: ‘../data/delivery.acm.org/10.1145/3200000/3191649/p1841-bermudez-edo.html?ip=24.48.71.56&id=3191649&acc=OPENTOC&key=4D4702B0C3E38B35.4D4702B0C3E38B35.4D4702B0C3E38B35.4DD68F0663C025AA&__acm__=1526498486_13042de46be3bb1efd6343760eee416b’

     0K .......... .......... .......... ..........           100% 43.4K=0.9s

2018-05-16 15:16:29 (43.4 KB/s) - ‘../data/delivery.acm.org/10.1145/3200000/3191649/p1841-bermudez-edo.html?ip=24.48.71.56&id=3191649&acc=OPENTOC&key=4D4702B0C3E38B35.4D4702B0C3E38B35.4D4702B0C3E38B35.4DD68F0663C025AA&__acm__=1526498486_13042de46be3bb1efd6343760eee416b’ saved [41443/41443]

--2018-05-16 15:16:29--  http://deliveryimages.acm.org/10.1145/3200000/3191649/images/www18companion-388-fig1.jpg
Resolving deliveryimages.acm.org (deliveryimages.acm.org)... 104.17.79.191, 104.17.80.191
Connecting to deliveryimages.acm.org (deliveryimages.acm.org)|104.17.79.191|:80... connected.
HTTP request sent, awaiting response... 301 Moved Permanently
Location: https://deliveryimages.acm.org/10.1145/3200000/3191649/images/www18companion-388-fig1.jpg [following]
--2018-05-16 15:16:29--  https://deliveryimages.acm.org/10.1145/3200000/3191649/images/www18companion-388-fig1.jpg
Connecting to deliveryimages.acm.org (deliveryimages.acm.org)|104.17.79.191|:443... connected.
HTTP request sent, awaiting response... 200 OK
Length: 98073 (96K) [image/jpeg]
Saving to: ‘../data/deliveryimages.acm.org/10.1145/3200000/3191649/images/www18companion-388-fig1.jpg’

     0K .......... .......... .......... .......... .......... 52% 86.2K 1s
    50K .......... .......... .......... .......... .....     100%  111K=1.0s

2018-05-16 15:16:31 (96.4 KB/s) - ‘../data/deliveryimages.acm.org/10.1145/3200000/3191649/images/www18companion-388-fig1.jpg’ saved [98073/98073]

--2018-05-16 15:16:31--  http://deliveryimages.acm.org/10.1145/3200000/3191649/images/www18companion-388-fig2.jpg
Connecting to deliveryimages.acm.org (deliveryimages.acm.org)|104.17.79.191|:80... connected.
HTTP request sent, awaiting response... 301 Moved Permanently
Location: https://deliveryimages.acm.org/10.1145/3200000/3191649/images/www18companion-388-fig2.jpg [following]
--2018-05-16 15:16:31--  https://deliveryimages.acm.org/10.1145/3200000/3191649/images/www18companion-388-fig2.jpg
Connecting to deliveryimages.acm.org (deliveryimages.acm.org)|104.17.79.191|:443... connected.
HTTP request sent, awaiting response... 200 OK
Length: 349988 (342K) [image/jpeg]
Saving to: ‘../data/deliveryimages.acm.org/10.1145/3200000/3191649/images/www18companion-388-fig2.jpg’

     0K .......... .......... .......... .......... .......... 14% 84.6K 3s
    50K .......... .......... .......... .......... .......... 29%  108K 3s
   100K .......... .......... .......... .......... .......... 43% 1.62M 1s
   150K .......... .......... .......... .......... .......... 58% 83.5K 1s
   200K .......... .......... .......... .......... .......... 73% 55.0K 1s
   250K .......... .......... .......... .......... .......... 87% 54.5K 0s
   300K .......... .......... .......... .......... .         100%  151K=3.8s

2018-05-16 15:16:35 (90.3 KB/s) - ‘../data/deliveryimages.acm.org/10.1145/3200000/3191649/images/www18companion-388-fig2.jpg’ saved [349988/349988]

--2018-05-16 15:16:35--  http://deliveryimages.acm.org/10.1145/3200000/3191649/images/www18companion-388-fig3.jpg
Connecting to deliveryimages.acm.org (deliveryimages.acm.org)|104.17.79.191|:80... connected.
HTTP request sent, awaiting response... 301 Moved Permanently
Location: https://deliveryimages.acm.org/10.1145/3200000/3191649/images/www18companion-388-fig3.jpg [following]
--2018-05-16 15:16:35--  https://deliveryimages.acm.org/10.1145/3200000/3191649/images/www18companion-388-fig3.jpg
Connecting to deliveryimages.acm.org (deliveryimages.acm.org)|104.17.79.191|:443... connected.
HTTP request sent, awaiting response... 200 OK
Length: 348873 (341K) [image/jpeg]
Saving to: ‘../data/deliveryimages.acm.org/10.1145/3200000/3191649/images/www18companion-388-fig3.jpg’

     0K .......... .......... .......... .......... .......... 14% 2.07M 0s
    50K .......... .......... .......... .......... .......... 29% 2.67M 0s
   100K .......... .......... .......... .......... .......... 44% 3.48M 0s
   150K .......... .......... .......... .......... .......... 58% 5.86M 0s
   200K .......... .......... .......... .......... .......... 73% 1.88M 0s
   250K .......... .......... .......... .......... .......... 88% 3.03M 0s
   300K .......... .......... .......... ..........           100% 86.2M=0.1s

2018-05-16 15:16:35 (3.12 MB/s) - ‘../data/deliveryimages.acm.org/10.1145/3200000/3191649/images/www18companion-388-fig3.jpg’ saved [348873/348873]

--2018-05-16 15:16:35--  http://deliveryimages.acm.org/10.1145/3200000/3191649/images/www18companion-388-fig4.jpg
Connecting to deliveryimages.acm.org (deliveryimages.acm.org)|104.17.79.191|:80... connected.
HTTP request sent, awaiting response... 301 Moved Permanently
Location: https://deliveryimages.acm.org/10.1145/3200000/3191649/images/www18companion-388-fig4.jpg [following]
--2018-05-16 15:16:35--  https://deliveryimages.acm.org/10.1145/3200000/3191649/images/www18companion-388-fig4.jpg
Connecting to deliveryimages.acm.org (deliveryimages.acm.org)|104.17.79.191|:443... connected.
HTTP request sent, awaiting response... 200 OK
Length: 348261 (340K) [image/jpeg]
Saving to: ‘../data/deliveryimages.acm.org/10.1145/3200000/3191649/images/www18companion-388-fig4.jpg’

     0K .......... .......... .......... .......... .......... 14%  263K 1s
    50K .......... .......... .......... .......... .......... 29% 52.5K 3s
   100K .......... .......... .......... .......... .......... 44% 98.8K 2s
   150K .......... .......... .......... .......... .......... 58%  977K 1s
   200K .......... .......... .......... .......... .......... 73% 74.1K 1s
   250K .......... .......... .......... .......... .......... 88% 33.2K 1s
   300K .......... .......... .......... ..........           100% 24.3K=5.5s

2018-05-16 15:16:42 (61.4 KB/s) - ‘../data/deliveryimages.acm.org/10.1145/3200000/3191649/images/www18companion-388-fig4.jpg’ saved [348261/348261]

--2018-05-16 15:16:42--  http://deliveryimages.acm.org/10.1145/3200000/3191649/images/www18companion-388-fig5.jpg
Connecting to deliveryimages.acm.org (deliveryimages.acm.org)|104.17.79.191|:80... connected.
HTTP request sent, awaiting response... 301 Moved Permanently
Location: https://deliveryimages.acm.org/10.1145/3200000/3191649/images/www18companion-388-fig5.jpg [following]
--2018-05-16 15:16:42--  https://deliveryimages.acm.org/10.1145/3200000/3191649/images/www18companion-388-fig5.jpg
Connecting to deliveryimages.acm.org (deliveryimages.acm.org)|104.17.79.191|:443... connected.
HTTP request sent, awaiting response... 200 OK
Length: 41531 (41K) [image/jpeg]
Saving to: ‘../data/deliveryimages.acm.org/10.1145/3200000/3191649/images/www18companion-388-fig5.jpg’

     0K .......... .......... .......... ..........           100%  143K=0.3s

2018-05-16 15:16:42 (143 KB/s) - ‘../data/deliveryimages.acm.org/10.1145/3200000/3191649/images/www18companion-388-fig5.jpg’ saved [41531/41531]

FINISHED --2018-05-16 15:16:42--
Total wall clock time: 15s
Downloaded: 6 files, 1.2M in 12s (103 KB/s)
Converting links in ../data/delivery.acm.org/10.1145/3200000/3191649/p1841-bermudez-edo.html?ip=24.48.71.56&id=3191649&acc=OPENTOC&key=4D4702B0C3E38B35.4D4702B0C3E38B35.4D4702B0C3E38B35.4DD68F0663C025AA&__acm__=1526498486_13042de46be3bb1efd6343760eee416b... 48-0
Converted links in 1 files in 0.002 seconds.
