--2018-05-16 14:20:23--  http://delivery.acm.org/10.1145/3190000/3186110/p439-veldt.html?ip=24.48.71.56&id=3186110&acc=OPENTOC&key=4D4702B0C3E38B35%2E4D4702B0C3E38B35%2E4D4702B0C3E38B35%2E4DD68F0663C025AA&__acm__=1526495122_5f49ef77108befe6b0f4f676d9860dfe
Resolving delivery.acm.org (delivery.acm.org)... 24.200.120.82, 24.200.120.90
Connecting to delivery.acm.org (delivery.acm.org)|24.200.120.82|:80... connected.
HTTP request sent, awaiting response... 200 OK
Length: 113251 (111K) [text/html]
Saving to: ‘../data/delivery.acm.org/10.1145/3190000/3186110/p439-veldt.html?ip=24.48.71.56&id=3186110&acc=OPENTOC&key=4D4702B0C3E38B35.4D4702B0C3E38B35.4D4702B0C3E38B35.4DD68F0663C025AA&__acm__=1526495122_5f49ef77108befe6b0f4f676d9860dfe’

     0K .......... .......... .......... .......... .......... 45% 1.07M 0s
    50K .......... .......... .......... .......... .......... 90% 22.2M 0s
   100K ..........                                            100%  179M=0.05s

2018-05-16 14:20:23 (2.25 MB/s) - ‘../data/delivery.acm.org/10.1145/3190000/3186110/p439-veldt.html?ip=24.48.71.56&id=3186110&acc=OPENTOC&key=4D4702B0C3E38B35.4D4702B0C3E38B35.4D4702B0C3E38B35.4DD68F0663C025AA&__acm__=1526495122_5f49ef77108befe6b0f4f676d9860dfe’ saved [113251/113251]

--2018-05-16 14:20:23--  http://deliveryimages.acm.org/10.1145/3190000/3186110/images/www2018-119-fig1.jpg
Resolving deliveryimages.acm.org (deliveryimages.acm.org)... 104.17.79.191, 104.17.80.191
Connecting to deliveryimages.acm.org (deliveryimages.acm.org)|104.17.79.191|:80... connected.
HTTP request sent, awaiting response... 301 Moved Permanently
Location: https://deliveryimages.acm.org/10.1145/3190000/3186110/images/www2018-119-fig1.jpg [following]
--2018-05-16 14:20:23--  https://deliveryimages.acm.org/10.1145/3190000/3186110/images/www2018-119-fig1.jpg
Connecting to deliveryimages.acm.org (deliveryimages.acm.org)|104.17.79.191|:443... connected.
HTTP request sent, awaiting response... 200 OK
Length: 34460 (34K) [image/jpeg]
Saving to: ‘../data/deliveryimages.acm.org/10.1145/3190000/3186110/images/www2018-119-fig1.jpg’

     0K .......... .......... .......... ...                  100% 1.46M=0.02s

2018-05-16 14:20:24 (1.46 MB/s) - ‘../data/deliveryimages.acm.org/10.1145/3190000/3186110/images/www2018-119-fig1.jpg’ saved [34460/34460]

--2018-05-16 14:20:24--  http://deliveryimages.acm.org/10.1145/3190000/3186110/images/www2018-119-fig2.jpg
Connecting to deliveryimages.acm.org (deliveryimages.acm.org)|104.17.79.191|:80... connected.
HTTP request sent, awaiting response... 301 Moved Permanently
Location: https://deliveryimages.acm.org/10.1145/3190000/3186110/images/www2018-119-fig2.jpg [following]
--2018-05-16 14:20:24--  https://deliveryimages.acm.org/10.1145/3190000/3186110/images/www2018-119-fig2.jpg
Connecting to deliveryimages.acm.org (deliveryimages.acm.org)|104.17.79.191|:443... connected.
HTTP request sent, awaiting response... 200 OK
Length: 32978 (32K) [image/jpeg]
Saving to: ‘../data/deliveryimages.acm.org/10.1145/3190000/3186110/images/www2018-119-fig2.jpg’

     0K .......... .......... .......... ..                   100% 1.10M=0.03s

2018-05-16 14:20:24 (1.10 MB/s) - ‘../data/deliveryimages.acm.org/10.1145/3190000/3186110/images/www2018-119-fig2.jpg’ saved [32978/32978]

--2018-05-16 14:20:24--  http://deliveryimages.acm.org/10.1145/3190000/3186110/images/www2018-119-img1.jpg
Connecting to deliveryimages.acm.org (deliveryimages.acm.org)|104.17.79.191|:80... connected.
HTTP request sent, awaiting response... 301 Moved Permanently
Location: https://deliveryimages.acm.org/10.1145/3190000/3186110/images/www2018-119-img1.jpg [following]
--2018-05-16 14:20:24--  https://deliveryimages.acm.org/10.1145/3190000/3186110/images/www2018-119-img1.jpg
Connecting to deliveryimages.acm.org (deliveryimages.acm.org)|104.17.79.191|:443... connected.
HTTP request sent, awaiting response... 200 OK
Length: 36100 (35K) [image/jpeg]
Saving to: ‘../data/deliveryimages.acm.org/10.1145/3190000/3186110/images/www2018-119-img1.jpg’

     0K .......... .......... .......... .....                100% 1.09M=0.03s

2018-05-16 14:20:24 (1.09 MB/s) - ‘../data/deliveryimages.acm.org/10.1145/3190000/3186110/images/www2018-119-img1.jpg’ saved [36100/36100]

--2018-05-16 14:20:24--  http://deliveryimages.acm.org/10.1145/3190000/3186110/images/www2018-119-fig3.jpg
Connecting to deliveryimages.acm.org (deliveryimages.acm.org)|104.17.79.191|:80... connected.
HTTP request sent, awaiting response... 301 Moved Permanently
Location: https://deliveryimages.acm.org/10.1145/3190000/3186110/images/www2018-119-fig3.jpg [following]
--2018-05-16 14:20:24--  https://deliveryimages.acm.org/10.1145/3190000/3186110/images/www2018-119-fig3.jpg
Connecting to deliveryimages.acm.org (deliveryimages.acm.org)|104.17.79.191|:443... connected.
HTTP request sent, awaiting response... 200 OK
Length: 103245 (101K) [image/jpeg]
Saving to: ‘../data/deliveryimages.acm.org/10.1145/3190000/3186110/images/www2018-119-fig3.jpg’

     0K .......... .......... .......... .......... .......... 49% 1.46M 0s
    50K .......... .......... .......... .......... .......... 99% 3.20M 0s
   100K                                                       100% 1574G=0.05s

2018-05-16 14:20:24 (2.02 MB/s) - ‘../data/deliveryimages.acm.org/10.1145/3190000/3186110/images/www2018-119-fig3.jpg’ saved [103245/103245]

--2018-05-16 14:20:24--  http://deliveryimages.acm.org/10.1145/3190000/3186110/images/www2018-119-fig4.jpg
Connecting to deliveryimages.acm.org (deliveryimages.acm.org)|104.17.79.191|:80... connected.
HTTP request sent, awaiting response... 301 Moved Permanently
Location: https://deliveryimages.acm.org/10.1145/3190000/3186110/images/www2018-119-fig4.jpg [following]
--2018-05-16 14:20:24--  https://deliveryimages.acm.org/10.1145/3190000/3186110/images/www2018-119-fig4.jpg
Connecting to deliveryimages.acm.org (deliveryimages.acm.org)|104.17.79.191|:443... connected.
HTTP request sent, awaiting response... 200 OK
Length: 60670 (59K) [image/jpeg]
Saving to: ‘../data/deliveryimages.acm.org/10.1145/3190000/3186110/images/www2018-119-fig4.jpg’

     0K .......... .......... .......... .......... .......... 84% 1.91M 0s
    50K .........                                             100% 2.31M=0.03s

2018-05-16 14:20:25 (1.96 MB/s) - ‘../data/deliveryimages.acm.org/10.1145/3190000/3186110/images/www2018-119-fig4.jpg’ saved [60670/60670]

--2018-05-16 14:20:25--  http://deliveryimages.acm.org/10.1145/3190000/3186110/images/www2018-119-fig5.jpg
Connecting to deliveryimages.acm.org (deliveryimages.acm.org)|104.17.79.191|:80... connected.
HTTP request sent, awaiting response... 301 Moved Permanently
Location: https://deliveryimages.acm.org/10.1145/3190000/3186110/images/www2018-119-fig5.jpg [following]
--2018-05-16 14:20:25--  https://deliveryimages.acm.org/10.1145/3190000/3186110/images/www2018-119-fig5.jpg
Connecting to deliveryimages.acm.org (deliveryimages.acm.org)|104.17.79.191|:443... connected.
HTTP request sent, awaiting response... 200 OK
Length: 98294 (96K) [image/jpeg]
Saving to: ‘../data/deliveryimages.acm.org/10.1145/3190000/3186110/images/www2018-119-fig5.jpg’

     0K .......... .......... .......... .......... .......... 52% 1.52M 0s
    50K .......... .......... .......... .......... .....     100% 3.56M=0.04s

2018-05-16 14:20:25 (2.10 MB/s) - ‘../data/deliveryimages.acm.org/10.1145/3190000/3186110/images/www2018-119-fig5.jpg’ saved [98294/98294]

FINISHED --2018-05-16 14:20:25--
Total wall clock time: 1.9s
Downloaded: 7 files, 468K in 0.3s (1.80 MB/s)
Converting links in ../data/delivery.acm.org/10.1145/3190000/3186110/p439-veldt.html?ip=24.48.71.56&id=3186110&acc=OPENTOC&key=4D4702B0C3E38B35.4D4702B0C3E38B35.4D4702B0C3E38B35.4DD68F0663C025AA&__acm__=1526495122_5f49ef77108befe6b0f4f676d9860dfe... 115-0
Converted links in 1 files in 0.004 seconds.
