--2018-05-16 14:31:04--  http://delivery.acm.org/10.1145/3190000/3186015/p1165-wang.html?ip=24.48.71.56&id=3186015&acc=OPENTOC&key=4D4702B0C3E38B35%2E4D4702B0C3E38B35%2E4D4702B0C3E38B35%2E4DD68F0663C025AA&__acm__=1526495762_d2a97bb2c1196f6f5cc42ccbe042c54f
Resolving delivery.acm.org (delivery.acm.org)... 24.200.120.82, 24.200.120.90
Connecting to delivery.acm.org (delivery.acm.org)|24.200.120.82|:80... connected.
HTTP request sent, awaiting response... 200 OK
Length: 84618 (83K) [text/html]
Saving to: ‘../data/delivery.acm.org/10.1145/3190000/3186015/p1165-wang.html?ip=24.48.71.56&id=3186015&acc=OPENTOC&key=4D4702B0C3E38B35.4D4702B0C3E38B35.4D4702B0C3E38B35.4DD68F0663C025AA&__acm__=1526495762_d2a97bb2c1196f6f5cc42ccbe042c54f’

     0K .......... .......... .......... .......... .......... 60% 3.10M 0s
    50K .......... .......... .......... ..                   100% 2.49M=0.03s

2018-05-16 14:31:04 (2.83 MB/s) - ‘../data/delivery.acm.org/10.1145/3190000/3186015/p1165-wang.html?ip=24.48.71.56&id=3186015&acc=OPENTOC&key=4D4702B0C3E38B35.4D4702B0C3E38B35.4D4702B0C3E38B35.4DD68F0663C025AA&__acm__=1526495762_d2a97bb2c1196f6f5cc42ccbe042c54f’ saved [84618/84618]

--2018-05-16 14:31:04--  http://deliveryimages.acm.org/10.1145/3190000/3186015/images/www2018-24-fig1.jpg
Resolving deliveryimages.acm.org (deliveryimages.acm.org)... 104.17.80.191, 104.17.79.191
Connecting to deliveryimages.acm.org (deliveryimages.acm.org)|104.17.80.191|:80... connected.
HTTP request sent, awaiting response... 301 Moved Permanently
Location: https://deliveryimages.acm.org/10.1145/3190000/3186015/images/www2018-24-fig1.jpg [following]
--2018-05-16 14:31:04--  https://deliveryimages.acm.org/10.1145/3190000/3186015/images/www2018-24-fig1.jpg
Connecting to deliveryimages.acm.org (deliveryimages.acm.org)|104.17.80.191|:443... connected.
HTTP request sent, awaiting response... 200 OK
Length: 55807 (54K) [image/jpeg]
Saving to: ‘../data/deliveryimages.acm.org/10.1145/3190000/3186015/images/www2018-24-fig1.jpg’

     0K .......... .......... .......... .......... .......... 91% 1.17M 0s
    50K ....                                                  100% 5.00M=0.04s

2018-05-16 14:31:04 (1.25 MB/s) - ‘../data/deliveryimages.acm.org/10.1145/3190000/3186015/images/www2018-24-fig1.jpg’ saved [55807/55807]

--2018-05-16 14:31:04--  http://deliveryimages.acm.org/10.1145/3190000/3186015/images/www2018-24-fig2.jpg
Connecting to deliveryimages.acm.org (deliveryimages.acm.org)|104.17.80.191|:80... connected.
HTTP request sent, awaiting response... 301 Moved Permanently
Location: https://deliveryimages.acm.org/10.1145/3190000/3186015/images/www2018-24-fig2.jpg [following]
--2018-05-16 14:31:04--  https://deliveryimages.acm.org/10.1145/3190000/3186015/images/www2018-24-fig2.jpg
Connecting to deliveryimages.acm.org (deliveryimages.acm.org)|104.17.80.191|:443... connected.
HTTP request sent, awaiting response... 200 OK
Length: 23263 (23K) [image/jpeg]
Saving to: ‘../data/deliveryimages.acm.org/10.1145/3190000/3186015/images/www2018-24-fig2.jpg’

     0K .......... .......... ..                              100%  676K=0.03s

2018-05-16 14:31:04 (676 KB/s) - ‘../data/deliveryimages.acm.org/10.1145/3190000/3186015/images/www2018-24-fig2.jpg’ saved [23263/23263]

--2018-05-16 14:31:04--  http://deliveryimages.acm.org/10.1145/3190000/3186015/images/www2018-24-img1.jpg
Connecting to deliveryimages.acm.org (deliveryimages.acm.org)|104.17.80.191|:80... connected.
HTTP request sent, awaiting response... 301 Moved Permanently
Location: https://deliveryimages.acm.org/10.1145/3190000/3186015/images/www2018-24-img1.jpg [following]
--2018-05-16 14:31:04--  https://deliveryimages.acm.org/10.1145/3190000/3186015/images/www2018-24-img1.jpg
Connecting to deliveryimages.acm.org (deliveryimages.acm.org)|104.17.80.191|:443... connected.
HTTP request sent, awaiting response... 200 OK
Length: 804220 (785K) [image/jpeg]
Saving to: ‘../data/deliveryimages.acm.org/10.1145/3190000/3186015/images/www2018-24-img1.jpg’

     0K .......... .......... .......... .......... ..........  6% 1.43M 1s
    50K .......... .......... .......... .......... .......... 12% 2.41M 0s
   100K .......... .......... .......... .......... .......... 19% 4.93M 0s
   150K .......... .......... .......... .......... .......... 25% 4.71M 0s
   200K .......... .......... .......... .......... .......... 31% 1.26M 0s
   250K .......... .......... .......... .......... .......... 38% 2.04M 0s
   300K .......... .......... .......... .......... .......... 44% 15.1M 0s
   350K .......... .......... .......... .......... .......... 50% 2.41M 0s
   400K .......... .......... .......... .......... .......... 57% 3.93M 0s
   450K .......... .......... .......... .......... .......... 63% 4.62M 0s
   500K .......... .......... .......... .......... .......... 70% 3.85M 0s
   550K .......... .......... .......... .......... .......... 76% 4.16M 0s
   600K .......... .......... .......... .......... .......... 82% 5.07M 0s
   650K .......... .......... .......... .......... .......... 89% 2.82M 0s
   700K .......... .......... .......... .......... .......... 95% 6.42M 0s
   750K .......... .......... .......... .....                100% 4.54M=0.3s

2018-05-16 14:31:05 (3.06 MB/s) - ‘../data/deliveryimages.acm.org/10.1145/3190000/3186015/images/www2018-24-img1.jpg’ saved [804220/804220]

--2018-05-16 14:31:05--  http://deliveryimages.acm.org/10.1145/3190000/3186015/images/www2018-24-img2.jpg
Connecting to deliveryimages.acm.org (deliveryimages.acm.org)|104.17.80.191|:80... connected.
HTTP request sent, awaiting response... 301 Moved Permanently
Location: https://deliveryimages.acm.org/10.1145/3190000/3186015/images/www2018-24-img2.jpg [following]
--2018-05-16 14:31:05--  https://deliveryimages.acm.org/10.1145/3190000/3186015/images/www2018-24-img2.jpg
Connecting to deliveryimages.acm.org (deliveryimages.acm.org)|104.17.80.191|:443... connected.
HTTP request sent, awaiting response... 200 OK
Length: 956831 (934K) [image/jpeg]
Saving to: ‘../data/deliveryimages.acm.org/10.1145/3190000/3186015/images/www2018-24-img2.jpg’

     0K .......... .......... .......... .......... ..........  5% 1.40M 1s
    50K .......... .......... .......... .......... .......... 10% 3.90M 0s
   100K .......... .......... .......... .......... .......... 16% 2.92M 0s
   150K .......... .......... .......... .......... .......... 21% 3.69M 0s
   200K .......... .......... .......... .......... .......... 26% 3.28M 0s
   250K .......... .......... .......... .......... .......... 32% 5.63M 0s
   300K .......... .......... .......... .......... .......... 37% 3.51M 0s
   350K .......... .......... .......... .......... .......... 42% 2.97M 0s
   400K .......... .......... .......... .......... .......... 48% 6.24M 0s
   450K .......... .......... .......... .......... .......... 53% 3.88M 0s
   500K .......... .......... .......... .......... .......... 58% 4.51M 0s
   550K .......... .......... .......... .......... .......... 64% 4.56M 0s
   600K .......... .......... .......... .......... .......... 69% 2.18M 0s
   650K .......... .......... .......... .......... .......... 74% 4.25M 0s
   700K .......... .......... .......... .......... .......... 80% 2.22M 0s
   750K .......... .......... .......... .......... .......... 85% 5.29M 0s
   800K .......... .......... .......... .......... .......... 90%  262M 0s
   850K .......... .......... .......... .......... .......... 96% 3.43M 0s
   900K .......... .......... .......... ....                 100%  155M=0.3s

2018-05-16 14:31:05 (3.61 MB/s) - ‘../data/deliveryimages.acm.org/10.1145/3190000/3186015/images/www2018-24-img2.jpg’ saved [956831/956831]

FINISHED --2018-05-16 14:31:05--
Total wall clock time: 1.9s
Downloaded: 5 files, 1.8M in 0.6s (3.02 MB/s)
Converting links in ../data/delivery.acm.org/10.1145/3190000/3186015/p1165-wang.html?ip=24.48.71.56&id=3186015&acc=OPENTOC&key=4D4702B0C3E38B35.4D4702B0C3E38B35.4D4702B0C3E38B35.4DD68F0663C025AA&__acm__=1526495762_d2a97bb2c1196f6f5cc42ccbe042c54f... 106-0
Converted links in 1 files in 0.002 seconds.
