--2018-05-16 15:00:56--  http://delivery.acm.org/10.1145/3200000/3191619/p1613-kumar.html?ip=24.48.71.56&id=3191619&acc=OPENTOC&key=4D4702B0C3E38B35%2E4D4702B0C3E38B35%2E4D4702B0C3E38B35%2E4DD68F0663C025AA&__acm__=1526497555_f935b07619195d1bf035c57d2e5fa5b7
Resolving delivery.acm.org (delivery.acm.org)... 24.200.120.82, 24.200.120.90
Connecting to delivery.acm.org (delivery.acm.org)|24.200.120.82|:80... connected.
HTTP request sent, awaiting response... 200 OK
Length: 63546 (62K) [text/html]
Saving to: ‘../data/delivery.acm.org/10.1145/3200000/3191619/p1613-kumar.html?ip=24.48.71.56&id=3191619&acc=OPENTOC&key=4D4702B0C3E38B35.4D4702B0C3E38B35.4D4702B0C3E38B35.4DD68F0663C025AA&__acm__=1526497555_f935b07619195d1bf035c57d2e5fa5b7’

     0K .......... .......... .......... .......... .......... 80% 2.11M 0s
    50K .......... ..                                         100% 2.05M=0.03s

2018-05-16 15:00:57 (2.10 MB/s) - ‘../data/delivery.acm.org/10.1145/3200000/3191619/p1613-kumar.html?ip=24.48.71.56&id=3191619&acc=OPENTOC&key=4D4702B0C3E38B35.4D4702B0C3E38B35.4D4702B0C3E38B35.4DD68F0663C025AA&__acm__=1526497555_f935b07619195d1bf035c57d2e5fa5b7’ saved [63546/63546]

--2018-05-16 15:00:57--  http://deliveryimages.acm.org/10.1145/3200000/3191619/images/www18companion-358-fig1.jpg
Resolving deliveryimages.acm.org (deliveryimages.acm.org)... 104.17.80.191, 104.17.79.191
Connecting to deliveryimages.acm.org (deliveryimages.acm.org)|104.17.80.191|:80... connected.
HTTP request sent, awaiting response... 301 Moved Permanently
Location: https://deliveryimages.acm.org/10.1145/3200000/3191619/images/www18companion-358-fig1.jpg [following]
--2018-05-16 15:00:57--  https://deliveryimages.acm.org/10.1145/3200000/3191619/images/www18companion-358-fig1.jpg
Connecting to deliveryimages.acm.org (deliveryimages.acm.org)|104.17.80.191|:443... connected.
HTTP request sent, awaiting response... 200 OK
Length: 189914 (185K) [image/jpeg]
Saving to: ‘../data/deliveryimages.acm.org/10.1145/3200000/3191619/images/www18companion-358-fig1.jpg’

     0K .......... .......... .......... .......... .......... 26% 1.23M 0s
    50K .......... .......... .......... .......... .......... 53% 5.80M 0s
   100K .......... .......... .......... .......... .......... 80% 2.03M 0s
   150K .......... .......... .......... .....                100% 80.8M=0.07s

2018-05-16 15:00:57 (2.49 MB/s) - ‘../data/deliveryimages.acm.org/10.1145/3200000/3191619/images/www18companion-358-fig1.jpg’ saved [189914/189914]

--2018-05-16 15:00:57--  http://deliveryimages.acm.org/10.1145/3200000/3191619/images/www18companion-358-fig2.jpg
Connecting to deliveryimages.acm.org (deliveryimages.acm.org)|104.17.80.191|:80... connected.
HTTP request sent, awaiting response... 301 Moved Permanently
Location: https://deliveryimages.acm.org/10.1145/3200000/3191619/images/www18companion-358-fig2.jpg [following]
--2018-05-16 15:00:57--  https://deliveryimages.acm.org/10.1145/3200000/3191619/images/www18companion-358-fig2.jpg
Connecting to deliveryimages.acm.org (deliveryimages.acm.org)|104.17.80.191|:443... connected.
HTTP request sent, awaiting response... 200 OK
Length: 23563 (23K) [image/jpeg]
Saving to: ‘../data/deliveryimages.acm.org/10.1145/3200000/3191619/images/www18companion-358-fig2.jpg’

     0K .......... .......... ...                             100% 1.03M=0.02s

2018-05-16 15:00:57 (1.03 MB/s) - ‘../data/deliveryimages.acm.org/10.1145/3200000/3191619/images/www18companion-358-fig2.jpg’ saved [23563/23563]

--2018-05-16 15:00:57--  http://deliveryimages.acm.org/10.1145/3200000/3191619/images/www18companion-358-fig3.jpg
Connecting to deliveryimages.acm.org (deliveryimages.acm.org)|104.17.80.191|:80... connected.
HTTP request sent, awaiting response... 301 Moved Permanently
Location: https://deliveryimages.acm.org/10.1145/3200000/3191619/images/www18companion-358-fig3.jpg [following]
--2018-05-16 15:00:57--  https://deliveryimages.acm.org/10.1145/3200000/3191619/images/www18companion-358-fig3.jpg
Connecting to deliveryimages.acm.org (deliveryimages.acm.org)|104.17.80.191|:443... connected.
HTTP request sent, awaiting response... 200 OK
Length: 97636 (95K) [image/jpeg]
Saving to: ‘../data/deliveryimages.acm.org/10.1145/3200000/3191619/images/www18companion-358-fig3.jpg’

     0K .......... .......... .......... .......... .......... 52% 1.54M 0s
    50K .......... .......... .......... .......... .....     100% 3.46M=0.04s

2018-05-16 15:00:58 (2.10 MB/s) - ‘../data/deliveryimages.acm.org/10.1145/3200000/3191619/images/www18companion-358-fig3.jpg’ saved [97636/97636]

--2018-05-16 15:00:58--  http://deliveryimages.acm.org/10.1145/3200000/3191619/images/www18companion-358-fig4.jpg
Connecting to deliveryimages.acm.org (deliveryimages.acm.org)|104.17.80.191|:80... connected.
HTTP request sent, awaiting response... 301 Moved Permanently
Location: https://deliveryimages.acm.org/10.1145/3200000/3191619/images/www18companion-358-fig4.jpg [following]
--2018-05-16 15:00:58--  https://deliveryimages.acm.org/10.1145/3200000/3191619/images/www18companion-358-fig4.jpg
Connecting to deliveryimages.acm.org (deliveryimages.acm.org)|104.17.80.191|:443... connected.
HTTP request sent, awaiting response... 200 OK
Length: 99128 (97K) [image/jpeg]
Saving to: ‘../data/deliveryimages.acm.org/10.1145/3200000/3191619/images/www18companion-358-fig4.jpg’

     0K .......... .......... .......... .......... .......... 51% 1.73M 0s
    50K .......... .......... .......... .......... ......    100% 2.08M=0.05s

2018-05-16 15:00:58 (1.89 MB/s) - ‘../data/deliveryimages.acm.org/10.1145/3200000/3191619/images/www18companion-358-fig4.jpg’ saved [99128/99128]

--2018-05-16 15:00:58--  http://deliveryimages.acm.org/10.1145/3200000/3191619/images/www18companion-358-graphic7.jpg
Connecting to deliveryimages.acm.org (deliveryimages.acm.org)|104.17.80.191|:80... connected.
HTTP request sent, awaiting response... 301 Moved Permanently
Location: https://deliveryimages.acm.org/10.1145/3200000/3191619/images/www18companion-358-graphic7.jpg [following]
--2018-05-16 15:00:58--  https://deliveryimages.acm.org/10.1145/3200000/3191619/images/www18companion-358-graphic7.jpg
Connecting to deliveryimages.acm.org (deliveryimages.acm.org)|104.17.80.191|:443... connected.
HTTP request sent, awaiting response... 200 OK
Length: 188108 (184K) [image/jpeg]
Saving to: ‘../data/deliveryimages.acm.org/10.1145/3200000/3191619/images/www18companion-358-graphic7.jpg’

     0K .......... .......... .......... .......... .......... 27% 1.67M 0s
    50K .......... .......... .......... .......... .......... 54% 2.88M 0s
   100K .......... .......... .......... .......... .......... 81% 3.79M 0s
   150K .......... .......... .......... ...                  100% 5.90M=0.06s

2018-05-16 15:00:58 (2.78 MB/s) - ‘../data/deliveryimages.acm.org/10.1145/3200000/3191619/images/www18companion-358-graphic7.jpg’ saved [188108/188108]

--2018-05-16 15:00:58--  http://deliveryimages.acm.org/10.1145/3200000/3191619/images/outside_evac_zone_but_in_nyc_tweets_hurricane_wordclod.jpg
Connecting to deliveryimages.acm.org (deliveryimages.acm.org)|104.17.80.191|:80... connected.
HTTP request sent, awaiting response... 301 Moved Permanently
Location: https://deliveryimages.acm.org/10.1145/3200000/3191619/images/outside_evac_zone_but_in_nyc_tweets_hurricane_wordclod.jpg [following]
--2018-05-16 15:00:58--  https://deliveryimages.acm.org/10.1145/3200000/3191619/images/outside_evac_zone_but_in_nyc_tweets_hurricane_wordclod.jpg
Connecting to deliveryimages.acm.org (deliveryimages.acm.org)|104.17.80.191|:443... connected.
HTTP request sent, awaiting response... 404 Not Found
2018-05-16 15:00:59 ERROR 404: Not Found.

--2018-05-16 15:00:59--  http://deliveryimages.acm.org/10.1145/3200000/3191619/images/outside_evac_zone_but_in_nyc_tweets_post_hurricane_wordclod.jpg
Connecting to deliveryimages.acm.org (deliveryimages.acm.org)|104.17.80.191|:80... connected.
HTTP request sent, awaiting response... 301 Moved Permanently
Location: https://deliveryimages.acm.org/10.1145/3200000/3191619/images/outside_evac_zone_but_in_nyc_tweets_post_hurricane_wordclod.jpg [following]
--2018-05-16 15:00:59--  https://deliveryimages.acm.org/10.1145/3200000/3191619/images/outside_evac_zone_but_in_nyc_tweets_post_hurricane_wordclod.jpg
Connecting to deliveryimages.acm.org (deliveryimages.acm.org)|104.17.80.191|:443... connected.
HTTP request sent, awaiting response... 404 Not Found
2018-05-16 15:00:59 ERROR 404: Not Found.

--2018-05-16 15:00:59--  http://deliveryimages.acm.org/10.1145/3200000/3191619/images/www18companion-358-graphic8.jpg
Connecting to deliveryimages.acm.org (deliveryimages.acm.org)|104.17.80.191|:80... connected.
HTTP request sent, awaiting response... 301 Moved Permanently
Location: https://deliveryimages.acm.org/10.1145/3200000/3191619/images/www18companion-358-graphic8.jpg [following]
--2018-05-16 15:00:59--  https://deliveryimages.acm.org/10.1145/3200000/3191619/images/www18companion-358-graphic8.jpg
Connecting to deliveryimages.acm.org (deliveryimages.acm.org)|104.17.80.191|:443... connected.
HTTP request sent, awaiting response... 200 OK
Length: 190033 (186K) [image/jpeg]
Saving to: ‘../data/deliveryimages.acm.org/10.1145/3200000/3191619/images/www18companion-358-graphic8.jpg’

     0K .......... .......... .......... .......... .......... 26% 1.55M 0s
    50K .......... .......... .......... .......... .......... 53% 2.61M 0s
   100K .......... .......... .......... .......... .......... 80% 4.06M 0s
   150K .......... .......... .......... .....                100% 1.45M=0.09s

2018-05-16 15:00:59 (2.10 MB/s) - ‘../data/deliveryimages.acm.org/10.1145/3200000/3191619/images/www18companion-358-graphic8.jpg’ saved [190033/190033]

--2018-05-16 15:00:59--  http://deliveryimages.acm.org/10.1145/3200000/3191619/images/not_evac_tweets_hurricane_wordclod.jpg
Connecting to deliveryimages.acm.org (deliveryimages.acm.org)|104.17.80.191|:80... connected.
HTTP request sent, awaiting response... 301 Moved Permanently
Location: https://deliveryimages.acm.org/10.1145/3200000/3191619/images/not_evac_tweets_hurricane_wordclod.jpg [following]
--2018-05-16 15:00:59--  https://deliveryimages.acm.org/10.1145/3200000/3191619/images/not_evac_tweets_hurricane_wordclod.jpg
Connecting to deliveryimages.acm.org (deliveryimages.acm.org)|104.17.80.191|:443... connected.
HTTP request sent, awaiting response... 404 Not Found
2018-05-16 15:01:00 ERROR 404: Not Found.

--2018-05-16 15:01:00--  http://deliveryimages.acm.org/10.1145/3200000/3191619/images/not_evac_tweets_post_hurricane_wordclod.jpg
Connecting to deliveryimages.acm.org (deliveryimages.acm.org)|104.17.80.191|:80... connected.
HTTP request sent, awaiting response... 301 Moved Permanently
Location: https://deliveryimages.acm.org/10.1145/3200000/3191619/images/not_evac_tweets_post_hurricane_wordclod.jpg [following]
--2018-05-16 15:01:00--  https://deliveryimages.acm.org/10.1145/3200000/3191619/images/not_evac_tweets_post_hurricane_wordclod.jpg
Connecting to deliveryimages.acm.org (deliveryimages.acm.org)|104.17.80.191|:443... connected.
HTTP request sent, awaiting response... 404 Not Found
2018-05-16 15:01:00 ERROR 404: Not Found.

--2018-05-16 15:01:00--  http://deliveryimages.acm.org/10.1145/3200000/3191619/images/www18companion-358-graphic9.jpg
Connecting to deliveryimages.acm.org (deliveryimages.acm.org)|104.17.80.191|:80... connected.
HTTP request sent, awaiting response... 301 Moved Permanently
Location: https://deliveryimages.acm.org/10.1145/3200000/3191619/images/www18companion-358-graphic9.jpg [following]
--2018-05-16 15:01:00--  https://deliveryimages.acm.org/10.1145/3200000/3191619/images/www18companion-358-graphic9.jpg
Connecting to deliveryimages.acm.org (deliveryimages.acm.org)|104.17.80.191|:443... connected.
HTTP request sent, awaiting response... 200 OK
Length: 150691 (147K) [image/jpeg]
Saving to: ‘../data/deliveryimages.acm.org/10.1145/3200000/3191619/images/www18companion-358-graphic9.jpg’

     0K .......... .......... .......... .......... .......... 33% 1.68M 0s
    50K .......... .......... .......... .......... .......... 67% 2.93M 0s
   100K .......... .......... .......... .......... .......   100% 4.78M=0.06s

2018-05-16 15:01:00 (2.60 MB/s) - ‘../data/deliveryimages.acm.org/10.1145/3200000/3191619/images/www18companion-358-graphic9.jpg’ saved [150691/150691]

--2018-05-16 15:01:00--  http://deliveryimages.acm.org/10.1145/3200000/3191619/images/evacuatees_tweets_hurricane_wordclod.jpg
Connecting to deliveryimages.acm.org (deliveryimages.acm.org)|104.17.80.191|:80... connected.
HTTP request sent, awaiting response... 301 Moved Permanently
Location: https://deliveryimages.acm.org/10.1145/3200000/3191619/images/evacuatees_tweets_hurricane_wordclod.jpg [following]
--2018-05-16 15:01:00--  https://deliveryimages.acm.org/10.1145/3200000/3191619/images/evacuatees_tweets_hurricane_wordclod.jpg
Connecting to deliveryimages.acm.org (deliveryimages.acm.org)|104.17.80.191|:443... connected.
HTTP request sent, awaiting response... 404 Not Found
2018-05-16 15:01:01 ERROR 404: Not Found.

--2018-05-16 15:01:01--  http://deliveryimages.acm.org/10.1145/3200000/3191619/images/evacuatees_tweets_post_hurricane_wordclod.jpg
Connecting to deliveryimages.acm.org (deliveryimages.acm.org)|104.17.80.191|:80... connected.
HTTP request sent, awaiting response... 301 Moved Permanently
Location: https://deliveryimages.acm.org/10.1145/3200000/3191619/images/evacuatees_tweets_post_hurricane_wordclod.jpg [following]
--2018-05-16 15:01:01--  https://deliveryimages.acm.org/10.1145/3200000/3191619/images/evacuatees_tweets_post_hurricane_wordclod.jpg
Connecting to deliveryimages.acm.org (deliveryimages.acm.org)|104.17.80.191|:443... connected.
HTTP request sent, awaiting response... 404 Not Found
2018-05-16 15:01:01 ERROR 404: Not Found.

--2018-05-16 15:01:01--  http://deliveryimages.acm.org/10.1145/3200000/3191619/images/www18companion-358-fig5.jpg
Connecting to deliveryimages.acm.org (deliveryimages.acm.org)|104.17.80.191|:80... connected.
HTTP request sent, awaiting response... 301 Moved Permanently
Location: https://deliveryimages.acm.org/10.1145/3200000/3191619/images/www18companion-358-fig5.jpg [following]
--2018-05-16 15:01:01--  https://deliveryimages.acm.org/10.1145/3200000/3191619/images/www18companion-358-fig5.jpg
Connecting to deliveryimages.acm.org (deliveryimages.acm.org)|104.17.80.191|:443... connected.
HTTP request sent, awaiting response... 200 OK
Length: 71913 (70K) [image/jpeg]
Saving to: ‘../data/deliveryimages.acm.org/10.1145/3200000/3191619/images/www18companion-358-fig5.jpg’

     0K .......... .......... .......... .......... .......... 71% 1.32M 0s
    50K .......... ..........                                 100% 7.37M=0.04s

2018-05-16 15:01:01 (1.72 MB/s) - ‘../data/deliveryimages.acm.org/10.1145/3200000/3191619/images/www18companion-358-fig5.jpg’ saved [71913/71913]

--2018-05-16 15:01:01--  http://deliveryimages.acm.org/10.1145/3200000/3191619/images/www18companion-358-fig6.jpg
Connecting to deliveryimages.acm.org (deliveryimages.acm.org)|104.17.80.191|:80... connected.
HTTP request sent, awaiting response... 301 Moved Permanently
Location: https://deliveryimages.acm.org/10.1145/3200000/3191619/images/www18companion-358-fig6.jpg [following]
--2018-05-16 15:01:01--  https://deliveryimages.acm.org/10.1145/3200000/3191619/images/www18companion-358-fig6.jpg
Connecting to deliveryimages.acm.org (deliveryimages.acm.org)|104.17.80.191|:443... connected.
HTTP request sent, awaiting response... 200 OK
Length: 150174 (147K) [image/jpeg]
Saving to: ‘../data/deliveryimages.acm.org/10.1145/3200000/3191619/images/www18companion-358-fig6.jpg’

     0K .......... .......... .......... .......... .......... 34% 1.37M 0s
    50K .......... .......... .......... .......... .......... 68% 3.18M 0s
   100K .......... .......... .......... .......... ......    100% 3.81M=0.06s

2018-05-16 15:01:01 (2.28 MB/s) - ‘../data/deliveryimages.acm.org/10.1145/3200000/3191619/images/www18companion-358-fig6.jpg’ saved [150174/150174]

--2018-05-16 15:01:01--  http://deliveryimages.acm.org/10.1145/3200000/3191619/images/www18companion-358-fig7.jpg
Connecting to deliveryimages.acm.org (deliveryimages.acm.org)|104.17.80.191|:80... connected.
HTTP request sent, awaiting response... 301 Moved Permanently
Location: https://deliveryimages.acm.org/10.1145/3200000/3191619/images/www18companion-358-fig7.jpg [following]
--2018-05-16 15:01:02--  https://deliveryimages.acm.org/10.1145/3200000/3191619/images/www18companion-358-fig7.jpg
Connecting to deliveryimages.acm.org (deliveryimages.acm.org)|104.17.80.191|:443... connected.
HTTP request sent, awaiting response... 200 OK
Length: 249855 (244K) [image/jpeg]
Saving to: ‘../data/deliveryimages.acm.org/10.1145/3200000/3191619/images/www18companion-358-fig7.jpg’

     0K .......... .......... .......... .......... .......... 20% 1.11M 0s
    50K .......... .......... .......... .......... .......... 40% 2.70M 0s
   100K .......... .......... .......... .......... .......... 61% 5.53M 0s
   150K .......... .......... .......... .......... .......... 81% 4.61M 0s
   200K .......... .......... .......... .......... ...       100% 5.00M=0.09s

2018-05-16 15:01:02 (2.64 MB/s) - ‘../data/deliveryimages.acm.org/10.1145/3200000/3191619/images/www18companion-358-fig7.jpg’ saved [249855/249855]

--2018-05-16 15:01:02--  http://deliveryimages.acm.org/10.1145/3200000/3191619/images/www18companion-358-fig8.jpg
Connecting to deliveryimages.acm.org (deliveryimages.acm.org)|104.17.80.191|:80... connected.
HTTP request sent, awaiting response... 301 Moved Permanently
Location: https://deliveryimages.acm.org/10.1145/3200000/3191619/images/www18companion-358-fig8.jpg [following]
--2018-05-16 15:01:02--  https://deliveryimages.acm.org/10.1145/3200000/3191619/images/www18companion-358-fig8.jpg
Connecting to deliveryimages.acm.org (deliveryimages.acm.org)|104.17.80.191|:443... connected.
HTTP request sent, awaiting response... 200 OK
Length: 28248 (28K) [image/jpeg]
Saving to: ‘../data/deliveryimages.acm.org/10.1145/3200000/3191619/images/www18companion-358-fig8.jpg’

     0K .......... .......... .......                         100% 1.08M=0.02s

2018-05-16 15:01:02 (1.08 MB/s) - ‘../data/deliveryimages.acm.org/10.1145/3200000/3191619/images/www18companion-358-fig8.jpg’ saved [28248/28248]

--2018-05-16 15:01:02--  http://deliveryimages.acm.org/10.1145/3200000/3191619/images/www18companion-358-fig9.jpg
Connecting to deliveryimages.acm.org (deliveryimages.acm.org)|104.17.80.191|:80... connected.
HTTP request sent, awaiting response... 301 Moved Permanently
Location: https://deliveryimages.acm.org/10.1145/3200000/3191619/images/www18companion-358-fig9.jpg [following]
--2018-05-16 15:01:02--  https://deliveryimages.acm.org/10.1145/3200000/3191619/images/www18companion-358-fig9.jpg
Connecting to deliveryimages.acm.org (deliveryimages.acm.org)|104.17.80.191|:443... connected.
HTTP request sent, awaiting response... 200 OK
Length: 80453 (79K) [image/jpeg]
Saving to: ‘../data/deliveryimages.acm.org/10.1145/3200000/3191619/images/www18companion-358-fig9.jpg’

     0K .......... .......... .......... .......... .......... 63%  553K 0s
    50K .......... .......... ........                        100% 2.34M=0.1s

2018-05-16 15:01:02 (767 KB/s) - ‘../data/deliveryimages.acm.org/10.1145/3200000/3191619/images/www18companion-358-fig9.jpg’ saved [80453/80453]

FINISHED --2018-05-16 15:01:02--
Total wall clock time: 6.1s
Downloaded: 13 files, 1.5M in 0.7s (2.03 MB/s)
Converting links in ../data/delivery.acm.org/10.1145/3200000/3191619/p1613-kumar.html?ip=24.48.71.56&id=3191619&acc=OPENTOC&key=4D4702B0C3E38B35.4D4702B0C3E38B35.4D4702B0C3E38B35.4DD68F0663C025AA&__acm__=1526497555_f935b07619195d1bf035c57d2e5fa5b7... 87-8
Converted links in 1 files in 0.002 seconds.
