--2018-05-16 14:58:46--  http://delivery.acm.org/10.1145/3200000/3191543/p1109-zaveri.html?ip=24.48.71.56&id=3191543&acc=OPENTOC&key=4D4702B0C3E38B35%2E4D4702B0C3E38B35%2E4D4702B0C3E38B35%2E4DD68F0663C025AA&__acm__=1526497425_049a99468c1941b92b95483da41412e9
Resolving delivery.acm.org (delivery.acm.org)... 24.200.120.90, 24.200.120.82
Connecting to delivery.acm.org (delivery.acm.org)|24.200.120.90|:80... connected.
HTTP request sent, awaiting response... 200 OK
Length: 48969 (48K) [text/html]
Saving to: ‘../data/delivery.acm.org/10.1145/3200000/3191543/p1109-zaveri.html?ip=24.48.71.56&id=3191543&acc=OPENTOC&key=4D4702B0C3E38B35.4D4702B0C3E38B35.4D4702B0C3E38B35.4DD68F0663C025AA&__acm__=1526497425_049a99468c1941b92b95483da41412e9’

     0K .......... .......... .......... .......... .......   100% 1.91M=0.02s

2018-05-16 14:58:47 (1.91 MB/s) - ‘../data/delivery.acm.org/10.1145/3200000/3191543/p1109-zaveri.html?ip=24.48.71.56&id=3191543&acc=OPENTOC&key=4D4702B0C3E38B35.4D4702B0C3E38B35.4D4702B0C3E38B35.4DD68F0663C025AA&__acm__=1526497425_049a99468c1941b92b95483da41412e9’ saved [48969/48969]

--2018-05-16 14:58:47--  http://deliveryimages.acm.org/10.1145/3200000/3191543/images/www18companion-282-fig1.jpg
Resolving deliveryimages.acm.org (deliveryimages.acm.org)... 104.17.80.191, 104.17.79.191
Connecting to deliveryimages.acm.org (deliveryimages.acm.org)|104.17.80.191|:80... connected.
HTTP request sent, awaiting response... 301 Moved Permanently
Location: https://deliveryimages.acm.org/10.1145/3200000/3191543/images/www18companion-282-fig1.jpg [following]
--2018-05-16 14:58:47--  https://deliveryimages.acm.org/10.1145/3200000/3191543/images/www18companion-282-fig1.jpg
Connecting to deliveryimages.acm.org (deliveryimages.acm.org)|104.17.80.191|:443... connected.
HTTP request sent, awaiting response... 200 OK
Length: 186028 (182K) [image/jpeg]
Saving to: ‘../data/deliveryimages.acm.org/10.1145/3200000/3191543/images/www18companion-282-fig1.jpg’

     0K .......... .......... .......... .......... .......... 27% 1.68M 0s
    50K .......... .......... .......... .......... .......... 55% 3.30M 0s
   100K .......... .......... .......... .......... .......... 82% 3.55M 0s
   150K .......... .......... .......... .                    100% 4.40M=0.06s

2018-05-16 14:58:47 (2.74 MB/s) - ‘../data/deliveryimages.acm.org/10.1145/3200000/3191543/images/www18companion-282-fig1.jpg’ saved [186028/186028]

--2018-05-16 14:58:47--  http://deliveryimages.acm.org/10.1145/3200000/3191543/images/www18companion-282-img1.svg
Connecting to deliveryimages.acm.org (deliveryimages.acm.org)|104.17.80.191|:80... connected.
HTTP request sent, awaiting response... 301 Moved Permanently
Location: https://deliveryimages.acm.org/10.1145/3200000/3191543/images/www18companion-282-img1.svg [following]
--2018-05-16 14:58:47--  https://deliveryimages.acm.org/10.1145/3200000/3191543/images/www18companion-282-img1.svg
Connecting to deliveryimages.acm.org (deliveryimages.acm.org)|104.17.80.191|:443... connected.
HTTP request sent, awaiting response... 200 OK
Length: 32369 (32K) [image/svg+xml]
Saving to: ‘../data/deliveryimages.acm.org/10.1145/3200000/3191543/images/www18companion-282-img1.svg’

     0K .......... .......... .......... .                    100% 1.41M=0.02s

2018-05-16 14:58:47 (1.41 MB/s) - ‘../data/deliveryimages.acm.org/10.1145/3200000/3191543/images/www18companion-282-img1.svg’ saved [32369/32369]

--2018-05-16 14:58:47--  http://deliveryimages.acm.org/10.1145/3200000/3191543/images/www18companion-282-fig2.jpg
Connecting to deliveryimages.acm.org (deliveryimages.acm.org)|104.17.80.191|:80... connected.
HTTP request sent, awaiting response... 301 Moved Permanently
Location: https://deliveryimages.acm.org/10.1145/3200000/3191543/images/www18companion-282-fig2.jpg [following]
--2018-05-16 14:58:47--  https://deliveryimages.acm.org/10.1145/3200000/3191543/images/www18companion-282-fig2.jpg
Connecting to deliveryimages.acm.org (deliveryimages.acm.org)|104.17.80.191|:443... connected.
HTTP request sent, awaiting response... 200 OK
Length: 358351 (350K) [image/jpeg]
Saving to: ‘../data/deliveryimages.acm.org/10.1145/3200000/3191543/images/www18companion-282-fig2.jpg’

     0K .......... .......... .......... .......... .......... 14% 1.08M 0s
    50K .......... .......... .......... .......... .......... 28% 3.48M 0s
   100K .......... .......... .......... .......... .......... 42% 3.05M 0s
   150K .......... .......... .......... .......... .......... 57% 5.43M 0s
   200K .......... .......... .......... .......... .......... 71% 2.59M 0s
   250K .......... .......... .......... .......... .......... 85% 6.20M 0s
   300K .......... .......... .......... .......... ......... 100% 5.56M=0.1s

2018-05-16 14:58:48 (2.86 MB/s) - ‘../data/deliveryimages.acm.org/10.1145/3200000/3191543/images/www18companion-282-fig2.jpg’ saved [358351/358351]

--2018-05-16 14:58:48--  http://deliveryimages.acm.org/10.1145/3200000/3191543/images/www18companion-282-fig3.jpg
Connecting to deliveryimages.acm.org (deliveryimages.acm.org)|104.17.80.191|:80... connected.
HTTP request sent, awaiting response... 301 Moved Permanently
Location: https://deliveryimages.acm.org/10.1145/3200000/3191543/images/www18companion-282-fig3.jpg [following]
--2018-05-16 14:58:48--  https://deliveryimages.acm.org/10.1145/3200000/3191543/images/www18companion-282-fig3.jpg
Connecting to deliveryimages.acm.org (deliveryimages.acm.org)|104.17.80.191|:443... connected.
HTTP request sent, awaiting response... 200 OK
Length: 181522 (177K) [image/jpeg]
Saving to: ‘../data/deliveryimages.acm.org/10.1145/3200000/3191543/images/www18companion-282-fig3.jpg’

     0K .......... .......... .......... .......... .......... 28%  933K 0s
    50K .......... .......... .......... .......... .......... 56% 1.14M 0s
   100K .......... .......... .......... .......... .......... 84% 1.22M 0s
   150K .......... .......... .......                         100% 1.69M=0.2s

2018-05-16 14:58:48 (1.14 MB/s) - ‘../data/deliveryimages.acm.org/10.1145/3200000/3191543/images/www18companion-282-fig3.jpg’ saved [181522/181522]

--2018-05-16 14:58:48--  http://deliveryimages.acm.org/10.1145/3200000/3191543/images/www18companion-282-fig4.jpg
Connecting to deliveryimages.acm.org (deliveryimages.acm.org)|104.17.80.191|:80... connected.
HTTP request sent, awaiting response... 301 Moved Permanently
Location: https://deliveryimages.acm.org/10.1145/3200000/3191543/images/www18companion-282-fig4.jpg [following]
--2018-05-16 14:58:48--  https://deliveryimages.acm.org/10.1145/3200000/3191543/images/www18companion-282-fig4.jpg
Connecting to deliveryimages.acm.org (deliveryimages.acm.org)|104.17.80.191|:443... connected.
HTTP request sent, awaiting response... 200 OK
Length: 150953 (147K) [image/jpeg]
Saving to: ‘../data/deliveryimages.acm.org/10.1145/3200000/3191543/images/www18companion-282-fig4.jpg’

     0K .......... .......... .......... .......... .......... 33% 1.50M 0s
    50K .......... .......... .......... .......... .......... 67% 3.85M 0s
   100K .......... .......... .......... .......... .......   100% 3.68M=0.06s

2018-05-16 14:58:48 (2.49 MB/s) - ‘../data/deliveryimages.acm.org/10.1145/3200000/3191543/images/www18companion-282-fig4.jpg’ saved [150953/150953]

--2018-05-16 14:58:48--  http://deliveryimages.acm.org/10.1145/3200000/3191543/images/www18companion-282-fig5.jpg
Connecting to deliveryimages.acm.org (deliveryimages.acm.org)|104.17.80.191|:80... connected.
HTTP request sent, awaiting response... 301 Moved Permanently
Location: https://deliveryimages.acm.org/10.1145/3200000/3191543/images/www18companion-282-fig5.jpg [following]
--2018-05-16 14:58:48--  https://deliveryimages.acm.org/10.1145/3200000/3191543/images/www18companion-282-fig5.jpg
Connecting to deliveryimages.acm.org (deliveryimages.acm.org)|104.17.80.191|:443... connected.
HTTP request sent, awaiting response... 200 OK
Length: 211524 (207K) [image/jpeg]
Saving to: ‘../data/deliveryimages.acm.org/10.1145/3200000/3191543/images/www18companion-282-fig5.jpg’

     0K .......... .......... .......... .......... .......... 24% 1.81M 0s
    50K .......... .......... .......... .......... .......... 48% 2.81M 0s
   100K .......... .......... .......... .......... .......... 72% 2.67M 0s
   150K .......... .......... .......... .......... .......... 96% 4.92M 0s
   200K ......                                                100% 79.3M=0.07s

2018-05-16 14:58:49 (2.78 MB/s) - ‘../data/deliveryimages.acm.org/10.1145/3200000/3191543/images/www18companion-282-fig5.jpg’ saved [211524/211524]

FINISHED --2018-05-16 14:58:49--
Total wall clock time: 2.2s
Downloaded: 7 files, 1.1M in 0.5s (2.17 MB/s)
Converting links in ../data/delivery.acm.org/10.1145/3200000/3191543/p1109-zaveri.html?ip=24.48.71.56&id=3191543&acc=OPENTOC&key=4D4702B0C3E38B35.4D4702B0C3E38B35.4D4702B0C3E38B35.4DD68F0663C025AA&__acm__=1526497425_049a99468c1941b92b95483da41412e9... 40-0
Converted links in 1 files in 0.002 seconds.
