--2018-05-16 15:04:16--  http://delivery.acm.org/10.1145/3200000/3191567/p1277-espin-noboa.html?ip=24.48.71.56&id=3191567&acc=OPENTOC&key=4D4702B0C3E38B35%2E4D4702B0C3E38B35%2E4D4702B0C3E38B35%2E4DD68F0663C025AA&__acm__=1526497756_ad11d9ac86ddc0f3bacbaab970efaa5a
Resolving delivery.acm.org (delivery.acm.org)... 24.200.120.82, 24.200.120.90
Connecting to delivery.acm.org (delivery.acm.org)|24.200.120.82|:80... connected.
HTTP request sent, awaiting response... 200 OK
Length: 63982 (62K) [text/html]
Saving to: ‘../data/delivery.acm.org/10.1145/3200000/3191567/p1277-espin-noboa.html?ip=24.48.71.56&id=3191567&acc=OPENTOC&key=4D4702B0C3E38B35.4D4702B0C3E38B35.4D4702B0C3E38B35.4DD68F0663C025AA&__acm__=1526497756_ad11d9ac86ddc0f3bacbaab970efaa5a’

     0K .......... .......... .......... .......... .......... 80% 3.02M 0s
    50K .......... ..                                         100% 3.02M=0.02s

2018-05-16 15:04:16 (3.02 MB/s) - ‘../data/delivery.acm.org/10.1145/3200000/3191567/p1277-espin-noboa.html?ip=24.48.71.56&id=3191567&acc=OPENTOC&key=4D4702B0C3E38B35.4D4702B0C3E38B35.4D4702B0C3E38B35.4DD68F0663C025AA&__acm__=1526497756_ad11d9ac86ddc0f3bacbaab970efaa5a’ saved [63982/63982]

--2018-05-16 15:04:16--  http://deliveryimages.acm.org/10.1145/3200000/3191567/images/www18companion-306-fig1.jpg
Resolving deliveryimages.acm.org (deliveryimages.acm.org)... 104.17.79.191, 104.17.80.191
Connecting to deliveryimages.acm.org (deliveryimages.acm.org)|104.17.79.191|:80... connected.
HTTP request sent, awaiting response... 301 Moved Permanently
Location: https://deliveryimages.acm.org/10.1145/3200000/3191567/images/www18companion-306-fig1.jpg [following]
--2018-05-16 15:04:16--  https://deliveryimages.acm.org/10.1145/3200000/3191567/images/www18companion-306-fig1.jpg
Connecting to deliveryimages.acm.org (deliveryimages.acm.org)|104.17.79.191|:443... connected.
HTTP request sent, awaiting response... 200 OK
Length: 49202 (48K) [image/jpeg]
Saving to: ‘../data/deliveryimages.acm.org/10.1145/3200000/3191567/images/www18companion-306-fig1.jpg’

     0K .......... .......... .......... .......... ........  100% 1.30M=0.04s

2018-05-16 15:04:16 (1.30 MB/s) - ‘../data/deliveryimages.acm.org/10.1145/3200000/3191567/images/www18companion-306-fig1.jpg’ saved [49202/49202]

--2018-05-16 15:04:16--  http://deliveryimages.acm.org/10.1145/3200000/3191567/images/www18companion-306-fig2.jpg
Connecting to deliveryimages.acm.org (deliveryimages.acm.org)|104.17.79.191|:80... connected.
HTTP request sent, awaiting response... 301 Moved Permanently
Location: https://deliveryimages.acm.org/10.1145/3200000/3191567/images/www18companion-306-fig2.jpg [following]
--2018-05-16 15:04:16--  https://deliveryimages.acm.org/10.1145/3200000/3191567/images/www18companion-306-fig2.jpg
Connecting to deliveryimages.acm.org (deliveryimages.acm.org)|104.17.79.191|:443... connected.
HTTP request sent, awaiting response... 200 OK
Length: 97726 (95K) [image/jpeg]
Saving to: ‘../data/deliveryimages.acm.org/10.1145/3200000/3191567/images/www18companion-306-fig2.jpg’

     0K .......... .......... .......... .......... .......... 52% 1.67M 0s
    50K .......... .......... .......... .......... .....     100% 3.39M=0.04s

2018-05-16 15:04:17 (2.20 MB/s) - ‘../data/deliveryimages.acm.org/10.1145/3200000/3191567/images/www18companion-306-fig2.jpg’ saved [97726/97726]

--2018-05-16 15:04:17--  http://deliveryimages.acm.org/10.1145/3200000/3191567/images/www18companion-306-fig3.jpg
Connecting to deliveryimages.acm.org (deliveryimages.acm.org)|104.17.79.191|:80... connected.
HTTP request sent, awaiting response... 301 Moved Permanently
Location: https://deliveryimages.acm.org/10.1145/3200000/3191567/images/www18companion-306-fig3.jpg [following]
--2018-05-16 15:04:17--  https://deliveryimages.acm.org/10.1145/3200000/3191567/images/www18companion-306-fig3.jpg
Connecting to deliveryimages.acm.org (deliveryimages.acm.org)|104.17.79.191|:443... connected.
HTTP request sent, awaiting response... 200 OK
Length: 167430 (164K) [image/jpeg]
Saving to: ‘../data/deliveryimages.acm.org/10.1145/3200000/3191567/images/www18companion-306-fig3.jpg’

     0K .......... .......... .......... .......... .......... 30% 1.56M 0s
    50K .......... .......... .......... .......... .......... 61% 2.96M 0s
   100K .......... .......... .......... .......... .......... 91% 1.90M 0s
   150K .......... ...                                        100% 61.2M=0.07s

2018-05-16 15:04:17 (2.17 MB/s) - ‘../data/deliveryimages.acm.org/10.1145/3200000/3191567/images/www18companion-306-fig3.jpg’ saved [167430/167430]

--2018-05-16 15:04:17--  http://deliveryimages.acm.org/10.1145/3200000/3191567/images/www18companion-306-fig4.jpg
Connecting to deliveryimages.acm.org (deliveryimages.acm.org)|104.17.79.191|:80... connected.
HTTP request sent, awaiting response... 301 Moved Permanently
Location: https://deliveryimages.acm.org/10.1145/3200000/3191567/images/www18companion-306-fig4.jpg [following]
--2018-05-16 15:04:17--  https://deliveryimages.acm.org/10.1145/3200000/3191567/images/www18companion-306-fig4.jpg
Connecting to deliveryimages.acm.org (deliveryimages.acm.org)|104.17.79.191|:443... connected.
HTTP request sent, awaiting response... 200 OK
Length: 100018 (98K) [image/jpeg]
Saving to: ‘../data/deliveryimages.acm.org/10.1145/3200000/3191567/images/www18companion-306-fig4.jpg’

     0K .......... .......... .......... .......... .......... 51% 1.43M 0s
    50K .......... .......... .......... .......... .......   100% 3.75M=0.05s

2018-05-16 15:04:17 (2.05 MB/s) - ‘../data/deliveryimages.acm.org/10.1145/3200000/3191567/images/www18companion-306-fig4.jpg’ saved [100018/100018]

--2018-05-16 15:04:17--  http://deliveryimages.acm.org/10.1145/3200000/3191567/images/www18companion-306-fig5.jpg
Connecting to deliveryimages.acm.org (deliveryimages.acm.org)|104.17.79.191|:80... connected.
HTTP request sent, awaiting response... 301 Moved Permanently
Location: https://deliveryimages.acm.org/10.1145/3200000/3191567/images/www18companion-306-fig5.jpg [following]
--2018-05-16 15:04:17--  https://deliveryimages.acm.org/10.1145/3200000/3191567/images/www18companion-306-fig5.jpg
Connecting to deliveryimages.acm.org (deliveryimages.acm.org)|104.17.79.191|:443... connected.
HTTP request sent, awaiting response... 200 OK
Length: 186579 (182K) [image/jpeg]
Saving to: ‘../data/deliveryimages.acm.org/10.1145/3200000/3191567/images/www18companion-306-fig5.jpg’

     0K .......... .......... .......... .......... .......... 27% 1.39M 0s
    50K .......... .......... .......... .......... .......... 54% 3.14M 0s
   100K .......... .......... .......... .......... .......... 82% 3.15M 0s
   150K .......... .......... .......... ..                   100% 3.78M=0.07s

2018-05-16 15:04:18 (2.39 MB/s) - ‘../data/deliveryimages.acm.org/10.1145/3200000/3191567/images/www18companion-306-fig5.jpg’ saved [186579/186579]

--2018-05-16 15:04:18--  http://deliveryimages.acm.org/10.1145/3200000/3191567/images/www18companion-306-fig6.jpg
Connecting to deliveryimages.acm.org (deliveryimages.acm.org)|104.17.79.191|:80... connected.
HTTP request sent, awaiting response... 301 Moved Permanently
Location: https://deliveryimages.acm.org/10.1145/3200000/3191567/images/www18companion-306-fig6.jpg [following]
--2018-05-16 15:04:18--  https://deliveryimages.acm.org/10.1145/3200000/3191567/images/www18companion-306-fig6.jpg
Connecting to deliveryimages.acm.org (deliveryimages.acm.org)|104.17.79.191|:443... connected.
HTTP request sent, awaiting response... 200 OK
Length: 153528 (150K) [image/jpeg]
Saving to: ‘../data/deliveryimages.acm.org/10.1145/3200000/3191567/images/www18companion-306-fig6.jpg’

     0K .......... .......... .......... .......... .......... 33% 1.88M 0s
    50K .......... .......... .......... .......... .......... 66% 2.34M 0s
   100K .......... .......... .......... .......... ......... 100% 4.37M=0.06s

2018-05-16 15:04:18 (2.53 MB/s) - ‘../data/deliveryimages.acm.org/10.1145/3200000/3191567/images/www18companion-306-fig6.jpg’ saved [153528/153528]

FINISHED --2018-05-16 15:04:18--
Total wall clock time: 2.0s
Downloaded: 7 files, 799K in 0.4s (2.22 MB/s)
Converting links in ../data/delivery.acm.org/10.1145/3200000/3191567/p1277-espin-noboa.html?ip=24.48.71.56&id=3191567&acc=OPENTOC&key=4D4702B0C3E38B35.4D4702B0C3E38B35.4D4702B0C3E38B35.4DD68F0663C025AA&__acm__=1526497756_ad11d9ac86ddc0f3bacbaab970efaa5a... 61-0
Converted links in 1 files in 0.002 seconds.
