--2018-05-16 14:55:28--  http://delivery.acm.org/10.1145/3200000/3192324/p1729-spaniol.pdf?ip=24.48.71.56&id=3192324&acc=OPENTOC&key=4D4702B0C3E38B35%2E4D4702B0C3E38B35%2E4D4702B0C3E38B35%2E4DD68F0663C025AA&__acm__=1526497228_267104038068a99aaa802eff8967b6a5
Resolving delivery.acm.org (delivery.acm.org)... 24.200.120.82, 24.200.120.90
Connecting to delivery.acm.org (delivery.acm.org)|24.200.120.82|:80... connected.
HTTP request sent, awaiting response... 200 OK
Length: 1294070 (1.2M) [application/pdf]
Saving to: ‘../data/delivery.acm.org/10.1145/3200000/3192324/p1729-spaniol.pdf?ip=24.48.71.56&id=3192324&acc=OPENTOC&key=4D4702B0C3E38B35.4D4702B0C3E38B35.4D4702B0C3E38B35.4DD68F0663C025AA&__acm__=1526497228_267104038068a99aaa802eff8967b6a5’

     0K .......... .......... .......... .......... ..........  3% 1.76M 1s
    50K .......... .......... .......... .......... ..........  7% 4.43M 0s
   100K .......... .......... .......... .......... .......... 11% 3.65M 0s
   150K .......... .......... .......... .......... .......... 15% 4.62M 0s
   200K .......... .......... .......... .......... .......... 19% 3.71M 0s
   250K .......... .......... .......... .......... .......... 23% 3.92M 0s
   300K .......... .......... .......... .......... .......... 27% 3.96M 0s
   350K .......... .......... .......... .......... .......... 31% 3.81M 0s
   400K .......... .......... .......... .......... .......... 35% 3.65M 0s
   450K .......... .......... .......... .......... .......... 39% 5.29M 0s
   500K .......... .......... .......... .......... .......... 43% 3.05M 0s
   550K .......... .......... .......... .......... .......... 47% 5.87M 0s
   600K .......... .......... .......... .......... .......... 51% 4.14M 0s
   650K .......... .......... .......... .......... .......... 55% 4.27M 0s
   700K .......... .......... .......... .......... .......... 59% 3.03M 0s
   750K .......... .......... .......... .......... .......... 63% 4.46M 0s
   800K .......... .......... .......... .......... .......... 67% 3.05M 0s
   850K .......... .......... .......... .......... .......... 71% 8.75M 0s
   900K .......... .......... .......... .......... .......... 75% 4.03M 0s
   950K .......... .......... .......... .......... .......... 79% 3.92M 0s
  1000K .......... .......... .......... .......... .......... 83% 3.05M 0s
  1050K .......... .......... .......... .......... .......... 87% 5.81M 0s
  1100K .......... .......... .......... .......... .......... 90% 3.10M 0s
  1150K .......... .......... .......... .......... .......... 94% 4.75M 0s
  1200K .......... .......... .......... .......... .......... 98% 4.75M 0s
  1250K .......... ...                                        100% 5.31M=0.3s

2018-05-16 14:55:29 (3.86 MB/s) - ‘../data/delivery.acm.org/10.1145/3200000/3192324/p1729-spaniol.pdf?ip=24.48.71.56&id=3192324&acc=OPENTOC&key=4D4702B0C3E38B35.4D4702B0C3E38B35.4D4702B0C3E38B35.4DD68F0663C025AA&__acm__=1526497228_267104038068a99aaa802eff8967b6a5’ saved [1294070/1294070]

FINISHED --2018-05-16 14:55:29--
Total wall clock time: 0.5s
Downloaded: 1 files, 1.2M in 0.3s (3.86 MB/s)
Converted links in 0 files in 0 seconds.
