--2018-05-16 14:34:56--  http://delivery.acm.org/10.1145/3190000/3186064/p1523-feng.html?ip=24.48.71.56&id=3186064&acc=OPENTOC&key=4D4702B0C3E38B35%2E4D4702B0C3E38B35%2E4D4702B0C3E38B35%2E4DD68F0663C025AA&__acm__=1526495996_c9869f58b81005bf5d416e6bcb1194e6
Resolving delivery.acm.org (delivery.acm.org)... 24.200.120.90, 24.200.120.82
Connecting to delivery.acm.org (delivery.acm.org)|24.200.120.90|:80... connected.
HTTP request sent, awaiting response... 200 OK
Length: 113874 (111K) [text/html]
Saving to: ‘../data/delivery.acm.org/10.1145/3190000/3186064/p1523-feng.html?ip=24.48.71.56&id=3186064&acc=OPENTOC&key=4D4702B0C3E38B35.4D4702B0C3E38B35.4D4702B0C3E38B35.4DD68F0663C025AA&__acm__=1526495996_c9869f58b81005bf5d416e6bcb1194e6’

     0K .......... .......... .......... .......... .......... 44% 1.18M 0s
    50K .......... .......... .......... .......... .......... 89% 7.96M 0s
   100K .......... .                                          100% 8.20M=0.05s

2018-05-16 14:34:57 (2.23 MB/s) - ‘../data/delivery.acm.org/10.1145/3190000/3186064/p1523-feng.html?ip=24.48.71.56&id=3186064&acc=OPENTOC&key=4D4702B0C3E38B35.4D4702B0C3E38B35.4D4702B0C3E38B35.4DD68F0663C025AA&__acm__=1526495996_c9869f58b81005bf5d416e6bcb1194e6’ saved [113874/113874]

--2018-05-16 14:34:57--  http://deliveryimages.acm.org/10.1145/3190000/3186064/images/www2018-73-fig1.jpg
Resolving deliveryimages.acm.org (deliveryimages.acm.org)... 104.17.79.191, 104.17.80.191
Connecting to deliveryimages.acm.org (deliveryimages.acm.org)|104.17.79.191|:80... connected.
HTTP request sent, awaiting response... 301 Moved Permanently
Location: https://deliveryimages.acm.org/10.1145/3190000/3186064/images/www2018-73-fig1.jpg [following]
--2018-05-16 14:34:57--  https://deliveryimages.acm.org/10.1145/3190000/3186064/images/www2018-73-fig1.jpg
Connecting to deliveryimages.acm.org (deliveryimages.acm.org)|104.17.79.191|:443... connected.
HTTP request sent, awaiting response... 200 OK
Length: 536156 (524K) [image/jpeg]
Saving to: ‘../data/deliveryimages.acm.org/10.1145/3190000/3186064/images/www2018-73-fig1.jpg’

     0K .......... .......... .......... .......... ..........  9% 1.42M 0s
    50K .......... .......... .......... .......... .......... 19% 2.03M 0s
   100K .......... .......... .......... .......... .......... 28% 5.99M 0s
   150K .......... .......... .......... .......... .......... 38% 2.49M 0s
   200K .......... .......... .......... .......... .......... 47%  621K 0s
   250K .......... .......... .......... .......... .......... 57%  121M 0s
   300K .......... .......... .......... .......... .......... 66% 5.39M 0s
   350K .......... .......... .......... .......... .......... 76% 3.03M 0s
   400K .......... .......... .......... .......... .......... 85% 4.05M 0s
   450K .......... .......... .......... .......... .......... 95% 3.72M 0s
   500K .......... .......... ...                             100% 15.6M=0.2s

2018-05-16 14:34:57 (2.34 MB/s) - ‘../data/deliveryimages.acm.org/10.1145/3190000/3186064/images/www2018-73-fig1.jpg’ saved [536156/536156]

--2018-05-16 14:34:57--  http://deliveryimages.acm.org/10.1145/3190000/3186064/images/www2018-73-fig2.jpg
Connecting to deliveryimages.acm.org (deliveryimages.acm.org)|104.17.79.191|:80... connected.
HTTP request sent, awaiting response... 301 Moved Permanently
Location: https://deliveryimages.acm.org/10.1145/3190000/3186064/images/www2018-73-fig2.jpg [following]
--2018-05-16 14:34:57--  https://deliveryimages.acm.org/10.1145/3190000/3186064/images/www2018-73-fig2.jpg
Connecting to deliveryimages.acm.org (deliveryimages.acm.org)|104.17.79.191|:443... connected.
HTTP request sent, awaiting response... 200 OK
Length: 872717 (852K) [image/jpeg]
Saving to: ‘../data/deliveryimages.acm.org/10.1145/3190000/3186064/images/www2018-73-fig2.jpg’

     0K .......... .......... .......... .......... ..........  5% 1.14M 1s
    50K .......... .......... .......... .......... .......... 11% 2.20M 0s
   100K .......... .......... .......... .......... .......... 17% 7.98M 0s
   150K .......... .......... .......... .......... .......... 23% 4.15M 0s
   200K .......... .......... .......... .......... .......... 29% 4.08M 0s
   250K .......... .......... .......... .......... .......... 35% 4.04M 0s
   300K .......... .......... .......... .......... .......... 41% 2.59M 0s
   350K .......... .......... .......... .......... .......... 46% 8.21M 0s
   400K .......... .......... .......... .......... .......... 52% 4.70M 0s
   450K .......... .......... .......... .......... .......... 58% 2.96M 0s
   500K .......... .......... .......... .......... .......... 64% 5.71M 0s
   550K .......... .......... .......... .......... .......... 70% 3.68M 0s
   600K .......... .......... .......... .......... .......... 76% 3.22M 0s
   650K .......... .......... .......... .......... .......... 82% 7.70M 0s
   700K .......... .......... .......... .......... .......... 88% 4.08M 0s
   750K .......... .......... .......... .......... .......... 93% 2.64M 0s
   800K .......... .......... .......... .......... .......... 99% 2.32M 0s
   850K ..                                                    100% 4316G=0.3s

2018-05-16 14:34:58 (3.28 MB/s) - ‘../data/deliveryimages.acm.org/10.1145/3190000/3186064/images/www2018-73-fig2.jpg’ saved [872717/872717]

--2018-05-16 14:34:58--  http://deliveryimages.acm.org/10.1145/3190000/3186064/images/www2018-73-fig3.jpg
Connecting to deliveryimages.acm.org (deliveryimages.acm.org)|104.17.79.191|:80... connected.
HTTP request sent, awaiting response... 301 Moved Permanently
Location: https://deliveryimages.acm.org/10.1145/3190000/3186064/images/www2018-73-fig3.jpg [following]
--2018-05-16 14:34:58--  https://deliveryimages.acm.org/10.1145/3190000/3186064/images/www2018-73-fig3.jpg
Connecting to deliveryimages.acm.org (deliveryimages.acm.org)|104.17.79.191|:443... connected.
HTTP request sent, awaiting response... 200 OK
Length: 85660 (84K) [image/jpeg]
Saving to: ‘../data/deliveryimages.acm.org/10.1145/3190000/3186064/images/www2018-73-fig3.jpg’

     0K .......... .......... .......... .......... .......... 59% 1.21M 0s
    50K .......... .......... .......... ...                  100% 2.64M=0.05s

2018-05-16 14:34:58 (1.55 MB/s) - ‘../data/deliveryimages.acm.org/10.1145/3190000/3186064/images/www2018-73-fig3.jpg’ saved [85660/85660]

--2018-05-16 14:34:58--  http://deliveryimages.acm.org/10.1145/3190000/3186064/images/www2018-73-fig4.jpg
Connecting to deliveryimages.acm.org (deliveryimages.acm.org)|104.17.79.191|:80... connected.
HTTP request sent, awaiting response... 301 Moved Permanently
Location: https://deliveryimages.acm.org/10.1145/3190000/3186064/images/www2018-73-fig4.jpg [following]
--2018-05-16 14:34:58--  https://deliveryimages.acm.org/10.1145/3190000/3186064/images/www2018-73-fig4.jpg
Connecting to deliveryimages.acm.org (deliveryimages.acm.org)|104.17.79.191|:443... connected.
HTTP request sent, awaiting response... 200 OK
Length: 149582 (146K) [image/jpeg]
Saving to: ‘../data/deliveryimages.acm.org/10.1145/3190000/3186064/images/www2018-73-fig4.jpg’

     0K .......... .......... .......... .......... .......... 34% 1.46M 0s
    50K .......... .......... .......... .......... .......... 68% 5.04M 0s
   100K .......... .......... .......... .......... ......    100% 4.91M=0.05s

2018-05-16 14:34:58 (2.72 MB/s) - ‘../data/deliveryimages.acm.org/10.1145/3190000/3186064/images/www2018-73-fig4.jpg’ saved [149582/149582]

--2018-05-16 14:34:58--  http://deliveryimages.acm.org/10.1145/3190000/3186064/images/www2018-73-fig5.jpg
Connecting to deliveryimages.acm.org (deliveryimages.acm.org)|104.17.79.191|:80... connected.
HTTP request sent, awaiting response... 301 Moved Permanently
Location: https://deliveryimages.acm.org/10.1145/3190000/3186064/images/www2018-73-fig5.jpg [following]
--2018-05-16 14:34:59--  https://deliveryimages.acm.org/10.1145/3190000/3186064/images/www2018-73-fig5.jpg
Connecting to deliveryimages.acm.org (deliveryimages.acm.org)|104.17.79.191|:443... connected.
HTTP request sent, awaiting response... 200 OK
Length: 1046478 (1022K) [image/jpeg]
Saving to: ‘../data/deliveryimages.acm.org/10.1145/3190000/3186064/images/www2018-73-fig5.jpg’

     0K .......... .......... .......... .......... ..........  4%  836K 1s
    50K .......... .......... .......... .......... ..........  9% 3.87M 1s
   100K .......... .......... .......... .......... .......... 14% 3.18M 1s
   150K .......... .......... .......... .......... .......... 19% 3.92M 0s
   200K .......... .......... .......... .......... .......... 24% 5.50M 0s
   250K .......... .......... .......... .......... .......... 29% 3.31M 0s
   300K .......... .......... .......... .......... .......... 34% 5.33M 0s
   350K .......... .......... .......... .......... .......... 39% 2.91M 0s
   400K .......... .......... .......... .......... .......... 44% 4.32M 0s
   450K .......... .......... .......... .......... .......... 48% 3.44M 0s
   500K .......... .......... .......... .......... .......... 53% 2.26M 0s
   550K .......... .......... .......... .......... .......... 58% 6.68M 0s
   600K .......... .......... .......... .......... .......... 63% 6.91M 0s
   650K .......... .......... .......... .......... .......... 68% 2.71M 0s
   700K .......... .......... .......... .......... .......... 73% 14.3M 0s
   750K .......... .......... .......... .......... .......... 78% 2.34M 0s
   800K .......... .......... .......... .......... .......... 83% 4.44M 0s
   850K .......... .......... .......... .......... .......... 88% 4.59M 0s
   900K .......... .......... .......... .......... .......... 92% 1.22M 0s
   950K .......... .......... .......... .......... .......... 97% 3.40M 0s
  1000K .......... .......... .                               100% 4.45M=0.3s

2018-05-16 14:34:59 (2.99 MB/s) - ‘../data/deliveryimages.acm.org/10.1145/3190000/3186064/images/www2018-73-fig5.jpg’ saved [1046478/1046478]

--2018-05-16 14:34:59--  http://deliveryimages.acm.org/10.1145/3190000/3186064/images/www2018-73-fig6.jpg
Connecting to deliveryimages.acm.org (deliveryimages.acm.org)|104.17.79.191|:80... connected.
HTTP request sent, awaiting response... 301 Moved Permanently
Location: https://deliveryimages.acm.org/10.1145/3190000/3186064/images/www2018-73-fig6.jpg [following]
--2018-05-16 14:34:59--  https://deliveryimages.acm.org/10.1145/3190000/3186064/images/www2018-73-fig6.jpg
Connecting to deliveryimages.acm.org (deliveryimages.acm.org)|104.17.79.191|:443... connected.
HTTP request sent, awaiting response... 200 OK
Length: 1194920 (1.1M) [image/jpeg]
Saving to: ‘../data/deliveryimages.acm.org/10.1145/3190000/3186064/images/www2018-73-fig6.jpg’

     0K .......... .......... .......... .......... ..........  4% 1.16M 1s
    50K .......... .......... .......... .......... ..........  8% 2.57M 1s
   100K .......... .......... .......... .......... .......... 12% 5.46M 0s
   150K .......... .......... .......... .......... .......... 17% 3.25M 0s
   200K .......... .......... .......... .......... .......... 21% 3.34M 0s
   250K .......... .......... .......... .......... .......... 25% 2.97M 0s
   300K .......... .......... .......... .......... .......... 29% 19.1M 0s
   350K .......... .......... .......... .......... .......... 34% 1.12M 0s
   400K .......... .......... .......... .......... .......... 38% 5.16M 0s
   450K .......... .......... .......... .......... .......... 42%  182M 0s
   500K .......... .......... .......... .......... .......... 47% 10.6M 0s
   550K .......... .......... .......... .......... .......... 51% 7.08M 0s
   600K .......... .......... .......... .......... .......... 55% 5.80M 0s
   650K .......... .......... .......... .......... .......... 59% 4.18M 0s
   700K .......... .......... .......... .......... .......... 64% 2.92M 0s
   750K .......... .......... .......... .......... .......... 68% 3.51M 0s
   800K .......... .......... .......... .......... .......... 72% 6.37M 0s
   850K .......... .......... .......... .......... .......... 77% 4.27M 0s
   900K .......... .......... .......... .......... .......... 81% 3.87M 0s
   950K .......... .......... .......... .......... .......... 85% 4.24M 0s
  1000K .......... .......... .......... .......... .......... 89% 2.92M 0s
  1050K .......... .......... .......... .......... .......... 94% 4.88M 0s
  1100K .......... .......... .......... .......... .......... 98% 7.26M 0s
  1150K .......... ......                                     100% 5.01M=0.3s

2018-05-16 14:35:00 (3.63 MB/s) - ‘../data/deliveryimages.acm.org/10.1145/3190000/3186064/images/www2018-73-fig6.jpg’ saved [1194920/1194920]

--2018-05-16 14:35:00--  http://deliveryimages.acm.org/10.1145/3190000/3186064/images/www2018-73-fig7.jpg
Connecting to deliveryimages.acm.org (deliveryimages.acm.org)|104.17.79.191|:80... connected.
HTTP request sent, awaiting response... 301 Moved Permanently
Location: https://deliveryimages.acm.org/10.1145/3190000/3186064/images/www2018-73-fig7.jpg [following]
--2018-05-16 14:35:00--  https://deliveryimages.acm.org/10.1145/3190000/3186064/images/www2018-73-fig7.jpg
Connecting to deliveryimages.acm.org (deliveryimages.acm.org)|104.17.79.191|:443... connected.
HTTP request sent, awaiting response... 200 OK
Length: 76295 (75K) [image/jpeg]
Saving to: ‘../data/deliveryimages.acm.org/10.1145/3190000/3186064/images/www2018-73-fig7.jpg’

     0K .......... .......... .......... .......... .......... 67% 1.60M 0s
    50K .......... .......... ....                            100% 3.96M=0.04s

2018-05-16 14:35:00 (1.99 MB/s) - ‘../data/deliveryimages.acm.org/10.1145/3190000/3186064/images/www2018-73-fig7.jpg’ saved [76295/76295]

--2018-05-16 14:35:00--  http://deliveryimages.acm.org/10.1145/3190000/3186064/images/www2018-73-fig8.jpg
Connecting to deliveryimages.acm.org (deliveryimages.acm.org)|104.17.79.191|:80... connected.
HTTP request sent, awaiting response... 301 Moved Permanently
Location: https://deliveryimages.acm.org/10.1145/3190000/3186064/images/www2018-73-fig8.jpg [following]
--2018-05-16 14:35:00--  https://deliveryimages.acm.org/10.1145/3190000/3186064/images/www2018-73-fig8.jpg
Connecting to deliveryimages.acm.org (deliveryimages.acm.org)|104.17.79.191|:443... connected.
HTTP request sent, awaiting response... 200 OK
Length: 146179 (143K) [image/jpeg]
Saving to: ‘../data/deliveryimages.acm.org/10.1145/3190000/3186064/images/www2018-73-fig8.jpg’

     0K .......... .......... .......... .......... .......... 35% 1.50M 0s
    50K .......... .......... .......... .......... .......... 70% 2.54M 0s
   100K .......... .......... .......... .......... ..        100% 4.69M=0.06s

2018-05-16 14:35:01 (2.29 MB/s) - ‘../data/deliveryimages.acm.org/10.1145/3190000/3186064/images/www2018-73-fig8.jpg’ saved [146179/146179]

FINISHED --2018-05-16 14:35:01--
Total wall clock time: 4.1s
Downloaded: 9 files, 4.0M in 1.4s (2.93 MB/s)
Converting links in ../data/delivery.acm.org/10.1145/3190000/3186064/p1523-feng.html?ip=24.48.71.56&id=3186064&acc=OPENTOC&key=4D4702B0C3E38B35.4D4702B0C3E38B35.4D4702B0C3E38B35.4DD68F0663C025AA&__acm__=1526495996_c9869f58b81005bf5d416e6bcb1194e6... 153-0
Converted links in 1 files in 0.006 seconds.
