--2018-05-16 15:20:15--  http://delivery.acm.org/10.1145/3190000/3186356/p409-ghosh.html?ip=24.48.71.56&id=3186356&acc=OPENTOC&key=4D4702B0C3E38B35%2E4D4702B0C3E38B35%2E4D4702B0C3E38B35%2E4DD68F0663C025AA&__acm__=1526498715_ca61eb123784898baaab2bfe64ebd05a
Resolving delivery.acm.org (delivery.acm.org)... 24.200.120.90, 24.200.120.82
Connecting to delivery.acm.org (delivery.acm.org)|24.200.120.90|:80... connected.
HTTP request sent, awaiting response... 200 OK
Length: 85551 (84K) [text/html]
Saving to: ‘../data/delivery.acm.org/10.1145/3190000/3186356/p409-ghosh.html?ip=24.48.71.56&id=3186356&acc=OPENTOC&key=4D4702B0C3E38B35.4D4702B0C3E38B35.4D4702B0C3E38B35.4DD68F0663C025AA&__acm__=1526498715_ca61eb123784898baaab2bfe64ebd05a’

     0K .......... .......... .......... .......... .......... 59% 2.09M 0s
    50K .......... .......... .......... ...                  100% 17.1M=0.03s

2018-05-16 15:20:16 (3.23 MB/s) - ‘../data/delivery.acm.org/10.1145/3190000/3186356/p409-ghosh.html?ip=24.48.71.56&id=3186356&acc=OPENTOC&key=4D4702B0C3E38B35.4D4702B0C3E38B35.4D4702B0C3E38B35.4DD68F0663C025AA&__acm__=1526498715_ca61eb123784898baaab2bfe64ebd05a’ saved [85551/85551]

--2018-05-16 15:20:16--  http://deliveryimages.acm.org/10.1145/3190000/3186356/images/www18companion-118-fig1.jpg
Resolving deliveryimages.acm.org (deliveryimages.acm.org)... 104.17.79.191, 104.17.80.191
Connecting to deliveryimages.acm.org (deliveryimages.acm.org)|104.17.79.191|:80... connected.
HTTP request sent, awaiting response... 301 Moved Permanently
Location: https://deliveryimages.acm.org/10.1145/3190000/3186356/images/www18companion-118-fig1.jpg [following]
--2018-05-16 15:20:16--  https://deliveryimages.acm.org/10.1145/3190000/3186356/images/www18companion-118-fig1.jpg
Connecting to deliveryimages.acm.org (deliveryimages.acm.org)|104.17.79.191|:443... connected.
HTTP request sent, awaiting response... 200 OK
Length: 270435 (264K) [image/jpeg]
Saving to: ‘../data/deliveryimages.acm.org/10.1145/3190000/3186356/images/www18companion-118-fig1.jpg’

     0K .......... .......... .......... .......... .......... 18% 1.68M 0s
    50K .......... .......... .......... .......... .......... 37% 2.47M 0s
   100K .......... .......... .......... .......... .......... 56% 3.12M 0s
   150K .......... .......... .......... .......... .......... 75% 5.23M 0s
   200K .......... .......... .......... .......... .......... 94% 6.27M 0s
   250K .......... ....                                       100% 8.75M=0.08s

2018-05-16 15:20:16 (3.10 MB/s) - ‘../data/deliveryimages.acm.org/10.1145/3190000/3186356/images/www18companion-118-fig1.jpg’ saved [270435/270435]

--2018-05-16 15:20:16--  http://deliveryimages.acm.org/10.1145/3190000/3186356/images/www18companion-118-fig2.jpg
Connecting to deliveryimages.acm.org (deliveryimages.acm.org)|104.17.79.191|:80... connected.
HTTP request sent, awaiting response... 301 Moved Permanently
Location: https://deliveryimages.acm.org/10.1145/3190000/3186356/images/www18companion-118-fig2.jpg [following]
--2018-05-16 15:20:16--  https://deliveryimages.acm.org/10.1145/3190000/3186356/images/www18companion-118-fig2.jpg
Connecting to deliveryimages.acm.org (deliveryimages.acm.org)|104.17.79.191|:443... connected.
HTTP request sent, awaiting response... 200 OK
Length: 63727 (62K) [image/jpeg]
Saving to: ‘../data/deliveryimages.acm.org/10.1145/3190000/3186356/images/www18companion-118-fig2.jpg’

     0K .......... .......... .......... .......... .......... 80% 1.23M 0s
    50K .......... ..                                         100% 3.79M=0.04s

2018-05-16 15:20:16 (1.42 MB/s) - ‘../data/deliveryimages.acm.org/10.1145/3190000/3186356/images/www18companion-118-fig2.jpg’ saved [63727/63727]

--2018-05-16 15:20:16--  http://deliveryimages.acm.org/10.1145/3190000/3186356/images/www18companion-118-img1.svg
Connecting to deliveryimages.acm.org (deliveryimages.acm.org)|104.17.79.191|:80... connected.
HTTP request sent, awaiting response... 301 Moved Permanently
Location: https://deliveryimages.acm.org/10.1145/3190000/3186356/images/www18companion-118-img1.svg [following]
--2018-05-16 15:20:16--  https://deliveryimages.acm.org/10.1145/3190000/3186356/images/www18companion-118-img1.svg
Connecting to deliveryimages.acm.org (deliveryimages.acm.org)|104.17.79.191|:443... connected.
HTTP request sent, awaiting response... 200 OK
Length: 212252 (207K) [image/svg+xml]
Saving to: ‘../data/deliveryimages.acm.org/10.1145/3190000/3186356/images/www18companion-118-img1.svg’

     0K .......... .......... .......... .......... .......... 24% 1.33M 0s
    50K .......... .......... .......... .......... .......... 48% 3.60M 0s
   100K .......... .......... .......... .......... .......... 72% 3.47M 0s
   150K .......... .......... .......... .......... .......... 96% 4.12M 0s
   200K .......                                               100% 5.22M=0.08s

2018-05-16 15:20:17 (2.61 MB/s) - ‘../data/deliveryimages.acm.org/10.1145/3190000/3186356/images/www18companion-118-img1.svg’ saved [212252/212252]

--2018-05-16 15:20:17--  http://deliveryimages.acm.org/10.1145/3190000/3186356/images/www18companion-118-fig3.jpg
Connecting to deliveryimages.acm.org (deliveryimages.acm.org)|104.17.79.191|:80... connected.
HTTP request sent, awaiting response... 301 Moved Permanently
Location: https://deliveryimages.acm.org/10.1145/3190000/3186356/images/www18companion-118-fig3.jpg [following]
--2018-05-16 15:20:17--  https://deliveryimages.acm.org/10.1145/3190000/3186356/images/www18companion-118-fig3.jpg
Connecting to deliveryimages.acm.org (deliveryimages.acm.org)|104.17.79.191|:443... connected.
HTTP request sent, awaiting response... 200 OK
Length: 117026 (114K) [image/jpeg]
Saving to: ‘../data/deliveryimages.acm.org/10.1145/3190000/3186356/images/www18companion-118-fig3.jpg’

     0K .......... .......... .......... .......... .......... 43% 1.05M 0s
    50K .......... .......... .......... .......... .......... 87% 2.04M 0s
   100K .......... ....                                       100% 2.46M=0.08s

2018-05-16 15:20:17 (1.47 MB/s) - ‘../data/deliveryimages.acm.org/10.1145/3190000/3186356/images/www18companion-118-fig3.jpg’ saved [117026/117026]

FINISHED --2018-05-16 15:20:17--
Total wall clock time: 1.5s
Downloaded: 5 files, 731K in 0.3s (2.34 MB/s)
Converting links in ../data/delivery.acm.org/10.1145/3190000/3186356/p409-ghosh.html?ip=24.48.71.56&id=3186356&acc=OPENTOC&key=4D4702B0C3E38B35.4D4702B0C3E38B35.4D4702B0C3E38B35.4DD68F0663C025AA&__acm__=1526498715_ca61eb123784898baaab2bfe64ebd05a... 39-0
Converted links in 1 files in 0.002 seconds.
