--2018-05-16 14:29:19--  http://delivery.acm.org/10.1145/3190000/3186005/p1063-peng.html?ip=24.48.71.56&id=3186005&acc=OPENTOC&key=4D4702B0C3E38B35%2E4D4702B0C3E38B35%2E4D4702B0C3E38B35%2E4DD68F0663C025AA&__acm__=1526495658_d440914dd7dac784db99e7da282161dc
Resolving delivery.acm.org (delivery.acm.org)... 24.200.120.90, 24.200.120.82
Connecting to delivery.acm.org (delivery.acm.org)|24.200.120.90|:80... connected.
HTTP request sent, awaiting response... 200 OK
Length: 112518 (110K) [text/html]
Saving to: ‘../data/delivery.acm.org/10.1145/3190000/3186005/p1063-peng.html?ip=24.48.71.56&id=3186005&acc=OPENTOC&key=4D4702B0C3E38B35.4D4702B0C3E38B35.4D4702B0C3E38B35.4DD68F0663C025AA&__acm__=1526495658_d440914dd7dac784db99e7da282161dc’

     0K .......... .......... .......... .......... .......... 45% 2.28M 0s
    50K .......... .......... .......... .......... .......... 91% 3.26M 0s
   100K .........                                             100% 8.07M=0.04s

2018-05-16 14:29:19 (2.85 MB/s) - ‘../data/delivery.acm.org/10.1145/3190000/3186005/p1063-peng.html?ip=24.48.71.56&id=3186005&acc=OPENTOC&key=4D4702B0C3E38B35.4D4702B0C3E38B35.4D4702B0C3E38B35.4DD68F0663C025AA&__acm__=1526495658_d440914dd7dac784db99e7da282161dc’ saved [112518/112518]

--2018-05-16 14:29:19--  http://deliveryimages.acm.org/10.1145/3190000/3186005/images/www2018-14-fig1.jpg
Resolving deliveryimages.acm.org (deliveryimages.acm.org)... 104.17.80.191, 104.17.79.191
Connecting to deliveryimages.acm.org (deliveryimages.acm.org)|104.17.80.191|:80... connected.
HTTP request sent, awaiting response... 301 Moved Permanently
Location: https://deliveryimages.acm.org/10.1145/3190000/3186005/images/www2018-14-fig1.jpg [following]
--2018-05-16 14:29:19--  https://deliveryimages.acm.org/10.1145/3190000/3186005/images/www2018-14-fig1.jpg
Connecting to deliveryimages.acm.org (deliveryimages.acm.org)|104.17.80.191|:443... connected.
HTTP request sent, awaiting response... 200 OK
Length: 100040 (98K) [image/jpeg]
Saving to: ‘../data/deliveryimages.acm.org/10.1145/3190000/3186005/images/www2018-14-fig1.jpg’

     0K .......... .......... .......... .......... .......... 51%  282K 0s
    50K .......... .......... .......... .......... .......   100%  578K=0.3s

2018-05-16 14:29:20 (376 KB/s) - ‘../data/deliveryimages.acm.org/10.1145/3190000/3186005/images/www2018-14-fig1.jpg’ saved [100040/100040]

--2018-05-16 14:29:20--  http://deliveryimages.acm.org/10.1145/3190000/3186005/images/www2018-14-fig2.jpg
Connecting to deliveryimages.acm.org (deliveryimages.acm.org)|104.17.80.191|:80... connected.
HTTP request sent, awaiting response... 301 Moved Permanently
Location: https://deliveryimages.acm.org/10.1145/3190000/3186005/images/www2018-14-fig2.jpg [following]
--2018-05-16 14:29:20--  https://deliveryimages.acm.org/10.1145/3190000/3186005/images/www2018-14-fig2.jpg
Connecting to deliveryimages.acm.org (deliveryimages.acm.org)|104.17.80.191|:443... connected.
HTTP request sent, awaiting response... 200 OK
Length: 142608 (139K) [image/jpeg]
Saving to: ‘../data/deliveryimages.acm.org/10.1145/3190000/3186005/images/www2018-14-fig2.jpg’

     0K .......... .......... .......... .......... .......... 35% 1.27M 0s
    50K .......... .......... .......... .......... .......... 71% 2.66M 0s
   100K .......... .......... .......... .........            100% 5.94M=0.06s

2018-05-16 14:29:20 (2.15 MB/s) - ‘../data/deliveryimages.acm.org/10.1145/3190000/3186005/images/www2018-14-fig2.jpg’ saved [142608/142608]

--2018-05-16 14:29:20--  http://deliveryimages.acm.org/10.1145/3190000/3186005/images/www2018-14-fig3.jpg
Connecting to deliveryimages.acm.org (deliveryimages.acm.org)|104.17.80.191|:80... connected.
HTTP request sent, awaiting response... 301 Moved Permanently
Location: https://deliveryimages.acm.org/10.1145/3190000/3186005/images/www2018-14-fig3.jpg [following]
--2018-05-16 14:29:20--  https://deliveryimages.acm.org/10.1145/3190000/3186005/images/www2018-14-fig3.jpg
Connecting to deliveryimages.acm.org (deliveryimages.acm.org)|104.17.80.191|:443... connected.
HTTP request sent, awaiting response... 200 OK
Length: 71626 (70K) [image/jpeg]
Saving to: ‘../data/deliveryimages.acm.org/10.1145/3190000/3186005/images/www2018-14-fig3.jpg’

     0K .......... .......... .......... .......... .......... 71% 1.17M 0s
    50K .......... .........                                  100% 7.86M=0.04s

2018-05-16 14:29:20 (1.55 MB/s) - ‘../data/deliveryimages.acm.org/10.1145/3190000/3186005/images/www2018-14-fig3.jpg’ saved [71626/71626]

--2018-05-16 14:29:20--  http://deliveryimages.acm.org/10.1145/3190000/3186005/images/www2018-14-fig4.jpg
Connecting to deliveryimages.acm.org (deliveryimages.acm.org)|104.17.80.191|:80... connected.
HTTP request sent, awaiting response... 301 Moved Permanently
Location: https://deliveryimages.acm.org/10.1145/3190000/3186005/images/www2018-14-fig4.jpg [following]
--2018-05-16 14:29:21--  https://deliveryimages.acm.org/10.1145/3190000/3186005/images/www2018-14-fig4.jpg
Connecting to deliveryimages.acm.org (deliveryimages.acm.org)|104.17.80.191|:443... connected.
HTTP request sent, awaiting response... 200 OK
Length: 47534 (46K) [image/jpeg]
Saving to: ‘../data/deliveryimages.acm.org/10.1145/3190000/3186005/images/www2018-14-fig4.jpg’

     0K .......... .......... .......... .......... ......    100% 1.28M=0.04s

2018-05-16 14:29:21 (1.28 MB/s) - ‘../data/deliveryimages.acm.org/10.1145/3190000/3186005/images/www2018-14-fig4.jpg’ saved [47534/47534]

--2018-05-16 14:29:21--  http://deliveryimages.acm.org/10.1145/3190000/3186005/images/www2018-14-fig5.jpg
Connecting to deliveryimages.acm.org (deliveryimages.acm.org)|104.17.80.191|:80... connected.
HTTP request sent, awaiting response... 301 Moved Permanently
Location: https://deliveryimages.acm.org/10.1145/3190000/3186005/images/www2018-14-fig5.jpg [following]
--2018-05-16 14:29:21--  https://deliveryimages.acm.org/10.1145/3190000/3186005/images/www2018-14-fig5.jpg
Connecting to deliveryimages.acm.org (deliveryimages.acm.org)|104.17.80.191|:443... connected.
HTTP request sent, awaiting response... 200 OK
Length: 23269 (23K) [image/jpeg]
Saving to: ‘../data/deliveryimages.acm.org/10.1145/3190000/3186005/images/www2018-14-fig5.jpg’

     0K .......... .......... ..                              100%  755K=0.03s

2018-05-16 14:29:21 (755 KB/s) - ‘../data/deliveryimages.acm.org/10.1145/3190000/3186005/images/www2018-14-fig5.jpg’ saved [23269/23269]

--2018-05-16 14:29:21--  http://deliveryimages.acm.org/10.1145/3190000/3186005/images/www2018-14-fig6.jpg
Connecting to deliveryimages.acm.org (deliveryimages.acm.org)|104.17.80.191|:80... connected.
HTTP request sent, awaiting response... 301 Moved Permanently
Location: https://deliveryimages.acm.org/10.1145/3190000/3186005/images/www2018-14-fig6.jpg [following]
--2018-05-16 14:29:21--  https://deliveryimages.acm.org/10.1145/3190000/3186005/images/www2018-14-fig6.jpg
Connecting to deliveryimages.acm.org (deliveryimages.acm.org)|104.17.80.191|:443... connected.
HTTP request sent, awaiting response... 200 OK
Length: 24601 (24K) [image/jpeg]
Saving to: ‘../data/deliveryimages.acm.org/10.1145/3190000/3186005/images/www2018-14-fig6.jpg’

     0K .......... .......... ....                            100% 1.20M=0.02s

2018-05-16 14:29:22 (1.20 MB/s) - ‘../data/deliveryimages.acm.org/10.1145/3190000/3186005/images/www2018-14-fig6.jpg’ saved [24601/24601]

FINISHED --2018-05-16 14:29:22--
Total wall clock time: 3.5s
Downloaded: 7 files, 510K in 0.5s (1.02 MB/s)
Converting links in ../data/delivery.acm.org/10.1145/3190000/3186005/p1063-peng.html?ip=24.48.71.56&id=3186005&acc=OPENTOC&key=4D4702B0C3E38B35.4D4702B0C3E38B35.4D4702B0C3E38B35.4DD68F0663C025AA&__acm__=1526495658_d440914dd7dac784db99e7da282161dc... 163-0
Converted links in 1 files in 0.006 seconds.
