--2018-05-16 15:13:57--  http://delivery.acm.org/10.1145/3200000/3191532/p1023-upadhyay.html?ip=24.48.71.56&id=3191532&acc=OPENTOC&key=4D4702B0C3E38B35%2E4D4702B0C3E38B35%2E4D4702B0C3E38B35%2E4DD68F0663C025AA&__acm__=1526498337_68e865b676f9096a90c3cf677162a95b
Resolving delivery.acm.org (delivery.acm.org)... 24.200.120.82, 24.200.120.90
Connecting to delivery.acm.org (delivery.acm.org)|24.200.120.82|:80... connected.
HTTP request sent, awaiting response... 200 OK
Length: 84431 (82K) [text/html]
Saving to: ‘../data/delivery.acm.org/10.1145/3200000/3191532/p1023-upadhyay.html?ip=24.48.71.56&id=3191532&acc=OPENTOC&key=4D4702B0C3E38B35.4D4702B0C3E38B35.4D4702B0C3E38B35.4DD68F0663C025AA&__acm__=1526498337_68e865b676f9096a90c3cf677162a95b’

     0K .......... .......... .......... .......... .......... 60%  989K 0s
    50K .......... .......... .......... ..                   100%  929K=0.09s

2018-05-16 15:13:57 (964 KB/s) - ‘../data/delivery.acm.org/10.1145/3200000/3191532/p1023-upadhyay.html?ip=24.48.71.56&id=3191532&acc=OPENTOC&key=4D4702B0C3E38B35.4D4702B0C3E38B35.4D4702B0C3E38B35.4DD68F0663C025AA&__acm__=1526498337_68e865b676f9096a90c3cf677162a95b’ saved [84431/84431]

--2018-05-16 15:13:57--  http://deliveryimages.acm.org/10.1145/3200000/3191532/images/www18companion-271-fig1.jpg
Resolving deliveryimages.acm.org (deliveryimages.acm.org)... 104.17.79.191, 104.17.80.191
Connecting to deliveryimages.acm.org (deliveryimages.acm.org)|104.17.79.191|:80... connected.
HTTP request sent, awaiting response... 301 Moved Permanently
Location: https://deliveryimages.acm.org/10.1145/3200000/3191532/images/www18companion-271-fig1.jpg [following]
--2018-05-16 15:13:57--  https://deliveryimages.acm.org/10.1145/3200000/3191532/images/www18companion-271-fig1.jpg
Connecting to deliveryimages.acm.org (deliveryimages.acm.org)|104.17.79.191|:443... connected.
HTTP request sent, awaiting response... 200 OK
Length: 384396 (375K) [image/jpeg]
Saving to: ‘../data/deliveryimages.acm.org/10.1145/3200000/3191532/images/www18companion-271-fig1.jpg’

     0K .......... .......... .......... .......... .......... 13%  866K 0s
    50K .......... .......... .......... .......... .......... 26% 2.02M 0s
   100K .......... .......... .......... .......... .......... 39% 2.59M 0s
   150K .......... .......... .......... .......... .......... 53% 3.50M 0s
   200K .......... .......... .......... .......... .......... 66% 15.8M 0s
   250K .......... .......... .......... .......... .......... 79% 3.97M 0s
   300K .......... .......... .......... .......... .......... 93% 3.22M 0s
   350K .......... .......... .....                           100% 5.81M=0.1s

2018-05-16 15:13:57 (2.45 MB/s) - ‘../data/deliveryimages.acm.org/10.1145/3200000/3191532/images/www18companion-271-fig1.jpg’ saved [384396/384396]

--2018-05-16 15:13:57--  http://deliveryimages.acm.org/10.1145/3200000/3191532/images/www18companion-271-fig2.jpg
Connecting to deliveryimages.acm.org (deliveryimages.acm.org)|104.17.79.191|:80... connected.
HTTP request sent, awaiting response... 301 Moved Permanently
Location: https://deliveryimages.acm.org/10.1145/3200000/3191532/images/www18companion-271-fig2.jpg [following]
--2018-05-16 15:13:57--  https://deliveryimages.acm.org/10.1145/3200000/3191532/images/www18companion-271-fig2.jpg
Connecting to deliveryimages.acm.org (deliveryimages.acm.org)|104.17.79.191|:443... connected.
HTTP request sent, awaiting response... 200 OK
Length: 75300 (74K) [image/jpeg]
Saving to: ‘../data/deliveryimages.acm.org/10.1145/3200000/3191532/images/www18companion-271-fig2.jpg’

     0K .......... .......... .......... .......... .......... 67% 1.57M 0s
    50K .......... .......... ...                             100% 2.03M=0.04s

2018-05-16 15:13:58 (1.70 MB/s) - ‘../data/deliveryimages.acm.org/10.1145/3200000/3191532/images/www18companion-271-fig2.jpg’ saved [75300/75300]

--2018-05-16 15:13:58--  http://deliveryimages.acm.org/10.1145/3200000/3191532/images/www18companion-271-fig3.jpg
Connecting to deliveryimages.acm.org (deliveryimages.acm.org)|104.17.79.191|:80... connected.
HTTP request sent, awaiting response... 301 Moved Permanently
Location: https://deliveryimages.acm.org/10.1145/3200000/3191532/images/www18companion-271-fig3.jpg [following]
--2018-05-16 15:13:58--  https://deliveryimages.acm.org/10.1145/3200000/3191532/images/www18companion-271-fig3.jpg
Connecting to deliveryimages.acm.org (deliveryimages.acm.org)|104.17.79.191|:443... connected.
HTTP request sent, awaiting response... 200 OK
Length: 492600 (481K) [image/jpeg]
Saving to: ‘../data/deliveryimages.acm.org/10.1145/3200000/3191532/images/www18companion-271-fig3.jpg’

     0K .......... .......... .......... .......... .......... 10% 1.76M 0s
    50K .......... .......... .......... .......... .......... 20% 2.60M 0s
   100K .......... .......... .......... .......... .......... 31% 2.07M 0s
   150K .......... .......... .......... .......... .......... 41% 2.08M 0s
   200K .......... .......... .......... .......... .......... 51% 6.54M 0s
   250K .......... .......... .......... .......... .......... 62% 2.77M 0s
   300K .......... .......... .......... .......... .......... 72% 4.39M 0s
   350K .......... .......... .......... .......... .......... 83% 2.31M 0s
   400K .......... .......... .......... .......... .......... 93% 6.98M 0s
   450K .......... .......... .......... .                    100% 2.17M=0.2s

2018-05-16 15:13:58 (2.73 MB/s) - ‘../data/deliveryimages.acm.org/10.1145/3200000/3191532/images/www18companion-271-fig3.jpg’ saved [492600/492600]

FINISHED --2018-05-16 15:13:58--
Total wall clock time: 1.3s
Downloaded: 4 files, 1012K in 0.4s (2.20 MB/s)
Converting links in ../data/delivery.acm.org/10.1145/3200000/3191532/p1023-upadhyay.html?ip=24.48.71.56&id=3191532&acc=OPENTOC&key=4D4702B0C3E38B35.4D4702B0C3E38B35.4D4702B0C3E38B35.4DD68F0663C025AA&__acm__=1526498337_68e865b676f9096a90c3cf677162a95b... 85-0
Converted links in 1 files in 0.002 seconds.
