--2018-05-16 15:19:32--  http://delivery.acm.org/10.1145/3200000/3191824/p1943-chen.html?ip=24.48.71.56&id=3191824&acc=OPENTOC&key=4D4702B0C3E38B35%2E4D4702B0C3E38B35%2E4D4702B0C3E38B35%2E4DD68F0663C025AA&__acm__=1526498671_bee17e2da2148370c2aaf5da4823fa82
Resolving delivery.acm.org (delivery.acm.org)... 24.200.120.90, 24.200.120.82
Connecting to delivery.acm.org (delivery.acm.org)|24.200.120.90|:80... connected.
HTTP request sent, awaiting response... 200 OK
Length: 69754 (68K) [text/html]
Saving to: ‘../data/delivery.acm.org/10.1145/3200000/3191824/p1943-chen.html?ip=24.48.71.56&id=3191824&acc=OPENTOC&key=4D4702B0C3E38B35.4D4702B0C3E38B35.4D4702B0C3E38B35.4DD68F0663C025AA&__acm__=1526498671_bee17e2da2148370c2aaf5da4823fa82’

     0K .......... .......... .......... .......... .......... 73% 1.89M 0s
    50K .......... ........                                   100% 3.53M=0.03s

2018-05-16 15:19:32 (2.16 MB/s) - ‘../data/delivery.acm.org/10.1145/3200000/3191824/p1943-chen.html?ip=24.48.71.56&id=3191824&acc=OPENTOC&key=4D4702B0C3E38B35.4D4702B0C3E38B35.4D4702B0C3E38B35.4DD68F0663C025AA&__acm__=1526498671_bee17e2da2148370c2aaf5da4823fa82’ saved [69754/69754]

--2018-05-16 15:19:32--  http://deliveryimages.acm.org/10.1145/3200000/3191824/images/www18companion-401-fig1.jpg
Resolving deliveryimages.acm.org (deliveryimages.acm.org)... 104.17.79.191, 104.17.80.191
Connecting to deliveryimages.acm.org (deliveryimages.acm.org)|104.17.79.191|:80... connected.
HTTP request sent, awaiting response... 301 Moved Permanently
Location: https://deliveryimages.acm.org/10.1145/3200000/3191824/images/www18companion-401-fig1.jpg [following]
--2018-05-16 15:19:32--  https://deliveryimages.acm.org/10.1145/3200000/3191824/images/www18companion-401-fig1.jpg
Connecting to deliveryimages.acm.org (deliveryimages.acm.org)|104.17.79.191|:443... connected.
HTTP request sent, awaiting response... 200 OK
Length: 67462 (66K) [image/jpeg]
Saving to: ‘../data/deliveryimages.acm.org/10.1145/3200000/3191824/images/www18companion-401-fig1.jpg’

     0K .......... .......... .......... .......... .......... 75%  681K 0s
    50K .......... .....                                      100%  882K=0.09s

2018-05-16 15:19:33 (720 KB/s) - ‘../data/deliveryimages.acm.org/10.1145/3200000/3191824/images/www18companion-401-fig1.jpg’ saved [67462/67462]

--2018-05-16 15:19:33--  http://deliveryimages.acm.org/10.1145/3200000/3191824/images/www18companion-401-fig2.jpg
Connecting to deliveryimages.acm.org (deliveryimages.acm.org)|104.17.79.191|:80... connected.
HTTP request sent, awaiting response... 301 Moved Permanently
Location: https://deliveryimages.acm.org/10.1145/3200000/3191824/images/www18companion-401-fig2.jpg [following]
--2018-05-16 15:19:33--  https://deliveryimages.acm.org/10.1145/3200000/3191824/images/www18companion-401-fig2.jpg
Connecting to deliveryimages.acm.org (deliveryimages.acm.org)|104.17.79.191|:443... connected.
HTTP request sent, awaiting response... 200 OK
Length: 50022 (49K) [image/jpeg]
Saving to: ‘../data/deliveryimages.acm.org/10.1145/3200000/3191824/images/www18companion-401-fig2.jpg’

     0K .......... .......... .......... .......... ........  100% 1.06M=0.05s

2018-05-16 15:19:33 (1.06 MB/s) - ‘../data/deliveryimages.acm.org/10.1145/3200000/3191824/images/www18companion-401-fig2.jpg’ saved [50022/50022]

--2018-05-16 15:19:33--  http://deliveryimages.acm.org/10.1145/3200000/3191824/images/www18companion-401-fig3.jpg
Connecting to deliveryimages.acm.org (deliveryimages.acm.org)|104.17.79.191|:80... connected.
HTTP request sent, awaiting response... 301 Moved Permanently
Location: https://deliveryimages.acm.org/10.1145/3200000/3191824/images/www18companion-401-fig3.jpg [following]
--2018-05-16 15:19:33--  https://deliveryimages.acm.org/10.1145/3200000/3191824/images/www18companion-401-fig3.jpg
Connecting to deliveryimages.acm.org (deliveryimages.acm.org)|104.17.79.191|:443... connected.
HTTP request sent, awaiting response... 200 OK
Length: 74994 (73K) [image/jpeg]
Saving to: ‘../data/deliveryimages.acm.org/10.1145/3200000/3191824/images/www18companion-401-fig3.jpg’

     0K .......... .......... .......... .......... .......... 68% 1.30M 0s
    50K .......... .......... ...                             100% 2.17M=0.05s

2018-05-16 15:19:33 (1.49 MB/s) - ‘../data/deliveryimages.acm.org/10.1145/3200000/3191824/images/www18companion-401-fig3.jpg’ saved [74994/74994]

--2018-05-16 15:19:33--  http://deliveryimages.acm.org/10.1145/3200000/3191824/images/www18companion-401-fig4.jpg
Connecting to deliveryimages.acm.org (deliveryimages.acm.org)|104.17.79.191|:80... connected.
HTTP request sent, awaiting response... 301 Moved Permanently
Location: https://deliveryimages.acm.org/10.1145/3200000/3191824/images/www18companion-401-fig4.jpg [following]
--2018-05-16 15:19:33--  https://deliveryimages.acm.org/10.1145/3200000/3191824/images/www18companion-401-fig4.jpg
Connecting to deliveryimages.acm.org (deliveryimages.acm.org)|104.17.79.191|:443... connected.
HTTP request sent, awaiting response... 200 OK
Length: 74054 (72K) [image/jpeg]
Saving to: ‘../data/deliveryimages.acm.org/10.1145/3200000/3191824/images/www18companion-401-fig4.jpg’

     0K .......... .......... .......... .......... .......... 69% 1.06M 0s
    50K .......... .......... ..                              100% 2.22M=0.06s

2018-05-16 15:19:34 (1.26 MB/s) - ‘../data/deliveryimages.acm.org/10.1145/3200000/3191824/images/www18companion-401-fig4.jpg’ saved [74054/74054]

--2018-05-16 15:19:34--  http://deliveryimages.acm.org/10.1145/3200000/3191824/images/www18companion-401-fig5.jpg
Connecting to deliveryimages.acm.org (deliveryimages.acm.org)|104.17.79.191|:80... connected.
HTTP request sent, awaiting response... 301 Moved Permanently
Location: https://deliveryimages.acm.org/10.1145/3200000/3191824/images/www18companion-401-fig5.jpg [following]
--2018-05-16 15:19:34--  https://deliveryimages.acm.org/10.1145/3200000/3191824/images/www18companion-401-fig5.jpg
Connecting to deliveryimages.acm.org (deliveryimages.acm.org)|104.17.79.191|:443... connected.
HTTP request sent, awaiting response... 200 OK
Length: 81492 (80K) [image/jpeg]
Saving to: ‘../data/deliveryimages.acm.org/10.1145/3200000/3191824/images/www18companion-401-fig5.jpg’

     0K .......... .......... .......... .......... .......... 62% 1.77M 0s
    50K .......... .......... .........                       100% 4.31M=0.03s

2018-05-16 15:19:34 (2.27 MB/s) - ‘../data/deliveryimages.acm.org/10.1145/3200000/3191824/images/www18companion-401-fig5.jpg’ saved [81492/81492]

--2018-05-16 15:19:34--  http://deliveryimages.acm.org/10.1145/3200000/3191824/images/www18companion-401-fig6.jpg
Connecting to deliveryimages.acm.org (deliveryimages.acm.org)|104.17.79.191|:80... connected.
HTTP request sent, awaiting response... 301 Moved Permanently
Location: https://deliveryimages.acm.org/10.1145/3200000/3191824/images/www18companion-401-fig6.jpg [following]
--2018-05-16 15:19:34--  https://deliveryimages.acm.org/10.1145/3200000/3191824/images/www18companion-401-fig6.jpg
Connecting to deliveryimages.acm.org (deliveryimages.acm.org)|104.17.79.191|:443... connected.
HTTP request sent, awaiting response... 200 OK
Length: 53348 (52K) [image/jpeg]
Saving to: ‘../data/deliveryimages.acm.org/10.1145/3200000/3191824/images/www18companion-401-fig6.jpg’

     0K .......... .......... .......... .......... .......... 95%  947K 0s
    50K ..                                                    100%  586K=0.06s

2018-05-16 15:19:34 (924 KB/s) - ‘../data/deliveryimages.acm.org/10.1145/3200000/3191824/images/www18companion-401-fig6.jpg’ saved [53348/53348]

FINISHED --2018-05-16 15:19:34--
Total wall clock time: 2.0s
Downloaded: 7 files, 460K in 0.4s (1.24 MB/s)
Converting links in ../data/delivery.acm.org/10.1145/3200000/3191824/p1943-chen.html?ip=24.48.71.56&id=3191824&acc=OPENTOC&key=4D4702B0C3E38B35.4D4702B0C3E38B35.4D4702B0C3E38B35.4DD68F0663C025AA&__acm__=1526498671_bee17e2da2148370c2aaf5da4823fa82... 44-0
Converted links in 1 files in 0.003 seconds.
