--2018-05-16 14:26:59--  http://delivery.acm.org/10.1145/3190000/3186012/p1135-ran.html?ip=24.48.71.56&id=3186012&acc=OPENTOC&key=4D4702B0C3E38B35%2E4D4702B0C3E38B35%2E4D4702B0C3E38B35%2E4DD68F0663C025AA&__acm__=1526495518_e916661548a73e7715eb014863124120
Resolving delivery.acm.org (delivery.acm.org)... 24.200.120.82, 24.200.120.90
Connecting to delivery.acm.org (delivery.acm.org)|24.200.120.82|:80... connected.
HTTP request sent, awaiting response... 200 OK
Length: 93812 (92K) [text/html]
Saving to: ‘../data/delivery.acm.org/10.1145/3190000/3186012/p1135-ran.html?ip=24.48.71.56&id=3186012&acc=OPENTOC&key=4D4702B0C3E38B35.4D4702B0C3E38B35.4D4702B0C3E38B35.4DD68F0663C025AA&__acm__=1526495518_e916661548a73e7715eb014863124120’

     0K .......... .......... .......... .......... .......... 54% 1.49M 0s
    50K .......... .......... .......... .......... .         100% 18.8M=0.03s

2018-05-16 14:26:59 (2.57 MB/s) - ‘../data/delivery.acm.org/10.1145/3190000/3186012/p1135-ran.html?ip=24.48.71.56&id=3186012&acc=OPENTOC&key=4D4702B0C3E38B35.4D4702B0C3E38B35.4D4702B0C3E38B35.4DD68F0663C025AA&__acm__=1526495518_e916661548a73e7715eb014863124120’ saved [93812/93812]

--2018-05-16 14:26:59--  http://deliveryimages.acm.org/10.1145/3190000/3186012/images/www2018-21-fig1.jpg
Resolving deliveryimages.acm.org (deliveryimages.acm.org)... 104.17.80.191, 104.17.79.191
Connecting to deliveryimages.acm.org (deliveryimages.acm.org)|104.17.80.191|:80... connected.
HTTP request sent, awaiting response... 301 Moved Permanently
Location: https://deliveryimages.acm.org/10.1145/3190000/3186012/images/www2018-21-fig1.jpg [following]
--2018-05-16 14:26:59--  https://deliveryimages.acm.org/10.1145/3190000/3186012/images/www2018-21-fig1.jpg
Connecting to deliveryimages.acm.org (deliveryimages.acm.org)|104.17.80.191|:443... connected.
HTTP request sent, awaiting response... 200 OK
Length: 114839 (112K) [image/jpeg]
Saving to: ‘../data/deliveryimages.acm.org/10.1145/3190000/3186012/images/www2018-21-fig1.jpg’

     0K .......... .......... .......... .......... .......... 44% 1.33M 0s
    50K .......... .......... .......... .......... .......... 89% 2.32M 0s
   100K .......... ..                                         100% 40.9M=0.06s

2018-05-16 14:26:59 (1.89 MB/s) - ‘../data/deliveryimages.acm.org/10.1145/3190000/3186012/images/www2018-21-fig1.jpg’ saved [114839/114839]

--2018-05-16 14:26:59--  http://deliveryimages.acm.org/10.1145/3190000/3186012/images/www2018-21-fig2.jpg
Connecting to deliveryimages.acm.org (deliveryimages.acm.org)|104.17.80.191|:80... connected.
HTTP request sent, awaiting response... 301 Moved Permanently
Location: https://deliveryimages.acm.org/10.1145/3190000/3186012/images/www2018-21-fig2.jpg [following]
--2018-05-16 14:26:59--  https://deliveryimages.acm.org/10.1145/3190000/3186012/images/www2018-21-fig2.jpg
Connecting to deliveryimages.acm.org (deliveryimages.acm.org)|104.17.80.191|:443... connected.
HTTP request sent, awaiting response... 200 OK
Length: 31586 (31K) [image/jpeg]
Saving to: ‘../data/deliveryimages.acm.org/10.1145/3190000/3186012/images/www2018-21-fig2.jpg’

     0K .......... .......... ..........                      100% 1.28M=0.02s

2018-05-16 14:27:00 (1.28 MB/s) - ‘../data/deliveryimages.acm.org/10.1145/3190000/3186012/images/www2018-21-fig2.jpg’ saved [31586/31586]

--2018-05-16 14:27:00--  http://deliveryimages.acm.org/10.1145/3190000/3186012/images/www2018-21-img1.svg
Connecting to deliveryimages.acm.org (deliveryimages.acm.org)|104.17.80.191|:80... connected.
HTTP request sent, awaiting response... 301 Moved Permanently
Location: https://deliveryimages.acm.org/10.1145/3190000/3186012/images/www2018-21-img1.svg [following]
--2018-05-16 14:27:00--  https://deliveryimages.acm.org/10.1145/3190000/3186012/images/www2018-21-img1.svg
Connecting to deliveryimages.acm.org (deliveryimages.acm.org)|104.17.80.191|:443... connected.
HTTP request sent, awaiting response... 200 OK
Length: 134658 (132K) [image/svg+xml]
Saving to: ‘../data/deliveryimages.acm.org/10.1145/3190000/3186012/images/www2018-21-img1.svg’

     0K .......... .......... .......... .......... .......... 38% 1.68M 0s
    50K .......... .......... .......... .......... .......... 76% 2.90M 0s
   100K .......... .......... .......... .                    100% 3.36M=0.05s

2018-05-16 14:27:00 (2.34 MB/s) - ‘../data/deliveryimages.acm.org/10.1145/3190000/3186012/images/www2018-21-img1.svg’ saved [134658/134658]

--2018-05-16 14:27:00--  http://deliveryimages.acm.org/10.1145/3190000/3186012/images/www2018-21-fig3.jpg
Connecting to deliveryimages.acm.org (deliveryimages.acm.org)|104.17.80.191|:80... connected.
HTTP request sent, awaiting response... 301 Moved Permanently
Location: https://deliveryimages.acm.org/10.1145/3190000/3186012/images/www2018-21-fig3.jpg [following]
--2018-05-16 14:27:00--  https://deliveryimages.acm.org/10.1145/3190000/3186012/images/www2018-21-fig3.jpg
Connecting to deliveryimages.acm.org (deliveryimages.acm.org)|104.17.80.191|:443... connected.
HTTP request sent, awaiting response... 200 OK
Length: 121850 (119K) [image/jpeg]
Saving to: ‘../data/deliveryimages.acm.org/10.1145/3190000/3186012/images/www2018-21-fig3.jpg’

     0K .......... .......... .......... .......... .......... 42%  962K 0s
    50K .......... .......... .......... .......... .......... 84% 2.38M 0s
   100K .......... ........                                   100%  106M=0.07s

2018-05-16 14:27:00 (1.60 MB/s) - ‘../data/deliveryimages.acm.org/10.1145/3190000/3186012/images/www2018-21-fig3.jpg’ saved [121850/121850]

--2018-05-16 14:27:00--  http://deliveryimages.acm.org/10.1145/3190000/3186012/images/www2018-21-fig4.jpg
Connecting to deliveryimages.acm.org (deliveryimages.acm.org)|104.17.80.191|:80... connected.
HTTP request sent, awaiting response... 301 Moved Permanently
Location: https://deliveryimages.acm.org/10.1145/3190000/3186012/images/www2018-21-fig4.jpg [following]
--2018-05-16 14:27:00--  https://deliveryimages.acm.org/10.1145/3190000/3186012/images/www2018-21-fig4.jpg
Connecting to deliveryimages.acm.org (deliveryimages.acm.org)|104.17.80.191|:443... connected.
HTTP request sent, awaiting response... 200 OK
Length: 49715 (49K) [image/jpeg]
Saving to: ‘../data/deliveryimages.acm.org/10.1145/3190000/3186012/images/www2018-21-fig4.jpg’

     0K .......... .......... .......... .......... ........  100% 1.53M=0.03s

2018-05-16 14:27:01 (1.53 MB/s) - ‘../data/deliveryimages.acm.org/10.1145/3190000/3186012/images/www2018-21-fig4.jpg’ saved [49715/49715]

--2018-05-16 14:27:01--  http://deliveryimages.acm.org/10.1145/3190000/3186012/images/www2018-21-fig5.jpg
Connecting to deliveryimages.acm.org (deliveryimages.acm.org)|104.17.80.191|:80... connected.
HTTP request sent, awaiting response... 301 Moved Permanently
Location: https://deliveryimages.acm.org/10.1145/3190000/3186012/images/www2018-21-fig5.jpg [following]
--2018-05-16 14:27:01--  https://deliveryimages.acm.org/10.1145/3190000/3186012/images/www2018-21-fig5.jpg
Connecting to deliveryimages.acm.org (deliveryimages.acm.org)|104.17.80.191|:443... connected.
HTTP request sent, awaiting response... 200 OK
Length: 53445 (52K) [image/jpeg]
Saving to: ‘../data/deliveryimages.acm.org/10.1145/3190000/3186012/images/www2018-21-fig5.jpg’

     0K .......... .......... .......... .......... .......... 95% 1.81M 0s
    50K ..                                                    100% 55.4M=0.03s

2018-05-16 14:27:01 (1.88 MB/s) - ‘../data/deliveryimages.acm.org/10.1145/3190000/3186012/images/www2018-21-fig5.jpg’ saved [53445/53445]

FINISHED --2018-05-16 14:27:01--
Total wall clock time: 2.2s
Downloaded: 7 files, 586K in 0.3s (1.89 MB/s)
Converting links in ../data/delivery.acm.org/10.1145/3190000/3186012/p1135-ran.html?ip=24.48.71.56&id=3186012&acc=OPENTOC&key=4D4702B0C3E38B35.4D4702B0C3E38B35.4D4702B0C3E38B35.4DD68F0663C025AA&__acm__=1526495518_e916661548a73e7715eb014863124120... 105-0
Converted links in 1 files in 0.002 seconds.
