--2018-05-16 14:40:09--  http://delivery.acm.org/10.1145/3190000/3186059/p1469-ma.html?ip=24.48.71.56&id=3186059&acc=OPENTOC&key=4D4702B0C3E38B35%2E4D4702B0C3E38B35%2E4D4702B0C3E38B35%2E4DD68F0663C025AA&__acm__=1526496308_30be429fed34b7b4edb784090ce2b641
Resolving delivery.acm.org (delivery.acm.org)... 24.200.120.82, 24.200.120.90
Connecting to delivery.acm.org (delivery.acm.org)|24.200.120.82|:80... connected.
HTTP request sent, awaiting response... 200 OK
Length: 95179 (93K) [text/html]
Saving to: ‘../data/delivery.acm.org/10.1145/3190000/3186059/p1469-ma.html?ip=24.48.71.56&id=3186059&acc=OPENTOC&key=4D4702B0C3E38B35.4D4702B0C3E38B35.4D4702B0C3E38B35.4DD68F0663C025AA&__acm__=1526496308_30be429fed34b7b4edb784090ce2b641’

     0K .......... .......... .......... .......... .......... 53% 2.22M 0s
    50K .......... .......... .......... .......... ..        100% 4.09M=0.03s

2018-05-16 14:40:09 (2.81 MB/s) - ‘../data/delivery.acm.org/10.1145/3190000/3186059/p1469-ma.html?ip=24.48.71.56&id=3186059&acc=OPENTOC&key=4D4702B0C3E38B35.4D4702B0C3E38B35.4D4702B0C3E38B35.4DD68F0663C025AA&__acm__=1526496308_30be429fed34b7b4edb784090ce2b641’ saved [95179/95179]

--2018-05-16 14:40:09--  http://deliveryimages.acm.org/10.1145/3190000/3186059/android-app://org.wikipedia/http/en.m.wikipedia.org/wiki/World_Wide_Web
Resolving deliveryimages.acm.org (deliveryimages.acm.org)... 104.17.80.191, 104.17.79.191
Connecting to deliveryimages.acm.org (deliveryimages.acm.org)|104.17.80.191|:80... connected.
HTTP request sent, awaiting response... 301 Moved Permanently
Location: https://deliveryimages.acm.org/10.1145/3190000/3186059/android-app://org.wikipedia/http/en.m.wikipedia.org/wiki/World_Wide_Web [following]
--2018-05-16 14:40:09--  https://deliveryimages.acm.org/10.1145/3190000/3186059/android-app://org.wikipedia/http/en.m.wikipedia.org/wiki/World_Wide_Web
Connecting to deliveryimages.acm.org (deliveryimages.acm.org)|104.17.80.191|:443... connected.
HTTP request sent, awaiting response... 403 Forbidden
2018-05-16 14:40:09 ERROR 403: Forbidden.

--2018-05-16 14:40:09--  http://deliveryimages.acm.org/10.1145/3190000/3186059/images/www2018-68-fig1.jpg
Connecting to deliveryimages.acm.org (deliveryimages.acm.org)|104.17.80.191|:80... connected.
HTTP request sent, awaiting response... 301 Moved Permanently
Location: https://deliveryimages.acm.org/10.1145/3190000/3186059/images/www2018-68-fig1.jpg [following]
--2018-05-16 14:40:09--  https://deliveryimages.acm.org/10.1145/3190000/3186059/images/www2018-68-fig1.jpg
Connecting to deliveryimages.acm.org (deliveryimages.acm.org)|104.17.80.191|:443... connected.
HTTP request sent, awaiting response... 200 OK
Length: 290083 (283K) [image/jpeg]
Saving to: ‘../data/deliveryimages.acm.org/10.1145/3190000/3186059/images/www2018-68-fig1.jpg’

     0K .......... .......... .......... .......... .......... 17% 1.65M 0s
    50K .......... .......... .......... .......... .......... 35% 3.15M 0s
   100K .......... .......... .......... .......... .......... 52% 2.46M 0s
   150K .......... .......... .......... .......... .......... 70% 6.62M 0s
   200K .......... .......... .......... .......... .......... 88% 2.21M 0s
   250K .......... .......... .......... ...                  100% 96.7M=0.09s

2018-05-16 14:40:09 (2.92 MB/s) - ‘../data/deliveryimages.acm.org/10.1145/3190000/3186059/images/www2018-68-fig1.jpg’ saved [290083/290083]

--2018-05-16 14:40:09--  http://deliveryimages.acm.org/10.1145/3190000/3186059/images/www2018-68-fig2.jpg
Connecting to deliveryimages.acm.org (deliveryimages.acm.org)|104.17.80.191|:80... connected.
HTTP request sent, awaiting response... 301 Moved Permanently
Location: https://deliveryimages.acm.org/10.1145/3190000/3186059/images/www2018-68-fig2.jpg [following]
--2018-05-16 14:40:09--  https://deliveryimages.acm.org/10.1145/3190000/3186059/images/www2018-68-fig2.jpg
Connecting to deliveryimages.acm.org (deliveryimages.acm.org)|104.17.80.191|:443... connected.
HTTP request sent, awaiting response... 200 OK
Length: 50808 (50K) [image/jpeg]
Saving to: ‘../data/deliveryimages.acm.org/10.1145/3190000/3186059/images/www2018-68-fig2.jpg’

     0K .......... .......... .......... .......... ......... 100% 1.85M=0.03s

2018-05-16 14:40:09 (1.85 MB/s) - ‘../data/deliveryimages.acm.org/10.1145/3190000/3186059/images/www2018-68-fig2.jpg’ saved [50808/50808]

--2018-05-16 14:40:09--  http://deliveryimages.acm.org/10.1145/3190000/3186059/images/www2018-68-img1.svg
Connecting to deliveryimages.acm.org (deliveryimages.acm.org)|104.17.80.191|:80... connected.
HTTP request sent, awaiting response... 301 Moved Permanently
Location: https://deliveryimages.acm.org/10.1145/3190000/3186059/images/www2018-68-img1.svg [following]
--2018-05-16 14:40:10--  https://deliveryimages.acm.org/10.1145/3190000/3186059/images/www2018-68-img1.svg
Connecting to deliveryimages.acm.org (deliveryimages.acm.org)|104.17.80.191|:443... connected.
HTTP request sent, awaiting response... 200 OK
Length: 98072 (96K) [image/svg+xml]
Saving to: ‘../data/deliveryimages.acm.org/10.1145/3190000/3186059/images/www2018-68-img1.svg’

     0K .......... .......... .......... .......... .......... 52% 1.45M 0s
    50K .......... .......... .......... .......... .....     100% 4.13M=0.04s

2018-05-16 14:40:10 (2.10 MB/s) - ‘../data/deliveryimages.acm.org/10.1145/3190000/3186059/images/www2018-68-img1.svg’ saved [98072/98072]

--2018-05-16 14:40:10--  http://deliveryimages.acm.org/10.1145/3190000/3186059/images/www2018-68-fig3.jpg
Connecting to deliveryimages.acm.org (deliveryimages.acm.org)|104.17.80.191|:80... connected.
HTTP request sent, awaiting response... 301 Moved Permanently
Location: https://deliveryimages.acm.org/10.1145/3190000/3186059/images/www2018-68-fig3.jpg [following]
--2018-05-16 14:40:10--  https://deliveryimages.acm.org/10.1145/3190000/3186059/images/www2018-68-fig3.jpg
Connecting to deliveryimages.acm.org (deliveryimages.acm.org)|104.17.80.191|:443... connected.
HTTP request sent, awaiting response... 200 OK
Length: 89232 (87K) [image/jpeg]
Saving to: ‘../data/deliveryimages.acm.org/10.1145/3190000/3186059/images/www2018-68-fig3.jpg’

     0K .......... .......... .......... .......... .......... 57% 1.33M 0s
    50K .......... .......... .......... .......              100% 3.81M=0.05s

2018-05-16 14:40:10 (1.84 MB/s) - ‘../data/deliveryimages.acm.org/10.1145/3190000/3186059/images/www2018-68-fig3.jpg’ saved [89232/89232]

--2018-05-16 14:40:10--  http://deliveryimages.acm.org/10.1145/3190000/3186059/images/www2018-68-fig4.jpg
Connecting to deliveryimages.acm.org (deliveryimages.acm.org)|104.17.80.191|:80... connected.
HTTP request sent, awaiting response... 301 Moved Permanently
Location: https://deliveryimages.acm.org/10.1145/3190000/3186059/images/www2018-68-fig4.jpg [following]
--2018-05-16 14:40:10--  https://deliveryimages.acm.org/10.1145/3190000/3186059/images/www2018-68-fig4.jpg
Connecting to deliveryimages.acm.org (deliveryimages.acm.org)|104.17.80.191|:443... connected.
HTTP request sent, awaiting response... 200 OK
Length: 28300 (28K) [image/jpeg]
Saving to: ‘../data/deliveryimages.acm.org/10.1145/3190000/3186059/images/www2018-68-fig4.jpg’

     0K .......... .......... .......                         100% 1.40M=0.02s

2018-05-16 14:40:11 (1.40 MB/s) - ‘../data/deliveryimages.acm.org/10.1145/3190000/3186059/images/www2018-68-fig4.jpg’ saved [28300/28300]

--2018-05-16 14:40:11--  http://deliveryimages.acm.org/10.1145/3190000/3186059/images/www2018-68-fig5.jpg
Connecting to deliveryimages.acm.org (deliveryimages.acm.org)|104.17.80.191|:80... connected.
HTTP request sent, awaiting response... 301 Moved Permanently
Location: https://deliveryimages.acm.org/10.1145/3190000/3186059/images/www2018-68-fig5.jpg [following]
--2018-05-16 14:40:11--  https://deliveryimages.acm.org/10.1145/3190000/3186059/images/www2018-68-fig5.jpg
Connecting to deliveryimages.acm.org (deliveryimages.acm.org)|104.17.80.191|:443... connected.
HTTP request sent, awaiting response... 200 OK
Length: 87881 (86K) [image/jpeg]
Saving to: ‘../data/deliveryimages.acm.org/10.1145/3190000/3186059/images/www2018-68-fig5.jpg’

     0K .......... .......... .......... .......... .......... 58% 1.34M 0s
    50K .......... .......... .......... .....                100% 3.90M=0.05s

2018-05-16 14:40:11 (1.85 MB/s) - ‘../data/deliveryimages.acm.org/10.1145/3190000/3186059/images/www2018-68-fig5.jpg’ saved [87881/87881]

--2018-05-16 14:40:11--  http://deliveryimages.acm.org/10.1145/3190000/3186059/images/www2018-68-fig6.jpg
Connecting to deliveryimages.acm.org (deliveryimages.acm.org)|104.17.80.191|:80... connected.
HTTP request sent, awaiting response... 301 Moved Permanently
Location: https://deliveryimages.acm.org/10.1145/3190000/3186059/images/www2018-68-fig6.jpg [following]
--2018-05-16 14:40:11--  https://deliveryimages.acm.org/10.1145/3190000/3186059/images/www2018-68-fig6.jpg
Connecting to deliveryimages.acm.org (deliveryimages.acm.org)|104.17.80.191|:443... connected.
HTTP request sent, awaiting response... 200 OK
Length: 56854 (56K) [image/jpeg]
Saving to: ‘../data/deliveryimages.acm.org/10.1145/3190000/3186059/images/www2018-68-fig6.jpg’

     0K .......... .......... .......... .......... .......... 90% 1.46M 0s
    50K .....                                                 100% 2.03M=0.04s

2018-05-16 14:40:11 (1.50 MB/s) - ‘../data/deliveryimages.acm.org/10.1145/3190000/3186059/images/www2018-68-fig6.jpg’ saved [56854/56854]

--2018-05-16 14:40:11--  http://deliveryimages.acm.org/10.1145/3190000/3186059/images/www2018-68-fig7.jpg
Connecting to deliveryimages.acm.org (deliveryimages.acm.org)|104.17.80.191|:80... connected.
HTTP request sent, awaiting response... 301 Moved Permanently
Location: https://deliveryimages.acm.org/10.1145/3190000/3186059/images/www2018-68-fig7.jpg [following]
--2018-05-16 14:40:11--  https://deliveryimages.acm.org/10.1145/3190000/3186059/images/www2018-68-fig7.jpg
Connecting to deliveryimages.acm.org (deliveryimages.acm.org)|104.17.80.191|:443... connected.
HTTP request sent, awaiting response... 200 OK
Length: 53630 (52K) [image/jpeg]
Saving to: ‘../data/deliveryimages.acm.org/10.1145/3190000/3186059/images/www2018-68-fig7.jpg’

     0K .......... .......... .......... .......... .......... 95% 1.05M 0s
    50K ..                                                    100% 14.9M=0.05s

2018-05-16 14:40:12 (1.09 MB/s) - ‘../data/deliveryimages.acm.org/10.1145/3190000/3186059/images/www2018-68-fig7.jpg’ saved [53630/53630]

--2018-05-16 14:40:12--  http://deliveryimages.acm.org/10.1145/3190000/3186059/images/www2018-68-fig8.jpg
Connecting to deliveryimages.acm.org (deliveryimages.acm.org)|104.17.80.191|:80... connected.
HTTP request sent, awaiting response... 301 Moved Permanently
Location: https://deliveryimages.acm.org/10.1145/3190000/3186059/images/www2018-68-fig8.jpg [following]
--2018-05-16 14:40:12--  https://deliveryimages.acm.org/10.1145/3190000/3186059/images/www2018-68-fig8.jpg
Connecting to deliveryimages.acm.org (deliveryimages.acm.org)|104.17.80.191|:443... connected.
HTTP request sent, awaiting response... 200 OK
Length: 108797 (106K) [image/jpeg]
Saving to: ‘../data/deliveryimages.acm.org/10.1145/3190000/3186059/images/www2018-68-fig8.jpg’

     0K .......... .......... .......... .......... .......... 47% 1.36M 0s
    50K .......... .......... .......... .......... .......... 94% 4.93M 0s
   100K ......                                                100% 39.2M=0.05s

2018-05-16 14:40:12 (2.25 MB/s) - ‘../data/deliveryimages.acm.org/10.1145/3190000/3186059/images/www2018-68-fig8.jpg’ saved [108797/108797]

--2018-05-16 14:40:12--  http://deliveryimages.acm.org/10.1145/3190000/3186059/images/www2018-68-fig9.jpg
Connecting to deliveryimages.acm.org (deliveryimages.acm.org)|104.17.80.191|:80... connected.
HTTP request sent, awaiting response... 301 Moved Permanently
Location: https://deliveryimages.acm.org/10.1145/3190000/3186059/images/www2018-68-fig9.jpg [following]
--2018-05-16 14:40:12--  https://deliveryimages.acm.org/10.1145/3190000/3186059/images/www2018-68-fig9.jpg
Connecting to deliveryimages.acm.org (deliveryimages.acm.org)|104.17.80.191|:443... connected.
HTTP request sent, awaiting response... 200 OK
Length: 68183 (67K) [image/jpeg]
Saving to: ‘../data/deliveryimages.acm.org/10.1145/3190000/3186059/images/www2018-68-fig9.jpg’

     0K .......... .......... .......... .......... .......... 75% 1.94M 0s
    50K .......... ......                                     100% 5.89M=0.03s

2018-05-16 14:40:12 (2.33 MB/s) - ‘../data/deliveryimages.acm.org/10.1145/3190000/3186059/images/www2018-68-fig9.jpg’ saved [68183/68183]

FINISHED --2018-05-16 14:40:12--
Total wall clock time: 3.7s
Downloaded: 11 files, 1003K in 0.5s (2.10 MB/s)
Converting links in ../data/delivery.acm.org/10.1145/3190000/3186059/p1469-ma.html?ip=24.48.71.56&id=3186059&acc=OPENTOC&key=4D4702B0C3E38B35.4D4702B0C3E38B35.4D4702B0C3E38B35.4DD68F0663C025AA&__acm__=1526496308_30be429fed34b7b4edb784090ce2b641... 97-0
Converted links in 1 files in 0.004 seconds.
