--2018-05-16 14:34:37--  http://delivery.acm.org/10.1145/3190000/3186063/p1513-wang.html?ip=24.48.71.56&id=3186063&acc=OPENTOC&key=4D4702B0C3E38B35%2E4D4702B0C3E38B35%2E4D4702B0C3E38B35%2E4DD68F0663C025AA&__acm__=1526495977_2d146a332988963badbe42fdbf67f61c
Resolving delivery.acm.org (delivery.acm.org)... 24.200.120.82, 24.200.120.90
Connecting to delivery.acm.org (delivery.acm.org)|24.200.120.82|:80... connected.
HTTP request sent, awaiting response... 200 OK
Length: 94751 (93K) [text/html]
Saving to: ‘../data/delivery.acm.org/10.1145/3190000/3186063/p1513-wang.html?ip=24.48.71.56&id=3186063&acc=OPENTOC&key=4D4702B0C3E38B35.4D4702B0C3E38B35.4D4702B0C3E38B35.4DD68F0663C025AA&__acm__=1526495977_2d146a332988963badbe42fdbf67f61c’

     0K .......... .......... .......... .......... .......... 54% 1.01M 0s
    50K .......... .......... .......... .......... ..        100% 1.08M=0.09s

2018-05-16 14:34:37 (1.04 MB/s) - ‘../data/delivery.acm.org/10.1145/3190000/3186063/p1513-wang.html?ip=24.48.71.56&id=3186063&acc=OPENTOC&key=4D4702B0C3E38B35.4D4702B0C3E38B35.4D4702B0C3E38B35.4DD68F0663C025AA&__acm__=1526495977_2d146a332988963badbe42fdbf67f61c’ saved [94751/94751]

--2018-05-16 14:34:37--  http://deliveryimages.acm.org/10.1145/3190000/3186063/images/www2018-72-fig1.jpg
Resolving deliveryimages.acm.org (deliveryimages.acm.org)... 104.17.79.191, 104.17.80.191
Connecting to deliveryimages.acm.org (deliveryimages.acm.org)|104.17.79.191|:80... connected.
HTTP request sent, awaiting response... 301 Moved Permanently
Location: https://deliveryimages.acm.org/10.1145/3190000/3186063/images/www2018-72-fig1.jpg [following]
--2018-05-16 14:34:38--  https://deliveryimages.acm.org/10.1145/3190000/3186063/images/www2018-72-fig1.jpg
Connecting to deliveryimages.acm.org (deliveryimages.acm.org)|104.17.79.191|:443... connected.
HTTP request sent, awaiting response... 200 OK
Length: 43819 (43K) [image/jpeg]
Saving to: ‘../data/deliveryimages.acm.org/10.1145/3190000/3186063/images/www2018-72-fig1.jpg’

     0K .......... .......... .......... .......... ..        100% 1.13M=0.04s

2018-05-16 14:34:38 (1.13 MB/s) - ‘../data/deliveryimages.acm.org/10.1145/3190000/3186063/images/www2018-72-fig1.jpg’ saved [43819/43819]

--2018-05-16 14:34:38--  http://deliveryimages.acm.org/10.1145/3190000/3186063/images/www2018-72-fig2.jpg
Connecting to deliveryimages.acm.org (deliveryimages.acm.org)|104.17.79.191|:80... connected.
HTTP request sent, awaiting response... 301 Moved Permanently
Location: https://deliveryimages.acm.org/10.1145/3190000/3186063/images/www2018-72-fig2.jpg [following]
--2018-05-16 14:34:38--  https://deliveryimages.acm.org/10.1145/3190000/3186063/images/www2018-72-fig2.jpg
Connecting to deliveryimages.acm.org (deliveryimages.acm.org)|104.17.79.191|:443... connected.
HTTP request sent, awaiting response... 200 OK
Length: 76630 (75K) [image/jpeg]
Saving to: ‘../data/deliveryimages.acm.org/10.1145/3190000/3186063/images/www2018-72-fig2.jpg’

     0K .......... .......... .......... .......... .......... 66% 1.06M 0s
    50K .......... .......... ....                            100% 2.22M=0.06s

2018-05-16 14:34:38 (1.28 MB/s) - ‘../data/deliveryimages.acm.org/10.1145/3190000/3186063/images/www2018-72-fig2.jpg’ saved [76630/76630]

--2018-05-16 14:34:38--  http://deliveryimages.acm.org/10.1145/3190000/3186063/images/www2018-72-fig3.jpg
Connecting to deliveryimages.acm.org (deliveryimages.acm.org)|104.17.79.191|:80... connected.
HTTP request sent, awaiting response... 301 Moved Permanently
Location: https://deliveryimages.acm.org/10.1145/3190000/3186063/images/www2018-72-fig3.jpg [following]
--2018-05-16 14:34:38--  https://deliveryimages.acm.org/10.1145/3190000/3186063/images/www2018-72-fig3.jpg
Connecting to deliveryimages.acm.org (deliveryimages.acm.org)|104.17.79.191|:443... connected.
HTTP request sent, awaiting response... 200 OK
Length: 22002 (21K) [image/jpeg]
Saving to: ‘../data/deliveryimages.acm.org/10.1145/3190000/3186063/images/www2018-72-fig3.jpg’

     0K .......... .......... .                               100% 1.42M=0.01s

2018-05-16 14:34:39 (1.42 MB/s) - ‘../data/deliveryimages.acm.org/10.1145/3190000/3186063/images/www2018-72-fig3.jpg’ saved [22002/22002]

--2018-05-16 14:34:39--  http://deliveryimages.acm.org/10.1145/3190000/3186063/images/www2018-72-fig4.jpg
Connecting to deliveryimages.acm.org (deliveryimages.acm.org)|104.17.79.191|:80... connected.
HTTP request sent, awaiting response... 301 Moved Permanently
Location: https://deliveryimages.acm.org/10.1145/3190000/3186063/images/www2018-72-fig4.jpg [following]
--2018-05-16 14:34:39--  https://deliveryimages.acm.org/10.1145/3190000/3186063/images/www2018-72-fig4.jpg
Connecting to deliveryimages.acm.org (deliveryimages.acm.org)|104.17.79.191|:443... connected.
HTTP request sent, awaiting response... 200 OK
Length: 156930 (153K) [image/jpeg]
Saving to: ‘../data/deliveryimages.acm.org/10.1145/3190000/3186063/images/www2018-72-fig4.jpg’

     0K .......... .......... .......... .......... .......... 32% 1.45M 0s
    50K .......... .......... .......... .......... .......... 65% 2.96M 0s
   100K .......... .......... .......... .......... .......... 97% 2.16M 0s
   150K ...                                                   100% 54.9M=0.07s

2018-05-16 14:34:39 (2.06 MB/s) - ‘../data/deliveryimages.acm.org/10.1145/3190000/3186063/images/www2018-72-fig4.jpg’ saved [156930/156930]

--2018-05-16 14:34:39--  http://deliveryimages.acm.org/10.1145/3190000/3186063/images/www2018-72-fig5.jpg
Connecting to deliveryimages.acm.org (deliveryimages.acm.org)|104.17.79.191|:80... connected.
HTTP request sent, awaiting response... 301 Moved Permanently
Location: https://deliveryimages.acm.org/10.1145/3190000/3186063/images/www2018-72-fig5.jpg [following]
--2018-05-16 14:34:39--  https://deliveryimages.acm.org/10.1145/3190000/3186063/images/www2018-72-fig5.jpg
Connecting to deliveryimages.acm.org (deliveryimages.acm.org)|104.17.79.191|:443... connected.
HTTP request sent, awaiting response... 200 OK
Length: 79495 (78K) [image/jpeg]
Saving to: ‘../data/deliveryimages.acm.org/10.1145/3190000/3186063/images/www2018-72-fig5.jpg’

     0K .......... .......... .......... .......... .......... 64% 1.37M 0s
    50K .......... .......... .......                         100% 4.40M=0.04s

2018-05-16 14:34:39 (1.82 MB/s) - ‘../data/deliveryimages.acm.org/10.1145/3190000/3186063/images/www2018-72-fig5.jpg’ saved [79495/79495]

--2018-05-16 14:34:39--  http://deliveryimages.acm.org/10.1145/3190000/3186063/images/www2018-72-fig6.jpg
Connecting to deliveryimages.acm.org (deliveryimages.acm.org)|104.17.79.191|:80... connected.
HTTP request sent, awaiting response... 301 Moved Permanently
Location: https://deliveryimages.acm.org/10.1145/3190000/3186063/images/www2018-72-fig6.jpg [following]
--2018-05-16 14:34:39--  https://deliveryimages.acm.org/10.1145/3190000/3186063/images/www2018-72-fig6.jpg
Connecting to deliveryimages.acm.org (deliveryimages.acm.org)|104.17.79.191|:443... connected.
HTTP request sent, awaiting response... 200 OK
Length: 60479 (59K) [image/jpeg]
Saving to: ‘../data/deliveryimages.acm.org/10.1145/3190000/3186063/images/www2018-72-fig6.jpg’

     0K .......... .......... .......... .......... .......... 84% 1.17M 0s
    50K .........                                             100% 6.58M=0.04s

2018-05-16 14:34:40 (1.34 MB/s) - ‘../data/deliveryimages.acm.org/10.1145/3190000/3186063/images/www2018-72-fig6.jpg’ saved [60479/60479]

--2018-05-16 14:34:40--  http://deliveryimages.acm.org/10.1145/3190000/3186063/images/www2018-72-fig7.jpg
Connecting to deliveryimages.acm.org (deliveryimages.acm.org)|104.17.79.191|:80... connected.
HTTP request sent, awaiting response... 301 Moved Permanently
Location: https://deliveryimages.acm.org/10.1145/3190000/3186063/images/www2018-72-fig7.jpg [following]
--2018-05-16 14:34:40--  https://deliveryimages.acm.org/10.1145/3190000/3186063/images/www2018-72-fig7.jpg
Connecting to deliveryimages.acm.org (deliveryimages.acm.org)|104.17.79.191|:443... connected.
HTTP request sent, awaiting response... 200 OK
Length: 61473 (60K) [image/jpeg]
Saving to: ‘../data/deliveryimages.acm.org/10.1145/3190000/3186063/images/www2018-72-fig7.jpg’

     0K .......... .......... .......... .......... .......... 83% 1.20M 0s
    50K ..........                                            100% 4.69M=0.04s

2018-05-16 14:34:40 (1.37 MB/s) - ‘../data/deliveryimages.acm.org/10.1145/3190000/3186063/images/www2018-72-fig7.jpg’ saved [61473/61473]

--2018-05-16 14:34:40--  http://deliveryimages.acm.org/10.1145/3190000/3186063/images/www2018-72-fig8.jpg
Connecting to deliveryimages.acm.org (deliveryimages.acm.org)|104.17.79.191|:80... connected.
HTTP request sent, awaiting response... 301 Moved Permanently
Location: https://deliveryimages.acm.org/10.1145/3190000/3186063/images/www2018-72-fig8.jpg [following]
--2018-05-16 14:34:40--  https://deliveryimages.acm.org/10.1145/3190000/3186063/images/www2018-72-fig8.jpg
Connecting to deliveryimages.acm.org (deliveryimages.acm.org)|104.17.79.191|:443... connected.
HTTP request sent, awaiting response... 200 OK
Length: 60840 (59K) [image/jpeg]
Saving to: ‘../data/deliveryimages.acm.org/10.1145/3190000/3186063/images/www2018-72-fig8.jpg’

     0K .......... .......... .......... .......... .......... 84% 1.09M 0s
    50K .........                                             100% 5.33M=0.05s

2018-05-16 14:34:42 (1.25 MB/s) - ‘../data/deliveryimages.acm.org/10.1145/3190000/3186063/images/www2018-72-fig8.jpg’ saved [60840/60840]

FINISHED --2018-05-16 14:34:42--
Total wall clock time: 4.8s
Downloaded: 9 files, 641K in 0.4s (1.41 MB/s)
Converting links in ../data/delivery.acm.org/10.1145/3190000/3186063/p1513-wang.html?ip=24.48.71.56&id=3186063&acc=OPENTOC&key=4D4702B0C3E38B35.4D4702B0C3E38B35.4D4702B0C3E38B35.4DD68F0663C025AA&__acm__=1526495977_2d146a332988963badbe42fdbf67f61c... 102-0
Converted links in 1 files in 0.003 seconds.
