--2018-05-16 14:57:18--  http://delivery.acm.org/10.1145/3200000/3191519/p919-kandappu.html?ip=24.48.71.56&id=3191519&acc=OPENTOC&key=4D4702B0C3E38B35%2E4D4702B0C3E38B35%2E4D4702B0C3E38B35%2E4DD68F0663C025AA&__acm__=1526497338_dc1f04f3b43925bb7de91e2dade3d7c6
Resolving delivery.acm.org (delivery.acm.org)... 24.200.120.82, 24.200.120.90
Connecting to delivery.acm.org (delivery.acm.org)|24.200.120.82|:80... connected.
HTTP request sent, awaiting response... 200 OK
Length: 43367 (42K) [text/html]
Saving to: ‘../data/delivery.acm.org/10.1145/3200000/3191519/p919-kandappu.html?ip=24.48.71.56&id=3191519&acc=OPENTOC&key=4D4702B0C3E38B35.4D4702B0C3E38B35.4D4702B0C3E38B35.4DD68F0663C025AA&__acm__=1526497338_dc1f04f3b43925bb7de91e2dade3d7c6’

     0K .......... .......... .......... .......... ..        100% 1.74M=0.02s

2018-05-16 14:57:18 (1.74 MB/s) - ‘../data/delivery.acm.org/10.1145/3200000/3191519/p919-kandappu.html?ip=24.48.71.56&id=3191519&acc=OPENTOC&key=4D4702B0C3E38B35.4D4702B0C3E38B35.4D4702B0C3E38B35.4DD68F0663C025AA&__acm__=1526497338_dc1f04f3b43925bb7de91e2dade3d7c6’ saved [43367/43367]

--2018-05-16 14:57:18--  http://deliveryimages.acm.org/10.1145/3200000/3191519/images/www18companion-258-fig1.jpg
Resolving deliveryimages.acm.org (deliveryimages.acm.org)... 104.17.80.191, 104.17.79.191
Connecting to deliveryimages.acm.org (deliveryimages.acm.org)|104.17.80.191|:80... connected.
HTTP request sent, awaiting response... 301 Moved Permanently
Location: https://deliveryimages.acm.org/10.1145/3200000/3191519/images/www18companion-258-fig1.jpg [following]
--2018-05-16 14:57:18--  https://deliveryimages.acm.org/10.1145/3200000/3191519/images/www18companion-258-fig1.jpg
Connecting to deliveryimages.acm.org (deliveryimages.acm.org)|104.17.80.191|:443... connected.
HTTP request sent, awaiting response... 200 OK
Length: 150454 (147K) [image/jpeg]
Saving to: ‘../data/deliveryimages.acm.org/10.1145/3200000/3191519/images/www18companion-258-fig1.jpg’

     0K .......... .......... .......... .......... .......... 34%  536K 0s
    50K .......... .......... .......... .......... .......... 68%  456K 0s
   100K .......... .......... .......... .......... ......    100% 4.22M=0.2s

2018-05-16 14:57:19 (687 KB/s) - ‘../data/deliveryimages.acm.org/10.1145/3200000/3191519/images/www18companion-258-fig1.jpg’ saved [150454/150454]

--2018-05-16 14:57:19--  http://deliveryimages.acm.org/10.1145/3200000/3191519/images/www18companion-258-fig2.jpg
Connecting to deliveryimages.acm.org (deliveryimages.acm.org)|104.17.80.191|:80... connected.
HTTP request sent, awaiting response... 301 Moved Permanently
Location: https://deliveryimages.acm.org/10.1145/3200000/3191519/images/www18companion-258-fig2.jpg [following]
--2018-05-16 14:57:19--  https://deliveryimages.acm.org/10.1145/3200000/3191519/images/www18companion-258-fig2.jpg
Connecting to deliveryimages.acm.org (deliveryimages.acm.org)|104.17.80.191|:443... connected.
HTTP request sent, awaiting response... 200 OK
Length: 21143 (21K) [image/jpeg]
Saving to: ‘../data/deliveryimages.acm.org/10.1145/3200000/3191519/images/www18companion-258-fig2.jpg’

     0K .......... ..........                                 100% 1.20M=0.02s

2018-05-16 14:57:19 (1.20 MB/s) - ‘../data/deliveryimages.acm.org/10.1145/3200000/3191519/images/www18companion-258-fig2.jpg’ saved [21143/21143]

--2018-05-16 14:57:19--  http://deliveryimages.acm.org/10.1145/3200000/3191519/images/www18companion-258-fig3.jpg
Connecting to deliveryimages.acm.org (deliveryimages.acm.org)|104.17.80.191|:80... connected.
HTTP request sent, awaiting response... 301 Moved Permanently
Location: https://deliveryimages.acm.org/10.1145/3200000/3191519/images/www18companion-258-fig3.jpg [following]
--2018-05-16 14:57:19--  https://deliveryimages.acm.org/10.1145/3200000/3191519/images/www18companion-258-fig3.jpg
Connecting to deliveryimages.acm.org (deliveryimages.acm.org)|104.17.80.191|:443... connected.
HTTP request sent, awaiting response... 200 OK
Length: 41916 (41K) [image/jpeg]
Saving to: ‘../data/deliveryimages.acm.org/10.1145/3200000/3191519/images/www18companion-258-fig3.jpg’

     0K .......... .......... .......... ..........           100% 1.50M=0.03s

2018-05-16 14:57:19 (1.50 MB/s) - ‘../data/deliveryimages.acm.org/10.1145/3200000/3191519/images/www18companion-258-fig3.jpg’ saved [41916/41916]

--2018-05-16 14:57:19--  http://deliveryimages.acm.org/10.1145/3200000/3191519/images/www18companion-258-fig4.jpg
Connecting to deliveryimages.acm.org (deliveryimages.acm.org)|104.17.80.191|:80... connected.
HTTP request sent, awaiting response... 301 Moved Permanently
Location: https://deliveryimages.acm.org/10.1145/3200000/3191519/images/www18companion-258-fig4.jpg [following]
--2018-05-16 14:57:20--  https://deliveryimages.acm.org/10.1145/3200000/3191519/images/www18companion-258-fig4.jpg
Connecting to deliveryimages.acm.org (deliveryimages.acm.org)|104.17.80.191|:443... connected.
HTTP request sent, awaiting response... 200 OK
Length: 26311 (26K) [image/jpeg]
Saving to: ‘../data/deliveryimages.acm.org/10.1145/3200000/3191519/images/www18companion-258-fig4.jpg’

     0K .......... .......... .....                           100% 1.01M=0.02s

2018-05-16 14:57:20 (1.01 MB/s) - ‘../data/deliveryimages.acm.org/10.1145/3200000/3191519/images/www18companion-258-fig4.jpg’ saved [26311/26311]

--2018-05-16 14:57:20--  http://deliveryimages.acm.org/10.1145/3200000/3191519/images/www18companion-258-fig5.jpg
Connecting to deliveryimages.acm.org (deliveryimages.acm.org)|104.17.80.191|:80... connected.
HTTP request sent, awaiting response... 301 Moved Permanently
Location: https://deliveryimages.acm.org/10.1145/3200000/3191519/images/www18companion-258-fig5.jpg [following]
--2018-05-16 14:57:20--  https://deliveryimages.acm.org/10.1145/3200000/3191519/images/www18companion-258-fig5.jpg
Connecting to deliveryimages.acm.org (deliveryimages.acm.org)|104.17.80.191|:443... connected.
HTTP request sent, awaiting response... 200 OK
Length: 36370 (36K) [image/jpeg]
Saving to: ‘../data/deliveryimages.acm.org/10.1145/3200000/3191519/images/www18companion-258-fig5.jpg’

     0K .......... .......... .......... .....                100%  896K=0.04s

2018-05-16 14:57:20 (896 KB/s) - ‘../data/deliveryimages.acm.org/10.1145/3200000/3191519/images/www18companion-258-fig5.jpg’ saved [36370/36370]

--2018-05-16 14:57:20--  http://deliveryimages.acm.org/10.1145/3200000/3191519/images/www18companion-258-fig6.jpg
Connecting to deliveryimages.acm.org (deliveryimages.acm.org)|104.17.80.191|:80... connected.
HTTP request sent, awaiting response... 301 Moved Permanently
Location: https://deliveryimages.acm.org/10.1145/3200000/3191519/images/www18companion-258-fig6.jpg [following]
--2018-05-16 14:57:20--  https://deliveryimages.acm.org/10.1145/3200000/3191519/images/www18companion-258-fig6.jpg
Connecting to deliveryimages.acm.org (deliveryimages.acm.org)|104.17.80.191|:443... connected.
HTTP request sent, awaiting response... 200 OK
Length: 96576 (94K) [image/jpeg]
Saving to: ‘../data/deliveryimages.acm.org/10.1145/3200000/3191519/images/www18companion-258-fig6.jpg’

     0K .......... .......... .......... .......... .......... 53%  527K 0s
    50K .......... .......... .......... .......... ....      100% 1.01M=0.1s

2018-05-16 14:57:21 (685 KB/s) - ‘../data/deliveryimages.acm.org/10.1145/3200000/3191519/images/www18companion-258-fig6.jpg’ saved [96576/96576]

--2018-05-16 14:57:21--  http://deliveryimages.acm.org/10.1145/3200000/3191519/images/www18companion-258-fig7.jpg
Connecting to deliveryimages.acm.org (deliveryimages.acm.org)|104.17.80.191|:80... connected.
HTTP request sent, awaiting response... 301 Moved Permanently
Location: https://deliveryimages.acm.org/10.1145/3200000/3191519/images/www18companion-258-fig7.jpg [following]
--2018-05-16 14:57:21--  https://deliveryimages.acm.org/10.1145/3200000/3191519/images/www18companion-258-fig7.jpg
Connecting to deliveryimages.acm.org (deliveryimages.acm.org)|104.17.80.191|:443... connected.
HTTP request sent, awaiting response... 200 OK
Length: 20137 (20K) [image/jpeg]
Saving to: ‘../data/deliveryimages.acm.org/10.1145/3200000/3191519/images/www18companion-258-fig7.jpg’

     0K .......... .........                                  100% 1.20M=0.02s

2018-05-16 14:57:21 (1.20 MB/s) - ‘../data/deliveryimages.acm.org/10.1145/3200000/3191519/images/www18companion-258-fig7.jpg’ saved [20137/20137]

--2018-05-16 14:57:21--  http://deliveryimages.acm.org/10.1145/3200000/3191519/images/www18companion-258-fig8.jpg
Connecting to deliveryimages.acm.org (deliveryimages.acm.org)|104.17.80.191|:80... connected.
HTTP request sent, awaiting response... 301 Moved Permanently
Location: https://deliveryimages.acm.org/10.1145/3200000/3191519/images/www18companion-258-fig8.jpg [following]
--2018-05-16 14:57:21--  https://deliveryimages.acm.org/10.1145/3200000/3191519/images/www18companion-258-fig8.jpg
Connecting to deliveryimages.acm.org (deliveryimages.acm.org)|104.17.80.191|:443... connected.
HTTP request sent, awaiting response... 200 OK
Length: 149988 (146K) [image/jpeg]
Saving to: ‘../data/deliveryimages.acm.org/10.1145/3200000/3191519/images/www18companion-258-fig8.jpg’

     0K .......... .......... .......... .......... .......... 34% 1.39M 0s
    50K .......... .......... .......... .......... .......... 68%  405K 0s
   100K .......... .......... .......... .......... ......    100% 71.5K=0.8s

2018-05-16 14:57:22 (181 KB/s) - ‘../data/deliveryimages.acm.org/10.1145/3200000/3191519/images/www18companion-258-fig8.jpg’ saved [149988/149988]

FINISHED --2018-05-16 14:57:22--
Total wall clock time: 4.5s
Downloaded: 9 files, 573K in 1.3s (438 KB/s)
Converting links in ../data/delivery.acm.org/10.1145/3200000/3191519/p919-kandappu.html?ip=24.48.71.56&id=3191519&acc=OPENTOC&key=4D4702B0C3E38B35.4D4702B0C3E38B35.4D4702B0C3E38B35.4DD68F0663C025AA&__acm__=1526497338_dc1f04f3b43925bb7de91e2dade3d7c6... 42-0
Converted links in 1 files in 0.002 seconds.
