--2018-05-16 14:37:06--  http://delivery.acm.org/10.1145/3190000/3186019/p1205-zhang.html?ip=24.48.71.56&id=3186019&acc=OPENTOC&key=4D4702B0C3E38B35%2E4D4702B0C3E38B35%2E4D4702B0C3E38B35%2E4DD68F0663C025AA&__acm__=1526496125_c60841cc219d5568d5a8084331adc5df
Resolving delivery.acm.org (delivery.acm.org)... 24.200.120.82, 24.200.120.90
Connecting to delivery.acm.org (delivery.acm.org)|24.200.120.82|:80... connected.
HTTP request sent, awaiting response... 200 OK
Length: 96836 (95K) [text/html]
Saving to: ‘../data/delivery.acm.org/10.1145/3190000/3186019/p1205-zhang.html?ip=24.48.71.56&id=3186019&acc=OPENTOC&key=4D4702B0C3E38B35.4D4702B0C3E38B35.4D4702B0C3E38B35.4DD68F0663C025AA&__acm__=1526496125_c60841cc219d5568d5a8084331adc5df’

     0K .......... .......... .......... .......... .......... 52% 1.54M 0s
    50K .......... .......... .......... .......... ....      100% 3.35M=0.04s

2018-05-16 14:37:07 (2.07 MB/s) - ‘../data/delivery.acm.org/10.1145/3190000/3186019/p1205-zhang.html?ip=24.48.71.56&id=3186019&acc=OPENTOC&key=4D4702B0C3E38B35.4D4702B0C3E38B35.4D4702B0C3E38B35.4DD68F0663C025AA&__acm__=1526496125_c60841cc219d5568d5a8084331adc5df’ saved [96836/96836]

--2018-05-16 14:37:07--  http://deliveryimages.acm.org/10.1145/3190000/3186019/images/www2018-28-fig1.jpg
Resolving deliveryimages.acm.org (deliveryimages.acm.org)... 104.17.80.191, 104.17.79.191
Connecting to deliveryimages.acm.org (deliveryimages.acm.org)|104.17.80.191|:80... connected.
HTTP request sent, awaiting response... 301 Moved Permanently
Location: https://deliveryimages.acm.org/10.1145/3190000/3186019/images/www2018-28-fig1.jpg [following]
--2018-05-16 14:37:07--  https://deliveryimages.acm.org/10.1145/3190000/3186019/images/www2018-28-fig1.jpg
Connecting to deliveryimages.acm.org (deliveryimages.acm.org)|104.17.80.191|:443... connected.
HTTP request sent, awaiting response... 200 OK
Length: 652591 (637K) [image/jpeg]
Saving to: ‘../data/deliveryimages.acm.org/10.1145/3190000/3186019/images/www2018-28-fig1.jpg’

     0K .......... .......... .......... .......... ..........  7% 1.28M 0s
    50K .......... .......... .......... .......... .......... 15% 2.26M 0s
   100K .......... .......... .......... .......... .......... 23% 8.06M 0s
   150K .......... .......... .......... .......... .......... 31% 2.77M 0s
   200K .......... .......... .......... .......... .......... 39% 2.81M 0s
   250K .......... .......... .......... .......... .......... 47% 16.3M 0s
   300K .......... .......... .......... .......... .......... 54% 5.00M 0s
   350K .......... .......... .......... .......... .......... 62% 2.70M 0s
   400K .......... .......... .......... .......... .......... 70% 5.05M 0s
   450K .......... .......... .......... .......... .......... 78% 4.33M 0s
   500K .......... .......... .......... .......... .......... 86% 4.00M 0s
   550K .......... .......... .......... .......... .......... 94% 3.41M 0s
   600K .......... .......... .......... .......              100% 6.49M=0.2s

2018-05-16 14:37:07 (3.37 MB/s) - ‘../data/deliveryimages.acm.org/10.1145/3190000/3186019/images/www2018-28-fig1.jpg’ saved [652591/652591]

--2018-05-16 14:37:07--  http://deliveryimages.acm.org/10.1145/3190000/3186019/images/www2018-28-fig2.jpg
Connecting to deliveryimages.acm.org (deliveryimages.acm.org)|104.17.80.191|:80... connected.
HTTP request sent, awaiting response... 301 Moved Permanently
Location: https://deliveryimages.acm.org/10.1145/3190000/3186019/images/www2018-28-fig2.jpg [following]
--2018-05-16 14:37:07--  https://deliveryimages.acm.org/10.1145/3190000/3186019/images/www2018-28-fig2.jpg
Connecting to deliveryimages.acm.org (deliveryimages.acm.org)|104.17.80.191|:443... connected.
HTTP request sent, awaiting response... 200 OK
Length: 49883 (49K) [image/jpeg]
Saving to: ‘../data/deliveryimages.acm.org/10.1145/3190000/3186019/images/www2018-28-fig2.jpg’

     0K .......... .......... .......... .......... ........  100% 1.13M=0.04s

2018-05-16 14:37:07 (1.13 MB/s) - ‘../data/deliveryimages.acm.org/10.1145/3190000/3186019/images/www2018-28-fig2.jpg’ saved [49883/49883]

--2018-05-16 14:37:07--  http://deliveryimages.acm.org/10.1145/3190000/3186019/images/www2018-28-fig3.jpg
Connecting to deliveryimages.acm.org (deliveryimages.acm.org)|104.17.80.191|:80... connected.
HTTP request sent, awaiting response... 301 Moved Permanently
Location: https://deliveryimages.acm.org/10.1145/3190000/3186019/images/www2018-28-fig3.jpg [following]
--2018-05-16 14:37:07--  https://deliveryimages.acm.org/10.1145/3190000/3186019/images/www2018-28-fig3.jpg
Connecting to deliveryimages.acm.org (deliveryimages.acm.org)|104.17.80.191|:443... connected.
HTTP request sent, awaiting response... 200 OK
Length: 43853 (43K) [image/jpeg]
Saving to: ‘../data/deliveryimages.acm.org/10.1145/3190000/3186019/images/www2018-28-fig3.jpg’

     0K .......... .......... .......... .......... ..        100%  879K=0.05s

2018-05-16 14:37:08 (879 KB/s) - ‘../data/deliveryimages.acm.org/10.1145/3190000/3186019/images/www2018-28-fig3.jpg’ saved [43853/43853]

--2018-05-16 14:37:08--  http://deliveryimages.acm.org/10.1145/3190000/3186019/images/www2018-28-fig4.jpg
Connecting to deliveryimages.acm.org (deliveryimages.acm.org)|104.17.80.191|:80... connected.
HTTP request sent, awaiting response... 301 Moved Permanently
Location: https://deliveryimages.acm.org/10.1145/3190000/3186019/images/www2018-28-fig4.jpg [following]
--2018-05-16 14:37:08--  https://deliveryimages.acm.org/10.1145/3190000/3186019/images/www2018-28-fig4.jpg
Connecting to deliveryimages.acm.org (deliveryimages.acm.org)|104.17.80.191|:443... connected.
HTTP request sent, awaiting response... 200 OK
Length: 78166 (76K) [image/jpeg]
Saving to: ‘../data/deliveryimages.acm.org/10.1145/3190000/3186019/images/www2018-28-fig4.jpg’

     0K .......... .......... .......... .......... .......... 65%  482K 0s
    50K .......... .......... ......                          100% 2.36M=0.1s

2018-05-16 14:37:08 (666 KB/s) - ‘../data/deliveryimages.acm.org/10.1145/3190000/3186019/images/www2018-28-fig4.jpg’ saved [78166/78166]

FINISHED --2018-05-16 14:37:08--
Total wall clock time: 1.9s
Downloaded: 5 files, 900K in 0.4s (2.02 MB/s)
Converting links in ../data/delivery.acm.org/10.1145/3190000/3186019/p1205-zhang.html?ip=24.48.71.56&id=3186019&acc=OPENTOC&key=4D4702B0C3E38B35.4D4702B0C3E38B35.4D4702B0C3E38B35.4DD68F0663C025AA&__acm__=1526496125_c60841cc219d5568d5a8084331adc5df... 90-0
Converted links in 1 files in 0.004 seconds.
