--2018-05-16 15:01:33--  http://delivery.acm.org/10.1145/3200000/3192330/p1893-soni.pdf?ip=24.48.71.56&id=3192330&acc=OPENTOC&key=4D4702B0C3E38B35%2E4D4702B0C3E38B35%2E4D4702B0C3E38B35%2E4DD68F0663C025AA&__acm__=1526497593_af357a93baa333a35a2df6ecbd693d6e
Resolving delivery.acm.org (delivery.acm.org)... 24.200.120.90, 24.200.120.82
Connecting to delivery.acm.org (delivery.acm.org)|24.200.120.90|:80... connected.
HTTP request sent, awaiting response... 200 OK
Length: 1161469 (1.1M) [application/pdf]
Saving to: ‘../data/delivery.acm.org/10.1145/3200000/3192330/p1893-soni.pdf?ip=24.48.71.56&id=3192330&acc=OPENTOC&key=4D4702B0C3E38B35.4D4702B0C3E38B35.4D4702B0C3E38B35.4DD68F0663C025AA&__acm__=1526497593_af357a93baa333a35a2df6ecbd693d6e’

     0K .......... .......... .......... .......... ..........  4% 2.62M 0s
    50K .......... .......... .......... .......... ..........  8% 4.15M 0s
   100K .......... .......... .......... .......... .......... 13% 3.63M 0s
   150K .......... .......... .......... .......... .......... 17% 4.70M 0s
   200K .......... .......... .......... .......... .......... 22% 3.75M 0s
   250K .......... .......... .......... .......... .......... 26% 2.99M 0s
   300K .......... .......... .......... .......... .......... 30% 4.24M 0s
   350K .......... .......... .......... .......... .......... 35% 4.50M 0s
   400K .......... .......... .......... .......... .......... 39% 3.60M 0s
   450K .......... .......... .......... .......... .......... 44% 4.96M 0s
   500K .......... .......... .......... .......... .......... 48% 4.87M 0s
   550K .......... .......... .......... .......... .......... 52% 3.89M 0s
   600K .......... .......... .......... .......... .......... 57% 2.61M 0s
   650K .......... .......... .......... .......... .......... 61% 10.9M 0s
   700K .......... .......... .......... .......... .......... 66% 4.01M 0s
   750K .......... .......... .......... .......... .......... 70% 4.04M 0s
   800K .......... .......... .......... .......... .......... 74% 3.23M 0s
   850K .......... .......... .......... .......... .......... 79% 2.41M 0s
   900K .......... .......... .......... .......... .......... 83% 6.82M 0s
   950K .......... .......... .......... .......... .......... 88% 5.04M 0s
  1000K .......... .......... .......... .......... .......... 92% 2.51M 0s
  1050K .......... .......... .......... .......... .......... 96% 7.55M 0s
  1100K .......... .......... .......... ....                 100% 9.09M=0.3s

2018-05-16 15:01:34 (3.94 MB/s) - ‘../data/delivery.acm.org/10.1145/3200000/3192330/p1893-soni.pdf?ip=24.48.71.56&id=3192330&acc=OPENTOC&key=4D4702B0C3E38B35.4D4702B0C3E38B35.4D4702B0C3E38B35.4DD68F0663C025AA&__acm__=1526497593_af357a93baa333a35a2df6ecbd693d6e’ saved [1161469/1161469]

FINISHED --2018-05-16 15:01:34--
Total wall clock time: 0.5s
Downloaded: 1 files, 1.1M in 0.3s (3.94 MB/s)
Converted links in 0 files in 0 seconds.
