--2018-05-16 14:16:43--  http://delivery.acm.org/10.1145/3190000/3186161/p803-kurashima.html?ip=24.48.71.56&id=3186161&acc=OPENTOC&key=4D4702B0C3E38B35%2E4D4702B0C3E38B35%2E4D4702B0C3E38B35%2E4DD68F0663C025AA&__acm__=1526494902_b5923909c384989e69a6bcfb1128c222
Resolving delivery.acm.org (delivery.acm.org)... 24.200.120.90, 24.200.120.82
Connecting to delivery.acm.org (delivery.acm.org)|24.200.120.90|:80... connected.
HTTP request sent, awaiting response... 200 OK
Length: 111241 (109K) [text/html]
Saving to: ‘../data/delivery.acm.org/10.1145/3190000/3186161/p803-kurashima.html?ip=24.48.71.56&id=3186161&acc=OPENTOC&key=4D4702B0C3E38B35.4D4702B0C3E38B35.4D4702B0C3E38B35.4DD68F0663C025AA&__acm__=1526494902_b5923909c384989e69a6bcfb1128c222’

     0K .......... .......... .......... .......... .......... 46% 1.84M 0s
    50K .......... .......... .......... .......... .......... 92% 3.25M 0s
   100K ........                                              100% 71.0M=0.04s

2018-05-16 14:16:43 (2.54 MB/s) - ‘../data/delivery.acm.org/10.1145/3190000/3186161/p803-kurashima.html?ip=24.48.71.56&id=3186161&acc=OPENTOC&key=4D4702B0C3E38B35.4D4702B0C3E38B35.4D4702B0C3E38B35.4DD68F0663C025AA&__acm__=1526494902_b5923909c384989e69a6bcfb1128c222’ saved [111241/111241]

--2018-05-16 14:16:43--  http://deliveryimages.acm.org/10.1145/3190000/3186161/images/www2018-170-fig1.jpg
Resolving deliveryimages.acm.org (deliveryimages.acm.org)... 104.17.79.191, 104.17.80.191
Connecting to deliveryimages.acm.org (deliveryimages.acm.org)|104.17.79.191|:80... connected.
HTTP request sent, awaiting response... 301 Moved Permanently
Location: https://deliveryimages.acm.org/10.1145/3190000/3186161/images/www2018-170-fig1.jpg [following]
--2018-05-16 14:16:43--  https://deliveryimages.acm.org/10.1145/3190000/3186161/images/www2018-170-fig1.jpg
Connecting to deliveryimages.acm.org (deliveryimages.acm.org)|104.17.79.191|:443... connected.
HTTP request sent, awaiting response... 200 OK
Length: 270058 (264K) [image/jpeg]
Saving to: ‘../data/deliveryimages.acm.org/10.1145/3190000/3186161/images/www2018-170-fig1.jpg’

     0K .......... .......... .......... .......... .......... 18% 1.35M 0s
    50K .......... .......... .......... .......... .......... 37% 1.51M 0s
   100K .......... .......... .......... .......... .......... 56% 1.86M 0s
   150K .......... .......... .......... .......... .......... 75%  109M 0s
   200K .......... .......... .......... .......... .......... 94% 6.85M 0s
   250K .......... ...                                        100% 1.58M=0.1s

2018-05-16 14:16:43 (2.32 MB/s) - ‘../data/deliveryimages.acm.org/10.1145/3190000/3186161/images/www2018-170-fig1.jpg’ saved [270058/270058]

--2018-05-16 14:16:43--  http://deliveryimages.acm.org/10.1145/3190000/3186161/images/www2018-170-fig2.png
Connecting to deliveryimages.acm.org (deliveryimages.acm.org)|104.17.79.191|:80... connected.
HTTP request sent, awaiting response... 301 Moved Permanently
Location: https://deliveryimages.acm.org/10.1145/3190000/3186161/images/www2018-170-fig2.png [following]
--2018-05-16 14:16:43--  https://deliveryimages.acm.org/10.1145/3190000/3186161/images/www2018-170-fig2.png
Connecting to deliveryimages.acm.org (deliveryimages.acm.org)|104.17.79.191|:443... connected.
HTTP request sent, awaiting response... 404 Not Found
2018-05-16 14:16:44 ERROR 404: Not Found.

--2018-05-16 14:16:44--  http://deliveryimages.acm.org/10.1145/3190000/3186161/images/www2018-170-fig3.jpg
Connecting to deliveryimages.acm.org (deliveryimages.acm.org)|104.17.79.191|:80... connected.
HTTP request sent, awaiting response... 301 Moved Permanently
Location: https://deliveryimages.acm.org/10.1145/3190000/3186161/images/www2018-170-fig3.jpg [following]
--2018-05-16 14:16:44--  https://deliveryimages.acm.org/10.1145/3190000/3186161/images/www2018-170-fig3.jpg
Connecting to deliveryimages.acm.org (deliveryimages.acm.org)|104.17.79.191|:443... connected.
HTTP request sent, awaiting response... 200 OK
Length: 34530 (34K) [image/jpeg]
Saving to: ‘../data/deliveryimages.acm.org/10.1145/3190000/3186161/images/www2018-170-fig3.jpg’

     0K .......... .......... .......... ...                  100% 1.08M=0.03s

2018-05-16 14:16:44 (1.08 MB/s) - ‘../data/deliveryimages.acm.org/10.1145/3190000/3186161/images/www2018-170-fig3.jpg’ saved [34530/34530]

--2018-05-16 14:16:44--  http://deliveryimages.acm.org/10.1145/3190000/3186161/images/www2018-170-fig4.jpg
Connecting to deliveryimages.acm.org (deliveryimages.acm.org)|104.17.79.191|:80... connected.
HTTP request sent, awaiting response... 301 Moved Permanently
Location: https://deliveryimages.acm.org/10.1145/3190000/3186161/images/www2018-170-fig4.jpg [following]
--2018-05-16 14:16:44--  https://deliveryimages.acm.org/10.1145/3190000/3186161/images/www2018-170-fig4.jpg
Connecting to deliveryimages.acm.org (deliveryimages.acm.org)|104.17.79.191|:443... connected.
HTTP request sent, awaiting response... 200 OK
Length: 50186 (49K) [image/jpeg]
Saving to: ‘../data/deliveryimages.acm.org/10.1145/3190000/3186161/images/www2018-170-fig4.jpg’

     0K .......... .......... .......... .......... ......... 100% 1.38M=0.03s

2018-05-16 14:16:45 (1.38 MB/s) - ‘../data/deliveryimages.acm.org/10.1145/3190000/3186161/images/www2018-170-fig4.jpg’ saved [50186/50186]

--2018-05-16 14:16:45--  http://deliveryimages.acm.org/10.1145/3190000/3186161/images/www2018-170-fig5.jpg
Connecting to deliveryimages.acm.org (deliveryimages.acm.org)|104.17.79.191|:80... connected.
HTTP request sent, awaiting response... 301 Moved Permanently
Location: https://deliveryimages.acm.org/10.1145/3190000/3186161/images/www2018-170-fig5.jpg [following]
--2018-05-16 14:16:45--  https://deliveryimages.acm.org/10.1145/3190000/3186161/images/www2018-170-fig5.jpg
Connecting to deliveryimages.acm.org (deliveryimages.acm.org)|104.17.79.191|:443... connected.
HTTP request sent, awaiting response... 200 OK
Length: 55312 (54K) [image/jpeg]
Saving to: ‘../data/deliveryimages.acm.org/10.1145/3190000/3186161/images/www2018-170-fig5.jpg’

     0K .......... .......... .......... .......... .......... 92% 1.08M 0s
    50K ....                                                  100% 8.01M=0.05s

2018-05-16 14:16:45 (1.16 MB/s) - ‘../data/deliveryimages.acm.org/10.1145/3190000/3186161/images/www2018-170-fig5.jpg’ saved [55312/55312]

--2018-05-16 14:16:45--  http://deliveryimages.acm.org/10.1145/3190000/3186161/images/www2018-170-fig6.jpg
Connecting to deliveryimages.acm.org (deliveryimages.acm.org)|104.17.79.191|:80... connected.
HTTP request sent, awaiting response... 301 Moved Permanently
Location: https://deliveryimages.acm.org/10.1145/3190000/3186161/images/www2018-170-fig6.jpg [following]
--2018-05-16 14:16:45--  https://deliveryimages.acm.org/10.1145/3190000/3186161/images/www2018-170-fig6.jpg
Connecting to deliveryimages.acm.org (deliveryimages.acm.org)|104.17.79.191|:443... connected.
HTTP request sent, awaiting response... 200 OK
Length: 58363 (57K) [image/jpeg]
Saving to: ‘../data/deliveryimages.acm.org/10.1145/3190000/3186161/images/www2018-170-fig6.jpg’

     0K .......... .......... .......... .......... .......... 87% 1.66M 0s
    50K ......                                                100% 2.14M=0.03s

2018-05-16 14:16:45 (1.71 MB/s) - ‘../data/deliveryimages.acm.org/10.1145/3190000/3186161/images/www2018-170-fig6.jpg’ saved [58363/58363]

--2018-05-16 14:16:45--  http://deliveryimages.acm.org/10.1145/3190000/3186161/images/www2018-170-fig7.jpg
Connecting to deliveryimages.acm.org (deliveryimages.acm.org)|104.17.79.191|:80... connected.
HTTP request sent, awaiting response... 301 Moved Permanently
Location: https://deliveryimages.acm.org/10.1145/3190000/3186161/images/www2018-170-fig7.jpg [following]
--2018-05-16 14:16:45--  https://deliveryimages.acm.org/10.1145/3190000/3186161/images/www2018-170-fig7.jpg
Connecting to deliveryimages.acm.org (deliveryimages.acm.org)|104.17.79.191|:443... connected.
HTTP request sent, awaiting response... 200 OK
Length: 32703 (32K) [image/jpeg]
Saving to: ‘../data/deliveryimages.acm.org/10.1145/3190000/3186161/images/www2018-170-fig7.jpg’

     0K .......... .......... .......... .                    100% 1.09M=0.03s

2018-05-16 14:16:46 (1.09 MB/s) - ‘../data/deliveryimages.acm.org/10.1145/3190000/3186161/images/www2018-170-fig7.jpg’ saved [32703/32703]

--2018-05-16 14:16:46--  http://deliveryimages.acm.org/10.1145/3190000/3186161/images/www2018-170-fig8.jpg
Connecting to deliveryimages.acm.org (deliveryimages.acm.org)|104.17.79.191|:80... connected.
HTTP request sent, awaiting response... 301 Moved Permanently
Location: https://deliveryimages.acm.org/10.1145/3190000/3186161/images/www2018-170-fig8.jpg [following]
--2018-05-16 14:16:46--  https://deliveryimages.acm.org/10.1145/3190000/3186161/images/www2018-170-fig8.jpg
Connecting to deliveryimages.acm.org (deliveryimages.acm.org)|104.17.79.191|:443... connected.
HTTP request sent, awaiting response... 200 OK
Length: 39393 (38K) [image/jpeg]
Saving to: ‘../data/deliveryimages.acm.org/10.1145/3190000/3186161/images/www2018-170-fig8.jpg’

     0K .......... .......... .......... ........             100% 1.15M=0.03s

2018-05-16 14:16:46 (1.15 MB/s) - ‘../data/deliveryimages.acm.org/10.1145/3190000/3186161/images/www2018-170-fig8.jpg’ saved [39393/39393]

--2018-05-16 14:16:46--  http://deliveryimages.acm.org/10.1145/3190000/3186161/images/www2018-170-fig9.jpg
Connecting to deliveryimages.acm.org (deliveryimages.acm.org)|104.17.79.191|:80... connected.
HTTP request sent, awaiting response... 301 Moved Permanently
Location: https://deliveryimages.acm.org/10.1145/3190000/3186161/images/www2018-170-fig9.jpg [following]
--2018-05-16 14:16:46--  https://deliveryimages.acm.org/10.1145/3190000/3186161/images/www2018-170-fig9.jpg
Connecting to deliveryimages.acm.org (deliveryimages.acm.org)|104.17.79.191|:443... connected.
HTTP request sent, awaiting response... 200 OK
Length: 52752 (52K) [image/jpeg]
Saving to: ‘../data/deliveryimages.acm.org/10.1145/3190000/3186161/images/www2018-170-fig9.jpg’

     0K .......... .......... .......... .......... .......... 97% 1.02M 0s
    50K .                                                     100% 18.0M=0.05s

2018-05-16 14:16:46 (1.05 MB/s) - ‘../data/deliveryimages.acm.org/10.1145/3190000/3186161/images/www2018-170-fig9.jpg’ saved [52752/52752]

FINISHED --2018-05-16 14:16:46--
Total wall clock time: 3.7s
Downloaded: 9 files, 688K in 0.4s (1.66 MB/s)
Converting links in ../data/delivery.acm.org/10.1145/3190000/3186161/p803-kurashima.html?ip=24.48.71.56&id=3186161&acc=OPENTOC&key=4D4702B0C3E38B35.4D4702B0C3E38B35.4D4702B0C3E38B35.4DD68F0663C025AA&__acm__=1526494902_b5923909c384989e69a6bcfb1128c222... 180-0
Converted links in 1 files in 0.004 seconds.
