--2018-05-16 15:20:50--  http://delivery.acm.org/10.1145/3190000/3186352/p379-mogadala.html?ip=24.48.71.56&id=3186352&acc=OPENTOC&key=4D4702B0C3E38B35%2E4D4702B0C3E38B35%2E4D4702B0C3E38B35%2E4DD68F0663C025AA&__acm__=1526498750_f46d43f24992217ea740b4dfc896af25
Resolving delivery.acm.org (delivery.acm.org)... 24.200.120.82, 24.200.120.90
Connecting to delivery.acm.org (delivery.acm.org)|24.200.120.82|:80... connected.
HTTP request sent, awaiting response... 200 OK
Length: 79581 (78K) [text/html]
Saving to: ‘../data/delivery.acm.org/10.1145/3190000/3186352/p379-mogadala.html?ip=24.48.71.56&id=3186352&acc=OPENTOC&key=4D4702B0C3E38B35.4D4702B0C3E38B35.4D4702B0C3E38B35.4DD68F0663C025AA&__acm__=1526498750_f46d43f24992217ea740b4dfc896af25’

     0K .......... .......... .......... .......... .......... 64% 2.04M 0s
    50K .......... .......... .......                         100% 7.75M=0.03s

2018-05-16 15:20:51 (2.77 MB/s) - ‘../data/delivery.acm.org/10.1145/3190000/3186352/p379-mogadala.html?ip=24.48.71.56&id=3186352&acc=OPENTOC&key=4D4702B0C3E38B35.4D4702B0C3E38B35.4D4702B0C3E38B35.4DD68F0663C025AA&__acm__=1526498750_f46d43f24992217ea740b4dfc896af25’ saved [79581/79581]

--2018-05-16 15:20:51--  http://deliveryimages.acm.org/10.1145/3190000/3186352/images/www18companion-114-fig1.jpg
Resolving deliveryimages.acm.org (deliveryimages.acm.org)... 104.17.79.191, 104.17.80.191
Connecting to deliveryimages.acm.org (deliveryimages.acm.org)|104.17.79.191|:80... connected.
HTTP request sent, awaiting response... 301 Moved Permanently
Location: https://deliveryimages.acm.org/10.1145/3190000/3186352/images/www18companion-114-fig1.jpg [following]
--2018-05-16 15:20:51--  https://deliveryimages.acm.org/10.1145/3190000/3186352/images/www18companion-114-fig1.jpg
Connecting to deliveryimages.acm.org (deliveryimages.acm.org)|104.17.79.191|:443... connected.
HTTP request sent, awaiting response... 200 OK
Length: 76563 (75K) [image/jpeg]
Saving to: ‘../data/deliveryimages.acm.org/10.1145/3190000/3186352/images/www18companion-114-fig1.jpg’

     0K .......... .......... .......... .......... .......... 66% 1.04M 0s
    50K .......... .......... ....                            100% 2.33M=0.06s

2018-05-16 15:20:51 (1.27 MB/s) - ‘../data/deliveryimages.acm.org/10.1145/3190000/3186352/images/www18companion-114-fig1.jpg’ saved [76563/76563]

--2018-05-16 15:20:51--  http://deliveryimages.acm.org/10.1145/3190000/3186352/images/www18companion-114-fig2.jpg
Connecting to deliveryimages.acm.org (deliveryimages.acm.org)|104.17.79.191|:80... connected.
HTTP request sent, awaiting response... 301 Moved Permanently
Location: https://deliveryimages.acm.org/10.1145/3190000/3186352/images/www18companion-114-fig2.jpg [following]
--2018-05-16 15:20:51--  https://deliveryimages.acm.org/10.1145/3190000/3186352/images/www18companion-114-fig2.jpg
Connecting to deliveryimages.acm.org (deliveryimages.acm.org)|104.17.79.191|:443... connected.
HTTP request sent, awaiting response... 200 OK
Length: 70033 (68K) [image/jpeg]
Saving to: ‘../data/deliveryimages.acm.org/10.1145/3190000/3186352/images/www18companion-114-fig2.jpg’

     0K .......... .......... .......... .......... .......... 73% 1.76M 0s
    50K .......... ........                                   100% 2.61M=0.03s

2018-05-16 15:20:51 (1.93 MB/s) - ‘../data/deliveryimages.acm.org/10.1145/3190000/3186352/images/www18companion-114-fig2.jpg’ saved [70033/70033]

--2018-05-16 15:20:51--  http://deliveryimages.acm.org/10.1145/3190000/3186352/images/www18companion-114-fig3.jpg
Connecting to deliveryimages.acm.org (deliveryimages.acm.org)|104.17.79.191|:80... connected.
HTTP request sent, awaiting response... 301 Moved Permanently
Location: https://deliveryimages.acm.org/10.1145/3190000/3186352/images/www18companion-114-fig3.jpg [following]
--2018-05-16 15:20:51--  https://deliveryimages.acm.org/10.1145/3190000/3186352/images/www18companion-114-fig3.jpg
Connecting to deliveryimages.acm.org (deliveryimages.acm.org)|104.17.79.191|:443... connected.
HTTP request sent, awaiting response... 200 OK
Length: 53468 (52K) [image/jpeg]
Saving to: ‘../data/deliveryimages.acm.org/10.1145/3190000/3186352/images/www18companion-114-fig3.jpg’

     0K .......... .......... .......... .......... .......... 95% 1.42M 0s
    50K ..                                                    100% 34.9M=0.03s

2018-05-16 15:20:52 (1.48 MB/s) - ‘../data/deliveryimages.acm.org/10.1145/3190000/3186352/images/www18companion-114-fig3.jpg’ saved [53468/53468]

--2018-05-16 15:20:52--  http://deliveryimages.acm.org/10.1145/3190000/3186352/images/www18companion-114-fig4.jpg
Connecting to deliveryimages.acm.org (deliveryimages.acm.org)|104.17.79.191|:80... connected.
HTTP request sent, awaiting response... 301 Moved Permanently
Location: https://deliveryimages.acm.org/10.1145/3190000/3186352/images/www18companion-114-fig4.jpg [following]
--2018-05-16 15:20:52--  https://deliveryimages.acm.org/10.1145/3190000/3186352/images/www18companion-114-fig4.jpg
Connecting to deliveryimages.acm.org (deliveryimages.acm.org)|104.17.79.191|:443... connected.
HTTP request sent, awaiting response... 200 OK
Length: 84388 (82K) [image/jpeg]
Saving to: ‘../data/deliveryimages.acm.org/10.1145/3190000/3186352/images/www18companion-114-fig4.jpg’

     0K .......... .......... .......... .......... .......... 60% 1.57M 0s
    50K .......... .......... .......... ..                   100% 2.38M=0.04s

2018-05-16 15:20:52 (1.82 MB/s) - ‘../data/deliveryimages.acm.org/10.1145/3190000/3186352/images/www18companion-114-fig4.jpg’ saved [84388/84388]

--2018-05-16 15:20:52--  http://deliveryimages.acm.org/10.1145/3190000/3186352/images/www18companion-114-fig5.jpg
Connecting to deliveryimages.acm.org (deliveryimages.acm.org)|104.17.79.191|:80... connected.
HTTP request sent, awaiting response... 301 Moved Permanently
Location: https://deliveryimages.acm.org/10.1145/3190000/3186352/images/www18companion-114-fig5.jpg [following]
--2018-05-16 15:20:52--  https://deliveryimages.acm.org/10.1145/3190000/3186352/images/www18companion-114-fig5.jpg
Connecting to deliveryimages.acm.org (deliveryimages.acm.org)|104.17.79.191|:443... connected.
HTTP request sent, awaiting response... 200 OK
Length: 46880 (46K) [image/jpeg]
Saving to: ‘../data/deliveryimages.acm.org/10.1145/3190000/3186352/images/www18companion-114-fig5.jpg’

     0K .......... .......... .......... .......... .....     100% 1.48M=0.03s

2018-05-16 15:20:52 (1.48 MB/s) - ‘../data/deliveryimages.acm.org/10.1145/3190000/3186352/images/www18companion-114-fig5.jpg’ saved [46880/46880]

--2018-05-16 15:20:52--  http://deliveryimages.acm.org/10.1145/3190000/3186352/images/www18companion-114-fig6.jpg
Connecting to deliveryimages.acm.org (deliveryimages.acm.org)|104.17.79.191|:80... connected.
HTTP request sent, awaiting response... 301 Moved Permanently
Location: https://deliveryimages.acm.org/10.1145/3190000/3186352/images/www18companion-114-fig6.jpg [following]
--2018-05-16 15:20:52--  https://deliveryimages.acm.org/10.1145/3190000/3186352/images/www18companion-114-fig6.jpg
Connecting to deliveryimages.acm.org (deliveryimages.acm.org)|104.17.79.191|:443... connected.
HTTP request sent, awaiting response... 200 OK
Length: 274584 (268K) [image/jpeg]
Saving to: ‘../data/deliveryimages.acm.org/10.1145/3190000/3186352/images/www18companion-114-fig6.jpg’

     0K .......... .......... .......... .......... .......... 18% 1.36M 0s
    50K .......... .......... .......... .......... .......... 37% 2.52M 0s
   100K .......... .......... .......... .......... .......... 55% 7.79M 0s
   150K .......... .......... .......... .......... .......... 74% 3.02M 0s
   200K .......... .......... .......... .......... .......... 93% 2.08M 0s
   250K .......... ........                                   100% 14.4M=0.1s

2018-05-16 15:20:53 (2.56 MB/s) - ‘../data/deliveryimages.acm.org/10.1145/3190000/3186352/images/www18companion-114-fig6.jpg’ saved [274584/274584]

FINISHED --2018-05-16 15:20:53--
Total wall clock time: 2.1s
Downloaded: 7 files, 669K in 0.3s (1.98 MB/s)
Converting links in ../data/delivery.acm.org/10.1145/3190000/3186352/p379-mogadala.html?ip=24.48.71.56&id=3186352&acc=OPENTOC&key=4D4702B0C3E38B35.4D4702B0C3E38B35.4D4702B0C3E38B35.4DD68F0663C025AA&__acm__=1526498750_f46d43f24992217ea740b4dfc896af25... 101-0
Converted links in 1 files in 0.001 seconds.
