--2018-05-16 15:12:11--  http://delivery.acm.org/10.1145/3200000/3191630/p1707-trivedi.html?ip=24.48.71.56&id=3191630&acc=OPENTOC&key=4D4702B0C3E38B35%2E4D4702B0C3E38B35%2E4D4702B0C3E38B35%2E4DD68F0663C025AA&__acm__=1526498230_48584e0adfd4718e3651ea048bdb71af
Resolving delivery.acm.org (delivery.acm.org)... 24.200.120.82, 24.200.120.90
Connecting to delivery.acm.org (delivery.acm.org)|24.200.120.82|:80... connected.
HTTP request sent, awaiting response... 200 OK
Length: 39706 (39K) [text/html]
Saving to: ‘../data/delivery.acm.org/10.1145/3200000/3191630/p1707-trivedi.html?ip=24.48.71.56&id=3191630&acc=OPENTOC&key=4D4702B0C3E38B35.4D4702B0C3E38B35.4D4702B0C3E38B35.4DD68F0663C025AA&__acm__=1526498230_48584e0adfd4718e3651ea048bdb71af’

     0K .......... .......... .......... ........             100% 1.11M=0.03s

2018-05-16 15:12:11 (1.11 MB/s) - ‘../data/delivery.acm.org/10.1145/3200000/3191630/p1707-trivedi.html?ip=24.48.71.56&id=3191630&acc=OPENTOC&key=4D4702B0C3E38B35.4D4702B0C3E38B35.4D4702B0C3E38B35.4DD68F0663C025AA&__acm__=1526498230_48584e0adfd4718e3651ea048bdb71af’ saved [39706/39706]

--2018-05-16 15:12:11--  http://deliveryimages.acm.org/10.1145/3200000/3191630/images/www18companion-369-fig1.jpg
Resolving deliveryimages.acm.org (deliveryimages.acm.org)... 104.17.79.191, 104.17.80.191
Connecting to deliveryimages.acm.org (deliveryimages.acm.org)|104.17.79.191|:80... connected.
HTTP request sent, awaiting response... 301 Moved Permanently
Location: https://deliveryimages.acm.org/10.1145/3200000/3191630/images/www18companion-369-fig1.jpg [following]
--2018-05-16 15:12:11--  https://deliveryimages.acm.org/10.1145/3200000/3191630/images/www18companion-369-fig1.jpg
Connecting to deliveryimages.acm.org (deliveryimages.acm.org)|104.17.79.191|:443... connected.
HTTP request sent, awaiting response... 200 OK
Length: 236199 (231K) [image/jpeg]
Saving to: ‘../data/deliveryimages.acm.org/10.1145/3200000/3191630/images/www18companion-369-fig1.jpg’

     0K .......... .......... .......... .......... .......... 21% 1.59M 0s
    50K .......... .......... .......... .......... .......... 43% 2.43M 0s
   100K .......... .......... .......... .......... .......... 65% 3.12M 0s
   150K .......... .......... .......... .......... .......... 86% 3.54M 0s
   200K .......... .......... ..........                      100% 3.35M=0.09s

2018-05-16 15:12:12 (2.52 MB/s) - ‘../data/deliveryimages.acm.org/10.1145/3200000/3191630/images/www18companion-369-fig1.jpg’ saved [236199/236199]

--2018-05-16 15:12:12--  http://deliveryimages.acm.org/10.1145/3200000/3191630/images/www18companion-369-fig2.jpg
Connecting to deliveryimages.acm.org (deliveryimages.acm.org)|104.17.79.191|:80... connected.
HTTP request sent, awaiting response... 301 Moved Permanently
Location: https://deliveryimages.acm.org/10.1145/3200000/3191630/images/www18companion-369-fig2.jpg [following]
--2018-05-16 15:12:12--  https://deliveryimages.acm.org/10.1145/3200000/3191630/images/www18companion-369-fig2.jpg
Connecting to deliveryimages.acm.org (deliveryimages.acm.org)|104.17.79.191|:443... connected.
HTTP request sent, awaiting response... 200 OK
Length: 77647 (76K) [image/jpeg]
Saving to: ‘../data/deliveryimages.acm.org/10.1145/3200000/3191630/images/www18companion-369-fig2.jpg’

     0K .......... .......... .......... .......... .......... 65% 1.43M 0s
    50K .......... .......... .....                           100% 6.07M=0.04s

2018-05-16 15:12:12 (1.93 MB/s) - ‘../data/deliveryimages.acm.org/10.1145/3200000/3191630/images/www18companion-369-fig2.jpg’ saved [77647/77647]

--2018-05-16 15:12:12--  http://deliveryimages.acm.org/10.1145/3200000/3191630/images/www18companion-369-fig3.jpg
Connecting to deliveryimages.acm.org (deliveryimages.acm.org)|104.17.79.191|:80... connected.
HTTP request sent, awaiting response... 301 Moved Permanently
Location: https://deliveryimages.acm.org/10.1145/3200000/3191630/images/www18companion-369-fig3.jpg [following]
--2018-05-16 15:12:12--  https://deliveryimages.acm.org/10.1145/3200000/3191630/images/www18companion-369-fig3.jpg
Connecting to deliveryimages.acm.org (deliveryimages.acm.org)|104.17.79.191|:443... connected.
HTTP request sent, awaiting response... 200 OK
Length: 156253 (153K) [image/jpeg]
Saving to: ‘../data/deliveryimages.acm.org/10.1145/3200000/3191630/images/www18companion-369-fig3.jpg’

     0K .......... .......... .......... .......... .......... 32% 1.23M 0s
    50K .......... .......... .......... .......... .......... 65% 2.82M 0s
   100K .......... .......... .......... .......... .......... 98% 2.84M 0s
   150K ..                                                    100% 79.3M=0.07s

2018-05-16 15:12:12 (2.01 MB/s) - ‘../data/deliveryimages.acm.org/10.1145/3200000/3191630/images/www18companion-369-fig3.jpg’ saved [156253/156253]

--2018-05-16 15:12:12--  http://deliveryimages.acm.org/10.1145/3200000/3191630/images/www18companion-369-fig4.jpg
Connecting to deliveryimages.acm.org (deliveryimages.acm.org)|104.17.79.191|:80... connected.
HTTP request sent, awaiting response... 301 Moved Permanently
Location: https://deliveryimages.acm.org/10.1145/3200000/3191630/images/www18companion-369-fig4.jpg [following]
--2018-05-16 15:12:12--  https://deliveryimages.acm.org/10.1145/3200000/3191630/images/www18companion-369-fig4.jpg
Connecting to deliveryimages.acm.org (deliveryimages.acm.org)|104.17.79.191|:443... connected.
HTTP request sent, awaiting response... 200 OK
Length: 150066 (147K) [image/jpeg]
Saving to: ‘../data/deliveryimages.acm.org/10.1145/3200000/3191630/images/www18companion-369-fig4.jpg’

     0K .......... .......... .......... .......... .......... 34% 1.47M 0s
    50K .......... .......... .......... .......... .......... 68% 3.09M 0s
   100K .......... .......... .......... .......... ......    100% 5.67M=0.06s

2018-05-16 15:12:13 (2.51 MB/s) - ‘../data/deliveryimages.acm.org/10.1145/3200000/3191630/images/www18companion-369-fig4.jpg’ saved [150066/150066]

--2018-05-16 15:12:13--  http://deliveryimages.acm.org/10.1145/3200000/3191630/images/www18companion-369-fig5.jpg
Connecting to deliveryimages.acm.org (deliveryimages.acm.org)|104.17.79.191|:80... connected.
HTTP request sent, awaiting response... 301 Moved Permanently
Location: https://deliveryimages.acm.org/10.1145/3200000/3191630/images/www18companion-369-fig5.jpg [following]
--2018-05-16 15:12:13--  https://deliveryimages.acm.org/10.1145/3200000/3191630/images/www18companion-369-fig5.jpg
Connecting to deliveryimages.acm.org (deliveryimages.acm.org)|104.17.79.191|:443... connected.
HTTP request sent, awaiting response... 200 OK
Length: 190273 (186K) [image/jpeg]
Saving to: ‘../data/deliveryimages.acm.org/10.1145/3200000/3191630/images/www18companion-369-fig5.jpg’

     0K .......... .......... .......... .......... .......... 26% 1.46M 0s
    50K .......... .......... .......... .......... .......... 53% 2.73M 0s
   100K .......... .......... .......... .......... .......... 80% 3.07M 0s
   150K .......... .......... .......... .....                100% 4.06M=0.08s

2018-05-16 15:12:13 (2.39 MB/s) - ‘../data/deliveryimages.acm.org/10.1145/3200000/3191630/images/www18companion-369-fig5.jpg’ saved [190273/190273]

--2018-05-16 15:12:13--  http://deliveryimages.acm.org/10.1145/3200000/3191630/images/www18companion-369-fig6.jpg
Connecting to deliveryimages.acm.org (deliveryimages.acm.org)|104.17.79.191|:80... connected.
HTTP request sent, awaiting response... 301 Moved Permanently
Location: https://deliveryimages.acm.org/10.1145/3200000/3191630/images/www18companion-369-fig6.jpg [following]
--2018-05-16 15:12:13--  https://deliveryimages.acm.org/10.1145/3200000/3191630/images/www18companion-369-fig6.jpg
Connecting to deliveryimages.acm.org (deliveryimages.acm.org)|104.17.79.191|:443... connected.
HTTP request sent, awaiting response... 200 OK
Length: 129111 (126K) [image/jpeg]
Saving to: ‘../data/deliveryimages.acm.org/10.1145/3200000/3191630/images/www18companion-369-fig6.jpg’

     0K .......... .......... .......... .......... .......... 39% 1.70M 0s
    50K .......... .......... .......... .......... .......... 79% 1.81M 0s
   100K .......... .......... ......                          100% 5.24M=0.06s

2018-05-16 15:12:13 (2.03 MB/s) - ‘../data/deliveryimages.acm.org/10.1145/3200000/3191630/images/www18companion-369-fig6.jpg’ saved [129111/129111]

--2018-05-16 15:12:13--  http://deliveryimages.acm.org/10.1145/3200000/3191630/images/www18companion-369-fig7.jpg
Connecting to deliveryimages.acm.org (deliveryimages.acm.org)|104.17.79.191|:80... connected.
HTTP request sent, awaiting response... 301 Moved Permanently
Location: https://deliveryimages.acm.org/10.1145/3200000/3191630/images/www18companion-369-fig7.jpg [following]
--2018-05-16 15:12:13--  https://deliveryimages.acm.org/10.1145/3200000/3191630/images/www18companion-369-fig7.jpg
Connecting to deliveryimages.acm.org (deliveryimages.acm.org)|104.17.79.191|:443... connected.
HTTP request sent, awaiting response... 200 OK
Length: 139403 (136K) [image/jpeg]
Saving to: ‘../data/deliveryimages.acm.org/10.1145/3200000/3191630/images/www18companion-369-fig7.jpg’

     0K .......... .......... .......... .......... .......... 36%  557K 0s
    50K .......... .......... .......... .......... .......... 73% 3.29M 0s
   100K .......... .......... .......... ......               100% 5.53M=0.1s

2018-05-16 15:12:14 (1.20 MB/s) - ‘../data/deliveryimages.acm.org/10.1145/3200000/3191630/images/www18companion-369-fig7.jpg’ saved [139403/139403]

FINISHED --2018-05-16 15:12:14--
Total wall clock time: 2.7s
Downloaded: 8 files, 1.1M in 0.5s (1.97 MB/s)
Converting links in ../data/delivery.acm.org/10.1145/3200000/3191630/p1707-trivedi.html?ip=24.48.71.56&id=3191630&acc=OPENTOC&key=4D4702B0C3E38B35.4D4702B0C3E38B35.4D4702B0C3E38B35.4DD68F0663C025AA&__acm__=1526498230_48584e0adfd4718e3651ea048bdb71af... 7-0
Converted links in 1 files in 0.001 seconds.
