--2018-05-16 15:04:32--  http://delivery.acm.org/10.1145/3200000/3191654/p1869-dimanidis.html?ip=24.48.71.56&id=3191654&acc=OPENTOC&key=4D4702B0C3E38B35%2E4D4702B0C3E38B35%2E4D4702B0C3E38B35%2E4DD68F0663C025AA&__acm__=1526497771_8271f659cbcb04538f8381eb40e8d53e
Resolving delivery.acm.org (delivery.acm.org)... 24.200.120.82, 24.200.120.90
Connecting to delivery.acm.org (delivery.acm.org)|24.200.120.82|:80... connected.
HTTP request sent, awaiting response... 200 OK
Length: 44718 (44K) [text/html]
Saving to: ‘../data/delivery.acm.org/10.1145/3200000/3191654/p1869-dimanidis.html?ip=24.48.71.56&id=3191654&acc=OPENTOC&key=4D4702B0C3E38B35.4D4702B0C3E38B35.4D4702B0C3E38B35.4DD68F0663C025AA&__acm__=1526497771_8271f659cbcb04538f8381eb40e8d53e’

     0K .......... .......... .......... .......... ...       100% 2.57M=0.02s

2018-05-16 15:04:33 (2.57 MB/s) - ‘../data/delivery.acm.org/10.1145/3200000/3191654/p1869-dimanidis.html?ip=24.48.71.56&id=3191654&acc=OPENTOC&key=4D4702B0C3E38B35.4D4702B0C3E38B35.4D4702B0C3E38B35.4DD68F0663C025AA&__acm__=1526497771_8271f659cbcb04538f8381eb40e8d53e’ saved [44718/44718]

--2018-05-16 15:04:33--  http://deliveryimages.acm.org/10.1145/3200000/3191654/images/www18companion-393-img1.jpg
Resolving deliveryimages.acm.org (deliveryimages.acm.org)... 104.17.79.191, 104.17.80.191
Connecting to deliveryimages.acm.org (deliveryimages.acm.org)|104.17.79.191|:80... connected.
HTTP request sent, awaiting response... 301 Moved Permanently
Location: https://deliveryimages.acm.org/10.1145/3200000/3191654/images/www18companion-393-img1.jpg [following]
--2018-05-16 15:04:33--  https://deliveryimages.acm.org/10.1145/3200000/3191654/images/www18companion-393-img1.jpg
Connecting to deliveryimages.acm.org (deliveryimages.acm.org)|104.17.79.191|:443... connected.
HTTP request sent, awaiting response... 200 OK
Length: 33354 (33K) [image/jpeg]
Saving to: ‘../data/deliveryimages.acm.org/10.1145/3200000/3191654/images/www18companion-393-img1.jpg’

     0K .......... .......... .......... ..                   100% 1.30M=0.02s

2018-05-16 15:04:33 (1.30 MB/s) - ‘../data/deliveryimages.acm.org/10.1145/3200000/3191654/images/www18companion-393-img1.jpg’ saved [33354/33354]

--2018-05-16 15:04:33--  http://deliveryimages.acm.org/10.1145/3200000/3191654/images/www18companion-393-img2.jpg
Connecting to deliveryimages.acm.org (deliveryimages.acm.org)|104.17.79.191|:80... connected.
HTTP request sent, awaiting response... 301 Moved Permanently
Location: https://deliveryimages.acm.org/10.1145/3200000/3191654/images/www18companion-393-img2.jpg [following]
--2018-05-16 15:04:33--  https://deliveryimages.acm.org/10.1145/3200000/3191654/images/www18companion-393-img2.jpg
Connecting to deliveryimages.acm.org (deliveryimages.acm.org)|104.17.79.191|:443... connected.
HTTP request sent, awaiting response... 200 OK
Length: 33782 (33K) [image/jpeg]
Saving to: ‘../data/deliveryimages.acm.org/10.1145/3200000/3191654/images/www18companion-393-img2.jpg’

     0K .......... .......... .......... ..                   100% 1.51M=0.02s

2018-05-16 15:04:33 (1.51 MB/s) - ‘../data/deliveryimages.acm.org/10.1145/3200000/3191654/images/www18companion-393-img2.jpg’ saved [33782/33782]

--2018-05-16 15:04:33--  http://deliveryimages.acm.org/10.1145/3200000/3191654/images/www18companion-393-img3.jpg
Connecting to deliveryimages.acm.org (deliveryimages.acm.org)|104.17.79.191|:80... connected.
HTTP request sent, awaiting response... 301 Moved Permanently
Location: https://deliveryimages.acm.org/10.1145/3200000/3191654/images/www18companion-393-img3.jpg [following]
--2018-05-16 15:04:33--  https://deliveryimages.acm.org/10.1145/3200000/3191654/images/www18companion-393-img3.jpg
Connecting to deliveryimages.acm.org (deliveryimages.acm.org)|104.17.79.191|:443... connected.
HTTP request sent, awaiting response... 200 OK
Length: 21190 (21K) [image/jpeg]
Saving to: ‘../data/deliveryimages.acm.org/10.1145/3200000/3191654/images/www18companion-393-img3.jpg’

     0K .......... ..........                                 100% 1.28M=0.02s

2018-05-16 15:04:33 (1.28 MB/s) - ‘../data/deliveryimages.acm.org/10.1145/3200000/3191654/images/www18companion-393-img3.jpg’ saved [21190/21190]

--2018-05-16 15:04:33--  http://deliveryimages.acm.org/10.1145/3200000/3191654/images/www18companion-393-img4.jpg
Connecting to deliveryimages.acm.org (deliveryimages.acm.org)|104.17.79.191|:80... connected.
HTTP request sent, awaiting response... 301 Moved Permanently
Location: https://deliveryimages.acm.org/10.1145/3200000/3191654/images/www18companion-393-img4.jpg [following]
--2018-05-16 15:04:34--  https://deliveryimages.acm.org/10.1145/3200000/3191654/images/www18companion-393-img4.jpg
Connecting to deliveryimages.acm.org (deliveryimages.acm.org)|104.17.79.191|:443... connected.
HTTP request sent, awaiting response... 200 OK
Length: 23373 (23K) [image/jpeg]
Saving to: ‘../data/deliveryimages.acm.org/10.1145/3200000/3191654/images/www18companion-393-img4.jpg’

     0K .......... .......... ..                              100% 1.46M=0.02s

2018-05-16 15:04:34 (1.46 MB/s) - ‘../data/deliveryimages.acm.org/10.1145/3200000/3191654/images/www18companion-393-img4.jpg’ saved [23373/23373]

--2018-05-16 15:04:34--  http://deliveryimages.acm.org/10.1145/3200000/3191654/images/www18companion-393-img5.jpg
Connecting to deliveryimages.acm.org (deliveryimages.acm.org)|104.17.79.191|:80... connected.
HTTP request sent, awaiting response... 301 Moved Permanently
Location: https://deliveryimages.acm.org/10.1145/3200000/3191654/images/www18companion-393-img5.jpg [following]
--2018-05-16 15:04:34--  https://deliveryimages.acm.org/10.1145/3200000/3191654/images/www18companion-393-img5.jpg
Connecting to deliveryimages.acm.org (deliveryimages.acm.org)|104.17.79.191|:443... connected.
HTTP request sent, awaiting response... 200 OK
Length: 16279 (16K) [image/jpeg]
Saving to: ‘../data/deliveryimages.acm.org/10.1145/3200000/3191654/images/www18companion-393-img5.jpg’

     0K .......... .....                                      100%  661K=0.02s

2018-05-16 15:04:34 (661 KB/s) - ‘../data/deliveryimages.acm.org/10.1145/3200000/3191654/images/www18companion-393-img5.jpg’ saved [16279/16279]

--2018-05-16 15:04:34--  http://deliveryimages.acm.org/10.1145/3200000/3191654/images/www18companion-393-img6.jpg
Connecting to deliveryimages.acm.org (deliveryimages.acm.org)|104.17.79.191|:80... connected.
HTTP request sent, awaiting response... 301 Moved Permanently
Location: https://deliveryimages.acm.org/10.1145/3200000/3191654/images/www18companion-393-img6.jpg [following]
--2018-05-16 15:04:34--  https://deliveryimages.acm.org/10.1145/3200000/3191654/images/www18companion-393-img6.jpg
Connecting to deliveryimages.acm.org (deliveryimages.acm.org)|104.17.79.191|:443... connected.
HTTP request sent, awaiting response... 200 OK
Length: 55824 (55K) [image/jpeg]
Saving to: ‘../data/deliveryimages.acm.org/10.1145/3200000/3191654/images/www18companion-393-img6.jpg’

     0K .......... .......... .......... .......... .......... 91% 1.06M 0s
    50K ....                                                  100% 65.4M=0.05s

2018-05-16 15:04:34 (1.16 MB/s) - ‘../data/deliveryimages.acm.org/10.1145/3200000/3191654/images/www18companion-393-img6.jpg’ saved [55824/55824]

--2018-05-16 15:04:34--  http://deliveryimages.acm.org/10.1145/3200000/3191654/images/www18companion-393-img7.jpg
Connecting to deliveryimages.acm.org (deliveryimages.acm.org)|104.17.79.191|:80... connected.
HTTP request sent, awaiting response... 301 Moved Permanently
Location: https://deliveryimages.acm.org/10.1145/3200000/3191654/images/www18companion-393-img7.jpg [following]
--2018-05-16 15:04:34--  https://deliveryimages.acm.org/10.1145/3200000/3191654/images/www18companion-393-img7.jpg
Connecting to deliveryimages.acm.org (deliveryimages.acm.org)|104.17.79.191|:443... connected.
HTTP request sent, awaiting response... 200 OK
Length: 20837 (20K) [image/jpeg]
Saving to: ‘../data/deliveryimages.acm.org/10.1145/3200000/3191654/images/www18companion-393-img7.jpg’

     0K .......... ..........                                 100% 1.21M=0.02s

2018-05-16 15:04:35 (1.21 MB/s) - ‘../data/deliveryimages.acm.org/10.1145/3200000/3191654/images/www18companion-393-img7.jpg’ saved [20837/20837]

--2018-05-16 15:04:35--  http://deliveryimages.acm.org/10.1145/3200000/3191654/images/www18companion-393-img8.jpg
Connecting to deliveryimages.acm.org (deliveryimages.acm.org)|104.17.79.191|:80... connected.
HTTP request sent, awaiting response... 301 Moved Permanently
Location: https://deliveryimages.acm.org/10.1145/3200000/3191654/images/www18companion-393-img8.jpg [following]
--2018-05-16 15:04:35--  https://deliveryimages.acm.org/10.1145/3200000/3191654/images/www18companion-393-img8.jpg
Connecting to deliveryimages.acm.org (deliveryimages.acm.org)|104.17.79.191|:443... connected.
HTTP request sent, awaiting response... 200 OK
Length: 28156 (27K) [image/jpeg]
Saving to: ‘../data/deliveryimages.acm.org/10.1145/3200000/3191654/images/www18companion-393-img8.jpg’

     0K .......... .......... .......                         100% 1.17M=0.02s

2018-05-16 15:04:35 (1.17 MB/s) - ‘../data/deliveryimages.acm.org/10.1145/3200000/3191654/images/www18companion-393-img8.jpg’ saved [28156/28156]

--2018-05-16 15:04:35--  http://deliveryimages.acm.org/10.1145/3200000/3191654/images/www18companion-393-img9.jpg
Connecting to deliveryimages.acm.org (deliveryimages.acm.org)|104.17.79.191|:80... connected.
HTTP request sent, awaiting response... 301 Moved Permanently
Location: https://deliveryimages.acm.org/10.1145/3200000/3191654/images/www18companion-393-img9.jpg [following]
--2018-05-16 15:04:35--  https://deliveryimages.acm.org/10.1145/3200000/3191654/images/www18companion-393-img9.jpg
Connecting to deliveryimages.acm.org (deliveryimages.acm.org)|104.17.79.191|:443... connected.
HTTP request sent, awaiting response... 200 OK
Length: 56466 (55K) [image/jpeg]
Saving to: ‘../data/deliveryimages.acm.org/10.1145/3200000/3191654/images/www18companion-393-img9.jpg’

     0K .......... .......... .......... .......... .......... 90% 1.37M 0s
    50K .....                                                 100% 3.11M=0.04s

2018-05-16 15:04:35 (1.44 MB/s) - ‘../data/deliveryimages.acm.org/10.1145/3200000/3191654/images/www18companion-393-img9.jpg’ saved [56466/56466]

--2018-05-16 15:04:35--  http://deliveryimages.acm.org/10.1145/3200000/3191654/images/www18companion-393-img10.jpg
Connecting to deliveryimages.acm.org (deliveryimages.acm.org)|104.17.79.191|:80... connected.
HTTP request sent, awaiting response... 301 Moved Permanently
Location: https://deliveryimages.acm.org/10.1145/3200000/3191654/images/www18companion-393-img10.jpg [following]
--2018-05-16 15:04:35--  https://deliveryimages.acm.org/10.1145/3200000/3191654/images/www18companion-393-img10.jpg
Connecting to deliveryimages.acm.org (deliveryimages.acm.org)|104.17.79.191|:443... connected.
HTTP request sent, awaiting response... 200 OK
Length: 18613 (18K) [image/jpeg]
Saving to: ‘../data/deliveryimages.acm.org/10.1145/3200000/3191654/images/www18companion-393-img10.jpg’

     0K .......... ........                                   100%  770K=0.02s

2018-05-16 15:04:35 (770 KB/s) - ‘../data/deliveryimages.acm.org/10.1145/3200000/3191654/images/www18companion-393-img10.jpg’ saved [18613/18613]

--2018-05-16 15:04:35--  http://deliveryimages.acm.org/10.1145/3200000/3191654/images/www18companion-393-img11.jpg
Connecting to deliveryimages.acm.org (deliveryimages.acm.org)|104.17.79.191|:80... connected.
HTTP request sent, awaiting response... 301 Moved Permanently
Location: https://deliveryimages.acm.org/10.1145/3200000/3191654/images/www18companion-393-img11.jpg [following]
--2018-05-16 15:04:36--  https://deliveryimages.acm.org/10.1145/3200000/3191654/images/www18companion-393-img11.jpg
Connecting to deliveryimages.acm.org (deliveryimages.acm.org)|104.17.79.191|:443... connected.
HTTP request sent, awaiting response... 200 OK
Length: 36474 (36K) [image/jpeg]
Saving to: ‘../data/deliveryimages.acm.org/10.1145/3200000/3191654/images/www18companion-393-img11.jpg’

     0K .......... .......... .......... .....                100%  720K=0.05s

2018-05-16 15:04:36 (720 KB/s) - ‘../data/deliveryimages.acm.org/10.1145/3200000/3191654/images/www18companion-393-img11.jpg’ saved [36474/36474]

--2018-05-16 15:04:36--  http://deliveryimages.acm.org/10.1145/3200000/3191654/images/www18companion-393-img12.jpg
Connecting to deliveryimages.acm.org (deliveryimages.acm.org)|104.17.79.191|:80... connected.
HTTP request sent, awaiting response... 301 Moved Permanently
Location: https://deliveryimages.acm.org/10.1145/3200000/3191654/images/www18companion-393-img12.jpg [following]
--2018-05-16 15:04:36--  https://deliveryimages.acm.org/10.1145/3200000/3191654/images/www18companion-393-img12.jpg
Connecting to deliveryimages.acm.org (deliveryimages.acm.org)|104.17.79.191|:443... connected.
HTTP request sent, awaiting response... 200 OK
Length: 72620 (71K) [image/jpeg]
Saving to: ‘../data/deliveryimages.acm.org/10.1145/3200000/3191654/images/www18companion-393-img12.jpg’

     0K .......... .......... .......... .......... .......... 70% 1.77M 0s
    50K .......... ..........                                 100% 4.47M=0.03s

2018-05-16 15:04:36 (2.15 MB/s) - ‘../data/deliveryimages.acm.org/10.1145/3200000/3191654/images/www18companion-393-img12.jpg’ saved [72620/72620]

--2018-05-16 15:04:36--  http://deliveryimages.acm.org/10.1145/3200000/3191654/images/www18companion-393-fig1.jpg
Connecting to deliveryimages.acm.org (deliveryimages.acm.org)|104.17.79.191|:80... connected.
HTTP request sent, awaiting response... 301 Moved Permanently
Location: https://deliveryimages.acm.org/10.1145/3200000/3191654/images/www18companion-393-fig1.jpg [following]
--2018-05-16 15:04:36--  https://deliveryimages.acm.org/10.1145/3200000/3191654/images/www18companion-393-fig1.jpg
Connecting to deliveryimages.acm.org (deliveryimages.acm.org)|104.17.79.191|:443... connected.
HTTP request sent, awaiting response... 200 OK
Length: 33584 (33K) [image/jpeg]
Saving to: ‘../data/deliveryimages.acm.org/10.1145/3200000/3191654/images/www18companion-393-fig1.jpg’

     0K .......... .......... .......... ..                   100% 1.68M=0.02s

2018-05-16 15:04:36 (1.68 MB/s) - ‘../data/deliveryimages.acm.org/10.1145/3200000/3191654/images/www18companion-393-fig1.jpg’ saved [33584/33584]

--2018-05-16 15:04:36--  http://deliveryimages.acm.org/10.1145/3200000/3191654/images/www18companion-393-fig2.jpg
Connecting to deliveryimages.acm.org (deliveryimages.acm.org)|104.17.79.191|:80... connected.
HTTP request sent, awaiting response... 301 Moved Permanently
Location: https://deliveryimages.acm.org/10.1145/3200000/3191654/images/www18companion-393-fig2.jpg [following]
--2018-05-16 15:04:36--  https://deliveryimages.acm.org/10.1145/3200000/3191654/images/www18companion-393-fig2.jpg
Connecting to deliveryimages.acm.org (deliveryimages.acm.org)|104.17.79.191|:443... connected.
HTTP request sent, awaiting response... 200 OK
Length: 151201 (148K) [image/jpeg]
Saving to: ‘../data/deliveryimages.acm.org/10.1145/3200000/3191654/images/www18companion-393-fig2.jpg’

     0K .......... .......... .......... .......... .......... 33% 1.56M 0s
    50K .......... .......... .......... .......... .......... 67% 3.84M 0s
   100K .......... .......... .......... .......... .......   100% 2.72M=0.06s

2018-05-16 15:04:37 (2.36 MB/s) - ‘../data/deliveryimages.acm.org/10.1145/3200000/3191654/images/www18companion-393-fig2.jpg’ saved [151201/151201]

FINISHED --2018-05-16 15:04:37--
Total wall clock time: 4.4s
Downloaded: 15 files, 631K in 0.4s (1.45 MB/s)
Converting links in ../data/delivery.acm.org/10.1145/3200000/3191654/p1869-dimanidis.html?ip=24.48.71.56&id=3191654&acc=OPENTOC&key=4D4702B0C3E38B35.4D4702B0C3E38B35.4D4702B0C3E38B35.4DD68F0663C025AA&__acm__=1526497771_8271f659cbcb04538f8381eb40e8d53e... 61-0
Converted links in 1 files in 0.001 seconds.
