--2018-05-16 14:17:57--  http://delivery.acm.org/10.1145/3190000/3185996/p187-xu.html?ip=24.48.71.56&id=3185996&acc=OPENTOC&key=4D4702B0C3E38B35%2E4D4702B0C3E38B35%2E4D4702B0C3E38B35%2E4DD68F0663C025AA&__acm__=1526494976_b743bdf298c4d4948aecd01c6d316a3a
Resolving delivery.acm.org (delivery.acm.org)... 24.200.120.90, 24.200.120.82
Connecting to delivery.acm.org (delivery.acm.org)|24.200.120.90|:80... connected.
HTTP request sent, awaiting response... 200 OK
Length: 110540 (108K) [text/html]
Saving to: ‘../data/delivery.acm.org/10.1145/3190000/3185996/p187-xu.html?ip=24.48.71.56&id=3185996&acc=OPENTOC&key=4D4702B0C3E38B35.4D4702B0C3E38B35.4D4702B0C3E38B35.4DD68F0663C025AA&__acm__=1526494976_b743bdf298c4d4948aecd01c6d316a3a’

     0K .......... .......... .......... .......... .......... 46% 1.64M 0s
    50K .......... .......... .......... .......... .......... 92% 1.89M 0s
   100K .......                                               100% 3.20M=0.06s

2018-05-16 14:17:57 (1.82 MB/s) - ‘../data/delivery.acm.org/10.1145/3190000/3185996/p187-xu.html?ip=24.48.71.56&id=3185996&acc=OPENTOC&key=4D4702B0C3E38B35.4D4702B0C3E38B35.4D4702B0C3E38B35.4DD68F0663C025AA&__acm__=1526494976_b743bdf298c4d4948aecd01c6d316a3a’ saved [110540/110540]

--2018-05-16 14:17:57--  http://deliveryimages.acm.org/10.1145/3190000/3185996/images/www2018-5-fig1.jpg
Resolving deliveryimages.acm.org (deliveryimages.acm.org)... 104.17.79.191, 104.17.80.191
Connecting to deliveryimages.acm.org (deliveryimages.acm.org)|104.17.79.191|:80... connected.
HTTP request sent, awaiting response... 301 Moved Permanently
Location: https://deliveryimages.acm.org/10.1145/3190000/3185996/images/www2018-5-fig1.jpg [following]
--2018-05-16 14:17:58--  https://deliveryimages.acm.org/10.1145/3190000/3185996/images/www2018-5-fig1.jpg
Connecting to deliveryimages.acm.org (deliveryimages.acm.org)|104.17.79.191|:443... connected.
HTTP request sent, awaiting response... 200 OK
Length: 105528 (103K) [image/jpeg]
Saving to: ‘../data/deliveryimages.acm.org/10.1145/3190000/3185996/images/www2018-5-fig1.jpg’

     0K .......... .......... .......... .......... .......... 48% 1.81M 0s
    50K .......... .......... .......... .......... .......... 97% 2.76M 0s
   100K ...                                                   100% 5826G=0.04s

2018-05-16 14:17:58 (2.25 MB/s) - ‘../data/deliveryimages.acm.org/10.1145/3190000/3185996/images/www2018-5-fig1.jpg’ saved [105528/105528]

--2018-05-16 14:17:58--  http://deliveryimages.acm.org/10.1145/3190000/3185996/images/www2018-5-fig2.jpg
Connecting to deliveryimages.acm.org (deliveryimages.acm.org)|104.17.79.191|:80... connected.
HTTP request sent, awaiting response... 301 Moved Permanently
Location: https://deliveryimages.acm.org/10.1145/3190000/3185996/images/www2018-5-fig2.jpg [following]
--2018-05-16 14:17:58--  https://deliveryimages.acm.org/10.1145/3190000/3185996/images/www2018-5-fig2.jpg
Connecting to deliveryimages.acm.org (deliveryimages.acm.org)|104.17.79.191|:443... connected.
HTTP request sent, awaiting response... 200 OK
Length: 45295 (44K) [image/jpeg]
Saving to: ‘../data/deliveryimages.acm.org/10.1145/3190000/3185996/images/www2018-5-fig2.jpg’

     0K .......... .......... .......... .......... ....      100% 1.04M=0.04s

2018-05-16 14:17:58 (1.04 MB/s) - ‘../data/deliveryimages.acm.org/10.1145/3190000/3185996/images/www2018-5-fig2.jpg’ saved [45295/45295]

--2018-05-16 14:17:58--  http://deliveryimages.acm.org/10.1145/3190000/3185996/images/www2018-5-fig3.jpg
Connecting to deliveryimages.acm.org (deliveryimages.acm.org)|104.17.79.191|:80... connected.
HTTP request sent, awaiting response... 301 Moved Permanently
Location: https://deliveryimages.acm.org/10.1145/3190000/3185996/images/www2018-5-fig3.jpg [following]
--2018-05-16 14:17:58--  https://deliveryimages.acm.org/10.1145/3190000/3185996/images/www2018-5-fig3.jpg
Connecting to deliveryimages.acm.org (deliveryimages.acm.org)|104.17.79.191|:443... connected.
HTTP request sent, awaiting response... 200 OK
Length: 83618 (82K) [image/jpeg]
Saving to: ‘../data/deliveryimages.acm.org/10.1145/3190000/3185996/images/www2018-5-fig3.jpg’

     0K .......... .......... .......... .......... .......... 61% 1.69M 0s
    50K .......... .......... .......... .                    100% 5.65M=0.03s

2018-05-16 14:17:58 (2.32 MB/s) - ‘../data/deliveryimages.acm.org/10.1145/3190000/3185996/images/www2018-5-fig3.jpg’ saved [83618/83618]

--2018-05-16 14:17:58--  http://deliveryimages.acm.org/10.1145/3190000/3185996/images/www2018-5-fig4.jpg
Connecting to deliveryimages.acm.org (deliveryimages.acm.org)|104.17.79.191|:80... connected.
HTTP request sent, awaiting response... 301 Moved Permanently
Location: https://deliveryimages.acm.org/10.1145/3190000/3185996/images/www2018-5-fig4.jpg [following]
--2018-05-16 14:17:58--  https://deliveryimages.acm.org/10.1145/3190000/3185996/images/www2018-5-fig4.jpg
Connecting to deliveryimages.acm.org (deliveryimages.acm.org)|104.17.79.191|:443... connected.
HTTP request sent, awaiting response... 200 OK
Length: 147059 (144K) [image/jpeg]
Saving to: ‘../data/deliveryimages.acm.org/10.1145/3190000/3185996/images/www2018-5-fig4.jpg’

     0K .......... .......... .......... .......... .......... 34% 1.49M 0s
    50K .......... .......... .......... .......... .......... 69% 3.88M 0s
   100K .......... .......... .......... .......... ...       100% 3.49M=0.06s

2018-05-16 14:17:59 (2.44 MB/s) - ‘../data/deliveryimages.acm.org/10.1145/3190000/3185996/images/www2018-5-fig4.jpg’ saved [147059/147059]

--2018-05-16 14:17:59--  http://deliveryimages.acm.org/10.1145/3190000/3185996/images/www2018-5-fig5.jpg
Connecting to deliveryimages.acm.org (deliveryimages.acm.org)|104.17.79.191|:80... connected.
HTTP request sent, awaiting response... 301 Moved Permanently
Location: https://deliveryimages.acm.org/10.1145/3190000/3185996/images/www2018-5-fig5.jpg [following]
--2018-05-16 14:17:59--  https://deliveryimages.acm.org/10.1145/3190000/3185996/images/www2018-5-fig5.jpg
Connecting to deliveryimages.acm.org (deliveryimages.acm.org)|104.17.79.191|:443... connected.
HTTP request sent, awaiting response... 200 OK
Length: 68451 (67K) [image/jpeg]
Saving to: ‘../data/deliveryimages.acm.org/10.1145/3190000/3185996/images/www2018-5-fig5.jpg’

     0K .......... .......... .......... .......... .......... 74% 1.67M 0s
    50K .......... ......                                     100% 1.63M=0.04s

2018-05-16 14:17:59 (1.66 MB/s) - ‘../data/deliveryimages.acm.org/10.1145/3190000/3185996/images/www2018-5-fig5.jpg’ saved [68451/68451]

--2018-05-16 14:17:59--  http://deliveryimages.acm.org/10.1145/3190000/3185996/images/www2018-5-fig6.jpg
Connecting to deliveryimages.acm.org (deliveryimages.acm.org)|104.17.79.191|:80... connected.
HTTP request sent, awaiting response... 301 Moved Permanently
Location: https://deliveryimages.acm.org/10.1145/3190000/3185996/images/www2018-5-fig6.jpg [following]
--2018-05-16 14:17:59--  https://deliveryimages.acm.org/10.1145/3190000/3185996/images/www2018-5-fig6.jpg
Connecting to deliveryimages.acm.org (deliveryimages.acm.org)|104.17.79.191|:443... connected.
HTTP request sent, awaiting response... 200 OK
Length: 92083 (90K) [image/jpeg]
Saving to: ‘../data/deliveryimages.acm.org/10.1145/3190000/3185996/images/www2018-5-fig6.jpg’

     0K .......... .......... .......... .......... .......... 55% 1.50M 0s
    50K .......... .......... .......... .........            100% 4.93M=0.04s

2018-05-16 14:17:59 (2.17 MB/s) - ‘../data/deliveryimages.acm.org/10.1145/3190000/3185996/images/www2018-5-fig6.jpg’ saved [92083/92083]

--2018-05-16 14:17:59--  http://deliveryimages.acm.org/10.1145/3190000/3185996/images/www2018-5-fig7.jpg
Connecting to deliveryimages.acm.org (deliveryimages.acm.org)|104.17.79.191|:80... connected.
HTTP request sent, awaiting response... 301 Moved Permanently
Location: https://deliveryimages.acm.org/10.1145/3190000/3185996/images/www2018-5-fig7.jpg [following]
--2018-05-16 14:17:59--  https://deliveryimages.acm.org/10.1145/3190000/3185996/images/www2018-5-fig7.jpg
Connecting to deliveryimages.acm.org (deliveryimages.acm.org)|104.17.79.191|:443... connected.
HTTP request sent, awaiting response... 200 OK
Length: 243098 (237K) [image/jpeg]
Saving to: ‘../data/deliveryimages.acm.org/10.1145/3190000/3185996/images/www2018-5-fig7.jpg’

     0K .......... .......... .......... .......... .......... 21% 1.67M 0s
    50K .......... .......... .......... .......... .......... 42% 2.18M 0s
   100K .......... .......... .......... .......... .......... 63% 5.81M 0s
   150K .......... .......... .......... .......... .......... 84% 3.49M 0s
   200K .......... .......... .......... .......              100% 6.26M=0.08s

2018-05-16 14:18:00 (2.90 MB/s) - ‘../data/deliveryimages.acm.org/10.1145/3190000/3185996/images/www2018-5-fig7.jpg’ saved [243098/243098]

--2018-05-16 14:18:00--  http://deliveryimages.acm.org/10.1145/3190000/3185996/images/www2018-5-fig8.jpg
Connecting to deliveryimages.acm.org (deliveryimages.acm.org)|104.17.79.191|:80... connected.
HTTP request sent, awaiting response... 301 Moved Permanently
Location: https://deliveryimages.acm.org/10.1145/3190000/3185996/images/www2018-5-fig8.jpg [following]
--2018-05-16 14:18:00--  https://deliveryimages.acm.org/10.1145/3190000/3185996/images/www2018-5-fig8.jpg
Connecting to deliveryimages.acm.org (deliveryimages.acm.org)|104.17.79.191|:443... connected.
HTTP request sent, awaiting response... 200 OK
Length: 133954 (131K) [image/jpeg]
Saving to: ‘../data/deliveryimages.acm.org/10.1145/3190000/3185996/images/www2018-5-fig8.jpg’

     0K .......... .......... .......... .......... .......... 38% 1.28M 0s
    50K .......... .......... .......... .......... .......... 76% 2.73M 0s
   100K .......... .......... ..........                      100% 3.95M=0.06s

2018-05-16 14:18:00 (2.01 MB/s) - ‘../data/deliveryimages.acm.org/10.1145/3190000/3185996/images/www2018-5-fig8.jpg’ saved [133954/133954]

--2018-05-16 14:18:00--  http://deliveryimages.acm.org/10.1145/3190000/3185996/images/www2018-5-fig9.jpg
Connecting to deliveryimages.acm.org (deliveryimages.acm.org)|104.17.79.191|:80... connected.
HTTP request sent, awaiting response... 301 Moved Permanently
Location: https://deliveryimages.acm.org/10.1145/3190000/3185996/images/www2018-5-fig9.jpg [following]
--2018-05-16 14:18:00--  https://deliveryimages.acm.org/10.1145/3190000/3185996/images/www2018-5-fig9.jpg
Connecting to deliveryimages.acm.org (deliveryimages.acm.org)|104.17.79.191|:443... connected.
HTTP request sent, awaiting response... 200 OK
Length: 86186 (84K) [image/jpeg]
Saving to: ‘../data/deliveryimages.acm.org/10.1145/3190000/3185996/images/www2018-5-fig9.jpg’

     0K .......... .......... .......... .......... .......... 59% 1.56M 0s
    50K .......... .......... .......... ....                 100% 5.02M=0.04s

2018-05-16 14:18:00 (2.17 MB/s) - ‘../data/deliveryimages.acm.org/10.1145/3190000/3185996/images/www2018-5-fig9.jpg’ saved [86186/86186]

--2018-05-16 14:18:00--  http://deliveryimages.acm.org/10.1145/3190000/3185996/images/www2018-5-fig10.jpg
Connecting to deliveryimages.acm.org (deliveryimages.acm.org)|104.17.79.191|:80... connected.
HTTP request sent, awaiting response... 301 Moved Permanently
Location: https://deliveryimages.acm.org/10.1145/3190000/3185996/images/www2018-5-fig10.jpg [following]
--2018-05-16 14:18:00--  https://deliveryimages.acm.org/10.1145/3190000/3185996/images/www2018-5-fig10.jpg
Connecting to deliveryimages.acm.org (deliveryimages.acm.org)|104.17.79.191|:443... connected.
HTTP request sent, awaiting response... 200 OK
Length: 234987 (229K) [image/jpeg]
Saving to: ‘../data/deliveryimages.acm.org/10.1145/3190000/3185996/images/www2018-5-fig10.jpg’

     0K .......... .......... .......... .......... .......... 21% 1.40M 0s
    50K .......... .......... .......... .......... .......... 43% 2.99M 0s
   100K .......... .......... .......... .......... .......... 65% 1.55M 0s
   150K .......... .......... .......... .......... .......... 87% 20.9M 0s
   200K .......... .......... .........                       100% 4.54M=0.09s

2018-05-16 14:18:01 (2.45 MB/s) - ‘../data/deliveryimages.acm.org/10.1145/3190000/3185996/images/www2018-5-fig10.jpg’ saved [234987/234987]

--2018-05-16 14:18:01--  http://deliveryimages.acm.org/10.1145/3190000/3185996/images/www2018-5-fig11.jpg
Connecting to deliveryimages.acm.org (deliveryimages.acm.org)|104.17.79.191|:80... connected.
HTTP request sent, awaiting response... 301 Moved Permanently
Location: https://deliveryimages.acm.org/10.1145/3190000/3185996/images/www2018-5-fig11.jpg [following]
--2018-05-16 14:18:01--  https://deliveryimages.acm.org/10.1145/3190000/3185996/images/www2018-5-fig11.jpg
Connecting to deliveryimages.acm.org (deliveryimages.acm.org)|104.17.79.191|:443... connected.
HTTP request sent, awaiting response... 200 OK
Length: 229735 (224K) [image/jpeg]
Saving to: ‘../data/deliveryimages.acm.org/10.1145/3190000/3185996/images/www2018-5-fig11.jpg’

     0K .......... .......... .......... .......... .......... 22% 1.63M 0s
    50K .......... .......... .......... .......... .......... 44% 4.15M 0s
   100K .......... .......... .......... .......... .......... 66% 4.04M 0s
   150K .......... .......... .......... .......... .......... 89% 3.74M 0s
   200K .......... .......... ....                            100% 4.68M=0.07s

2018-05-16 14:18:01 (3.04 MB/s) - ‘../data/deliveryimages.acm.org/10.1145/3190000/3185996/images/www2018-5-fig11.jpg’ saved [229735/229735]

--2018-05-16 14:18:01--  http://deliveryimages.acm.org/10.1145/3190000/3185996/images/www2018-5-fig12.jpg
Connecting to deliveryimages.acm.org (deliveryimages.acm.org)|104.17.79.191|:80... connected.
HTTP request sent, awaiting response... 301 Moved Permanently
Location: https://deliveryimages.acm.org/10.1145/3190000/3185996/images/www2018-5-fig12.jpg [following]
--2018-05-16 14:18:01--  https://deliveryimages.acm.org/10.1145/3190000/3185996/images/www2018-5-fig12.jpg
Connecting to deliveryimages.acm.org (deliveryimages.acm.org)|104.17.79.191|:443... connected.
HTTP request sent, awaiting response... 200 OK
Length: 231495 (226K) [image/jpeg]
Saving to: ‘../data/deliveryimages.acm.org/10.1145/3190000/3185996/images/www2018-5-fig12.jpg’

     0K .......... .......... .......... .......... .......... 22% 1.74M 0s
    50K .......... .......... .......... .......... .......... 44% 2.87M 0s
   100K .......... .......... .......... .......... .......... 66% 2.43M 0s
   150K .......... .......... .......... .......... .......... 88% 13.6M 0s
   200K .......... .......... ......                          100% 4.25M=0.07s

2018-05-16 14:18:01 (2.95 MB/s) - ‘../data/deliveryimages.acm.org/10.1145/3190000/3185996/images/www2018-5-fig12.jpg’ saved [231495/231495]

--2018-05-16 14:18:01--  http://deliveryimages.acm.org/10.1145/3190000/3185996/images/www2018-5-fig13.jpg
Connecting to deliveryimages.acm.org (deliveryimages.acm.org)|104.17.79.191|:80... connected.
HTTP request sent, awaiting response... 301 Moved Permanently
Location: https://deliveryimages.acm.org/10.1145/3190000/3185996/images/www2018-5-fig13.jpg [following]
--2018-05-16 14:18:01--  https://deliveryimages.acm.org/10.1145/3190000/3185996/images/www2018-5-fig13.jpg
Connecting to deliveryimages.acm.org (deliveryimages.acm.org)|104.17.79.191|:443... connected.
HTTP request sent, awaiting response... 200 OK
Length: 145206 (142K) [image/jpeg]
Saving to: ‘../data/deliveryimages.acm.org/10.1145/3190000/3185996/images/www2018-5-fig13.jpg’

     0K .......... .......... .......... .......... .......... 35%  840K 0s
    50K .......... .......... .......... .......... .......... 70% 2.90M 0s
   100K .......... .......... .......... .......... .         100% 3.97M=0.09s

2018-05-16 14:18:02 (1.60 MB/s) - ‘../data/deliveryimages.acm.org/10.1145/3190000/3185996/images/www2018-5-fig13.jpg’ saved [145206/145206]

--2018-05-16 14:18:02--  http://deliveryimages.acm.org/10.1145/3190000/3185996/images/www2018-5-fig14.jpg
Connecting to deliveryimages.acm.org (deliveryimages.acm.org)|104.17.79.191|:80... connected.
HTTP request sent, awaiting response... 301 Moved Permanently
Location: https://deliveryimages.acm.org/10.1145/3190000/3185996/images/www2018-5-fig14.jpg [following]
--2018-05-16 14:18:02--  https://deliveryimages.acm.org/10.1145/3190000/3185996/images/www2018-5-fig14.jpg
Connecting to deliveryimages.acm.org (deliveryimages.acm.org)|104.17.79.191|:443... connected.
HTTP request sent, awaiting response... 200 OK
Length: 46609 (46K) [image/jpeg]
Saving to: ‘../data/deliveryimages.acm.org/10.1145/3190000/3185996/images/www2018-5-fig14.jpg’

     0K .......... .......... .......... .......... .....     100% 1.70M=0.03s

2018-05-16 14:18:02 (1.70 MB/s) - ‘../data/deliveryimages.acm.org/10.1145/3190000/3185996/images/www2018-5-fig14.jpg’ saved [46609/46609]

--2018-05-16 14:18:02--  http://deliveryimages.acm.org/10.1145/3190000/3185996/images/www2018-5-fig15.jpg
Connecting to deliveryimages.acm.org (deliveryimages.acm.org)|104.17.79.191|:80... connected.
HTTP request sent, awaiting response... 301 Moved Permanently
Location: https://deliveryimages.acm.org/10.1145/3190000/3185996/images/www2018-5-fig15.jpg [following]
--2018-05-16 14:18:02--  https://deliveryimages.acm.org/10.1145/3190000/3185996/images/www2018-5-fig15.jpg
Connecting to deliveryimages.acm.org (deliveryimages.acm.org)|104.17.79.191|:443... connected.
HTTP request sent, awaiting response... 200 OK
Length: 244463 (239K) [image/jpeg]
Saving to: ‘../data/deliveryimages.acm.org/10.1145/3190000/3185996/images/www2018-5-fig15.jpg’

     0K .......... .......... .......... .......... .......... 20% 1.15M 0s
    50K .......... .......... .......... .......... .......... 41% 4.08M 0s
   100K .......... .......... .......... .......... .......... 62% 3.92M 0s
   150K .......... .......... .......... .......... .......... 83% 4.35M 0s
   200K .......... .......... .......... ........             100% 4.36M=0.09s

2018-05-16 14:18:02 (2.69 MB/s) - ‘../data/deliveryimages.acm.org/10.1145/3190000/3185996/images/www2018-5-fig15.jpg’ saved [244463/244463]

FINISHED --2018-05-16 14:18:02--
Total wall clock time: 5.1s
Downloaded: 16 files, 2.1M in 0.9s (2.29 MB/s)
Converting links in ../data/delivery.acm.org/10.1145/3190000/3185996/p187-xu.html?ip=24.48.71.56&id=3185996&acc=OPENTOC&key=4D4702B0C3E38B35.4D4702B0C3E38B35.4D4702B0C3E38B35.4DD68F0663C025AA&__acm__=1526494976_b743bdf298c4d4948aecd01c6d316a3a... 169-0
Converted links in 1 files in 0.003 seconds.
