--2018-05-16 14:24:24--  http://delivery.acm.org/10.1145/3190000/3186109/p429-jia.html?ip=24.48.71.56&id=3186109&acc=OPENTOC&key=4D4702B0C3E38B35%2E4D4702B0C3E38B35%2E4D4702B0C3E38B35%2E4DD68F0663C025AA&__acm__=1526495364_dd267cc0689dfa76ef46639447fe7299
Resolving delivery.acm.org (delivery.acm.org)... 24.200.120.82, 24.200.120.90
Connecting to delivery.acm.org (delivery.acm.org)|24.200.120.82|:80... connected.
HTTP request sent, awaiting response... 200 OK
Length: 113612 (111K) [text/html]
Saving to: ‘../data/delivery.acm.org/10.1145/3190000/3186109/p429-jia.html?ip=24.48.71.56&id=3186109&acc=OPENTOC&key=4D4702B0C3E38B35.4D4702B0C3E38B35.4D4702B0C3E38B35.4DD68F0663C025AA&__acm__=1526495364_dd267cc0689dfa76ef46639447fe7299’

     0K .......... .......... .......... .......... .......... 45% 1.70M 0s
    50K .......... .......... .......... .......... .......... 90% 1.90M 0s
   100K ..........                                            100% 4.19M=0.06s

2018-05-16 14:24:24 (1.90 MB/s) - ‘../data/delivery.acm.org/10.1145/3190000/3186109/p429-jia.html?ip=24.48.71.56&id=3186109&acc=OPENTOC&key=4D4702B0C3E38B35.4D4702B0C3E38B35.4D4702B0C3E38B35.4DD68F0663C025AA&__acm__=1526495364_dd267cc0689dfa76ef46639447fe7299’ saved [113612/113612]

--2018-05-16 14:24:24--  http://deliveryimages.acm.org/10.1145/3190000/3186109/images/www2018-118-fig1.jpg
Resolving deliveryimages.acm.org (deliveryimages.acm.org)... 104.17.80.191, 104.17.79.191
Connecting to deliveryimages.acm.org (deliveryimages.acm.org)|104.17.80.191|:80... connected.
HTTP request sent, awaiting response... 301 Moved Permanently
Location: https://deliveryimages.acm.org/10.1145/3190000/3186109/images/www2018-118-fig1.jpg [following]
--2018-05-16 14:24:24--  https://deliveryimages.acm.org/10.1145/3190000/3186109/images/www2018-118-fig1.jpg
Connecting to deliveryimages.acm.org (deliveryimages.acm.org)|104.17.80.191|:443... connected.
HTTP request sent, awaiting response... 200 OK
Length: 36092 (35K) [image/jpeg]
Saving to: ‘../data/deliveryimages.acm.org/10.1145/3190000/3186109/images/www2018-118-fig1.jpg’

     0K .......... .......... .......... .....                100% 1.53M=0.02s

2018-05-16 14:24:24 (1.53 MB/s) - ‘../data/deliveryimages.acm.org/10.1145/3190000/3186109/images/www2018-118-fig1.jpg’ saved [36092/36092]

--2018-05-16 14:24:24--  http://deliveryimages.acm.org/10.1145/3190000/3186109/images/www2018-118-img1.svg
Connecting to deliveryimages.acm.org (deliveryimages.acm.org)|104.17.80.191|:80... connected.
HTTP request sent, awaiting response... 301 Moved Permanently
Location: https://deliveryimages.acm.org/10.1145/3190000/3186109/images/www2018-118-img1.svg [following]
--2018-05-16 14:24:24--  https://deliveryimages.acm.org/10.1145/3190000/3186109/images/www2018-118-img1.svg
Connecting to deliveryimages.acm.org (deliveryimages.acm.org)|104.17.80.191|:443... connected.
HTTP request sent, awaiting response... 200 OK
Length: 106512 (104K) [image/svg+xml]
Saving to: ‘../data/deliveryimages.acm.org/10.1145/3190000/3186109/images/www2018-118-img1.svg’

     0K .......... .......... .......... .......... .......... 48% 1.18M 0s
    50K .......... .......... .......... .......... .......... 96% 2.11M 0s
   100K ....                                                  100%  116M=0.06s

2018-05-16 14:24:25 (1.57 MB/s) - ‘../data/deliveryimages.acm.org/10.1145/3190000/3186109/images/www2018-118-img1.svg’ saved [106512/106512]

--2018-05-16 14:24:25--  http://deliveryimages.acm.org/10.1145/3190000/3186109/images/www2018-118-fig2.jpg
Connecting to deliveryimages.acm.org (deliveryimages.acm.org)|104.17.80.191|:80... connected.
HTTP request sent, awaiting response... 301 Moved Permanently
Location: https://deliveryimages.acm.org/10.1145/3190000/3186109/images/www2018-118-fig2.jpg [following]
--2018-05-16 14:24:25--  https://deliveryimages.acm.org/10.1145/3190000/3186109/images/www2018-118-fig2.jpg
Connecting to deliveryimages.acm.org (deliveryimages.acm.org)|104.17.80.191|:443... connected.
HTTP request sent, awaiting response... 200 OK
Length: 93145 (91K) [image/jpeg]
Saving to: ‘../data/deliveryimages.acm.org/10.1145/3190000/3186109/images/www2018-118-fig2.jpg’

     0K .......... .......... .......... .......... .......... 54% 1.80M 0s
    50K .......... .......... .......... ..........           100% 2.81M=0.04s

2018-05-16 14:24:25 (2.15 MB/s) - ‘../data/deliveryimages.acm.org/10.1145/3190000/3186109/images/www2018-118-fig2.jpg’ saved [93145/93145]

--2018-05-16 14:24:25--  http://deliveryimages.acm.org/10.1145/3190000/3186109/images/www2018-118-fig3.jpg
Connecting to deliveryimages.acm.org (deliveryimages.acm.org)|104.17.80.191|:80... connected.
HTTP request sent, awaiting response... 301 Moved Permanently
Location: https://deliveryimages.acm.org/10.1145/3190000/3186109/images/www2018-118-fig3.jpg [following]
--2018-05-16 14:24:25--  https://deliveryimages.acm.org/10.1145/3190000/3186109/images/www2018-118-fig3.jpg
Connecting to deliveryimages.acm.org (deliveryimages.acm.org)|104.17.80.191|:443... connected.
HTTP request sent, awaiting response... 200 OK
Length: 58071 (57K) [image/jpeg]
Saving to: ‘../data/deliveryimages.acm.org/10.1145/3190000/3186109/images/www2018-118-fig3.jpg’

     0K .......... .......... .......... .......... .......... 88% 1.44M 0s
    50K ......                                                100% 4.02M=0.04s

2018-05-16 14:24:25 (1.56 MB/s) - ‘../data/deliveryimages.acm.org/10.1145/3190000/3186109/images/www2018-118-fig3.jpg’ saved [58071/58071]

--2018-05-16 14:24:25--  http://deliveryimages.acm.org/10.1145/3190000/3186109/images/www2018-118-fig4.jpg
Connecting to deliveryimages.acm.org (deliveryimages.acm.org)|104.17.80.191|:80... connected.
HTTP request sent, awaiting response... 301 Moved Permanently
Location: https://deliveryimages.acm.org/10.1145/3190000/3186109/images/www2018-118-fig4.jpg [following]
--2018-05-16 14:24:25--  https://deliveryimages.acm.org/10.1145/3190000/3186109/images/www2018-118-fig4.jpg
Connecting to deliveryimages.acm.org (deliveryimages.acm.org)|104.17.80.191|:443... connected.
HTTP request sent, awaiting response... 200 OK
Length: 60898 (59K) [image/jpeg]
Saving to: ‘../data/deliveryimages.acm.org/10.1145/3190000/3186109/images/www2018-118-fig4.jpg’

     0K .......... .......... .......... .......... .......... 84% 1.39M 0s
    50K .........                                             100% 3.43M=0.04s

2018-05-16 14:24:26 (1.54 MB/s) - ‘../data/deliveryimages.acm.org/10.1145/3190000/3186109/images/www2018-118-fig4.jpg’ saved [60898/60898]

--2018-05-16 14:24:26--  http://deliveryimages.acm.org/10.1145/3190000/3186109/images/www2018-118-fig5.jpg
Connecting to deliveryimages.acm.org (deliveryimages.acm.org)|104.17.80.191|:80... connected.
HTTP request sent, awaiting response... 301 Moved Permanently
Location: https://deliveryimages.acm.org/10.1145/3190000/3186109/images/www2018-118-fig5.jpg [following]
--2018-05-16 14:24:26--  https://deliveryimages.acm.org/10.1145/3190000/3186109/images/www2018-118-fig5.jpg
Connecting to deliveryimages.acm.org (deliveryimages.acm.org)|104.17.80.191|:443... connected.
HTTP request sent, awaiting response... 200 OK
Length: 51418 (50K) [image/jpeg]
Saving to: ‘../data/deliveryimages.acm.org/10.1145/3190000/3186109/images/www2018-118-fig5.jpg’

     0K .......... .......... .......... .......... .......... 99%  995K 0s
    50K                                                       100% 5.54M=0.05s

2018-05-16 14:24:27 (998 KB/s) - ‘../data/deliveryimages.acm.org/10.1145/3190000/3186109/images/www2018-118-fig5.jpg’ saved [51418/51418]

FINISHED --2018-05-16 14:24:27--
Total wall clock time: 2.8s
Downloaded: 7 files, 508K in 0.3s (1.60 MB/s)
Converting links in ../data/delivery.acm.org/10.1145/3190000/3186109/p429-jia.html?ip=24.48.71.56&id=3186109&acc=OPENTOC&key=4D4702B0C3E38B35.4D4702B0C3E38B35.4D4702B0C3E38B35.4DD68F0663C025AA&__acm__=1526495364_dd267cc0689dfa76ef46639447fe7299... 137-0
Converted links in 1 files in 0.003 seconds.
