--2018-05-16 14:36:40--  http://delivery.acm.org/10.1145/3190000/3186066/p1543-wang.html?ip=24.48.71.56&id=3186066&acc=OPENTOC&key=4D4702B0C3E38B35%2E4D4702B0C3E38B35%2E4D4702B0C3E38B35%2E4DD68F0663C025AA&__acm__=1526496100_99cb89203f7013bdb68745cd8a2eb573
Resolving delivery.acm.org (delivery.acm.org)... 24.200.120.90, 24.200.120.82
Connecting to delivery.acm.org (delivery.acm.org)|24.200.120.90|:80... connected.
HTTP request sent, awaiting response... 200 OK
Length: 112623 (110K) [text/html]
Saving to: ‘../data/delivery.acm.org/10.1145/3190000/3186066/p1543-wang.html?ip=24.48.71.56&id=3186066&acc=OPENTOC&key=4D4702B0C3E38B35.4D4702B0C3E38B35.4D4702B0C3E38B35.4DD68F0663C025AA&__acm__=1526496100_99cb89203f7013bdb68745cd8a2eb573’

     0K .......... .......... .......... .......... .......... 45% 2.32M 0s
    50K .......... .......... .......... .......... .......... 90% 1.84M 0s
   100K .........                                             100% 98.7M=0.05s

2018-05-16 14:36:41 (2.25 MB/s) - ‘../data/delivery.acm.org/10.1145/3190000/3186066/p1543-wang.html?ip=24.48.71.56&id=3186066&acc=OPENTOC&key=4D4702B0C3E38B35.4D4702B0C3E38B35.4D4702B0C3E38B35.4DD68F0663C025AA&__acm__=1526496100_99cb89203f7013bdb68745cd8a2eb573’ saved [112623/112623]

--2018-05-16 14:36:41--  http://deliveryimages.acm.org/10.1145/3190000/3186066/images/www2018-75-fig1.jpg
Resolving deliveryimages.acm.org (deliveryimages.acm.org)... 104.17.80.191, 104.17.79.191
Connecting to deliveryimages.acm.org (deliveryimages.acm.org)|104.17.80.191|:80... connected.
HTTP request sent, awaiting response... 301 Moved Permanently
Location: https://deliveryimages.acm.org/10.1145/3190000/3186066/images/www2018-75-fig1.jpg [following]
--2018-05-16 14:36:41--  https://deliveryimages.acm.org/10.1145/3190000/3186066/images/www2018-75-fig1.jpg
Connecting to deliveryimages.acm.org (deliveryimages.acm.org)|104.17.80.191|:443... connected.
HTTP request sent, awaiting response... 200 OK
Length: 34693 (34K) [image/jpeg]
Saving to: ‘../data/deliveryimages.acm.org/10.1145/3190000/3186066/images/www2018-75-fig1.jpg’

     0K .......... .......... .......... ...                  100% 1.31M=0.03s

2018-05-16 14:36:41 (1.31 MB/s) - ‘../data/deliveryimages.acm.org/10.1145/3190000/3186066/images/www2018-75-fig1.jpg’ saved [34693/34693]

--2018-05-16 14:36:41--  http://deliveryimages.acm.org/10.1145/3190000/3186066/images/www2018-75-fig2.jpg
Connecting to deliveryimages.acm.org (deliveryimages.acm.org)|104.17.80.191|:80... connected.
HTTP request sent, awaiting response... 301 Moved Permanently
Location: https://deliveryimages.acm.org/10.1145/3190000/3186066/images/www2018-75-fig2.jpg [following]
--2018-05-16 14:36:41--  https://deliveryimages.acm.org/10.1145/3190000/3186066/images/www2018-75-fig2.jpg
Connecting to deliveryimages.acm.org (deliveryimages.acm.org)|104.17.80.191|:443... connected.
HTTP request sent, awaiting response... 200 OK
Length: 79258 (77K) [image/jpeg]
Saving to: ‘../data/deliveryimages.acm.org/10.1145/3190000/3186066/images/www2018-75-fig2.jpg’

     0K .......... .......... .......... .......... .......... 64% 1.51M 0s
    50K .......... .......... .......                         100% 1.78M=0.05s

2018-05-16 14:36:41 (1.60 MB/s) - ‘../data/deliveryimages.acm.org/10.1145/3190000/3186066/images/www2018-75-fig2.jpg’ saved [79258/79258]

--2018-05-16 14:36:41--  http://deliveryimages.acm.org/10.1145/3190000/3186066/images/www2018-75-fig3.jpg
Connecting to deliveryimages.acm.org (deliveryimages.acm.org)|104.17.80.191|:80... connected.
HTTP request sent, awaiting response... 301 Moved Permanently
Location: https://deliveryimages.acm.org/10.1145/3190000/3186066/images/www2018-75-fig3.jpg [following]
--2018-05-16 14:36:41--  https://deliveryimages.acm.org/10.1145/3190000/3186066/images/www2018-75-fig3.jpg
Connecting to deliveryimages.acm.org (deliveryimages.acm.org)|104.17.80.191|:443... connected.
HTTP request sent, awaiting response... 200 OK
Length: 15450 (15K) [image/jpeg]
Saving to: ‘../data/deliveryimages.acm.org/10.1145/3190000/3186066/images/www2018-75-fig3.jpg’

     0K .......... .....                                      100% 1.26M=0.01s

2018-05-16 14:36:42 (1.26 MB/s) - ‘../data/deliveryimages.acm.org/10.1145/3190000/3186066/images/www2018-75-fig3.jpg’ saved [15450/15450]

--2018-05-16 14:36:42--  http://deliveryimages.acm.org/10.1145/3190000/3186066/images/www2018-75-fig4.jpg
Connecting to deliveryimages.acm.org (deliveryimages.acm.org)|104.17.80.191|:80... connected.
HTTP request sent, awaiting response... 301 Moved Permanently
Location: https://deliveryimages.acm.org/10.1145/3190000/3186066/images/www2018-75-fig4.jpg [following]
--2018-05-16 14:36:42--  https://deliveryimages.acm.org/10.1145/3190000/3186066/images/www2018-75-fig4.jpg
Connecting to deliveryimages.acm.org (deliveryimages.acm.org)|104.17.80.191|:443... connected.
HTTP request sent, awaiting response... 200 OK
Length: 96298 (94K) [image/jpeg]
Saving to: ‘../data/deliveryimages.acm.org/10.1145/3190000/3186066/images/www2018-75-fig4.jpg’

     0K .......... .......... .......... .......... .......... 53% 1.30M 0s
    50K .......... .......... .......... .......... ....      100% 3.31M=0.05s

2018-05-16 14:36:42 (1.81 MB/s) - ‘../data/deliveryimages.acm.org/10.1145/3190000/3186066/images/www2018-75-fig4.jpg’ saved [96298/96298]

--2018-05-16 14:36:42--  http://deliveryimages.acm.org/10.1145/3190000/3186066/images/www2018-75-fig5.jpg
Connecting to deliveryimages.acm.org (deliveryimages.acm.org)|104.17.80.191|:80... connected.
HTTP request sent, awaiting response... 301 Moved Permanently
Location: https://deliveryimages.acm.org/10.1145/3190000/3186066/images/www2018-75-fig5.jpg [following]
--2018-05-16 14:36:42--  https://deliveryimages.acm.org/10.1145/3190000/3186066/images/www2018-75-fig5.jpg
Connecting to deliveryimages.acm.org (deliveryimages.acm.org)|104.17.80.191|:443... connected.
HTTP request sent, awaiting response... 200 OK
Length: 61939 (60K) [image/jpeg]
Saving to: ‘../data/deliveryimages.acm.org/10.1145/3190000/3186066/images/www2018-75-fig5.jpg’

     0K .......... .......... .......... .......... .......... 82% 1.48M 0s
    50K ..........                                            100% 39.2M=0.03s

2018-05-16 14:36:42 (1.77 MB/s) - ‘../data/deliveryimages.acm.org/10.1145/3190000/3186066/images/www2018-75-fig5.jpg’ saved [61939/61939]

--2018-05-16 14:36:42--  http://deliveryimages.acm.org/10.1145/3190000/3186066/images/www2018-75-fig6.jpg
Connecting to deliveryimages.acm.org (deliveryimages.acm.org)|104.17.80.191|:80... connected.
HTTP request sent, awaiting response... 301 Moved Permanently
Location: https://deliveryimages.acm.org/10.1145/3190000/3186066/images/www2018-75-fig6.jpg [following]
--2018-05-16 14:36:42--  https://deliveryimages.acm.org/10.1145/3190000/3186066/images/www2018-75-fig6.jpg
Connecting to deliveryimages.acm.org (deliveryimages.acm.org)|104.17.80.191|:443... connected.
HTTP request sent, awaiting response... 200 OK
Length: 61683 (60K) [image/jpeg]
Saving to: ‘../data/deliveryimages.acm.org/10.1145/3190000/3186066/images/www2018-75-fig6.jpg’

     0K .......... .......... .......... .......... .......... 83% 1.57M 0s
    50K ..........                                            100% 1.24M=0.04s

2018-05-16 14:36:43 (1.50 MB/s) - ‘../data/deliveryimages.acm.org/10.1145/3190000/3186066/images/www2018-75-fig6.jpg’ saved [61683/61683]

FINISHED --2018-05-16 14:36:43--
Total wall clock time: 2.1s
Downloaded: 7 files, 451K in 0.3s (1.73 MB/s)
Converting links in ../data/delivery.acm.org/10.1145/3190000/3186066/p1543-wang.html?ip=24.48.71.56&id=3186066&acc=OPENTOC&key=4D4702B0C3E38B35.4D4702B0C3E38B35.4D4702B0C3E38B35.4DD68F0663C025AA&__acm__=1526496100_99cb89203f7013bdb68745cd8a2eb573... 152-0
Converted links in 1 files in 0.004 seconds.
