--2018-05-16 15:11:07--  http://delivery.acm.org/10.1145/3200000/3191615/p1587-terdjimi.html?ip=24.48.71.56&id=3191615&acc=OPENTOC&key=4D4702B0C3E38B35%2E4D4702B0C3E38B35%2E4D4702B0C3E38B35%2E4DD68F0663C025AA&__acm__=1526498167_30c75ec9ee655f682a1a1e6efbcd6c74
Resolving delivery.acm.org (delivery.acm.org)... 24.200.120.90, 24.200.120.82
Connecting to delivery.acm.org (delivery.acm.org)|24.200.120.90|:80... connected.
HTTP request sent, awaiting response... 200 OK
Length: 59776 (58K) [text/html]
Saving to: ‘../data/delivery.acm.org/10.1145/3200000/3191615/p1587-terdjimi.html?ip=24.48.71.56&id=3191615&acc=OPENTOC&key=4D4702B0C3E38B35.4D4702B0C3E38B35.4D4702B0C3E38B35.4DD68F0663C025AA&__acm__=1526498167_30c75ec9ee655f682a1a1e6efbcd6c74’

     0K .......... .......... .......... .......... .......... 85%  107K 0s
    50K ........                                              100% 93.8K=0.6s

2018-05-16 15:11:08 (105 KB/s) - ‘../data/delivery.acm.org/10.1145/3200000/3191615/p1587-terdjimi.html?ip=24.48.71.56&id=3191615&acc=OPENTOC&key=4D4702B0C3E38B35.4D4702B0C3E38B35.4D4702B0C3E38B35.4DD68F0663C025AA&__acm__=1526498167_30c75ec9ee655f682a1a1e6efbcd6c74’ saved [59776/59776]

--2018-05-16 15:11:08--  http://deliveryimages.acm.org/10.1145/3200000/3191615/images/www18companion-354-img1.jpg
Resolving deliveryimages.acm.org (deliveryimages.acm.org)... 104.17.80.191, 104.17.79.191
Connecting to deliveryimages.acm.org (deliveryimages.acm.org)|104.17.80.191|:80... connected.
HTTP request sent, awaiting response... 301 Moved Permanently
Location: https://deliveryimages.acm.org/10.1145/3200000/3191615/images/www18companion-354-img1.jpg [following]
--2018-05-16 15:11:08--  https://deliveryimages.acm.org/10.1145/3200000/3191615/images/www18companion-354-img1.jpg
Connecting to deliveryimages.acm.org (deliveryimages.acm.org)|104.17.80.191|:443... connected.
HTTP request sent, awaiting response... 200 OK
Length: 155735 (152K) [image/jpeg]
Saving to: ‘../data/deliveryimages.acm.org/10.1145/3200000/3191615/images/www18companion-354-img1.jpg’

     0K .......... .......... .......... .......... .......... 32% 1.46M 0s
    50K .......... .......... .......... .......... .......... 65% 2.15M 0s
   100K .......... .......... .......... .......... .......... 98% 9.07M 0s
   150K ..                                                    100% 47.1M=0.06s

2018-05-16 15:11:08 (2.41 MB/s) - ‘../data/deliveryimages.acm.org/10.1145/3200000/3191615/images/www18companion-354-img1.jpg’ saved [155735/155735]

--2018-05-16 15:11:08--  http://deliveryimages.acm.org/10.1145/3200000/3191615/images/www18companion-354-img2.jpg
Connecting to deliveryimages.acm.org (deliveryimages.acm.org)|104.17.80.191|:80... connected.
HTTP request sent, awaiting response... 301 Moved Permanently
Location: https://deliveryimages.acm.org/10.1145/3200000/3191615/images/www18companion-354-img2.jpg [following]
--2018-05-16 15:11:09--  https://deliveryimages.acm.org/10.1145/3200000/3191615/images/www18companion-354-img2.jpg
Connecting to deliveryimages.acm.org (deliveryimages.acm.org)|104.17.80.191|:443... connected.
HTTP request sent, awaiting response... 200 OK
Length: 250802 (245K) [image/jpeg]
Saving to: ‘../data/deliveryimages.acm.org/10.1145/3200000/3191615/images/www18companion-354-img2.jpg’

     0K .......... .......... .......... .......... .......... 20% 78.4K 2s
    50K .......... .......... .......... .......... .......... 40%  164K 1s
   100K .......... .......... .......... .......... .......... 61% 40.3K 1s
   150K .......... .......... .......... .......... .......... 81% 94.3K 1s
   200K .......... .......... .......... .......... ....      100% 1.48M=2.7s

2018-05-16 15:11:12 (89.3 KB/s) - ‘../data/deliveryimages.acm.org/10.1145/3200000/3191615/images/www18companion-354-img2.jpg’ saved [250802/250802]

--2018-05-16 15:11:12--  http://deliveryimages.acm.org/10.1145/3200000/3191615/images/www18companion-354-img3.jpg
Connecting to deliveryimages.acm.org (deliveryimages.acm.org)|104.17.80.191|:80... connected.
HTTP request sent, awaiting response... 301 Moved Permanently
Location: https://deliveryimages.acm.org/10.1145/3200000/3191615/images/www18companion-354-img3.jpg [following]
--2018-05-16 15:11:12--  https://deliveryimages.acm.org/10.1145/3200000/3191615/images/www18companion-354-img3.jpg
Connecting to deliveryimages.acm.org (deliveryimages.acm.org)|104.17.80.191|:443... connected.
HTTP request sent, awaiting response... 200 OK
Length: 106303 (104K) [image/jpeg]
Saving to: ‘../data/deliveryimages.acm.org/10.1145/3200000/3191615/images/www18companion-354-img3.jpg’

     0K .......... .......... .......... .......... .......... 48%  279K 0s
    50K .......... .......... .......... .......... .......... 96% 66.4K 0s
   100K ...                                                   100% 45.4M=0.9s

2018-05-16 15:11:13 (111 KB/s) - ‘../data/deliveryimages.acm.org/10.1145/3200000/3191615/images/www18companion-354-img3.jpg’ saved [106303/106303]

--2018-05-16 15:11:13--  http://deliveryimages.acm.org/10.1145/3200000/3191615/images/www18companion-354-img4.jpg
Connecting to deliveryimages.acm.org (deliveryimages.acm.org)|104.17.80.191|:80... connected.
HTTP request sent, awaiting response... 301 Moved Permanently
Location: https://deliveryimages.acm.org/10.1145/3200000/3191615/images/www18companion-354-img4.jpg [following]
--2018-05-16 15:11:13--  https://deliveryimages.acm.org/10.1145/3200000/3191615/images/www18companion-354-img4.jpg
Connecting to deliveryimages.acm.org (deliveryimages.acm.org)|104.17.80.191|:443... connected.
HTTP request sent, awaiting response... 200 OK
Length: 127383 (124K) [image/jpeg]
Saving to: ‘../data/deliveryimages.acm.org/10.1145/3200000/3191615/images/www18companion-354-img4.jpg’

     0K .......... .......... .......... .......... .......... 40% 1.12M 0s
    50K .......... .......... .......... .......... .......... 80% 3.52M 0s
   100K .......... .......... ....                            100% 7.06M=0.06s

2018-05-16 15:11:13 (2.00 MB/s) - ‘../data/deliveryimages.acm.org/10.1145/3200000/3191615/images/www18companion-354-img4.jpg’ saved [127383/127383]

--2018-05-16 15:11:13--  http://deliveryimages.acm.org/10.1145/3200000/3191615/images/www18companion-354-img5.jpg
Connecting to deliveryimages.acm.org (deliveryimages.acm.org)|104.17.80.191|:80... connected.
HTTP request sent, awaiting response... 301 Moved Permanently
Location: https://deliveryimages.acm.org/10.1145/3200000/3191615/images/www18companion-354-img5.jpg [following]
--2018-05-16 15:11:13--  https://deliveryimages.acm.org/10.1145/3200000/3191615/images/www18companion-354-img5.jpg
Connecting to deliveryimages.acm.org (deliveryimages.acm.org)|104.17.80.191|:443... connected.
HTTP request sent, awaiting response... 200 OK
Length: 119562 (117K) [image/jpeg]
Saving to: ‘../data/deliveryimages.acm.org/10.1145/3200000/3191615/images/www18companion-354-img5.jpg’

     0K .......... .......... .......... .......... .......... 42% 1.62M 0s
    50K .......... .......... .......... .......... .......... 85% 3.37M 0s
   100K .......... ......                                     100% 3.15M=0.05s

2018-05-16 15:11:14 (2.29 MB/s) - ‘../data/deliveryimages.acm.org/10.1145/3200000/3191615/images/www18companion-354-img5.jpg’ saved [119562/119562]

--2018-05-16 15:11:14--  http://deliveryimages.acm.org/10.1145/3200000/3191615/images/www18companion-354-img6.jpg
Connecting to deliveryimages.acm.org (deliveryimages.acm.org)|104.17.80.191|:80... connected.
HTTP request sent, awaiting response... 301 Moved Permanently
Location: https://deliveryimages.acm.org/10.1145/3200000/3191615/images/www18companion-354-img6.jpg [following]
--2018-05-16 15:11:14--  https://deliveryimages.acm.org/10.1145/3200000/3191615/images/www18companion-354-img6.jpg
Connecting to deliveryimages.acm.org (deliveryimages.acm.org)|104.17.80.191|:443... connected.
HTTP request sent, awaiting response... 200 OK
Length: 139524 (136K) [image/jpeg]
Saving to: ‘../data/deliveryimages.acm.org/10.1145/3200000/3191615/images/www18companion-354-img6.jpg’

     0K .......... .......... .......... .......... .......... 36%  124K 1s
    50K .......... .......... .......... .......... .......... 73% 27.5K 1s
   100K .......... .......... .......... ......               100% 71.5K=2.7s

2018-05-16 15:11:18 (50.0 KB/s) - ‘../data/deliveryimages.acm.org/10.1145/3200000/3191615/images/www18companion-354-img6.jpg’ saved [139524/139524]

--2018-05-16 15:11:18--  http://deliveryimages.acm.org/10.1145/3200000/3191615/images/www18companion-354-graphic1.jpg
Connecting to deliveryimages.acm.org (deliveryimages.acm.org)|104.17.80.191|:80... connected.
HTTP request sent, awaiting response... 301 Moved Permanently
Location: https://deliveryimages.acm.org/10.1145/3200000/3191615/images/www18companion-354-graphic1.jpg [following]
--2018-05-16 15:11:18--  https://deliveryimages.acm.org/10.1145/3200000/3191615/images/www18companion-354-graphic1.jpg
Connecting to deliveryimages.acm.org (deliveryimages.acm.org)|104.17.80.191|:443... connected.
HTTP request sent, awaiting response... 200 OK
Length: 89506 (87K) [image/jpeg]
Saving to: ‘../data/deliveryimages.acm.org/10.1145/3200000/3191615/images/www18companion-354-graphic1.jpg’

     0K .......... .......... .......... .......... .......... 57% 1.59M 0s
    50K .......... .......... .......... .......              100% 4.63M=0.04s

2018-05-16 15:11:18 (2.22 MB/s) - ‘../data/deliveryimages.acm.org/10.1145/3200000/3191615/images/www18companion-354-graphic1.jpg’ saved [89506/89506]

--2018-05-16 15:11:18--  http://deliveryimages.acm.org/10.1145/3200000/3191615/images/www18companion-354-graphic2.jpg
Connecting to deliveryimages.acm.org (deliveryimages.acm.org)|104.17.80.191|:80... connected.
HTTP request sent, awaiting response... 301 Moved Permanently
Location: https://deliveryimages.acm.org/10.1145/3200000/3191615/images/www18companion-354-graphic2.jpg [following]
--2018-05-16 15:11:18--  https://deliveryimages.acm.org/10.1145/3200000/3191615/images/www18companion-354-graphic2.jpg
Connecting to deliveryimages.acm.org (deliveryimages.acm.org)|104.17.80.191|:443... connected.
HTTP request sent, awaiting response... 200 OK
Length: 38990 (38K) [image/jpeg]
Saving to: ‘../data/deliveryimages.acm.org/10.1145/3200000/3191615/images/www18companion-354-graphic2.jpg’

     0K .......... .......... .......... ........             100% 56.0K=0.7s

2018-05-16 15:11:19 (56.0 KB/s) - ‘../data/deliveryimages.acm.org/10.1145/3200000/3191615/images/www18companion-354-graphic2.jpg’ saved [38990/38990]

--2018-05-16 15:11:19--  http://deliveryimages.acm.org/10.1145/3200000/3191615/images/www18companion-354-graphic3.jpg
Connecting to deliveryimages.acm.org (deliveryimages.acm.org)|104.17.80.191|:80... connected.
HTTP request sent, awaiting response... 301 Moved Permanently
Location: https://deliveryimages.acm.org/10.1145/3200000/3191615/images/www18companion-354-graphic3.jpg [following]
--2018-05-16 15:11:19--  https://deliveryimages.acm.org/10.1145/3200000/3191615/images/www18companion-354-graphic3.jpg
Connecting to deliveryimages.acm.org (deliveryimages.acm.org)|104.17.80.191|:443... connected.
HTTP request sent, awaiting response... 200 OK
Length: 155633 (152K) [image/jpeg]
Saving to: ‘../data/deliveryimages.acm.org/10.1145/3200000/3191615/images/www18companion-354-graphic3.jpg’

     0K .......... .......... .......... .......... .......... 32% 1.67M 0s
    50K .......... .......... .......... .......... .......... 65% 2.97M 0s
   100K .......... .......... .......... .......... .......... 98% 5.20M 0s
   150K .                                                     100% 79.5M=0.06s

2018-05-16 15:11:19 (2.69 MB/s) - ‘../data/deliveryimages.acm.org/10.1145/3200000/3191615/images/www18companion-354-graphic3.jpg’ saved [155633/155633]

--2018-05-16 15:11:19--  http://deliveryimages.acm.org/10.1145/3200000/3191615/images/www18companion-354-graphic4.jpg
Connecting to deliveryimages.acm.org (deliveryimages.acm.org)|104.17.80.191|:80... connected.
HTTP request sent, awaiting response... 301 Moved Permanently
Location: https://deliveryimages.acm.org/10.1145/3200000/3191615/images/www18companion-354-graphic4.jpg [following]
--2018-05-16 15:11:19--  https://deliveryimages.acm.org/10.1145/3200000/3191615/images/www18companion-354-graphic4.jpg
Connecting to deliveryimages.acm.org (deliveryimages.acm.org)|104.17.80.191|:443... connected.
HTTP request sent, awaiting response... 200 OK
Length: 79993 (78K) [image/jpeg]
Saving to: ‘../data/deliveryimages.acm.org/10.1145/3200000/3191615/images/www18companion-354-graphic4.jpg’

     0K .......... .......... .......... .......... .......... 64% 1.57M 0s
    50K .......... .......... ........                        100% 3.12M=0.04s

2018-05-16 15:11:20 (1.91 MB/s) - ‘../data/deliveryimages.acm.org/10.1145/3200000/3191615/images/www18companion-354-graphic4.jpg’ saved [79993/79993]

--2018-05-16 15:11:20--  http://deliveryimages.acm.org/10.1145/3200000/3191615/images/www18companion-354-img7.jpg
Connecting to deliveryimages.acm.org (deliveryimages.acm.org)|104.17.80.191|:80... connected.
HTTP request sent, awaiting response... 301 Moved Permanently
Location: https://deliveryimages.acm.org/10.1145/3200000/3191615/images/www18companion-354-img7.jpg [following]
--2018-05-16 15:11:20--  https://deliveryimages.acm.org/10.1145/3200000/3191615/images/www18companion-354-img7.jpg
Connecting to deliveryimages.acm.org (deliveryimages.acm.org)|104.17.80.191|:443... connected.
HTTP request sent, awaiting response... 200 OK
Length: 146082 (143K) [image/jpeg]
Saving to: ‘../data/deliveryimages.acm.org/10.1145/3200000/3191615/images/www18companion-354-img7.jpg’

     0K .......... .......... .......... .......... .......... 35% 1.46M 0s
    50K .......... .......... .......... .......... .......... 70% 2.50M 0s
   100K .......... .......... .......... .......... ..        100% 4.95M=0.06s

2018-05-16 15:11:20 (2.27 MB/s) - ‘../data/deliveryimages.acm.org/10.1145/3200000/3191615/images/www18companion-354-img7.jpg’ saved [146082/146082]

--2018-05-16 15:11:20--  http://deliveryimages.acm.org/10.1145/3200000/3191615/images/www18companion-354-img8.svg
Connecting to deliveryimages.acm.org (deliveryimages.acm.org)|104.17.80.191|:80... connected.
HTTP request sent, awaiting response... 301 Moved Permanently
Location: https://deliveryimages.acm.org/10.1145/3200000/3191615/images/www18companion-354-img8.svg [following]
--2018-05-16 15:11:20--  https://deliveryimages.acm.org/10.1145/3200000/3191615/images/www18companion-354-img8.svg
Connecting to deliveryimages.acm.org (deliveryimages.acm.org)|104.17.80.191|:443... connected.
HTTP request sent, awaiting response... 200 OK
Length: 129691 (127K) [image/svg+xml]
Saving to: ‘../data/deliveryimages.acm.org/10.1145/3200000/3191615/images/www18companion-354-img8.svg’

     0K .......... .......... .......... .......... .......... 39% 1.68M 0s
    50K .......... .......... .......... .......... .......... 78% 2.52M 0s
   100K .......... .......... ......                          100% 11.4M=0.05s

2018-05-16 15:11:20 (2.44 MB/s) - ‘../data/deliveryimages.acm.org/10.1145/3200000/3191615/images/www18companion-354-img8.svg’ saved [129691/129691]

--2018-05-16 15:11:20--  http://deliveryimages.acm.org/10.1145/3200000/3191615/images/www18companion-354-img9.svg
Connecting to deliveryimages.acm.org (deliveryimages.acm.org)|104.17.80.191|:80... connected.
HTTP request sent, awaiting response... 301 Moved Permanently
Location: https://deliveryimages.acm.org/10.1145/3200000/3191615/images/www18companion-354-img9.svg [following]
--2018-05-16 15:11:20--  https://deliveryimages.acm.org/10.1145/3200000/3191615/images/www18companion-354-img9.svg
Connecting to deliveryimages.acm.org (deliveryimages.acm.org)|104.17.80.191|:443... connected.
HTTP request sent, awaiting response... 200 OK
Length: 124751 (122K) [image/svg+xml]
Saving to: ‘../data/deliveryimages.acm.org/10.1145/3200000/3191615/images/www18companion-354-img9.svg’

     0K .......... .......... .......... .......... .......... 41% 1.70M 0s
    50K .......... .......... .......... .......... .......... 82% 3.93M 0s
   100K .......... .......... .                               100% 5.33M=0.05s

2018-05-16 15:11:21 (2.64 MB/s) - ‘../data/deliveryimages.acm.org/10.1145/3200000/3191615/images/www18companion-354-img9.svg’ saved [124751/124751]

--2018-05-16 15:11:21--  http://deliveryimages.acm.org/10.1145/3200000/3191615/images/www18companion-354-img10.svg
Connecting to deliveryimages.acm.org (deliveryimages.acm.org)|104.17.80.191|:80... connected.
HTTP request sent, awaiting response... 301 Moved Permanently
Location: https://deliveryimages.acm.org/10.1145/3200000/3191615/images/www18companion-354-img10.svg [following]
--2018-05-16 15:11:21--  https://deliveryimages.acm.org/10.1145/3200000/3191615/images/www18companion-354-img10.svg
Connecting to deliveryimages.acm.org (deliveryimages.acm.org)|104.17.80.191|:443... connected.
HTTP request sent, awaiting response... 200 OK
Length: 97060 (95K) [image/svg+xml]
Saving to: ‘../data/deliveryimages.acm.org/10.1145/3200000/3191615/images/www18companion-354-img10.svg’

     0K .......... .......... .......... .......... .......... 52% 1.27M 0s
    50K .......... .......... .......... .......... ....      100% 4.64M=0.05s

2018-05-16 15:11:21 (1.93 MB/s) - ‘../data/deliveryimages.acm.org/10.1145/3200000/3191615/images/www18companion-354-img10.svg’ saved [97060/97060]

--2018-05-16 15:11:21--  http://deliveryimages.acm.org/10.1145/3200000/3191615/images/www18companion-354-img11.jpg
Connecting to deliveryimages.acm.org (deliveryimages.acm.org)|104.17.80.191|:80... connected.
HTTP request sent, awaiting response... 301 Moved Permanently
Location: https://deliveryimages.acm.org/10.1145/3200000/3191615/images/www18companion-354-img11.jpg [following]
--2018-05-16 15:11:21--  https://deliveryimages.acm.org/10.1145/3200000/3191615/images/www18companion-354-img11.jpg
Connecting to deliveryimages.acm.org (deliveryimages.acm.org)|104.17.80.191|:443... connected.
HTTP request sent, awaiting response... 200 OK
Length: 134832 (132K) [image/jpeg]
Saving to: ‘../data/deliveryimages.acm.org/10.1145/3200000/3191615/images/www18companion-354-img11.jpg’

     0K .......... .......... .......... .......... .......... 37% 1.61M 0s
    50K .......... .......... .......... .......... .......... 75% 5.70M 0s
   100K .......... .......... .......... .                    100% 4.99M=0.05s

2018-05-16 15:11:21 (2.85 MB/s) - ‘../data/deliveryimages.acm.org/10.1145/3200000/3191615/images/www18companion-354-img11.jpg’ saved [134832/134832]

--2018-05-16 15:11:21--  http://deliveryimages.acm.org/10.1145/3200000/3191615/images/www18companion-354-fig1.jpg
Connecting to deliveryimages.acm.org (deliveryimages.acm.org)|104.17.80.191|:80... connected.
HTTP request sent, awaiting response... 301 Moved Permanently
Location: https://deliveryimages.acm.org/10.1145/3200000/3191615/images/www18companion-354-fig1.jpg [following]
--2018-05-16 15:11:21--  https://deliveryimages.acm.org/10.1145/3200000/3191615/images/www18companion-354-fig1.jpg
Connecting to deliveryimages.acm.org (deliveryimages.acm.org)|104.17.80.191|:443... connected.
HTTP request sent, awaiting response... 200 OK
Length: 44193 (43K) [image/jpeg]
Saving to: ‘../data/deliveryimages.acm.org/10.1145/3200000/3191615/images/www18companion-354-fig1.jpg’

     0K .......... .......... .......... .......... ...       100% 1.03M=0.04s

2018-05-16 15:11:22 (1.03 MB/s) - ‘../data/deliveryimages.acm.org/10.1145/3200000/3191615/images/www18companion-354-fig1.jpg’ saved [44193/44193]

--2018-05-16 15:11:22--  http://deliveryimages.acm.org/10.1145/3200000/3191615/images/www18companion-354-fig2.jpg
Connecting to deliveryimages.acm.org (deliveryimages.acm.org)|104.17.80.191|:80... connected.
HTTP request sent, awaiting response... 301 Moved Permanently
Location: https://deliveryimages.acm.org/10.1145/3200000/3191615/images/www18companion-354-fig2.jpg [following]
--2018-05-16 15:11:22--  https://deliveryimages.acm.org/10.1145/3200000/3191615/images/www18companion-354-fig2.jpg
Connecting to deliveryimages.acm.org (deliveryimages.acm.org)|104.17.80.191|:443... connected.
HTTP request sent, awaiting response... 200 OK
Length: 317926 (310K) [image/jpeg]
Saving to: ‘../data/deliveryimages.acm.org/10.1145/3200000/3191615/images/www18companion-354-fig2.jpg’

     0K .......... .......... .......... .......... .......... 16% 1.27M 0s
    50K .......... .......... .......... .......... .......... 32% 3.79M 0s
   100K .......... .......... .......... .......... .......... 48% 5.14M 0s
   150K .......... .......... .......... .......... .......... 64% 5.24M 0s
   200K .......... .......... .......... .......... .......... 80% 3.64M 0s
   250K .......... .......... .......... .......... .......... 96% 4.07M 0s
   300K ..........                                            100% 42.0M=0.1s

2018-05-16 15:11:22 (3.17 MB/s) - ‘../data/deliveryimages.acm.org/10.1145/3200000/3191615/images/www18companion-354-fig2.jpg’ saved [317926/317926]

FINISHED --2018-05-16 15:11:22--
Total wall clock time: 15s
Downloaded: 18 files, 2.2M in 8.3s (272 KB/s)
Converting links in ../data/delivery.acm.org/10.1145/3200000/3191615/p1587-terdjimi.html?ip=24.48.71.56&id=3191615&acc=OPENTOC&key=4D4702B0C3E38B35.4D4702B0C3E38B35.4D4702B0C3E38B35.4DD68F0663C025AA&__acm__=1526498167_30c75ec9ee655f682a1a1e6efbcd6c74... 96-0
Converted links in 1 files in 0.003 seconds.
