--2018-05-16 14:37:40--  http://delivery.acm.org/10.1145/3190000/3186141/p933-kumar.html?ip=24.48.71.56&id=3186141&acc=OPENTOC&key=4D4702B0C3E38B35%2E4D4702B0C3E38B35%2E4D4702B0C3E38B35%2E4DD68F0663C025AA&__acm__=1526496159_cb96b3d94a68af86981c25da1cf16b9e
Resolving delivery.acm.org (delivery.acm.org)... 24.200.120.82, 24.200.120.90
Connecting to delivery.acm.org (delivery.acm.org)|24.200.120.82|:80... connected.
HTTP request sent, awaiting response... 200 OK
Length: 102277 (100K) [text/html]
Saving to: ‘../data/delivery.acm.org/10.1145/3190000/3186141/p933-kumar.html?ip=24.48.71.56&id=3186141&acc=OPENTOC&key=4D4702B0C3E38B35.4D4702B0C3E38B35.4D4702B0C3E38B35.4DD68F0663C025AA&__acm__=1526496159_cb96b3d94a68af86981c25da1cf16b9e’

     0K .......... .......... .......... .......... .......... 50% 2.68M 0s
    50K .......... .......... .......... .......... ......... 100% 4.23M=0.03s

2018-05-16 14:37:40 (3.28 MB/s) - ‘../data/delivery.acm.org/10.1145/3190000/3186141/p933-kumar.html?ip=24.48.71.56&id=3186141&acc=OPENTOC&key=4D4702B0C3E38B35.4D4702B0C3E38B35.4D4702B0C3E38B35.4DD68F0663C025AA&__acm__=1526496159_cb96b3d94a68af86981c25da1cf16b9e’ saved [102277/102277]

--2018-05-16 14:37:40--  http://deliveryimages.acm.org/10.1145/3190000/3186141/images/www2018-150-fig1.jpg
Resolving deliveryimages.acm.org (deliveryimages.acm.org)... 104.17.80.191, 104.17.79.191
Connecting to deliveryimages.acm.org (deliveryimages.acm.org)|104.17.80.191|:80... connected.
HTTP request sent, awaiting response... 301 Moved Permanently
Location: https://deliveryimages.acm.org/10.1145/3190000/3186141/images/www2018-150-fig1.jpg [following]
--2018-05-16 14:37:40--  https://deliveryimages.acm.org/10.1145/3190000/3186141/images/www2018-150-fig1.jpg
Connecting to deliveryimages.acm.org (deliveryimages.acm.org)|104.17.80.191|:443... connected.
HTTP request sent, awaiting response... 200 OK
Length: 998265 (975K) [image/jpeg]
Saving to: ‘../data/deliveryimages.acm.org/10.1145/3190000/3186141/images/www2018-150-fig1.jpg’

     0K .......... .......... .......... .......... ..........  5%  349K 3s
    50K .......... .......... .......... .......... .......... 10%  422K 2s
   100K .......... .......... .......... .......... .......... 15%  159K 3s
   150K .......... .......... .......... .......... .......... 20% 32.5K 8s
   200K .......... .......... .......... .......... .......... 25% 1.79M 6s
   250K .......... .......... .......... .......... .......... 30% 39.7K 8s
   300K .......... .......... .......... .......... .......... 35%  344K 6s
   350K .......... .......... .......... .......... .......... 41% 27.0K 8s
   400K .......... .......... .......... .......... .......... 46%  136K 7s
   450K .......... .......... .......... .......... .......... 51% 90.4K 6s
   500K .......... .......... .......... .......... .......... 56% 86.8K 5s
   550K .......... .......... .......... .......... .......... 61%  161K 5s
   600K .......... .......... .......... .......... .......... 66% 87.8K 4s
   650K .......... .......... .......... .......... .......... 71%  164K 3s
   700K .......... .......... .......... .......... .......... 76% 35.8K 3s
   750K .......... .......... .......... .......... .......... 82%  177K 2s
   800K .......... .......... .......... .......... .......... 87% 34.2K 2s
   850K .......... .......... .......... .......... .......... 92% 37.9K 1s
   900K .......... .......... .......... .......... .......... 97% 58.5K 0s
   950K .......... .......... ....                            100% 77.1M=13s

2018-05-16 14:37:54 (72.7 KB/s) - ‘../data/deliveryimages.acm.org/10.1145/3190000/3186141/images/www2018-150-fig1.jpg’ saved [998265/998265]

--2018-05-16 14:37:54--  http://deliveryimages.acm.org/10.1145/3190000/3186141/images/www2018-150-fig2.jpg
Connecting to deliveryimages.acm.org (deliveryimages.acm.org)|104.17.80.191|:80... connected.
HTTP request sent, awaiting response... 301 Moved Permanently
Location: https://deliveryimages.acm.org/10.1145/3190000/3186141/images/www2018-150-fig2.jpg [following]
--2018-05-16 14:37:54--  https://deliveryimages.acm.org/10.1145/3190000/3186141/images/www2018-150-fig2.jpg
Connecting to deliveryimages.acm.org (deliveryimages.acm.org)|104.17.80.191|:443... connected.
HTTP request sent, awaiting response... 200 OK
Length: 90876 (89K) [image/jpeg]
Saving to: ‘../data/deliveryimages.acm.org/10.1145/3190000/3186141/images/www2018-150-fig2.jpg’

     0K .......... .......... .......... .......... .......... 56% 53.0K 1s
    50K .......... .......... .......... ........             100% 42.0K=1.9s

2018-05-16 14:37:58 (47.6 KB/s) - ‘../data/deliveryimages.acm.org/10.1145/3190000/3186141/images/www2018-150-fig2.jpg’ saved [90876/90876]

--2018-05-16 14:37:58--  http://deliveryimages.acm.org/10.1145/3190000/3186141/images/www2018-150-fig3.jpg
Connecting to deliveryimages.acm.org (deliveryimages.acm.org)|104.17.80.191|:80... connected.
HTTP request sent, awaiting response... 301 Moved Permanently
Location: https://deliveryimages.acm.org/10.1145/3190000/3186141/images/www2018-150-fig3.jpg [following]
--2018-05-16 14:37:58--  https://deliveryimages.acm.org/10.1145/3190000/3186141/images/www2018-150-fig3.jpg
Connecting to deliveryimages.acm.org (deliveryimages.acm.org)|104.17.80.191|:443... connected.
HTTP request sent, awaiting response... 200 OK
Length: 70132 (68K) [image/jpeg]
Saving to: ‘../data/deliveryimages.acm.org/10.1145/3190000/3186141/images/www2018-150-fig3.jpg’

     0K .......... .......... .......... .......... .......... 73%  157K 0s
    50K .......... ........                                   100% 1.05M=0.3s

2018-05-16 14:37:59 (204 KB/s) - ‘../data/deliveryimages.acm.org/10.1145/3190000/3186141/images/www2018-150-fig3.jpg’ saved [70132/70132]

--2018-05-16 14:37:59--  http://deliveryimages.acm.org/10.1145/3190000/3186141/images/www2018-150-fig4.jpg
Connecting to deliveryimages.acm.org (deliveryimages.acm.org)|104.17.80.191|:80... connected.
HTTP request sent, awaiting response... 301 Moved Permanently
Location: https://deliveryimages.acm.org/10.1145/3190000/3186141/images/www2018-150-fig4.jpg [following]
--2018-05-16 14:37:59--  https://deliveryimages.acm.org/10.1145/3190000/3186141/images/www2018-150-fig4.jpg
Connecting to deliveryimages.acm.org (deliveryimages.acm.org)|104.17.80.191|:443... connected.
HTTP request sent, awaiting response... 200 OK
Length: 93933 (92K) [image/jpeg]
Saving to: ‘../data/deliveryimages.acm.org/10.1145/3190000/3186141/images/www2018-150-fig4.jpg’

     0K .......... .......... .......... .......... .......... 54% 76.4K 1s
    50K .......... .......... .......... .......... .         100%  150K=0.9s

2018-05-16 14:38:00 (98.3 KB/s) - ‘../data/deliveryimages.acm.org/10.1145/3190000/3186141/images/www2018-150-fig4.jpg’ saved [93933/93933]

--2018-05-16 14:38:00--  http://deliveryimages.acm.org/10.1145/3190000/3186141/images/www2018-150-fig5.jpg
Connecting to deliveryimages.acm.org (deliveryimages.acm.org)|104.17.80.191|:80... connected.
HTTP request sent, awaiting response... 301 Moved Permanently
Location: https://deliveryimages.acm.org/10.1145/3190000/3186141/images/www2018-150-fig5.jpg [following]
--2018-05-16 14:38:01--  https://deliveryimages.acm.org/10.1145/3190000/3186141/images/www2018-150-fig5.jpg
Connecting to deliveryimages.acm.org (deliveryimages.acm.org)|104.17.80.191|:443... connected.
HTTP request sent, awaiting response... 200 OK
Length: 86870 (85K) [image/jpeg]
Saving to: ‘../data/deliveryimages.acm.org/10.1145/3190000/3186141/images/www2018-150-fig5.jpg’

     0K .......... .......... .......... .......... .......... 58% 96.1K 0s
    50K .......... .......... .......... ....                 100%  775K=0.6s

2018-05-16 14:38:02 (150 KB/s) - ‘../data/deliveryimages.acm.org/10.1145/3190000/3186141/images/www2018-150-fig5.jpg’ saved [86870/86870]

--2018-05-16 14:38:02--  http://deliveryimages.acm.org/10.1145/3190000/3186141/images/www2018-150-fig6.jpg
Connecting to deliveryimages.acm.org (deliveryimages.acm.org)|104.17.80.191|:80... connected.
HTTP request sent, awaiting response... 301 Moved Permanently
Location: https://deliveryimages.acm.org/10.1145/3190000/3186141/images/www2018-150-fig6.jpg [following]
--2018-05-16 14:38:02--  https://deliveryimages.acm.org/10.1145/3190000/3186141/images/www2018-150-fig6.jpg
Connecting to deliveryimages.acm.org (deliveryimages.acm.org)|104.17.80.191|:443... connected.
HTTP request sent, awaiting response... 200 OK
Length: 44823 (44K) [image/jpeg]
Saving to: ‘../data/deliveryimages.acm.org/10.1145/3190000/3186141/images/www2018-150-fig6.jpg’

     0K .......... .......... .......... .......... ...       100% 1.42M=0.03s

2018-05-16 14:38:03 (1.42 MB/s) - ‘../data/deliveryimages.acm.org/10.1145/3190000/3186141/images/www2018-150-fig6.jpg’ saved [44823/44823]

--2018-05-16 14:38:03--  http://deliveryimages.acm.org/10.1145/3190000/3186141/images/www2018-150-fig7.jpg
Connecting to deliveryimages.acm.org (deliveryimages.acm.org)|104.17.80.191|:80... connected.
HTTP request sent, awaiting response... 301 Moved Permanently
Location: https://deliveryimages.acm.org/10.1145/3190000/3186141/images/www2018-150-fig7.jpg [following]
--2018-05-16 14:38:03--  https://deliveryimages.acm.org/10.1145/3190000/3186141/images/www2018-150-fig7.jpg
Connecting to deliveryimages.acm.org (deliveryimages.acm.org)|104.17.80.191|:443... connected.
HTTP request sent, awaiting response... 200 OK
Length: 57890 (57K) [image/jpeg]
Saving to: ‘../data/deliveryimages.acm.org/10.1145/3190000/3186141/images/www2018-150-fig7.jpg’

     0K .......... .......... .......... .......... .......... 88%  331K 0s
    50K ......                                                100% 4.01M=0.2s

2018-05-16 14:38:04 (370 KB/s) - ‘../data/deliveryimages.acm.org/10.1145/3190000/3186141/images/www2018-150-fig7.jpg’ saved [57890/57890]

--2018-05-16 14:38:04--  http://deliveryimages.acm.org/10.1145/3190000/3186141/images/www2018-150-fig8.jpg
Connecting to deliveryimages.acm.org (deliveryimages.acm.org)|104.17.80.191|:80... connected.
HTTP request sent, awaiting response... 301 Moved Permanently
Location: https://deliveryimages.acm.org/10.1145/3190000/3186141/images/www2018-150-fig8.jpg [following]
--2018-05-16 14:38:04--  https://deliveryimages.acm.org/10.1145/3190000/3186141/images/www2018-150-fig8.jpg
Connecting to deliveryimages.acm.org (deliveryimages.acm.org)|104.17.80.191|:443... connected.
HTTP request sent, awaiting response... 200 OK
Length: 422056 (412K) [image/jpeg]
Saving to: ‘../data/deliveryimages.acm.org/10.1145/3190000/3186141/images/www2018-150-fig8.jpg’

     0K .......... .......... .......... .......... .......... 12% 1.07M 0s
    50K .......... .......... .......... .......... .......... 24% 2.60M 0s
   100K .......... .......... .......... .......... .......... 36% 2.76M 0s
   150K .......... .......... .......... .......... .......... 48% 2.91M 0s
   200K .......... .......... .......... .......... .......... 60% 27.9M 0s
   250K .......... .......... .......... .......... .......... 72% 4.05M 0s
   300K .......... .......... .......... .......... .......... 84% 3.68M 0s
   350K .......... .......... .......... .......... .......... 97% 3.92M 0s
   400K .......... ..                                         100%  148M=0.1s

2018-05-16 14:38:04 (2.90 MB/s) - ‘../data/deliveryimages.acm.org/10.1145/3190000/3186141/images/www2018-150-fig8.jpg’ saved [422056/422056]

--2018-05-16 14:38:04--  http://deliveryimages.acm.org/10.1145/3190000/3186141/images/www2018-150-fig9.jpg
Connecting to deliveryimages.acm.org (deliveryimages.acm.org)|104.17.80.191|:80... connected.
HTTP request sent, awaiting response... 301 Moved Permanently
Location: https://deliveryimages.acm.org/10.1145/3190000/3186141/images/www2018-150-fig9.jpg [following]
--2018-05-16 14:38:04--  https://deliveryimages.acm.org/10.1145/3190000/3186141/images/www2018-150-fig9.jpg
Connecting to deliveryimages.acm.org (deliveryimages.acm.org)|104.17.80.191|:443... connected.
HTTP request sent, awaiting response... 200 OK
Length: 57250 (56K) [image/jpeg]
Saving to: ‘../data/deliveryimages.acm.org/10.1145/3190000/3186141/images/www2018-150-fig9.jpg’

     0K .......... .......... .......... .......... .......... 89%  962K 0s
    50K .....                                                 100% 57.4M=0.05s

2018-05-16 14:38:06 (1.05 MB/s) - ‘../data/deliveryimages.acm.org/10.1145/3190000/3186141/images/www2018-150-fig9.jpg’ saved [57250/57250]

FINISHED --2018-05-16 14:38:06--
Total wall clock time: 25s
Downloaded: 10 files, 1.9M in 18s (113 KB/s)
Converting links in ../data/delivery.acm.org/10.1145/3190000/3186141/p933-kumar.html?ip=24.48.71.56&id=3186141&acc=OPENTOC&key=4D4702B0C3E38B35.4D4702B0C3E38B35.4D4702B0C3E38B35.4DD68F0663C025AA&__acm__=1526496159_cb96b3d94a68af86981c25da1cf16b9e... 193-0
Converted links in 1 files in 0.004 seconds.
