--2018-05-16 14:40:36--  http://delivery.acm.org/10.1145/3190000/3186061/p1491-raman.html?ip=24.48.71.56&id=3186061&acc=OPENTOC&key=4D4702B0C3E38B35%2E4D4702B0C3E38B35%2E4D4702B0C3E38B35%2E4DD68F0663C025AA&__acm__=1526496335_52f816690dc5437a6802da3cb802c1ef
Resolving delivery.acm.org (delivery.acm.org)... 24.200.120.90, 24.200.120.82
Connecting to delivery.acm.org (delivery.acm.org)|24.200.120.90|:80... connected.
HTTP request sent, awaiting response... 200 OK
Length: 87129 (85K) [text/html]
Saving to: ‘../data/delivery.acm.org/10.1145/3190000/3186061/p1491-raman.html?ip=24.48.71.56&id=3186061&acc=OPENTOC&key=4D4702B0C3E38B35.4D4702B0C3E38B35.4D4702B0C3E38B35.4DD68F0663C025AA&__acm__=1526496335_52f816690dc5437a6802da3cb802c1ef’

     0K .......... .......... .......... .......... .......... 58% 92.9K 0s
    50K .......... .......... .......... .....                100%  172K=0.7s

2018-05-16 14:40:36 (115 KB/s) - ‘../data/delivery.acm.org/10.1145/3190000/3186061/p1491-raman.html?ip=24.48.71.56&id=3186061&acc=OPENTOC&key=4D4702B0C3E38B35.4D4702B0C3E38B35.4D4702B0C3E38B35.4DD68F0663C025AA&__acm__=1526496335_52f816690dc5437a6802da3cb802c1ef’ saved [87129/87129]

--2018-05-16 14:40:36--  http://deliveryimages.acm.org/10.1145/3190000/3186061/images/www2018-70-fig1.jpg
Resolving deliveryimages.acm.org (deliveryimages.acm.org)... 104.17.80.191, 104.17.79.191
Connecting to deliveryimages.acm.org (deliveryimages.acm.org)|104.17.80.191|:80... connected.
HTTP request sent, awaiting response... 301 Moved Permanently
Location: https://deliveryimages.acm.org/10.1145/3190000/3186061/images/www2018-70-fig1.jpg [following]
--2018-05-16 14:40:37--  https://deliveryimages.acm.org/10.1145/3190000/3186061/images/www2018-70-fig1.jpg
Connecting to deliveryimages.acm.org (deliveryimages.acm.org)|104.17.80.191|:443... connected.
HTTP request sent, awaiting response... 200 OK
Length: 139616 (136K) [image/jpeg]
Saving to: ‘../data/deliveryimages.acm.org/10.1145/3190000/3186061/images/www2018-70-fig1.jpg’

     0K .......... .......... .......... .......... .......... 36% 1.19M 0s
    50K .......... .......... .......... .......... .......... 73% 3.83M 0s
   100K .......... .......... .......... ......               100% 4.78M=0.06s

2018-05-16 14:40:37 (2.17 MB/s) - ‘../data/deliveryimages.acm.org/10.1145/3190000/3186061/images/www2018-70-fig1.jpg’ saved [139616/139616]

--2018-05-16 14:40:37--  http://deliveryimages.acm.org/10.1145/3190000/3186061/images/www2018-70-fig2.jpg
Connecting to deliveryimages.acm.org (deliveryimages.acm.org)|104.17.80.191|:80... connected.
HTTP request sent, awaiting response... 301 Moved Permanently
Location: https://deliveryimages.acm.org/10.1145/3190000/3186061/images/www2018-70-fig2.jpg [following]
--2018-05-16 14:40:37--  https://deliveryimages.acm.org/10.1145/3190000/3186061/images/www2018-70-fig2.jpg
Connecting to deliveryimages.acm.org (deliveryimages.acm.org)|104.17.80.191|:443... connected.
HTTP request sent, awaiting response... 200 OK
Length: 115608 (113K) [image/jpeg]
Saving to: ‘../data/deliveryimages.acm.org/10.1145/3190000/3186061/images/www2018-70-fig2.jpg’

     0K .......... .......... .......... .......... .......... 44% 1.62M 0s
    50K .......... .......... .......... .......... .......... 88% 4.17M 0s
   100K .......... ..                                         100% 6.44M=0.04s

2018-05-16 14:40:37 (2.52 MB/s) - ‘../data/deliveryimages.acm.org/10.1145/3190000/3186061/images/www2018-70-fig2.jpg’ saved [115608/115608]

--2018-05-16 14:40:37--  http://deliveryimages.acm.org/10.1145/3190000/3186061/images/www2018-70-fig3.jpg
Connecting to deliveryimages.acm.org (deliveryimages.acm.org)|104.17.80.191|:80... connected.
HTTP request sent, awaiting response... 301 Moved Permanently
Location: https://deliveryimages.acm.org/10.1145/3190000/3186061/images/www2018-70-fig3.jpg [following]
--2018-05-16 14:40:37--  https://deliveryimages.acm.org/10.1145/3190000/3186061/images/www2018-70-fig3.jpg
Connecting to deliveryimages.acm.org (deliveryimages.acm.org)|104.17.80.191|:443... connected.
HTTP request sent, awaiting response... 200 OK
Length: 289739 (283K) [image/jpeg]
Saving to: ‘../data/deliveryimages.acm.org/10.1145/3190000/3186061/images/www2018-70-fig3.jpg’

     0K .......... .......... .......... .......... .......... 17%  834K 0s
    50K .......... .......... .......... .......... .......... 35% 4.13M 0s
   100K .......... .......... .......... .......... .......... 53% 1.00M 0s
   150K .......... .......... .......... .......... .......... 70% 8.97M 0s
   200K .......... .......... .......... .......... .......... 88% 1.46M 0s
   250K .......... .......... .......... ..                   100%  122M=0.2s

2018-05-16 14:40:38 (1.73 MB/s) - ‘../data/deliveryimages.acm.org/10.1145/3190000/3186061/images/www2018-70-fig3.jpg’ saved [289739/289739]

--2018-05-16 14:40:38--  http://deliveryimages.acm.org/10.1145/3190000/3186061/images/www2018-70-fig4.jpg
Connecting to deliveryimages.acm.org (deliveryimages.acm.org)|104.17.80.191|:80... connected.
HTTP request sent, awaiting response... 301 Moved Permanently
Location: https://deliveryimages.acm.org/10.1145/3190000/3186061/images/www2018-70-fig4.jpg [following]
--2018-05-16 14:40:38--  https://deliveryimages.acm.org/10.1145/3190000/3186061/images/www2018-70-fig4.jpg
Connecting to deliveryimages.acm.org (deliveryimages.acm.org)|104.17.80.191|:443... connected.
HTTP request sent, awaiting response... 200 OK
Length: 105392 (103K) [image/jpeg]
Saving to: ‘../data/deliveryimages.acm.org/10.1145/3190000/3186061/images/www2018-70-fig4.jpg’

     0K .......... .......... .......... .......... .......... 48%  556K 0s
    50K .......... .......... .......... .......... .......... 97% 2.75M 0s
   100K ..                                                    100% 5573G=0.1s

2018-05-16 14:40:38 (956 KB/s) - ‘../data/deliveryimages.acm.org/10.1145/3190000/3186061/images/www2018-70-fig4.jpg’ saved [105392/105392]

--2018-05-16 14:40:38--  http://deliveryimages.acm.org/10.1145/3190000/3186061/images/www2018-70-fig5.jpg
Connecting to deliveryimages.acm.org (deliveryimages.acm.org)|104.17.80.191|:80... connected.
HTTP request sent, awaiting response... 301 Moved Permanently
Location: https://deliveryimages.acm.org/10.1145/3190000/3186061/images/www2018-70-fig5.jpg [following]
--2018-05-16 14:40:38--  https://deliveryimages.acm.org/10.1145/3190000/3186061/images/www2018-70-fig5.jpg
Connecting to deliveryimages.acm.org (deliveryimages.acm.org)|104.17.80.191|:443... connected.
HTTP request sent, awaiting response... 200 OK
Length: 268808 (263K) [image/jpeg]
Saving to: ‘../data/deliveryimages.acm.org/10.1145/3190000/3186061/images/www2018-70-fig5.jpg’

     0K .......... .......... .......... .......... .......... 19% 1.79M 0s
    50K .......... .......... .......... .......... .......... 38% 1.93M 0s
   100K .......... .......... .......... .......... .......... 57% 4.18M 0s
   150K .......... .......... .......... .......... .......... 76% 4.63M 0s
   200K .......... .......... .......... .......... .......... 95% 3.03M 0s
   250K .......... ..                                         100% 1.75M=0.1s

2018-05-16 14:40:38 (2.62 MB/s) - ‘../data/deliveryimages.acm.org/10.1145/3190000/3186061/images/www2018-70-fig5.jpg’ saved [268808/268808]

--2018-05-16 14:40:38--  http://deliveryimages.acm.org/10.1145/3190000/3186061/images/www2018-70-fig6.jpg
Connecting to deliveryimages.acm.org (deliveryimages.acm.org)|104.17.80.191|:80... connected.
HTTP request sent, awaiting response... 301 Moved Permanently
Location: https://deliveryimages.acm.org/10.1145/3190000/3186061/images/www2018-70-fig6.jpg [following]
--2018-05-16 14:40:38--  https://deliveryimages.acm.org/10.1145/3190000/3186061/images/www2018-70-fig6.jpg
Connecting to deliveryimages.acm.org (deliveryimages.acm.org)|104.17.80.191|:443... connected.
HTTP request sent, awaiting response... 200 OK
Length: 374382 (366K) [image/jpeg]
Saving to: ‘../data/deliveryimages.acm.org/10.1145/3190000/3186061/images/www2018-70-fig6.jpg’

     0K .......... .......... .......... .......... .......... 13% 1.79M 0s
    50K .......... .......... .......... .......... .......... 27% 3.69M 0s
   100K .......... .......... .......... .......... .......... 41% 4.29M 0s
   150K .......... .......... .......... .......... .......... 54% 3.82M 0s
   200K .......... .......... .......... .......... .......... 68% 2.53M 0s
   250K .......... .......... .......... .......... .......... 82% 8.53M 0s
   300K .......... .......... .......... .......... .......... 95% 4.07M 0s
   350K .......... .....                                      100% 7.64M=0.1s

2018-05-16 14:40:39 (3.44 MB/s) - ‘../data/deliveryimages.acm.org/10.1145/3190000/3186061/images/www2018-70-fig6.jpg’ saved [374382/374382]

--2018-05-16 14:40:39--  http://deliveryimages.acm.org/10.1145/3190000/3186061/images/www2018-70-fig7.jpg
Connecting to deliveryimages.acm.org (deliveryimages.acm.org)|104.17.80.191|:80... connected.
HTTP request sent, awaiting response... 301 Moved Permanently
Location: https://deliveryimages.acm.org/10.1145/3190000/3186061/images/www2018-70-fig7.jpg [following]
--2018-05-16 14:40:39--  https://deliveryimages.acm.org/10.1145/3190000/3186061/images/www2018-70-fig7.jpg
Connecting to deliveryimages.acm.org (deliveryimages.acm.org)|104.17.80.191|:443... connected.
HTTP request sent, awaiting response... 200 OK
Length: 93361 (91K) [image/jpeg]
Saving to: ‘../data/deliveryimages.acm.org/10.1145/3190000/3186061/images/www2018-70-fig7.jpg’

     0K .......... .......... .......... .......... .......... 54% 1.44M 0s
    50K .......... .......... .......... .......... .         100% 3.98M=0.04s

2018-05-16 14:40:39 (2.02 MB/s) - ‘../data/deliveryimages.acm.org/10.1145/3190000/3186061/images/www2018-70-fig7.jpg’ saved [93361/93361]

--2018-05-16 14:40:39--  http://deliveryimages.acm.org/10.1145/3190000/3186061/images/www2018-70-fig8.jpg
Connecting to deliveryimages.acm.org (deliveryimages.acm.org)|104.17.80.191|:80... connected.
HTTP request sent, awaiting response... 301 Moved Permanently
Location: https://deliveryimages.acm.org/10.1145/3190000/3186061/images/www2018-70-fig8.jpg [following]
--2018-05-16 14:40:39--  https://deliveryimages.acm.org/10.1145/3190000/3186061/images/www2018-70-fig8.jpg
Connecting to deliveryimages.acm.org (deliveryimages.acm.org)|104.17.80.191|:443... connected.
HTTP request sent, awaiting response... 200 OK
Length: 324483 (317K) [image/jpeg]
Saving to: ‘../data/deliveryimages.acm.org/10.1145/3190000/3186061/images/www2018-70-fig8.jpg’

     0K .......... .......... .......... .......... .......... 15% 1.31M 0s
    50K .......... .......... .......... .......... .......... 31% 3.21M 0s
   100K .......... .......... .......... .......... .......... 47% 3.57M 0s
   150K .......... .......... .......... .......... .......... 63% 4.16M 0s
   200K .......... .......... .......... .......... .......... 78% 2.03M 0s
   250K .......... .......... .......... .......... .......... 94% 6.57M 0s
   300K .......... ......                                     100% 5.85M=0.1s

2018-05-16 14:40:39 (2.76 MB/s) - ‘../data/deliveryimages.acm.org/10.1145/3190000/3186061/images/www2018-70-fig8.jpg’ saved [324483/324483]

--2018-05-16 14:40:39--  http://deliveryimages.acm.org/10.1145/3190000/3186061/images/www2018-70-fig9.jpg
Connecting to deliveryimages.acm.org (deliveryimages.acm.org)|104.17.80.191|:80... connected.
HTTP request sent, awaiting response... 301 Moved Permanently
Location: https://deliveryimages.acm.org/10.1145/3190000/3186061/images/www2018-70-fig9.jpg [following]
--2018-05-16 14:40:39--  https://deliveryimages.acm.org/10.1145/3190000/3186061/images/www2018-70-fig9.jpg
Connecting to deliveryimages.acm.org (deliveryimages.acm.org)|104.17.80.191|:443... connected.
HTTP request sent, awaiting response... 200 OK
Length: 105252 (103K) [image/jpeg]
Saving to: ‘../data/deliveryimages.acm.org/10.1145/3190000/3186061/images/www2018-70-fig9.jpg’

     0K .......... .......... .......... .......... .......... 48% 1.71M 0s
    50K .......... .......... .......... .......... .......... 97% 2.79M 0s
   100K ..                                                    100% 5312G=0.05s

2018-05-16 14:40:40 (2.18 MB/s) - ‘../data/deliveryimages.acm.org/10.1145/3190000/3186061/images/www2018-70-fig9.jpg’ saved [105252/105252]

--2018-05-16 14:40:40--  http://deliveryimages.acm.org/10.1145/3190000/3186061/images/www2018-70-fig10.jpg
Connecting to deliveryimages.acm.org (deliveryimages.acm.org)|104.17.80.191|:80... connected.
HTTP request sent, awaiting response... 301 Moved Permanently
Location: https://deliveryimages.acm.org/10.1145/3190000/3186061/images/www2018-70-fig10.jpg [following]
--2018-05-16 14:40:40--  https://deliveryimages.acm.org/10.1145/3190000/3186061/images/www2018-70-fig10.jpg
Connecting to deliveryimages.acm.org (deliveryimages.acm.org)|104.17.80.191|:443... connected.
HTTP request sent, awaiting response... 200 OK
Length: 175692 (172K) [image/jpeg]
Saving to: ‘../data/deliveryimages.acm.org/10.1145/3190000/3186061/images/www2018-70-fig10.jpg’

     0K .......... .......... .......... .......... .......... 29% 1.48M 0s
    50K .......... .......... .......... .......... .......... 58% 2.55M 0s
   100K .......... .......... .......... .......... .......... 87% 3.15M 0s
   150K .......... .......... .                               100% 50.7M=0.07s

2018-05-16 14:40:40 (2.46 MB/s) - ‘../data/deliveryimages.acm.org/10.1145/3190000/3186061/images/www2018-70-fig10.jpg’ saved [175692/175692]

--2018-05-16 14:40:40--  http://deliveryimages.acm.org/10.1145/3190000/3186061/images/www2018-70-fig11.jpg
Connecting to deliveryimages.acm.org (deliveryimages.acm.org)|104.17.80.191|:80... connected.
HTTP request sent, awaiting response... 301 Moved Permanently
Location: https://deliveryimages.acm.org/10.1145/3190000/3186061/images/www2018-70-fig11.jpg [following]
--2018-05-16 14:40:40--  https://deliveryimages.acm.org/10.1145/3190000/3186061/images/www2018-70-fig11.jpg
Connecting to deliveryimages.acm.org (deliveryimages.acm.org)|104.17.80.191|:443... connected.
HTTP request sent, awaiting response... 200 OK
Length: 212892 (208K) [image/jpeg]
Saving to: ‘../data/deliveryimages.acm.org/10.1145/3190000/3186061/images/www2018-70-fig11.jpg’

     0K .......... .......... .......... .......... .......... 24% 1.76M 0s
    50K .......... .......... .......... .......... .......... 48% 3.07M 0s
   100K .......... .......... .......... .......... .......... 72% 2.38M 0s
   150K .......... .......... .......... .......... .......... 96% 10.5M 0s
   200K .......                                               100% 50.2M=0.07s

2018-05-16 14:40:40 (2.94 MB/s) - ‘../data/deliveryimages.acm.org/10.1145/3190000/3186061/images/www2018-70-fig11.jpg’ saved [212892/212892]

FINISHED --2018-05-16 14:40:40--
Total wall clock time: 4.7s
Downloaded: 12 files, 2.2M in 1.7s (1.32 MB/s)
Converting links in ../data/delivery.acm.org/10.1145/3190000/3186061/p1491-raman.html?ip=24.48.71.56&id=3186061&acc=OPENTOC&key=4D4702B0C3E38B35.4D4702B0C3E38B35.4D4702B0C3E38B35.4DD68F0663C025AA&__acm__=1526496335_52f816690dc5437a6802da3cb802c1ef... 97-0
Converted links in 1 files in 0.004 seconds.
