--2018-05-16 14:23:53--  http://delivery.acm.org/10.1145/3190000/3186118/p519-silva.html?ip=24.48.71.56&id=3186118&acc=OPENTOC&key=4D4702B0C3E38B35%2E4D4702B0C3E38B35%2E4D4702B0C3E38B35%2E4DD68F0663C025AA&__acm__=1526495333_50680fca26372887c5a162da62701b48
Resolving delivery.acm.org (delivery.acm.org)... 24.200.120.90, 24.200.120.82
Connecting to delivery.acm.org (delivery.acm.org)|24.200.120.90|:80... connected.
HTTP request sent, awaiting response... 200 OK
Length: 114396 (112K) [text/html]
Saving to: ‘../data/delivery.acm.org/10.1145/3190000/3186118/p519-silva.html?ip=24.48.71.56&id=3186118&acc=OPENTOC&key=4D4702B0C3E38B35.4D4702B0C3E38B35.4D4702B0C3E38B35.4DD68F0663C025AA&__acm__=1526495333_50680fca26372887c5a162da62701b48’

     0K .......... .......... .......... .......... .......... 44% 1.81M 0s
    50K .......... .......... .......... .......... .......... 89% 3.25M 0s
   100K .......... .                                          100% 1.20M=0.05s

2018-05-16 14:23:53 (2.12 MB/s) - ‘../data/delivery.acm.org/10.1145/3190000/3186118/p519-silva.html?ip=24.48.71.56&id=3186118&acc=OPENTOC&key=4D4702B0C3E38B35.4D4702B0C3E38B35.4D4702B0C3E38B35.4DD68F0663C025AA&__acm__=1526495333_50680fca26372887c5a162da62701b48’ saved [114396/114396]

--2018-05-16 14:23:53--  http://deliveryimages.acm.org/10.1145/3190000/3186118/images/www2018-127-fig1.jpg
Resolving deliveryimages.acm.org (deliveryimages.acm.org)... 104.17.80.191, 104.17.79.191
Connecting to deliveryimages.acm.org (deliveryimages.acm.org)|104.17.80.191|:80... connected.
HTTP request sent, awaiting response... 301 Moved Permanently
Location: https://deliveryimages.acm.org/10.1145/3190000/3186118/images/www2018-127-fig1.jpg [following]
--2018-05-16 14:23:53--  https://deliveryimages.acm.org/10.1145/3190000/3186118/images/www2018-127-fig1.jpg
Connecting to deliveryimages.acm.org (deliveryimages.acm.org)|104.17.80.191|:443... connected.
HTTP request sent, awaiting response... 200 OK
Length: 56588 (55K) [image/jpeg]
Saving to: ‘../data/deliveryimages.acm.org/10.1145/3190000/3186118/images/www2018-127-fig1.jpg’

     0K .......... .......... .......... .......... .......... 90%  917K 0s
    50K .....                                                 100% 1.53M=0.06s

2018-05-16 14:23:53 (955 KB/s) - ‘../data/deliveryimages.acm.org/10.1145/3190000/3186118/images/www2018-127-fig1.jpg’ saved [56588/56588]

--2018-05-16 14:23:53--  http://deliveryimages.acm.org/10.1145/3190000/3186118/images/www2018-127-fig2.jpg
Connecting to deliveryimages.acm.org (deliveryimages.acm.org)|104.17.80.191|:80... connected.
HTTP request sent, awaiting response... 301 Moved Permanently
Location: https://deliveryimages.acm.org/10.1145/3190000/3186118/images/www2018-127-fig2.jpg [following]
--2018-05-16 14:23:53--  https://deliveryimages.acm.org/10.1145/3190000/3186118/images/www2018-127-fig2.jpg
Connecting to deliveryimages.acm.org (deliveryimages.acm.org)|104.17.80.191|:443... connected.
HTTP request sent, awaiting response... 200 OK
Length: 46841 (46K) [image/jpeg]
Saving to: ‘../data/deliveryimages.acm.org/10.1145/3190000/3186118/images/www2018-127-fig2.jpg’

     0K .......... .......... .......... .......... .....     100% 1.32M=0.03s

2018-05-16 14:23:54 (1.32 MB/s) - ‘../data/deliveryimages.acm.org/10.1145/3190000/3186118/images/www2018-127-fig2.jpg’ saved [46841/46841]

--2018-05-16 14:23:54--  http://deliveryimages.acm.org/10.1145/3190000/3186118/images/www2018-127-img1.svg
Connecting to deliveryimages.acm.org (deliveryimages.acm.org)|104.17.80.191|:80... connected.
HTTP request sent, awaiting response... 301 Moved Permanently
Location: https://deliveryimages.acm.org/10.1145/3190000/3186118/images/www2018-127-img1.svg [following]
--2018-05-16 14:23:54--  https://deliveryimages.acm.org/10.1145/3190000/3186118/images/www2018-127-img1.svg
Connecting to deliveryimages.acm.org (deliveryimages.acm.org)|104.17.80.191|:443... connected.
HTTP request sent, awaiting response... 200 OK
Length: 132788 (130K) [image/svg+xml]
Saving to: ‘../data/deliveryimages.acm.org/10.1145/3190000/3186118/images/www2018-127-img1.svg’

     0K .......... .......... .......... .......... .......... 38% 1.21M 0s
    50K .......... .......... .......... .......... .......... 77% 4.23M 0s
   100K .......... .......... .........                       100% 2.42M=0.06s

2018-05-16 14:23:54 (1.98 MB/s) - ‘../data/deliveryimages.acm.org/10.1145/3190000/3186118/images/www2018-127-img1.svg’ saved [132788/132788]

--2018-05-16 14:23:54--  http://deliveryimages.acm.org/10.1145/3190000/3186118/images/www2018-127-fig3.jpg
Connecting to deliveryimages.acm.org (deliveryimages.acm.org)|104.17.80.191|:80... connected.
HTTP request sent, awaiting response... 301 Moved Permanently
Location: https://deliveryimages.acm.org/10.1145/3190000/3186118/images/www2018-127-fig3.jpg [following]
--2018-05-16 14:23:54--  https://deliveryimages.acm.org/10.1145/3190000/3186118/images/www2018-127-fig3.jpg
Connecting to deliveryimages.acm.org (deliveryimages.acm.org)|104.17.80.191|:443... connected.
HTTP request sent, awaiting response... 200 OK
Length: 179789 (176K) [image/jpeg]
Saving to: ‘../data/deliveryimages.acm.org/10.1145/3190000/3186118/images/www2018-127-fig3.jpg’

     0K .......... .......... .......... .......... .......... 28% 1.05M 0s
    50K .......... .......... .......... .......... .......... 56% 2.83M 0s
   100K .......... .......... .......... .......... .......... 85% 2.94M 0s
   150K .......... .......... .....                           100% 6.34M=0.08s

2018-05-16 14:23:54 (2.04 MB/s) - ‘../data/deliveryimages.acm.org/10.1145/3190000/3186118/images/www2018-127-fig3.jpg’ saved [179789/179789]

--2018-05-16 14:23:54--  http://deliveryimages.acm.org/10.1145/3190000/3186118/images/www2018-127-fig4.jpg
Connecting to deliveryimages.acm.org (deliveryimages.acm.org)|104.17.80.191|:80... connected.
HTTP request sent, awaiting response... 301 Moved Permanently
Location: https://deliveryimages.acm.org/10.1145/3190000/3186118/images/www2018-127-fig4.jpg [following]
--2018-05-16 14:23:54--  https://deliveryimages.acm.org/10.1145/3190000/3186118/images/www2018-127-fig4.jpg
Connecting to deliveryimages.acm.org (deliveryimages.acm.org)|104.17.80.191|:443... connected.
HTTP request sent, awaiting response... 200 OK
Length: 187146 (183K) [image/jpeg]
Saving to: ‘../data/deliveryimages.acm.org/10.1145/3190000/3186118/images/www2018-127-fig4.jpg’

     0K .......... .......... .......... .......... .......... 27%  683K 0s
    50K .......... .......... .......... .......... .......... 54%  865K 0s
   100K .......... .......... .......... .......... .......... 82%  787K 0s
   150K .......... .......... .......... ..                   100% 1.28M=0.2s

2018-05-16 14:23:55 (832 KB/s) - ‘../data/deliveryimages.acm.org/10.1145/3190000/3186118/images/www2018-127-fig4.jpg’ saved [187146/187146]

--2018-05-16 14:23:55--  http://deliveryimages.acm.org/10.1145/3190000/3186118/images/www2018-127-fig5.jpg
Connecting to deliveryimages.acm.org (deliveryimages.acm.org)|104.17.80.191|:80... connected.
HTTP request sent, awaiting response... 301 Moved Permanently
Location: https://deliveryimages.acm.org/10.1145/3190000/3186118/images/www2018-127-fig5.jpg [following]
--2018-05-16 14:23:55--  https://deliveryimages.acm.org/10.1145/3190000/3186118/images/www2018-127-fig5.jpg
Connecting to deliveryimages.acm.org (deliveryimages.acm.org)|104.17.80.191|:443... connected.
HTTP request sent, awaiting response... 200 OK
Length: 114292 (112K) [image/jpeg]
Saving to: ‘../data/deliveryimages.acm.org/10.1145/3190000/3186118/images/www2018-127-fig5.jpg’

     0K .......... .......... .......... .......... .......... 44% 1.74M 0s
    50K .......... .......... .......... .......... .......... 89% 4.04M 0s
   100K .......... .                                          100%  568K=0.06s

2018-05-16 14:23:55 (1.80 MB/s) - ‘../data/deliveryimages.acm.org/10.1145/3190000/3186118/images/www2018-127-fig5.jpg’ saved [114292/114292]

--2018-05-16 14:23:55--  http://deliveryimages.acm.org/10.1145/3190000/3186118/images/www2018-127-fig6.jpg
Connecting to deliveryimages.acm.org (deliveryimages.acm.org)|104.17.80.191|:80... connected.
HTTP request sent, awaiting response... 301 Moved Permanently
Location: https://deliveryimages.acm.org/10.1145/3190000/3186118/images/www2018-127-fig6.jpg [following]
--2018-05-16 14:23:55--  https://deliveryimages.acm.org/10.1145/3190000/3186118/images/www2018-127-fig6.jpg
Connecting to deliveryimages.acm.org (deliveryimages.acm.org)|104.17.80.191|:443... connected.
HTTP request sent, awaiting response... 200 OK
Length: 145488 (142K) [image/jpeg]
Saving to: ‘../data/deliveryimages.acm.org/10.1145/3190000/3186118/images/www2018-127-fig6.jpg’

     0K .......... .......... .......... .......... .......... 35% 1.05M 0s
    50K .......... .......... .......... .......... .......... 70% 2.88M 0s
   100K .......... .......... .......... .......... ..        100% 3.65M=0.07s

2018-05-16 14:23:56 (1.85 MB/s) - ‘../data/deliveryimages.acm.org/10.1145/3190000/3186118/images/www2018-127-fig6.jpg’ saved [145488/145488]

--2018-05-16 14:23:56--  http://deliveryimages.acm.org/10.1145/3190000/3186118/images/www2018-127-fig7.jpg
Connecting to deliveryimages.acm.org (deliveryimages.acm.org)|104.17.80.191|:80... connected.
HTTP request sent, awaiting response... 301 Moved Permanently
Location: https://deliveryimages.acm.org/10.1145/3190000/3186118/images/www2018-127-fig7.jpg [following]
--2018-05-16 14:23:56--  https://deliveryimages.acm.org/10.1145/3190000/3186118/images/www2018-127-fig7.jpg
Connecting to deliveryimages.acm.org (deliveryimages.acm.org)|104.17.80.191|:443... connected.
HTTP request sent, awaiting response... 200 OK
Length: 55527 (54K) [image/jpeg]
Saving to: ‘../data/deliveryimages.acm.org/10.1145/3190000/3186118/images/www2018-127-fig7.jpg’

     0K .......... .......... .......... .......... .......... 92%  506K 0s
    50K ....                                                  100%  998K=0.1s

2018-05-16 14:23:56 (527 KB/s) - ‘../data/deliveryimages.acm.org/10.1145/3190000/3186118/images/www2018-127-fig7.jpg’ saved [55527/55527]

FINISHED --2018-05-16 14:23:56--
Total wall clock time: 3.4s
Downloaded: 9 files, 1009K in 0.7s (1.31 MB/s)
Converting links in ../data/delivery.acm.org/10.1145/3190000/3186118/p519-silva.html?ip=24.48.71.56&id=3186118&acc=OPENTOC&key=4D4702B0C3E38B35.4D4702B0C3E38B35.4D4702B0C3E38B35.4DD68F0663C025AA&__acm__=1526495333_50680fca26372887c5a162da62701b48... 151-0
Converted links in 1 files in 0.005 seconds.
