--2018-05-16 14:36:07--  http://delivery.acm.org/10.1145/3190000/3186080/p1683-moshfeghi.html?ip=24.48.71.56&id=3186080&acc=OPENTOC&key=4D4702B0C3E38B35%2E4D4702B0C3E38B35%2E4D4702B0C3E38B35%2E4DD68F0663C025AA&__acm__=1526496067_7014fe5379e98ea26d82cc8cb7742210
Resolving delivery.acm.org (delivery.acm.org)... 24.200.120.90, 24.200.120.82
Connecting to delivery.acm.org (delivery.acm.org)|24.200.120.90|:80... connected.
HTTP request sent, awaiting response... 200 OK
Length: 147778 (144K) [text/html]
Saving to: ‘../data/delivery.acm.org/10.1145/3190000/3186080/p1683-moshfeghi.html?ip=24.48.71.56&id=3186080&acc=OPENTOC&key=4D4702B0C3E38B35.4D4702B0C3E38B35.4D4702B0C3E38B35.4DD68F0663C025AA&__acm__=1526496067_7014fe5379e98ea26d82cc8cb7742210’

     0K .......... .......... .......... .......... .......... 34% 2.87M 0s
    50K .......... .......... .......... .......... .......... 69% 4.20M 0s
   100K .......... .......... .......... .......... ....      100% 3.04M=0.04s

2018-05-16 14:36:07 (3.29 MB/s) - ‘../data/delivery.acm.org/10.1145/3190000/3186080/p1683-moshfeghi.html?ip=24.48.71.56&id=3186080&acc=OPENTOC&key=4D4702B0C3E38B35.4D4702B0C3E38B35.4D4702B0C3E38B35.4DD68F0663C025AA&__acm__=1526496067_7014fe5379e98ea26d82cc8cb7742210’ saved [147778/147778]

--2018-05-16 14:36:07--  http://deliveryimages.acm.org/10.1145/3190000/3186080/images/www2018-89-fig1.jpg
Resolving deliveryimages.acm.org (deliveryimages.acm.org)... 104.17.80.191, 104.17.79.191
Connecting to deliveryimages.acm.org (deliveryimages.acm.org)|104.17.80.191|:80... connected.
HTTP request sent, awaiting response... 301 Moved Permanently
Location: https://deliveryimages.acm.org/10.1145/3190000/3186080/images/www2018-89-fig1.jpg [following]
--2018-05-16 14:36:07--  https://deliveryimages.acm.org/10.1145/3190000/3186080/images/www2018-89-fig1.jpg
Connecting to deliveryimages.acm.org (deliveryimages.acm.org)|104.17.80.191|:443... connected.
HTTP request sent, awaiting response... 200 OK
Length: 229280 (224K) [image/jpeg]
Saving to: ‘../data/deliveryimages.acm.org/10.1145/3190000/3186080/images/www2018-89-fig1.jpg’

     0K .......... .......... .......... .......... .......... 22% 1.23M 0s
    50K .......... .......... .......... .......... .......... 44% 3.78M 0s
   100K .......... .......... .......... .......... .......... 66% 3.56M 0s
   150K .......... .......... .......... .......... .......... 89% 4.45M 0s
   200K .......... .......... ...                             100% 4.44M=0.08s

2018-05-16 14:36:07 (2.65 MB/s) - ‘../data/deliveryimages.acm.org/10.1145/3190000/3186080/images/www2018-89-fig1.jpg’ saved [229280/229280]

--2018-05-16 14:36:07--  http://deliveryimages.acm.org/10.1145/3190000/3186080/images/www2018-89-fig2.jpg
Connecting to deliveryimages.acm.org (deliveryimages.acm.org)|104.17.80.191|:80... connected.
HTTP request sent, awaiting response... 301 Moved Permanently
Location: https://deliveryimages.acm.org/10.1145/3190000/3186080/images/www2018-89-fig2.jpg [following]
--2018-05-16 14:36:07--  https://deliveryimages.acm.org/10.1145/3190000/3186080/images/www2018-89-fig2.jpg
Connecting to deliveryimages.acm.org (deliveryimages.acm.org)|104.17.80.191|:443... connected.
HTTP request sent, awaiting response... 200 OK
Length: 75422 (74K) [image/jpeg]
Saving to: ‘../data/deliveryimages.acm.org/10.1145/3190000/3186080/images/www2018-89-fig2.jpg’

     0K .......... .......... .......... .......... .......... 67% 1.91M 0s
    50K .......... .......... ...                             100% 3.14M=0.03s

2018-05-16 14:36:08 (2.18 MB/s) - ‘../data/deliveryimages.acm.org/10.1145/3190000/3186080/images/www2018-89-fig2.jpg’ saved [75422/75422]

--2018-05-16 14:36:08--  http://deliveryimages.acm.org/10.1145/3190000/3186080/images/www2018-89-fig3.jpg
Connecting to deliveryimages.acm.org (deliveryimages.acm.org)|104.17.80.191|:80... connected.
HTTP request sent, awaiting response... 301 Moved Permanently
Location: https://deliveryimages.acm.org/10.1145/3190000/3186080/images/www2018-89-fig3.jpg [following]
--2018-05-16 14:36:08--  https://deliveryimages.acm.org/10.1145/3190000/3186080/images/www2018-89-fig3.jpg
Connecting to deliveryimages.acm.org (deliveryimages.acm.org)|104.17.80.191|:443... connected.
HTTP request sent, awaiting response... 200 OK
Length: 42720 (42K) [image/jpeg]
Saving to: ‘../data/deliveryimages.acm.org/10.1145/3190000/3186080/images/www2018-89-fig3.jpg’

     0K .......... .......... .......... .......... .         100% 1.68M=0.02s

2018-05-16 14:36:08 (1.68 MB/s) - ‘../data/deliveryimages.acm.org/10.1145/3190000/3186080/images/www2018-89-fig3.jpg’ saved [42720/42720]

--2018-05-16 14:36:08--  http://deliveryimages.acm.org/10.1145/3190000/3186080/images/www2018-89-fig4.jpg
Connecting to deliveryimages.acm.org (deliveryimages.acm.org)|104.17.80.191|:80... connected.
HTTP request sent, awaiting response... 301 Moved Permanently
Location: https://deliveryimages.acm.org/10.1145/3190000/3186080/images/www2018-89-fig4.jpg [following]
--2018-05-16 14:36:08--  https://deliveryimages.acm.org/10.1145/3190000/3186080/images/www2018-89-fig4.jpg
Connecting to deliveryimages.acm.org (deliveryimages.acm.org)|104.17.80.191|:443... connected.
HTTP request sent, awaiting response... 200 OK
Length: 81227 (79K) [image/jpeg]
Saving to: ‘../data/deliveryimages.acm.org/10.1145/3190000/3186080/images/www2018-89-fig4.jpg’

     0K .......... .......... .......... .......... .......... 63% 1.21M 0s
    50K .......... .......... .........                       100% 3.23M=0.05s

2018-05-16 14:36:08 (1.58 MB/s) - ‘../data/deliveryimages.acm.org/10.1145/3190000/3186080/images/www2018-89-fig4.jpg’ saved [81227/81227]

--2018-05-16 14:36:08--  http://deliveryimages.acm.org/10.1145/3190000/3186080/images/www2018-89-fig5.jpg
Connecting to deliveryimages.acm.org (deliveryimages.acm.org)|104.17.80.191|:80... connected.
HTTP request sent, awaiting response... 301 Moved Permanently
Location: https://deliveryimages.acm.org/10.1145/3190000/3186080/images/www2018-89-fig5.jpg [following]
--2018-05-16 14:36:09--  https://deliveryimages.acm.org/10.1145/3190000/3186080/images/www2018-89-fig5.jpg
Connecting to deliveryimages.acm.org (deliveryimages.acm.org)|104.17.80.191|:443... connected.
HTTP request sent, awaiting response... 200 OK
Length: 84104 (82K) [image/jpeg]
Saving to: ‘../data/deliveryimages.acm.org/10.1145/3190000/3186080/images/www2018-89-fig5.jpg’

     0K .......... .......... .......... .......... .......... 60% 1.61M 0s
    50K .......... .......... .......... ..                   100% 5.42M=0.04s

2018-05-16 14:36:09 (2.22 MB/s) - ‘../data/deliveryimages.acm.org/10.1145/3190000/3186080/images/www2018-89-fig5.jpg’ saved [84104/84104]

FINISHED --2018-05-16 14:36:09--
Total wall clock time: 2.0s
Downloaded: 6 files, 645K in 0.3s (2.35 MB/s)
Converting links in ../data/delivery.acm.org/10.1145/3190000/3186080/p1683-moshfeghi.html?ip=24.48.71.56&id=3186080&acc=OPENTOC&key=4D4702B0C3E38B35.4D4702B0C3E38B35.4D4702B0C3E38B35.4DD68F0663C025AA&__acm__=1526496067_7014fe5379e98ea26d82cc8cb7742210... 88-0
Converted links in 1 files in 0.004 seconds.
