--2018-05-16 14:26:14--  http://delivery.acm.org/10.1145/3190000/3186148/p669-punjabi.html?ip=24.48.71.56&id=3186148&acc=OPENTOC&key=4D4702B0C3E38B35%2E4D4702B0C3E38B35%2E4D4702B0C3E38B35%2E4DD68F0663C025AA&__acm__=1526495473_a575ed2d83438404c90ec599bdb0709a
Resolving delivery.acm.org (delivery.acm.org)... 24.200.120.90, 24.200.120.82
Connecting to delivery.acm.org (delivery.acm.org)|24.200.120.90|:80... connected.
HTTP request sent, awaiting response... 200 OK
Length: 97086 (95K) [text/html]
Saving to: ‘../data/delivery.acm.org/10.1145/3190000/3186148/p669-punjabi.html?ip=24.48.71.56&id=3186148&acc=OPENTOC&key=4D4702B0C3E38B35.4D4702B0C3E38B35.4D4702B0C3E38B35.4DD68F0663C025AA&__acm__=1526495473_a575ed2d83438404c90ec599bdb0709a’

     0K .......... .......... .......... .......... .......... 52%  477K 0s
    50K .......... .......... .......... .......... ....      100% 1.22M=0.1s

2018-05-16 14:26:19 (674 KB/s) - ‘../data/delivery.acm.org/10.1145/3190000/3186148/p669-punjabi.html?ip=24.48.71.56&id=3186148&acc=OPENTOC&key=4D4702B0C3E38B35.4D4702B0C3E38B35.4D4702B0C3E38B35.4DD68F0663C025AA&__acm__=1526495473_a575ed2d83438404c90ec599bdb0709a’ saved [97086/97086]

--2018-05-16 14:26:19--  http://deliveryimages.acm.org/10.1145/3190000/3186148/images/www2018-157-fig1.jpg
Resolving deliveryimages.acm.org (deliveryimages.acm.org)... 104.17.79.191, 104.17.80.191
Connecting to deliveryimages.acm.org (deliveryimages.acm.org)|104.17.79.191|:80... connected.
HTTP request sent, awaiting response... 301 Moved Permanently
Location: https://deliveryimages.acm.org/10.1145/3190000/3186148/images/www2018-157-fig1.jpg [following]
--2018-05-16 14:26:19--  https://deliveryimages.acm.org/10.1145/3190000/3186148/images/www2018-157-fig1.jpg
Connecting to deliveryimages.acm.org (deliveryimages.acm.org)|104.17.79.191|:443... connected.
HTTP request sent, awaiting response... 200 OK
Length: 72709 (71K) [image/jpeg]
Saving to: ‘../data/deliveryimages.acm.org/10.1145/3190000/3186148/images/www2018-157-fig1.jpg’

     0K .......... .......... .......... .......... .......... 70% 1.31M 0s
    50K .......... .......... .                               100% 1.26M=0.05s

2018-05-16 14:26:20 (1.30 MB/s) - ‘../data/deliveryimages.acm.org/10.1145/3190000/3186148/images/www2018-157-fig1.jpg’ saved [72709/72709]

--2018-05-16 14:26:20--  http://deliveryimages.acm.org/10.1145/3190000/3186148/images/www2018-157-fig2.jpg
Connecting to deliveryimages.acm.org (deliveryimages.acm.org)|104.17.79.191|:80... connected.
HTTP request sent, awaiting response... 301 Moved Permanently
Location: https://deliveryimages.acm.org/10.1145/3190000/3186148/images/www2018-157-fig2.jpg [following]
--2018-05-16 14:26:20--  https://deliveryimages.acm.org/10.1145/3190000/3186148/images/www2018-157-fig2.jpg
Connecting to deliveryimages.acm.org (deliveryimages.acm.org)|104.17.79.191|:443... connected.
HTTP request sent, awaiting response... 200 OK
Length: 21870 (21K) [image/jpeg]
Saving to: ‘../data/deliveryimages.acm.org/10.1145/3190000/3186148/images/www2018-157-fig2.jpg’

     0K .......... .......... .                               100%  738K=0.03s

2018-05-16 14:26:20 (738 KB/s) - ‘../data/deliveryimages.acm.org/10.1145/3190000/3186148/images/www2018-157-fig2.jpg’ saved [21870/21870]

--2018-05-16 14:26:20--  http://deliveryimages.acm.org/10.1145/3190000/3186148/images/www2018-157-img1.png
Connecting to deliveryimages.acm.org (deliveryimages.acm.org)|104.17.79.191|:80... connected.
HTTP request sent, awaiting response... 301 Moved Permanently
Location: https://deliveryimages.acm.org/10.1145/3190000/3186148/images/www2018-157-img1.png [following]
--2018-05-16 14:26:20--  https://deliveryimages.acm.org/10.1145/3190000/3186148/images/www2018-157-img1.png
Connecting to deliveryimages.acm.org (deliveryimages.acm.org)|104.17.79.191|:443... connected.
HTTP request sent, awaiting response... 404 Not Found
2018-05-16 14:26:20 ERROR 404: Not Found.

--2018-05-16 14:26:20--  http://deliveryimages.acm.org/10.1145/3190000/3186148/images/www2018-157-fig3.jpg
Connecting to deliveryimages.acm.org (deliveryimages.acm.org)|104.17.79.191|:80... connected.
HTTP request sent, awaiting response... 301 Moved Permanently
Location: https://deliveryimages.acm.org/10.1145/3190000/3186148/images/www2018-157-fig3.jpg [following]
--2018-05-16 14:26:20--  https://deliveryimages.acm.org/10.1145/3190000/3186148/images/www2018-157-fig3.jpg
Connecting to deliveryimages.acm.org (deliveryimages.acm.org)|104.17.79.191|:443... connected.
HTTP request sent, awaiting response... 200 OK
Length: 65116 (64K) [image/jpeg]
Saving to: ‘../data/deliveryimages.acm.org/10.1145/3190000/3186148/images/www2018-157-fig3.jpg’

     0K .......... .......... .......... .......... .......... 78% 1.39M 0s
    50K .......... ...                                        100% 4.46M=0.04s

2018-05-16 14:26:21 (1.63 MB/s) - ‘../data/deliveryimages.acm.org/10.1145/3190000/3186148/images/www2018-157-fig3.jpg’ saved [65116/65116]

--2018-05-16 14:26:21--  http://deliveryimages.acm.org/10.1145/3190000/3186148/images/www2018-157-img2.png
Connecting to deliveryimages.acm.org (deliveryimages.acm.org)|104.17.79.191|:80... connected.
HTTP request sent, awaiting response... 301 Moved Permanently
Location: https://deliveryimages.acm.org/10.1145/3190000/3186148/images/www2018-157-img2.png [following]
--2018-05-16 14:26:21--  https://deliveryimages.acm.org/10.1145/3190000/3186148/images/www2018-157-img2.png
Connecting to deliveryimages.acm.org (deliveryimages.acm.org)|104.17.79.191|:443... connected.
HTTP request sent, awaiting response... 200 OK
Length: 124796 (122K) [image/png]
Saving to: ‘../data/deliveryimages.acm.org/10.1145/3190000/3186148/images/www2018-157-img2.png’

     0K .......... .......... .......... .......... .......... 41%  659K 0s
    50K .......... .......... .......... .......... .......... 82% 3.71M 0s
   100K .......... .......... .                               100% 4.07M=0.09s

2018-05-16 14:26:21 (1.26 MB/s) - ‘../data/deliveryimages.acm.org/10.1145/3190000/3186148/images/www2018-157-img2.png’ saved [124796/124796]

--2018-05-16 14:26:21--  http://deliveryimages.acm.org/10.1145/3190000/3186148/images/www2018-157-fig4.jpg
Connecting to deliveryimages.acm.org (deliveryimages.acm.org)|104.17.79.191|:80... connected.
HTTP request sent, awaiting response... 301 Moved Permanently
Location: https://deliveryimages.acm.org/10.1145/3190000/3186148/images/www2018-157-fig4.jpg [following]
--2018-05-16 14:26:21--  https://deliveryimages.acm.org/10.1145/3190000/3186148/images/www2018-157-fig4.jpg
Connecting to deliveryimages.acm.org (deliveryimages.acm.org)|104.17.79.191|:443... connected.
HTTP request sent, awaiting response... 200 OK
Length: 737262 (720K) [image/jpeg]
Saving to: ‘../data/deliveryimages.acm.org/10.1145/3190000/3186148/images/www2018-157-fig4.jpg’

     0K .......... .......... .......... .......... ..........  6% 1.08M 1s
    50K .......... .......... .......... .......... .......... 13% 3.21M 0s
   100K .......... .......... .......... .......... .......... 20% 4.99M 0s
   150K .......... .......... .......... .......... .......... 27% 3.58M 0s
   200K .......... .......... .......... .......... .......... 34% 3.07M 0s
   250K .......... .......... .......... .......... .......... 41% 5.21M 0s
   300K .......... .......... .......... .......... .......... 48% 4.55M 0s
   350K .......... .......... .......... .......... .......... 55% 2.88M 0s
   400K .......... .......... .......... .......... .......... 62% 3.65M 0s
   450K .......... .......... .......... .......... .......... 69% 4.34M 0s
   500K .......... .......... .......... .......... .......... 76%  721K 0s
   550K .......... .......... .......... .......... .......... 83% 1.73M 0s
   600K .......... .......... .......... .......... .......... 90% 5.86M 0s
   650K .......... .......... .......... .......... .......... 97% 4.86M 0s
   700K .......... .........                                  100% 13.8M=0.3s

2018-05-16 14:26:22 (2.52 MB/s) - ‘../data/deliveryimages.acm.org/10.1145/3190000/3186148/images/www2018-157-fig4.jpg’ saved [737262/737262]

--2018-05-16 14:26:22--  http://deliveryimages.acm.org/10.1145/3190000/3186148/images/www2018-157-fig5.jpg
Connecting to deliveryimages.acm.org (deliveryimages.acm.org)|104.17.79.191|:80... connected.
HTTP request sent, awaiting response... 301 Moved Permanently
Location: https://deliveryimages.acm.org/10.1145/3190000/3186148/images/www2018-157-fig5.jpg [following]
--2018-05-16 14:26:22--  https://deliveryimages.acm.org/10.1145/3190000/3186148/images/www2018-157-fig5.jpg
Connecting to deliveryimages.acm.org (deliveryimages.acm.org)|104.17.79.191|:443... connected.
HTTP request sent, awaiting response... 200 OK
Length: 208661 (204K) [image/jpeg]
Saving to: ‘../data/deliveryimages.acm.org/10.1145/3190000/3186148/images/www2018-157-fig5.jpg’

     0K .......... .......... .......... .......... .......... 24% 1.58M 0s
    50K .......... .......... .......... .......... .......... 49% 2.90M 0s
   100K .......... .......... .......... .......... .......... 73% 4.55M 0s
   150K .......... .......... .......... .......... .......... 98% 4.22M 0s
   200K ...                                                   100% 7192G=0.07s

2018-05-16 14:26:22 (2.84 MB/s) - ‘../data/deliveryimages.acm.org/10.1145/3190000/3186148/images/www2018-157-fig5.jpg’ saved [208661/208661]

--2018-05-16 14:26:22--  http://deliveryimages.acm.org/10.1145/3190000/3186148/images/www2018-157-fig6.jpg
Connecting to deliveryimages.acm.org (deliveryimages.acm.org)|104.17.79.191|:80... connected.
HTTP request sent, awaiting response... 301 Moved Permanently
Location: https://deliveryimages.acm.org/10.1145/3190000/3186148/images/www2018-157-fig6.jpg [following]
--2018-05-16 14:26:22--  https://deliveryimages.acm.org/10.1145/3190000/3186148/images/www2018-157-fig6.jpg
Connecting to deliveryimages.acm.org (deliveryimages.acm.org)|104.17.79.191|:443... connected.
HTTP request sent, awaiting response... 200 OK
Length: 526631 (514K) [image/jpeg]
Saving to: ‘../data/deliveryimages.acm.org/10.1145/3190000/3186148/images/www2018-157-fig6.jpg’

     0K .......... .......... .......... .......... ..........  9% 1.28M 0s
    50K .......... .......... .......... .......... .......... 19% 2.74M 0s
   100K .......... .......... .......... .......... .......... 29% 4.31M 0s
   150K .......... .......... .......... .......... .......... 38% 4.18M 0s
   200K .......... .......... .......... .......... .......... 48% 3.44M 0s
   250K .......... .......... .......... .......... .......... 58% 4.40M 0s
   300K .......... .......... .......... .......... .......... 68% 4.86M 0s
   350K .......... .......... .......... .......... .......... 77% 3.64M 0s
   400K .......... .......... .......... .......... .......... 87% 4.52M 0s
   450K .......... .......... .......... .......... .......... 97% 3.27M 0s
   500K .......... ....                                       100% 69.3M=0.2s

2018-05-16 14:26:22 (3.27 MB/s) - ‘../data/deliveryimages.acm.org/10.1145/3190000/3186148/images/www2018-157-fig6.jpg’ saved [526631/526631]

--2018-05-16 14:26:22--  http://deliveryimages.acm.org/10.1145/3190000/3186148/images/www2018-157-fig7.jpg
Connecting to deliveryimages.acm.org (deliveryimages.acm.org)|104.17.79.191|:80... connected.
HTTP request sent, awaiting response... 301 Moved Permanently
Location: https://deliveryimages.acm.org/10.1145/3190000/3186148/images/www2018-157-fig7.jpg [following]
--2018-05-16 14:26:22--  https://deliveryimages.acm.org/10.1145/3190000/3186148/images/www2018-157-fig7.jpg
Connecting to deliveryimages.acm.org (deliveryimages.acm.org)|104.17.79.191|:443... connected.
HTTP request sent, awaiting response... 200 OK
Length: 223353 (218K) [image/jpeg]
Saving to: ‘../data/deliveryimages.acm.org/10.1145/3190000/3186148/images/www2018-157-fig7.jpg’

     0K .......... .......... .......... .......... .......... 22% 1.08M 0s
    50K .......... .......... .......... .......... .......... 45% 3.38M 0s
   100K .......... .......... .......... .......... .......... 68% 3.44M 0s
   150K .......... .......... .......... .......... .......... 91% 5.45M 0s
   200K .......... ........                                   100% 2.22M=0.09s

2018-05-16 14:26:23 (2.34 MB/s) - ‘../data/deliveryimages.acm.org/10.1145/3190000/3186148/images/www2018-157-fig7.jpg’ saved [223353/223353]

--2018-05-16 14:26:23--  http://deliveryimages.acm.org/10.1145/3190000/3186148/images/www2018-157-fig8.jpg
Connecting to deliveryimages.acm.org (deliveryimages.acm.org)|104.17.79.191|:80... connected.
HTTP request sent, awaiting response... 301 Moved Permanently
Location: https://deliveryimages.acm.org/10.1145/3190000/3186148/images/www2018-157-fig8.jpg [following]
--2018-05-16 14:26:23--  https://deliveryimages.acm.org/10.1145/3190000/3186148/images/www2018-157-fig8.jpg
Connecting to deliveryimages.acm.org (deliveryimages.acm.org)|104.17.79.191|:443... connected.
HTTP request sent, awaiting response... 200 OK
Length: 206197 (201K) [image/jpeg]
Saving to: ‘../data/deliveryimages.acm.org/10.1145/3190000/3186148/images/www2018-157-fig8.jpg’

     0K .......... .......... .......... .......... .......... 24% 1.03M 0s
    50K .......... .......... .......... .......... .......... 49% 2.09M 0s
   100K .......... .......... .......... .......... .......... 74% 8.05M 0s
   150K .......... .......... .......... .......... .......... 99% 5.00M 0s
   200K .                                                     100% 2602G=0.09s

2018-05-16 14:26:23 (2.27 MB/s) - ‘../data/deliveryimages.acm.org/10.1145/3190000/3186148/images/www2018-157-fig8.jpg’ saved [206197/206197]

--2018-05-16 14:26:23--  http://deliveryimages.acm.org/10.1145/3190000/3186148/images/www2018-157-fig9.jpg
Connecting to deliveryimages.acm.org (deliveryimages.acm.org)|104.17.79.191|:80... connected.
HTTP request sent, awaiting response... 301 Moved Permanently
Location: https://deliveryimages.acm.org/10.1145/3190000/3186148/images/www2018-157-fig9.jpg [following]
--2018-05-16 14:26:23--  https://deliveryimages.acm.org/10.1145/3190000/3186148/images/www2018-157-fig9.jpg
Connecting to deliveryimages.acm.org (deliveryimages.acm.org)|104.17.79.191|:443... connected.
HTTP request sent, awaiting response... 200 OK
Length: 88749 (87K) [image/jpeg]
Saving to: ‘../data/deliveryimages.acm.org/10.1145/3190000/3186148/images/www2018-157-fig9.jpg’

     0K .......... .......... .......... .......... .......... 57% 1.29M 0s
    50K .......... .......... .......... ......               100% 4.11M=0.05s

2018-05-16 14:26:23 (1.81 MB/s) - ‘../data/deliveryimages.acm.org/10.1145/3190000/3186148/images/www2018-157-fig9.jpg’ saved [88749/88749]

--2018-05-16 14:26:23--  http://deliveryimages.acm.org/10.1145/3190000/3186148/arxiv:1610.03013
Connecting to deliveryimages.acm.org (deliveryimages.acm.org)|104.17.79.191|:80... connected.
HTTP request sent, awaiting response... 301 Moved Permanently
Location: https://deliveryimages.acm.org/10.1145/3190000/3186148/arxiv:1610.03013 [following]
--2018-05-16 14:26:24--  https://deliveryimages.acm.org/10.1145/3190000/3186148/arxiv:1610.03013
Connecting to deliveryimages.acm.org (deliveryimages.acm.org)|104.17.79.191|:443... connected.
HTTP request sent, awaiting response... 403 Forbidden
2018-05-16 14:26:24 ERROR 403: Forbidden.

FINISHED --2018-05-16 14:26:24--
Total wall clock time: 9.8s
Downloaded: 11 files, 2.3M in 1.1s (2.09 MB/s)
Converting links in ../data/delivery.acm.org/10.1145/3190000/3186148/p669-punjabi.html?ip=24.48.71.56&id=3186148&acc=OPENTOC&key=4D4702B0C3E38B35.4D4702B0C3E38B35.4D4702B0C3E38B35.4DD68F0663C025AA&__acm__=1526495473_a575ed2d83438404c90ec599bdb0709a... 84-0
Converted links in 1 files in 0.003 seconds.
