--2018-05-16 14:18:59--  http://delivery.acm.org/10.1145/3190000/3186093/p267-masood.html?ip=24.48.71.56&id=3186093&acc=OPENTOC&key=4D4702B0C3E38B35%2E4D4702B0C3E38B35%2E4D4702B0C3E38B35%2E4DD68F0663C025AA&__acm__=1526495037_78aad7fbdd11389c97daeddf45bd73f3
Resolving delivery.acm.org (delivery.acm.org)... 24.200.120.82, 24.200.120.90
Connecting to delivery.acm.org (delivery.acm.org)|24.200.120.82|:80... connected.
HTTP request sent, awaiting response... 200 OK
Length: 96996 (95K) [text/html]
Saving to: ‘../data/delivery.acm.org/10.1145/3190000/3186093/p267-masood.html?ip=24.48.71.56&id=3186093&acc=OPENTOC&key=4D4702B0C3E38B35.4D4702B0C3E38B35.4D4702B0C3E38B35.4DD68F0663C025AA&__acm__=1526495037_78aad7fbdd11389c97daeddf45bd73f3’

     0K .......... .......... .......... .......... .......... 52% 2.03M 0s
    50K .......... .......... .......... .......... ....      100% 3.01M=0.04s

2018-05-16 14:18:59 (2.40 MB/s) - ‘../data/delivery.acm.org/10.1145/3190000/3186093/p267-masood.html?ip=24.48.71.56&id=3186093&acc=OPENTOC&key=4D4702B0C3E38B35.4D4702B0C3E38B35.4D4702B0C3E38B35.4DD68F0663C025AA&__acm__=1526495037_78aad7fbdd11389c97daeddf45bd73f3’ saved [96996/96996]

--2018-05-16 14:18:59--  http://deliveryimages.acm.org/10.1145/3190000/3186093/images/www2018-102-fig1.jpg
Resolving deliveryimages.acm.org (deliveryimages.acm.org)... 104.17.79.191, 104.17.80.191
Connecting to deliveryimages.acm.org (deliveryimages.acm.org)|104.17.79.191|:80... connected.
HTTP request sent, awaiting response... 301 Moved Permanently
Location: https://deliveryimages.acm.org/10.1145/3190000/3186093/images/www2018-102-fig1.jpg [following]
--2018-05-16 14:18:59--  https://deliveryimages.acm.org/10.1145/3190000/3186093/images/www2018-102-fig1.jpg
Connecting to deliveryimages.acm.org (deliveryimages.acm.org)|104.17.79.191|:443... connected.
HTTP request sent, awaiting response... 200 OK
Length: 64786 (63K) [image/jpeg]
Saving to: ‘../data/deliveryimages.acm.org/10.1145/3190000/3186093/images/www2018-102-fig1.jpg’

     0K .......... .......... .......... .......... .......... 79% 1.67M 0s
    50K .......... ...                                        100% 8.57M=0.03s

2018-05-16 14:18:59 (2.01 MB/s) - ‘../data/deliveryimages.acm.org/10.1145/3190000/3186093/images/www2018-102-fig1.jpg’ saved [64786/64786]

--2018-05-16 14:18:59--  http://deliveryimages.acm.org/10.1145/3190000/3186093/images/www2018-102-fig2.jpg
Connecting to deliveryimages.acm.org (deliveryimages.acm.org)|104.17.79.191|:80... connected.
HTTP request sent, awaiting response... 301 Moved Permanently
Location: https://deliveryimages.acm.org/10.1145/3190000/3186093/images/www2018-102-fig2.jpg [following]
--2018-05-16 14:18:59--  https://deliveryimages.acm.org/10.1145/3190000/3186093/images/www2018-102-fig2.jpg
Connecting to deliveryimages.acm.org (deliveryimages.acm.org)|104.17.79.191|:443... connected.
HTTP request sent, awaiting response... 200 OK
Length: 53637 (52K) [image/jpeg]
Saving to: ‘../data/deliveryimages.acm.org/10.1145/3190000/3186093/images/www2018-102-fig2.jpg’

     0K .......... .......... .......... .......... .......... 95% 1.03M 0s
    50K ..                                                    100% 1.48M=0.05s

2018-05-16 14:19:00 (1.04 MB/s) - ‘../data/deliveryimages.acm.org/10.1145/3190000/3186093/images/www2018-102-fig2.jpg’ saved [53637/53637]

--2018-05-16 14:19:00--  http://deliveryimages.acm.org/10.1145/3190000/3186093/images/www2018-102-fig3.jpg
Connecting to deliveryimages.acm.org (deliveryimages.acm.org)|104.17.79.191|:80... connected.
HTTP request sent, awaiting response... 301 Moved Permanently
Location: https://deliveryimages.acm.org/10.1145/3190000/3186093/images/www2018-102-fig3.jpg [following]
--2018-05-16 14:19:00--  https://deliveryimages.acm.org/10.1145/3190000/3186093/images/www2018-102-fig3.jpg
Connecting to deliveryimages.acm.org (deliveryimages.acm.org)|104.17.79.191|:443... connected.
HTTP request sent, awaiting response... 200 OK
Length: 40991 (40K) [image/jpeg]
Saving to: ‘../data/deliveryimages.acm.org/10.1145/3190000/3186093/images/www2018-102-fig3.jpg’

     0K .......... .......... .......... ..........           100% 1.61M=0.02s

2018-05-16 14:19:00 (1.61 MB/s) - ‘../data/deliveryimages.acm.org/10.1145/3190000/3186093/images/www2018-102-fig3.jpg’ saved [40991/40991]

--2018-05-16 14:19:00--  http://deliveryimages.acm.org/10.1145/3190000/3186093/images/www2018-102-fig4.jpg
Connecting to deliveryimages.acm.org (deliveryimages.acm.org)|104.17.79.191|:80... connected.
HTTP request sent, awaiting response... 301 Moved Permanently
Location: https://deliveryimages.acm.org/10.1145/3190000/3186093/images/www2018-102-fig4.jpg [following]
--2018-05-16 14:19:00--  https://deliveryimages.acm.org/10.1145/3190000/3186093/images/www2018-102-fig4.jpg
Connecting to deliveryimages.acm.org (deliveryimages.acm.org)|104.17.79.191|:443... connected.
HTTP request sent, awaiting response... 200 OK
Length: 38703 (38K) [image/jpeg]
Saving to: ‘../data/deliveryimages.acm.org/10.1145/3190000/3186093/images/www2018-102-fig4.jpg’

     0K .......... .......... .......... .......              100% 1.30M=0.03s

2018-05-16 14:19:00 (1.30 MB/s) - ‘../data/deliveryimages.acm.org/10.1145/3190000/3186093/images/www2018-102-fig4.jpg’ saved [38703/38703]

--2018-05-16 14:19:00--  http://deliveryimages.acm.org/10.1145/3190000/3186093/images/www2018-102-fig5.jpg
Connecting to deliveryimages.acm.org (deliveryimages.acm.org)|104.17.79.191|:80... connected.
HTTP request sent, awaiting response... 301 Moved Permanently
Location: https://deliveryimages.acm.org/10.1145/3190000/3186093/images/www2018-102-fig5.jpg [following]
--2018-05-16 14:19:00--  https://deliveryimages.acm.org/10.1145/3190000/3186093/images/www2018-102-fig5.jpg
Connecting to deliveryimages.acm.org (deliveryimages.acm.org)|104.17.79.191|:443... connected.
HTTP request sent, awaiting response... 200 OK
Length: 50661 (49K) [image/jpeg]
Saving to: ‘../data/deliveryimages.acm.org/10.1145/3190000/3186093/images/www2018-102-fig5.jpg’

     0K .......... .......... .......... .......... ......... 100% 1.11M=0.04s

2018-05-16 14:19:01 (1.11 MB/s) - ‘../data/deliveryimages.acm.org/10.1145/3190000/3186093/images/www2018-102-fig5.jpg’ saved [50661/50661]

--2018-05-16 14:19:01--  http://deliveryimages.acm.org/10.1145/3190000/3186093/images/www2018-102-fig6.jpg
Connecting to deliveryimages.acm.org (deliveryimages.acm.org)|104.17.79.191|:80... connected.
HTTP request sent, awaiting response... 301 Moved Permanently
Location: https://deliveryimages.acm.org/10.1145/3190000/3186093/images/www2018-102-fig6.jpg [following]
--2018-05-16 14:19:01--  https://deliveryimages.acm.org/10.1145/3190000/3186093/images/www2018-102-fig6.jpg
Connecting to deliveryimages.acm.org (deliveryimages.acm.org)|104.17.79.191|:443... connected.
HTTP request sent, awaiting response... 200 OK
Length: 86210 (84K) [image/jpeg]
Saving to: ‘../data/deliveryimages.acm.org/10.1145/3190000/3186093/images/www2018-102-fig6.jpg’

     0K .......... .......... .......... .......... .......... 59%  868K 0s
    50K .......... .......... .......... ....                 100% 3.16M=0.07s

2018-05-16 14:19:01 (1.21 MB/s) - ‘../data/deliveryimages.acm.org/10.1145/3190000/3186093/images/www2018-102-fig6.jpg’ saved [86210/86210]

--2018-05-16 14:19:01--  http://deliveryimages.acm.org/10.1145/3190000/3186093/images/www2018-102-fig7.jpg
Connecting to deliveryimages.acm.org (deliveryimages.acm.org)|104.17.79.191|:80... connected.
HTTP request sent, awaiting response... 301 Moved Permanently
Location: https://deliveryimages.acm.org/10.1145/3190000/3186093/images/www2018-102-fig7.jpg [following]
--2018-05-16 14:19:01--  https://deliveryimages.acm.org/10.1145/3190000/3186093/images/www2018-102-fig7.jpg
Connecting to deliveryimages.acm.org (deliveryimages.acm.org)|104.17.79.191|:443... connected.
HTTP request sent, awaiting response... 200 OK
Length: 118349 (116K) [image/jpeg]
Saving to: ‘../data/deliveryimages.acm.org/10.1145/3190000/3186093/images/www2018-102-fig7.jpg’

     0K .......... .......... .......... .......... .......... 43% 1.47M 0s
    50K .......... .......... .......... .......... .......... 86% 3.34M 0s
   100K .......... .....                                      100% 8.63M=0.05s

2018-05-16 14:19:01 (2.28 MB/s) - ‘../data/deliveryimages.acm.org/10.1145/3190000/3186093/images/www2018-102-fig7.jpg’ saved [118349/118349]

--2018-05-16 14:19:01--  http://deliveryimages.acm.org/10.1145/3190000/3186093/images/www2018-102-fig8.jpg
Connecting to deliveryimages.acm.org (deliveryimages.acm.org)|104.17.79.191|:80... connected.
HTTP request sent, awaiting response... 301 Moved Permanently
Location: https://deliveryimages.acm.org/10.1145/3190000/3186093/images/www2018-102-fig8.jpg [following]
--2018-05-16 14:19:01--  https://deliveryimages.acm.org/10.1145/3190000/3186093/images/www2018-102-fig8.jpg
Connecting to deliveryimages.acm.org (deliveryimages.acm.org)|104.17.79.191|:443... connected.
HTTP request sent, awaiting response... 200 OK
Length: 49250 (48K) [image/jpeg]
Saving to: ‘../data/deliveryimages.acm.org/10.1145/3190000/3186093/images/www2018-102-fig8.jpg’

     0K .......... .......... .......... .......... ........  100% 1.62M=0.03s

2018-05-16 14:19:02 (1.62 MB/s) - ‘../data/deliveryimages.acm.org/10.1145/3190000/3186093/images/www2018-102-fig8.jpg’ saved [49250/49250]

FINISHED --2018-05-16 14:19:02--
Total wall clock time: 2.9s
Downloaded: 9 files, 586K in 0.4s (1.58 MB/s)
Converting links in ../data/delivery.acm.org/10.1145/3190000/3186093/p267-masood.html?ip=24.48.71.56&id=3186093&acc=OPENTOC&key=4D4702B0C3E38B35.4D4702B0C3E38B35.4D4702B0C3E38B35.4DD68F0663C025AA&__acm__=1526495037_78aad7fbdd11389c97daeddf45bd73f3... 92-0
Converted links in 1 files in 0.003 seconds.
