--2018-05-16 14:58:54--  http://delivery.acm.org/10.1145/3200000/3191546/p1131-lourentzou.html?ip=24.48.71.56&id=3191546&acc=OPENTOC&key=4D4702B0C3E38B35%2E4D4702B0C3E38B35%2E4D4702B0C3E38B35%2E4DD68F0663C025AA&__acm__=1526497433_ce4fa1863b50185d0c088176c46e7c95
Resolving delivery.acm.org (delivery.acm.org)... 24.200.120.82, 24.200.120.90
Connecting to delivery.acm.org (delivery.acm.org)|24.200.120.82|:80... connected.
HTTP request sent, awaiting response... 200 OK
Length: 70243 (69K) [text/html]
Saving to: ‘../data/delivery.acm.org/10.1145/3200000/3191546/p1131-lourentzou.html?ip=24.48.71.56&id=3191546&acc=OPENTOC&key=4D4702B0C3E38B35.4D4702B0C3E38B35.4D4702B0C3E38B35.4DD68F0663C025AA&__acm__=1526497433_ce4fa1863b50185d0c088176c46e7c95’

     0K .......... .......... .......... .......... .......... 72% 1.55M 0s
    50K .......... ........                                   100% 3.27M=0.04s

2018-05-16 14:58:54 (1.81 MB/s) - ‘../data/delivery.acm.org/10.1145/3200000/3191546/p1131-lourentzou.html?ip=24.48.71.56&id=3191546&acc=OPENTOC&key=4D4702B0C3E38B35.4D4702B0C3E38B35.4D4702B0C3E38B35.4DD68F0663C025AA&__acm__=1526497433_ce4fa1863b50185d0c088176c46e7c95’ saved [70243/70243]

--2018-05-16 14:58:54--  http://deliveryimages.acm.org/10.1145/3200000/3191546/images/www18companion-285-fig1.jpg
Resolving deliveryimages.acm.org (deliveryimages.acm.org)... 104.17.80.191, 104.17.79.191
Connecting to deliveryimages.acm.org (deliveryimages.acm.org)|104.17.80.191|:80... connected.
HTTP request sent, awaiting response... 301 Moved Permanently
Location: https://deliveryimages.acm.org/10.1145/3200000/3191546/images/www18companion-285-fig1.jpg [following]
--2018-05-16 14:58:54--  https://deliveryimages.acm.org/10.1145/3200000/3191546/images/www18companion-285-fig1.jpg
Connecting to deliveryimages.acm.org (deliveryimages.acm.org)|104.17.80.191|:443... connected.
HTTP request sent, awaiting response... 200 OK
Length: 93147 (91K) [image/jpeg]
Saving to: ‘../data/deliveryimages.acm.org/10.1145/3200000/3191546/images/www18companion-285-fig1.jpg’

     0K .......... .......... .......... .......... .......... 54% 1.18M 0s
    50K .......... .......... .......... ..........           100% 3.84M=0.05s

2018-05-16 14:58:55 (1.72 MB/s) - ‘../data/deliveryimages.acm.org/10.1145/3200000/3191546/images/www18companion-285-fig1.jpg’ saved [93147/93147]

--2018-05-16 14:58:55--  http://deliveryimages.acm.org/10.1145/3200000/3191546/images/www18companion-285-fig2.jpg
Connecting to deliveryimages.acm.org (deliveryimages.acm.org)|104.17.80.191|:80... connected.
HTTP request sent, awaiting response... 301 Moved Permanently
Location: https://deliveryimages.acm.org/10.1145/3200000/3191546/images/www18companion-285-fig2.jpg [following]
--2018-05-16 14:58:55--  https://deliveryimages.acm.org/10.1145/3200000/3191546/images/www18companion-285-fig2.jpg
Connecting to deliveryimages.acm.org (deliveryimages.acm.org)|104.17.80.191|:443... connected.
HTTP request sent, awaiting response... 200 OK
Length: 92710 (91K) [image/jpeg]
Saving to: ‘../data/deliveryimages.acm.org/10.1145/3200000/3191546/images/www18companion-285-fig2.jpg’

     0K .......... .......... .......... .......... .......... 55% 1.58M 0s
    50K .......... .......... .......... ..........           100% 1.38M=0.06s

2018-05-16 14:58:55 (1.48 MB/s) - ‘../data/deliveryimages.acm.org/10.1145/3200000/3191546/images/www18companion-285-fig2.jpg’ saved [92710/92710]

--2018-05-16 14:58:55--  http://deliveryimages.acm.org/10.1145/3200000/3191546/images/www18companion-285-fig3.jpg
Connecting to deliveryimages.acm.org (deliveryimages.acm.org)|104.17.80.191|:80... connected.
HTTP request sent, awaiting response... 301 Moved Permanently
Location: https://deliveryimages.acm.org/10.1145/3200000/3191546/images/www18companion-285-fig3.jpg [following]
--2018-05-16 14:58:55--  https://deliveryimages.acm.org/10.1145/3200000/3191546/images/www18companion-285-fig3.jpg
Connecting to deliveryimages.acm.org (deliveryimages.acm.org)|104.17.80.191|:443... connected.
HTTP request sent, awaiting response... 200 OK
Length: 40070 (39K) [image/jpeg]
Saving to: ‘../data/deliveryimages.acm.org/10.1145/3200000/3191546/images/www18companion-285-fig3.jpg’

     0K .......... .......... .......... .........            100% 1.56M=0.02s

2018-05-16 14:58:55 (1.56 MB/s) - ‘../data/deliveryimages.acm.org/10.1145/3200000/3191546/images/www18companion-285-fig3.jpg’ saved [40070/40070]

--2018-05-16 14:58:55--  http://deliveryimages.acm.org/10.1145/3200000/3191546/images/www18companion-285-fig4.jpg
Connecting to deliveryimages.acm.org (deliveryimages.acm.org)|104.17.80.191|:80... connected.
HTTP request sent, awaiting response... 301 Moved Permanently
Location: https://deliveryimages.acm.org/10.1145/3200000/3191546/images/www18companion-285-fig4.jpg [following]
--2018-05-16 14:58:55--  https://deliveryimages.acm.org/10.1145/3200000/3191546/images/www18companion-285-fig4.jpg
Connecting to deliveryimages.acm.org (deliveryimages.acm.org)|104.17.80.191|:443... connected.
HTTP request sent, awaiting response... 200 OK
Length: 40974 (40K) [image/jpeg]
Saving to: ‘../data/deliveryimages.acm.org/10.1145/3200000/3191546/images/www18companion-285-fig4.jpg’

     0K .......... .......... .......... ..........           100% 1.53M=0.03s

2018-05-16 14:58:56 (1.53 MB/s) - ‘../data/deliveryimages.acm.org/10.1145/3200000/3191546/images/www18companion-285-fig4.jpg’ saved [40974/40974]

--2018-05-16 14:58:56--  http://deliveryimages.acm.org/10.1145/3200000/3191546/images/www18companion-285-fig5.jpg
Connecting to deliveryimages.acm.org (deliveryimages.acm.org)|104.17.80.191|:80... connected.
HTTP request sent, awaiting response... 301 Moved Permanently
Location: https://deliveryimages.acm.org/10.1145/3200000/3191546/images/www18companion-285-fig5.jpg [following]
--2018-05-16 14:58:56--  https://deliveryimages.acm.org/10.1145/3200000/3191546/images/www18companion-285-fig5.jpg
Connecting to deliveryimages.acm.org (deliveryimages.acm.org)|104.17.80.191|:443... connected.
HTTP request sent, awaiting response... 200 OK
Length: 74782 (73K) [image/jpeg]
Saving to: ‘../data/deliveryimages.acm.org/10.1145/3200000/3191546/images/www18companion-285-fig5.jpg’

     0K .......... .......... .......... .......... .......... 68% 1.05M 0s
    50K .......... .......... ...                             100% 1.01M=0.07s

2018-05-16 14:58:56 (1.04 MB/s) - ‘../data/deliveryimages.acm.org/10.1145/3200000/3191546/images/www18companion-285-fig5.jpg’ saved [74782/74782]

--2018-05-16 14:58:56--  http://deliveryimages.acm.org/10.1145/3200000/3191546/images/www18companion-285-fig6.jpg
Connecting to deliveryimages.acm.org (deliveryimages.acm.org)|104.17.80.191|:80... connected.
HTTP request sent, awaiting response... 301 Moved Permanently
Location: https://deliveryimages.acm.org/10.1145/3200000/3191546/images/www18companion-285-fig6.jpg [following]
--2018-05-16 14:58:56--  https://deliveryimages.acm.org/10.1145/3200000/3191546/images/www18companion-285-fig6.jpg
Connecting to deliveryimages.acm.org (deliveryimages.acm.org)|104.17.80.191|:443... connected.
HTTP request sent, awaiting response... 200 OK
Length: 66657 (65K) [image/jpeg]
Saving to: ‘../data/deliveryimages.acm.org/10.1145/3200000/3191546/images/www18companion-285-fig6.jpg’

     0K .......... .......... .......... .......... .......... 76%  963K 0s
    50K .......... .....                                      100% 1.09M=0.07s

2018-05-16 14:58:56 (995 KB/s) - ‘../data/deliveryimages.acm.org/10.1145/3200000/3191546/images/www18companion-285-fig6.jpg’ saved [66657/66657]

FINISHED --2018-05-16 14:58:56--
Total wall clock time: 2.0s
Downloaded: 7 files, 467K in 0.3s (1.37 MB/s)
Converting links in ../data/delivery.acm.org/10.1145/3200000/3191546/p1131-lourentzou.html?ip=24.48.71.56&id=3191546&acc=OPENTOC&key=4D4702B0C3E38B35.4D4702B0C3E38B35.4D4702B0C3E38B35.4DD68F0663C025AA&__acm__=1526497433_ce4fa1863b50185d0c088176c46e7c95... 106-0
Converted links in 1 files in 0.003 seconds.
