--2018-05-16 15:08:20--  http://delivery.acm.org/10.1145/3200000/3191600/p1507-soderman.html?ip=24.48.71.56&id=3191600&acc=OPENTOC&key=4D4702B0C3E38B35%2E4D4702B0C3E38B35%2E4D4702B0C3E38B35%2E4DD68F0663C025AA&__acm__=1526497999_feb2c075f9bac5fad105f5d27dffecf0
Resolving delivery.acm.org (delivery.acm.org)... 24.200.120.90, 24.200.120.82
Connecting to delivery.acm.org (delivery.acm.org)|24.200.120.90|:80... connected.
HTTP request sent, awaiting response... 200 OK
Length: 73225 (72K) [text/html]
Saving to: ‘../data/delivery.acm.org/10.1145/3200000/3191600/p1507-soderman.html?ip=24.48.71.56&id=3191600&acc=OPENTOC&key=4D4702B0C3E38B35.4D4702B0C3E38B35.4D4702B0C3E38B35.4DD68F0663C025AA&__acm__=1526497999_feb2c075f9bac5fad105f5d27dffecf0’

     0K .......... .......... .......... .......... .......... 69% 1.79M 0s
    50K .......... .......... .                               100% 45.4K=0.5s

2018-05-16 15:08:21 (143 KB/s) - ‘../data/delivery.acm.org/10.1145/3200000/3191600/p1507-soderman.html?ip=24.48.71.56&id=3191600&acc=OPENTOC&key=4D4702B0C3E38B35.4D4702B0C3E38B35.4D4702B0C3E38B35.4DD68F0663C025AA&__acm__=1526497999_feb2c075f9bac5fad105f5d27dffecf0’ saved [73225/73225]

--2018-05-16 15:08:21--  http://deliveryimages.acm.org/10.1145/3200000/3191600/images/www18companion-339-fig1.jpg
Resolving deliveryimages.acm.org (deliveryimages.acm.org)... 104.17.79.191, 104.17.80.191
Connecting to deliveryimages.acm.org (deliveryimages.acm.org)|104.17.79.191|:80... connected.
HTTP request sent, awaiting response... 301 Moved Permanently
Location: https://deliveryimages.acm.org/10.1145/3200000/3191600/images/www18companion-339-fig1.jpg [following]
--2018-05-16 15:08:21--  https://deliveryimages.acm.org/10.1145/3200000/3191600/images/www18companion-339-fig1.jpg
Connecting to deliveryimages.acm.org (deliveryimages.acm.org)|104.17.79.191|:443... connected.
HTTP request sent, awaiting response... 200 OK
Length: 69143 (68K) [image/jpeg]
Saving to: ‘../data/deliveryimages.acm.org/10.1145/3200000/3191600/images/www18companion-339-fig1.jpg’

     0K .......... .......... .......... .......... .......... 74%  934K 0s
    50K .......... .......                                    100% 2.37M=0.06s

2018-05-16 15:08:21 (1.09 MB/s) - ‘../data/deliveryimages.acm.org/10.1145/3200000/3191600/images/www18companion-339-fig1.jpg’ saved [69143/69143]

--2018-05-16 15:08:21--  http://deliveryimages.acm.org/10.1145/3200000/3191600/images/www18companion-339-fig2.jpg
Connecting to deliveryimages.acm.org (deliveryimages.acm.org)|104.17.79.191|:80... connected.
HTTP request sent, awaiting response... 301 Moved Permanently
Location: https://deliveryimages.acm.org/10.1145/3200000/3191600/images/www18companion-339-fig2.jpg [following]
--2018-05-16 15:08:21--  https://deliveryimages.acm.org/10.1145/3200000/3191600/images/www18companion-339-fig2.jpg
Connecting to deliveryimages.acm.org (deliveryimages.acm.org)|104.17.79.191|:443... connected.
HTTP request sent, awaiting response... 200 OK
Length: 95919 (94K) [image/jpeg]
Saving to: ‘../data/deliveryimages.acm.org/10.1145/3200000/3191600/images/www18companion-339-fig2.jpg’

     0K .......... .......... .......... .......... .......... 53% 1.52M 0s
    50K .......... .......... .......... .......... ...       100% 4.12M=0.04s

2018-05-16 15:08:22 (2.15 MB/s) - ‘../data/deliveryimages.acm.org/10.1145/3200000/3191600/images/www18companion-339-fig2.jpg’ saved [95919/95919]

--2018-05-16 15:08:22--  http://deliveryimages.acm.org/10.1145/3200000/3191600/images/www18companion-339-fig3.jpg
Connecting to deliveryimages.acm.org (deliveryimages.acm.org)|104.17.79.191|:80... connected.
HTTP request sent, awaiting response... 301 Moved Permanently
Location: https://deliveryimages.acm.org/10.1145/3200000/3191600/images/www18companion-339-fig3.jpg [following]
--2018-05-16 15:08:22--  https://deliveryimages.acm.org/10.1145/3200000/3191600/images/www18companion-339-fig3.jpg
Connecting to deliveryimages.acm.org (deliveryimages.acm.org)|104.17.79.191|:443... connected.
HTTP request sent, awaiting response... 200 OK
Length: 184724 (180K) [image/jpeg]
Saving to: ‘../data/deliveryimages.acm.org/10.1145/3200000/3191600/images/www18companion-339-fig3.jpg’

     0K .......... .......... .......... .......... .......... 27% 1.20M 0s
    50K .......... .......... .......... .......... .......... 55% 3.35M 0s
   100K .......... .......... .......... .......... .......... 83% 4.31M 0s
   150K .......... .......... ..........                      100% 1.70M=0.08s

2018-05-16 15:08:22 (2.10 MB/s) - ‘../data/deliveryimages.acm.org/10.1145/3200000/3191600/images/www18companion-339-fig3.jpg’ saved [184724/184724]

--2018-05-16 15:08:22--  http://deliveryimages.acm.org/10.1145/3200000/3191600/images/www18companion-339-fig4.jpg
Connecting to deliveryimages.acm.org (deliveryimages.acm.org)|104.17.79.191|:80... connected.
HTTP request sent, awaiting response... 301 Moved Permanently
Location: https://deliveryimages.acm.org/10.1145/3200000/3191600/images/www18companion-339-fig4.jpg [following]
--2018-05-16 15:08:22--  https://deliveryimages.acm.org/10.1145/3200000/3191600/images/www18companion-339-fig4.jpg
Connecting to deliveryimages.acm.org (deliveryimages.acm.org)|104.17.79.191|:443... connected.
HTTP request sent, awaiting response... 200 OK
Length: 281165 (275K) [image/jpeg]
Saving to: ‘../data/deliveryimages.acm.org/10.1145/3200000/3191600/images/www18companion-339-fig4.jpg’

     0K .......... .......... .......... .......... .......... 18% 1.62M 0s
    50K .......... .......... .......... .......... .......... 36% 2.64M 0s
   100K .......... .......... .......... .......... .......... 54% 2.74M 0s
   150K .......... .......... .......... .......... .......... 72% 2.91M 0s
   200K .......... .......... .......... .......... .......... 91% 3.25M 0s
   250K .......... .......... ....                            100% 6.92M=0.1s

2018-05-16 15:08:22 (2.63 MB/s) - ‘../data/deliveryimages.acm.org/10.1145/3200000/3191600/images/www18companion-339-fig4.jpg’ saved [281165/281165]

--2018-05-16 15:08:22--  http://deliveryimages.acm.org/10.1145/3200000/3191600/images/www18companion-339-graphic5.jpg
Connecting to deliveryimages.acm.org (deliveryimages.acm.org)|104.17.79.191|:80... connected.
HTTP request sent, awaiting response... 301 Moved Permanently
Location: https://deliveryimages.acm.org/10.1145/3200000/3191600/images/www18companion-339-graphic5.jpg [following]
--2018-05-16 15:08:23--  https://deliveryimages.acm.org/10.1145/3200000/3191600/images/www18companion-339-graphic5.jpg
Connecting to deliveryimages.acm.org (deliveryimages.acm.org)|104.17.79.191|:443... connected.
HTTP request sent, awaiting response... 200 OK
Length: 128220 (125K) [image/jpeg]
Saving to: ‘../data/deliveryimages.acm.org/10.1145/3200000/3191600/images/www18companion-339-graphic5.jpg’

     0K .......... .......... .......... .......... .......... 39% 1.21M 0s
    50K .......... .......... .......... .......... .......... 79% 3.63M 0s
   100K .......... .......... .....                           100% 5.66M=0.06s

2018-05-16 15:08:23 (2.10 MB/s) - ‘../data/deliveryimages.acm.org/10.1145/3200000/3191600/images/www18companion-339-graphic5.jpg’ saved [128220/128220]

--2018-05-16 15:08:23--  http://deliveryimages.acm.org/10.1145/3200000/3191600/images/www18companion-339-fig5.jpg
Connecting to deliveryimages.acm.org (deliveryimages.acm.org)|104.17.79.191|:80... connected.
HTTP request sent, awaiting response... 301 Moved Permanently
Location: https://deliveryimages.acm.org/10.1145/3200000/3191600/images/www18companion-339-fig5.jpg [following]
--2018-05-16 15:08:23--  https://deliveryimages.acm.org/10.1145/3200000/3191600/images/www18companion-339-fig5.jpg
Connecting to deliveryimages.acm.org (deliveryimages.acm.org)|104.17.79.191|:443... connected.
HTTP request sent, awaiting response... 200 OK
Length: 54841 (54K) [image/jpeg]
Saving to: ‘../data/deliveryimages.acm.org/10.1145/3200000/3191600/images/www18companion-339-fig5.jpg’

     0K .......... .......... .......... .......... .......... 93%  774K 0s
    50K ...                                                   100%  102M=0.06s

2018-05-16 15:08:23 (829 KB/s) - ‘../data/deliveryimages.acm.org/10.1145/3200000/3191600/images/www18companion-339-fig5.jpg’ saved [54841/54841]

FINISHED --2018-05-16 15:08:23--
Total wall clock time: 2.8s
Downloaded: 7 files, 866K in 0.9s (949 KB/s)
Converting links in ../data/delivery.acm.org/10.1145/3200000/3191600/p1507-soderman.html?ip=24.48.71.56&id=3191600&acc=OPENTOC&key=4D4702B0C3E38B35.4D4702B0C3E38B35.4D4702B0C3E38B35.4DD68F0663C025AA&__acm__=1526497999_feb2c075f9bac5fad105f5d27dffecf0... 143-0
Converted links in 1 files in 0.001 seconds.
