--2018-05-16 14:23:27--  http://delivery.acm.org/10.1145/3190000/3186102/p359-gu.html?ip=24.48.71.56&id=3186102&acc=OPENTOC&key=4D4702B0C3E38B35%2E4D4702B0C3E38B35%2E4D4702B0C3E38B35%2E4DD68F0663C025AA&__acm__=1526495307_1a30044d9c4695b5c10a8d5422d1056d
Resolving delivery.acm.org (delivery.acm.org)... 24.200.120.82, 24.200.120.90
Connecting to delivery.acm.org (delivery.acm.org)|24.200.120.82|:80... connected.
HTTP request sent, awaiting response... 200 OK
Length: 105483 (103K) [text/html]
Saving to: ‘../data/delivery.acm.org/10.1145/3190000/3186102/p359-gu.html?ip=24.48.71.56&id=3186102&acc=OPENTOC&key=4D4702B0C3E38B35.4D4702B0C3E38B35.4D4702B0C3E38B35.4DD68F0663C025AA&__acm__=1526495307_1a30044d9c4695b5c10a8d5422d1056d’

     0K .......... .......... .......... .......... .......... 48% 1.97M 0s
    50K .......... .......... .......... .......... .......... 97% 2.42M 0s
   100K ...                                                   100% 5743G=0.04s

2018-05-16 14:23:27 (2.24 MB/s) - ‘../data/delivery.acm.org/10.1145/3190000/3186102/p359-gu.html?ip=24.48.71.56&id=3186102&acc=OPENTOC&key=4D4702B0C3E38B35.4D4702B0C3E38B35.4D4702B0C3E38B35.4DD68F0663C025AA&__acm__=1526495307_1a30044d9c4695b5c10a8d5422d1056d’ saved [105483/105483]

--2018-05-16 14:23:27--  http://deliveryimages.acm.org/10.1145/3190000/3186102/images/www2018-111-fig1.svg
Resolving deliveryimages.acm.org (deliveryimages.acm.org)... 104.17.79.191, 104.17.80.191
Connecting to deliveryimages.acm.org (deliveryimages.acm.org)|104.17.79.191|:80... connected.
HTTP request sent, awaiting response... 301 Moved Permanently
Location: https://deliveryimages.acm.org/10.1145/3190000/3186102/images/www2018-111-fig1.svg [following]
--2018-05-16 14:23:27--  https://deliveryimages.acm.org/10.1145/3190000/3186102/images/www2018-111-fig1.svg
Connecting to deliveryimages.acm.org (deliveryimages.acm.org)|104.17.79.191|:443... connected.
HTTP request sent, awaiting response... 200 OK
Length: 18343 (18K) [image/svg+xml]
Saving to: ‘../data/deliveryimages.acm.org/10.1145/3190000/3186102/images/www2018-111-fig1.svg’

     0K .......... .......                                    100% 1.27M=0.01s

2018-05-16 14:23:28 (1.27 MB/s) - ‘../data/deliveryimages.acm.org/10.1145/3190000/3186102/images/www2018-111-fig1.svg’ saved [18343/18343]

--2018-05-16 14:23:28--  http://deliveryimages.acm.org/10.1145/3190000/3186102/images/www2018-111-fig2.jpg
Connecting to deliveryimages.acm.org (deliveryimages.acm.org)|104.17.79.191|:80... connected.
HTTP request sent, awaiting response... 301 Moved Permanently
Location: https://deliveryimages.acm.org/10.1145/3190000/3186102/images/www2018-111-fig2.jpg [following]
--2018-05-16 14:23:28--  https://deliveryimages.acm.org/10.1145/3190000/3186102/images/www2018-111-fig2.jpg
Connecting to deliveryimages.acm.org (deliveryimages.acm.org)|104.17.79.191|:443... connected.
HTTP request sent, awaiting response... 200 OK
Length: 146108 (143K) [image/jpeg]
Saving to: ‘../data/deliveryimages.acm.org/10.1145/3190000/3186102/images/www2018-111-fig2.jpg’

     0K .......... .......... .......... .......... .......... 35% 1.11M 0s
    50K .......... .......... .......... .......... .......... 70% 1.38M 0s
   100K .......... .......... .......... .......... ..        100% 72.8M=0.08s

2018-05-16 14:23:28 (1.75 MB/s) - ‘../data/deliveryimages.acm.org/10.1145/3190000/3186102/images/www2018-111-fig2.jpg’ saved [146108/146108]

--2018-05-16 14:23:28--  http://deliveryimages.acm.org/10.1145/3190000/3186102/images/www2018-111-fig3.jpg
Connecting to deliveryimages.acm.org (deliveryimages.acm.org)|104.17.79.191|:80... connected.
HTTP request sent, awaiting response... 301 Moved Permanently
Location: https://deliveryimages.acm.org/10.1145/3190000/3186102/images/www2018-111-fig3.jpg [following]
--2018-05-16 14:23:28--  https://deliveryimages.acm.org/10.1145/3190000/3186102/images/www2018-111-fig3.jpg
Connecting to deliveryimages.acm.org (deliveryimages.acm.org)|104.17.79.191|:443... connected.
HTTP request sent, awaiting response... 200 OK
Length: 432508 (422K) [image/jpeg]
Saving to: ‘../data/deliveryimages.acm.org/10.1145/3190000/3186102/images/www2018-111-fig3.jpg’

     0K .......... .......... .......... .......... .......... 11% 1.35M 0s
    50K .......... .......... .......... .......... .......... 23% 2.61M 0s
   100K .......... .......... .......... .......... .......... 35% 2.96M 0s
   150K .......... .......... .......... .......... .......... 47% 5.48M 0s
   200K .......... .......... .......... .......... .......... 59% 5.70M 0s
   250K .......... .......... .......... .......... .......... 71% 1.14M 0s
   300K .......... .......... .......... .......... .......... 82% 96.4M 0s
   350K .......... .......... .......... .......... .......... 94% 6.69M 0s
   400K .......... .......... ..                              100%  146M=0.1s

2018-05-16 14:23:28 (2.96 MB/s) - ‘../data/deliveryimages.acm.org/10.1145/3190000/3186102/images/www2018-111-fig3.jpg’ saved [432508/432508]

--2018-05-16 14:23:28--  http://deliveryimages.acm.org/10.1145/3190000/3186102/images/www2018-111-fig4.jpg
Connecting to deliveryimages.acm.org (deliveryimages.acm.org)|104.17.79.191|:80... connected.
HTTP request sent, awaiting response... 301 Moved Permanently
Location: https://deliveryimages.acm.org/10.1145/3190000/3186102/images/www2018-111-fig4.jpg [following]
--2018-05-16 14:23:28--  https://deliveryimages.acm.org/10.1145/3190000/3186102/images/www2018-111-fig4.jpg
Connecting to deliveryimages.acm.org (deliveryimages.acm.org)|104.17.79.191|:443... connected.
HTTP request sent, awaiting response... 200 OK
Length: 305259 (298K) [image/jpeg]
Saving to: ‘../data/deliveryimages.acm.org/10.1145/3190000/3186102/images/www2018-111-fig4.jpg’

     0K .......... .......... .......... .......... .......... 16% 1.27M 0s
    50K .......... .......... .......... .......... .......... 33% 2.93M 0s
   100K .......... .......... .......... .......... .......... 50% 3.10M 0s
   150K .......... .......... .......... .......... .......... 67% 3.38M 0s
   200K .......... .......... .......... .......... .......... 83% 3.76M 0s
   250K .......... .......... .......... .......... ........  100% 2.96M=0.1s

2018-05-16 14:23:29 (2.55 MB/s) - ‘../data/deliveryimages.acm.org/10.1145/3190000/3186102/images/www2018-111-fig4.jpg’ saved [305259/305259]

--2018-05-16 14:23:29--  http://deliveryimages.acm.org/10.1145/3190000/3186102/images/www2018-111-fig5.jpg
Connecting to deliveryimages.acm.org (deliveryimages.acm.org)|104.17.79.191|:80... connected.
HTTP request sent, awaiting response... 301 Moved Permanently
Location: https://deliveryimages.acm.org/10.1145/3190000/3186102/images/www2018-111-fig5.jpg [following]
--2018-05-16 14:23:29--  https://deliveryimages.acm.org/10.1145/3190000/3186102/images/www2018-111-fig5.jpg
Connecting to deliveryimages.acm.org (deliveryimages.acm.org)|104.17.79.191|:443... connected.
HTTP request sent, awaiting response... 200 OK
Length: 109411 (107K) [image/jpeg]
Saving to: ‘../data/deliveryimages.acm.org/10.1145/3190000/3186102/images/www2018-111-fig5.jpg’

     0K .......... .......... .......... .......... .......... 46% 1.44M 0s
    50K .......... .......... .......... .......... .......... 93% 4.13M 0s
   100K ......                                                100% 7.27M=0.05s

2018-05-16 14:23:29 (2.23 MB/s) - ‘../data/deliveryimages.acm.org/10.1145/3190000/3186102/images/www2018-111-fig5.jpg’ saved [109411/109411]

--2018-05-16 14:23:29--  http://deliveryimages.acm.org/10.1145/3190000/3186102/images/www2018-111-fig6.jpg
Connecting to deliveryimages.acm.org (deliveryimages.acm.org)|104.17.79.191|:80... connected.
HTTP request sent, awaiting response... 301 Moved Permanently
Location: https://deliveryimages.acm.org/10.1145/3190000/3186102/images/www2018-111-fig6.jpg [following]
--2018-05-16 14:23:29--  https://deliveryimages.acm.org/10.1145/3190000/3186102/images/www2018-111-fig6.jpg
Connecting to deliveryimages.acm.org (deliveryimages.acm.org)|104.17.79.191|:443... connected.
HTTP request sent, awaiting response... 200 OK
Length: 97933 (96K) [image/jpeg]
Saving to: ‘../data/deliveryimages.acm.org/10.1145/3190000/3186102/images/www2018-111-fig6.jpg’

     0K .......... .......... .......... .......... .......... 52% 1.53M 0s
    50K .......... .......... .......... .......... .....     100% 3.27M=0.05s

2018-05-16 14:23:29 (2.05 MB/s) - ‘../data/deliveryimages.acm.org/10.1145/3190000/3186102/images/www2018-111-fig6.jpg’ saved [97933/97933]

--2018-05-16 14:23:29--  http://deliveryimages.acm.org/10.1145/3190000/3186102/images/www2018-111-fig7.jpg
Connecting to deliveryimages.acm.org (deliveryimages.acm.org)|104.17.79.191|:80... connected.
HTTP request sent, awaiting response... 301 Moved Permanently
Location: https://deliveryimages.acm.org/10.1145/3190000/3186102/images/www2018-111-fig7.jpg [following]
--2018-05-16 14:23:29--  https://deliveryimages.acm.org/10.1145/3190000/3186102/images/www2018-111-fig7.jpg
Connecting to deliveryimages.acm.org (deliveryimages.acm.org)|104.17.79.191|:443... connected.
HTTP request sent, awaiting response... 200 OK
Length: 736502 (719K) [image/jpeg]
Saving to: ‘../data/deliveryimages.acm.org/10.1145/3190000/3186102/images/www2018-111-fig7.jpg’

     0K .......... .......... .......... .......... ..........  6% 1.66M 0s
    50K .......... .......... .......... .......... .......... 13% 3.06M 0s
   100K .......... .......... .......... .......... .......... 20% 4.53M 0s
   150K .......... .......... .......... .......... .......... 27% 4.04M 0s
   200K .......... .......... .......... .......... .......... 34% 4.10M 0s
   250K .......... .......... .......... .......... .......... 41% 3.04M 0s
   300K .......... .......... .......... .......... .......... 48% 7.03M 0s
   350K .......... .......... .......... .......... .......... 55% 2.71M 0s
   400K .......... .......... .......... .......... .......... 62% 5.08M 0s
   450K .......... .......... .......... .......... .......... 69% 4.43M 0s
   500K .......... .......... .......... .......... .......... 76% 4.49M 0s
   550K .......... .......... .......... .......... .......... 83% 2.75M 0s
   600K .......... .......... .......... .......... .......... 90% 5.64M 0s
   650K .......... .......... .......... .......... .......... 97% 2.26M 0s
   700K .......... .........                                  100% 8.24M=0.2s

2018-05-16 14:23:30 (3.46 MB/s) - ‘../data/deliveryimages.acm.org/10.1145/3190000/3186102/images/www2018-111-fig7.jpg’ saved [736502/736502]

FINISHED --2018-05-16 14:23:30--
Total wall clock time: 2.7s
Downloaded: 8 files, 1.9M in 0.7s (2.71 MB/s)
Converting links in ../data/delivery.acm.org/10.1145/3190000/3186102/p359-gu.html?ip=24.48.71.56&id=3186102&acc=OPENTOC&key=4D4702B0C3E38B35.4D4702B0C3E38B35.4D4702B0C3E38B35.4DD68F0663C025AA&__acm__=1526495307_1a30044d9c4695b5c10a8d5422d1056d... 129-0
Converted links in 1 files in 0.005 seconds.
