--2018-05-16 14:19:15--  http://delivery.acm.org/10.1145/3190000/3186099/p329-moreno-sanchez.html?ip=24.48.71.56&id=3186099&acc=OPENTOC&key=4D4702B0C3E38B35%2E4D4702B0C3E38B35%2E4D4702B0C3E38B35%2E4DD68F0663C025AA&__acm__=1526495055_4575204d91c8692605fc6939dc08de51
Resolving delivery.acm.org (delivery.acm.org)... 24.200.120.90, 24.200.120.82
Connecting to delivery.acm.org (delivery.acm.org)|24.200.120.90|:80... connected.
HTTP request sent, awaiting response... 200 OK
Length: 91068 (89K) [text/html]
Saving to: ‘../data/delivery.acm.org/10.1145/3190000/3186099/p329-moreno-sanchez.html?ip=24.48.71.56&id=3186099&acc=OPENTOC&key=4D4702B0C3E38B35.4D4702B0C3E38B35.4D4702B0C3E38B35.4DD68F0663C025AA&__acm__=1526495055_4575204d91c8692605fc6939dc08de51’

     0K .......... .......... .......... .......... .......... 56% 2.06M 0s
    50K .......... .......... .......... ........             100% 5.58M=0.03s

2018-05-16 14:19:15 (2.85 MB/s) - ‘../data/delivery.acm.org/10.1145/3190000/3186099/p329-moreno-sanchez.html?ip=24.48.71.56&id=3186099&acc=OPENTOC&key=4D4702B0C3E38B35.4D4702B0C3E38B35.4D4702B0C3E38B35.4DD68F0663C025AA&__acm__=1526495055_4575204d91c8692605fc6939dc08de51’ saved [91068/91068]

--2018-05-16 14:19:15--  http://deliveryimages.acm.org/10.1145/3190000/3186099/images/www2018-108-fig1.jpg
Resolving deliveryimages.acm.org (deliveryimages.acm.org)... 104.17.79.191, 104.17.80.191
Connecting to deliveryimages.acm.org (deliveryimages.acm.org)|104.17.79.191|:80... connected.
HTTP request sent, awaiting response... 301 Moved Permanently
Location: https://deliveryimages.acm.org/10.1145/3190000/3186099/images/www2018-108-fig1.jpg [following]
--2018-05-16 14:19:15--  https://deliveryimages.acm.org/10.1145/3190000/3186099/images/www2018-108-fig1.jpg
Connecting to deliveryimages.acm.org (deliveryimages.acm.org)|104.17.79.191|:443... connected.
HTTP request sent, awaiting response... 200 OK
Length: 127405 (124K) [image/jpeg]
Saving to: ‘../data/deliveryimages.acm.org/10.1145/3190000/3186099/images/www2018-108-fig1.jpg’

     0K .......... .......... .......... .......... .......... 40% 1.02M 0s
    50K .......... .......... .......... .......... .......... 80% 2.45M 0s
   100K .......... .......... ....                            100% 8.72M=0.07s

2018-05-16 14:19:15 (1.72 MB/s) - ‘../data/deliveryimages.acm.org/10.1145/3190000/3186099/images/www2018-108-fig1.jpg’ saved [127405/127405]

--2018-05-16 14:19:15--  http://deliveryimages.acm.org/10.1145/3190000/3186099/images/www2018-108-fig2.svg
Connecting to deliveryimages.acm.org (deliveryimages.acm.org)|104.17.79.191|:80... connected.
HTTP request sent, awaiting response... 301 Moved Permanently
Location: https://deliveryimages.acm.org/10.1145/3190000/3186099/images/www2018-108-fig2.svg [following]
--2018-05-16 14:19:15--  https://deliveryimages.acm.org/10.1145/3190000/3186099/images/www2018-108-fig2.svg
Connecting to deliveryimages.acm.org (deliveryimages.acm.org)|104.17.79.191|:443... connected.
HTTP request sent, awaiting response... 200 OK
Length: 4842 (4.7K) [image/svg+xml]
Saving to: ‘../data/deliveryimages.acm.org/10.1145/3190000/3186099/images/www2018-108-fig2.svg’

     0K ....                                                  100%  819K=0.006s

2018-05-16 14:19:16 (819 KB/s) - ‘../data/deliveryimages.acm.org/10.1145/3190000/3186099/images/www2018-108-fig2.svg’ saved [4842/4842]

--2018-05-16 14:19:16--  http://deliveryimages.acm.org/10.1145/3190000/3186099/images/www2018-108-fig3.jpg
Connecting to deliveryimages.acm.org (deliveryimages.acm.org)|104.17.79.191|:80... connected.
HTTP request sent, awaiting response... 301 Moved Permanently
Location: https://deliveryimages.acm.org/10.1145/3190000/3186099/images/www2018-108-fig3.jpg [following]
--2018-05-16 14:19:16--  https://deliveryimages.acm.org/10.1145/3190000/3186099/images/www2018-108-fig3.jpg
Connecting to deliveryimages.acm.org (deliveryimages.acm.org)|104.17.79.191|:443... connected.
HTTP request sent, awaiting response... 200 OK
Length: 124846 (122K) [image/jpeg]
Saving to: ‘../data/deliveryimages.acm.org/10.1145/3190000/3186099/images/www2018-108-fig3.jpg’

     0K .......... .......... .......... .......... .......... 41% 1.55M 0s
    50K .......... .......... .......... .......... .......... 82% 2.99M 0s
   100K .......... .......... .                               100% 3.66M=0.05s

2018-05-16 14:19:16 (2.22 MB/s) - ‘../data/deliveryimages.acm.org/10.1145/3190000/3186099/images/www2018-108-fig3.jpg’ saved [124846/124846]

--2018-05-16 14:19:16--  http://deliveryimages.acm.org/10.1145/3190000/3186099/images/www2018-108-fig4.jpg
Connecting to deliveryimages.acm.org (deliveryimages.acm.org)|104.17.79.191|:80... connected.
HTTP request sent, awaiting response... 301 Moved Permanently
Location: https://deliveryimages.acm.org/10.1145/3190000/3186099/images/www2018-108-fig4.jpg [following]
--2018-05-16 14:19:16--  https://deliveryimages.acm.org/10.1145/3190000/3186099/images/www2018-108-fig4.jpg
Connecting to deliveryimages.acm.org (deliveryimages.acm.org)|104.17.79.191|:443... connected.
HTTP request sent, awaiting response... 200 OK
Length: 184087 (180K) [image/jpeg]
Saving to: ‘../data/deliveryimages.acm.org/10.1145/3190000/3186099/images/www2018-108-fig4.jpg’

     0K .......... .......... .......... .......... .......... 27% 1.44M 0s
    50K .......... .......... .......... .......... .......... 55% 4.92M 0s
   100K .......... .......... .......... .......... .......... 83% 3.41M 0s
   150K .......... .......... .........                       100% 7.92M=0.06s

2018-05-16 14:19:16 (2.84 MB/s) - ‘../data/deliveryimages.acm.org/10.1145/3190000/3186099/images/www2018-108-fig4.jpg’ saved [184087/184087]

--2018-05-16 14:19:16--  http://deliveryimages.acm.org/10.1145/3190000/3186099/images/www2018-108-fig5.jpg
Connecting to deliveryimages.acm.org (deliveryimages.acm.org)|104.17.79.191|:80... connected.
HTTP request sent, awaiting response... 301 Moved Permanently
Location: https://deliveryimages.acm.org/10.1145/3190000/3186099/images/www2018-108-fig5.jpg [following]
--2018-05-16 14:19:16--  https://deliveryimages.acm.org/10.1145/3190000/3186099/images/www2018-108-fig5.jpg
Connecting to deliveryimages.acm.org (deliveryimages.acm.org)|104.17.79.191|:443... connected.
HTTP request sent, awaiting response... 200 OK
Length: 149008 (146K) [image/jpeg]
Saving to: ‘../data/deliveryimages.acm.org/10.1145/3190000/3186099/images/www2018-108-fig5.jpg’

     0K .......... .......... .......... .......... .......... 34% 1.09M 0s
    50K .......... .......... .......... .......... .......... 68% 2.44M 0s
   100K .......... .......... .......... .......... .....     100% 2.00M=0.09s

2018-05-16 14:19:17 (1.63 MB/s) - ‘../data/deliveryimages.acm.org/10.1145/3190000/3186099/images/www2018-108-fig5.jpg’ saved [149008/149008]

--2018-05-16 14:19:17--  http://deliveryimages.acm.org/10.1145/3190000/3186099/images/www2018-108-fig6.jpg
Connecting to deliveryimages.acm.org (deliveryimages.acm.org)|104.17.79.191|:80... connected.
HTTP request sent, awaiting response... 301 Moved Permanently
Location: https://deliveryimages.acm.org/10.1145/3190000/3186099/images/www2018-108-fig6.jpg [following]
--2018-05-16 14:19:17--  https://deliveryimages.acm.org/10.1145/3190000/3186099/images/www2018-108-fig6.jpg
Connecting to deliveryimages.acm.org (deliveryimages.acm.org)|104.17.79.191|:443... connected.
HTTP request sent, awaiting response... 200 OK
Length: 125665 (123K) [image/jpeg]
Saving to: ‘../data/deliveryimages.acm.org/10.1145/3190000/3186099/images/www2018-108-fig6.jpg’

     0K .......... .......... .......... .......... .......... 40% 1.21M 0s
    50K .......... .......... .......... .......... .......... 81% 2.10M 0s
   100K .......... .......... ..                              100% 6.32M=0.07s

2018-05-16 14:19:17 (1.79 MB/s) - ‘../data/deliveryimages.acm.org/10.1145/3190000/3186099/images/www2018-108-fig6.jpg’ saved [125665/125665]

--2018-05-16 14:19:17--  http://deliveryimages.acm.org/10.1145/3190000/3186099/images/www2018-108-fig7.jpg
Connecting to deliveryimages.acm.org (deliveryimages.acm.org)|104.17.79.191|:80... connected.
HTTP request sent, awaiting response... 301 Moved Permanently
Location: https://deliveryimages.acm.org/10.1145/3190000/3186099/images/www2018-108-fig7.jpg [following]
--2018-05-16 14:19:17--  https://deliveryimages.acm.org/10.1145/3190000/3186099/images/www2018-108-fig7.jpg
Connecting to deliveryimages.acm.org (deliveryimages.acm.org)|104.17.79.191|:443... connected.
HTTP request sent, awaiting response... 200 OK
Length: 256967 (251K) [image/jpeg]
Saving to: ‘../data/deliveryimages.acm.org/10.1145/3190000/3186099/images/www2018-108-fig7.jpg’

     0K .......... .......... .......... .......... .......... 19% 1.07M 0s
    50K .......... .......... .......... .......... .......... 39% 3.21M 0s
   100K .......... .......... .......... .......... .......... 59% 2.89M 0s
   150K .......... .......... .......... .......... .......... 79% 2.95M 0s
   200K .......... .......... .......... .......... .......... 99% 2.51M 0s
   250K                                                       100% 1801G=0.1s

2018-05-16 14:19:17 (2.15 MB/s) - ‘../data/deliveryimages.acm.org/10.1145/3190000/3186099/images/www2018-108-fig7.jpg’ saved [256967/256967]

FINISHED --2018-05-16 14:19:17--
Total wall clock time: 2.6s
Downloaded: 8 files, 1.0M in 0.5s (2.07 MB/s)
Converting links in ../data/delivery.acm.org/10.1145/3190000/3186099/p329-moreno-sanchez.html?ip=24.48.71.56&id=3186099&acc=OPENTOC&key=4D4702B0C3E38B35.4D4702B0C3E38B35.4D4702B0C3E38B35.4DD68F0663C025AA&__acm__=1526495055_4575204d91c8692605fc6939dc08de51... 105-0
Converted links in 1 files in 0.003 seconds.
