--2018-05-16 14:23:20--  http://delivery.acm.org/10.1145/3190000/3186111/p449-eden.html?ip=24.48.71.56&id=3186111&acc=OPENTOC&key=4D4702B0C3E38B35%2E4D4702B0C3E38B35%2E4D4702B0C3E38B35%2E4DD68F0663C025AA&__acm__=1526495299_5bcfa012f3c388c3c1b3960e55b5a880
Resolving delivery.acm.org (delivery.acm.org)... 24.200.120.82, 24.200.120.90
Connecting to delivery.acm.org (delivery.acm.org)|24.200.120.82|:80... connected.
HTTP request sent, awaiting response... 200 OK
Length: 114987 (112K) [text/html]
Saving to: ‘../data/delivery.acm.org/10.1145/3190000/3186111/p449-eden.html?ip=24.48.71.56&id=3186111&acc=OPENTOC&key=4D4702B0C3E38B35.4D4702B0C3E38B35.4D4702B0C3E38B35.4DD68F0663C025AA&__acm__=1526495299_5bcfa012f3c388c3c1b3960e55b5a880’

     0K .......... .......... .......... .......... .......... 44% 1.80M 0s
    50K .......... .......... .......... .......... .......... 89% 5.18M 0s
   100K .......... ..                                         100% 4.51M=0.04s

2018-05-16 14:23:20 (2.79 MB/s) - ‘../data/delivery.acm.org/10.1145/3190000/3186111/p449-eden.html?ip=24.48.71.56&id=3186111&acc=OPENTOC&key=4D4702B0C3E38B35.4D4702B0C3E38B35.4D4702B0C3E38B35.4DD68F0663C025AA&__acm__=1526495299_5bcfa012f3c388c3c1b3960e55b5a880’ saved [114987/114987]

--2018-05-16 14:23:20--  http://deliveryimages.acm.org/10.1145/3190000/3186111/images/www2018-120-fig1.jpg
Resolving deliveryimages.acm.org (deliveryimages.acm.org)... 104.17.79.191, 104.17.80.191
Connecting to deliveryimages.acm.org (deliveryimages.acm.org)|104.17.79.191|:80... connected.
HTTP request sent, awaiting response... 301 Moved Permanently
Location: https://deliveryimages.acm.org/10.1145/3190000/3186111/images/www2018-120-fig1.jpg [following]
--2018-05-16 14:23:20--  https://deliveryimages.acm.org/10.1145/3190000/3186111/images/www2018-120-fig1.jpg
Connecting to deliveryimages.acm.org (deliveryimages.acm.org)|104.17.79.191|:443... connected.
HTTP request sent, awaiting response... 200 OK
Length: 323087 (316K) [image/jpeg]
Saving to: ‘../data/deliveryimages.acm.org/10.1145/3190000/3186111/images/www2018-120-fig1.jpg’

     0K .......... .......... .......... .......... .......... 15% 1.10M 0s
    50K .......... .......... .......... .......... .......... 31% 3.33M 0s
   100K .......... .......... .......... .......... .......... 47% 3.78M 0s
   150K .......... .......... .......... .......... .......... 63% 4.56M 0s
   200K .......... .......... .......... .......... .......... 79% 1.23M 0s
   250K .......... .......... .......... .......... .......... 95% 5.00M 0s
   300K .......... .....                                      100% 12.6M=0.1s

2018-05-16 14:23:20 (2.31 MB/s) - ‘../data/deliveryimages.acm.org/10.1145/3190000/3186111/images/www2018-120-fig1.jpg’ saved [323087/323087]

--2018-05-16 14:23:20--  http://deliveryimages.acm.org/10.1145/3190000/3186111/images/www2018-120-img1.jpg
Connecting to deliveryimages.acm.org (deliveryimages.acm.org)|104.17.79.191|:80... connected.
HTTP request sent, awaiting response... 301 Moved Permanently
Location: https://deliveryimages.acm.org/10.1145/3190000/3186111/images/www2018-120-img1.jpg [following]
--2018-05-16 14:23:20--  https://deliveryimages.acm.org/10.1145/3190000/3186111/images/www2018-120-img1.jpg
Connecting to deliveryimages.acm.org (deliveryimages.acm.org)|104.17.79.191|:443... connected.
HTTP request sent, awaiting response... 200 OK
Length: 329962 (322K) [image/jpeg]
Saving to: ‘../data/deliveryimages.acm.org/10.1145/3190000/3186111/images/www2018-120-img1.jpg’

     0K .......... .......... .......... .......... .......... 15% 1.25M 0s
    50K .......... .......... .......... .......... .......... 31% 4.10M 0s
   100K .......... .......... .......... .......... .......... 46% 3.31M 0s
   150K .......... .......... .......... .......... .......... 62% 4.27M 0s
   200K .......... .......... .......... .......... .......... 77% 4.30M 0s
   250K .......... .......... .......... .......... .......... 93% 4.11M 0s
   300K .......... .......... ..                              100% 7.34M=0.1s

2018-05-16 14:23:21 (3.05 MB/s) - ‘../data/deliveryimages.acm.org/10.1145/3190000/3186111/images/www2018-120-img1.jpg’ saved [329962/329962]

--2018-05-16 14:23:21--  http://deliveryimages.acm.org/10.1145/3190000/3186111/images/www2018-120-img2.jpg
Connecting to deliveryimages.acm.org (deliveryimages.acm.org)|104.17.79.191|:80... connected.
HTTP request sent, awaiting response... 301 Moved Permanently
Location: https://deliveryimages.acm.org/10.1145/3190000/3186111/images/www2018-120-img2.jpg [following]
--2018-05-16 14:23:21--  https://deliveryimages.acm.org/10.1145/3190000/3186111/images/www2018-120-img2.jpg
Connecting to deliveryimages.acm.org (deliveryimages.acm.org)|104.17.79.191|:443... connected.
HTTP request sent, awaiting response... 200 OK
Length: 93541 (91K) [image/jpeg]
Saving to: ‘../data/deliveryimages.acm.org/10.1145/3190000/3186111/images/www2018-120-img2.jpg’

     0K .......... .......... .......... .......... .......... 54% 1.16M 0s
    50K .......... .......... .......... .......... .         100% 3.85M=0.05s

2018-05-16 14:23:21 (1.70 MB/s) - ‘../data/deliveryimages.acm.org/10.1145/3190000/3186111/images/www2018-120-img2.jpg’ saved [93541/93541]

--2018-05-16 14:23:21--  http://deliveryimages.acm.org/10.1145/3190000/3186111/images/www2018-120-fig2.jpg
Connecting to deliveryimages.acm.org (deliveryimages.acm.org)|104.17.79.191|:80... connected.
HTTP request sent, awaiting response... 301 Moved Permanently
Location: https://deliveryimages.acm.org/10.1145/3190000/3186111/images/www2018-120-fig2.jpg [following]
--2018-05-16 14:23:21--  https://deliveryimages.acm.org/10.1145/3190000/3186111/images/www2018-120-fig2.jpg
Connecting to deliveryimages.acm.org (deliveryimages.acm.org)|104.17.79.191|:443... connected.
HTTP request sent, awaiting response... 200 OK
Length: 181461 (177K) [image/jpeg]
Saving to: ‘../data/deliveryimages.acm.org/10.1145/3190000/3186111/images/www2018-120-fig2.jpg’

     0K .......... .......... .......... .......... .......... 28% 1.57M 0s
    50K .......... .......... .......... .......... .......... 56% 2.53M 0s
   100K .......... .......... .......... .......... .......... 84% 6.68M 0s
   150K .......... .......... .......                         100% 2.49M=0.07s

2018-05-16 14:23:21 (2.53 MB/s) - ‘../data/deliveryimages.acm.org/10.1145/3190000/3186111/images/www2018-120-fig2.jpg’ saved [181461/181461]

--2018-05-16 14:23:21--  http://deliveryimages.acm.org/10.1145/3190000/3186111/images/www2018-120-fig3.jpg
Connecting to deliveryimages.acm.org (deliveryimages.acm.org)|104.17.79.191|:80... connected.
HTTP request sent, awaiting response... 301 Moved Permanently
Location: https://deliveryimages.acm.org/10.1145/3190000/3186111/images/www2018-120-fig3.jpg [following]
--2018-05-16 14:23:21--  https://deliveryimages.acm.org/10.1145/3190000/3186111/images/www2018-120-fig3.jpg
Connecting to deliveryimages.acm.org (deliveryimages.acm.org)|104.17.79.191|:443... connected.
HTTP request sent, awaiting response... 200 OK
Length: 109103 (107K) [image/jpeg]
Saving to: ‘../data/deliveryimages.acm.org/10.1145/3190000/3186111/images/www2018-120-fig3.jpg’

     0K .......... .......... .......... .......... .......... 46% 1.19M 0s
    50K .......... .......... .......... .......... .......... 93% 2.18M 0s
   100K ......                                                100% 54.5M=0.06s

2018-05-16 14:23:22 (1.63 MB/s) - ‘../data/deliveryimages.acm.org/10.1145/3190000/3186111/images/www2018-120-fig3.jpg’ saved [109103/109103]

FINISHED --2018-05-16 14:23:22--
Total wall clock time: 1.9s
Downloaded: 6 files, 1.1M in 0.5s (2.39 MB/s)
Converting links in ../data/delivery.acm.org/10.1145/3190000/3186111/p449-eden.html?ip=24.48.71.56&id=3186111&acc=OPENTOC&key=4D4702B0C3E38B35.4D4702B0C3E38B35.4D4702B0C3E38B35.4DD68F0663C025AA&__acm__=1526495299_5bcfa012f3c388c3c1b3960e55b5a880... 171-12
Converted links in 1 files in 0.004 seconds.
