--2018-05-16 14:26:03--  http://delivery.acm.org/10.1145/3190000/3186153/p719-lichman.html?ip=24.48.71.56&id=3186153&acc=OPENTOC&key=4D4702B0C3E38B35%2E4D4702B0C3E38B35%2E4D4702B0C3E38B35%2E4DD68F0663C025AA&__acm__=1526495462_ef31bc06f4e2b2f7550c42f1246f48a5
Resolving delivery.acm.org (delivery.acm.org)... 24.200.120.90, 24.200.120.82
Connecting to delivery.acm.org (delivery.acm.org)|24.200.120.90|:80... connected.
HTTP request sent, awaiting response... 200 OK
Length: 97893 (96K) [text/html]
Saving to: ‘../data/delivery.acm.org/10.1145/3190000/3186153/p719-lichman.html?ip=24.48.71.56&id=3186153&acc=OPENTOC&key=4D4702B0C3E38B35.4D4702B0C3E38B35.4D4702B0C3E38B35.4DD68F0663C025AA&__acm__=1526495462_ef31bc06f4e2b2f7550c42f1246f48a5’

     0K .......... .......... .......... .......... .......... 52% 1.19M 0s
    50K .......... .......... .......... .......... .....     100% 3.14M=0.06s

2018-05-16 14:26:03 (1.69 MB/s) - ‘../data/delivery.acm.org/10.1145/3190000/3186153/p719-lichman.html?ip=24.48.71.56&id=3186153&acc=OPENTOC&key=4D4702B0C3E38B35.4D4702B0C3E38B35.4D4702B0C3E38B35.4DD68F0663C025AA&__acm__=1526495462_ef31bc06f4e2b2f7550c42f1246f48a5’ saved [97893/97893]

--2018-05-16 14:26:03--  http://deliveryimages.acm.org/10.1145/3190000/3186153/images/www2018-162-fig1.jpg
Resolving deliveryimages.acm.org (deliveryimages.acm.org)... 104.17.80.191, 104.17.79.191
Connecting to deliveryimages.acm.org (deliveryimages.acm.org)|104.17.80.191|:80... connected.
HTTP request sent, awaiting response... 301 Moved Permanently
Location: https://deliveryimages.acm.org/10.1145/3190000/3186153/images/www2018-162-fig1.jpg [following]
--2018-05-16 14:26:04--  https://deliveryimages.acm.org/10.1145/3190000/3186153/images/www2018-162-fig1.jpg
Connecting to deliveryimages.acm.org (deliveryimages.acm.org)|104.17.80.191|:443... connected.
HTTP request sent, awaiting response... 200 OK
Length: 66736 (65K) [image/jpeg]
Saving to: ‘../data/deliveryimages.acm.org/10.1145/3190000/3186153/images/www2018-162-fig1.jpg’

     0K .......... .......... .......... .......... .......... 76% 1.61M 0s
    50K .......... .....                                      100% 4.17M=0.03s

2018-05-16 14:26:04 (1.87 MB/s) - ‘../data/deliveryimages.acm.org/10.1145/3190000/3186153/images/www2018-162-fig1.jpg’ saved [66736/66736]

--2018-05-16 14:26:04--  http://deliveryimages.acm.org/10.1145/3190000/3186153/images/www2018-162-fig2.jpg
Connecting to deliveryimages.acm.org (deliveryimages.acm.org)|104.17.80.191|:80... connected.
HTTP request sent, awaiting response... 301 Moved Permanently
Location: https://deliveryimages.acm.org/10.1145/3190000/3186153/images/www2018-162-fig2.jpg [following]
--2018-05-16 14:26:04--  https://deliveryimages.acm.org/10.1145/3190000/3186153/images/www2018-162-fig2.jpg
Connecting to deliveryimages.acm.org (deliveryimages.acm.org)|104.17.80.191|:443... connected.
HTTP request sent, awaiting response... 200 OK
Length: 180066 (176K) [image/jpeg]
Saving to: ‘../data/deliveryimages.acm.org/10.1145/3190000/3186153/images/www2018-162-fig2.jpg’

     0K .......... .......... .......... .......... .......... 28% 1.24M 0s
    50K .......... .......... .......... .......... .......... 56% 2.93M 0s
   100K .......... .......... .......... .......... .......... 85% 3.86M 0s
   150K .......... .......... .....                           100% 15.3M=0.07s

2018-05-16 14:26:04 (2.44 MB/s) - ‘../data/deliveryimages.acm.org/10.1145/3190000/3186153/images/www2018-162-fig2.jpg’ saved [180066/180066]

--2018-05-16 14:26:04--  http://deliveryimages.acm.org/10.1145/3190000/3186153/images/www2018-162-fig3.jpg
Connecting to deliveryimages.acm.org (deliveryimages.acm.org)|104.17.80.191|:80... connected.
HTTP request sent, awaiting response... 301 Moved Permanently
Location: https://deliveryimages.acm.org/10.1145/3190000/3186153/images/www2018-162-fig3.jpg [following]
--2018-05-16 14:26:04--  https://deliveryimages.acm.org/10.1145/3190000/3186153/images/www2018-162-fig3.jpg
Connecting to deliveryimages.acm.org (deliveryimages.acm.org)|104.17.80.191|:443... connected.
HTTP request sent, awaiting response... 200 OK
Length: 189259 (185K) [image/jpeg]
Saving to: ‘../data/deliveryimages.acm.org/10.1145/3190000/3186153/images/www2018-162-fig3.jpg’

     0K .......... .......... .......... .......... .......... 27% 1.65M 0s
    50K .......... .......... .......... .......... .......... 54% 2.64M 0s
   100K .......... .......... .......... .......... .......... 81% 2.04M 0s
   150K .......... .......... .......... ....                 100% 84.2M=0.07s

2018-05-16 14:26:04 (2.49 MB/s) - ‘../data/deliveryimages.acm.org/10.1145/3190000/3186153/images/www2018-162-fig3.jpg’ saved [189259/189259]

--2018-05-16 14:26:04--  http://deliveryimages.acm.org/10.1145/3190000/3186153/images/www2018-162-fig4.jpg
Connecting to deliveryimages.acm.org (deliveryimages.acm.org)|104.17.80.191|:80... connected.
HTTP request sent, awaiting response... 301 Moved Permanently
Location: https://deliveryimages.acm.org/10.1145/3190000/3186153/images/www2018-162-fig4.jpg [following]
--2018-05-16 14:26:05--  https://deliveryimages.acm.org/10.1145/3190000/3186153/images/www2018-162-fig4.jpg
Connecting to deliveryimages.acm.org (deliveryimages.acm.org)|104.17.80.191|:443... connected.
HTTP request sent, awaiting response... 200 OK
Length: 577557 (564K) [image/jpeg]
Saving to: ‘../data/deliveryimages.acm.org/10.1145/3190000/3186153/images/www2018-162-fig4.jpg’

     0K .......... .......... .......... .......... ..........  8% 1.22M 0s
    50K .......... .......... .......... .......... .......... 17% 2.84M 0s
   100K .......... .......... .......... .......... .......... 26% 4.32M 0s
   150K .......... .......... .......... .......... .......... 35% 2.44M 0s
   200K .......... .......... .......... .......... .......... 44% 6.83M 0s
   250K .......... .......... .......... .......... .......... 53% 6.79M 0s
   300K .......... .......... .......... .......... .......... 62% 3.88M 0s
   350K .......... .......... .......... .......... .......... 70% 2.03M 0s
   400K .......... .......... .......... .......... .......... 79% 13.4M 0s
   450K .......... .......... .......... .......... .......... 88% 2.44M 0s
   500K .......... .......... .......... .......... .......... 97% 12.5M 0s
   550K .......... ....                                       100% 87.6M=0.2s

2018-05-16 14:26:05 (3.30 MB/s) - ‘../data/deliveryimages.acm.org/10.1145/3190000/3186153/images/www2018-162-fig4.jpg’ saved [577557/577557]

--2018-05-16 14:26:05--  http://deliveryimages.acm.org/10.1145/3190000/3186153/images/www2018-162-fig5.jpg
Connecting to deliveryimages.acm.org (deliveryimages.acm.org)|104.17.80.191|:80... connected.
HTTP request sent, awaiting response... 301 Moved Permanently
Location: https://deliveryimages.acm.org/10.1145/3190000/3186153/images/www2018-162-fig5.jpg [following]
--2018-05-16 14:26:05--  https://deliveryimages.acm.org/10.1145/3190000/3186153/images/www2018-162-fig5.jpg
Connecting to deliveryimages.acm.org (deliveryimages.acm.org)|104.17.80.191|:443... connected.
HTTP request sent, awaiting response... 200 OK
Length: 74349 (73K) [image/jpeg]
Saving to: ‘../data/deliveryimages.acm.org/10.1145/3190000/3186153/images/www2018-162-fig5.jpg’

     0K .......... .......... .......... .......... .......... 68%  785K 0s
    50K .......... .......... ..                              100%  815K=0.09s

2018-05-16 14:26:05 (794 KB/s) - ‘../data/deliveryimages.acm.org/10.1145/3190000/3186153/images/www2018-162-fig5.jpg’ saved [74349/74349]

FINISHED --2018-05-16 14:26:05--
Total wall clock time: 2.1s
Downloaded: 6 files, 1.1M in 0.5s (2.31 MB/s)
Converting links in ../data/delivery.acm.org/10.1145/3190000/3186153/p719-lichman.html?ip=24.48.71.56&id=3186153&acc=OPENTOC&key=4D4702B0C3E38B35.4D4702B0C3E38B35.4D4702B0C3E38B35.4DD68F0663C025AA&__acm__=1526495462_ef31bc06f4e2b2f7550c42f1246f48a5... 84-0
Converted links in 1 files in 0.003 seconds.
