--2018-05-16 15:13:21--  http://delivery.acm.org/10.1145/3200000/3191624/p1653-chen.html?ip=24.48.71.56&id=3191624&acc=OPENTOC&key=4D4702B0C3E38B35%2E4D4702B0C3E38B35%2E4D4702B0C3E38B35%2E4DD68F0663C025AA&__acm__=1526498300_975c28627c293ec3032d7afc7f9d05d9
Resolving delivery.acm.org (delivery.acm.org)... 24.200.120.90, 24.200.120.82
Connecting to delivery.acm.org (delivery.acm.org)|24.200.120.90|:80... connected.
HTTP request sent, awaiting response... 200 OK
Length: 71289 (70K) [text/html]
Saving to: ‘../data/delivery.acm.org/10.1145/3200000/3191624/p1653-chen.html?ip=24.48.71.56&id=3191624&acc=OPENTOC&key=4D4702B0C3E38B35.4D4702B0C3E38B35.4D4702B0C3E38B35.4DD68F0663C025AA&__acm__=1526498300_975c28627c293ec3032d7afc7f9d05d9’

     0K .......... .......... .......... .......... .......... 71% 76.0K 0s
    50K .......... .........                                  100%  156K=0.8s

2018-05-16 15:13:22 (88.8 KB/s) - ‘../data/delivery.acm.org/10.1145/3200000/3191624/p1653-chen.html?ip=24.48.71.56&id=3191624&acc=OPENTOC&key=4D4702B0C3E38B35.4D4702B0C3E38B35.4D4702B0C3E38B35.4DD68F0663C025AA&__acm__=1526498300_975c28627c293ec3032d7afc7f9d05d9’ saved [71289/71289]

--2018-05-16 15:13:22--  http://deliveryimages.acm.org/10.1145/3200000/3191624/images/www18companion-363-fig1.jpg
Resolving deliveryimages.acm.org (deliveryimages.acm.org)... 104.17.79.191, 104.17.80.191
Connecting to deliveryimages.acm.org (deliveryimages.acm.org)|104.17.79.191|:80... connected.
HTTP request sent, awaiting response... 301 Moved Permanently
Location: https://deliveryimages.acm.org/10.1145/3200000/3191624/images/www18companion-363-fig1.jpg [following]
--2018-05-16 15:13:22--  https://deliveryimages.acm.org/10.1145/3200000/3191624/images/www18companion-363-fig1.jpg
Connecting to deliveryimages.acm.org (deliveryimages.acm.org)|104.17.79.191|:443... connected.
HTTP request sent, awaiting response... 200 OK
Length: 40131 (39K) [image/jpeg]
Saving to: ‘../data/deliveryimages.acm.org/10.1145/3200000/3191624/images/www18companion-363-fig1.jpg’

     0K .......... .......... .......... .........            100% 1.08M=0.04s

2018-05-16 15:13:23 (1.08 MB/s) - ‘../data/deliveryimages.acm.org/10.1145/3200000/3191624/images/www18companion-363-fig1.jpg’ saved [40131/40131]

--2018-05-16 15:13:23--  http://deliveryimages.acm.org/10.1145/3200000/3191624/images/www18companion-363-fig2.jpg
Connecting to deliveryimages.acm.org (deliveryimages.acm.org)|104.17.79.191|:80... connected.
HTTP request sent, awaiting response... 301 Moved Permanently
Location: https://deliveryimages.acm.org/10.1145/3200000/3191624/images/www18companion-363-fig2.jpg [following]
--2018-05-16 15:13:23--  https://deliveryimages.acm.org/10.1145/3200000/3191624/images/www18companion-363-fig2.jpg
Connecting to deliveryimages.acm.org (deliveryimages.acm.org)|104.17.79.191|:443... connected.
HTTP request sent, awaiting response... 200 OK
Length: 236043 (231K) [image/jpeg]
Saving to: ‘../data/deliveryimages.acm.org/10.1145/3200000/3191624/images/www18companion-363-fig2.jpg’

     0K .......... .......... .......... .......... .......... 21% 1.59M 0s
    50K .......... .......... .......... .......... .......... 43% 4.06M 0s
   100K .......... .......... .......... .......... .......... 65% 4.00M 0s
   150K .......... .......... .......... .......... .......... 86% 3.51M 0s
   200K .......... .......... ..........                      100% 6.13M=0.07s

2018-05-16 15:13:23 (3.05 MB/s) - ‘../data/deliveryimages.acm.org/10.1145/3200000/3191624/images/www18companion-363-fig2.jpg’ saved [236043/236043]

--2018-05-16 15:13:23--  http://deliveryimages.acm.org/10.1145/3200000/3191624/images/www18companion-363-fig3.jpg
Connecting to deliveryimages.acm.org (deliveryimages.acm.org)|104.17.79.191|:80... connected.
HTTP request sent, awaiting response... 301 Moved Permanently
Location: https://deliveryimages.acm.org/10.1145/3200000/3191624/images/www18companion-363-fig3.jpg [following]
--2018-05-16 15:13:23--  https://deliveryimages.acm.org/10.1145/3200000/3191624/images/www18companion-363-fig3.jpg
Connecting to deliveryimages.acm.org (deliveryimages.acm.org)|104.17.79.191|:443... connected.
HTTP request sent, awaiting response... 200 OK
Length: 48007 (47K) [image/jpeg]
Saving to: ‘../data/deliveryimages.acm.org/10.1145/3200000/3191624/images/www18companion-363-fig3.jpg’

     0K .......... .......... .......... .......... ......    100% 1.48M=0.03s

2018-05-16 15:13:23 (1.48 MB/s) - ‘../data/deliveryimages.acm.org/10.1145/3200000/3191624/images/www18companion-363-fig3.jpg’ saved [48007/48007]

--2018-05-16 15:13:23--  http://deliveryimages.acm.org/10.1145/3200000/3191624/images/www18companion-363-fig4.jpg
Connecting to deliveryimages.acm.org (deliveryimages.acm.org)|104.17.79.191|:80... connected.
HTTP request sent, awaiting response... 301 Moved Permanently
Location: https://deliveryimages.acm.org/10.1145/3200000/3191624/images/www18companion-363-fig4.jpg [following]
--2018-05-16 15:13:23--  https://deliveryimages.acm.org/10.1145/3200000/3191624/images/www18companion-363-fig4.jpg
Connecting to deliveryimages.acm.org (deliveryimages.acm.org)|104.17.79.191|:443... connected.
HTTP request sent, awaiting response... 200 OK
Length: 507430 (496K) [image/jpeg]
Saving to: ‘../data/deliveryimages.acm.org/10.1145/3200000/3191624/images/www18companion-363-fig4.jpg’

     0K .......... .......... .......... .......... .......... 10% 1.89M 0s
    50K .......... .......... .......... .......... .......... 20% 4.15M 0s
   100K .......... .......... .......... .......... .......... 30% 4.58M 0s
   150K .......... .......... .......... .......... .......... 40% 2.56M 0s
   200K .......... .......... .......... .......... .......... 50% 8.04M 0s
   250K .......... .......... .......... .......... .......... 60% 3.58M 0s
   300K .......... .......... .......... .......... .......... 70% 2.27M 0s
   350K .......... .......... .......... .......... .......... 80% 6.68M 0s
   400K .......... .......... .......... .......... .......... 90% 4.49M 0s
   450K .......... .......... .......... .......... .....     100% 8.50M=0.1s

2018-05-16 15:13:24 (3.66 MB/s) - ‘../data/deliveryimages.acm.org/10.1145/3200000/3191624/images/www18companion-363-fig4.jpg’ saved [507430/507430]

FINISHED --2018-05-16 15:13:24--
Total wall clock time: 2.3s
Downloaded: 5 files, 882K in 1.1s (835 KB/s)
Converting links in ../data/delivery.acm.org/10.1145/3200000/3191624/p1653-chen.html?ip=24.48.71.56&id=3191624&acc=OPENTOC&key=4D4702B0C3E38B35.4D4702B0C3E38B35.4D4702B0C3E38B35.4DD68F0663C025AA&__acm__=1526498300_975c28627c293ec3032d7afc7f9d05d9... 83-0
Converted links in 1 files in 0.003 seconds.
