--2018-05-16 14:36:32--  http://delivery.acm.org/10.1145/3190000/3186073/p1613-liu.html?ip=24.48.71.56&id=3186073&acc=OPENTOC&key=4D4702B0C3E38B35%2E4D4702B0C3E38B35%2E4D4702B0C3E38B35%2E4DD68F0663C025AA&__acm__=1526496092_b06f196c793aaeb667fc489b3b247fad
Resolving delivery.acm.org (delivery.acm.org)... 24.200.120.90, 24.200.120.82
Connecting to delivery.acm.org (delivery.acm.org)|24.200.120.90|:80... connected.
HTTP request sent, awaiting response... 200 OK
Length: 121915 (119K) [text/html]
Saving to: ‘../data/delivery.acm.org/10.1145/3190000/3186073/p1613-liu.html?ip=24.48.71.56&id=3186073&acc=OPENTOC&key=4D4702B0C3E38B35.4D4702B0C3E38B35.4D4702B0C3E38B35.4DD68F0663C025AA&__acm__=1526496092_b06f196c793aaeb667fc489b3b247fad’

     0K .......... .......... .......... .......... .......... 41% 2.14M 0s
    50K .......... .......... .......... .......... .......... 83% 4.55M 0s
   100K .......... .........                                  100% 3.55M=0.04s

2018-05-16 14:36:32 (3.00 MB/s) - ‘../data/delivery.acm.org/10.1145/3190000/3186073/p1613-liu.html?ip=24.48.71.56&id=3186073&acc=OPENTOC&key=4D4702B0C3E38B35.4D4702B0C3E38B35.4D4702B0C3E38B35.4DD68F0663C025AA&__acm__=1526496092_b06f196c793aaeb667fc489b3b247fad’ saved [121915/121915]

--2018-05-16 14:36:32--  http://deliveryimages.acm.org/10.1145/3190000/3186073/images/www2018-82-fig1.jpg
Resolving deliveryimages.acm.org (deliveryimages.acm.org)... 104.17.80.191, 104.17.79.191
Connecting to deliveryimages.acm.org (deliveryimages.acm.org)|104.17.80.191|:80... connected.
HTTP request sent, awaiting response... 301 Moved Permanently
Location: https://deliveryimages.acm.org/10.1145/3190000/3186073/images/www2018-82-fig1.jpg [following]
--2018-05-16 14:36:32--  https://deliveryimages.acm.org/10.1145/3190000/3186073/images/www2018-82-fig1.jpg
Connecting to deliveryimages.acm.org (deliveryimages.acm.org)|104.17.80.191|:443... connected.
HTTP request sent, awaiting response... 200 OK
Length: 331428 (324K) [image/jpeg]
Saving to: ‘../data/deliveryimages.acm.org/10.1145/3190000/3186073/images/www2018-82-fig1.jpg’

     0K .......... .......... .......... .......... .......... 15%  758K 0s
    50K .......... .......... .......... .......... .......... 30%  833K 0s
   100K .......... .......... .......... .......... .......... 46% 1.10M 0s
   150K .......... .......... .......... .......... .......... 61% 1.20M 0s
   200K .......... .......... .......... .......... .......... 77% 1.38M 0s
   250K .......... .......... .......... .......... .......... 92% 1.25M 0s
   300K .......... .......... ...                             100% 1.72M=0.3s

2018-05-16 14:36:33 (1.06 MB/s) - ‘../data/deliveryimages.acm.org/10.1145/3190000/3186073/images/www2018-82-fig1.jpg’ saved [331428/331428]

--2018-05-16 14:36:33--  http://deliveryimages.acm.org/10.1145/3190000/3186073/images/www2018-82-fig2.jpg
Connecting to deliveryimages.acm.org (deliveryimages.acm.org)|104.17.80.191|:80... connected.
HTTP request sent, awaiting response... 301 Moved Permanently
Location: https://deliveryimages.acm.org/10.1145/3190000/3186073/images/www2018-82-fig2.jpg [following]
--2018-05-16 14:36:33--  https://deliveryimages.acm.org/10.1145/3190000/3186073/images/www2018-82-fig2.jpg
Connecting to deliveryimages.acm.org (deliveryimages.acm.org)|104.17.80.191|:443... connected.
HTTP request sent, awaiting response... 200 OK
Length: 299024 (292K) [image/jpeg]
Saving to: ‘../data/deliveryimages.acm.org/10.1145/3190000/3186073/images/www2018-82-fig2.jpg’

     0K .......... .......... .......... .......... .......... 17% 1.03M 0s
    50K .......... .......... .......... .......... .......... 34% 1.38M 0s
   100K .......... .......... .......... .......... .......... 51% 19.2M 0s
   150K .......... .......... .......... .......... .......... 68% 1.66M 0s
   200K .......... .......... .......... .......... .......... 85% 5.17M 0s
   250K .......... .......... .......... .......... ..        100% 4.45M=0.1s

2018-05-16 14:36:33 (2.14 MB/s) - ‘../data/deliveryimages.acm.org/10.1145/3190000/3186073/images/www2018-82-fig2.jpg’ saved [299024/299024]

--2018-05-16 14:36:33--  http://deliveryimages.acm.org/10.1145/3190000/3186073/images/www2018-82-img1.svg
Connecting to deliveryimages.acm.org (deliveryimages.acm.org)|104.17.80.191|:80... connected.
HTTP request sent, awaiting response... 301 Moved Permanently
Location: https://deliveryimages.acm.org/10.1145/3190000/3186073/images/www2018-82-img1.svg [following]
--2018-05-16 14:36:33--  https://deliveryimages.acm.org/10.1145/3190000/3186073/images/www2018-82-img1.svg
Connecting to deliveryimages.acm.org (deliveryimages.acm.org)|104.17.80.191|:443... connected.
HTTP request sent, awaiting response... 200 OK
Length: 111737 (109K) [image/svg+xml]
Saving to: ‘../data/deliveryimages.acm.org/10.1145/3190000/3186073/images/www2018-82-img1.svg’

     0K .......... .......... .......... .......... .......... 45%  985K 0s
    50K .......... .......... .......... .......... .......... 91% 7.28M 0s
   100K .........                                             100% 69.2M=0.06s

2018-05-16 14:36:34 (1.85 MB/s) - ‘../data/deliveryimages.acm.org/10.1145/3190000/3186073/images/www2018-82-img1.svg’ saved [111737/111737]

--2018-05-16 14:36:34--  http://deliveryimages.acm.org/10.1145/3190000/3186073/images/www2018-82-fig3.jpg
Connecting to deliveryimages.acm.org (deliveryimages.acm.org)|104.17.80.191|:80... connected.
HTTP request sent, awaiting response... 301 Moved Permanently
Location: https://deliveryimages.acm.org/10.1145/3190000/3186073/images/www2018-82-fig3.jpg [following]
--2018-05-16 14:36:34--  https://deliveryimages.acm.org/10.1145/3190000/3186073/images/www2018-82-fig3.jpg
Connecting to deliveryimages.acm.org (deliveryimages.acm.org)|104.17.80.191|:443... connected.
HTTP request sent, awaiting response... 200 OK
Length: 77796 (76K) [image/jpeg]
Saving to: ‘../data/deliveryimages.acm.org/10.1145/3190000/3186073/images/www2018-82-fig3.jpg’

     0K .......... .......... .......... .......... .......... 65% 1.49M 0s
    50K .......... .......... .....                           100% 1.99M=0.05s

2018-05-16 14:36:34 (1.63 MB/s) - ‘../data/deliveryimages.acm.org/10.1145/3190000/3186073/images/www2018-82-fig3.jpg’ saved [77796/77796]

--2018-05-16 14:36:34--  http://deliveryimages.acm.org/10.1145/3190000/3186073/images/www2018-82-img2.svg
Connecting to deliveryimages.acm.org (deliveryimages.acm.org)|104.17.80.191|:80... connected.
HTTP request sent, awaiting response... 301 Moved Permanently
Location: https://deliveryimages.acm.org/10.1145/3190000/3186073/images/www2018-82-img2.svg [following]
--2018-05-16 14:36:34--  https://deliveryimages.acm.org/10.1145/3190000/3186073/images/www2018-82-img2.svg
Connecting to deliveryimages.acm.org (deliveryimages.acm.org)|104.17.80.191|:443... connected.
HTTP request sent, awaiting response... 200 OK
Length: 143771 (140K) [image/svg+xml]
Saving to: ‘../data/deliveryimages.acm.org/10.1145/3190000/3186073/images/www2018-82-img2.svg’

     0K .......... .......... .......... .......... .......... 35% 1.64M 0s
    50K .......... .......... .......... .......... .......... 71% 3.96M 0s
   100K .......... .......... .......... ..........           100% 3.01M=0.06s

2018-05-16 14:36:34 (2.48 MB/s) - ‘../data/deliveryimages.acm.org/10.1145/3190000/3186073/images/www2018-82-img2.svg’ saved [143771/143771]

--2018-05-16 14:36:34--  http://deliveryimages.acm.org/10.1145/3190000/3186073/images/www2018-82-fig4.jpg
Connecting to deliveryimages.acm.org (deliveryimages.acm.org)|104.17.80.191|:80... connected.
HTTP request sent, awaiting response... 301 Moved Permanently
Location: https://deliveryimages.acm.org/10.1145/3190000/3186073/images/www2018-82-fig4.jpg [following]
--2018-05-16 14:36:34--  https://deliveryimages.acm.org/10.1145/3190000/3186073/images/www2018-82-fig4.jpg
Connecting to deliveryimages.acm.org (deliveryimages.acm.org)|104.17.80.191|:443... connected.
HTTP request sent, awaiting response... 200 OK
Length: 281150 (275K) [image/jpeg]
Saving to: ‘../data/deliveryimages.acm.org/10.1145/3190000/3186073/images/www2018-82-fig4.jpg’

     0K .......... .......... .......... .......... .......... 18% 1.64M 0s
    50K .......... .......... .......... .......... .......... 36% 3.57M 0s
   100K .......... .......... .......... .......... .......... 54% 3.47M 0s
   150K .......... .......... .......... .......... .......... 72% 3.90M 0s
   200K .......... .......... .......... .......... .......... 91% 4.11M 0s
   250K .......... .......... ....                            100% 5.21M=0.09s

2018-05-16 14:36:35 (3.10 MB/s) - ‘../data/deliveryimages.acm.org/10.1145/3190000/3186073/images/www2018-82-fig4.jpg’ saved [281150/281150]

FINISHED --2018-05-16 14:36:35--
Total wall clock time: 2.7s
Downloaded: 7 files, 1.3M in 0.7s (1.82 MB/s)
Converting links in ../data/delivery.acm.org/10.1145/3190000/3186073/p1613-liu.html?ip=24.48.71.56&id=3186073&acc=OPENTOC&key=4D4702B0C3E38B35.4D4702B0C3E38B35.4D4702B0C3E38B35.4DD68F0663C025AA&__acm__=1526496092_b06f196c793aaeb667fc489b3b247fad... 123-0
Converted links in 1 files in 0.005 seconds.
