--2018-05-16 15:13:47--  http://delivery.acm.org/10.1145/3200000/3191534/p1035-rocha.html?ip=24.48.71.56&id=3191534&acc=OPENTOC&key=4D4702B0C3E38B35%2E4D4702B0C3E38B35%2E4D4702B0C3E38B35%2E4DD68F0663C025AA&__acm__=1526498327_f5682607f6bbd49dd2d7e67cfb907d3d
Resolving delivery.acm.org (delivery.acm.org)... 24.200.120.90, 24.200.120.82
Connecting to delivery.acm.org (delivery.acm.org)|24.200.120.90|:80... connected.
HTTP request sent, awaiting response... 200 OK
Length: 50962 (50K) [text/html]
Saving to: ‘../data/delivery.acm.org/10.1145/3200000/3191534/p1035-rocha.html?ip=24.48.71.56&id=3191534&acc=OPENTOC&key=4D4702B0C3E38B35.4D4702B0C3E38B35.4D4702B0C3E38B35.4DD68F0663C025AA&__acm__=1526498327_f5682607f6bbd49dd2d7e67cfb907d3d’

     0K .......... .......... .......... .......... ......... 100% 51.3K=1.0s

2018-05-16 15:13:49 (51.3 KB/s) - ‘../data/delivery.acm.org/10.1145/3200000/3191534/p1035-rocha.html?ip=24.48.71.56&id=3191534&acc=OPENTOC&key=4D4702B0C3E38B35.4D4702B0C3E38B35.4D4702B0C3E38B35.4DD68F0663C025AA&__acm__=1526498327_f5682607f6bbd49dd2d7e67cfb907d3d’ saved [50962/50962]

--2018-05-16 15:13:49--  http://deliveryimages.acm.org/10.1145/3200000/3191534/images/www18companion-273-fig1.jpg
Resolving deliveryimages.acm.org (deliveryimages.acm.org)... 104.17.79.191, 104.17.80.191
Connecting to deliveryimages.acm.org (deliveryimages.acm.org)|104.17.79.191|:80... connected.
HTTP request sent, awaiting response... 301 Moved Permanently
Location: https://deliveryimages.acm.org/10.1145/3200000/3191534/images/www18companion-273-fig1.jpg [following]
--2018-05-16 15:13:49--  https://deliveryimages.acm.org/10.1145/3200000/3191534/images/www18companion-273-fig1.jpg
Connecting to deliveryimages.acm.org (deliveryimages.acm.org)|104.17.79.191|:443... connected.
HTTP request sent, awaiting response... 200 OK
Length: 221733 (217K) [image/jpeg]
Saving to: ‘../data/deliveryimages.acm.org/10.1145/3200000/3191534/images/www18companion-273-fig1.jpg’

     0K .......... .......... .......... .......... .......... 23% 1.65M 0s
    50K .......... .......... .......... .......... .......... 46% 3.20M 0s
   100K .......... .......... .......... .......... .......... 69% 3.03M 0s
   150K .......... .......... .......... .......... .......... 92% 3.51M 0s
   200K .......... ......                                     100% 4.04M=0.08s

2018-05-16 15:13:49 (2.68 MB/s) - ‘../data/deliveryimages.acm.org/10.1145/3200000/3191534/images/www18companion-273-fig1.jpg’ saved [221733/221733]

--2018-05-16 15:13:49--  http://deliveryimages.acm.org/10.1145/3200000/3191534/images/www18companion-273-img1.svg
Connecting to deliveryimages.acm.org (deliveryimages.acm.org)|104.17.79.191|:80... connected.
HTTP request sent, awaiting response... 301 Moved Permanently
Location: https://deliveryimages.acm.org/10.1145/3200000/3191534/images/www18companion-273-img1.svg [following]
--2018-05-16 15:13:49--  https://deliveryimages.acm.org/10.1145/3200000/3191534/images/www18companion-273-img1.svg
Connecting to deliveryimages.acm.org (deliveryimages.acm.org)|104.17.79.191|:443... connected.
HTTP request sent, awaiting response... 200 OK
Length: 83632 (82K) [image/svg+xml]
Saving to: ‘../data/deliveryimages.acm.org/10.1145/3200000/3191534/images/www18companion-273-img1.svg’

     0K .......... .......... .......... .......... .......... 61% 1.75M 0s
    50K .......... .......... .......... .                    100% 3.74M=0.04s

2018-05-16 15:13:49 (2.21 MB/s) - ‘../data/deliveryimages.acm.org/10.1145/3200000/3191534/images/www18companion-273-img1.svg’ saved [83632/83632]

--2018-05-16 15:13:49--  http://deliveryimages.acm.org/10.1145/3200000/3191534/images/www18companion-273-img2.svg
Connecting to deliveryimages.acm.org (deliveryimages.acm.org)|104.17.79.191|:80... connected.
HTTP request sent, awaiting response... 301 Moved Permanently
Location: https://deliveryimages.acm.org/10.1145/3200000/3191534/images/www18companion-273-img2.svg [following]
--2018-05-16 15:13:49--  https://deliveryimages.acm.org/10.1145/3200000/3191534/images/www18companion-273-img2.svg
Connecting to deliveryimages.acm.org (deliveryimages.acm.org)|104.17.79.191|:443... connected.
HTTP request sent, awaiting response... 200 OK
Length: 78178 (76K) [image/svg+xml]
Saving to: ‘../data/deliveryimages.acm.org/10.1145/3200000/3191534/images/www18companion-273-img2.svg’

     0K .......... .......... .......... .......... .......... 65% 1.31M 0s
    50K .......... .......... ......                          100% 1.15M=0.06s

2018-05-16 15:13:50 (1.25 MB/s) - ‘../data/deliveryimages.acm.org/10.1145/3200000/3191534/images/www18companion-273-img2.svg’ saved [78178/78178]

--2018-05-16 15:13:50--  http://deliveryimages.acm.org/10.1145/3200000/3191534/images/www18companion-273-img3.svg
Connecting to deliveryimages.acm.org (deliveryimages.acm.org)|104.17.79.191|:80... connected.
HTTP request sent, awaiting response... 301 Moved Permanently
Location: https://deliveryimages.acm.org/10.1145/3200000/3191534/images/www18companion-273-img3.svg [following]
--2018-05-16 15:13:50--  https://deliveryimages.acm.org/10.1145/3200000/3191534/images/www18companion-273-img3.svg
Connecting to deliveryimages.acm.org (deliveryimages.acm.org)|104.17.79.191|:443... connected.
HTTP request sent, awaiting response... 200 OK
Length: 151765 (148K) [image/svg+xml]
Saving to: ‘../data/deliveryimages.acm.org/10.1145/3200000/3191534/images/www18companion-273-img3.svg’

     0K .......... .......... .......... .......... .......... 33%  924K 0s
    50K .......... .......... .......... .......... .......... 67% 1.62M 0s
   100K .......... .......... .......... .......... ........  100% 2.88M=0.1s

2018-05-16 15:13:50 (1.44 MB/s) - ‘../data/deliveryimages.acm.org/10.1145/3200000/3191534/images/www18companion-273-img3.svg’ saved [151765/151765]

--2018-05-16 15:13:50--  http://deliveryimages.acm.org/10.1145/3200000/3191534/images/www18companion-273-img4.svg
Connecting to deliveryimages.acm.org (deliveryimages.acm.org)|104.17.79.191|:80... connected.
HTTP request sent, awaiting response... 301 Moved Permanently
Location: https://deliveryimages.acm.org/10.1145/3200000/3191534/images/www18companion-273-img4.svg [following]
--2018-05-16 15:13:50--  https://deliveryimages.acm.org/10.1145/3200000/3191534/images/www18companion-273-img4.svg
Connecting to deliveryimages.acm.org (deliveryimages.acm.org)|104.17.79.191|:443... connected.
HTTP request sent, awaiting response... 200 OK
Length: 58060 (57K) [image/svg+xml]
Saving to: ‘../data/deliveryimages.acm.org/10.1145/3200000/3191534/images/www18companion-273-img4.svg’

     0K .......... .......... .......... .......... .......... 88% 1.88M 0s
    50K ......                                                100% 1.41M=0.03s

2018-05-16 15:13:50 (1.81 MB/s) - ‘../data/deliveryimages.acm.org/10.1145/3200000/3191534/images/www18companion-273-img4.svg’ saved [58060/58060]

--2018-05-16 15:13:50--  http://deliveryimages.acm.org/10.1145/3200000/3191534/images/www18companion-273-fig2.jpg
Connecting to deliveryimages.acm.org (deliveryimages.acm.org)|104.17.79.191|:80... connected.
HTTP request sent, awaiting response... 301 Moved Permanently
Location: https://deliveryimages.acm.org/10.1145/3200000/3191534/images/www18companion-273-fig2.jpg [following]
--2018-05-16 15:13:50--  https://deliveryimages.acm.org/10.1145/3200000/3191534/images/www18companion-273-fig2.jpg
Connecting to deliveryimages.acm.org (deliveryimages.acm.org)|104.17.79.191|:443... connected.
HTTP request sent, awaiting response... 200 OK
Length: 85009 (83K) [image/jpeg]
Saving to: ‘../data/deliveryimages.acm.org/10.1145/3200000/3191534/images/www18companion-273-fig2.jpg’

     0K .......... .......... .......... .......... .......... 60%  234K 0s
    50K .......... .......... .......... ...                  100% 1.61M=0.2s

2018-05-16 15:13:51 (355 KB/s) - ‘../data/deliveryimages.acm.org/10.1145/3200000/3191534/images/www18companion-273-fig2.jpg’ saved [85009/85009]

FINISHED --2018-05-16 15:13:51--
Total wall clock time: 3.7s
Downloaded: 7 files, 712K in 1.5s (472 KB/s)
Converting links in ../data/delivery.acm.org/10.1145/3200000/3191534/p1035-rocha.html?ip=24.48.71.56&id=3191534&acc=OPENTOC&key=4D4702B0C3E38B35.4D4702B0C3E38B35.4D4702B0C3E38B35.4DD68F0663C025AA&__acm__=1526498327_f5682607f6bbd49dd2d7e67cfb907d3d... 53-0
Converted links in 1 files in 0.002 seconds.
