--2018-05-16 14:41:10--  http://delivery.acm.org/10.1145/3190000/3186060/p1479-papadopoulos.html?ip=24.48.71.56&id=3186060&acc=OPENTOC&key=4D4702B0C3E38B35%2E4D4702B0C3E38B35%2E4D4702B0C3E38B35%2E4DD68F0663C025AA&__acm__=1526496370_ed772aa9646e4ad21117921137f4e844
Resolving delivery.acm.org (delivery.acm.org)... 24.200.120.90, 24.200.120.82
Connecting to delivery.acm.org (delivery.acm.org)|24.200.120.90|:80... connected.
HTTP request sent, awaiting response... 200 OK
Length: 95431 (93K) [text/html]
Saving to: ‘../data/delivery.acm.org/10.1145/3190000/3186060/p1479-papadopoulos.html?ip=24.48.71.56&id=3186060&acc=OPENTOC&key=4D4702B0C3E38B35.4D4702B0C3E38B35.4D4702B0C3E38B35.4DD68F0663C025AA&__acm__=1526496370_ed772aa9646e4ad21117921137f4e844’

     0K .......... .......... .......... .......... .......... 53%  112K 0s
    50K .......... .......... .......... .......... ...       100% 66.5K=1.1s

2018-05-16 14:41:11 (85.0 KB/s) - ‘../data/delivery.acm.org/10.1145/3190000/3186060/p1479-papadopoulos.html?ip=24.48.71.56&id=3186060&acc=OPENTOC&key=4D4702B0C3E38B35.4D4702B0C3E38B35.4D4702B0C3E38B35.4DD68F0663C025AA&__acm__=1526496370_ed772aa9646e4ad21117921137f4e844’ saved [95431/95431]

--2018-05-16 14:41:11--  http://deliveryimages.acm.org/10.1145/3190000/3186060/images/www2018-69-fig1.jpg
Resolving deliveryimages.acm.org (deliveryimages.acm.org)... 104.17.80.191, 104.17.79.191
Connecting to deliveryimages.acm.org (deliveryimages.acm.org)|104.17.80.191|:80... connected.
HTTP request sent, awaiting response... 301 Moved Permanently
Location: https://deliveryimages.acm.org/10.1145/3190000/3186060/images/www2018-69-fig1.jpg [following]
--2018-05-16 14:41:11--  https://deliveryimages.acm.org/10.1145/3190000/3186060/images/www2018-69-fig1.jpg
Connecting to deliveryimages.acm.org (deliveryimages.acm.org)|104.17.80.191|:443... connected.
HTTP request sent, awaiting response... 200 OK
Length: 71347 (70K) [image/jpeg]
Saving to: ‘../data/deliveryimages.acm.org/10.1145/3190000/3186060/images/www2018-69-fig1.jpg’

     0K .......... .......... .......... .......... .......... 71%  978K 0s
    50K .......... .........                                  100% 2.89M=0.06s

2018-05-16 14:41:12 (1.18 MB/s) - ‘../data/deliveryimages.acm.org/10.1145/3190000/3186060/images/www2018-69-fig1.jpg’ saved [71347/71347]

--2018-05-16 14:41:12--  http://deliveryimages.acm.org/10.1145/3190000/3186060/images/www2018-69-fig2.jpg
Connecting to deliveryimages.acm.org (deliveryimages.acm.org)|104.17.80.191|:80... connected.
HTTP request sent, awaiting response... 301 Moved Permanently
Location: https://deliveryimages.acm.org/10.1145/3190000/3186060/images/www2018-69-fig2.jpg [following]
--2018-05-16 14:41:12--  https://deliveryimages.acm.org/10.1145/3190000/3186060/images/www2018-69-fig2.jpg
Connecting to deliveryimages.acm.org (deliveryimages.acm.org)|104.17.80.191|:443... connected.
HTTP request sent, awaiting response... 200 OK
Length: 81877 (80K) [image/jpeg]
Saving to: ‘../data/deliveryimages.acm.org/10.1145/3190000/3186060/images/www2018-69-fig2.jpg’

     0K .......... .......... .......... .......... .......... 62% 1.69M 0s
    50K .......... .......... .........                       100% 5.10M=0.03s

2018-05-16 14:41:12 (2.25 MB/s) - ‘../data/deliveryimages.acm.org/10.1145/3190000/3186060/images/www2018-69-fig2.jpg’ saved [81877/81877]

--2018-05-16 14:41:12--  http://deliveryimages.acm.org/10.1145/3190000/3186060/images/www2018-69-fig3.jpg
Connecting to deliveryimages.acm.org (deliveryimages.acm.org)|104.17.80.191|:80... connected.
HTTP request sent, awaiting response... 301 Moved Permanently
Location: https://deliveryimages.acm.org/10.1145/3190000/3186060/images/www2018-69-fig3.jpg [following]
--2018-05-16 14:41:12--  https://deliveryimages.acm.org/10.1145/3190000/3186060/images/www2018-69-fig3.jpg
Connecting to deliveryimages.acm.org (deliveryimages.acm.org)|104.17.80.191|:443... connected.
HTTP request sent, awaiting response... 200 OK
Length: 60119 (59K) [image/jpeg]
Saving to: ‘../data/deliveryimages.acm.org/10.1145/3190000/3186060/images/www2018-69-fig3.jpg’

     0K .......... .......... .......... .......... .......... 85% 2.03M 0s
    50K ........                                              100% 1.81M=0.03s

2018-05-16 14:41:12 (2.00 MB/s) - ‘../data/deliveryimages.acm.org/10.1145/3190000/3186060/images/www2018-69-fig3.jpg’ saved [60119/60119]

--2018-05-16 14:41:12--  http://deliveryimages.acm.org/10.1145/3190000/3186060/images/www2018-69-fig4.jpg
Connecting to deliveryimages.acm.org (deliveryimages.acm.org)|104.17.80.191|:80... connected.
HTTP request sent, awaiting response... 301 Moved Permanently
Location: https://deliveryimages.acm.org/10.1145/3190000/3186060/images/www2018-69-fig4.jpg [following]
--2018-05-16 14:41:12--  https://deliveryimages.acm.org/10.1145/3190000/3186060/images/www2018-69-fig4.jpg
Connecting to deliveryimages.acm.org (deliveryimages.acm.org)|104.17.80.191|:443... connected.
HTTP request sent, awaiting response... 200 OK
Length: 64338 (63K) [image/jpeg]
Saving to: ‘../data/deliveryimages.acm.org/10.1145/3190000/3186060/images/www2018-69-fig4.jpg’

     0K .......... .......... .......... .......... .......... 79% 1.86M 0s
    50K .......... ..                                         100% 5.75M=0.03s

2018-05-16 14:41:12 (2.15 MB/s) - ‘../data/deliveryimages.acm.org/10.1145/3190000/3186060/images/www2018-69-fig4.jpg’ saved [64338/64338]

--2018-05-16 14:41:12--  http://deliveryimages.acm.org/10.1145/3190000/3186060/images/www2018-69-fig5.jpg
Connecting to deliveryimages.acm.org (deliveryimages.acm.org)|104.17.80.191|:80... connected.
HTTP request sent, awaiting response... 301 Moved Permanently
Location: https://deliveryimages.acm.org/10.1145/3190000/3186060/images/www2018-69-fig5.jpg [following]
--2018-05-16 14:41:12--  https://deliveryimages.acm.org/10.1145/3190000/3186060/images/www2018-69-fig5.jpg
Connecting to deliveryimages.acm.org (deliveryimages.acm.org)|104.17.80.191|:443... connected.
HTTP request sent, awaiting response... 200 OK
Length: 43655 (43K) [image/jpeg]
Saving to: ‘../data/deliveryimages.acm.org/10.1145/3190000/3186060/images/www2018-69-fig5.jpg’

     0K .......... .......... .......... .......... ..        100% 1.54M=0.03s

2018-05-16 14:41:13 (1.54 MB/s) - ‘../data/deliveryimages.acm.org/10.1145/3190000/3186060/images/www2018-69-fig5.jpg’ saved [43655/43655]

--2018-05-16 14:41:13--  http://deliveryimages.acm.org/10.1145/3190000/3186060/images/www2018-69-fig6.jpg
Connecting to deliveryimages.acm.org (deliveryimages.acm.org)|104.17.80.191|:80... connected.
HTTP request sent, awaiting response... 301 Moved Permanently
Location: https://deliveryimages.acm.org/10.1145/3190000/3186060/images/www2018-69-fig6.jpg [following]
--2018-05-16 14:41:13--  https://deliveryimages.acm.org/10.1145/3190000/3186060/images/www2018-69-fig6.jpg
Connecting to deliveryimages.acm.org (deliveryimages.acm.org)|104.17.80.191|:443... connected.
HTTP request sent, awaiting response... 200 OK
Length: 42371 (41K) [image/jpeg]
Saving to: ‘../data/deliveryimages.acm.org/10.1145/3190000/3186060/images/www2018-69-fig6.jpg’

     0K .......... .......... .......... .......... .         100% 1.02M=0.04s

2018-05-16 14:41:13 (1.02 MB/s) - ‘../data/deliveryimages.acm.org/10.1145/3190000/3186060/images/www2018-69-fig6.jpg’ saved [42371/42371]

--2018-05-16 14:41:13--  http://deliveryimages.acm.org/10.1145/3190000/3186060/images/www2018-69-fig7.jpg
Connecting to deliveryimages.acm.org (deliveryimages.acm.org)|104.17.80.191|:80... connected.
HTTP request sent, awaiting response... 301 Moved Permanently
Location: https://deliveryimages.acm.org/10.1145/3190000/3186060/images/www2018-69-fig7.jpg [following]
--2018-05-16 14:41:13--  https://deliveryimages.acm.org/10.1145/3190000/3186060/images/www2018-69-fig7.jpg
Connecting to deliveryimages.acm.org (deliveryimages.acm.org)|104.17.80.191|:443... connected.
HTTP request sent, awaiting response... 200 OK
Length: 69590 (68K) [image/jpeg]
Saving to: ‘../data/deliveryimages.acm.org/10.1145/3190000/3186060/images/www2018-69-fig7.jpg’

     0K .......... .......... .......... .......... .......... 73% 1.82M 0s
    50K .......... .......                                    100% 2.38M=0.03s

2018-05-16 14:41:13 (1.94 MB/s) - ‘../data/deliveryimages.acm.org/10.1145/3190000/3186060/images/www2018-69-fig7.jpg’ saved [69590/69590]

--2018-05-16 14:41:13--  http://deliveryimages.acm.org/10.1145/3190000/3186060/images/www2018-69-fig8.jpg
Connecting to deliveryimages.acm.org (deliveryimages.acm.org)|104.17.80.191|:80... connected.
HTTP request sent, awaiting response... 301 Moved Permanently
Location: https://deliveryimages.acm.org/10.1145/3190000/3186060/images/www2018-69-fig8.jpg [following]
--2018-05-16 14:41:13--  https://deliveryimages.acm.org/10.1145/3190000/3186060/images/www2018-69-fig8.jpg
Connecting to deliveryimages.acm.org (deliveryimages.acm.org)|104.17.80.191|:443... connected.
HTTP request sent, awaiting response... 200 OK
Length: 67540 (66K) [image/jpeg]
Saving to: ‘../data/deliveryimages.acm.org/10.1145/3190000/3186060/images/www2018-69-fig8.jpg’

     0K .......... .......... .......... .......... .......... 75% 1.86M 0s
    50K .......... .....                                      100% 1.90M=0.03s

2018-05-16 14:41:14 (1.87 MB/s) - ‘../data/deliveryimages.acm.org/10.1145/3190000/3186060/images/www2018-69-fig8.jpg’ saved [67540/67540]

--2018-05-16 14:41:14--  http://deliveryimages.acm.org/10.1145/3190000/3186060/images/www2018-69-fig9.jpg
Connecting to deliveryimages.acm.org (deliveryimages.acm.org)|104.17.80.191|:80... connected.
HTTP request sent, awaiting response... 301 Moved Permanently
Location: https://deliveryimages.acm.org/10.1145/3190000/3186060/images/www2018-69-fig9.jpg [following]
--2018-05-16 14:41:14--  https://deliveryimages.acm.org/10.1145/3190000/3186060/images/www2018-69-fig9.jpg
Connecting to deliveryimages.acm.org (deliveryimages.acm.org)|104.17.80.191|:443... connected.
HTTP request sent, awaiting response... 200 OK
Length: 53803 (53K) [image/jpeg]
Saving to: ‘../data/deliveryimages.acm.org/10.1145/3190000/3186060/images/www2018-69-fig9.jpg’

     0K .......... .......... .......... .......... .......... 95% 1.26M 0s
    50K ..                                                    100% 3.46M=0.04s

2018-05-16 14:41:14 (1.30 MB/s) - ‘../data/deliveryimages.acm.org/10.1145/3190000/3186060/images/www2018-69-fig9.jpg’ saved [53803/53803]

--2018-05-16 14:41:14--  http://deliveryimages.acm.org/10.1145/3190000/3186060/images/www2018-69-fig10.jpg
Connecting to deliveryimages.acm.org (deliveryimages.acm.org)|104.17.80.191|:80... connected.
HTTP request sent, awaiting response... 301 Moved Permanently
Location: https://deliveryimages.acm.org/10.1145/3190000/3186060/images/www2018-69-fig10.jpg [following]
--2018-05-16 14:41:14--  https://deliveryimages.acm.org/10.1145/3190000/3186060/images/www2018-69-fig10.jpg
Connecting to deliveryimages.acm.org (deliveryimages.acm.org)|104.17.80.191|:443... connected.
HTTP request sent, awaiting response... 200 OK
Length: 76807 (75K) [image/jpeg]
Saving to: ‘../data/deliveryimages.acm.org/10.1145/3190000/3186060/images/www2018-69-fig10.jpg’

     0K .......... .......... .......... .......... .......... 66% 1.83M 0s
    50K .......... .......... .....                           100% 4.71M=0.03s

2018-05-16 14:41:14 (2.30 MB/s) - ‘../data/deliveryimages.acm.org/10.1145/3190000/3186060/images/www2018-69-fig10.jpg’ saved [76807/76807]

--2018-05-16 14:41:14--  http://deliveryimages.acm.org/10.1145/3190000/3186060/images/www2018-69-fig11.jpg
Connecting to deliveryimages.acm.org (deliveryimages.acm.org)|104.17.80.191|:80... connected.
HTTP request sent, awaiting response... 301 Moved Permanently
Location: https://deliveryimages.acm.org/10.1145/3190000/3186060/images/www2018-69-fig11.jpg [following]
--2018-05-16 14:41:14--  https://deliveryimages.acm.org/10.1145/3190000/3186060/images/www2018-69-fig11.jpg
Connecting to deliveryimages.acm.org (deliveryimages.acm.org)|104.17.80.191|:443... connected.
HTTP request sent, awaiting response... 200 OK
Length: 78882 (77K) [image/jpeg]
Saving to: ‘../data/deliveryimages.acm.org/10.1145/3190000/3186060/images/www2018-69-fig11.jpg’

     0K .......... .......... .......... .......... .......... 64% 1.76M 0s
    50K .......... .......... .......                         100% 3.29M=0.04s

2018-05-16 14:41:14 (2.11 MB/s) - ‘../data/deliveryimages.acm.org/10.1145/3190000/3186060/images/www2018-69-fig11.jpg’ saved [78882/78882]

--2018-05-16 14:41:14--  http://deliveryimages.acm.org/10.1145/3190000/3186060/images/www2018-69-fig12.jpg
Connecting to deliveryimages.acm.org (deliveryimages.acm.org)|104.17.80.191|:80... connected.
HTTP request sent, awaiting response... 301 Moved Permanently
Location: https://deliveryimages.acm.org/10.1145/3190000/3186060/images/www2018-69-fig12.jpg [following]
--2018-05-16 14:41:14--  https://deliveryimages.acm.org/10.1145/3190000/3186060/images/www2018-69-fig12.jpg
Connecting to deliveryimages.acm.org (deliveryimages.acm.org)|104.17.80.191|:443... connected.
HTTP request sent, awaiting response... 200 OK
Length: 59443 (58K) [image/jpeg]
Saving to: ‘../data/deliveryimages.acm.org/10.1145/3190000/3186060/images/www2018-69-fig12.jpg’

     0K .......... .......... .......... .......... .......... 86% 1.61M 0s
    50K ........                                              100% 4.67M=0.03s

2018-05-16 14:41:15 (1.77 MB/s) - ‘../data/deliveryimages.acm.org/10.1145/3190000/3186060/images/www2018-69-fig12.jpg’ saved [59443/59443]

--2018-05-16 14:41:15--  http://deliveryimages.acm.org/10.1145/3190000/3186060/images/www2018-69-fig13.jpg
Connecting to deliveryimages.acm.org (deliveryimages.acm.org)|104.17.80.191|:80... connected.
HTTP request sent, awaiting response... 301 Moved Permanently
Location: https://deliveryimages.acm.org/10.1145/3190000/3186060/images/www2018-69-fig13.jpg [following]
--2018-05-16 14:41:15--  https://deliveryimages.acm.org/10.1145/3190000/3186060/images/www2018-69-fig13.jpg
Connecting to deliveryimages.acm.org (deliveryimages.acm.org)|104.17.80.191|:443... connected.
HTTP request sent, awaiting response... 200 OK
Length: 47285 (46K) [image/jpeg]
Saving to: ‘../data/deliveryimages.acm.org/10.1145/3190000/3186060/images/www2018-69-fig13.jpg’

     0K .......... .......... .......... .......... ......    100% 1.26M=0.04s

2018-05-16 14:41:15 (1.26 MB/s) - ‘../data/deliveryimages.acm.org/10.1145/3190000/3186060/images/www2018-69-fig13.jpg’ saved [47285/47285]

--2018-05-16 14:41:15--  http://deliveryimages.acm.org/10.1145/3190000/3186060/images/www2018-69-fig14.jpg
Connecting to deliveryimages.acm.org (deliveryimages.acm.org)|104.17.80.191|:80... connected.
HTTP request sent, awaiting response... 301 Moved Permanently
Location: https://deliveryimages.acm.org/10.1145/3190000/3186060/images/www2018-69-fig14.jpg [following]
--2018-05-16 14:41:15--  https://deliveryimages.acm.org/10.1145/3190000/3186060/images/www2018-69-fig14.jpg
Connecting to deliveryimages.acm.org (deliveryimages.acm.org)|104.17.80.191|:443... connected.
HTTP request sent, awaiting response... 200 OK
Length: 62058 (61K) [image/jpeg]
Saving to: ‘../data/deliveryimages.acm.org/10.1145/3190000/3186060/images/www2018-69-fig14.jpg’

     0K .......... .......... .......... .......... .......... 82% 1.63M 0s
    50K ..........                                            100% 5.60M=0.03s

2018-05-16 14:41:15 (1.87 MB/s) - ‘../data/deliveryimages.acm.org/10.1145/3190000/3186060/images/www2018-69-fig14.jpg’ saved [62058/62058]

--2018-05-16 14:41:15--  http://deliveryimages.acm.org/10.1145/3190000/3186060/images/www2018-69-fig15.jpg
Connecting to deliveryimages.acm.org (deliveryimages.acm.org)|104.17.80.191|:80... connected.
HTTP request sent, awaiting response... 301 Moved Permanently
Location: https://deliveryimages.acm.org/10.1145/3190000/3186060/images/www2018-69-fig15.jpg [following]
--2018-05-16 14:41:15--  https://deliveryimages.acm.org/10.1145/3190000/3186060/images/www2018-69-fig15.jpg
Connecting to deliveryimages.acm.org (deliveryimages.acm.org)|104.17.80.191|:443... connected.
HTTP request sent, awaiting response... 200 OK
Length: 57719 (56K) [image/jpeg]
Saving to: ‘../data/deliveryimages.acm.org/10.1145/3190000/3186060/images/www2018-69-fig15.jpg’

     0K .......... .......... .......... .......... .......... 88% 1.45M 0s
    50K ......                                                100% 3.75M=0.04s

2018-05-16 14:41:15 (1.56 MB/s) - ‘../data/deliveryimages.acm.org/10.1145/3190000/3186060/images/www2018-69-fig15.jpg’ saved [57719/57719]

--2018-05-16 14:41:15--  http://deliveryimages.acm.org/10.1145/3190000/3186060/images/www2018-69-fig16.jpg
Connecting to deliveryimages.acm.org (deliveryimages.acm.org)|104.17.80.191|:80... connected.
HTTP request sent, awaiting response... 301 Moved Permanently
Location: https://deliveryimages.acm.org/10.1145/3190000/3186060/images/www2018-69-fig16.jpg [following]
--2018-05-16 14:41:16--  https://deliveryimages.acm.org/10.1145/3190000/3186060/images/www2018-69-fig16.jpg
Connecting to deliveryimages.acm.org (deliveryimages.acm.org)|104.17.80.191|:443... connected.
HTTP request sent, awaiting response... 200 OK
Length: 68700 (67K) [image/jpeg]
Saving to: ‘../data/deliveryimages.acm.org/10.1145/3190000/3186060/images/www2018-69-fig16.jpg’

     0K .......... .......... .......... .......... .......... 74% 1.61M 0s
    50K .......... .......                                    100% 2.02M=0.04s

2018-05-16 14:41:16 (1.70 MB/s) - ‘../data/deliveryimages.acm.org/10.1145/3190000/3186060/images/www2018-69-fig16.jpg’ saved [68700/68700]

--2018-05-16 14:41:16--  http://deliveryimages.acm.org/10.1145/3190000/3186060/images/www2018-69-fig17.jpg
Connecting to deliveryimages.acm.org (deliveryimages.acm.org)|104.17.80.191|:80... connected.
HTTP request sent, awaiting response... 301 Moved Permanently
Location: https://deliveryimages.acm.org/10.1145/3190000/3186060/images/www2018-69-fig17.jpg [following]
--2018-05-16 14:41:16--  https://deliveryimages.acm.org/10.1145/3190000/3186060/images/www2018-69-fig17.jpg
Connecting to deliveryimages.acm.org (deliveryimages.acm.org)|104.17.80.191|:443... connected.
HTTP request sent, awaiting response... 200 OK
Length: 61204 (60K) [image/jpeg]
Saving to: ‘../data/deliveryimages.acm.org/10.1145/3190000/3186060/images/www2018-69-fig17.jpg’

     0K .......... .......... .......... .......... .......... 83% 1.65M 0s
    50K .........                                             100% 2.50M=0.03s

2018-05-16 14:41:16 (1.75 MB/s) - ‘../data/deliveryimages.acm.org/10.1145/3190000/3186060/images/www2018-69-fig17.jpg’ saved [61204/61204]

--2018-05-16 14:41:16--  http://deliveryimages.acm.org/10.1145/3190000/3186060/images/www2018-69-fig18.jpg
Connecting to deliveryimages.acm.org (deliveryimages.acm.org)|104.17.80.191|:80... connected.
HTTP request sent, awaiting response... 301 Moved Permanently
Location: https://deliveryimages.acm.org/10.1145/3190000/3186060/images/www2018-69-fig18.jpg [following]
--2018-05-16 14:41:16--  https://deliveryimages.acm.org/10.1145/3190000/3186060/images/www2018-69-fig18.jpg
Connecting to deliveryimages.acm.org (deliveryimages.acm.org)|104.17.80.191|:443... connected.
HTTP request sent, awaiting response... 200 OK
Length: 64951 (63K) [image/jpeg]
Saving to: ‘../data/deliveryimages.acm.org/10.1145/3190000/3186060/images/www2018-69-fig18.jpg’

     0K .......... .......... .......... .......... .......... 78% 1.12M 0s
    50K .......... ...                                        100% 8.26M=0.05s

2018-05-16 14:41:16 (1.37 MB/s) - ‘../data/deliveryimages.acm.org/10.1145/3190000/3186060/images/www2018-69-fig18.jpg’ saved [64951/64951]

--2018-05-16 14:41:16--  http://deliveryimages.acm.org/10.1145/3190000/3186060/images/www2018-69-fig19.jpg
Connecting to deliveryimages.acm.org (deliveryimages.acm.org)|104.17.80.191|:80... connected.
HTTP request sent, awaiting response... 301 Moved Permanently
Location: https://deliveryimages.acm.org/10.1145/3190000/3186060/images/www2018-69-fig19.jpg [following]
--2018-05-16 14:41:16--  https://deliveryimages.acm.org/10.1145/3190000/3186060/images/www2018-69-fig19.jpg
Connecting to deliveryimages.acm.org (deliveryimages.acm.org)|104.17.80.191|:443... connected.
HTTP request sent, awaiting response... 200 OK
Length: 96733 (94K) [image/jpeg]
Saving to: ‘../data/deliveryimages.acm.org/10.1145/3190000/3186060/images/www2018-69-fig19.jpg’

     0K .......... .......... .......... .......... .......... 52% 1.08M 0s
    50K .......... .......... .......... .......... ....      100% 3.01M=0.06s

2018-05-16 14:41:17 (1.55 MB/s) - ‘../data/deliveryimages.acm.org/10.1145/3190000/3186060/images/www2018-69-fig19.jpg’ saved [96733/96733]

--2018-05-16 14:41:17--  http://deliveryimages.acm.org/10.1145/3190000/3186060/images/www2018-69-fig20.jpg
Connecting to deliveryimages.acm.org (deliveryimages.acm.org)|104.17.80.191|:80... connected.
HTTP request sent, awaiting response... 301 Moved Permanently
Location: https://deliveryimages.acm.org/10.1145/3190000/3186060/images/www2018-69-fig20.jpg [following]
--2018-05-16 14:41:17--  https://deliveryimages.acm.org/10.1145/3190000/3186060/images/www2018-69-fig20.jpg
Connecting to deliveryimages.acm.org (deliveryimages.acm.org)|104.17.80.191|:443... connected.
HTTP request sent, awaiting response... 200 OK
Length: 61386 (60K) [image/jpeg]
Saving to: ‘../data/deliveryimages.acm.org/10.1145/3190000/3186060/images/www2018-69-fig20.jpg’

     0K .......... .......... .......... .......... .......... 83% 1.62M 0s
    50K .........                                             100% 2.78M=0.03s

2018-05-16 14:41:17 (1.74 MB/s) - ‘../data/deliveryimages.acm.org/10.1145/3190000/3186060/images/www2018-69-fig20.jpg’ saved [61386/61386]

--2018-05-16 14:41:17--  http://deliveryimages.acm.org/10.1145/3190000/3186060/images/www2018-69-fig21.jpg
Connecting to deliveryimages.acm.org (deliveryimages.acm.org)|104.17.80.191|:80... connected.
HTTP request sent, awaiting response... 301 Moved Permanently
Location: https://deliveryimages.acm.org/10.1145/3190000/3186060/images/www2018-69-fig21.jpg [following]
--2018-05-16 14:41:17--  https://deliveryimages.acm.org/10.1145/3190000/3186060/images/www2018-69-fig21.jpg
Connecting to deliveryimages.acm.org (deliveryimages.acm.org)|104.17.80.191|:443... connected.
HTTP request sent, awaiting response... 200 OK
Length: 82317 (80K) [image/jpeg]
Saving to: ‘../data/deliveryimages.acm.org/10.1145/3190000/3186060/images/www2018-69-fig21.jpg’

     0K .......... .......... .......... .......... .......... 62% 1.81M 0s
    50K .......... .......... ..........                      100% 2.78M=0.04s

2018-05-16 14:41:17 (2.08 MB/s) - ‘../data/deliveryimages.acm.org/10.1145/3190000/3186060/images/www2018-69-fig21.jpg’ saved [82317/82317]

FINISHED --2018-05-16 14:41:17--
Total wall clock time: 7.4s
Downloaded: 22 files, 1.4M in 1.9s (766 KB/s)
Converting links in ../data/delivery.acm.org/10.1145/3190000/3186060/p1479-papadopoulos.html?ip=24.48.71.56&id=3186060&acc=OPENTOC&key=4D4702B0C3E38B35.4D4702B0C3E38B35.4D4702B0C3E38B35.4DD68F0663C025AA&__acm__=1526496370_ed772aa9646e4ad21117921137f4e844... 125-0
Converted links in 1 files in 0.003 seconds.
