--2018-05-16 14:21:20--  http://delivery.acm.org/10.1145/3190000/3186116/p499-zhuang.html?ip=24.48.71.56&id=3186116&acc=OPENTOC&key=4D4702B0C3E38B35%2E4D4702B0C3E38B35%2E4D4702B0C3E38B35%2E4DD68F0663C025AA&__acm__=1526495179_f8d39de8184d9bf4a98562c9fcb1f60b
Resolving delivery.acm.org (delivery.acm.org)... 24.200.120.82, 24.200.120.90
Connecting to delivery.acm.org (delivery.acm.org)|24.200.120.82|:80... connected.
HTTP request sent, awaiting response... 200 OK
Length: 100029 (98K) [text/html]
Saving to: ‘../data/delivery.acm.org/10.1145/3190000/3186116/p499-zhuang.html?ip=24.48.71.56&id=3186116&acc=OPENTOC&key=4D4702B0C3E38B35.4D4702B0C3E38B35.4D4702B0C3E38B35.4DD68F0663C025AA&__acm__=1526495179_f8d39de8184d9bf4a98562c9fcb1f60b’

     0K .......... .......... .......... .......... .......... 51% 3.05M 0s
    50K .......... .......... .......... .......... .......   100% 3.43M=0.03s

2018-05-16 14:21:21 (3.22 MB/s) - ‘../data/delivery.acm.org/10.1145/3190000/3186116/p499-zhuang.html?ip=24.48.71.56&id=3186116&acc=OPENTOC&key=4D4702B0C3E38B35.4D4702B0C3E38B35.4D4702B0C3E38B35.4DD68F0663C025AA&__acm__=1526495179_f8d39de8184d9bf4a98562c9fcb1f60b’ saved [100029/100029]

--2018-05-16 14:21:21--  http://deliveryimages.acm.org/10.1145/3190000/3186116/images/www2018-125-fig1.jpg
Resolving deliveryimages.acm.org (deliveryimages.acm.org)... 104.17.79.191, 104.17.80.191
Connecting to deliveryimages.acm.org (deliveryimages.acm.org)|104.17.79.191|:80... connected.
HTTP request sent, awaiting response... 301 Moved Permanently
Location: https://deliveryimages.acm.org/10.1145/3190000/3186116/images/www2018-125-fig1.jpg [following]
--2018-05-16 14:21:21--  https://deliveryimages.acm.org/10.1145/3190000/3186116/images/www2018-125-fig1.jpg
Connecting to deliveryimages.acm.org (deliveryimages.acm.org)|104.17.79.191|:443... connected.
HTTP request sent, awaiting response... 200 OK
Length: 231839 (226K) [image/jpeg]
Saving to: ‘../data/deliveryimages.acm.org/10.1145/3190000/3186116/images/www2018-125-fig1.jpg’

     0K .......... .......... .......... .......... .......... 22% 1.03M 0s
    50K .......... .......... .......... .......... .......... 44% 3.24M 0s
   100K .......... .......... .......... .......... .......... 66% 3.98M 0s
   150K .......... .......... .......... .......... .......... 88% 4.44M 0s
   200K .......... .......... ......                          100% 1.72M=0.1s

2018-05-16 14:21:21 (2.20 MB/s) - ‘../data/deliveryimages.acm.org/10.1145/3190000/3186116/images/www2018-125-fig1.jpg’ saved [231839/231839]

--2018-05-16 14:21:21--  http://deliveryimages.acm.org/10.1145/3190000/3186116/images/www2018-125-img1.svg
Connecting to deliveryimages.acm.org (deliveryimages.acm.org)|104.17.79.191|:80... connected.
HTTP request sent, awaiting response... 301 Moved Permanently
Location: https://deliveryimages.acm.org/10.1145/3190000/3186116/images/www2018-125-img1.svg [following]
--2018-05-16 14:21:21--  https://deliveryimages.acm.org/10.1145/3190000/3186116/images/www2018-125-img1.svg
Connecting to deliveryimages.acm.org (deliveryimages.acm.org)|104.17.79.191|:443... connected.
HTTP request sent, awaiting response... 200 OK
Length: 116043 (113K) [image/svg+xml]
Saving to: ‘../data/deliveryimages.acm.org/10.1145/3190000/3186116/images/www2018-125-img1.svg’

     0K .......... .......... .......... .......... .......... 44% 1.18M 0s
    50K .......... .......... .......... .......... .......... 88% 3.09M 0s
   100K .......... ...                                        100% 6.47M=0.06s

2018-05-16 14:21:21 (1.87 MB/s) - ‘../data/deliveryimages.acm.org/10.1145/3190000/3186116/images/www2018-125-img1.svg’ saved [116043/116043]

--2018-05-16 14:21:21--  http://deliveryimages.acm.org/10.1145/3190000/3186116/images/www2018-125-fig2.jpg
Connecting to deliveryimages.acm.org (deliveryimages.acm.org)|104.17.79.191|:80... connected.
HTTP request sent, awaiting response... 301 Moved Permanently
Location: https://deliveryimages.acm.org/10.1145/3190000/3186116/images/www2018-125-fig2.jpg [following]
--2018-05-16 14:21:21--  https://deliveryimages.acm.org/10.1145/3190000/3186116/images/www2018-125-fig2.jpg
Connecting to deliveryimages.acm.org (deliveryimages.acm.org)|104.17.79.191|:443... connected.
HTTP request sent, awaiting response... 200 OK
Length: 60774 (59K) [image/jpeg]
Saving to: ‘../data/deliveryimages.acm.org/10.1145/3190000/3186116/images/www2018-125-fig2.jpg’

     0K .......... .......... .......... .......... .......... 84% 1.26M 0s
    50K .........                                             100% 8.01M=0.04s

2018-05-16 14:21:22 (1.45 MB/s) - ‘../data/deliveryimages.acm.org/10.1145/3190000/3186116/images/www2018-125-fig2.jpg’ saved [60774/60774]

--2018-05-16 14:21:22--  http://deliveryimages.acm.org/10.1145/3190000/3186116/images/www2018-125-img2.svg
Connecting to deliveryimages.acm.org (deliveryimages.acm.org)|104.17.79.191|:80... connected.
HTTP request sent, awaiting response... 301 Moved Permanently
Location: https://deliveryimages.acm.org/10.1145/3190000/3186116/images/www2018-125-img2.svg [following]
--2018-05-16 14:21:22--  https://deliveryimages.acm.org/10.1145/3190000/3186116/images/www2018-125-img2.svg
Connecting to deliveryimages.acm.org (deliveryimages.acm.org)|104.17.79.191|:443... connected.
HTTP request sent, awaiting response... 200 OK
Length: 155108 (151K) [image/svg+xml]
Saving to: ‘../data/deliveryimages.acm.org/10.1145/3190000/3186116/images/www2018-125-img2.svg’

     0K .......... .......... .......... .......... .......... 33% 1.56M 0s
    50K .......... .......... .......... .......... .......... 66% 4.47M 0s
   100K .......... .......... .......... .......... .......... 99% 4.06M 0s
   150K .                                                     100% 20.8M=0.05s

2018-05-16 14:21:22 (2.72 MB/s) - ‘../data/deliveryimages.acm.org/10.1145/3190000/3186116/images/www2018-125-img2.svg’ saved [155108/155108]

--2018-05-16 14:21:22--  http://deliveryimages.acm.org/10.1145/3190000/3186116/images/www2018-125-fig3.jpg
Connecting to deliveryimages.acm.org (deliveryimages.acm.org)|104.17.79.191|:80... connected.
HTTP request sent, awaiting response... 301 Moved Permanently
Location: https://deliveryimages.acm.org/10.1145/3190000/3186116/images/www2018-125-fig3.jpg [following]
--2018-05-16 14:21:22--  https://deliveryimages.acm.org/10.1145/3190000/3186116/images/www2018-125-fig3.jpg
Connecting to deliveryimages.acm.org (deliveryimages.acm.org)|104.17.79.191|:443... connected.
HTTP request sent, awaiting response... 200 OK
Length: 54529 (53K) [image/jpeg]
Saving to: ‘../data/deliveryimages.acm.org/10.1145/3190000/3186116/images/www2018-125-fig3.jpg’

     0K .......... .......... .......... .......... .......... 93% 1.51M 0s
    50K ...                                                   100% 32.2M=0.03s

2018-05-16 14:21:22 (1.60 MB/s) - ‘../data/deliveryimages.acm.org/10.1145/3190000/3186116/images/www2018-125-fig3.jpg’ saved [54529/54529]

--2018-05-16 14:21:22--  http://deliveryimages.acm.org/10.1145/3190000/3186116/images/www2018-125-fig4.jpg
Connecting to deliveryimages.acm.org (deliveryimages.acm.org)|104.17.79.191|:80... connected.
HTTP request sent, awaiting response... 301 Moved Permanently
Location: https://deliveryimages.acm.org/10.1145/3190000/3186116/images/www2018-125-fig4.jpg [following]
--2018-05-16 14:21:24--  https://deliveryimages.acm.org/10.1145/3190000/3186116/images/www2018-125-fig4.jpg
Connecting to deliveryimages.acm.org (deliveryimages.acm.org)|104.17.79.191|:443... connected.
HTTP request sent, awaiting response... 200 OK
Length: 62405 (61K) [image/jpeg]
Saving to: ‘../data/deliveryimages.acm.org/10.1145/3190000/3186116/images/www2018-125-fig4.jpg’

     0K .......... .......... .......... .......... .......... 82% 76.3K 0s
    50K ..........                                            100%  682K=0.7s

2018-05-16 14:21:25 (90.7 KB/s) - ‘../data/deliveryimages.acm.org/10.1145/3190000/3186116/images/www2018-125-fig4.jpg’ saved [62405/62405]

--2018-05-16 14:21:25--  http://deliveryimages.acm.org/10.1145/3190000/3186116/images/www2018-125-fig5.jpg
Connecting to deliveryimages.acm.org (deliveryimages.acm.org)|104.17.79.191|:80... connected.
HTTP request sent, awaiting response... 301 Moved Permanently
Location: https://deliveryimages.acm.org/10.1145/3190000/3186116/images/www2018-125-fig5.jpg [following]
--2018-05-16 14:21:25--  https://deliveryimages.acm.org/10.1145/3190000/3186116/images/www2018-125-fig5.jpg
Connecting to deliveryimages.acm.org (deliveryimages.acm.org)|104.17.79.191|:443... connected.
HTTP request sent, awaiting response... 200 OK
Length: 93293 (91K) [image/jpeg]
Saving to: ‘../data/deliveryimages.acm.org/10.1145/3190000/3186116/images/www2018-125-fig5.jpg’

     0K .......... .......... .......... .......... .......... 54% 1.58M 0s
    50K .......... .......... .......... .......... .         100% 3.02M=0.04s

2018-05-16 14:21:26 (2.02 MB/s) - ‘../data/deliveryimages.acm.org/10.1145/3190000/3186116/images/www2018-125-fig5.jpg’ saved [93293/93293]

FINISHED --2018-05-16 14:21:26--
Total wall clock time: 5.1s
Downloaded: 8 files, 854K in 1.0s (827 KB/s)
Converting links in ../data/delivery.acm.org/10.1145/3190000/3186116/p499-zhuang.html?ip=24.48.71.56&id=3186116&acc=OPENTOC&key=4D4702B0C3E38B35.4D4702B0C3E38B35.4D4702B0C3E38B35.4DD68F0663C025AA&__acm__=1526495179_f8d39de8184d9bf4a98562c9fcb1f60b... 163-0
Converted links in 1 files in 0.005 seconds.
