--2018-05-16 14:59:02--  http://delivery.acm.org/10.1145/3200000/3191548/p1147-enea.html?ip=24.48.71.56&id=3191548&acc=OPENTOC&key=4D4702B0C3E38B35%2E4D4702B0C3E38B35%2E4D4702B0C3E38B35%2E4DD68F0663C025AA&__acm__=1526497442_f4659700028a972ff71701a5a443bfb2
Resolving delivery.acm.org (delivery.acm.org)... 24.200.120.90, 24.200.120.82
Connecting to delivery.acm.org (delivery.acm.org)|24.200.120.90|:80... connected.
HTTP request sent, awaiting response... 200 OK
Length: 50819 (50K) [text/html]
Saving to: ‘../data/delivery.acm.org/10.1145/3200000/3191548/p1147-enea.html?ip=24.48.71.56&id=3191548&acc=OPENTOC&key=4D4702B0C3E38B35.4D4702B0C3E38B35.4D4702B0C3E38B35.4DD68F0663C025AA&__acm__=1526497442_f4659700028a972ff71701a5a443bfb2’

     0K .......... .......... .......... .......... ......... 100% 1.51M=0.03s

2018-05-16 14:59:02 (1.51 MB/s) - ‘../data/delivery.acm.org/10.1145/3200000/3191548/p1147-enea.html?ip=24.48.71.56&id=3191548&acc=OPENTOC&key=4D4702B0C3E38B35.4D4702B0C3E38B35.4D4702B0C3E38B35.4DD68F0663C025AA&__acm__=1526497442_f4659700028a972ff71701a5a443bfb2’ saved [50819/50819]

--2018-05-16 14:59:02--  http://deliveryimages.acm.org/10.1145/3200000/3191548/images/image1.png
Resolving deliveryimages.acm.org (deliveryimages.acm.org)... 104.17.80.191, 104.17.79.191
Connecting to deliveryimages.acm.org (deliveryimages.acm.org)|104.17.80.191|:80... connected.
HTTP request sent, awaiting response... 301 Moved Permanently
Location: https://deliveryimages.acm.org/10.1145/3200000/3191548/images/image1.png [following]
--2018-05-16 14:59:02--  https://deliveryimages.acm.org/10.1145/3200000/3191548/images/image1.png
Connecting to deliveryimages.acm.org (deliveryimages.acm.org)|104.17.80.191|:443... connected.
HTTP request sent, awaiting response... 200 OK
Length: 56016 (55K) [image/png]
Saving to: ‘../data/deliveryimages.acm.org/10.1145/3200000/3191548/images/image1.png’

     0K .......... .......... .......... .......... .......... 91% 1.78M 0s
    50K ....                                                  100% 3.59M=0.03s

2018-05-16 14:59:02 (1.86 MB/s) - ‘../data/deliveryimages.acm.org/10.1145/3200000/3191548/images/image1.png’ saved [56016/56016]

--2018-05-16 14:59:02--  http://deliveryimages.acm.org/10.1145/3200000/3191548/images/www18companion-287-graphic1.jpg
Connecting to deliveryimages.acm.org (deliveryimages.acm.org)|104.17.80.191|:80... connected.
HTTP request sent, awaiting response... 301 Moved Permanently
Location: https://deliveryimages.acm.org/10.1145/3200000/3191548/images/www18companion-287-graphic1.jpg [following]
--2018-05-16 14:59:02--  https://deliveryimages.acm.org/10.1145/3200000/3191548/images/www18companion-287-graphic1.jpg
Connecting to deliveryimages.acm.org (deliveryimages.acm.org)|104.17.80.191|:443... connected.
HTTP request sent, awaiting response... 200 OK
Length: 87912 (86K) [image/jpeg]
Saving to: ‘../data/deliveryimages.acm.org/10.1145/3200000/3191548/images/www18companion-287-graphic1.jpg’

     0K .......... .......... .......... .......... .......... 58% 1.18M 0s
    50K .......... .......... .......... .....                100% 3.51M=0.05s

2018-05-16 14:59:03 (1.63 MB/s) - ‘../data/deliveryimages.acm.org/10.1145/3200000/3191548/images/www18companion-287-graphic1.jpg’ saved [87912/87912]

--2018-05-16 14:59:03--  http://deliveryimages.acm.org/10.1145/3200000/3191548/images/image2.png
Connecting to deliveryimages.acm.org (deliveryimages.acm.org)|104.17.80.191|:80... connected.
HTTP request sent, awaiting response... 301 Moved Permanently
Location: https://deliveryimages.acm.org/10.1145/3200000/3191548/images/image2.png [following]
--2018-05-16 14:59:03--  https://deliveryimages.acm.org/10.1145/3200000/3191548/images/image2.png
Connecting to deliveryimages.acm.org (deliveryimages.acm.org)|104.17.80.191|:443... connected.
HTTP request sent, awaiting response... 200 OK
Length: 51564 (50K) [image/png]
Saving to: ‘../data/deliveryimages.acm.org/10.1145/3200000/3191548/images/image2.png’

     0K .......... .......... .......... .......... .......... 99% 1.73M 0s
    50K                                                       100% 5.24M=0.03s

2018-05-16 14:59:03 (1.73 MB/s) - ‘../data/deliveryimages.acm.org/10.1145/3200000/3191548/images/image2.png’ saved [51564/51564]

--2018-05-16 14:59:03--  http://deliveryimages.acm.org/10.1145/3200000/3191548/images/image3.png
Connecting to deliveryimages.acm.org (deliveryimages.acm.org)|104.17.80.191|:80... connected.
HTTP request sent, awaiting response... 301 Moved Permanently
Location: https://deliveryimages.acm.org/10.1145/3200000/3191548/images/image3.png [following]
--2018-05-16 14:59:03--  https://deliveryimages.acm.org/10.1145/3200000/3191548/images/image3.png
Connecting to deliveryimages.acm.org (deliveryimages.acm.org)|104.17.80.191|:443... connected.
HTTP request sent, awaiting response... 200 OK
Length: 39747 (39K) [image/png]
Saving to: ‘../data/deliveryimages.acm.org/10.1145/3200000/3191548/images/image3.png’

     0K .......... .......... .......... ........             100% 1.60M=0.02s

2018-05-16 14:59:03 (1.60 MB/s) - ‘../data/deliveryimages.acm.org/10.1145/3200000/3191548/images/image3.png’ saved [39747/39747]

--2018-05-16 14:59:03--  http://deliveryimages.acm.org/10.1145/3200000/3191548/images/image4.png
Connecting to deliveryimages.acm.org (deliveryimages.acm.org)|104.17.80.191|:80... connected.
HTTP request sent, awaiting response... 301 Moved Permanently
Location: https://deliveryimages.acm.org/10.1145/3200000/3191548/images/image4.png [following]
--2018-05-16 14:59:03--  https://deliveryimages.acm.org/10.1145/3200000/3191548/images/image4.png
Connecting to deliveryimages.acm.org (deliveryimages.acm.org)|104.17.80.191|:443... connected.
HTTP request sent, awaiting response... 200 OK
Length: 74112 (72K) [image/png]
Saving to: ‘../data/deliveryimages.acm.org/10.1145/3200000/3191548/images/image4.png’

     0K .......... .......... .......... .......... .......... 69% 1.65M 0s
    50K .......... .......... ..                              100% 3.62M=0.04s

2018-05-16 14:59:04 (1.98 MB/s) - ‘../data/deliveryimages.acm.org/10.1145/3200000/3191548/images/image4.png’ saved [74112/74112]

--2018-05-16 14:59:04--  http://deliveryimages.acm.org/10.1145/3200000/3191548/images/image5.png
Connecting to deliveryimages.acm.org (deliveryimages.acm.org)|104.17.80.191|:80... connected.
HTTP request sent, awaiting response... 301 Moved Permanently
Location: https://deliveryimages.acm.org/10.1145/3200000/3191548/images/image5.png [following]
--2018-05-16 14:59:04--  https://deliveryimages.acm.org/10.1145/3200000/3191548/images/image5.png
Connecting to deliveryimages.acm.org (deliveryimages.acm.org)|104.17.80.191|:443... connected.
HTTP request sent, awaiting response... 200 OK
Length: 96149 (94K) [image/png]
Saving to: ‘../data/deliveryimages.acm.org/10.1145/3200000/3191548/images/image5.png’

     0K .......... .......... .......... .......... .......... 53% 1.26M 0s
    50K .......... .......... .......... .......... ...       100% 4.57M=0.05s

2018-05-16 14:59:04 (1.90 MB/s) - ‘../data/deliveryimages.acm.org/10.1145/3200000/3191548/images/image5.png’ saved [96149/96149]

--2018-05-16 14:59:04--  http://deliveryimages.acm.org/10.1145/3200000/3191548/images/image6.png
Connecting to deliveryimages.acm.org (deliveryimages.acm.org)|104.17.80.191|:80... connected.
HTTP request sent, awaiting response... 301 Moved Permanently
Location: https://deliveryimages.acm.org/10.1145/3200000/3191548/images/image6.png [following]
--2018-05-16 14:59:04--  https://deliveryimages.acm.org/10.1145/3200000/3191548/images/image6.png
Connecting to deliveryimages.acm.org (deliveryimages.acm.org)|104.17.80.191|:443... connected.
HTTP request sent, awaiting response... 200 OK
Length: 183950 (180K) [image/png]
Saving to: ‘../data/deliveryimages.acm.org/10.1145/3200000/3191548/images/image6.png’

     0K .......... .......... .......... .......... .......... 27% 1.18M 0s
    50K .......... .......... .......... .......... .......... 55% 3.00M 0s
   100K .......... .......... .......... .......... .......... 83% 5.66M 0s
   150K .......... .......... .........                       100% 2.84M=0.08s

2018-05-16 14:59:04 (2.29 MB/s) - ‘../data/deliveryimages.acm.org/10.1145/3200000/3191548/images/image6.png’ saved [183950/183950]

FINISHED --2018-05-16 14:59:04--
Total wall clock time: 2.8s
Downloaded: 8 files, 625K in 0.3s (1.88 MB/s)
Converting links in ../data/delivery.acm.org/10.1145/3200000/3191548/p1147-enea.html?ip=24.48.71.56&id=3191548&acc=OPENTOC&key=4D4702B0C3E38B35.4D4702B0C3E38B35.4D4702B0C3E38B35.4DD68F0663C025AA&__acm__=1526497442_f4659700028a972ff71701a5a443bfb2... 51-0
Converted links in 1 files in 0.001 seconds.
