--2018-05-16 14:18:51--  http://delivery.acm.org/10.1145/3190000/3186100/p339-jeon.html?ip=24.48.71.56&id=3186100&acc=OPENTOC&key=4D4702B0C3E38B35%2E4D4702B0C3E38B35%2E4D4702B0C3E38B35%2E4DD68F0663C025AA&__acm__=1526495029_5bbea9284e1bece9bafaf1c593182bd1
Resolving delivery.acm.org (delivery.acm.org)... 24.200.120.90, 24.200.120.82
Connecting to delivery.acm.org (delivery.acm.org)|24.200.120.90|:80... connected.
HTTP request sent, awaiting response... 200 OK
Length: 98473 (96K) [text/html]
Saving to: ‘../data/delivery.acm.org/10.1145/3190000/3186100/p339-jeon.html?ip=24.48.71.56&id=3186100&acc=OPENTOC&key=4D4702B0C3E38B35.4D4702B0C3E38B35.4D4702B0C3E38B35.4DD68F0663C025AA&__acm__=1526495029_5bbea9284e1bece9bafaf1c593182bd1’

     0K .......... .......... .......... .......... .......... 51% 1.85M 0s
    50K .......... .......... .......... .......... ......    100% 4.04M=0.04s

2018-05-16 14:18:51 (2.50 MB/s) - ‘../data/delivery.acm.org/10.1145/3190000/3186100/p339-jeon.html?ip=24.48.71.56&id=3186100&acc=OPENTOC&key=4D4702B0C3E38B35.4D4702B0C3E38B35.4D4702B0C3E38B35.4DD68F0663C025AA&__acm__=1526495029_5bbea9284e1bece9bafaf1c593182bd1’ saved [98473/98473]

--2018-05-16 14:18:51--  http://deliveryimages.acm.org/10.1145/3190000/3186100/images/www2018-109-fig1.jpg
Resolving deliveryimages.acm.org (deliveryimages.acm.org)... 104.17.79.191, 104.17.80.191
Connecting to deliveryimages.acm.org (deliveryimages.acm.org)|104.17.79.191|:80... connected.
HTTP request sent, awaiting response... 301 Moved Permanently
Location: https://deliveryimages.acm.org/10.1145/3190000/3186100/images/www2018-109-fig1.jpg [following]
--2018-05-16 14:18:51--  https://deliveryimages.acm.org/10.1145/3190000/3186100/images/www2018-109-fig1.jpg
Connecting to deliveryimages.acm.org (deliveryimages.acm.org)|104.17.79.191|:443... connected.
HTTP request sent, awaiting response... 200 OK
Length: 253366 (247K) [image/jpeg]
Saving to: ‘../data/deliveryimages.acm.org/10.1145/3190000/3186100/images/www2018-109-fig1.jpg’

     0K .......... .......... .......... .......... .......... 20% 1.47M 0s
    50K .......... .......... .......... .......... .......... 40% 1.33M 0s
   100K .......... .......... .......... .......... .......... 60% 9.44M 0s
   150K .......... .......... .......... .......... .......... 80% 3.19M 0s
   200K .......... .......... .......... .......... .......   100% 3.23M=0.1s

2018-05-16 14:18:51 (2.31 MB/s) - ‘../data/deliveryimages.acm.org/10.1145/3190000/3186100/images/www2018-109-fig1.jpg’ saved [253366/253366]

--2018-05-16 14:18:51--  http://deliveryimages.acm.org/10.1145/3190000/3186100/images/www2018-109-fig2.jpg
Connecting to deliveryimages.acm.org (deliveryimages.acm.org)|104.17.79.191|:80... connected.
HTTP request sent, awaiting response... 301 Moved Permanently
Location: https://deliveryimages.acm.org/10.1145/3190000/3186100/images/www2018-109-fig2.jpg [following]
--2018-05-16 14:18:51--  https://deliveryimages.acm.org/10.1145/3190000/3186100/images/www2018-109-fig2.jpg
Connecting to deliveryimages.acm.org (deliveryimages.acm.org)|104.17.79.191|:443... connected.
HTTP request sent, awaiting response... 200 OK
Length: 211964 (207K) [image/jpeg]
Saving to: ‘../data/deliveryimages.acm.org/10.1145/3190000/3186100/images/www2018-109-fig2.jpg’

     0K .......... .......... .......... .......... .......... 24% 1.85M 0s
    50K .......... .......... .......... .......... .......... 48% 2.43M 0s
   100K .......... .......... .......... .......... .......... 72% 4.96M 0s
   150K .......... .......... .......... .......... .......... 96% 2.73M 0s
   200K ......                                                100%  139M=0.07s

2018-05-16 14:18:51 (2.72 MB/s) - ‘../data/deliveryimages.acm.org/10.1145/3190000/3186100/images/www2018-109-fig2.jpg’ saved [211964/211964]

--2018-05-16 14:18:51--  http://deliveryimages.acm.org/10.1145/3190000/3186100/images/www2018-109-fig3.jpg
Connecting to deliveryimages.acm.org (deliveryimages.acm.org)|104.17.79.191|:80... connected.
HTTP request sent, awaiting response... 301 Moved Permanently
Location: https://deliveryimages.acm.org/10.1145/3190000/3186100/images/www2018-109-fig3.jpg [following]
--2018-05-16 14:18:51--  https://deliveryimages.acm.org/10.1145/3190000/3186100/images/www2018-109-fig3.jpg
Connecting to deliveryimages.acm.org (deliveryimages.acm.org)|104.17.79.191|:443... connected.
HTTP request sent, awaiting response... 200 OK
Length: 165365 (161K) [image/jpeg]
Saving to: ‘../data/deliveryimages.acm.org/10.1145/3190000/3186100/images/www2018-109-fig3.jpg’

     0K .......... .......... .......... .......... .......... 30% 1.25M 0s
    50K .......... .......... .......... .......... .......... 61% 3.54M 0s
   100K .......... .......... .......... .......... .......... 92% 4.97M 0s
   150K .......... .                                          100% 2.67M=0.07s

2018-05-16 14:18:52 (2.35 MB/s) - ‘../data/deliveryimages.acm.org/10.1145/3190000/3186100/images/www2018-109-fig3.jpg’ saved [165365/165365]

--2018-05-16 14:18:52--  http://deliveryimages.acm.org/10.1145/3190000/3186100/images/www2018-109-fig4.jpg
Connecting to deliveryimages.acm.org (deliveryimages.acm.org)|104.17.79.191|:80... connected.
HTTP request sent, awaiting response... 301 Moved Permanently
Location: https://deliveryimages.acm.org/10.1145/3190000/3186100/images/www2018-109-fig4.jpg [following]
--2018-05-16 14:18:52--  https://deliveryimages.acm.org/10.1145/3190000/3186100/images/www2018-109-fig4.jpg
Connecting to deliveryimages.acm.org (deliveryimages.acm.org)|104.17.79.191|:443... connected.
HTTP request sent, awaiting response... 200 OK
Length: 254413 (248K) [image/jpeg]
Saving to: ‘../data/deliveryimages.acm.org/10.1145/3190000/3186100/images/www2018-109-fig4.jpg’

     0K .......... .......... .......... .......... .......... 20% 1.59M 0s
    50K .......... .......... .......... .......... .......... 40% 3.09M 0s
   100K .......... .......... .......... .......... .......... 60% 3.07M 0s
   150K .......... .......... .......... .......... .......... 80% 4.34M 0s
   200K .......... .......... .......... .......... ........  100% 4.20M=0.08s

2018-05-16 14:18:52 (2.86 MB/s) - ‘../data/deliveryimages.acm.org/10.1145/3190000/3186100/images/www2018-109-fig4.jpg’ saved [254413/254413]

--2018-05-16 14:18:52--  http://deliveryimages.acm.org/10.1145/3190000/3186100/images/www2018-109-fig8.jpg
Connecting to deliveryimages.acm.org (deliveryimages.acm.org)|104.17.79.191|:80... connected.
HTTP request sent, awaiting response... 301 Moved Permanently
Location: https://deliveryimages.acm.org/10.1145/3190000/3186100/images/www2018-109-fig8.jpg [following]
--2018-05-16 14:18:52--  https://deliveryimages.acm.org/10.1145/3190000/3186100/images/www2018-109-fig8.jpg
Connecting to deliveryimages.acm.org (deliveryimages.acm.org)|104.17.79.191|:443... connected.
HTTP request sent, awaiting response... 200 OK
Length: 51170 (50K) [image/jpeg]
Saving to: ‘../data/deliveryimages.acm.org/10.1145/3190000/3186100/images/www2018-109-fig8.jpg’

     0K .......... .......... .......... .......... ......... 100% 1.94M=0.03s

2018-05-16 14:18:52 (1.94 MB/s) - ‘../data/deliveryimages.acm.org/10.1145/3190000/3186100/images/www2018-109-fig8.jpg’ saved [51170/51170]

--2018-05-16 14:18:52--  http://deliveryimages.acm.org/10.1145/3190000/3186100/images/www2018-109-fig6.jpg
Connecting to deliveryimages.acm.org (deliveryimages.acm.org)|104.17.79.191|:80... connected.
HTTP request sent, awaiting response... 301 Moved Permanently
Location: https://deliveryimages.acm.org/10.1145/3190000/3186100/images/www2018-109-fig6.jpg [following]
--2018-05-16 14:18:52--  https://deliveryimages.acm.org/10.1145/3190000/3186100/images/www2018-109-fig6.jpg
Connecting to deliveryimages.acm.org (deliveryimages.acm.org)|104.17.79.191|:443... connected.
HTTP request sent, awaiting response... 200 OK
Length: 862353 (842K) [image/jpeg]
Saving to: ‘../data/deliveryimages.acm.org/10.1145/3190000/3186100/images/www2018-109-fig6.jpg’

     0K .......... .......... .......... .......... ..........  5% 1.34M 1s
    50K .......... .......... .......... .......... .......... 11% 3.85M 0s
   100K .......... .......... .......... .......... .......... 17% 3.79M 0s
   150K .......... .......... .......... .......... .......... 23% 4.78M 0s
   200K .......... .......... .......... .......... .......... 29% 3.14M 0s
   250K .......... .......... .......... .......... .......... 35% 5.16M 0s
   300K .......... .......... .......... .......... .......... 41% 2.92M 0s
   350K .......... .......... .......... .......... .......... 47% 3.47M 0s
   400K .......... .......... .......... .......... .......... 53% 1.96M 0s
   450K .......... .......... .......... .......... .......... 59% 13.9M 0s
   500K .......... .......... .......... .......... .......... 65% 10.6M 0s
   550K .......... .......... .......... .......... .......... 71% 5.79M 0s
   600K .......... .......... .......... .......... .......... 77% 3.33M 0s
   650K .......... .......... .......... .......... .......... 83% 5.19M 0s
   700K .......... .......... .......... .......... .......... 89% 2.54M 0s
   750K .......... .......... .......... .......... .......... 94% 2.91M 0s
   800K .......... .......... .......... .......... ..        100%  272M=0.2s

2018-05-16 14:18:53 (3.58 MB/s) - ‘../data/deliveryimages.acm.org/10.1145/3190000/3186100/images/www2018-109-fig6.jpg’ saved [862353/862353]

--2018-05-16 14:18:53--  http://deliveryimages.acm.org/10.1145/3190000/3186100/images/www2018-109-fig7.jpg
Connecting to deliveryimages.acm.org (deliveryimages.acm.org)|104.17.79.191|:80... connected.
HTTP request sent, awaiting response... 301 Moved Permanently
Location: https://deliveryimages.acm.org/10.1145/3190000/3186100/images/www2018-109-fig7.jpg [following]
--2018-05-16 14:18:53--  https://deliveryimages.acm.org/10.1145/3190000/3186100/images/www2018-109-fig7.jpg
Connecting to deliveryimages.acm.org (deliveryimages.acm.org)|104.17.79.191|:443... connected.
HTTP request sent, awaiting response... 200 OK
Length: 195482 (191K) [image/jpeg]
Saving to: ‘../data/deliveryimages.acm.org/10.1145/3190000/3186100/images/www2018-109-fig7.jpg’

     0K .......... .......... .......... .......... .......... 26% 1.43M 0s
    50K .......... .......... .......... .......... .......... 52% 2.49M 0s
   100K .......... .......... .......... .......... .......... 78% 2.90M 0s
   150K .......... .......... .......... ..........           100% 3.38M=0.08s

2018-05-16 14:18:53 (2.26 MB/s) - ‘../data/deliveryimages.acm.org/10.1145/3190000/3186100/images/www2018-109-fig7.jpg’ saved [195482/195482]

FINISHED --2018-05-16 14:18:53--
Total wall clock time: 2.5s
Downloaded: 8 files, 2.0M in 0.7s (2.83 MB/s)
Converting links in ../data/delivery.acm.org/10.1145/3190000/3186100/p339-jeon.html?ip=24.48.71.56&id=3186100&acc=OPENTOC&key=4D4702B0C3E38B35.4D4702B0C3E38B35.4D4702B0C3E38B35.4DD68F0663C025AA&__acm__=1526495029_5bbea9284e1bece9bafaf1c593182bd1... 151-0
Converted links in 1 files in 0.002 seconds.
