--2018-05-16 14:59:57--  http://delivery.acm.org/10.1145/3200000/3191561/p1221-graells-garrido.html?ip=24.48.71.56&id=3191561&acc=OPENTOC&key=4D4702B0C3E38B35%2E4D4702B0C3E38B35%2E4D4702B0C3E38B35%2E4DD68F0663C025AA&__acm__=1526497497_ec7d506ae2b9b9c9555874a09f139d5c
Resolving delivery.acm.org (delivery.acm.org)... 24.200.120.82, 24.200.120.90
Connecting to delivery.acm.org (delivery.acm.org)|24.200.120.82|:80... connected.
HTTP request sent, awaiting response... 200 OK
Length: 59103 (58K) [text/html]
Saving to: ‘../data/delivery.acm.org/10.1145/3200000/3191561/p1221-graells-garrido.html?ip=24.48.71.56&id=3191561&acc=OPENTOC&key=4D4702B0C3E38B35.4D4702B0C3E38B35.4D4702B0C3E38B35.4DD68F0663C025AA&__acm__=1526497497_ec7d506ae2b9b9c9555874a09f139d5c’

     0K .......... .......... .......... .......... .......... 86% 2.39M 0s
    50K .......                                               100% 3.17M=0.02s

2018-05-16 14:59:58 (2.47 MB/s) - ‘../data/delivery.acm.org/10.1145/3200000/3191561/p1221-graells-garrido.html?ip=24.48.71.56&id=3191561&acc=OPENTOC&key=4D4702B0C3E38B35.4D4702B0C3E38B35.4D4702B0C3E38B35.4DD68F0663C025AA&__acm__=1526497497_ec7d506ae2b9b9c9555874a09f139d5c’ saved [59103/59103]

--2018-05-16 14:59:58--  http://deliveryimages.acm.org/10.1145/3200000/3191561/images/www18companion-300-fig1.jpg
Resolving deliveryimages.acm.org (deliveryimages.acm.org)... 104.17.80.191, 104.17.79.191
Connecting to deliveryimages.acm.org (deliveryimages.acm.org)|104.17.80.191|:80... connected.
HTTP request sent, awaiting response... 301 Moved Permanently
Location: https://deliveryimages.acm.org/10.1145/3200000/3191561/images/www18companion-300-fig1.jpg [following]
--2018-05-16 14:59:58--  https://deliveryimages.acm.org/10.1145/3200000/3191561/images/www18companion-300-fig1.jpg
Connecting to deliveryimages.acm.org (deliveryimages.acm.org)|104.17.80.191|:443... connected.
HTTP request sent, awaiting response... 200 OK
Length: 227415 (222K) [image/jpeg]
Saving to: ‘../data/deliveryimages.acm.org/10.1145/3200000/3191561/images/www18companion-300-fig1.jpg’

     0K .......... .......... .......... .......... .......... 22% 1.35M 0s
    50K .......... .......... .......... .......... .......... 45% 1.83M 0s
   100K .......... .......... .......... .......... .......... 67% 11.5M 0s
   150K .......... .......... .......... .......... .......... 90% 2.89M 0s
   200K .......... .......... ..                              100%  173M=0.08s

2018-05-16 14:59:58 (2.58 MB/s) - ‘../data/deliveryimages.acm.org/10.1145/3200000/3191561/images/www18companion-300-fig1.jpg’ saved [227415/227415]

--2018-05-16 14:59:58--  http://deliveryimages.acm.org/10.1145/3200000/3191561/images/www18companion-300-fig2.jpg
Connecting to deliveryimages.acm.org (deliveryimages.acm.org)|104.17.80.191|:80... connected.
HTTP request sent, awaiting response... 301 Moved Permanently
Location: https://deliveryimages.acm.org/10.1145/3200000/3191561/images/www18companion-300-fig2.jpg [following]
--2018-05-16 14:59:58--  https://deliveryimages.acm.org/10.1145/3200000/3191561/images/www18companion-300-fig2.jpg
Connecting to deliveryimages.acm.org (deliveryimages.acm.org)|104.17.80.191|:443... connected.
HTTP request sent, awaiting response... 200 OK
Length: 500554 (489K) [image/jpeg]
Saving to: ‘../data/deliveryimages.acm.org/10.1145/3200000/3191561/images/www18companion-300-fig2.jpg’

     0K .......... .......... .......... .......... .......... 10% 1.38M 0s
    50K .......... .......... .......... .......... .......... 20% 2.91M 0s
   100K .......... .......... .......... .......... .......... 30% 4.69M 0s
   150K .......... .......... .......... .......... .......... 40% 3.58M 0s
   200K .......... .......... .......... .......... .......... 51% 3.15M 0s
   250K .......... .......... .......... .......... .......... 61% 1.40M 0s
   300K .......... .......... .......... .......... .......... 71%  230M 0s
   350K .......... .......... .......... .......... .......... 81% 4.55M 0s
   400K .......... .......... .......... .......... .......... 92% 4.92M 0s
   450K .......... .......... .......... ........             100% 3.73M=0.2s

2018-05-16 14:59:58 (3.03 MB/s) - ‘../data/deliveryimages.acm.org/10.1145/3200000/3191561/images/www18companion-300-fig2.jpg’ saved [500554/500554]

--2018-05-16 14:59:58--  http://deliveryimages.acm.org/10.1145/3200000/3191561/images/www18companion-300-fig3.jpg
Connecting to deliveryimages.acm.org (deliveryimages.acm.org)|104.17.80.191|:80... connected.
HTTP request sent, awaiting response... 301 Moved Permanently
Location: https://deliveryimages.acm.org/10.1145/3200000/3191561/images/www18companion-300-fig3.jpg [following]
--2018-05-16 14:59:58--  https://deliveryimages.acm.org/10.1145/3200000/3191561/images/www18companion-300-fig3.jpg
Connecting to deliveryimages.acm.org (deliveryimages.acm.org)|104.17.80.191|:443... connected.
HTTP request sent, awaiting response... 200 OK
Length: 302552 (295K) [image/jpeg]
Saving to: ‘../data/deliveryimages.acm.org/10.1145/3200000/3191561/images/www18companion-300-fig3.jpg’

     0K .......... .......... .......... .......... .......... 16%  860K 0s
    50K .......... .......... .......... .......... .......... 33% 1.14M 0s
   100K .......... .......... .......... .......... .......... 50% 1.46M 0s
   150K .......... .......... .......... .......... .......... 67% 1.39M 0s
   200K .......... .......... .......... .......... .......... 84% 1.35M 0s
   250K .......... .......... .......... .......... .....     100% 1.86M=0.2s

2018-05-16 14:59:59 (1.26 MB/s) - ‘../data/deliveryimages.acm.org/10.1145/3200000/3191561/images/www18companion-300-fig3.jpg’ saved [302552/302552]

--2018-05-16 14:59:59--  http://deliveryimages.acm.org/10.1145/3200000/3191561/images/www18companion-300-fig4.jpg
Connecting to deliveryimages.acm.org (deliveryimages.acm.org)|104.17.80.191|:80... connected.
HTTP request sent, awaiting response... 301 Moved Permanently
Location: https://deliveryimages.acm.org/10.1145/3200000/3191561/images/www18companion-300-fig4.jpg [following]
--2018-05-16 14:59:59--  https://deliveryimages.acm.org/10.1145/3200000/3191561/images/www18companion-300-fig4.jpg
Connecting to deliveryimages.acm.org (deliveryimages.acm.org)|104.17.80.191|:443... connected.
HTTP request sent, awaiting response... 200 OK
Length: 237356 (232K) [image/jpeg]
Saving to: ‘../data/deliveryimages.acm.org/10.1145/3200000/3191561/images/www18companion-300-fig4.jpg’

     0K .......... .......... .......... .......... .......... 21% 1.36M 0s
    50K .......... .......... .......... .......... .......... 43% 2.69M 0s
   100K .......... .......... .......... .......... .......... 64% 1.76M 0s
   150K .......... .......... .......... .......... .......... 86% 3.89M 0s
   200K .......... .......... .......... .                    100% 5.91M=0.1s

2018-05-16 14:59:59 (2.27 MB/s) - ‘../data/deliveryimages.acm.org/10.1145/3200000/3191561/images/www18companion-300-fig4.jpg’ saved [237356/237356]

--2018-05-16 14:59:59--  http://deliveryimages.acm.org/10.1145/3200000/3191561/images/www18companion-300-fig5.jpg
Connecting to deliveryimages.acm.org (deliveryimages.acm.org)|104.17.80.191|:80... connected.
HTTP request sent, awaiting response... 301 Moved Permanently
Location: https://deliveryimages.acm.org/10.1145/3200000/3191561/images/www18companion-300-fig5.jpg [following]
--2018-05-16 14:59:59--  https://deliveryimages.acm.org/10.1145/3200000/3191561/images/www18companion-300-fig5.jpg
Connecting to deliveryimages.acm.org (deliveryimages.acm.org)|104.17.80.191|:443... connected.
HTTP request sent, awaiting response... 200 OK
Length: 307431 (300K) [image/jpeg]
Saving to: ‘../data/deliveryimages.acm.org/10.1145/3200000/3191561/images/www18companion-300-fig5.jpg’

     0K .......... .......... .......... .......... .......... 16% 1.55M 0s
    50K .......... .......... .......... .......... .......... 33% 3.66M 0s
   100K .......... .......... .......... .......... .......... 49% 2.52M 0s
   150K .......... .......... .......... .......... .......... 66% 4.44M 0s
   200K .......... .......... .......... .......... .......... 83% 6.55M 0s
   250K .......... .......... .......... .......... .......... 99% 5.34M 0s
   300K                                                       100%  430G=0.09s

2018-05-16 15:00:00 (3.19 MB/s) - ‘../data/deliveryimages.acm.org/10.1145/3200000/3191561/images/www18companion-300-fig5.jpg’ saved [307431/307431]

--2018-05-16 15:00:00--  http://deliveryimages.acm.org/10.1145/3200000/3191561/images/www18companion-300-fig6.jpg
Connecting to deliveryimages.acm.org (deliveryimages.acm.org)|104.17.80.191|:80... connected.
HTTP request sent, awaiting response... 301 Moved Permanently
Location: https://deliveryimages.acm.org/10.1145/3200000/3191561/images/www18companion-300-fig6.jpg [following]
--2018-05-16 15:00:00--  https://deliveryimages.acm.org/10.1145/3200000/3191561/images/www18companion-300-fig6.jpg
Connecting to deliveryimages.acm.org (deliveryimages.acm.org)|104.17.80.191|:443... connected.
HTTP request sent, awaiting response... 200 OK
Length: 541933 (529K) [image/jpeg]
Saving to: ‘../data/deliveryimages.acm.org/10.1145/3200000/3191561/images/www18companion-300-fig6.jpg’

     0K .......... .......... .......... .......... ..........  9% 1.21M 0s
    50K .......... .......... .......... .......... .......... 18% 3.17M 0s
   100K .......... .......... .......... .......... .......... 28% 2.88M 0s
   150K .......... .......... .......... .......... .......... 37% 5.75M 0s
   200K .......... .......... .......... .......... .......... 47% 3.62M 0s
   250K .......... .......... .......... .......... .......... 56% 6.70M 0s
   300K .......... .......... .......... .......... .......... 66% 3.93M 0s
   350K .......... .......... .......... .......... .......... 75% 3.34M 0s
   400K .......... .......... .......... .......... .......... 85% 2.90M 0s
   450K .......... .......... .......... .......... .......... 94% 6.28M 0s
   500K .......... .......... .........                       100% 7.23M=0.2s

2018-05-16 15:00:00 (3.28 MB/s) - ‘../data/deliveryimages.acm.org/10.1145/3200000/3191561/images/www18companion-300-fig6.jpg’ saved [541933/541933]

FINISHED --2018-05-16 15:00:00--
Total wall clock time: 2.6s
Downloaded: 7 files, 2.1M in 0.8s (2.46 MB/s)
Converting links in ../data/delivery.acm.org/10.1145/3200000/3191561/p1221-graells-garrido.html?ip=24.48.71.56&id=3191561&acc=OPENTOC&key=4D4702B0C3E38B35.4D4702B0C3E38B35.4D4702B0C3E38B35.4DD68F0663C025AA&__acm__=1526497497_ec7d506ae2b9b9c9555874a09f139d5c... 59-0
Converted links in 1 files in 0.001 seconds.
