--2018-05-16 14:33:58--  http://delivery.acm.org/10.1145/3190000/3186067/p1553-zhang.html?ip=24.48.71.56&id=3186067&acc=OPENTOC&key=4D4702B0C3E38B35%2E4D4702B0C3E38B35%2E4D4702B0C3E38B35%2E4DD68F0663C025AA&__acm__=1526495936_0e8d5b9bb9c059522c33174944b9778e
Resolving delivery.acm.org (delivery.acm.org)... 24.200.120.90, 24.200.120.82
Connecting to delivery.acm.org (delivery.acm.org)|24.200.120.90|:80... connected.
HTTP request sent, awaiting response... 200 OK
Length: 106716 (104K) [text/html]
Saving to: ‘../data/delivery.acm.org/10.1145/3190000/3186067/p1553-zhang.html?ip=24.48.71.56&id=3186067&acc=OPENTOC&key=4D4702B0C3E38B35.4D4702B0C3E38B35.4D4702B0C3E38B35.4DD68F0663C025AA&__acm__=1526495936_0e8d5b9bb9c059522c33174944b9778e’

     0K .......... .......... .......... .......... .......... 47% 2.12M 0s
    50K .......... .......... .......... .......... .......... 95% 3.54M 0s
   100K ....                                                  100% 8039G=0.04s

2018-05-16 14:33:58 (2.77 MB/s) - ‘../data/delivery.acm.org/10.1145/3190000/3186067/p1553-zhang.html?ip=24.48.71.56&id=3186067&acc=OPENTOC&key=4D4702B0C3E38B35.4D4702B0C3E38B35.4D4702B0C3E38B35.4DD68F0663C025AA&__acm__=1526495936_0e8d5b9bb9c059522c33174944b9778e’ saved [106716/106716]

--2018-05-16 14:33:58--  http://deliveryimages.acm.org/10.1145/3190000/3186067/images/www2018-76-fig1.jpg
Resolving deliveryimages.acm.org (deliveryimages.acm.org)... 104.17.79.191, 104.17.80.191
Connecting to deliveryimages.acm.org (deliveryimages.acm.org)|104.17.79.191|:80... connected.
HTTP request sent, awaiting response... 301 Moved Permanently
Location: https://deliveryimages.acm.org/10.1145/3190000/3186067/images/www2018-76-fig1.jpg [following]
--2018-05-16 14:33:58--  https://deliveryimages.acm.org/10.1145/3190000/3186067/images/www2018-76-fig1.jpg
Connecting to deliveryimages.acm.org (deliveryimages.acm.org)|104.17.79.191|:443... connected.
HTTP request sent, awaiting response... 200 OK
Length: 345353 (337K) [image/jpeg]
Saving to: ‘../data/deliveryimages.acm.org/10.1145/3190000/3186067/images/www2018-76-fig1.jpg’

     0K .......... .......... .......... .......... .......... 14% 1.89M 0s
    50K .......... .......... .......... .......... .......... 29% 3.58M 0s
   100K .......... .......... .......... .......... .......... 44% 3.62M 0s
   150K .......... .......... .......... .......... .......... 59% 2.89M 0s
   200K .......... .......... .......... .......... .......... 74% 5.64M 0s
   250K .......... .......... .......... .......... .......... 88% 4.70M 0s
   300K .......... .......... .......... .......              100% 4.39M=0.1s

2018-05-16 14:33:58 (3.39 MB/s) - ‘../data/deliveryimages.acm.org/10.1145/3190000/3186067/images/www2018-76-fig1.jpg’ saved [345353/345353]

--2018-05-16 14:33:58--  http://deliveryimages.acm.org/10.1145/3190000/3186067/images/www2018-76-fig2.jpg
Connecting to deliveryimages.acm.org (deliveryimages.acm.org)|104.17.79.191|:80... connected.
HTTP request sent, awaiting response... 301 Moved Permanently
Location: https://deliveryimages.acm.org/10.1145/3190000/3186067/images/www2018-76-fig2.jpg [following]
--2018-05-16 14:33:58--  https://deliveryimages.acm.org/10.1145/3190000/3186067/images/www2018-76-fig2.jpg
Connecting to deliveryimages.acm.org (deliveryimages.acm.org)|104.17.79.191|:443... connected.
HTTP request sent, awaiting response... 200 OK
Length: 698565 (682K) [image/jpeg]
Saving to: ‘../data/deliveryimages.acm.org/10.1145/3190000/3186067/images/www2018-76-fig2.jpg’

     0K .......... .......... .......... .......... ..........  7% 1.38M 0s
    50K .......... .......... .......... .......... .......... 14% 3.49M 0s
   100K .......... .......... .......... .......... .......... 21% 3.79M 0s
   150K .......... .......... .......... .......... .......... 29% 3.22M 0s
   200K .......... .......... .......... .......... .......... 36% 4.22M 0s
   250K .......... .......... .......... .......... .......... 43% 4.76M 0s
   300K .......... .......... .......... .......... .......... 51% 2.51M 0s
   350K .......... .......... .......... .......... .......... 58% 7.48M 0s
   400K .......... .......... .......... .......... .......... 65% 2.78M 0s
   450K .......... .......... .......... .......... .......... 73% 6.29M 0s
   500K .......... .......... .......... .......... .......... 80% 5.95M 0s
   550K .......... .......... .......... .......... .......... 87% 3.04M 0s
   600K .......... .......... .......... .......... .......... 95% 3.88M 0s
   650K .......... .......... .......... ..                   100% 21.1M=0.2s

2018-05-16 14:33:59 (3.53 MB/s) - ‘../data/deliveryimages.acm.org/10.1145/3190000/3186067/images/www2018-76-fig2.jpg’ saved [698565/698565]

--2018-05-16 14:33:59--  http://deliveryimages.acm.org/10.1145/3190000/3186067/images/www2018-76-fig3.jpg
Connecting to deliveryimages.acm.org (deliveryimages.acm.org)|104.17.79.191|:80... connected.
HTTP request sent, awaiting response... 301 Moved Permanently
Location: https://deliveryimages.acm.org/10.1145/3190000/3186067/images/www2018-76-fig3.jpg [following]
--2018-05-16 14:33:59--  https://deliveryimages.acm.org/10.1145/3190000/3186067/images/www2018-76-fig3.jpg
Connecting to deliveryimages.acm.org (deliveryimages.acm.org)|104.17.79.191|:443... connected.
HTTP request sent, awaiting response... 200 OK
Length: 361234 (353K) [image/jpeg]
Saving to: ‘../data/deliveryimages.acm.org/10.1145/3190000/3186067/images/www2018-76-fig3.jpg’

     0K .......... .......... .......... .......... .......... 14% 1.73M 0s
    50K .......... .......... .......... .......... .......... 28% 3.73M 0s
   100K .......... .......... .......... .......... .......... 42% 4.06M 0s
   150K .......... .......... .......... .......... .......... 56% 4.07M 0s
   200K .......... .......... .......... .......... .......... 70% 2.41M 0s
   250K .......... .......... .......... .......... .......... 85% 5.21M 0s
   300K .......... .......... .......... .......... .......... 99% 5.45M 0s
   350K ..                                                    100% 32.4M=0.1s

2018-05-16 14:33:59 (3.32 MB/s) - ‘../data/deliveryimages.acm.org/10.1145/3190000/3186067/images/www2018-76-fig3.jpg’ saved [361234/361234]

--2018-05-16 14:33:59--  http://deliveryimages.acm.org/10.1145/3190000/3186067/images/www2018-76-fig4.jpg
Connecting to deliveryimages.acm.org (deliveryimages.acm.org)|104.17.79.191|:80... connected.
HTTP request sent, awaiting response... 301 Moved Permanently
Location: https://deliveryimages.acm.org/10.1145/3190000/3186067/images/www2018-76-fig4.jpg [following]
--2018-05-16 14:33:59--  https://deliveryimages.acm.org/10.1145/3190000/3186067/images/www2018-76-fig4.jpg
Connecting to deliveryimages.acm.org (deliveryimages.acm.org)|104.17.79.191|:443... connected.
HTTP request sent, awaiting response... 200 OK
Length: 244555 (239K) [image/jpeg]
Saving to: ‘../data/deliveryimages.acm.org/10.1145/3190000/3186067/images/www2018-76-fig4.jpg’

     0K .......... .......... .......... .......... .......... 20% 1.57M 0s
    50K .......... .......... .......... .......... .......... 41% 3.22M 0s
   100K .......... .......... .......... .......... .......... 62% 4.33M 0s
   150K .......... .......... .......... .......... .......... 83% 4.77M 0s
   200K .......... .......... .......... ........             100% 3.00M=0.08s

2018-05-16 14:33:59 (2.90 MB/s) - ‘../data/deliveryimages.acm.org/10.1145/3190000/3186067/images/www2018-76-fig4.jpg’ saved [244555/244555]

--2018-05-16 14:33:59--  http://deliveryimages.acm.org/10.1145/3190000/3186067/images/www2018-76-fig5.jpg
Connecting to deliveryimages.acm.org (deliveryimages.acm.org)|104.17.79.191|:80... connected.
HTTP request sent, awaiting response... 301 Moved Permanently
Location: https://deliveryimages.acm.org/10.1145/3190000/3186067/images/www2018-76-fig5.jpg [following]
--2018-05-16 14:33:59--  https://deliveryimages.acm.org/10.1145/3190000/3186067/images/www2018-76-fig5.jpg
Connecting to deliveryimages.acm.org (deliveryimages.acm.org)|104.17.79.191|:443... connected.
HTTP request sent, awaiting response... 200 OK
Length: 172080 (168K) [image/jpeg]
Saving to: ‘../data/deliveryimages.acm.org/10.1145/3190000/3186067/images/www2018-76-fig5.jpg’

     0K .......... .......... .......... .......... .......... 29% 1.43M 0s
    50K .......... .......... .......... .......... .......... 59% 1.76M 0s
   100K .......... .......... .......... .......... .......... 89% 4.80M 0s
   150K .......... ........                                   100% 2.48M=0.08s

2018-05-16 14:34:00 (2.08 MB/s) - ‘../data/deliveryimages.acm.org/10.1145/3190000/3186067/images/www2018-76-fig5.jpg’ saved [172080/172080]

--2018-05-16 14:34:00--  http://deliveryimages.acm.org/10.1145/3190000/3186067/images/www2018-76-fig6.jpg
Connecting to deliveryimages.acm.org (deliveryimages.acm.org)|104.17.79.191|:80... connected.
HTTP request sent, awaiting response... 301 Moved Permanently
Location: https://deliveryimages.acm.org/10.1145/3190000/3186067/images/www2018-76-fig6.jpg [following]
--2018-05-16 14:34:00--  https://deliveryimages.acm.org/10.1145/3190000/3186067/images/www2018-76-fig6.jpg
Connecting to deliveryimages.acm.org (deliveryimages.acm.org)|104.17.79.191|:443... connected.
HTTP request sent, awaiting response... 200 OK
Length: 69809 (68K) [image/jpeg]
Saving to: ‘../data/deliveryimages.acm.org/10.1145/3190000/3186067/images/www2018-76-fig6.jpg’

     0K .......... .......... .......... .......... .......... 73% 1.53M 0s
    50K .......... ........                                   100% 4.93M=0.04s

2018-05-16 14:34:00 (1.87 MB/s) - ‘../data/deliveryimages.acm.org/10.1145/3190000/3186067/images/www2018-76-fig6.jpg’ saved [69809/69809]

--2018-05-16 14:34:00--  http://deliveryimages.acm.org/10.1145/3190000/3186067/images/www2018-76-fig7.jpg
Connecting to deliveryimages.acm.org (deliveryimages.acm.org)|104.17.79.191|:80... connected.
HTTP request sent, awaiting response... 301 Moved Permanently
Location: https://deliveryimages.acm.org/10.1145/3190000/3186067/images/www2018-76-fig7.jpg [following]
--2018-05-16 14:34:00--  https://deliveryimages.acm.org/10.1145/3190000/3186067/images/www2018-76-fig7.jpg
Connecting to deliveryimages.acm.org (deliveryimages.acm.org)|104.17.79.191|:443... connected.
HTTP request sent, awaiting response... 200 OK
Length: 122828 (120K) [image/jpeg]
Saving to: ‘../data/deliveryimages.acm.org/10.1145/3190000/3186067/images/www2018-76-fig7.jpg’

     0K .......... .......... .......... .......... .......... 41% 1.22M 0s
    50K .......... .......... .......... .......... .......... 83% 3.80M 0s
   100K .......... .........                                  100% 3.79M=0.06s

2018-05-16 14:34:00 (2.02 MB/s) - ‘../data/deliveryimages.acm.org/10.1145/3190000/3186067/images/www2018-76-fig7.jpg’ saved [122828/122828]

FINISHED --2018-05-16 14:34:00--
Total wall clock time: 2.6s
Downloaded: 8 files, 2.0M in 0.7s (2.98 MB/s)
Converting links in ../data/delivery.acm.org/10.1145/3190000/3186067/p1553-zhang.html?ip=24.48.71.56&id=3186067&acc=OPENTOC&key=4D4702B0C3E38B35.4D4702B0C3E38B35.4D4702B0C3E38B35.4DD68F0663C025AA&__acm__=1526495936_0e8d5b9bb9c059522c33174944b9778e... 204-0
Converted links in 1 files in 0.006 seconds.
