--2018-05-16 14:33:01--  http://delivery.acm.org/10.1145/3190000/3186043/p1379-babichenko.html?ip=24.48.71.56&id=3186043&acc=OPENTOC&key=4D4702B0C3E38B35%2E4D4702B0C3E38B35%2E4D4702B0C3E38B35%2E4DD68F0663C025AA&__acm__=1526495881_6c3c28b6fa10b247c9fe10c67969c01a
Resolving delivery.acm.org (delivery.acm.org)... 24.200.120.90, 24.200.120.82
Connecting to delivery.acm.org (delivery.acm.org)|24.200.120.90|:80... connected.
HTTP request sent, awaiting response... 200 OK
Length: 95320 (93K) [text/html]
Saving to: ‘../data/delivery.acm.org/10.1145/3190000/3186043/p1379-babichenko.html?ip=24.48.71.56&id=3186043&acc=OPENTOC&key=4D4702B0C3E38B35.4D4702B0C3E38B35.4D4702B0C3E38B35.4DD68F0663C025AA&__acm__=1526495881_6c3c28b6fa10b247c9fe10c67969c01a’

     0K .......... .......... .......... .......... .......... 53% 1.97M 0s
    50K .......... .......... .......... .......... ...       100% 2.76M=0.04s

2018-05-16 14:33:01 (2.27 MB/s) - ‘../data/delivery.acm.org/10.1145/3190000/3186043/p1379-babichenko.html?ip=24.48.71.56&id=3186043&acc=OPENTOC&key=4D4702B0C3E38B35.4D4702B0C3E38B35.4D4702B0C3E38B35.4DD68F0663C025AA&__acm__=1526495881_6c3c28b6fa10b247c9fe10c67969c01a’ saved [95320/95320]

--2018-05-16 14:33:01--  http://deliveryimages.acm.org/10.1145/3190000/3186043/images/www2018-52-img1.svg
Resolving deliveryimages.acm.org (deliveryimages.acm.org)... 104.17.79.191, 104.17.80.191
Connecting to deliveryimages.acm.org (deliveryimages.acm.org)|104.17.79.191|:80... connected.
HTTP request sent, awaiting response... 301 Moved Permanently
Location: https://deliveryimages.acm.org/10.1145/3190000/3186043/images/www2018-52-img1.svg [following]
--2018-05-16 14:33:01--  https://deliveryimages.acm.org/10.1145/3190000/3186043/images/www2018-52-img1.svg
Connecting to deliveryimages.acm.org (deliveryimages.acm.org)|104.17.79.191|:443... connected.
HTTP request sent, awaiting response... 200 OK
Length: 14801 (14K) [image/svg+xml]
Saving to: ‘../data/deliveryimages.acm.org/10.1145/3190000/3186043/images/www2018-52-img1.svg’

     0K .......... ....                                       100%  783K=0.02s

2018-05-16 14:33:01 (783 KB/s) - ‘../data/deliveryimages.acm.org/10.1145/3190000/3186043/images/www2018-52-img1.svg’ saved [14801/14801]

--2018-05-16 14:33:01--  http://deliveryimages.acm.org/10.1145/3190000/3186043/images/www2018-52-img2.svg
Connecting to deliveryimages.acm.org (deliveryimages.acm.org)|104.17.79.191|:80... connected.
HTTP request sent, awaiting response... 301 Moved Permanently
Location: https://deliveryimages.acm.org/10.1145/3190000/3186043/images/www2018-52-img2.svg [following]
--2018-05-16 14:33:02--  https://deliveryimages.acm.org/10.1145/3190000/3186043/images/www2018-52-img2.svg
Connecting to deliveryimages.acm.org (deliveryimages.acm.org)|104.17.79.191|:443... connected.
HTTP request sent, awaiting response... 200 OK
Length: 17143 (17K) [image/svg+xml]
Saving to: ‘../data/deliveryimages.acm.org/10.1145/3190000/3186043/images/www2018-52-img2.svg’

     0K .......... ......                                     100%  699K=0.02s

2018-05-16 14:33:02 (699 KB/s) - ‘../data/deliveryimages.acm.org/10.1145/3190000/3186043/images/www2018-52-img2.svg’ saved [17143/17143]

--2018-05-16 14:33:02--  http://deliveryimages.acm.org/10.1145/3190000/3186043/images/www2018-52-img3.jpg
Connecting to deliveryimages.acm.org (deliveryimages.acm.org)|104.17.79.191|:80... connected.
HTTP request sent, awaiting response... 301 Moved Permanently
Location: https://deliveryimages.acm.org/10.1145/3190000/3186043/images/www2018-52-img3.jpg [following]
--2018-05-16 14:33:02--  https://deliveryimages.acm.org/10.1145/3190000/3186043/images/www2018-52-img3.jpg
Connecting to deliveryimages.acm.org (deliveryimages.acm.org)|104.17.79.191|:443... connected.
HTTP request sent, awaiting response... 200 OK
Length: 60140 (59K) [image/jpeg]
Saving to: ‘../data/deliveryimages.acm.org/10.1145/3190000/3186043/images/www2018-52-img3.jpg’

     0K .......... .......... .......... .......... .......... 85% 1.35M 0s
    50K ........                                              100% 3.04M=0.04s

2018-05-16 14:33:02 (1.47 MB/s) - ‘../data/deliveryimages.acm.org/10.1145/3190000/3186043/images/www2018-52-img3.jpg’ saved [60140/60140]

--2018-05-16 14:33:02--  http://deliveryimages.acm.org/10.1145/3190000/3186043/images/www2018-52-img4.svg
Connecting to deliveryimages.acm.org (deliveryimages.acm.org)|104.17.79.191|:80... connected.
HTTP request sent, awaiting response... 301 Moved Permanently
Location: https://deliveryimages.acm.org/10.1145/3190000/3186043/images/www2018-52-img4.svg [following]
--2018-05-16 14:33:02--  https://deliveryimages.acm.org/10.1145/3190000/3186043/images/www2018-52-img4.svg
Connecting to deliveryimages.acm.org (deliveryimages.acm.org)|104.17.79.191|:443... connected.
HTTP request sent, awaiting response... 200 OK
Length: 9165 (9.0K) [image/svg+xml]
Saving to: ‘../data/deliveryimages.acm.org/10.1145/3190000/3186043/images/www2018-52-img4.svg’

     0K ........                                              100% 4.19M=0.002s

2018-05-16 14:33:02 (4.19 MB/s) - ‘../data/deliveryimages.acm.org/10.1145/3190000/3186043/images/www2018-52-img4.svg’ saved [9165/9165]

--2018-05-16 14:33:02--  http://deliveryimages.acm.org/10.1145/3190000/3186043/images/www2018-52-img5.svg
Connecting to deliveryimages.acm.org (deliveryimages.acm.org)|104.17.79.191|:80... connected.
HTTP request sent, awaiting response... 301 Moved Permanently
Location: https://deliveryimages.acm.org/10.1145/3190000/3186043/images/www2018-52-img5.svg [following]
--2018-05-16 14:33:03--  https://deliveryimages.acm.org/10.1145/3190000/3186043/images/www2018-52-img5.svg
Connecting to deliveryimages.acm.org (deliveryimages.acm.org)|104.17.79.191|:443... connected.
HTTP request sent, awaiting response... 200 OK
Length: 23971 (23K) [image/svg+xml]
Saving to: ‘../data/deliveryimages.acm.org/10.1145/3190000/3186043/images/www2018-52-img5.svg’

     0K .......... .......... ...                             100%  891K=0.03s

2018-05-16 14:33:03 (891 KB/s) - ‘../data/deliveryimages.acm.org/10.1145/3190000/3186043/images/www2018-52-img5.svg’ saved [23971/23971]

--2018-05-16 14:33:03--  http://deliveryimages.acm.org/10.1145/3190000/3186043/images/www2018-52-img6.svg
Connecting to deliveryimages.acm.org (deliveryimages.acm.org)|104.17.79.191|:80... connected.
HTTP request sent, awaiting response... 301 Moved Permanently
Location: https://deliveryimages.acm.org/10.1145/3190000/3186043/images/www2018-52-img6.svg [following]
--2018-05-16 14:33:03--  https://deliveryimages.acm.org/10.1145/3190000/3186043/images/www2018-52-img6.svg
Connecting to deliveryimages.acm.org (deliveryimages.acm.org)|104.17.79.191|:443... connected.
HTTP request sent, awaiting response... 200 OK
Length: 47800 (47K) [image/svg+xml]
Saving to: ‘../data/deliveryimages.acm.org/10.1145/3190000/3186043/images/www2018-52-img6.svg’

     0K .......... .......... .......... .......... ......    100% 1.00M=0.05s

2018-05-16 14:33:03 (1.00 MB/s) - ‘../data/deliveryimages.acm.org/10.1145/3190000/3186043/images/www2018-52-img6.svg’ saved [47800/47800]

--2018-05-16 14:33:03--  http://deliveryimages.acm.org/10.1145/3190000/3186043/images/www2018-52-fig1.jpg
Connecting to deliveryimages.acm.org (deliveryimages.acm.org)|104.17.79.191|:80... connected.
HTTP request sent, awaiting response... 301 Moved Permanently
Location: https://deliveryimages.acm.org/10.1145/3190000/3186043/images/www2018-52-fig1.jpg [following]
--2018-05-16 14:33:03--  https://deliveryimages.acm.org/10.1145/3190000/3186043/images/www2018-52-fig1.jpg
Connecting to deliveryimages.acm.org (deliveryimages.acm.org)|104.17.79.191|:443... connected.
HTTP request sent, awaiting response... 200 OK
Length: 24533 (24K) [image/jpeg]
Saving to: ‘../data/deliveryimages.acm.org/10.1145/3190000/3186043/images/www2018-52-fig1.jpg’

     0K .......... .......... ...                             100%  997K=0.02s

2018-05-16 14:33:03 (997 KB/s) - ‘../data/deliveryimages.acm.org/10.1145/3190000/3186043/images/www2018-52-fig1.jpg’ saved [24533/24533]

--2018-05-16 14:33:03--  http://deliveryimages.acm.org/10.1145/3190000/3186043/images/www2018-52-fig2.jpg
Connecting to deliveryimages.acm.org (deliveryimages.acm.org)|104.17.79.191|:80... connected.
HTTP request sent, awaiting response... 301 Moved Permanently
Location: https://deliveryimages.acm.org/10.1145/3190000/3186043/images/www2018-52-fig2.jpg [following]
--2018-05-16 14:33:03--  https://deliveryimages.acm.org/10.1145/3190000/3186043/images/www2018-52-fig2.jpg
Connecting to deliveryimages.acm.org (deliveryimages.acm.org)|104.17.79.191|:443... connected.
HTTP request sent, awaiting response... 200 OK
Length: 24561 (24K) [image/jpeg]
Saving to: ‘../data/deliveryimages.acm.org/10.1145/3190000/3186043/images/www2018-52-fig2.jpg’

     0K .......... .......... ...                             100% 1.39M=0.02s

2018-05-16 14:33:04 (1.39 MB/s) - ‘../data/deliveryimages.acm.org/10.1145/3190000/3186043/images/www2018-52-fig2.jpg’ saved [24561/24561]

--2018-05-16 14:33:04--  http://deliveryimages.acm.org/10.1145/3190000/3186043/images/www2018-52-fig3.jpg
Connecting to deliveryimages.acm.org (deliveryimages.acm.org)|104.17.79.191|:80... connected.
HTTP request sent, awaiting response... 301 Moved Permanently
Location: https://deliveryimages.acm.org/10.1145/3190000/3186043/images/www2018-52-fig3.jpg [following]
--2018-05-16 14:33:04--  https://deliveryimages.acm.org/10.1145/3190000/3186043/images/www2018-52-fig3.jpg
Connecting to deliveryimages.acm.org (deliveryimages.acm.org)|104.17.79.191|:443... connected.
HTTP request sent, awaiting response... 200 OK
Length: 29092 (28K) [image/jpeg]
Saving to: ‘../data/deliveryimages.acm.org/10.1145/3190000/3186043/images/www2018-52-fig3.jpg’

     0K .......... .......... ........                        100%  756K=0.04s

2018-05-16 14:33:04 (756 KB/s) - ‘../data/deliveryimages.acm.org/10.1145/3190000/3186043/images/www2018-52-fig3.jpg’ saved [29092/29092]

--2018-05-16 14:33:04--  http://deliveryimages.acm.org/10.1145/3190000/3186043/images/www2018-52-fig4.jpg
Connecting to deliveryimages.acm.org (deliveryimages.acm.org)|104.17.79.191|:80... connected.
HTTP request sent, awaiting response... 301 Moved Permanently
Location: https://deliveryimages.acm.org/10.1145/3190000/3186043/images/www2018-52-fig4.jpg [following]
--2018-05-16 14:33:04--  https://deliveryimages.acm.org/10.1145/3190000/3186043/images/www2018-52-fig4.jpg
Connecting to deliveryimages.acm.org (deliveryimages.acm.org)|104.17.79.191|:443... connected.
HTTP request sent, awaiting response... 200 OK
Length: 27896 (27K) [image/jpeg]
Saving to: ‘../data/deliveryimages.acm.org/10.1145/3190000/3186043/images/www2018-52-fig4.jpg’

     0K .......... .......... .......                         100% 1021K=0.03s

2018-05-16 14:33:04 (1021 KB/s) - ‘../data/deliveryimages.acm.org/10.1145/3190000/3186043/images/www2018-52-fig4.jpg’ saved [27896/27896]

FINISHED --2018-05-16 14:33:04--
Total wall clock time: 3.2s
Downloaded: 11 files, 366K in 0.3s (1.19 MB/s)
Converting links in ../data/delivery.acm.org/10.1145/3190000/3186043/p1379-babichenko.html?ip=24.48.71.56&id=3186043&acc=OPENTOC&key=4D4702B0C3E38B35.4D4702B0C3E38B35.4D4702B0C3E38B35.4DD68F0663C025AA&__acm__=1526495881_6c3c28b6fa10b247c9fe10c67969c01a... 94-0
Converted links in 1 files in 0.004 seconds.
