--2018-05-16 15:30:52--  http://delivery.acm.org/10.1145/3190000/3185978/p721-veen.html?ip=24.48.71.56&id=3185978&acc=OPENTOC&key=4D4702B0C3E38B35%2E4D4702B0C3E38B35%2E4D4702B0C3E38B35%2E4DD68F0663C025AA&__acm__=1526499352_8259d839b3cb8ccc8aa8de8c296d96f9
Resolving delivery.acm.org (delivery.acm.org)... 24.200.120.90, 24.200.120.82
Connecting to delivery.acm.org (delivery.acm.org)|24.200.120.90|:80... connected.
HTTP request sent, awaiting response... 200 OK
Length: 61605 (60K) [text/html]
Saving to: ‘../data/delivery.acm.org/10.1145/3190000/3185978/p721-veen.html?ip=24.48.71.56&id=3185978&acc=OPENTOC&key=4D4702B0C3E38B35.4D4702B0C3E38B35.4D4702B0C3E38B35.4DD68F0663C025AA&__acm__=1526499352_8259d839b3cb8ccc8aa8de8c296d96f9’

     0K .......... .......... .......... .......... .......... 83% 1.57M 0s
    50K ..........                                            100%  179M=0.03s

2018-05-16 15:30:52 (1.88 MB/s) - ‘../data/delivery.acm.org/10.1145/3190000/3185978/p721-veen.html?ip=24.48.71.56&id=3185978&acc=OPENTOC&key=4D4702B0C3E38B35.4D4702B0C3E38B35.4D4702B0C3E38B35.4DD68F0663C025AA&__acm__=1526499352_8259d839b3cb8ccc8aa8de8c296d96f9’ saved [61605/61605]

--2018-05-16 15:30:52--  http://deliveryimages.acm.org/10.1145/3190000/3185978/images/www18companion-39-fig1.jpg
Resolving deliveryimages.acm.org (deliveryimages.acm.org)... 104.17.80.191, 104.17.79.191
Connecting to deliveryimages.acm.org (deliveryimages.acm.org)|104.17.80.191|:80... connected.
HTTP request sent, awaiting response... 301 Moved Permanently
Location: https://deliveryimages.acm.org/10.1145/3190000/3185978/images/www18companion-39-fig1.jpg [following]
--2018-05-16 15:30:52--  https://deliveryimages.acm.org/10.1145/3190000/3185978/images/www18companion-39-fig1.jpg
Connecting to deliveryimages.acm.org (deliveryimages.acm.org)|104.17.80.191|:443... connected.
HTTP request sent, awaiting response... 200 OK
Length: 51676 (50K) [image/jpeg]
Saving to: ‘../data/deliveryimages.acm.org/10.1145/3190000/3185978/images/www18companion-39-fig1.jpg’

     0K .......... .......... .......... .......... .......... 99% 1.60M 0s
    50K                                                       100%  887G=0.03s

2018-05-16 15:30:52 (1.62 MB/s) - ‘../data/deliveryimages.acm.org/10.1145/3190000/3185978/images/www18companion-39-fig1.jpg’ saved [51676/51676]

--2018-05-16 15:30:52--  http://deliveryimages.acm.org/10.1145/3190000/3185978/images/www18companion-39-fig2.jpg
Connecting to deliveryimages.acm.org (deliveryimages.acm.org)|104.17.80.191|:80... connected.
HTTP request sent, awaiting response... 301 Moved Permanently
Location: https://deliveryimages.acm.org/10.1145/3190000/3185978/images/www18companion-39-fig2.jpg [following]
--2018-05-16 15:30:53--  https://deliveryimages.acm.org/10.1145/3190000/3185978/images/www18companion-39-fig2.jpg
Connecting to deliveryimages.acm.org (deliveryimages.acm.org)|104.17.80.191|:443... connected.
HTTP request sent, awaiting response... 200 OK
Length: 55067 (54K) [image/jpeg]
Saving to: ‘../data/deliveryimages.acm.org/10.1145/3190000/3185978/images/www18companion-39-fig2.jpg’

     0K .......... .......... .......... .......... .......... 92% 1.48M 0s
    50K ...                                                   100% 7.12M=0.03s

2018-05-16 15:30:53 (1.56 MB/s) - ‘../data/deliveryimages.acm.org/10.1145/3190000/3185978/images/www18companion-39-fig2.jpg’ saved [55067/55067]

--2018-05-16 15:30:53--  http://deliveryimages.acm.org/10.1145/3190000/3185978/images/www18companion-39-fig3.jpg
Connecting to deliveryimages.acm.org (deliveryimages.acm.org)|104.17.80.191|:80... connected.
HTTP request sent, awaiting response... 301 Moved Permanently
Location: https://deliveryimages.acm.org/10.1145/3190000/3185978/images/www18companion-39-fig3.jpg [following]
--2018-05-16 15:30:53--  https://deliveryimages.acm.org/10.1145/3190000/3185978/images/www18companion-39-fig3.jpg
Connecting to deliveryimages.acm.org (deliveryimages.acm.org)|104.17.80.191|:443... connected.
HTTP request sent, awaiting response... 200 OK
Length: 237523 (232K) [image/jpeg]
Saving to: ‘../data/deliveryimages.acm.org/10.1145/3190000/3185978/images/www18companion-39-fig3.jpg’

     0K .......... .......... .......... .......... .......... 21%  988K 0s
    50K .......... .......... .......... .......... .......... 43% 5.14M 0s
   100K .......... .......... .......... .......... .......... 64% 2.12M 0s
   150K .......... .......... .......... .......... .......... 86% 3.41M 0s
   200K .......... .......... .......... .                    100% 16.8M=0.1s

2018-05-16 15:30:53 (2.28 MB/s) - ‘../data/deliveryimages.acm.org/10.1145/3190000/3185978/images/www18companion-39-fig3.jpg’ saved [237523/237523]

--2018-05-16 15:30:53--  http://deliveryimages.acm.org/10.1145/3190000/3185978/images/www18companion-39-fig4.jpg
Connecting to deliveryimages.acm.org (deliveryimages.acm.org)|104.17.80.191|:80... connected.
HTTP request sent, awaiting response... 301 Moved Permanently
Location: https://deliveryimages.acm.org/10.1145/3190000/3185978/images/www18companion-39-fig4.jpg [following]
--2018-05-16 15:30:53--  https://deliveryimages.acm.org/10.1145/3190000/3185978/images/www18companion-39-fig4.jpg
Connecting to deliveryimages.acm.org (deliveryimages.acm.org)|104.17.80.191|:443... connected.
HTTP request sent, awaiting response... 200 OK
Length: 144365 (141K) [image/jpeg]
Saving to: ‘../data/deliveryimages.acm.org/10.1145/3190000/3185978/images/www18companion-39-fig4.jpg’

     0K .......... .......... .......... .......... .......... 35% 1.47M 0s
    50K .......... .......... .......... .......... .......... 70% 3.02M 0s
   100K .......... .......... .......... ..........           100% 3.41M=0.06s

2018-05-16 15:30:53 (2.25 MB/s) - ‘../data/deliveryimages.acm.org/10.1145/3190000/3185978/images/www18companion-39-fig4.jpg’ saved [144365/144365]

--2018-05-16 15:30:53--  http://deliveryimages.acm.org/10.1145/3190000/3185978/images/www18companion-39-graphic5.jpg
Connecting to deliveryimages.acm.org (deliveryimages.acm.org)|104.17.80.191|:80... connected.
HTTP request sent, awaiting response... 301 Moved Permanently
Location: https://deliveryimages.acm.org/10.1145/3190000/3185978/images/www18companion-39-graphic5.jpg [following]
--2018-05-16 15:30:53--  https://deliveryimages.acm.org/10.1145/3190000/3185978/images/www18companion-39-graphic5.jpg
Connecting to deliveryimages.acm.org (deliveryimages.acm.org)|104.17.80.191|:443... connected.
HTTP request sent, awaiting response... 200 OK
Length: 22159 (22K) [image/jpeg]
Saving to: ‘../data/deliveryimages.acm.org/10.1145/3190000/3185978/images/www18companion-39-graphic5.jpg’

     0K .......... .......... .                               100%  931K=0.02s

2018-05-16 15:30:54 (931 KB/s) - ‘../data/deliveryimages.acm.org/10.1145/3190000/3185978/images/www18companion-39-graphic5.jpg’ saved [22159/22159]

--2018-05-16 15:30:54--  http://deliveryimages.acm.org/10.1145/3190000/3185978/images/www18companion-39-graphic6.jpg
Connecting to deliveryimages.acm.org (deliveryimages.acm.org)|104.17.80.191|:80... connected.
HTTP request sent, awaiting response... 301 Moved Permanently
Location: https://deliveryimages.acm.org/10.1145/3190000/3185978/images/www18companion-39-graphic6.jpg [following]
--2018-05-16 15:30:54--  https://deliveryimages.acm.org/10.1145/3190000/3185978/images/www18companion-39-graphic6.jpg
Connecting to deliveryimages.acm.org (deliveryimages.acm.org)|104.17.80.191|:443... connected.
HTTP request sent, awaiting response... 200 OK
Length: 20563 (20K) [image/jpeg]
Saving to: ‘../data/deliveryimages.acm.org/10.1145/3190000/3185978/images/www18companion-39-graphic6.jpg’

     0K .......... ..........                                 100% 1.40M=0.01s

2018-05-16 15:30:54 (1.40 MB/s) - ‘../data/deliveryimages.acm.org/10.1145/3190000/3185978/images/www18companion-39-graphic6.jpg’ saved [20563/20563]

--2018-05-16 15:30:54--  http://deliveryimages.acm.org/10.1145/3190000/3185978/images/www18companion-39-fig5.jpg
Connecting to deliveryimages.acm.org (deliveryimages.acm.org)|104.17.80.191|:80... connected.
HTTP request sent, awaiting response... 301 Moved Permanently
Location: https://deliveryimages.acm.org/10.1145/3190000/3185978/images/www18companion-39-fig5.jpg [following]
--2018-05-16 15:30:54--  https://deliveryimages.acm.org/10.1145/3190000/3185978/images/www18companion-39-fig5.jpg
Connecting to deliveryimages.acm.org (deliveryimages.acm.org)|104.17.80.191|:443... connected.
HTTP request sent, awaiting response... 200 OK
Length: 282092 (275K) [image/jpeg]
Saving to: ‘../data/deliveryimages.acm.org/10.1145/3190000/3185978/images/www18companion-39-fig5.jpg’

     0K .......... .......... .......... .......... .......... 18% 1.43M 0s
    50K .......... .......... .......... .......... .......... 36% 2.69M 0s
   100K .......... .......... .......... .......... .......... 54% 3.65M 0s
   150K .......... .......... .......... .......... .......... 72% 4.23M 0s
   200K .......... .......... .......... .......... .......... 90% 5.94M 0s
   250K .......... .......... .....                           100% 3.54M=0.09s

2018-05-16 15:30:54 (2.91 MB/s) - ‘../data/deliveryimages.acm.org/10.1145/3190000/3185978/images/www18companion-39-fig5.jpg’ saved [282092/282092]

--2018-05-16 15:30:54--  http://deliveryimages.acm.org/10.1145/3190000/3185978/images/www18companion-39-fig6.jpg
Connecting to deliveryimages.acm.org (deliveryimages.acm.org)|104.17.80.191|:80... connected.
HTTP request sent, awaiting response... 301 Moved Permanently
Location: https://deliveryimages.acm.org/10.1145/3190000/3185978/images/www18companion-39-fig6.jpg [following]
--2018-05-16 15:30:54--  https://deliveryimages.acm.org/10.1145/3190000/3185978/images/www18companion-39-fig6.jpg
Connecting to deliveryimages.acm.org (deliveryimages.acm.org)|104.17.80.191|:443... connected.
HTTP request sent, awaiting response... 200 OK
Length: 207855 (203K) [image/jpeg]
Saving to: ‘../data/deliveryimages.acm.org/10.1145/3190000/3185978/images/www18companion-39-fig6.jpg’

     0K .......... .......... .......... .......... .......... 24% 1.74M 0s
    50K .......... .......... .......... .......... .......... 49% 1.83M 0s
   100K .......... .......... .......... .......... .......... 73% 4.17M 0s
   150K .......... .......... .......... .......... .......... 98% 2.72M 0s
   200K ..                                                    100% 5690G=0.08s

2018-05-16 15:30:55 (2.35 MB/s) - ‘../data/deliveryimages.acm.org/10.1145/3190000/3185978/images/www18companion-39-fig6.jpg’ saved [207855/207855]

--2018-05-16 15:30:55--  http://deliveryimages.acm.org/10.1145/3190000/3185978/images/www18companion-39-graphic9.jpg
Connecting to deliveryimages.acm.org (deliveryimages.acm.org)|104.17.80.191|:80... connected.
HTTP request sent, awaiting response... 301 Moved Permanently
Location: https://deliveryimages.acm.org/10.1145/3190000/3185978/images/www18companion-39-graphic9.jpg [following]
--2018-05-16 15:30:55--  https://deliveryimages.acm.org/10.1145/3190000/3185978/images/www18companion-39-graphic9.jpg
Connecting to deliveryimages.acm.org (deliveryimages.acm.org)|104.17.80.191|:443... connected.
HTTP request sent, awaiting response... 200 OK
Length: 23418 (23K) [image/jpeg]
Saving to: ‘../data/deliveryimages.acm.org/10.1145/3190000/3185978/images/www18companion-39-graphic9.jpg’

     0K .......... .......... ..                              100%  804K=0.03s

2018-05-16 15:30:55 (804 KB/s) - ‘../data/deliveryimages.acm.org/10.1145/3190000/3185978/images/www18companion-39-graphic9.jpg’ saved [23418/23418]

--2018-05-16 15:30:55--  http://deliveryimages.acm.org/10.1145/3190000/3185978/images/www18companion-39-fig7.jpg
Connecting to deliveryimages.acm.org (deliveryimages.acm.org)|104.17.80.191|:80... connected.
HTTP request sent, awaiting response... 301 Moved Permanently
Location: https://deliveryimages.acm.org/10.1145/3190000/3185978/images/www18companion-39-fig7.jpg [following]
--2018-05-16 15:30:55--  https://deliveryimages.acm.org/10.1145/3190000/3185978/images/www18companion-39-fig7.jpg
Connecting to deliveryimages.acm.org (deliveryimages.acm.org)|104.17.80.191|:443... connected.
HTTP request sent, awaiting response... 200 OK
Length: 160639 (157K) [image/jpeg]
Saving to: ‘../data/deliveryimages.acm.org/10.1145/3190000/3185978/images/www18companion-39-fig7.jpg’

     0K .......... .......... .......... .......... .......... 31% 1.38M 0s
    50K .......... .......... .......... .......... .......... 63% 3.06M 0s
   100K .......... .......... .......... .......... .......... 95% 2.71M 0s
   150K ......                                                100% 31.7M=0.07s

2018-05-16 15:30:55 (2.20 MB/s) - ‘../data/deliveryimages.acm.org/10.1145/3190000/3185978/images/www18companion-39-fig7.jpg’ saved [160639/160639]

--2018-05-16 15:30:55--  http://deliveryimages.acm.org/10.1145/3190000/3185978/images/www18companion-39-fig8.jpg
Connecting to deliveryimages.acm.org (deliveryimages.acm.org)|104.17.80.191|:80... connected.
HTTP request sent, awaiting response... 301 Moved Permanently
Location: https://deliveryimages.acm.org/10.1145/3190000/3185978/images/www18companion-39-fig8.jpg [following]
--2018-05-16 15:30:55--  https://deliveryimages.acm.org/10.1145/3190000/3185978/images/www18companion-39-fig8.jpg
Connecting to deliveryimages.acm.org (deliveryimages.acm.org)|104.17.80.191|:443... connected.
HTTP request sent, awaiting response... 200 OK
Length: 80663 (79K) [image/jpeg]
Saving to: ‘../data/deliveryimages.acm.org/10.1145/3190000/3185978/images/www18companion-39-fig8.jpg’

     0K .......... .......... .......... .......... .......... 63% 1.24M 0s
    50K .......... .......... ........                        100% 4.72M=0.05s

2018-05-16 15:30:56 (1.69 MB/s) - ‘../data/deliveryimages.acm.org/10.1145/3190000/3185978/images/www18companion-39-fig8.jpg’ saved [80663/80663]

--2018-05-16 15:30:56--  http://deliveryimages.acm.org/10.1145/3190000/3185978/images/www18companion-39-graphic12.jpg
Connecting to deliveryimages.acm.org (deliveryimages.acm.org)|104.17.80.191|:80... connected.
HTTP request sent, awaiting response... 301 Moved Permanently
Location: https://deliveryimages.acm.org/10.1145/3190000/3185978/images/www18companion-39-graphic12.jpg [following]
--2018-05-16 15:30:56--  https://deliveryimages.acm.org/10.1145/3190000/3185978/images/www18companion-39-graphic12.jpg
Connecting to deliveryimages.acm.org (deliveryimages.acm.org)|104.17.80.191|:443... connected.
HTTP request sent, awaiting response... 200 OK
Length: 8412 (8.2K) [image/jpeg]
Saving to: ‘../data/deliveryimages.acm.org/10.1145/3190000/3185978/images/www18companion-39-graphic12.jpg’

     0K ........                                              100% 4.34M=0.002s

2018-05-16 15:30:56 (4.34 MB/s) - ‘../data/deliveryimages.acm.org/10.1145/3190000/3185978/images/www18companion-39-graphic12.jpg’ saved [8412/8412]

--2018-05-16 15:30:56--  http://deliveryimages.acm.org/10.1145/3190000/3185978/images/www18companion-39-graphic13.jpg
Connecting to deliveryimages.acm.org (deliveryimages.acm.org)|104.17.80.191|:80... connected.
HTTP request sent, awaiting response... 301 Moved Permanently
Location: https://deliveryimages.acm.org/10.1145/3190000/3185978/images/www18companion-39-graphic13.jpg [following]
--2018-05-16 15:30:56--  https://deliveryimages.acm.org/10.1145/3190000/3185978/images/www18companion-39-graphic13.jpg
Connecting to deliveryimages.acm.org (deliveryimages.acm.org)|104.17.80.191|:443... connected.
HTTP request sent, awaiting response... 200 OK
Length: 3484 (3.4K) [image/jpeg]
Saving to: ‘../data/deliveryimages.acm.org/10.1145/3190000/3185978/images/www18companion-39-graphic13.jpg’

     0K ...                                                   100%  511K=0.007s

2018-05-16 15:30:56 (511 KB/s) - ‘../data/deliveryimages.acm.org/10.1145/3190000/3185978/images/www18companion-39-graphic13.jpg’ saved [3484/3484]

--2018-05-16 15:30:56--  http://deliveryimages.acm.org/10.1145/3190000/3185978/images/www18companion-39-graphic14.jpg
Connecting to deliveryimages.acm.org (deliveryimages.acm.org)|104.17.80.191|:80... connected.
HTTP request sent, awaiting response... 301 Moved Permanently
Location: https://deliveryimages.acm.org/10.1145/3190000/3185978/images/www18companion-39-graphic14.jpg [following]
--2018-05-16 15:30:56--  https://deliveryimages.acm.org/10.1145/3190000/3185978/images/www18companion-39-graphic14.jpg
Connecting to deliveryimages.acm.org (deliveryimages.acm.org)|104.17.80.191|:443... connected.
HTTP request sent, awaiting response... 200 OK
Length: 14462 (14K) [image/jpeg]
Saving to: ‘../data/deliveryimages.acm.org/10.1145/3190000/3185978/images/www18companion-39-graphic14.jpg’

     0K .......... ....                                       100% 1.15M=0.01s

2018-05-16 15:30:56 (1.15 MB/s) - ‘../data/deliveryimages.acm.org/10.1145/3190000/3185978/images/www18companion-39-graphic14.jpg’ saved [14462/14462]

--2018-05-16 15:30:56--  http://deliveryimages.acm.org/10.1145/3190000/3185978/images/www18companion-39-fig9.jpg
Connecting to deliveryimages.acm.org (deliveryimages.acm.org)|104.17.80.191|:80... connected.
HTTP request sent, awaiting response... 301 Moved Permanently
Location: https://deliveryimages.acm.org/10.1145/3190000/3185978/images/www18companion-39-fig9.jpg [following]
--2018-05-16 15:30:56--  https://deliveryimages.acm.org/10.1145/3190000/3185978/images/www18companion-39-fig9.jpg
Connecting to deliveryimages.acm.org (deliveryimages.acm.org)|104.17.80.191|:443... connected.
HTTP request sent, awaiting response... 200 OK
Length: 337142 (329K) [image/jpeg]
Saving to: ‘../data/deliveryimages.acm.org/10.1145/3190000/3185978/images/www18companion-39-fig9.jpg’

     0K .......... .......... .......... .......... .......... 15% 1.06M 0s
    50K .......... .......... .......... .......... .......... 30% 3.17M 0s
   100K .......... .......... .......... .......... .......... 45% 1.84M 0s
   150K .......... .......... .......... .......... .......... 60% 8.70M 0s
   200K .......... .......... .......... .......... .......... 75% 2.73M 0s
   250K .......... .......... .......... .......... .......... 91% 5.37M 0s
   300K .......... .......... .........                       100%  160M=0.1s

2018-05-16 15:30:57 (2.66 MB/s) - ‘../data/deliveryimages.acm.org/10.1145/3190000/3185978/images/www18companion-39-fig9.jpg’ saved [337142/337142]

--2018-05-16 15:30:57--  http://deliveryimages.acm.org/10.1145/3190000/3185978/images/www18companion-39-fig10.jpg
Connecting to deliveryimages.acm.org (deliveryimages.acm.org)|104.17.80.191|:80... connected.
HTTP request sent, awaiting response... 301 Moved Permanently
Location: https://deliveryimages.acm.org/10.1145/3190000/3185978/images/www18companion-39-fig10.jpg [following]
--2018-05-16 15:30:57--  https://deliveryimages.acm.org/10.1145/3190000/3185978/images/www18companion-39-fig10.jpg
Connecting to deliveryimages.acm.org (deliveryimages.acm.org)|104.17.80.191|:443... connected.
HTTP request sent, awaiting response... 200 OK
Length: 135086 (132K) [image/jpeg]
Saving to: ‘../data/deliveryimages.acm.org/10.1145/3190000/3185978/images/www18companion-39-fig10.jpg’

     0K .......... .......... .......... .......... .......... 37% 1.43M 0s
    50K .......... .......... .......... .......... .......... 75% 2.63M 0s
   100K .......... .......... .......... .                    100% 4.65M=0.06s

2018-05-16 15:30:57 (2.17 MB/s) - ‘../data/deliveryimages.acm.org/10.1145/3190000/3185978/images/www18companion-39-fig10.jpg’ saved [135086/135086]

--2018-05-16 15:30:57--  http://deliveryimages.acm.org/10.1145/3190000/3185978/images/www18companion-39-graphic17.jpg
Connecting to deliveryimages.acm.org (deliveryimages.acm.org)|104.17.80.191|:80... connected.
HTTP request sent, awaiting response... 301 Moved Permanently
Location: https://deliveryimages.acm.org/10.1145/3190000/3185978/images/www18companion-39-graphic17.jpg [following]
--2018-05-16 15:30:57--  https://deliveryimages.acm.org/10.1145/3190000/3185978/images/www18companion-39-graphic17.jpg
Connecting to deliveryimages.acm.org (deliveryimages.acm.org)|104.17.80.191|:443... connected.
HTTP request sent, awaiting response... 200 OK
Length: 13253 (13K) [image/jpeg]
Saving to: ‘../data/deliveryimages.acm.org/10.1145/3190000/3185978/images/www18companion-39-graphic17.jpg’

     0K .......... ..                                         100%  540K=0.02s

2018-05-16 15:30:57 (540 KB/s) - ‘../data/deliveryimages.acm.org/10.1145/3190000/3185978/images/www18companion-39-graphic17.jpg’ saved [13253/13253]

--2018-05-16 15:30:57--  http://deliveryimages.acm.org/10.1145/3190000/3185978/images/www18companion-39-graphic18.jpg
Connecting to deliveryimages.acm.org (deliveryimages.acm.org)|104.17.80.191|:80... connected.
HTTP request sent, awaiting response... 301 Moved Permanently
Location: https://deliveryimages.acm.org/10.1145/3190000/3185978/images/www18companion-39-graphic18.jpg [following]
--2018-05-16 15:30:57--  https://deliveryimages.acm.org/10.1145/3190000/3185978/images/www18companion-39-graphic18.jpg
Connecting to deliveryimages.acm.org (deliveryimages.acm.org)|104.17.80.191|:443... connected.
HTTP request sent, awaiting response... 200 OK
Length: 9930 (9.7K) [image/jpeg]
Saving to: ‘../data/deliveryimages.acm.org/10.1145/3190000/3185978/images/www18companion-39-graphic18.jpg’

     0K .........                                             100% 4.20M=0.002s

2018-05-16 15:30:57 (4.20 MB/s) - ‘../data/deliveryimages.acm.org/10.1145/3190000/3185978/images/www18companion-39-graphic18.jpg’ saved [9930/9930]

--2018-05-16 15:30:57--  http://deliveryimages.acm.org/10.1145/3190000/3185978/images/www18companion-39-graphic19.jpg
Connecting to deliveryimages.acm.org (deliveryimages.acm.org)|104.17.80.191|:80... connected.
HTTP request sent, awaiting response... 301 Moved Permanently
Location: https://deliveryimages.acm.org/10.1145/3190000/3185978/images/www18companion-39-graphic19.jpg [following]
--2018-05-16 15:30:57--  https://deliveryimages.acm.org/10.1145/3190000/3185978/images/www18companion-39-graphic19.jpg
Connecting to deliveryimages.acm.org (deliveryimages.acm.org)|104.17.80.191|:443... connected.
HTTP request sent, awaiting response... 200 OK
Length: 3472 (3.4K) [image/jpeg]
Saving to: ‘../data/deliveryimages.acm.org/10.1145/3190000/3185978/images/www18companion-39-graphic19.jpg’

     0K ...                                                   100% 25.4M=0s

2018-05-16 15:30:58 (25.4 MB/s) - ‘../data/deliveryimages.acm.org/10.1145/3190000/3185978/images/www18companion-39-graphic19.jpg’ saved [3472/3472]

--2018-05-16 15:30:58--  http://deliveryimages.acm.org/10.1145/3190000/3185978/images/www18companion-39-fig11.jpg
Connecting to deliveryimages.acm.org (deliveryimages.acm.org)|104.17.80.191|:80... connected.
HTTP request sent, awaiting response... 301 Moved Permanently
Location: https://deliveryimages.acm.org/10.1145/3190000/3185978/images/www18companion-39-fig11.jpg [following]
--2018-05-16 15:30:58--  https://deliveryimages.acm.org/10.1145/3190000/3185978/images/www18companion-39-fig11.jpg
Connecting to deliveryimages.acm.org (deliveryimages.acm.org)|104.17.80.191|:443... connected.
HTTP request sent, awaiting response... 200 OK
Length: 54439 (53K) [image/jpeg]
Saving to: ‘../data/deliveryimages.acm.org/10.1145/3190000/3185978/images/www18companion-39-fig11.jpg’

     0K .......... .......... .......... .......... .......... 94% 1.72M 0s
    50K ...                                                   100% 2.40M=0.03s

2018-05-16 15:30:58 (1.75 MB/s) - ‘../data/deliveryimages.acm.org/10.1145/3190000/3185978/images/www18companion-39-fig11.jpg’ saved [54439/54439]

--2018-05-16 15:30:58--  http://deliveryimages.acm.org/10.1145/3190000/3185978/images/www18companion-39-graphic21.jpg
Connecting to deliveryimages.acm.org (deliveryimages.acm.org)|104.17.80.191|:80... connected.
HTTP request sent, awaiting response... 301 Moved Permanently
Location: https://deliveryimages.acm.org/10.1145/3190000/3185978/images/www18companion-39-graphic21.jpg [following]
--2018-05-16 15:30:58--  https://deliveryimages.acm.org/10.1145/3190000/3185978/images/www18companion-39-graphic21.jpg
Connecting to deliveryimages.acm.org (deliveryimages.acm.org)|104.17.80.191|:443... connected.
HTTP request sent, awaiting response... 200 OK
Length: 22749 (22K) [image/jpeg]
Saving to: ‘../data/deliveryimages.acm.org/10.1145/3190000/3185978/images/www18companion-39-graphic21.jpg’

     0K .......... .......... ..                              100% 1.33M=0.02s

2018-05-16 15:30:58 (1.33 MB/s) - ‘../data/deliveryimages.acm.org/10.1145/3190000/3185978/images/www18companion-39-graphic21.jpg’ saved [22749/22749]

--2018-05-16 15:30:58--  http://deliveryimages.acm.org/10.1145/3190000/3185978/images/www18companion-39-graphic22.jpg
Connecting to deliveryimages.acm.org (deliveryimages.acm.org)|104.17.80.191|:80... connected.
HTTP request sent, awaiting response... 301 Moved Permanently
Location: https://deliveryimages.acm.org/10.1145/3190000/3185978/images/www18companion-39-graphic22.jpg [following]
--2018-05-16 15:30:58--  https://deliveryimages.acm.org/10.1145/3190000/3185978/images/www18companion-39-graphic22.jpg
Connecting to deliveryimages.acm.org (deliveryimages.acm.org)|104.17.80.191|:443... connected.
HTTP request sent, awaiting response... 200 OK
Length: 1067 (1.0K) [image/jpeg]
Saving to: ‘../data/deliveryimages.acm.org/10.1145/3190000/3185978/images/www18companion-39-graphic22.jpg’

     0K .                                                     100% 10.6M=0s

2018-05-16 15:30:58 (10.6 MB/s) - ‘../data/deliveryimages.acm.org/10.1145/3190000/3185978/images/www18companion-39-graphic22.jpg’ saved [1067/1067]

--2018-05-16 15:30:58--  http://deliveryimages.acm.org/10.1145/3190000/3185978/images/www18companion-39-graphic23.jpg
Connecting to deliveryimages.acm.org (deliveryimages.acm.org)|104.17.80.191|:80... connected.
HTTP request sent, awaiting response... 301 Moved Permanently
Location: https://deliveryimages.acm.org/10.1145/3190000/3185978/images/www18companion-39-graphic23.jpg [following]
--2018-05-16 15:30:58--  https://deliveryimages.acm.org/10.1145/3190000/3185978/images/www18companion-39-graphic23.jpg
Connecting to deliveryimages.acm.org (deliveryimages.acm.org)|104.17.80.191|:443... connected.
HTTP request sent, awaiting response... 200 OK
Length: 4587 (4.5K) [image/jpeg]
Saving to: ‘../data/deliveryimages.acm.org/10.1145/3190000/3185978/images/www18companion-39-graphic23.jpg’

     0K ....                                                  100% 55.7M=0s

2018-05-16 15:30:59 (55.7 MB/s) - ‘../data/deliveryimages.acm.org/10.1145/3190000/3185978/images/www18companion-39-graphic23.jpg’ saved [4587/4587]

--2018-05-16 15:30:59--  http://deliveryimages.acm.org/10.1145/3190000/3185978/images/www18companion-39-graphic24.jpg
Connecting to deliveryimages.acm.org (deliveryimages.acm.org)|104.17.80.191|:80... connected.
HTTP request sent, awaiting response... 301 Moved Permanently
Location: https://deliveryimages.acm.org/10.1145/3190000/3185978/images/www18companion-39-graphic24.jpg [following]
--2018-05-16 15:30:59--  https://deliveryimages.acm.org/10.1145/3190000/3185978/images/www18companion-39-graphic24.jpg
Connecting to deliveryimages.acm.org (deliveryimages.acm.org)|104.17.80.191|:443... connected.
HTTP request sent, awaiting response... 200 OK
Length: 3394 (3.3K) [image/jpeg]
Saving to: ‘../data/deliveryimages.acm.org/10.1145/3190000/3185978/images/www18companion-39-graphic24.jpg’

     0K ...                                                   100% 48.6M=0s

2018-05-16 15:30:59 (48.6 MB/s) - ‘../data/deliveryimages.acm.org/10.1145/3190000/3185978/images/www18companion-39-graphic24.jpg’ saved [3394/3394]

--2018-05-16 15:30:59--  http://deliveryimages.acm.org/10.1145/3190000/3185978/images/www18companion-39-graphic25.jpg
Connecting to deliveryimages.acm.org (deliveryimages.acm.org)|104.17.80.191|:80... connected.
HTTP request sent, awaiting response... 301 Moved Permanently
Location: https://deliveryimages.acm.org/10.1145/3190000/3185978/images/www18companion-39-graphic25.jpg [following]
--2018-05-16 15:30:59--  https://deliveryimages.acm.org/10.1145/3190000/3185978/images/www18companion-39-graphic25.jpg
Connecting to deliveryimages.acm.org (deliveryimages.acm.org)|104.17.80.191|:443... connected.
HTTP request sent, awaiting response... 200 OK
Length: 38575 (38K) [image/jpeg]
Saving to: ‘../data/deliveryimages.acm.org/10.1145/3190000/3185978/images/www18companion-39-graphic25.jpg’

     0K .......... .......... .......... .......              100% 1.94M=0.02s

2018-05-16 15:30:59 (1.94 MB/s) - ‘../data/deliveryimages.acm.org/10.1145/3190000/3185978/images/www18companion-39-graphic25.jpg’ saved [38575/38575]

--2018-05-16 15:30:59--  http://deliveryimages.acm.org/10.1145/3190000/3185978/images/www18companion-39-fig12.jpg
Connecting to deliveryimages.acm.org (deliveryimages.acm.org)|104.17.80.191|:80... connected.
HTTP request sent, awaiting response... 301 Moved Permanently
Location: https://deliveryimages.acm.org/10.1145/3190000/3185978/images/www18companion-39-fig12.jpg [following]
--2018-05-16 15:30:59--  https://deliveryimages.acm.org/10.1145/3190000/3185978/images/www18companion-39-fig12.jpg
Connecting to deliveryimages.acm.org (deliveryimages.acm.org)|104.17.80.191|:443... connected.
HTTP request sent, awaiting response... 200 OK
Length: 118985 (116K) [image/jpeg]
Saving to: ‘../data/deliveryimages.acm.org/10.1145/3190000/3185978/images/www18companion-39-fig12.jpg’

     0K .......... .......... .......... .......... .......... 43% 1.11M 0s
    50K .......... .......... .......... .......... .......... 86% 1.66M 0s
   100K .......... ......                                     100% 6.68M=0.08s

2018-05-16 15:30:59 (1.50 MB/s) - ‘../data/deliveryimages.acm.org/10.1145/3190000/3185978/images/www18companion-39-fig12.jpg’ saved [118985/118985]

--2018-05-16 15:30:59--  http://deliveryimages.acm.org/10.1145/3190000/3185978/images/www18companion-39-fig13.jpg
Connecting to deliveryimages.acm.org (deliveryimages.acm.org)|104.17.80.191|:80... connected.
HTTP request sent, awaiting response... 301 Moved Permanently
Location: https://deliveryimages.acm.org/10.1145/3190000/3185978/images/www18companion-39-fig13.jpg [following]
--2018-05-16 15:31:00--  https://deliveryimages.acm.org/10.1145/3190000/3185978/images/www18companion-39-fig13.jpg
Connecting to deliveryimages.acm.org (deliveryimages.acm.org)|104.17.80.191|:443... connected.
HTTP request sent, awaiting response... 200 OK
Length: 107581 (105K) [image/jpeg]
Saving to: ‘../data/deliveryimages.acm.org/10.1145/3190000/3185978/images/www18companion-39-fig13.jpg’

     0K .......... .......... .......... .......... .......... 47% 1.33M 0s
    50K .......... .......... .......... .......... .......... 95% 2.87M 0s
   100K .....                                                 100%  131M=0.05s

2018-05-16 15:31:00 (1.91 MB/s) - ‘../data/deliveryimages.acm.org/10.1145/3190000/3185978/images/www18companion-39-fig13.jpg’ saved [107581/107581]

--2018-05-16 15:31:00--  http://deliveryimages.acm.org/10.1145/3190000/3185978/images/www18companion-39-fig14.jpg
Connecting to deliveryimages.acm.org (deliveryimages.acm.org)|104.17.80.191|:80... connected.
HTTP request sent, awaiting response... 301 Moved Permanently
Location: https://deliveryimages.acm.org/10.1145/3190000/3185978/images/www18companion-39-fig14.jpg [following]
--2018-05-16 15:31:00--  https://deliveryimages.acm.org/10.1145/3190000/3185978/images/www18companion-39-fig14.jpg
Connecting to deliveryimages.acm.org (deliveryimages.acm.org)|104.17.80.191|:443... connected.
HTTP request sent, awaiting response... 200 OK
Length: 335648 (328K) [image/jpeg]
Saving to: ‘../data/deliveryimages.acm.org/10.1145/3190000/3185978/images/www18companion-39-fig14.jpg’

     0K .......... .......... .......... .......... .......... 15% 1.76M 0s
    50K .......... .......... .......... .......... .......... 30% 2.42M 0s
   100K .......... .......... .......... .......... .......... 45% 3.13M 0s
   150K .......... .......... .......... .......... .......... 61% 2.97M 0s
   200K .......... .......... .......... .......... .......... 76% 1.09M 0s
   250K .......... .......... .......... .......... .......... 91% 40.3M 0s
   300K .......... .......... .......                         100%  119M=0.1s

2018-05-16 15:31:00 (2.54 MB/s) - ‘../data/deliveryimages.acm.org/10.1145/3190000/3185978/images/www18companion-39-fig14.jpg’ saved [335648/335648]

--2018-05-16 15:31:00--  http://deliveryimages.acm.org/10.1145/3190000/3185978/images/www18companion-39-fig15.jpg
Connecting to deliveryimages.acm.org (deliveryimages.acm.org)|104.17.80.191|:80... connected.
HTTP request sent, awaiting response... 301 Moved Permanently
Location: https://deliveryimages.acm.org/10.1145/3190000/3185978/images/www18companion-39-fig15.jpg [following]
--2018-05-16 15:31:00--  https://deliveryimages.acm.org/10.1145/3190000/3185978/images/www18companion-39-fig15.jpg
Connecting to deliveryimages.acm.org (deliveryimages.acm.org)|104.17.80.191|:443... connected.
HTTP request sent, awaiting response... 200 OK
Length: 302784 (296K) [image/jpeg]
Saving to: ‘../data/deliveryimages.acm.org/10.1145/3190000/3185978/images/www18companion-39-fig15.jpg’

     0K .......... .......... .......... .......... .......... 16% 1.40M 0s
    50K .......... .......... .......... .......... .......... 33% 3.71M 0s
   100K .......... .......... .......... .......... .......... 50% 3.02M 0s
   150K .......... .......... .......... .......... .......... 67% 4.08M 0s
   200K .......... .......... .......... .......... .......... 84% 2.26M 0s
   250K .......... .......... .......... .......... .....     100% 10.3M=0.1s

2018-05-16 15:31:01 (2.83 MB/s) - ‘../data/deliveryimages.acm.org/10.1145/3190000/3185978/images/www18companion-39-fig15.jpg’ saved [302784/302784]

--2018-05-16 15:31:01--  http://deliveryimages.acm.org/10.1145/3190000/3185978/images/www18companion-39-graphic30.jpg
Connecting to deliveryimages.acm.org (deliveryimages.acm.org)|104.17.80.191|:80... connected.
HTTP request sent, awaiting response... 301 Moved Permanently
Location: https://deliveryimages.acm.org/10.1145/3190000/3185978/images/www18companion-39-graphic30.jpg [following]
--2018-05-16 15:31:01--  https://deliveryimages.acm.org/10.1145/3190000/3185978/images/www18companion-39-graphic30.jpg
Connecting to deliveryimages.acm.org (deliveryimages.acm.org)|104.17.80.191|:443... connected.
HTTP request sent, awaiting response... 200 OK
Length: 34174 (33K) [image/jpeg]
Saving to: ‘../data/deliveryimages.acm.org/10.1145/3190000/3185978/images/www18companion-39-graphic30.jpg’

     0K .......... .......... .......... ...                  100% 1.46M=0.02s

2018-05-16 15:31:01 (1.46 MB/s) - ‘../data/deliveryimages.acm.org/10.1145/3190000/3185978/images/www18companion-39-graphic30.jpg’ saved [34174/34174]

--2018-05-16 15:31:01--  http://deliveryimages.acm.org/10.1145/3190000/3185978/images/www18companion-39-fig16.jpg
Connecting to deliveryimages.acm.org (deliveryimages.acm.org)|104.17.80.191|:80... connected.
HTTP request sent, awaiting response... 301 Moved Permanently
Location: https://deliveryimages.acm.org/10.1145/3190000/3185978/images/www18companion-39-fig16.jpg [following]
--2018-05-16 15:31:01--  https://deliveryimages.acm.org/10.1145/3190000/3185978/images/www18companion-39-fig16.jpg
Connecting to deliveryimages.acm.org (deliveryimages.acm.org)|104.17.80.191|:443... connected.
HTTP request sent, awaiting response... 200 OK
Length: 134456 (131K) [image/jpeg]
Saving to: ‘../data/deliveryimages.acm.org/10.1145/3190000/3185978/images/www18companion-39-fig16.jpg’

     0K .......... .......... .......... .......... .......... 38% 1.67M 0s
    50K .......... .......... .......... .......... .......... 76% 3.56M 0s
   100K .......... .......... .......... .                    100% 4.27M=0.05s

2018-05-16 15:31:02 (2.56 MB/s) - ‘../data/deliveryimages.acm.org/10.1145/3190000/3185978/images/www18companion-39-fig16.jpg’ saved [134456/134456]

--2018-05-16 15:31:02--  http://deliveryimages.acm.org/10.1145/3190000/3185978/images/www18companion-39-fig17.jpg
Connecting to deliveryimages.acm.org (deliveryimages.acm.org)|104.17.80.191|:80... connected.
HTTP request sent, awaiting response... 301 Moved Permanently
Location: https://deliveryimages.acm.org/10.1145/3190000/3185978/images/www18companion-39-fig17.jpg [following]
--2018-05-16 15:31:02--  https://deliveryimages.acm.org/10.1145/3190000/3185978/images/www18companion-39-fig17.jpg
Connecting to deliveryimages.acm.org (deliveryimages.acm.org)|104.17.80.191|:443... connected.
HTTP request sent, awaiting response... 200 OK
Length: 115722 (113K) [image/jpeg]
Saving to: ‘../data/deliveryimages.acm.org/10.1145/3190000/3185978/images/www18companion-39-fig17.jpg’

     0K .......... .......... .......... .......... .......... 44% 1.64M 0s
    50K .......... .......... .......... .......... .......... 88% 3.79M 0s
   100K .......... ...                                        100% 4.07M=0.05s

2018-05-16 15:31:02 (2.42 MB/s) - ‘../data/deliveryimages.acm.org/10.1145/3190000/3185978/images/www18companion-39-fig17.jpg’ saved [115722/115722]

FINISHED --2018-05-16 15:31:02--
Total wall clock time: 10s
Downloaded: 33 files, 3.0M in 1.4s (2.17 MB/s)
Converting links in ../data/delivery.acm.org/10.1145/3190000/3185978/p721-veen.html?ip=24.48.71.56&id=3185978&acc=OPENTOC&key=4D4702B0C3E38B35.4D4702B0C3E38B35.4D4702B0C3E38B35.4DD68F0663C025AA&__acm__=1526499352_8259d839b3cb8ccc8aa8de8c296d96f9... 102-0
Converted links in 1 files in 0.001 seconds.
