--2018-05-16 14:30:46--  http://delivery.acm.org/10.1145/3190000/3186014/p1155-hartig.html?ip=24.48.71.56&id=3186014&acc=OPENTOC&key=4D4702B0C3E38B35%2E4D4702B0C3E38B35%2E4D4702B0C3E38B35%2E4DD68F0663C025AA&__acm__=1526495746_142df32cb756898bf9b6b859cb1c17bd
Resolving delivery.acm.org (delivery.acm.org)... 24.200.120.90, 24.200.120.82
Connecting to delivery.acm.org (delivery.acm.org)|24.200.120.90|:80... connected.
HTTP request sent, awaiting response... 200 OK
Length: 116820 (114K) [text/html]
Saving to: ‘../data/delivery.acm.org/10.1145/3190000/3186014/p1155-hartig.html?ip=24.48.71.56&id=3186014&acc=OPENTOC&key=4D4702B0C3E38B35.4D4702B0C3E38B35.4D4702B0C3E38B35.4DD68F0663C025AA&__acm__=1526495746_142df32cb756898bf9b6b859cb1c17bd’

     0K .......... .......... .......... .......... .......... 43% 1.46M 0s
    50K .......... .......... .......... .......... .......... 87% 3.76M 0s
   100K .......... ....                                       100% 1.60M=0.06s

2018-05-16 14:30:46 (2.02 MB/s) - ‘../data/delivery.acm.org/10.1145/3190000/3186014/p1155-hartig.html?ip=24.48.71.56&id=3186014&acc=OPENTOC&key=4D4702B0C3E38B35.4D4702B0C3E38B35.4D4702B0C3E38B35.4DD68F0663C025AA&__acm__=1526495746_142df32cb756898bf9b6b859cb1c17bd’ saved [116820/116820]

--2018-05-16 14:30:46--  http://deliveryimages.acm.org/10.1145/3190000/3186014/images/www2018-23-fig1.jpg
Resolving deliveryimages.acm.org (deliveryimages.acm.org)... 104.17.80.191, 104.17.79.191
Connecting to deliveryimages.acm.org (deliveryimages.acm.org)|104.17.80.191|:80... connected.
HTTP request sent, awaiting response... 301 Moved Permanently
Location: https://deliveryimages.acm.org/10.1145/3190000/3186014/images/www2018-23-fig1.jpg [following]
--2018-05-16 14:30:46--  https://deliveryimages.acm.org/10.1145/3190000/3186014/images/www2018-23-fig1.jpg
Connecting to deliveryimages.acm.org (deliveryimages.acm.org)|104.17.80.191|:443... connected.
HTTP request sent, awaiting response... 200 OK
Length: 133674 (131K) [image/jpeg]
Saving to: ‘../data/deliveryimages.acm.org/10.1145/3190000/3186014/images/www2018-23-fig1.jpg’

     0K .......... .......... .......... .......... .......... 38% 85.3K 1s
    50K .......... .......... .......... .......... .......... 76%  188K 0s
   100K .......... .......... ..........                      100%  183K=1.0s

2018-05-16 14:30:48 (128 KB/s) - ‘../data/deliveryimages.acm.org/10.1145/3190000/3186014/images/www2018-23-fig1.jpg’ saved [133674/133674]

--2018-05-16 14:30:48--  http://deliveryimages.acm.org/10.1145/3190000/3186014/images/www2018-23-fig2.jpg
Connecting to deliveryimages.acm.org (deliveryimages.acm.org)|104.17.80.191|:80... connected.
HTTP request sent, awaiting response... 301 Moved Permanently
Location: https://deliveryimages.acm.org/10.1145/3190000/3186014/images/www2018-23-fig2.jpg [following]
--2018-05-16 14:30:48--  https://deliveryimages.acm.org/10.1145/3190000/3186014/images/www2018-23-fig2.jpg
Connecting to deliveryimages.acm.org (deliveryimages.acm.org)|104.17.80.191|:443... connected.
HTTP request sent, awaiting response... 200 OK
Length: 132572 (129K) [image/jpeg]
Saving to: ‘../data/deliveryimages.acm.org/10.1145/3190000/3186014/images/www2018-23-fig2.jpg’

     0K .......... .......... .......... .......... .......... 38%  990K 0s
    50K .......... .......... .......... .......... .......... 77% 3.21M 0s
   100K .......... .......... .........                       100% 5.01M=0.07s

2018-05-16 14:30:49 (1.77 MB/s) - ‘../data/deliveryimages.acm.org/10.1145/3190000/3186014/images/www2018-23-fig2.jpg’ saved [132572/132572]

--2018-05-16 14:30:49--  http://deliveryimages.acm.org/10.1145/3190000/3186014/images/www2018-23-fig3.jpg
Connecting to deliveryimages.acm.org (deliveryimages.acm.org)|104.17.80.191|:80... connected.
HTTP request sent, awaiting response... 301 Moved Permanently
Location: https://deliveryimages.acm.org/10.1145/3190000/3186014/images/www2018-23-fig3.jpg [following]
--2018-05-16 14:30:49--  https://deliveryimages.acm.org/10.1145/3190000/3186014/images/www2018-23-fig3.jpg
Connecting to deliveryimages.acm.org (deliveryimages.acm.org)|104.17.80.191|:443... connected.
HTTP request sent, awaiting response... 200 OK
Length: 122920 (120K) [image/jpeg]
Saving to: ‘../data/deliveryimages.acm.org/10.1145/3190000/3186014/images/www2018-23-fig3.jpg’

     0K .......... .......... .......... .......... .......... 41% 55.6K 1s
    50K .......... .......... .......... .......... .......... 83%  214K 0s
   100K .......... ..........                                 100% 14.6M=1.1s

2018-05-16 14:30:55 (106 KB/s) - ‘../data/deliveryimages.acm.org/10.1145/3190000/3186014/images/www2018-23-fig3.jpg’ saved [122920/122920]

--2018-05-16 14:30:55--  http://deliveryimages.acm.org/10.1145/3190000/3186014/images/www2018-23-fig4.jpg
Connecting to deliveryimages.acm.org (deliveryimages.acm.org)|104.17.80.191|:80... connected.
HTTP request sent, awaiting response... 301 Moved Permanently
Location: https://deliveryimages.acm.org/10.1145/3190000/3186014/images/www2018-23-fig4.jpg [following]
--2018-05-16 14:30:55--  https://deliveryimages.acm.org/10.1145/3190000/3186014/images/www2018-23-fig4.jpg
Connecting to deliveryimages.acm.org (deliveryimages.acm.org)|104.17.80.191|:443... connected.
HTTP request sent, awaiting response... 200 OK
Length: 85707 (84K) [image/jpeg]
Saving to: ‘../data/deliveryimages.acm.org/10.1145/3190000/3186014/images/www2018-23-fig4.jpg’

     0K .......... .......... .......... .......... .......... 59% 1.34M 0s
    50K .......... .......... .......... ...                  100% 3.75M=0.05s

2018-05-16 14:30:55 (1.81 MB/s) - ‘../data/deliveryimages.acm.org/10.1145/3190000/3186014/images/www2018-23-fig4.jpg’ saved [85707/85707]

--2018-05-16 14:30:55--  http://deliveryimages.acm.org/10.1145/3190000/3186014/images/www2018-23-fig5.jpg
Connecting to deliveryimages.acm.org (deliveryimages.acm.org)|104.17.80.191|:80... connected.
HTTP request sent, awaiting response... 301 Moved Permanently
Location: https://deliveryimages.acm.org/10.1145/3190000/3186014/images/www2018-23-fig5.jpg [following]
--2018-05-16 14:30:55--  https://deliveryimages.acm.org/10.1145/3190000/3186014/images/www2018-23-fig5.jpg
Connecting to deliveryimages.acm.org (deliveryimages.acm.org)|104.17.80.191|:443... connected.
HTTP request sent, awaiting response... 200 OK
Length: 157978 (154K) [image/jpeg]
Saving to: ‘../data/deliveryimages.acm.org/10.1145/3190000/3186014/images/www2018-23-fig5.jpg’

     0K .......... .......... .......... .......... .......... 32% 1.58M 0s
    50K .......... .......... .......... .......... .......... 64% 3.35M 0s
   100K .......... .......... .......... .......... .......... 97% 3.86M 0s
   150K ....                                                  100% 28.0M=0.06s

2018-05-16 14:30:55 (2.58 MB/s) - ‘../data/deliveryimages.acm.org/10.1145/3190000/3186014/images/www2018-23-fig5.jpg’ saved [157978/157978]

--2018-05-16 14:30:55--  http://deliveryimages.acm.org/10.1145/3190000/3186014/images/www2018-23-fig6.jpg
Connecting to deliveryimages.acm.org (deliveryimages.acm.org)|104.17.80.191|:80... connected.
HTTP request sent, awaiting response... 301 Moved Permanently
Location: https://deliveryimages.acm.org/10.1145/3190000/3186014/images/www2018-23-fig6.jpg [following]
--2018-05-16 14:30:55--  https://deliveryimages.acm.org/10.1145/3190000/3186014/images/www2018-23-fig6.jpg
Connecting to deliveryimages.acm.org (deliveryimages.acm.org)|104.17.80.191|:443... connected.
HTTP request sent, awaiting response... 200 OK
Length: 76714 (75K) [image/jpeg]
Saving to: ‘../data/deliveryimages.acm.org/10.1145/3190000/3186014/images/www2018-23-fig6.jpg’

     0K .......... .......... .......... .......... .......... 66% 64.8K 0s
    50K .......... .......... ....                            100% 1.24M=0.8s

2018-05-16 14:30:57 (94.7 KB/s) - ‘../data/deliveryimages.acm.org/10.1145/3190000/3186014/images/www2018-23-fig6.jpg’ saved [76714/76714]

--2018-05-16 14:30:57--  http://deliveryimages.acm.org/10.1145/3190000/3186014/images/www2018-23-fig7.jpg
Connecting to deliveryimages.acm.org (deliveryimages.acm.org)|104.17.80.191|:80... connected.
HTTP request sent, awaiting response... 301 Moved Permanently
Location: https://deliveryimages.acm.org/10.1145/3190000/3186014/images/www2018-23-fig7.jpg [following]
--2018-05-16 14:30:57--  https://deliveryimages.acm.org/10.1145/3190000/3186014/images/www2018-23-fig7.jpg
Connecting to deliveryimages.acm.org (deliveryimages.acm.org)|104.17.80.191|:443... connected.
HTTP request sent, awaiting response... 200 OK
Length: 68717 (67K) [image/jpeg]
Saving to: ‘../data/deliveryimages.acm.org/10.1145/3190000/3186014/images/www2018-23-fig7.jpg’

     0K .......... .......... .......... .......... .......... 74% 1.69M 0s
    50K .......... .......                                    100% 2.41M=0.04s

2018-05-16 14:30:57 (1.83 MB/s) - ‘../data/deliveryimages.acm.org/10.1145/3190000/3186014/images/www2018-23-fig7.jpg’ saved [68717/68717]

--2018-05-16 14:30:57--  http://deliveryimages.acm.org/10.1145/3190000/3186014/images/www2018-23-fig8.jpg
Connecting to deliveryimages.acm.org (deliveryimages.acm.org)|104.17.80.191|:80... connected.
HTTP request sent, awaiting response... 301 Moved Permanently
Location: https://deliveryimages.acm.org/10.1145/3190000/3186014/images/www2018-23-fig8.jpg [following]
--2018-05-16 14:30:57--  https://deliveryimages.acm.org/10.1145/3190000/3186014/images/www2018-23-fig8.jpg
Connecting to deliveryimages.acm.org (deliveryimages.acm.org)|104.17.80.191|:443... connected.
HTTP request sent, awaiting response... 200 OK
Length: 38407 (38K) [image/jpeg]
Saving to: ‘../data/deliveryimages.acm.org/10.1145/3190000/3186014/images/www2018-23-fig8.jpg’

     0K .......... .......... .......... .......              100%  961K=0.04s

2018-05-16 14:30:57 (961 KB/s) - ‘../data/deliveryimages.acm.org/10.1145/3190000/3186014/images/www2018-23-fig8.jpg’ saved [38407/38407]

--2018-05-16 14:30:57--  http://deliveryimages.acm.org/10.1145/3190000/3186014/images/www2018-23-img1.svg
Connecting to deliveryimages.acm.org (deliveryimages.acm.org)|104.17.80.191|:80... connected.
HTTP request sent, awaiting response... 301 Moved Permanently
Location: https://deliveryimages.acm.org/10.1145/3190000/3186014/images/www2018-23-img1.svg [following]
--2018-05-16 14:30:57--  https://deliveryimages.acm.org/10.1145/3190000/3186014/images/www2018-23-img1.svg
Connecting to deliveryimages.acm.org (deliveryimages.acm.org)|104.17.80.191|:443... connected.
HTTP request sent, awaiting response... 200 OK
Length: 85201 (83K) [image/svg+xml]
Saving to: ‘../data/deliveryimages.acm.org/10.1145/3190000/3186014/images/www2018-23-img1.svg’

     0K .......... .......... .......... .......... .......... 60% 1.62M 0s
    50K .......... .......... .......... ...                  100% 3.69M=0.04s

2018-05-16 14:30:58 (2.09 MB/s) - ‘../data/deliveryimages.acm.org/10.1145/3190000/3186014/images/www2018-23-img1.svg’ saved [85201/85201]

--2018-05-16 14:30:58--  http://deliveryimages.acm.org/10.1145/3190000/3186014/images/www2018-23-img2.svg
Connecting to deliveryimages.acm.org (deliveryimages.acm.org)|104.17.80.191|:80... connected.
HTTP request sent, awaiting response... 301 Moved Permanently
Location: https://deliveryimages.acm.org/10.1145/3190000/3186014/images/www2018-23-img2.svg [following]
--2018-05-16 14:30:58--  https://deliveryimages.acm.org/10.1145/3190000/3186014/images/www2018-23-img2.svg
Connecting to deliveryimages.acm.org (deliveryimages.acm.org)|104.17.80.191|:443... connected.
HTTP request sent, awaiting response... 200 OK
Length: 102149 (100K) [image/svg+xml]
Saving to: ‘../data/deliveryimages.acm.org/10.1145/3190000/3186014/images/www2018-23-img2.svg’

     0K .......... .......... .......... .......... .......... 50% 1.57M 0s
    50K .......... .......... .......... .......... ......... 100% 3.42M=0.05s

2018-05-16 14:30:58 (2.15 MB/s) - ‘../data/deliveryimages.acm.org/10.1145/3190000/3186014/images/www2018-23-img2.svg’ saved [102149/102149]

--2018-05-16 14:30:58--  http://deliveryimages.acm.org/10.1145/3190000/3186014/images/www2018-23-img3.svg
Connecting to deliveryimages.acm.org (deliveryimages.acm.org)|104.17.80.191|:80... connected.
HTTP request sent, awaiting response... 301 Moved Permanently
Location: https://deliveryimages.acm.org/10.1145/3190000/3186014/images/www2018-23-img3.svg [following]
--2018-05-16 14:30:58--  https://deliveryimages.acm.org/10.1145/3190000/3186014/images/www2018-23-img3.svg
Connecting to deliveryimages.acm.org (deliveryimages.acm.org)|104.17.80.191|:443... connected.
HTTP request sent, awaiting response... 200 OK
Length: 21560 (21K) [image/svg+xml]
Saving to: ‘../data/deliveryimages.acm.org/10.1145/3190000/3186014/images/www2018-23-img3.svg’

     0K .......... .......... .                               100%  755K=0.03s

2018-05-16 14:30:58 (755 KB/s) - ‘../data/deliveryimages.acm.org/10.1145/3190000/3186014/images/www2018-23-img3.svg’ saved [21560/21560]

FINISHED --2018-05-16 14:30:58--
Total wall clock time: 12s
Downloaded: 12 files, 1.1M in 3.4s (332 KB/s)
Converting links in ../data/delivery.acm.org/10.1145/3190000/3186014/p1155-hartig.html?ip=24.48.71.56&id=3186014&acc=OPENTOC&key=4D4702B0C3E38B35.4D4702B0C3E38B35.4D4702B0C3E38B35.4DD68F0663C025AA&__acm__=1526495746_142df32cb756898bf9b6b859cb1c17bd... 131-0
Converted links in 1 files in 0.004 seconds.
