--2018-05-16 14:32:37--  http://delivery.acm.org/10.1145/3190000/3186040/p1349-pan.html?ip=24.48.71.56&id=3186040&acc=OPENTOC&key=4D4702B0C3E38B35%2E4D4702B0C3E38B35%2E4D4702B0C3E38B35%2E4DD68F0663C025AA&__acm__=1526495857_64ce7bb536ef69f05f020bab9544d658
Resolving delivery.acm.org (delivery.acm.org)... 24.200.120.90, 24.200.120.82
Connecting to delivery.acm.org (delivery.acm.org)|24.200.120.90|:80... connected.
HTTP request sent, awaiting response... 200 OK
Length: 83976 (82K) [text/html]
Saving to: ‘../data/delivery.acm.org/10.1145/3190000/3186040/p1349-pan.html?ip=24.48.71.56&id=3186040&acc=OPENTOC&key=4D4702B0C3E38B35.4D4702B0C3E38B35.4D4702B0C3E38B35.4DD68F0663C025AA&__acm__=1526495857_64ce7bb536ef69f05f020bab9544d658’

     0K .......... .......... .......... .......... .......... 60% 2.80M 0s
    50K .......... .......... .......... ..                   100% 2.27M=0.03s

2018-05-16 14:32:37 (2.57 MB/s) - ‘../data/delivery.acm.org/10.1145/3190000/3186040/p1349-pan.html?ip=24.48.71.56&id=3186040&acc=OPENTOC&key=4D4702B0C3E38B35.4D4702B0C3E38B35.4D4702B0C3E38B35.4DD68F0663C025AA&__acm__=1526495857_64ce7bb536ef69f05f020bab9544d658’ saved [83976/83976]

--2018-05-16 14:32:37--  http://deliveryimages.acm.org/10.1145/3190000/3186040/images/www2018-49-fig1.jpg
Resolving deliveryimages.acm.org (deliveryimages.acm.org)... 104.17.79.191, 104.17.80.191
Connecting to deliveryimages.acm.org (deliveryimages.acm.org)|104.17.79.191|:80... connected.
HTTP request sent, awaiting response... 301 Moved Permanently
Location: https://deliveryimages.acm.org/10.1145/3190000/3186040/images/www2018-49-fig1.jpg [following]
--2018-05-16 14:32:37--  https://deliveryimages.acm.org/10.1145/3190000/3186040/images/www2018-49-fig1.jpg
Connecting to deliveryimages.acm.org (deliveryimages.acm.org)|104.17.79.191|:443... connected.
HTTP request sent, awaiting response... 200 OK
Length: 83340 (81K) [image/jpeg]
Saving to: ‘../data/deliveryimages.acm.org/10.1145/3190000/3186040/images/www2018-49-fig1.jpg’

     0K .......... .......... .......... .......... .......... 61% 1.12M 0s
    50K .......... .......... .......... .                    100% 9.84M=0.05s

2018-05-16 14:32:38 (1.70 MB/s) - ‘../data/deliveryimages.acm.org/10.1145/3190000/3186040/images/www2018-49-fig1.jpg’ saved [83340/83340]

--2018-05-16 14:32:38--  http://deliveryimages.acm.org/10.1145/3190000/3186040/images/www2018-49-fig2.jpg
Connecting to deliveryimages.acm.org (deliveryimages.acm.org)|104.17.79.191|:80... connected.
HTTP request sent, awaiting response... 301 Moved Permanently
Location: https://deliveryimages.acm.org/10.1145/3190000/3186040/images/www2018-49-fig2.jpg [following]
--2018-05-16 14:32:38--  https://deliveryimages.acm.org/10.1145/3190000/3186040/images/www2018-49-fig2.jpg
Connecting to deliveryimages.acm.org (deliveryimages.acm.org)|104.17.79.191|:443... connected.
HTTP request sent, awaiting response... 200 OK
Length: 151253 (148K) [image/jpeg]
Saving to: ‘../data/deliveryimages.acm.org/10.1145/3190000/3186040/images/www2018-49-fig2.jpg’

     0K .......... .......... .......... .......... .......... 33% 1.34M 0s
    50K .......... .......... .......... .......... .......... 67% 3.00M 0s
   100K .......... .......... .......... .......... .......   100% 3.91M=0.06s

2018-05-16 14:32:38 (2.24 MB/s) - ‘../data/deliveryimages.acm.org/10.1145/3190000/3186040/images/www2018-49-fig2.jpg’ saved [151253/151253]

--2018-05-16 14:32:38--  http://deliveryimages.acm.org/10.1145/3190000/3186040/images/www2018-49-fig3.jpg
Connecting to deliveryimages.acm.org (deliveryimages.acm.org)|104.17.79.191|:80... connected.
HTTP request sent, awaiting response... 301 Moved Permanently
Location: https://deliveryimages.acm.org/10.1145/3190000/3186040/images/www2018-49-fig3.jpg [following]
--2018-05-16 14:32:38--  https://deliveryimages.acm.org/10.1145/3190000/3186040/images/www2018-49-fig3.jpg
Connecting to deliveryimages.acm.org (deliveryimages.acm.org)|104.17.79.191|:443... connected.
HTTP request sent, awaiting response... 200 OK
Length: 83126 (81K) [image/jpeg]
Saving to: ‘../data/deliveryimages.acm.org/10.1145/3190000/3186040/images/www2018-49-fig3.jpg’

     0K .......... .......... .......... .......... .......... 61% 1.38M 0s
    50K .......... .......... .......... .                    100% 2.96M=0.05s

2018-05-16 14:32:38 (1.74 MB/s) - ‘../data/deliveryimages.acm.org/10.1145/3190000/3186040/images/www2018-49-fig3.jpg’ saved [83126/83126]

--2018-05-16 14:32:38--  http://deliveryimages.acm.org/10.1145/3190000/3186040/images/www2018-49-fig4.jpg
Connecting to deliveryimages.acm.org (deliveryimages.acm.org)|104.17.79.191|:80... connected.
HTTP request sent, awaiting response... 301 Moved Permanently
Location: https://deliveryimages.acm.org/10.1145/3190000/3186040/images/www2018-49-fig4.jpg [following]
--2018-05-16 14:32:38--  https://deliveryimages.acm.org/10.1145/3190000/3186040/images/www2018-49-fig4.jpg
Connecting to deliveryimages.acm.org (deliveryimages.acm.org)|104.17.79.191|:443... connected.
HTTP request sent, awaiting response... 200 OK
Length: 82830 (81K) [image/jpeg]
Saving to: ‘../data/deliveryimages.acm.org/10.1145/3190000/3186040/images/www2018-49-fig4.jpg’

     0K .......... .......... .......... .......... .......... 61% 1.63M 0s
    50K .......... .......... ..........                      100% 2.50M=0.04s

2018-05-16 14:32:39 (1.88 MB/s) - ‘../data/deliveryimages.acm.org/10.1145/3190000/3186040/images/www2018-49-fig4.jpg’ saved [82830/82830]

--2018-05-16 14:32:39--  http://deliveryimages.acm.org/10.1145/3190000/3186040/images/www2018-49-fig5.jpg
Connecting to deliveryimages.acm.org (deliveryimages.acm.org)|104.17.79.191|:80... connected.
HTTP request sent, awaiting response... 301 Moved Permanently
Location: https://deliveryimages.acm.org/10.1145/3190000/3186040/images/www2018-49-fig5.jpg [following]
--2018-05-16 14:32:39--  https://deliveryimages.acm.org/10.1145/3190000/3186040/images/www2018-49-fig5.jpg
Connecting to deliveryimages.acm.org (deliveryimages.acm.org)|104.17.79.191|:443... connected.
HTTP request sent, awaiting response... 200 OK
Length: 822124 (803K) [image/jpeg]
Saving to: ‘../data/deliveryimages.acm.org/10.1145/3190000/3186040/images/www2018-49-fig5.jpg’

     0K .......... .......... .......... .......... ..........  6% 1.64M 0s
    50K .......... .......... .......... .......... .......... 12% 3.48M 0s
   100K .......... .......... .......... .......... .......... 18% 1.45M 0s
   150K .......... .......... .......... .......... .......... 24% 3.65M 0s
   200K .......... .......... .......... .......... .......... 31%  138M 0s
   250K .......... .......... .......... .......... .......... 37% 4.39M 0s
   300K .......... .......... .......... .......... .......... 43% 11.4M 0s
   350K .......... .......... .......... .......... .......... 49% 3.14M 0s
   400K .......... .......... .......... .......... .......... 56% 1.75M 0s
   450K .......... .......... .......... .......... .......... 62% 15.6M 0s
   500K .......... .......... .......... .......... .......... 68% 3.81M 0s
   550K .......... .......... .......... .......... .......... 74% 3.35M 0s
   600K .......... .......... .......... .......... .......... 80% 34.8M 0s
   650K .......... .......... .......... .......... .......... 87% 2.50M 0s
   700K .......... .......... .......... .......... .......... 93% 4.96M 0s
   750K .......... .......... .......... .......... .......... 99% 19.8M 0s
   800K ..                                                    100% 5446G=0.2s

2018-05-16 14:32:39 (3.66 MB/s) - ‘../data/deliveryimages.acm.org/10.1145/3190000/3186040/images/www2018-49-fig5.jpg’ saved [822124/822124]

--2018-05-16 14:32:39--  http://deliveryimages.acm.org/10.1145/3190000/3186040/images/www2018-49-fig6.jpg
Connecting to deliveryimages.acm.org (deliveryimages.acm.org)|104.17.79.191|:80... connected.
HTTP request sent, awaiting response... 301 Moved Permanently
Location: https://deliveryimages.acm.org/10.1145/3190000/3186040/images/www2018-49-fig6.jpg [following]
--2018-05-16 14:32:39--  https://deliveryimages.acm.org/10.1145/3190000/3186040/images/www2018-49-fig6.jpg
Connecting to deliveryimages.acm.org (deliveryimages.acm.org)|104.17.79.191|:443... connected.
HTTP request sent, awaiting response... 200 OK
Length: 431172 (421K) [image/jpeg]
Saving to: ‘../data/deliveryimages.acm.org/10.1145/3190000/3186040/images/www2018-49-fig6.jpg’

     0K .......... .......... .......... .......... .......... 11% 1.11M 0s
    50K .......... .......... .......... .......... .......... 23% 3.81M 0s
   100K .......... .......... .......... .......... .......... 35% 4.37M 0s
   150K .......... .......... .......... .......... .......... 47% 2.78M 0s
   200K .......... .......... .......... .......... .......... 59% 5.95M 0s
   250K .......... .......... .......... .......... .......... 71% 5.25M 0s
   300K .......... .......... .......... .......... .......... 83% 3.24M 0s
   350K .......... .......... .......... .......... .......... 94% 4.22M 0s
   400K .......... .......... .                               100% 15.7M=0.1s

2018-05-16 14:32:40 (3.14 MB/s) - ‘../data/deliveryimages.acm.org/10.1145/3190000/3186040/images/www2018-49-fig6.jpg’ saved [431172/431172]

FINISHED --2018-05-16 14:32:40--
Total wall clock time: 2.4s
Downloaded: 7 files, 1.7M in 0.6s (2.88 MB/s)
Converting links in ../data/delivery.acm.org/10.1145/3190000/3186040/p1349-pan.html?ip=24.48.71.56&id=3186040&acc=OPENTOC&key=4D4702B0C3E38B35.4D4702B0C3E38B35.4D4702B0C3E38B35.4DD68F0663C025AA&__acm__=1526495857_64ce7bb536ef69f05f020bab9544d658... 90-0
Converted links in 1 files in 0.003 seconds.
