--2018-05-16 14:28:31--  http://delivery.acm.org/10.1145/3190000/3186020/p1215-porrini.html?ip=24.48.71.56&id=3186020&acc=OPENTOC&key=4D4702B0C3E38B35%2E4D4702B0C3E38B35%2E4D4702B0C3E38B35%2E4DD68F0663C025AA&__acm__=1526495611_10f9bd234b9b95bf96f3e4cfd1210403
Resolving delivery.acm.org (delivery.acm.org)... 24.200.120.90, 24.200.120.82
Connecting to delivery.acm.org (delivery.acm.org)|24.200.120.90|:80... connected.
HTTP request sent, awaiting response... 200 OK
Length: 104135 (102K) [text/html]
Saving to: ‘../data/delivery.acm.org/10.1145/3190000/3186020/p1215-porrini.html?ip=24.48.71.56&id=3186020&acc=OPENTOC&key=4D4702B0C3E38B35.4D4702B0C3E38B35.4D4702B0C3E38B35.4DD68F0663C025AA&__acm__=1526495611_10f9bd234b9b95bf96f3e4cfd1210403’

     0K .......... .......... .......... .......... .......... 49% 1.40M 0s
    50K .......... .......... .......... .......... .......... 98% 2.31M 0s
   100K .                                                     100% 19.1M=0.06s

2018-05-16 14:28:31 (1.77 MB/s) - ‘../data/delivery.acm.org/10.1145/3190000/3186020/p1215-porrini.html?ip=24.48.71.56&id=3186020&acc=OPENTOC&key=4D4702B0C3E38B35.4D4702B0C3E38B35.4D4702B0C3E38B35.4DD68F0663C025AA&__acm__=1526495611_10f9bd234b9b95bf96f3e4cfd1210403’ saved [104135/104135]

--2018-05-16 14:28:31--  http://deliveryimages.acm.org/10.1145/3190000/3186020/images/www2018-29-fig1.jpg
Resolving deliveryimages.acm.org (deliveryimages.acm.org)... 104.17.80.191, 104.17.79.191
Connecting to deliveryimages.acm.org (deliveryimages.acm.org)|104.17.80.191|:80... connected.
HTTP request sent, awaiting response... 301 Moved Permanently
Location: https://deliveryimages.acm.org/10.1145/3190000/3186020/images/www2018-29-fig1.jpg [following]
--2018-05-16 14:28:31--  https://deliveryimages.acm.org/10.1145/3190000/3186020/images/www2018-29-fig1.jpg
Connecting to deliveryimages.acm.org (deliveryimages.acm.org)|104.17.80.191|:443... connected.
HTTP request sent, awaiting response... 200 OK
Length: 613473 (599K) [image/jpeg]
Saving to: ‘../data/deliveryimages.acm.org/10.1145/3190000/3186020/images/www2018-29-fig1.jpg’

     0K .......... .......... .......... .......... ..........  8% 1.28M 0s
    50K .......... .......... .......... .......... .......... 16% 3.09M 0s
   100K .......... .......... .......... .......... .......... 25% 2.17M 0s
   150K .......... .......... .......... .......... .......... 33% 2.99M 0s
   200K .......... .......... .......... .......... .......... 41% 8.30M 0s
   250K .......... .......... .......... .......... .......... 50% 7.85M 0s
   300K .......... .......... .......... .......... .......... 58% 5.54M 0s
   350K .......... .......... .......... .......... .......... 66% 3.04M 0s
   400K .......... .......... .......... .......... .......... 75% 4.05M 0s
   450K .......... .......... .......... .......... .......... 83% 4.56M 0s
   500K .......... .......... .......... .......... .......... 91% 2.35M 0s
   550K .......... .......... .......... .......... ......... 100% 32.9M=0.2s

2018-05-16 14:28:32 (3.35 MB/s) - ‘../data/deliveryimages.acm.org/10.1145/3190000/3186020/images/www2018-29-fig1.jpg’ saved [613473/613473]

--2018-05-16 14:28:32--  http://deliveryimages.acm.org/10.1145/3190000/3186020/images/www2018-29-fig2.jpg
Connecting to deliveryimages.acm.org (deliveryimages.acm.org)|104.17.80.191|:80... connected.
HTTP request sent, awaiting response... 301 Moved Permanently
Location: https://deliveryimages.acm.org/10.1145/3190000/3186020/images/www2018-29-fig2.jpg [following]
--2018-05-16 14:28:32--  https://deliveryimages.acm.org/10.1145/3190000/3186020/images/www2018-29-fig2.jpg
Connecting to deliveryimages.acm.org (deliveryimages.acm.org)|104.17.80.191|:443... connected.
HTTP request sent, awaiting response... 200 OK
Length: 91364 (89K) [image/jpeg]
Saving to: ‘../data/deliveryimages.acm.org/10.1145/3190000/3186020/images/www2018-29-fig2.jpg’

     0K .......... .......... .......... .......... .......... 56% 1.25M 0s
    50K .......... .......... .......... .........            100% 4.01M=0.05s

2018-05-16 14:28:32 (1.79 MB/s) - ‘../data/deliveryimages.acm.org/10.1145/3190000/3186020/images/www2018-29-fig2.jpg’ saved [91364/91364]

--2018-05-16 14:28:32--  http://deliveryimages.acm.org/10.1145/3190000/3186020/images/www2018-29-fig3.jpg
Connecting to deliveryimages.acm.org (deliveryimages.acm.org)|104.17.80.191|:80... connected.
HTTP request sent, awaiting response... 301 Moved Permanently
Location: https://deliveryimages.acm.org/10.1145/3190000/3186020/images/www2018-29-fig3.jpg [following]
--2018-05-16 14:28:32--  https://deliveryimages.acm.org/10.1145/3190000/3186020/images/www2018-29-fig3.jpg
Connecting to deliveryimages.acm.org (deliveryimages.acm.org)|104.17.80.191|:443... connected.
HTTP request sent, awaiting response... 200 OK
Length: 132589 (129K) [image/jpeg]
Saving to: ‘../data/deliveryimages.acm.org/10.1145/3190000/3186020/images/www2018-29-fig3.jpg’

     0K .......... .......... .......... .......... .......... 38% 1.22M 0s
    50K .......... .......... .......... .......... .......... 77% 2.71M 0s
   100K .......... .......... .........                       100% 4.56M=0.06s

2018-05-16 14:28:32 (1.97 MB/s) - ‘../data/deliveryimages.acm.org/10.1145/3190000/3186020/images/www2018-29-fig3.jpg’ saved [132589/132589]

--2018-05-16 14:28:32--  http://deliveryimages.acm.org/10.1145/3190000/3186020/images/www2018-29-fig4.jpg
Connecting to deliveryimages.acm.org (deliveryimages.acm.org)|104.17.80.191|:80... connected.
HTTP request sent, awaiting response... 301 Moved Permanently
Location: https://deliveryimages.acm.org/10.1145/3190000/3186020/images/www2018-29-fig4.jpg [following]
--2018-05-16 14:28:32--  https://deliveryimages.acm.org/10.1145/3190000/3186020/images/www2018-29-fig4.jpg
Connecting to deliveryimages.acm.org (deliveryimages.acm.org)|104.17.80.191|:443... connected.
HTTP request sent, awaiting response... 200 OK
Length: 111281 (109K) [image/jpeg]
Saving to: ‘../data/deliveryimages.acm.org/10.1145/3190000/3186020/images/www2018-29-fig4.jpg’

     0K .......... .......... .......... .......... .......... 46%  975K 0s
    50K .......... .......... .......... .......... .......... 92% 2.79M 0s
   100K ........                                              100%  123M=0.07s

2018-05-16 14:28:33 (1.54 MB/s) - ‘../data/deliveryimages.acm.org/10.1145/3190000/3186020/images/www2018-29-fig4.jpg’ saved [111281/111281]

--2018-05-16 14:28:33--  http://deliveryimages.acm.org/10.1145/3190000/3186020/images/www2018-29-fig5.jpg
Connecting to deliveryimages.acm.org (deliveryimages.acm.org)|104.17.80.191|:80... connected.
HTTP request sent, awaiting response... 301 Moved Permanently
Location: https://deliveryimages.acm.org/10.1145/3190000/3186020/images/www2018-29-fig5.jpg [following]
--2018-05-16 14:28:33--  https://deliveryimages.acm.org/10.1145/3190000/3186020/images/www2018-29-fig5.jpg
Connecting to deliveryimages.acm.org (deliveryimages.acm.org)|104.17.80.191|:443... connected.
HTTP request sent, awaiting response... 200 OK
Length: 45838 (45K) [image/jpeg]
Saving to: ‘../data/deliveryimages.acm.org/10.1145/3190000/3186020/images/www2018-29-fig5.jpg’

     0K .......... .......... .......... .......... ....      100% 1.12M=0.04s

2018-05-16 14:28:33 (1.12 MB/s) - ‘../data/deliveryimages.acm.org/10.1145/3190000/3186020/images/www2018-29-fig5.jpg’ saved [45838/45838]

--2018-05-16 14:28:33--  http://deliveryimages.acm.org/10.1145/3190000/3186020/images/www2018-29-fig6.jpg
Connecting to deliveryimages.acm.org (deliveryimages.acm.org)|104.17.80.191|:80... connected.
HTTP request sent, awaiting response... 301 Moved Permanently
Location: https://deliveryimages.acm.org/10.1145/3190000/3186020/images/www2018-29-fig6.jpg [following]
--2018-05-16 14:28:33--  https://deliveryimages.acm.org/10.1145/3190000/3186020/images/www2018-29-fig6.jpg
Connecting to deliveryimages.acm.org (deliveryimages.acm.org)|104.17.80.191|:443... connected.
HTTP request sent, awaiting response... 200 OK
Length: 74978 (73K) [image/jpeg]
Saving to: ‘../data/deliveryimages.acm.org/10.1145/3190000/3186020/images/www2018-29-fig6.jpg’

     0K .......... .......... .......... .......... .......... 68% 1.63M 0s
    50K .......... .......... ...                             100% 6.05M=0.03s

2018-05-16 14:28:33 (2.13 MB/s) - ‘../data/deliveryimages.acm.org/10.1145/3190000/3186020/images/www2018-29-fig6.jpg’ saved [74978/74978]

FINISHED --2018-05-16 14:28:33--
Total wall clock time: 2.2s
Downloaded: 7 files, 1.1M in 0.5s (2.31 MB/s)
Converting links in ../data/delivery.acm.org/10.1145/3190000/3186020/p1215-porrini.html?ip=24.48.71.56&id=3186020&acc=OPENTOC&key=4D4702B0C3E38B35.4D4702B0C3E38B35.4D4702B0C3E38B35.4DD68F0663C025AA&__acm__=1526495611_10f9bd234b9b95bf96f3e4cfd1210403... 158-0
Converted links in 1 files in 0.003 seconds.
