--2018-05-16 15:20:23--  http://delivery.acm.org/10.1145/3190000/3186334/p251-safder.html?ip=24.48.71.56&id=3186334&acc=OPENTOC&key=4D4702B0C3E38B35%2E4D4702B0C3E38B35%2E4D4702B0C3E38B35%2E4DD68F0663C025AA&__acm__=1526498721_8203d1a671d658491c7363dfa03d2304
Resolving delivery.acm.org (delivery.acm.org)... 24.200.120.90, 24.200.120.82
Connecting to delivery.acm.org (delivery.acm.org)|24.200.120.90|:80... connected.
HTTP request sent, awaiting response... 200 OK
Length: 67780 (66K) [text/html]
Saving to: ‘../data/delivery.acm.org/10.1145/3190000/3186334/p251-safder.html?ip=24.48.71.56&id=3186334&acc=OPENTOC&key=4D4702B0C3E38B35.4D4702B0C3E38B35.4D4702B0C3E38B35.4DD68F0663C025AA&__acm__=1526498721_8203d1a671d658491c7363dfa03d2304’

     0K .......... .......... .......... .......... .......... 75% 2.23M 0s
    50K .......... ......                                     100% 7.89M=0.02s

2018-05-16 15:20:23 (2.71 MB/s) - ‘../data/delivery.acm.org/10.1145/3190000/3186334/p251-safder.html?ip=24.48.71.56&id=3186334&acc=OPENTOC&key=4D4702B0C3E38B35.4D4702B0C3E38B35.4D4702B0C3E38B35.4DD68F0663C025AA&__acm__=1526498721_8203d1a671d658491c7363dfa03d2304’ saved [67780/67780]

--2018-05-16 15:20:23--  http://deliveryimages.acm.org/10.1145/3190000/3186334/images/image1.jpg
Resolving deliveryimages.acm.org (deliveryimages.acm.org)... 104.17.79.191, 104.17.80.191
Connecting to deliveryimages.acm.org (deliveryimages.acm.org)|104.17.79.191|:80... connected.
HTTP request sent, awaiting response... 301 Moved Permanently
Location: https://deliveryimages.acm.org/10.1145/3190000/3186334/images/image1.jpg [following]
--2018-05-16 15:20:23--  https://deliveryimages.acm.org/10.1145/3190000/3186334/images/image1.jpg
Connecting to deliveryimages.acm.org (deliveryimages.acm.org)|104.17.79.191|:443... connected.
HTTP request sent, awaiting response... 200 OK
Length: 44972 (44K) [image/jpeg]
Saving to: ‘../data/deliveryimages.acm.org/10.1145/3190000/3186334/images/image1.jpg’

     0K .......... .......... .......... .......... ...       100% 1.54M=0.03s

2018-05-16 15:20:23 (1.54 MB/s) - ‘../data/deliveryimages.acm.org/10.1145/3190000/3186334/images/image1.jpg’ saved [44972/44972]

--2018-05-16 15:20:23--  http://deliveryimages.acm.org/10.1145/3190000/3186334/images/image2.jpg
Connecting to deliveryimages.acm.org (deliveryimages.acm.org)|104.17.79.191|:80... connected.
HTTP request sent, awaiting response... 301 Moved Permanently
Location: https://deliveryimages.acm.org/10.1145/3190000/3186334/images/image2.jpg [following]
--2018-05-16 15:20:23--  https://deliveryimages.acm.org/10.1145/3190000/3186334/images/image2.jpg
Connecting to deliveryimages.acm.org (deliveryimages.acm.org)|104.17.79.191|:443... connected.
HTTP request sent, awaiting response... 200 OK
Length: 73269 (72K) [image/jpeg]
Saving to: ‘../data/deliveryimages.acm.org/10.1145/3190000/3186334/images/image2.jpg’

     0K .......... .......... .......... .......... .......... 69% 1.03M 0s
    50K .......... .......... .                               100% 5.21M=0.05s

2018-05-16 15:20:24 (1.36 MB/s) - ‘../data/deliveryimages.acm.org/10.1145/3190000/3186334/images/image2.jpg’ saved [73269/73269]

--2018-05-16 15:20:24--  http://deliveryimages.acm.org/10.1145/3190000/3186334/images/image3.jpg
Connecting to deliveryimages.acm.org (deliveryimages.acm.org)|104.17.79.191|:80... connected.
HTTP request sent, awaiting response... 301 Moved Permanently
Location: https://deliveryimages.acm.org/10.1145/3190000/3186334/images/image3.jpg [following]
--2018-05-16 15:20:24--  https://deliveryimages.acm.org/10.1145/3190000/3186334/images/image3.jpg
Connecting to deliveryimages.acm.org (deliveryimages.acm.org)|104.17.79.191|:443... connected.
HTTP request sent, awaiting response... 200 OK
Length: 66298 (65K) [image/jpeg]
Saving to: ‘../data/deliveryimages.acm.org/10.1145/3190000/3186334/images/image3.jpg’

     0K .......... .......... .......... .......... .......... 77% 1.16M 0s
    50K .......... ....                                       100% 5.03M=0.04s

2018-05-16 15:20:24 (1.41 MB/s) - ‘../data/deliveryimages.acm.org/10.1145/3190000/3186334/images/image3.jpg’ saved [66298/66298]

--2018-05-16 15:20:24--  http://deliveryimages.acm.org/10.1145/3190000/3186334/images/image4.jpg
Connecting to deliveryimages.acm.org (deliveryimages.acm.org)|104.17.79.191|:80... connected.
HTTP request sent, awaiting response... 301 Moved Permanently
Location: https://deliveryimages.acm.org/10.1145/3190000/3186334/images/image4.jpg [following]
--2018-05-16 15:20:24--  https://deliveryimages.acm.org/10.1145/3190000/3186334/images/image4.jpg
Connecting to deliveryimages.acm.org (deliveryimages.acm.org)|104.17.79.191|:443... connected.
HTTP request sent, awaiting response... 200 OK
Length: 73300 (72K) [image/jpeg]
Saving to: ‘../data/deliveryimages.acm.org/10.1145/3190000/3186334/images/image4.jpg’

     0K .......... .......... .......... .......... .......... 69% 1.92M 0s
    50K .......... .......... .                               100% 5.03M=0.03s

2018-05-16 15:20:24 (2.36 MB/s) - ‘../data/deliveryimages.acm.org/10.1145/3190000/3186334/images/image4.jpg’ saved [73300/73300]

--2018-05-16 15:20:24--  http://deliveryimages.acm.org/10.1145/3190000/3186334/images/image5.jpg
Connecting to deliveryimages.acm.org (deliveryimages.acm.org)|104.17.79.191|:80... connected.
HTTP request sent, awaiting response... 301 Moved Permanently
Location: https://deliveryimages.acm.org/10.1145/3190000/3186334/images/image5.jpg [following]
--2018-05-16 15:20:24--  https://deliveryimages.acm.org/10.1145/3190000/3186334/images/image5.jpg
Connecting to deliveryimages.acm.org (deliveryimages.acm.org)|104.17.79.191|:443... connected.
HTTP request sent, awaiting response... 200 OK
Length: 210206 (205K) [image/jpeg]
Saving to: ‘../data/deliveryimages.acm.org/10.1145/3190000/3186334/images/image5.jpg’

     0K .......... .......... .......... .......... .......... 24% 1.56M 0s
    50K .......... .......... .......... .......... .......... 48% 2.43M 0s
   100K .......... .......... .......... .......... .......... 73% 5.06M 0s
   150K .......... .......... .......... .......... .......... 97% 3.02M 0s
   200K .....                                                 100% 76.1M=0.08s

2018-05-16 15:20:24 (2.59 MB/s) - ‘../data/deliveryimages.acm.org/10.1145/3190000/3186334/images/image5.jpg’ saved [210206/210206]

--2018-05-16 15:20:24--  http://deliveryimages.acm.org/10.1145/3190000/3186334/images/image6.jpg
Connecting to deliveryimages.acm.org (deliveryimages.acm.org)|104.17.79.191|:80... connected.
HTTP request sent, awaiting response... 301 Moved Permanently
Location: https://deliveryimages.acm.org/10.1145/3190000/3186334/images/image6.jpg [following]
--2018-05-16 15:20:24--  https://deliveryimages.acm.org/10.1145/3190000/3186334/images/image6.jpg
Connecting to deliveryimages.acm.org (deliveryimages.acm.org)|104.17.79.191|:443... connected.
HTTP request sent, awaiting response... 200 OK
Length: 212219 (207K) [image/jpeg]
Saving to: ‘../data/deliveryimages.acm.org/10.1145/3190000/3186334/images/image6.jpg’

     0K .......... .......... .......... .......... .......... 24% 1.12M 0s
    50K .......... .......... .......... .......... .......... 48% 1.40M 0s
   100K .......... .......... .......... .......... .......... 72% 1.79M 0s
   150K .......... .......... .......... .......... .......... 96% 1.46M 0s
   200K .......                                               100% 68.1M=0.1s

2018-05-16 15:20:25 (1.45 MB/s) - ‘../data/deliveryimages.acm.org/10.1145/3190000/3186334/images/image6.jpg’ saved [212219/212219]

FINISHED --2018-05-16 15:20:25--
Total wall clock time: 2.1s
Downloaded: 7 files, 731K in 0.4s (1.81 MB/s)
Converting links in ../data/delivery.acm.org/10.1145/3190000/3186334/p251-safder.html?ip=24.48.71.56&id=3186334&acc=OPENTOC&key=4D4702B0C3E38B35.4D4702B0C3E38B35.4D4702B0C3E38B35.4DD68F0663C025AA&__acm__=1526498721_8203d1a671d658491c7363dfa03d2304... 76-0
Converted links in 1 files in 0.003 seconds.
