--2018-05-16 14:21:32--  http://delivery.acm.org/10.1145/3190000/3186107/p409-yoon.html?ip=24.48.71.56&id=3186107&acc=OPENTOC&key=4D4702B0C3E38B35%2E4D4702B0C3E38B35%2E4D4702B0C3E38B35%2E4DD68F0663C025AA&__acm__=1526495191_919781c20c2863aaf4b40383092a15f1
Resolving delivery.acm.org (delivery.acm.org)... 24.200.120.82, 24.200.120.90
Connecting to delivery.acm.org (delivery.acm.org)|24.200.120.82|:80... connected.
HTTP request sent, awaiting response... 200 OK
Length: 123548 (121K) [text/html]
Saving to: ‘../data/delivery.acm.org/10.1145/3190000/3186107/p409-yoon.html?ip=24.48.71.56&id=3186107&acc=OPENTOC&key=4D4702B0C3E38B35.4D4702B0C3E38B35.4D4702B0C3E38B35.4DD68F0663C025AA&__acm__=1526495191_919781c20c2863aaf4b40383092a15f1’

     0K .......... .......... .......... .......... .......... 41% 1.12M 0s
    50K .......... .......... .......... .......... .......... 82% 2.83M 0s
   100K .......... ..........                                 100% 1.70M=0.07s

2018-05-16 14:21:32 (1.62 MB/s) - ‘../data/delivery.acm.org/10.1145/3190000/3186107/p409-yoon.html?ip=24.48.71.56&id=3186107&acc=OPENTOC&key=4D4702B0C3E38B35.4D4702B0C3E38B35.4D4702B0C3E38B35.4DD68F0663C025AA&__acm__=1526495191_919781c20c2863aaf4b40383092a15f1’ saved [123548/123548]

--2018-05-16 14:21:32--  http://deliveryimages.acm.org/10.1145/3190000/3186107/images/www2018-116-fig1.jpg
Resolving deliveryimages.acm.org (deliveryimages.acm.org)... 104.17.79.191, 104.17.80.191
Connecting to deliveryimages.acm.org (deliveryimages.acm.org)|104.17.79.191|:80... connected.
HTTP request sent, awaiting response... 301 Moved Permanently
Location: https://deliveryimages.acm.org/10.1145/3190000/3186107/images/www2018-116-fig1.jpg [following]
--2018-05-16 14:21:32--  https://deliveryimages.acm.org/10.1145/3190000/3186107/images/www2018-116-fig1.jpg
Connecting to deliveryimages.acm.org (deliveryimages.acm.org)|104.17.79.191|:443... connected.
HTTP request sent, awaiting response... 200 OK
Length: 57006 (56K) [image/jpeg]
Saving to: ‘../data/deliveryimages.acm.org/10.1145/3190000/3186107/images/www2018-116-fig1.jpg’

     0K .......... .......... .......... .......... .......... 89% 1.71M 0s
    50K .....                                                 100% 2.55M=0.03s

2018-05-16 14:21:32 (1.77 MB/s) - ‘../data/deliveryimages.acm.org/10.1145/3190000/3186107/images/www2018-116-fig1.jpg’ saved [57006/57006]

--2018-05-16 14:21:32--  http://deliveryimages.acm.org/10.1145/3190000/3186107/images/www2018-116-img1.jpg
Connecting to deliveryimages.acm.org (deliveryimages.acm.org)|104.17.79.191|:80... connected.
HTTP request sent, awaiting response... 301 Moved Permanently
Location: https://deliveryimages.acm.org/10.1145/3190000/3186107/images/www2018-116-img1.jpg [following]
--2018-05-16 14:21:32--  https://deliveryimages.acm.org/10.1145/3190000/3186107/images/www2018-116-img1.jpg
Connecting to deliveryimages.acm.org (deliveryimages.acm.org)|104.17.79.191|:443... connected.
HTTP request sent, awaiting response... 200 OK
Length: 310053 (303K) [image/jpeg]
Saving to: ‘../data/deliveryimages.acm.org/10.1145/3190000/3186107/images/www2018-116-img1.jpg’

     0K .......... .......... .......... .......... .......... 16% 1.47M 0s
    50K .......... .......... .......... .......... .......... 33% 4.13M 0s
   100K .......... .......... .......... .......... .......... 49% 3.00M 0s
   150K .......... .......... .......... .......... .......... 66% 2.72M 0s
   200K .......... .......... .......... .......... .......... 82% 5.42M 0s
   250K .......... .......... .......... .......... .......... 99% 4.17M 0s
   300K ..                                                    100% 5314G=0.1s

2018-05-16 14:21:32 (2.96 MB/s) - ‘../data/deliveryimages.acm.org/10.1145/3190000/3186107/images/www2018-116-img1.jpg’ saved [310053/310053]

--2018-05-16 14:21:32--  http://deliveryimages.acm.org/10.1145/3190000/3186107/images/www2018-116-fig2.jpg
Connecting to deliveryimages.acm.org (deliveryimages.acm.org)|104.17.79.191|:80... connected.
HTTP request sent, awaiting response... 301 Moved Permanently
Location: https://deliveryimages.acm.org/10.1145/3190000/3186107/images/www2018-116-fig2.jpg [following]
--2018-05-16 14:21:33--  https://deliveryimages.acm.org/10.1145/3190000/3186107/images/www2018-116-fig2.jpg
Connecting to deliveryimages.acm.org (deliveryimages.acm.org)|104.17.79.191|:443... connected.
HTTP request sent, awaiting response... 200 OK
Length: 43773 (43K) [image/jpeg]
Saving to: ‘../data/deliveryimages.acm.org/10.1145/3190000/3186107/images/www2018-116-fig2.jpg’

     0K .......... .......... .......... .......... ..        100% 1.77M=0.02s

2018-05-16 14:21:33 (1.77 MB/s) - ‘../data/deliveryimages.acm.org/10.1145/3190000/3186107/images/www2018-116-fig2.jpg’ saved [43773/43773]

--2018-05-16 14:21:33--  http://deliveryimages.acm.org/10.1145/3190000/3186107/images/www2018-116-fig3.jpg
Connecting to deliveryimages.acm.org (deliveryimages.acm.org)|104.17.79.191|:80... connected.
HTTP request sent, awaiting response... 301 Moved Permanently
Location: https://deliveryimages.acm.org/10.1145/3190000/3186107/images/www2018-116-fig3.jpg [following]
--2018-05-16 14:21:33--  https://deliveryimages.acm.org/10.1145/3190000/3186107/images/www2018-116-fig3.jpg
Connecting to deliveryimages.acm.org (deliveryimages.acm.org)|104.17.79.191|:443... connected.
HTTP request sent, awaiting response... 200 OK
Length: 54783 (53K) [image/jpeg]
Saving to: ‘../data/deliveryimages.acm.org/10.1145/3190000/3186107/images/www2018-116-fig3.jpg’

     0K .......... .......... .......... .......... .......... 93% 1.28M 0s
    50K ...                                                   100% 2.23M=0.04s

2018-05-16 14:21:33 (1.31 MB/s) - ‘../data/deliveryimages.acm.org/10.1145/3190000/3186107/images/www2018-116-fig3.jpg’ saved [54783/54783]

--2018-05-16 14:21:33--  http://deliveryimages.acm.org/10.1145/3190000/3186107/images/www2018-116-fig4.jpg
Connecting to deliveryimages.acm.org (deliveryimages.acm.org)|104.17.79.191|:80... connected.
HTTP request sent, awaiting response... 301 Moved Permanently
Location: https://deliveryimages.acm.org/10.1145/3190000/3186107/images/www2018-116-fig4.jpg [following]
--2018-05-16 14:21:33--  https://deliveryimages.acm.org/10.1145/3190000/3186107/images/www2018-116-fig4.jpg
Connecting to deliveryimages.acm.org (deliveryimages.acm.org)|104.17.79.191|:443... connected.
HTTP request sent, awaiting response... 200 OK
Length: 57600 (56K) [image/jpeg]
Saving to: ‘../data/deliveryimages.acm.org/10.1145/3190000/3186107/images/www2018-116-fig4.jpg’

     0K .......... .......... .......... .......... .......... 88% 1.68M 0s
    50K ......                                                100% 3.02M=0.03s

2018-05-16 14:21:33 (1.77 MB/s) - ‘../data/deliveryimages.acm.org/10.1145/3190000/3186107/images/www2018-116-fig4.jpg’ saved [57600/57600]

--2018-05-16 14:21:33--  http://deliveryimages.acm.org/10.1145/3190000/3186107/images/www2018-116-fig5.jpg
Connecting to deliveryimages.acm.org (deliveryimages.acm.org)|104.17.79.191|:80... connected.
HTTP request sent, awaiting response... 301 Moved Permanently
Location: https://deliveryimages.acm.org/10.1145/3190000/3186107/images/www2018-116-fig5.jpg [following]
--2018-05-16 14:21:33--  https://deliveryimages.acm.org/10.1145/3190000/3186107/images/www2018-116-fig5.jpg
Connecting to deliveryimages.acm.org (deliveryimages.acm.org)|104.17.79.191|:443... connected.
HTTP request sent, awaiting response... 200 OK
Length: 54237 (53K) [image/jpeg]
Saving to: ‘../data/deliveryimages.acm.org/10.1145/3190000/3186107/images/www2018-116-fig5.jpg’

     0K .......... .......... .......... .......... .......... 94% 1.52M 0s
    50K ..                                                    100% 1.99M=0.03s

2018-05-16 14:21:34 (1.54 MB/s) - ‘../data/deliveryimages.acm.org/10.1145/3190000/3186107/images/www2018-116-fig5.jpg’ saved [54237/54237]

--2018-05-16 14:21:34--  http://deliveryimages.acm.org/10.1145/3190000/3186107/images/www2018-116-fig6.jpg
Connecting to deliveryimages.acm.org (deliveryimages.acm.org)|104.17.79.191|:80... connected.
HTTP request sent, awaiting response... 301 Moved Permanently
Location: https://deliveryimages.acm.org/10.1145/3190000/3186107/images/www2018-116-fig6.jpg [following]
--2018-05-16 14:21:34--  https://deliveryimages.acm.org/10.1145/3190000/3186107/images/www2018-116-fig6.jpg
Connecting to deliveryimages.acm.org (deliveryimages.acm.org)|104.17.79.191|:443... connected.
HTTP request sent, awaiting response... 200 OK
Length: 62733 (61K) [image/jpeg]
Saving to: ‘../data/deliveryimages.acm.org/10.1145/3190000/3186107/images/www2018-116-fig6.jpg’

     0K .......... .......... .......... .......... .......... 81% 1.44M 0s
    50K .......... .                                          100% 3.54M=0.04s

2018-05-16 14:21:34 (1.61 MB/s) - ‘../data/deliveryimages.acm.org/10.1145/3190000/3186107/images/www2018-116-fig6.jpg’ saved [62733/62733]

--2018-05-16 14:21:34--  http://deliveryimages.acm.org/10.1145/3190000/3186107/images/www2018-116-fig7.jpg
Connecting to deliveryimages.acm.org (deliveryimages.acm.org)|104.17.79.191|:80... connected.
HTTP request sent, awaiting response... 301 Moved Permanently
Location: https://deliveryimages.acm.org/10.1145/3190000/3186107/images/www2018-116-fig7.jpg [following]
--2018-05-16 14:21:34--  https://deliveryimages.acm.org/10.1145/3190000/3186107/images/www2018-116-fig7.jpg
Connecting to deliveryimages.acm.org (deliveryimages.acm.org)|104.17.79.191|:443... connected.
HTTP request sent, awaiting response... 200 OK
Length: 54658 (53K) [image/jpeg]
Saving to: ‘../data/deliveryimages.acm.org/10.1145/3190000/3186107/images/www2018-116-fig7.jpg’

     0K .......... .......... .......... .......... .......... 93% 1.31M 0s
    50K ...                                                   100% 26.4M=0.04s

2018-05-16 14:21:34 (1.39 MB/s) - ‘../data/deliveryimages.acm.org/10.1145/3190000/3186107/images/www2018-116-fig7.jpg’ saved [54658/54658]

--2018-05-16 14:21:34--  http://deliveryimages.acm.org/10.1145/3190000/3186107/images/www2018-116-fig8.jpg
Connecting to deliveryimages.acm.org (deliveryimages.acm.org)|104.17.79.191|:80... connected.
HTTP request sent, awaiting response... 301 Moved Permanently
Location: https://deliveryimages.acm.org/10.1145/3190000/3186107/images/www2018-116-fig8.jpg [following]
--2018-05-16 14:21:34--  https://deliveryimages.acm.org/10.1145/3190000/3186107/images/www2018-116-fig8.jpg
Connecting to deliveryimages.acm.org (deliveryimages.acm.org)|104.17.79.191|:443... connected.
HTTP request sent, awaiting response... 200 OK
Length: 32933 (32K) [image/jpeg]
Saving to: ‘../data/deliveryimages.acm.org/10.1145/3190000/3186107/images/www2018-116-fig8.jpg’

     0K .......... .......... .......... ..                   100% 1.52M=0.02s

2018-05-16 14:21:35 (1.52 MB/s) - ‘../data/deliveryimages.acm.org/10.1145/3190000/3186107/images/www2018-116-fig8.jpg’ saved [32933/32933]

FINISHED --2018-05-16 14:21:35--
Total wall clock time: 3.0s
Downloaded: 10 files, 831K in 0.4s (1.90 MB/s)
Converting links in ../data/delivery.acm.org/10.1145/3190000/3186107/p409-yoon.html?ip=24.48.71.56&id=3186107&acc=OPENTOC&key=4D4702B0C3E38B35.4D4702B0C3E38B35.4D4702B0C3E38B35.4DD68F0663C025AA&__acm__=1526495191_919781c20c2863aaf4b40383092a15f1... 127-0
Converted links in 1 files in 0.002 seconds.
