--2018-05-16 15:11:53--  http://delivery.acm.org/10.1145/3200000/3191632/p1721-puri.html?ip=24.48.71.56&id=3191632&acc=OPENTOC&key=4D4702B0C3E38B35%2E4D4702B0C3E38B35%2E4D4702B0C3E38B35%2E4DD68F0663C025AA&__acm__=1526498212_3db0432cf21ff3f21a5053c17c0bdb2b
Resolving delivery.acm.org (delivery.acm.org)... 24.200.120.90, 24.200.120.82
Connecting to delivery.acm.org (delivery.acm.org)|24.200.120.90|:80... connected.
HTTP request sent, awaiting response... 200 OK
Length: 64547 (63K) [text/html]
Saving to: ‘../data/delivery.acm.org/10.1145/3200000/3191632/p1721-puri.html?ip=24.48.71.56&id=3191632&acc=OPENTOC&key=4D4702B0C3E38B35.4D4702B0C3E38B35.4D4702B0C3E38B35.4DD68F0663C025AA&__acm__=1526498212_3db0432cf21ff3f21a5053c17c0bdb2b’

     0K .......... .......... .......... .......... .......... 79% 34.5K 0s
    50K .......... ...                                        100% 60.7K=1.7s

2018-05-16 15:11:55 (37.9 KB/s) - ‘../data/delivery.acm.org/10.1145/3200000/3191632/p1721-puri.html?ip=24.48.71.56&id=3191632&acc=OPENTOC&key=4D4702B0C3E38B35.4D4702B0C3E38B35.4D4702B0C3E38B35.4DD68F0663C025AA&__acm__=1526498212_3db0432cf21ff3f21a5053c17c0bdb2b’ saved [64547/64547]

--2018-05-16 15:11:55--  http://deliveryimages.acm.org/10.1145/3200000/3191632/images/www18companion-371-fig1.jpg
Resolving deliveryimages.acm.org (deliveryimages.acm.org)... 104.17.79.191, 104.17.80.191
Connecting to deliveryimages.acm.org (deliveryimages.acm.org)|104.17.79.191|:80... connected.
HTTP request sent, awaiting response... 301 Moved Permanently
Location: https://deliveryimages.acm.org/10.1145/3200000/3191632/images/www18companion-371-fig1.jpg [following]
--2018-05-16 15:11:55--  https://deliveryimages.acm.org/10.1145/3200000/3191632/images/www18companion-371-fig1.jpg
Connecting to deliveryimages.acm.org (deliveryimages.acm.org)|104.17.79.191|:443... connected.
HTTP request sent, awaiting response... 200 OK
Length: 217304 (212K) [image/jpeg]
Saving to: ‘../data/deliveryimages.acm.org/10.1145/3200000/3191632/images/www18companion-371-fig1.jpg’

     0K .......... .......... .......... .......... .......... 23% 1.71M 0s
    50K .......... .......... .......... .......... .......... 47% 3.13M 0s
   100K .......... .......... .......... .......... .......... 70% 3.93M 0s
   150K .......... .......... .......... .......... .......... 94% 2.77M 0s
   200K .......... ..                                         100% 58.3M=0.07s

2018-05-16 15:11:56 (2.78 MB/s) - ‘../data/deliveryimages.acm.org/10.1145/3200000/3191632/images/www18companion-371-fig1.jpg’ saved [217304/217304]

--2018-05-16 15:11:56--  http://deliveryimages.acm.org/10.1145/3200000/3191632/images/www18companion-371-fig2.jpg
Connecting to deliveryimages.acm.org (deliveryimages.acm.org)|104.17.79.191|:80... connected.
HTTP request sent, awaiting response... 301 Moved Permanently
Location: https://deliveryimages.acm.org/10.1145/3200000/3191632/images/www18companion-371-fig2.jpg [following]
--2018-05-16 15:11:56--  https://deliveryimages.acm.org/10.1145/3200000/3191632/images/www18companion-371-fig2.jpg
Connecting to deliveryimages.acm.org (deliveryimages.acm.org)|104.17.79.191|:443... connected.
HTTP request sent, awaiting response... 200 OK
Length: 276978 (270K) [image/jpeg]
Saving to: ‘../data/deliveryimages.acm.org/10.1145/3200000/3191632/images/www18companion-371-fig2.jpg’

     0K .......... .......... .......... .......... .......... 18% 1.66M 0s
    50K .......... .......... .......... .......... .......... 36% 2.39M 0s
   100K .......... .......... .......... .......... .......... 55% 3.98M 0s
   150K .......... .......... .......... .......... .......... 73% 4.20M 0s
   200K .......... .......... .......... .......... .......... 92% 3.75M 0s
   250K .......... ..........                                 100% 6.12M=0.09s

2018-05-16 15:11:56 (2.93 MB/s) - ‘../data/deliveryimages.acm.org/10.1145/3200000/3191632/images/www18companion-371-fig2.jpg’ saved [276978/276978]

--2018-05-16 15:11:56--  http://deliveryimages.acm.org/10.1145/3200000/3191632/images/www18companion-371-fig3.jpg
Connecting to deliveryimages.acm.org (deliveryimages.acm.org)|104.17.79.191|:80... connected.
HTTP request sent, awaiting response... 301 Moved Permanently
Location: https://deliveryimages.acm.org/10.1145/3200000/3191632/images/www18companion-371-fig3.jpg [following]
--2018-05-16 15:11:56--  https://deliveryimages.acm.org/10.1145/3200000/3191632/images/www18companion-371-fig3.jpg
Connecting to deliveryimages.acm.org (deliveryimages.acm.org)|104.17.79.191|:443... connected.
HTTP request sent, awaiting response... 200 OK
Length: 253757 (248K) [image/jpeg]
Saving to: ‘../data/deliveryimages.acm.org/10.1145/3200000/3191632/images/www18companion-371-fig3.jpg’

     0K .......... .......... .......... .......... .......... 20% 1.11M 0s
    50K .......... .......... .......... .......... .......... 40% 3.62M 0s
   100K .......... .......... .......... .......... .......... 60% 4.52M 0s
   150K .......... .......... .......... .......... .......... 80% 3.85M 0s
   200K .......... .......... .......... .......... .......   100% 4.15M=0.09s

2018-05-16 15:11:56 (2.63 MB/s) - ‘../data/deliveryimages.acm.org/10.1145/3200000/3191632/images/www18companion-371-fig3.jpg’ saved [253757/253757]

--2018-05-16 15:11:56--  http://deliveryimages.acm.org/10.1145/3200000/3191632/images/www18companion-371-fig4.jpg
Connecting to deliveryimages.acm.org (deliveryimages.acm.org)|104.17.79.191|:80... connected.
HTTP request sent, awaiting response... 301 Moved Permanently
Location: https://deliveryimages.acm.org/10.1145/3200000/3191632/images/www18companion-371-fig4.jpg [following]
--2018-05-16 15:11:56--  https://deliveryimages.acm.org/10.1145/3200000/3191632/images/www18companion-371-fig4.jpg
Connecting to deliveryimages.acm.org (deliveryimages.acm.org)|104.17.79.191|:443... connected.
HTTP request sent, awaiting response... 200 OK
Length: 187653 (183K) [image/jpeg]
Saving to: ‘../data/deliveryimages.acm.org/10.1145/3200000/3191632/images/www18companion-371-fig4.jpg’

     0K .......... .......... .......... .......... .......... 27% 1.20M 0s
    50K .......... .......... .......... .......... .......... 54% 3.34M 0s
   100K .......... .......... .......... .......... .......... 81% 4.76M 0s
   150K .......... .......... .......... ...                  100% 4.02M=0.07s

2018-05-16 15:11:57 (2.43 MB/s) - ‘../data/deliveryimages.acm.org/10.1145/3200000/3191632/images/www18companion-371-fig4.jpg’ saved [187653/187653]

--2018-05-16 15:11:57--  http://deliveryimages.acm.org/10.1145/3200000/3191632/images/www18companion-371-fig5.svg
Connecting to deliveryimages.acm.org (deliveryimages.acm.org)|104.17.79.191|:80... connected.
HTTP request sent, awaiting response... 301 Moved Permanently
Location: https://deliveryimages.acm.org/10.1145/3200000/3191632/images/www18companion-371-fig5.svg [following]
--2018-05-16 15:11:57--  https://deliveryimages.acm.org/10.1145/3200000/3191632/images/www18companion-371-fig5.svg
Connecting to deliveryimages.acm.org (deliveryimages.acm.org)|104.17.79.191|:443... connected.
HTTP request sent, awaiting response... 200 OK
Length: 78941 (77K) [image/svg+xml]
Saving to: ‘../data/deliveryimages.acm.org/10.1145/3200000/3191632/images/www18companion-371-fig5.svg’

     0K .......... .......... .......... .......... .......... 64% 1.62M 0s
    50K .......... .......... .......                         100% 3.27M=0.04s

2018-05-16 15:11:57 (1.97 MB/s) - ‘../data/deliveryimages.acm.org/10.1145/3200000/3191632/images/www18companion-371-fig5.svg’ saved [78941/78941]

--2018-05-16 15:11:57--  http://deliveryimages.acm.org/10.1145/3200000/3191632/images/www18companion-371-fig6.jpg
Connecting to deliveryimages.acm.org (deliveryimages.acm.org)|104.17.79.191|:80... connected.
HTTP request sent, awaiting response... 301 Moved Permanently
Location: https://deliveryimages.acm.org/10.1145/3200000/3191632/images/www18companion-371-fig6.jpg [following]
--2018-05-16 15:11:57--  https://deliveryimages.acm.org/10.1145/3200000/3191632/images/www18companion-371-fig6.jpg
Connecting to deliveryimages.acm.org (deliveryimages.acm.org)|104.17.79.191|:443... connected.
HTTP request sent, awaiting response... 200 OK
Length: 135186 (132K) [image/jpeg]
Saving to: ‘../data/deliveryimages.acm.org/10.1145/3200000/3191632/images/www18companion-371-fig6.jpg’

     0K .......... .......... .......... .......... .......... 37% 1.44M 0s
    50K .......... .......... .......... .......... .......... 75% 3.83M 0s
   100K .......... .......... .......... ..                   100% 2.92M=0.06s

2018-05-16 15:11:57 (2.25 MB/s) - ‘../data/deliveryimages.acm.org/10.1145/3200000/3191632/images/www18companion-371-fig6.jpg’ saved [135186/135186]

--2018-05-16 15:11:57--  http://deliveryimages.acm.org/10.1145/3200000/3191632/images/www18companion-371-fig7.jpg
Connecting to deliveryimages.acm.org (deliveryimages.acm.org)|104.17.79.191|:80... connected.
HTTP request sent, awaiting response... 301 Moved Permanently
Location: https://deliveryimages.acm.org/10.1145/3200000/3191632/images/www18companion-371-fig7.jpg [following]
--2018-05-16 15:11:57--  https://deliveryimages.acm.org/10.1145/3200000/3191632/images/www18companion-371-fig7.jpg
Connecting to deliveryimages.acm.org (deliveryimages.acm.org)|104.17.79.191|:443... connected.
HTTP request sent, awaiting response... 200 OK
Length: 147481 (144K) [image/jpeg]
Saving to: ‘../data/deliveryimages.acm.org/10.1145/3200000/3191632/images/www18companion-371-fig7.jpg’

     0K .......... .......... .......... .......... .......... 34% 1.56M 0s
    50K .......... .......... .......... .......... .......... 69% 4.60M 0s
   100K .......... .......... .......... .......... ....      100% 2.62M=0.06s

2018-05-16 15:11:58 (2.42 MB/s) - ‘../data/deliveryimages.acm.org/10.1145/3200000/3191632/images/www18companion-371-fig7.jpg’ saved [147481/147481]

--2018-05-16 15:11:58--  http://deliveryimages.acm.org/10.1145/3200000/3191632/images/www18companion-371-fig8.jpg
Connecting to deliveryimages.acm.org (deliveryimages.acm.org)|104.17.79.191|:80... connected.
HTTP request sent, awaiting response... 301 Moved Permanently
Location: https://deliveryimages.acm.org/10.1145/3200000/3191632/images/www18companion-371-fig8.jpg [following]
--2018-05-16 15:11:58--  https://deliveryimages.acm.org/10.1145/3200000/3191632/images/www18companion-371-fig8.jpg
Connecting to deliveryimages.acm.org (deliveryimages.acm.org)|104.17.79.191|:443... connected.
HTTP request sent, awaiting response... 200 OK
Length: 729298 (712K) [image/jpeg]
Saving to: ‘../data/deliveryimages.acm.org/10.1145/3200000/3191632/images/www18companion-371-fig8.jpg’

     0K .......... .......... .......... .......... ..........  7% 1.63M 0s
    50K .......... .......... .......... .......... .......... 14% 3.84M 0s
   100K .......... .......... .......... .......... .......... 21% 4.30M 0s
   150K .......... .......... .......... .......... .......... 28% 2.94M 0s
   200K .......... .......... .......... .......... .......... 35% 5.00M 0s
   250K .......... .......... .......... .......... .......... 42% 3.79M 0s
   300K .......... .......... .......... .......... .......... 49% 3.26M 0s
   350K .......... .......... .......... .......... .......... 56% 5.55M 0s
   400K .......... .......... .......... .......... .......... 63% 3.47M 0s
   450K .......... .......... .......... .......... .......... 70% 5.51M 0s
   500K .......... .......... .......... .......... .......... 77% 3.06M 0s
   550K .......... .......... .......... .......... .......... 84% 6.46M 0s
   600K .......... .......... .......... .......... .......... 91% 4.17M 0s
   650K .......... .......... .......... .......... .......... 98% 4.34M 0s
   700K .......... ..                                         100% 5.22M=0.2s

2018-05-16 15:11:58 (3.68 MB/s) - ‘../data/deliveryimages.acm.org/10.1145/3200000/3191632/images/www18companion-371-fig8.jpg’ saved [729298/729298]

--2018-05-16 15:11:58--  http://deliveryimages.acm.org/10.1145/3200000/3191632/images/www18companion-371-fig9.jpg
Connecting to deliveryimages.acm.org (deliveryimages.acm.org)|104.17.79.191|:80... connected.
HTTP request sent, awaiting response... 301 Moved Permanently
Location: https://deliveryimages.acm.org/10.1145/3200000/3191632/images/www18companion-371-fig9.jpg [following]
--2018-05-16 15:11:58--  https://deliveryimages.acm.org/10.1145/3200000/3191632/images/www18companion-371-fig9.jpg
Connecting to deliveryimages.acm.org (deliveryimages.acm.org)|104.17.79.191|:443... connected.
HTTP request sent, awaiting response... 200 OK
Length: 448712 (438K) [image/jpeg]
Saving to: ‘../data/deliveryimages.acm.org/10.1145/3200000/3191632/images/www18companion-371-fig9.jpg’

     0K .......... .......... .......... .......... .......... 11% 1.23M 0s
    50K .......... .......... .......... .......... .......... 22% 3.50M 0s
   100K .......... .......... .......... .......... .......... 34% 3.61M 0s
   150K .......... .......... .......... .......... .......... 45% 2.99M 0s
   200K .......... .......... .......... .......... .......... 57% 8.48M 0s
   250K .......... .......... .......... .......... .......... 68% 3.49M 0s
   300K .......... .......... .......... .......... .......... 79% 5.81M 0s
   350K .......... .......... .......... .......... .......... 91% 2.98M 0s
   400K .......... .......... .......... ........             100% 4.75M=0.1s

2018-05-16 15:11:59 (3.15 MB/s) - ‘../data/deliveryimages.acm.org/10.1145/3200000/3191632/images/www18companion-371-fig9.jpg’ saved [448712/448712]

--2018-05-16 15:11:59--  http://deliveryimages.acm.org/10.1145/3200000/3191632/images/www18companion-371-fig10.jpg
Connecting to deliveryimages.acm.org (deliveryimages.acm.org)|104.17.79.191|:80... connected.
HTTP request sent, awaiting response... 301 Moved Permanently
Location: https://deliveryimages.acm.org/10.1145/3200000/3191632/images/www18companion-371-fig10.jpg [following]
--2018-05-16 15:11:59--  https://deliveryimages.acm.org/10.1145/3200000/3191632/images/www18companion-371-fig10.jpg
Connecting to deliveryimages.acm.org (deliveryimages.acm.org)|104.17.79.191|:443... connected.
HTTP request sent, awaiting response... 200 OK
Length: 97223 (95K) [image/jpeg]
Saving to: ‘../data/deliveryimages.acm.org/10.1145/3200000/3191632/images/www18companion-371-fig10.jpg’

     0K .......... .......... .......... .......... .......... 52% 1.37M 0s
    50K .......... .......... .......... .......... ....      100% 3.97M=0.05s

2018-05-16 15:11:59 (1.98 MB/s) - ‘../data/deliveryimages.acm.org/10.1145/3200000/3191632/images/www18companion-371-fig10.jpg’ saved [97223/97223]

--2018-05-16 15:11:59--  http://deliveryimages.acm.org/10.1145/3200000/3191632/images/www18companion-371-fig11.jpg
Connecting to deliveryimages.acm.org (deliveryimages.acm.org)|104.17.79.191|:80... connected.
HTTP request sent, awaiting response... 301 Moved Permanently
Location: https://deliveryimages.acm.org/10.1145/3200000/3191632/images/www18companion-371-fig11.jpg [following]
--2018-05-16 15:11:59--  https://deliveryimages.acm.org/10.1145/3200000/3191632/images/www18companion-371-fig11.jpg
Connecting to deliveryimages.acm.org (deliveryimages.acm.org)|104.17.79.191|:443... connected.
HTTP request sent, awaiting response... 200 OK
Length: 105478 (103K) [image/jpeg]
Saving to: ‘../data/deliveryimages.acm.org/10.1145/3200000/3191632/images/www18companion-371-fig11.jpg’

     0K .......... .......... .......... .......... .......... 48% 1.63M 0s
    50K .......... .......... .......... .......... .......... 97% 2.29M 0s
   100K ...                                                   100% 5733G=0.05s

2018-05-16 15:11:59 (1.96 MB/s) - ‘../data/deliveryimages.acm.org/10.1145/3200000/3191632/images/www18companion-371-fig11.jpg’ saved [105478/105478]

FINISHED --2018-05-16 15:11:59--
Total wall clock time: 5.8s
Downloaded: 12 files, 2.6M in 2.6s (1.02 MB/s)
Converting links in ../data/delivery.acm.org/10.1145/3200000/3191632/p1721-puri.html?ip=24.48.71.56&id=3191632&acc=OPENTOC&key=4D4702B0C3E38B35.4D4702B0C3E38B35.4D4702B0C3E38B35.4DD68F0663C025AA&__acm__=1526498212_3db0432cf21ff3f21a5053c17c0bdb2b... 80-0
Converted links in 1 files in 0.002 seconds.
