--2018-05-16 14:58:15--  http://delivery.acm.org/10.1145/3200000/3191514/p893-rehena.html?ip=24.48.71.56&id=3191514&acc=OPENTOC&key=4D4702B0C3E38B35%2E4D4702B0C3E38B35%2E4D4702B0C3E38B35%2E4DD68F0663C025AA&__acm__=1526497394_686fccd06d842fbf51d1812bf62136a4
Resolving delivery.acm.org (delivery.acm.org)... 24.200.120.82, 24.200.120.90
Connecting to delivery.acm.org (delivery.acm.org)|24.200.120.82|:80... connected.
HTTP request sent, awaiting response... 200 OK
Length: 47413 (46K) [text/html]
Saving to: ‘../data/delivery.acm.org/10.1145/3200000/3191514/p893-rehena.html?ip=24.48.71.56&id=3191514&acc=OPENTOC&key=4D4702B0C3E38B35.4D4702B0C3E38B35.4D4702B0C3E38B35.4DD68F0663C025AA&__acm__=1526497394_686fccd06d842fbf51d1812bf62136a4’

     0K .......... .......... .......... .......... ......    100% 1.77M=0.03s

2018-05-16 14:58:15 (1.77 MB/s) - ‘../data/delivery.acm.org/10.1145/3200000/3191514/p893-rehena.html?ip=24.48.71.56&id=3191514&acc=OPENTOC&key=4D4702B0C3E38B35.4D4702B0C3E38B35.4D4702B0C3E38B35.4DD68F0663C025AA&__acm__=1526497394_686fccd06d842fbf51d1812bf62136a4’ saved [47413/47413]

--2018-05-16 14:58:15--  http://deliveryimages.acm.org/10.1145/3200000/3191514/images/www18companion-253-fig1.jpg
Resolving deliveryimages.acm.org (deliveryimages.acm.org)... 104.17.80.191, 104.17.79.191
Connecting to deliveryimages.acm.org (deliveryimages.acm.org)|104.17.80.191|:80... connected.
HTTP request sent, awaiting response... 301 Moved Permanently
Location: https://deliveryimages.acm.org/10.1145/3200000/3191514/images/www18companion-253-fig1.jpg [following]
--2018-05-16 14:58:15--  https://deliveryimages.acm.org/10.1145/3200000/3191514/images/www18companion-253-fig1.jpg
Connecting to deliveryimages.acm.org (deliveryimages.acm.org)|104.17.80.191|:443... connected.
HTTP request sent, awaiting response... 200 OK
Length: 77908 (76K) [image/jpeg]
Saving to: ‘../data/deliveryimages.acm.org/10.1145/3200000/3191514/images/www18companion-253-fig1.jpg’

     0K .......... .......... .......... .......... .......... 65%  876K 0s
    50K .......... .......... ......                          100% 2.61M=0.07s

2018-05-16 14:58:16 (1.11 MB/s) - ‘../data/deliveryimages.acm.org/10.1145/3200000/3191514/images/www18companion-253-fig1.jpg’ saved [77908/77908]

--2018-05-16 14:58:16--  http://deliveryimages.acm.org/10.1145/3200000/3191514/images/www18companion-253-fig2.jpg
Connecting to deliveryimages.acm.org (deliveryimages.acm.org)|104.17.80.191|:80... connected.
HTTP request sent, awaiting response... 301 Moved Permanently
Location: https://deliveryimages.acm.org/10.1145/3200000/3191514/images/www18companion-253-fig2.jpg [following]
--2018-05-16 14:58:16--  https://deliveryimages.acm.org/10.1145/3200000/3191514/images/www18companion-253-fig2.jpg
Connecting to deliveryimages.acm.org (deliveryimages.acm.org)|104.17.80.191|:443... connected.
HTTP request sent, awaiting response... 200 OK
Length: 679391 (663K) [image/jpeg]
Saving to: ‘../data/deliveryimages.acm.org/10.1145/3200000/3191514/images/www18companion-253-fig2.jpg’

     0K .......... .......... .......... .......... ..........  7%  819K 1s
    50K .......... .......... .......... .......... .......... 15%  499K 1s
   100K .......... .......... .......... .......... .......... 22% 5.54M 1s
   150K .......... .......... .......... .......... .......... 30%  523K 1s
   200K .......... .......... .......... .......... .......... 37% 3.26M 0s
   250K .......... .......... .......... .......... .......... 45% 1.48M 0s
   300K .......... .......... .......... .......... .......... 52% 1.78M 0s
   350K .......... .......... .......... .......... .......... 60%  761K 0s
   400K .......... .......... .......... .......... .......... 67% 2.06M 0s
   450K .......... .......... .......... .......... .......... 75%  848K 0s
   500K .......... .......... .......... .......... .......... 82% 1.83M 0s
   550K .......... .......... .......... .......... .......... 90% 1.96M 0s
   600K .......... .......... .......... .......... .......... 97% 1.61M 0s
   650K .......... ...                                        100% 8.16M=0.6s

2018-05-16 14:58:16 (1.13 MB/s) - ‘../data/deliveryimages.acm.org/10.1145/3200000/3191514/images/www18companion-253-fig2.jpg’ saved [679391/679391]

--2018-05-16 14:58:16--  http://deliveryimages.acm.org/10.1145/3200000/3191514/images/www18companion-253-fig3.jpg
Connecting to deliveryimages.acm.org (deliveryimages.acm.org)|104.17.80.191|:80... connected.
HTTP request sent, awaiting response... 301 Moved Permanently
Location: https://deliveryimages.acm.org/10.1145/3200000/3191514/images/www18companion-253-fig3.jpg [following]
--2018-05-16 14:58:17--  https://deliveryimages.acm.org/10.1145/3200000/3191514/images/www18companion-253-fig3.jpg
Connecting to deliveryimages.acm.org (deliveryimages.acm.org)|104.17.80.191|:443... connected.
HTTP request sent, awaiting response... 200 OK
Length: 264789 (259K) [image/jpeg]
Saving to: ‘../data/deliveryimages.acm.org/10.1145/3200000/3191514/images/www18companion-253-fig3.jpg’

     0K .......... .......... .......... .......... .......... 19% 1.53M 0s
    50K .......... .......... .......... .......... .......... 38% 4.93M 0s
   100K .......... .......... .......... .......... .......... 58% 4.29M 0s
   150K .......... .......... .......... .......... .......... 77% 1.99M 0s
   200K .......... .......... .......... .......... .......... 96% 21.6M 0s
   250K ........                                              100%  107M=0.08s

2018-05-16 14:58:17 (3.15 MB/s) - ‘../data/deliveryimages.acm.org/10.1145/3200000/3191514/images/www18companion-253-fig3.jpg’ saved [264789/264789]

--2018-05-16 14:58:17--  http://deliveryimages.acm.org/10.1145/3200000/3191514/images/www18companion-253-fig4.jpg
Connecting to deliveryimages.acm.org (deliveryimages.acm.org)|104.17.80.191|:80... connected.
HTTP request sent, awaiting response... 301 Moved Permanently
Location: https://deliveryimages.acm.org/10.1145/3200000/3191514/images/www18companion-253-fig4.jpg [following]
--2018-05-16 14:58:17--  https://deliveryimages.acm.org/10.1145/3200000/3191514/images/www18companion-253-fig4.jpg
Connecting to deliveryimages.acm.org (deliveryimages.acm.org)|104.17.80.191|:443... connected.
HTTP request sent, awaiting response... 200 OK
Length: 85448 (83K) [image/jpeg]
Saving to: ‘../data/deliveryimages.acm.org/10.1145/3200000/3191514/images/www18companion-253-fig4.jpg’

     0K .......... .......... .......... .......... .......... 59% 1.64M 0s
    50K .......... .......... .......... ...                  100% 1.22M=0.06s

2018-05-16 14:58:17 (1.44 MB/s) - ‘../data/deliveryimages.acm.org/10.1145/3200000/3191514/images/www18companion-253-fig4.jpg’ saved [85448/85448]

--2018-05-16 14:58:17--  http://deliveryimages.acm.org/10.1145/3200000/3191514/images/www18companion-253-fig5.jpg
Connecting to deliveryimages.acm.org (deliveryimages.acm.org)|104.17.80.191|:80... connected.
HTTP request sent, awaiting response... 301 Moved Permanently
Location: https://deliveryimages.acm.org/10.1145/3200000/3191514/images/www18companion-253-fig5.jpg [following]
--2018-05-16 14:58:17--  https://deliveryimages.acm.org/10.1145/3200000/3191514/images/www18companion-253-fig5.jpg
Connecting to deliveryimages.acm.org (deliveryimages.acm.org)|104.17.80.191|:443... connected.
HTTP request sent, awaiting response... 200 OK
Length: 66903 (65K) [image/jpeg]
Saving to: ‘../data/deliveryimages.acm.org/10.1145/3200000/3191514/images/www18companion-253-fig5.jpg’

     0K .......... .......... .......... .......... .......... 76% 1.33M 0s
    50K .......... .....                                      100% 6.02M=0.04s

2018-05-16 14:58:17 (1.62 MB/s) - ‘../data/deliveryimages.acm.org/10.1145/3200000/3191514/images/www18companion-253-fig5.jpg’ saved [66903/66903]

FINISHED --2018-05-16 14:58:17--
Total wall clock time: 2.4s
Downloaded: 6 files, 1.2M in 0.8s (1.38 MB/s)
Converting links in ../data/delivery.acm.org/10.1145/3200000/3191514/p893-rehena.html?ip=24.48.71.56&id=3191514&acc=OPENTOC&key=4D4702B0C3E38B35.4D4702B0C3E38B35.4D4702B0C3E38B35.4DD68F0663C025AA&__acm__=1526497394_686fccd06d842fbf51d1812bf62136a4... 33-0
Converted links in 1 files in 0.002 seconds.
