--2018-05-16 14:30:34--  http://delivery.acm.org/10.1145/3190000/3186017/p1185-zhang.html?ip=24.48.71.56&id=3186017&acc=OPENTOC&key=4D4702B0C3E38B35%2E4D4702B0C3E38B35%2E4D4702B0C3E38B35%2E4DD68F0663C025AA&__acm__=1526495734_28d8c0110d8fec3678a90767276360fb
Resolving delivery.acm.org (delivery.acm.org)... 24.200.120.90, 24.200.120.82
Connecting to delivery.acm.org (delivery.acm.org)|24.200.120.90|:80... connected.
HTTP request sent, awaiting response... 200 OK
Length: 118710 (116K) [text/html]
Saving to: ‘../data/delivery.acm.org/10.1145/3190000/3186017/p1185-zhang.html?ip=24.48.71.56&id=3186017&acc=OPENTOC&key=4D4702B0C3E38B35.4D4702B0C3E38B35.4D4702B0C3E38B35.4DD68F0663C025AA&__acm__=1526495734_28d8c0110d8fec3678a90767276360fb’

     0K .......... .......... .......... .......... .......... 43% 1.28M 0s
    50K .......... .......... .......... .......... .......... 86% 1.12M 0s
   100K .......... .....                                      100% 4.97M=0.08s

2018-05-16 14:30:35 (1.34 MB/s) - ‘../data/delivery.acm.org/10.1145/3190000/3186017/p1185-zhang.html?ip=24.48.71.56&id=3186017&acc=OPENTOC&key=4D4702B0C3E38B35.4D4702B0C3E38B35.4D4702B0C3E38B35.4DD68F0663C025AA&__acm__=1526495734_28d8c0110d8fec3678a90767276360fb’ saved [118710/118710]

--2018-05-16 14:30:35--  http://deliveryimages.acm.org/10.1145/3190000/3186017/images/www2018-26-fig1.jpg
Resolving deliveryimages.acm.org (deliveryimages.acm.org)... 104.17.80.191, 104.17.79.191
Connecting to deliveryimages.acm.org (deliveryimages.acm.org)|104.17.80.191|:80... connected.
HTTP request sent, awaiting response... 301 Moved Permanently
Location: https://deliveryimages.acm.org/10.1145/3190000/3186017/images/www2018-26-fig1.jpg [following]
--2018-05-16 14:30:35--  https://deliveryimages.acm.org/10.1145/3190000/3186017/images/www2018-26-fig1.jpg
Connecting to deliveryimages.acm.org (deliveryimages.acm.org)|104.17.80.191|:443... connected.
HTTP request sent, awaiting response... 200 OK
Length: 97424 (95K) [image/jpeg]
Saving to: ‘../data/deliveryimages.acm.org/10.1145/3190000/3186017/images/www2018-26-fig1.jpg’

     0K .......... .......... .......... .......... .......... 52% 1.45M 0s
    50K .......... .......... .......... .......... .....     100% 3.18M=0.05s

2018-05-16 14:30:35 (1.95 MB/s) - ‘../data/deliveryimages.acm.org/10.1145/3190000/3186017/images/www2018-26-fig1.jpg’ saved [97424/97424]

--2018-05-16 14:30:35--  http://deliveryimages.acm.org/10.1145/3190000/3186017/images/www2018-26-fig2.jpg
Connecting to deliveryimages.acm.org (deliveryimages.acm.org)|104.17.80.191|:80... connected.
HTTP request sent, awaiting response... 301 Moved Permanently
Location: https://deliveryimages.acm.org/10.1145/3190000/3186017/images/www2018-26-fig2.jpg [following]
--2018-05-16 14:30:35--  https://deliveryimages.acm.org/10.1145/3190000/3186017/images/www2018-26-fig2.jpg
Connecting to deliveryimages.acm.org (deliveryimages.acm.org)|104.17.80.191|:443... connected.
HTTP request sent, awaiting response... 200 OK
Length: 141236 (138K) [image/jpeg]
Saving to: ‘../data/deliveryimages.acm.org/10.1145/3190000/3186017/images/www2018-26-fig2.jpg’

     0K .......... .......... .......... .......... .......... 36%  355K 0s
    50K .......... .......... .......... .......... .......... 72%  172K 0s
   100K .......... .......... .......... .......              100%  237K=0.6s

2018-05-16 14:30:36 (233 KB/s) - ‘../data/deliveryimages.acm.org/10.1145/3190000/3186017/images/www2018-26-fig2.jpg’ saved [141236/141236]

--2018-05-16 14:30:36--  http://deliveryimages.acm.org/10.1145/3190000/3186017/images/www2018-26-fig3.jpg
Connecting to deliveryimages.acm.org (deliveryimages.acm.org)|104.17.80.191|:80... connected.
HTTP request sent, awaiting response... 301 Moved Permanently
Location: https://deliveryimages.acm.org/10.1145/3190000/3186017/images/www2018-26-fig3.jpg [following]
--2018-05-16 14:30:36--  https://deliveryimages.acm.org/10.1145/3190000/3186017/images/www2018-26-fig3.jpg
Connecting to deliveryimages.acm.org (deliveryimages.acm.org)|104.17.80.191|:443... connected.
HTTP request sent, awaiting response... 200 OK
Length: 125420 (122K) [image/jpeg]
Saving to: ‘../data/deliveryimages.acm.org/10.1145/3190000/3186017/images/www2018-26-fig3.jpg’

     0K .......... .......... .......... .......... .......... 40%  123K 1s
    50K .......... .......... .......... .......... .......... 81% 63.2K 0s
   100K .......... .......... ..                              100%  577K=1.2s

2018-05-16 14:30:38 (99.1 KB/s) - ‘../data/deliveryimages.acm.org/10.1145/3190000/3186017/images/www2018-26-fig3.jpg’ saved [125420/125420]

--2018-05-16 14:30:38--  http://deliveryimages.acm.org/10.1145/3190000/3186017/images/www2018-26-fig4.jpg
Connecting to deliveryimages.acm.org (deliveryimages.acm.org)|104.17.80.191|:80... connected.
HTTP request sent, awaiting response... 301 Moved Permanently
Location: https://deliveryimages.acm.org/10.1145/3190000/3186017/images/www2018-26-fig4.jpg [following]
--2018-05-16 14:30:38--  https://deliveryimages.acm.org/10.1145/3190000/3186017/images/www2018-26-fig4.jpg
Connecting to deliveryimages.acm.org (deliveryimages.acm.org)|104.17.80.191|:443... connected.
HTTP request sent, awaiting response... 200 OK
Length: 26387 (26K) [image/jpeg]
Saving to: ‘../data/deliveryimages.acm.org/10.1145/3190000/3186017/images/www2018-26-fig4.jpg’

     0K .......... .......... .....                           100% 1.24M=0.02s

2018-05-16 14:30:38 (1.24 MB/s) - ‘../data/deliveryimages.acm.org/10.1145/3190000/3186017/images/www2018-26-fig4.jpg’ saved [26387/26387]

--2018-05-16 14:30:38--  http://deliveryimages.acm.org/10.1145/3190000/3186017/images/www2018-26-fig5.jpg
Connecting to deliveryimages.acm.org (deliveryimages.acm.org)|104.17.80.191|:80... connected.
HTTP request sent, awaiting response... 301 Moved Permanently
Location: https://deliveryimages.acm.org/10.1145/3190000/3186017/images/www2018-26-fig5.jpg [following]
--2018-05-16 14:30:38--  https://deliveryimages.acm.org/10.1145/3190000/3186017/images/www2018-26-fig5.jpg
Connecting to deliveryimages.acm.org (deliveryimages.acm.org)|104.17.80.191|:443... connected.
HTTP request sent, awaiting response... 200 OK
Length: 346550 (338K) [image/jpeg]
Saving to: ‘../data/deliveryimages.acm.org/10.1145/3190000/3186017/images/www2018-26-fig5.jpg’

     0K .......... .......... .......... .......... .......... 14% 1.44M 0s
    50K .......... .......... .......... .......... .......... 29% 3.52M 0s
   100K .......... .......... .......... .......... .......... 44% 4.39M 0s
   150K .......... .......... .......... .......... .......... 59% 3.34M 0s
   200K .......... .......... .......... .......... .......... 73% 4.42M 0s
   250K .......... .......... .......... .......... .......... 88% 4.35M 0s
   300K .......... .......... .......... ........             100% 4.66M=0.1s

2018-05-16 14:30:39 (3.18 MB/s) - ‘../data/deliveryimages.acm.org/10.1145/3190000/3186017/images/www2018-26-fig5.jpg’ saved [346550/346550]

--2018-05-16 14:30:39--  http://deliveryimages.acm.org/10.1145/3190000/3186017/images/www2018-26-fig6.jpg
Connecting to deliveryimages.acm.org (deliveryimages.acm.org)|104.17.80.191|:80... connected.
HTTP request sent, awaiting response... 301 Moved Permanently
Location: https://deliveryimages.acm.org/10.1145/3190000/3186017/images/www2018-26-fig6.jpg [following]
--2018-05-16 14:30:39--  https://deliveryimages.acm.org/10.1145/3190000/3186017/images/www2018-26-fig6.jpg
Connecting to deliveryimages.acm.org (deliveryimages.acm.org)|104.17.80.191|:443... connected.
HTTP request sent, awaiting response... 200 OK
Length: 88173 (86K) [image/jpeg]
Saving to: ‘../data/deliveryimages.acm.org/10.1145/3190000/3186017/images/www2018-26-fig6.jpg’

     0K .......... .......... .......... .......... .......... 58% 79.6K 0s
    50K .......... .......... .......... ......               100% 96.0K=1.0s

2018-05-16 14:30:40 (85.7 KB/s) - ‘../data/deliveryimages.acm.org/10.1145/3190000/3186017/images/www2018-26-fig6.jpg’ saved [88173/88173]

FINISHED --2018-05-16 14:30:40--
Total wall clock time: 5.7s
Downloaded: 7 files, 922K in 3.1s (298 KB/s)
Converting links in ../data/delivery.acm.org/10.1145/3190000/3186017/p1185-zhang.html?ip=24.48.71.56&id=3186017&acc=OPENTOC&key=4D4702B0C3E38B35.4D4702B0C3E38B35.4D4702B0C3E38B35.4DD68F0663C025AA&__acm__=1526495734_28d8c0110d8fec3678a90767276360fb... 74-0
Converted links in 1 files in 0.003 seconds.
