--2018-05-16 14:39:13--  http://delivery.acm.org/10.1145/3190000/3186134/p863-jiang.html?ip=24.48.71.56&id=3186134&acc=OPENTOC&key=4D4702B0C3E38B35%2E4D4702B0C3E38B35%2E4D4702B0C3E38B35%2E4DD68F0663C025AA&__acm__=1526496252_dde1022902990af8abb7a7eae68b94bf
Resolving delivery.acm.org (delivery.acm.org)... 24.200.120.90, 24.200.120.82
Connecting to delivery.acm.org (delivery.acm.org)|24.200.120.90|:80... connected.
HTTP request sent, awaiting response... 200 OK
Length: 124524 (122K) [text/html]
Saving to: ‘../data/delivery.acm.org/10.1145/3190000/3186134/p863-jiang.html?ip=24.48.71.56&id=3186134&acc=OPENTOC&key=4D4702B0C3E38B35.4D4702B0C3E38B35.4D4702B0C3E38B35.4DD68F0663C025AA&__acm__=1526496252_dde1022902990af8abb7a7eae68b94bf’

     0K .......... .......... .......... .......... .......... 41%  618K 0s
    50K .......... .......... .......... .......... .......... 82% 1.43M 0s
   100K .......... .......... .                               100% 1.82M=0.1s

2018-05-16 14:39:14 (959 KB/s) - ‘../data/delivery.acm.org/10.1145/3190000/3186134/p863-jiang.html?ip=24.48.71.56&id=3186134&acc=OPENTOC&key=4D4702B0C3E38B35.4D4702B0C3E38B35.4D4702B0C3E38B35.4DD68F0663C025AA&__acm__=1526496252_dde1022902990af8abb7a7eae68b94bf’ saved [124524/124524]

--2018-05-16 14:39:14--  http://deliveryimages.acm.org/10.1145/3190000/3186134/images/www2018-143-fig1.jpg
Resolving deliveryimages.acm.org (deliveryimages.acm.org)... 104.17.80.191, 104.17.79.191
Connecting to deliveryimages.acm.org (deliveryimages.acm.org)|104.17.80.191|:80... connected.
HTTP request sent, awaiting response... 301 Moved Permanently
Location: https://deliveryimages.acm.org/10.1145/3190000/3186134/images/www2018-143-fig1.jpg [following]
--2018-05-16 14:39:14--  https://deliveryimages.acm.org/10.1145/3190000/3186134/images/www2018-143-fig1.jpg
Connecting to deliveryimages.acm.org (deliveryimages.acm.org)|104.17.80.191|:443... connected.
HTTP request sent, awaiting response... 200 OK
Length: 59852 (58K) [image/jpeg]
Saving to: ‘../data/deliveryimages.acm.org/10.1145/3190000/3186134/images/www2018-143-fig1.jpg’

     0K .......... .......... .......... .......... .......... 85% 1.36M 0s
    50K ........                                              100% 6.08M=0.04s

2018-05-16 14:39:14 (1.54 MB/s) - ‘../data/deliveryimages.acm.org/10.1145/3190000/3186134/images/www2018-143-fig1.jpg’ saved [59852/59852]

--2018-05-16 14:39:14--  http://deliveryimages.acm.org/10.1145/3190000/3186134/images/www2018-143-fig2.jpg
Connecting to deliveryimages.acm.org (deliveryimages.acm.org)|104.17.80.191|:80... connected.
HTTP request sent, awaiting response... 301 Moved Permanently
Location: https://deliveryimages.acm.org/10.1145/3190000/3186134/images/www2018-143-fig2.jpg [following]
--2018-05-16 14:39:14--  https://deliveryimages.acm.org/10.1145/3190000/3186134/images/www2018-143-fig2.jpg
Connecting to deliveryimages.acm.org (deliveryimages.acm.org)|104.17.80.191|:443... connected.
HTTP request sent, awaiting response... 200 OK
Length: 42054 (41K) [image/jpeg]
Saving to: ‘../data/deliveryimages.acm.org/10.1145/3190000/3186134/images/www2018-143-fig2.jpg’

     0K .......... .......... .......... .......... .         100% 1.21M=0.03s

2018-05-16 14:39:14 (1.21 MB/s) - ‘../data/deliveryimages.acm.org/10.1145/3190000/3186134/images/www2018-143-fig2.jpg’ saved [42054/42054]

--2018-05-16 14:39:14--  http://deliveryimages.acm.org/10.1145/3190000/3186134/images/www2018-143-fig3.jpg
Connecting to deliveryimages.acm.org (deliveryimages.acm.org)|104.17.80.191|:80... connected.
HTTP request sent, awaiting response... 301 Moved Permanently
Location: https://deliveryimages.acm.org/10.1145/3190000/3186134/images/www2018-143-fig3.jpg [following]
--2018-05-16 14:39:14--  https://deliveryimages.acm.org/10.1145/3190000/3186134/images/www2018-143-fig3.jpg
Connecting to deliveryimages.acm.org (deliveryimages.acm.org)|104.17.80.191|:443... connected.
HTTP request sent, awaiting response... 200 OK
Length: 48203 (47K) [image/jpeg]
Saving to: ‘../data/deliveryimages.acm.org/10.1145/3190000/3186134/images/www2018-143-fig3.jpg’

     0K .......... .......... .......... .......... .......   100% 1.71M=0.03s

2018-05-16 14:39:15 (1.71 MB/s) - ‘../data/deliveryimages.acm.org/10.1145/3190000/3186134/images/www2018-143-fig3.jpg’ saved [48203/48203]

--2018-05-16 14:39:15--  http://deliveryimages.acm.org/10.1145/3190000/3186134/images/www2018-143-fig4.jpg
Connecting to deliveryimages.acm.org (deliveryimages.acm.org)|104.17.80.191|:80... connected.
HTTP request sent, awaiting response... 301 Moved Permanently
Location: https://deliveryimages.acm.org/10.1145/3190000/3186134/images/www2018-143-fig4.jpg [following]
--2018-05-16 14:39:15--  https://deliveryimages.acm.org/10.1145/3190000/3186134/images/www2018-143-fig4.jpg
Connecting to deliveryimages.acm.org (deliveryimages.acm.org)|104.17.80.191|:443... connected.
HTTP request sent, awaiting response... 200 OK
Length: 100778 (98K) [image/jpeg]
Saving to: ‘../data/deliveryimages.acm.org/10.1145/3190000/3186134/images/www2018-143-fig4.jpg’

     0K .......... .......... .......... .......... .......... 50% 1.51M 0s
    50K .......... .......... .......... .......... ........  100% 3.15M=0.05s

2018-05-16 14:39:15 (2.03 MB/s) - ‘../data/deliveryimages.acm.org/10.1145/3190000/3186134/images/www2018-143-fig4.jpg’ saved [100778/100778]

--2018-05-16 14:39:15--  http://deliveryimages.acm.org/10.1145/3190000/3186134/images/www2018-143-fig5.jpg
Connecting to deliveryimages.acm.org (deliveryimages.acm.org)|104.17.80.191|:80... connected.
HTTP request sent, awaiting response... 301 Moved Permanently
Location: https://deliveryimages.acm.org/10.1145/3190000/3186134/images/www2018-143-fig5.jpg [following]
--2018-05-16 14:39:15--  https://deliveryimages.acm.org/10.1145/3190000/3186134/images/www2018-143-fig5.jpg
Connecting to deliveryimages.acm.org (deliveryimages.acm.org)|104.17.80.191|:443... connected.
HTTP request sent, awaiting response... 200 OK
Length: 77180 (75K) [image/jpeg]
Saving to: ‘../data/deliveryimages.acm.org/10.1145/3190000/3186134/images/www2018-143-fig5.jpg’

     0K .......... .......... .......... .......... .......... 66%  626K 0s
    50K .......... .......... .....                           100%  829K=0.1s

2018-05-16 14:39:15 (682 KB/s) - ‘../data/deliveryimages.acm.org/10.1145/3190000/3186134/images/www2018-143-fig5.jpg’ saved [77180/77180]

--2018-05-16 14:39:15--  http://deliveryimages.acm.org/10.1145/3190000/3186134/images/www2018-143-fig6.jpg
Connecting to deliveryimages.acm.org (deliveryimages.acm.org)|104.17.80.191|:80... connected.
HTTP request sent, awaiting response... 301 Moved Permanently
Location: https://deliveryimages.acm.org/10.1145/3190000/3186134/images/www2018-143-fig6.jpg [following]
--2018-05-16 14:39:15--  https://deliveryimages.acm.org/10.1145/3190000/3186134/images/www2018-143-fig6.jpg
Connecting to deliveryimages.acm.org (deliveryimages.acm.org)|104.17.80.191|:443... connected.
HTTP request sent, awaiting response... 200 OK
Length: 115270 (113K) [image/jpeg]
Saving to: ‘../data/deliveryimages.acm.org/10.1145/3190000/3186134/images/www2018-143-fig6.jpg’

     0K .......... .......... .......... .......... .......... 44% 1.46M 0s
    50K .......... .......... .......... .......... .......... 88% 3.81M 0s
   100K .......... ..                                         100% 3.11M=0.05s

2018-05-16 14:39:16 (2.19 MB/s) - ‘../data/deliveryimages.acm.org/10.1145/3190000/3186134/images/www2018-143-fig6.jpg’ saved [115270/115270]

--2018-05-16 14:39:16--  http://deliveryimages.acm.org/10.1145/3190000/3186134/images/www2018-143-fig7.jpg
Connecting to deliveryimages.acm.org (deliveryimages.acm.org)|104.17.80.191|:80... connected.
HTTP request sent, awaiting response... 301 Moved Permanently
Location: https://deliveryimages.acm.org/10.1145/3190000/3186134/images/www2018-143-fig7.jpg [following]
--2018-05-16 14:39:16--  https://deliveryimages.acm.org/10.1145/3190000/3186134/images/www2018-143-fig7.jpg
Connecting to deliveryimages.acm.org (deliveryimages.acm.org)|104.17.80.191|:443... connected.
HTTP request sent, awaiting response... 200 OK
Length: 34104 (33K) [image/jpeg]
Saving to: ‘../data/deliveryimages.acm.org/10.1145/3190000/3186134/images/www2018-143-fig7.jpg’

     0K .......... .......... .......... ...                  100% 1.68M=0.02s

2018-05-16 14:39:16 (1.68 MB/s) - ‘../data/deliveryimages.acm.org/10.1145/3190000/3186134/images/www2018-143-fig7.jpg’ saved [34104/34104]

--2018-05-16 14:39:16--  http://deliveryimages.acm.org/10.1145/3190000/3186134/images/www2018-143-fig8.jpg
Connecting to deliveryimages.acm.org (deliveryimages.acm.org)|104.17.80.191|:80... connected.
HTTP request sent, awaiting response... 301 Moved Permanently
Location: https://deliveryimages.acm.org/10.1145/3190000/3186134/images/www2018-143-fig8.jpg [following]
--2018-05-16 14:39:16--  https://deliveryimages.acm.org/10.1145/3190000/3186134/images/www2018-143-fig8.jpg
Connecting to deliveryimages.acm.org (deliveryimages.acm.org)|104.17.80.191|:443... connected.
HTTP request sent, awaiting response... 200 OK
Length: 47392 (46K) [image/jpeg]
Saving to: ‘../data/deliveryimages.acm.org/10.1145/3190000/3186134/images/www2018-143-fig8.jpg’

     0K .......... .......... .......... .......... ......    100% 1.30M=0.03s

2018-05-16 14:39:16 (1.30 MB/s) - ‘../data/deliveryimages.acm.org/10.1145/3190000/3186134/images/www2018-143-fig8.jpg’ saved [47392/47392]

--2018-05-16 14:39:16--  http://deliveryimages.acm.org/10.1145/3190000/3186134/images/www2018-143-fig9.jpg
Connecting to deliveryimages.acm.org (deliveryimages.acm.org)|104.17.80.191|:80... connected.
HTTP request sent, awaiting response... 301 Moved Permanently
Location: https://deliveryimages.acm.org/10.1145/3190000/3186134/images/www2018-143-fig9.jpg [following]
--2018-05-16 14:39:16--  https://deliveryimages.acm.org/10.1145/3190000/3186134/images/www2018-143-fig9.jpg
Connecting to deliveryimages.acm.org (deliveryimages.acm.org)|104.17.80.191|:443... connected.
HTTP request sent, awaiting response... 200 OK
Length: 178293 (174K) [image/jpeg]
Saving to: ‘../data/deliveryimages.acm.org/10.1145/3190000/3186134/images/www2018-143-fig9.jpg’

     0K .......... .......... .......... .......... .......... 28% 1.85M 0s
    50K .......... .......... .......... .......... .......... 57% 3.29M 0s
   100K .......... .......... .......... .......... .......... 86% 4.74M 0s
   150K .......... .......... ....                            100% 3.57M=0.06s

2018-05-16 14:39:17 (2.92 MB/s) - ‘../data/deliveryimages.acm.org/10.1145/3190000/3186134/images/www2018-143-fig9.jpg’ saved [178293/178293]

--2018-05-16 14:39:17--  http://deliveryimages.acm.org/10.1145/3190000/3186134/images/www2018-143-fig10.jpg
Connecting to deliveryimages.acm.org (deliveryimages.acm.org)|104.17.80.191|:80... connected.
HTTP request sent, awaiting response... 301 Moved Permanently
Location: https://deliveryimages.acm.org/10.1145/3190000/3186134/images/www2018-143-fig10.jpg [following]
--2018-05-16 14:39:17--  https://deliveryimages.acm.org/10.1145/3190000/3186134/images/www2018-143-fig10.jpg
Connecting to deliveryimages.acm.org (deliveryimages.acm.org)|104.17.80.191|:443... connected.
HTTP request sent, awaiting response... 200 OK
Length: 155616 (152K) [image/jpeg]
Saving to: ‘../data/deliveryimages.acm.org/10.1145/3190000/3186134/images/www2018-143-fig10.jpg’

     0K .......... .......... .......... .......... .......... 32% 1.54M 0s
    50K .......... .......... .......... .......... .......... 65% 2.61M 0s
   100K .......... .......... .......... .......... .......... 98% 6.04M 0s
   150K .                                                     100% 3755G=0.06s

2018-05-16 14:39:17 (2.54 MB/s) - ‘../data/deliveryimages.acm.org/10.1145/3190000/3186134/images/www2018-143-fig10.jpg’ saved [155616/155616]

FINISHED --2018-05-16 14:39:17--
Total wall clock time: 3.5s
Downloaded: 11 files, 960K in 0.6s (1.56 MB/s)
Converting links in ../data/delivery.acm.org/10.1145/3190000/3186134/p863-jiang.html?ip=24.48.71.56&id=3186134&acc=OPENTOC&key=4D4702B0C3E38B35.4D4702B0C3E38B35.4D4702B0C3E38B35.4DD68F0663C025AA&__acm__=1526496252_dde1022902990af8abb7a7eae68b94bf... 128-0
Converted links in 1 files in 0.003 seconds.
