--2018-05-16 14:17:42--  http://delivery.acm.org/10.1145/3190000/3185995/p177-wu.html?ip=24.48.71.56&id=3185995&acc=OPENTOC&key=4D4702B0C3E38B35%2E4D4702B0C3E38B35%2E4D4702B0C3E38B35%2E4DD68F0663C025AA&__acm__=1526494962_6fa80db622f0df1d08d05f0efb8c1d73
Resolving delivery.acm.org (delivery.acm.org)... 24.200.120.82, 24.200.120.90
Connecting to delivery.acm.org (delivery.acm.org)|24.200.120.82|:80... connected.
HTTP request sent, awaiting response... 200 OK
Length: 85337 (83K) [text/html]
Saving to: ‘../data/delivery.acm.org/10.1145/3190000/3185995/p177-wu.html?ip=24.48.71.56&id=3185995&acc=OPENTOC&key=4D4702B0C3E38B35.4D4702B0C3E38B35.4D4702B0C3E38B35.4DD68F0663C025AA&__acm__=1526494962_6fa80db622f0df1d08d05f0efb8c1d73’

     0K .......... .......... .......... .......... .......... 59%  201K 0s
    50K .......... .......... .......... ...                  100%  894K=0.3s

2018-05-16 14:17:44 (292 KB/s) - ‘../data/delivery.acm.org/10.1145/3190000/3185995/p177-wu.html?ip=24.48.71.56&id=3185995&acc=OPENTOC&key=4D4702B0C3E38B35.4D4702B0C3E38B35.4D4702B0C3E38B35.4DD68F0663C025AA&__acm__=1526494962_6fa80db622f0df1d08d05f0efb8c1d73’ saved [85337/85337]

--2018-05-16 14:17:44--  http://deliveryimages.acm.org/10.1145/3190000/3185995/images/www2018-4-fig1.jpg
Resolving deliveryimages.acm.org (deliveryimages.acm.org)... 104.17.79.191, 104.17.80.191
Connecting to deliveryimages.acm.org (deliveryimages.acm.org)|104.17.79.191|:80... connected.
HTTP request sent, awaiting response... 301 Moved Permanently
Location: https://deliveryimages.acm.org/10.1145/3190000/3185995/images/www2018-4-fig1.jpg [following]
--2018-05-16 14:17:45--  https://deliveryimages.acm.org/10.1145/3190000/3185995/images/www2018-4-fig1.jpg
Connecting to deliveryimages.acm.org (deliveryimages.acm.org)|104.17.79.191|:443... connected.
HTTP request sent, awaiting response... 200 OK
Length: 729670 (713K) [image/jpeg]
Saving to: ‘../data/deliveryimages.acm.org/10.1145/3190000/3185995/images/www2018-4-fig1.jpg’

     0K .......... .......... .......... .......... ..........  7% 1.91M 0s
    50K .......... .......... .......... .......... .......... 14% 3.64M 0s
   100K .......... .......... .......... .......... .......... 21% 3.22M 0s
   150K .......... .......... .......... .......... .......... 28% 4.55M 0s
   200K .......... .......... .......... .......... .......... 35% 4.90M 0s
   250K .......... .......... .......... .......... .......... 42% 4.05M 0s
   300K .......... .......... .......... .......... .......... 49% 3.60M 0s
   350K .......... .......... .......... .......... .......... 56% 3.35M 0s
   400K .......... .......... .......... .......... .......... 63% 4.54M 0s
   450K .......... .......... .......... .......... .......... 70% 4.32M 0s
   500K .......... .......... .......... .......... .......... 77% 4.20M 0s
   550K .......... .......... .......... .......... .......... 84% 3.42M 0s
   600K .......... .......... .......... .......... .......... 91% 5.32M 0s
   650K .......... .......... .......... .......... .......... 98% 3.97M 0s
   700K .......... ..                                         100% 7.27M=0.2s

2018-05-16 14:17:45 (3.74 MB/s) - ‘../data/deliveryimages.acm.org/10.1145/3190000/3185995/images/www2018-4-fig1.jpg’ saved [729670/729670]

--2018-05-16 14:17:45--  http://deliveryimages.acm.org/10.1145/3190000/3185995/images/www2018-4-fig2.jpg
Connecting to deliveryimages.acm.org (deliveryimages.acm.org)|104.17.79.191|:80... connected.
HTTP request sent, awaiting response... 301 Moved Permanently
Location: https://deliveryimages.acm.org/10.1145/3190000/3185995/images/www2018-4-fig2.jpg [following]
--2018-05-16 14:17:45--  https://deliveryimages.acm.org/10.1145/3190000/3185995/images/www2018-4-fig2.jpg
Connecting to deliveryimages.acm.org (deliveryimages.acm.org)|104.17.79.191|:443... connected.
HTTP request sent, awaiting response... 200 OK
Length: 778273 (760K) [image/jpeg]
Saving to: ‘../data/deliveryimages.acm.org/10.1145/3190000/3185995/images/www2018-4-fig2.jpg’

     0K .......... .......... .......... .......... ..........  6% 1.41M 0s
    50K .......... .......... .......... .......... .......... 13% 3.11M 0s
   100K .......... .......... .......... .......... .......... 19% 6.11M 0s
   150K .......... .......... .......... .......... .......... 26% 3.83M 0s
   200K .......... .......... .......... .......... .......... 32% 3.95M 0s
   250K .......... .......... .......... .......... .......... 39% 4.06M 0s
   300K .......... .......... .......... .......... .......... 46% 4.45M 0s
   350K .......... .......... .......... .......... .......... 52% 2.51M 0s
   400K .......... .......... .......... .......... .......... 59% 4.67M 0s
   450K .......... .......... .......... .......... .......... 65% 5.84M 0s
   500K .......... .......... .......... .......... .......... 72% 3.50M 0s
   550K .......... .......... .......... .......... .......... 78% 5.34M 0s
   600K .......... .......... .......... .......... .......... 85% 4.14M 0s
   650K .......... .......... .......... .......... .......... 92% 4.08M 0s
   700K .......... .......... .......... .......... .......... 98% 3.43M 0s
   750K ..........                                            100% 79.2M=0.2s

2018-05-16 14:17:45 (3.61 MB/s) - ‘../data/deliveryimages.acm.org/10.1145/3190000/3185995/images/www2018-4-fig2.jpg’ saved [778273/778273]

--2018-05-16 14:17:45--  http://deliveryimages.acm.org/10.1145/3190000/3185995/images/www2018-4-fig3.jpg
Connecting to deliveryimages.acm.org (deliveryimages.acm.org)|104.17.79.191|:80... connected.
HTTP request sent, awaiting response... 301 Moved Permanently
Location: https://deliveryimages.acm.org/10.1145/3190000/3185995/images/www2018-4-fig3.jpg [following]
--2018-05-16 14:17:45--  https://deliveryimages.acm.org/10.1145/3190000/3185995/images/www2018-4-fig3.jpg
Connecting to deliveryimages.acm.org (deliveryimages.acm.org)|104.17.79.191|:443... connected.
HTTP request sent, awaiting response... 200 OK
Length: 858938 (839K) [image/jpeg]
Saving to: ‘../data/deliveryimages.acm.org/10.1145/3190000/3185995/images/www2018-4-fig3.jpg’

     0K .......... .......... .......... .......... ..........  5% 1.40M 1s
    50K .......... .......... .......... .......... .......... 11% 3.38M 0s
   100K .......... .......... .......... .......... .......... 17% 4.08M 0s
   150K .......... .......... .......... .......... .......... 23% 4.72M 0s
   200K .......... .......... .......... .......... .......... 29% 3.13M 0s
   250K .......... .......... .......... .......... .......... 35% 5.29M 0s
   300K .......... .......... .......... .......... .......... 41% 3.42M 0s
   350K .......... .......... .......... .......... .......... 47% 3.75M 0s
   400K .......... .......... .......... .......... .......... 53% 4.46M 0s
   450K .......... .......... .......... .......... .......... 59% 4.17M 0s
   500K .......... .......... .......... .......... .......... 65% 3.64M 0s
   550K .......... .......... .......... .......... .......... 71% 5.00M 0s
   600K .......... .......... .......... .......... .......... 77% 2.70M 0s
   650K .......... .......... .......... .......... .......... 83% 7.89M 0s
   700K .......... .......... .......... .......... .......... 89% 4.96M 0s
   750K .......... .......... .......... .......... .......... 95% 3.13M 0s
   800K .......... .......... .......... ........             100% 6.72M=0.2s

2018-05-16 14:17:46 (3.64 MB/s) - ‘../data/deliveryimages.acm.org/10.1145/3190000/3185995/images/www2018-4-fig3.jpg’ saved [858938/858938]

--2018-05-16 14:17:46--  http://deliveryimages.acm.org/10.1145/3190000/3185995/images/www2018-4-fig4.jpg
Connecting to deliveryimages.acm.org (deliveryimages.acm.org)|104.17.79.191|:80... connected.
HTTP request sent, awaiting response... 301 Moved Permanently
Location: https://deliveryimages.acm.org/10.1145/3190000/3185995/images/www2018-4-fig4.jpg [following]
--2018-05-16 14:17:46--  https://deliveryimages.acm.org/10.1145/3190000/3185995/images/www2018-4-fig4.jpg
Connecting to deliveryimages.acm.org (deliveryimages.acm.org)|104.17.79.191|:443... connected.
HTTP request sent, awaiting response... 200 OK
Length: 629992 (615K) [image/jpeg]
Saving to: ‘../data/deliveryimages.acm.org/10.1145/3190000/3185995/images/www2018-4-fig4.jpg’

     0K .......... .......... .......... .......... ..........  8% 1.81M 0s
    50K .......... .......... .......... .......... .......... 16% 2.78M 0s
   100K .......... .......... .......... .......... .......... 24% 3.92M 0s
   150K .......... .......... .......... .......... .......... 32% 3.47M 0s
   200K .......... .......... .......... .......... .......... 40% 4.41M 0s
   250K .......... .......... .......... .......... .......... 48% 3.62M 0s
   300K .......... .......... .......... .......... .......... 56% 3.24M 0s
   350K .......... .......... .......... .......... .......... 65% 3.38M 0s
   400K .......... .......... .......... .......... .......... 73% 3.77M 0s
   450K .......... .......... .......... .......... .......... 81% 4.87M 0s
   500K .......... .......... .......... .......... .......... 89% 3.15M 0s
   550K .......... .......... .......... .......... .......... 97% 4.73M 0s
   600K .......... .....                                      100% 7.96M=0.2s

2018-05-16 14:17:46 (3.41 MB/s) - ‘../data/deliveryimages.acm.org/10.1145/3190000/3185995/images/www2018-4-fig4.jpg’ saved [629992/629992]

--2018-05-16 14:17:46--  http://deliveryimages.acm.org/10.1145/3190000/3185995/images/www2018-4-fig5.jpg
Connecting to deliveryimages.acm.org (deliveryimages.acm.org)|104.17.79.191|:80... connected.
HTTP request sent, awaiting response... 301 Moved Permanently
Location: https://deliveryimages.acm.org/10.1145/3190000/3185995/images/www2018-4-fig5.jpg [following]
--2018-05-16 14:17:46--  https://deliveryimages.acm.org/10.1145/3190000/3185995/images/www2018-4-fig5.jpg
Connecting to deliveryimages.acm.org (deliveryimages.acm.org)|104.17.79.191|:443... connected.
HTTP request sent, awaiting response... 200 OK
Length: 671924 (656K) [image/jpeg]
Saving to: ‘../data/deliveryimages.acm.org/10.1145/3190000/3185995/images/www2018-4-fig5.jpg’

     0K .......... .......... .......... .......... ..........  7% 1.48M 0s
    50K .......... .......... .......... .......... .......... 15% 3.01M 0s
   100K .......... .......... .......... .......... .......... 22% 4.03M 0s
   150K .......... .......... .......... .......... .......... 30% 4.44M 0s
   200K .......... .......... .......... .......... .......... 38% 3.37M 0s
   250K .......... .......... .......... .......... .......... 45% 4.76M 0s
   300K .......... .......... .......... .......... .......... 53% 3.44M 0s
   350K .......... .......... .......... .......... .......... 60% 3.51M 0s
   400K .......... .......... .......... .......... .......... 68% 4.84M 0s
   450K .......... .......... .......... .......... .......... 76% 1.88M 0s
   500K .......... .......... .......... .......... .......... 83% 4.71M 0s
   550K .......... .......... .......... .......... .......... 91% 4.05M 0s
   600K .......... .......... .......... .......... .......... 99% 2.32M 0s
   650K ......                                                100% 54.6M=0.2s

2018-05-16 14:17:47 (3.13 MB/s) - ‘../data/deliveryimages.acm.org/10.1145/3190000/3185995/images/www2018-4-fig5.jpg’ saved [671924/671924]

--2018-05-16 14:17:47--  http://deliveryimages.acm.org/10.1145/3190000/3185995/images/www2018-4-img1.svg
Connecting to deliveryimages.acm.org (deliveryimages.acm.org)|104.17.79.191|:80... connected.
HTTP request sent, awaiting response... 301 Moved Permanently
Location: https://deliveryimages.acm.org/10.1145/3190000/3185995/images/www2018-4-img1.svg [following]
--2018-05-16 14:17:47--  https://deliveryimages.acm.org/10.1145/3190000/3185995/images/www2018-4-img1.svg
Connecting to deliveryimages.acm.org (deliveryimages.acm.org)|104.17.79.191|:443... connected.
HTTP request sent, awaiting response... 200 OK
Length: 174503 (170K) [image/svg+xml]
Saving to: ‘../data/deliveryimages.acm.org/10.1145/3190000/3185995/images/www2018-4-img1.svg’

     0K .......... .......... .......... .......... .......... 29% 1.34M 0s
    50K .......... .......... .......... .......... .......... 58% 3.43M 0s
   100K .......... .......... .......... .......... .......... 88% 1.48M 0s
   150K .......... ..........                                 100% 94.2M=0.08s

2018-05-16 14:17:47 (1.99 MB/s) - ‘../data/deliveryimages.acm.org/10.1145/3190000/3185995/images/www2018-4-img1.svg’ saved [174503/174503]

--2018-05-16 14:17:47--  http://deliveryimages.acm.org/10.1145/3190000/3185995/images/www2018-4-fig6.jpg
Connecting to deliveryimages.acm.org (deliveryimages.acm.org)|104.17.79.191|:80... connected.
HTTP request sent, awaiting response... 301 Moved Permanently
Location: https://deliveryimages.acm.org/10.1145/3190000/3185995/images/www2018-4-fig6.jpg [following]
--2018-05-16 14:17:47--  https://deliveryimages.acm.org/10.1145/3190000/3185995/images/www2018-4-fig6.jpg
Connecting to deliveryimages.acm.org (deliveryimages.acm.org)|104.17.79.191|:443... connected.
HTTP request sent, awaiting response... 200 OK
Length: 732027 (715K) [image/jpeg]
Saving to: ‘../data/deliveryimages.acm.org/10.1145/3190000/3185995/images/www2018-4-fig6.jpg’

     0K .......... .......... .......... .......... ..........  6% 2.02M 0s
    50K .......... .......... .......... .......... .......... 13% 3.14M 0s
   100K .......... .......... .......... .......... .......... 20% 4.18M 0s
   150K .......... .......... .......... .......... .......... 27% 2.75M 0s
   200K .......... .......... .......... .......... .......... 34% 8.69M 0s
   250K .......... .......... .......... .......... .......... 41% 3.55M 0s
   300K .......... .......... .......... .......... .......... 48% 5.14M 0s
   350K .......... .......... .......... .......... .......... 55% 3.21M 0s
   400K .......... .......... .......... .......... .......... 62% 4.28M 0s
   450K .......... .......... .......... .......... .......... 69% 2.88M 0s
   500K .......... .......... .......... .......... .......... 76% 6.63M 0s
   550K .......... .......... .......... .......... .......... 83% 3.64M 0s
   600K .......... .......... .......... .......... .......... 90% 4.73M 0s
   650K .......... .......... .......... .......... .......... 97% 3.29M 0s
   700K .......... ....                                       100% 8.03M=0.2s

2018-05-16 14:17:47 (3.69 MB/s) - ‘../data/deliveryimages.acm.org/10.1145/3190000/3185995/images/www2018-4-fig6.jpg’ saved [732027/732027]

--2018-05-16 14:17:47--  http://deliveryimages.acm.org/10.1145/3190000/3185995/images/www2018-4-fig7.jpg
Connecting to deliveryimages.acm.org (deliveryimages.acm.org)|104.17.79.191|:80... connected.
HTTP request sent, awaiting response... 301 Moved Permanently
Location: https://deliveryimages.acm.org/10.1145/3190000/3185995/images/www2018-4-fig7.jpg [following]
--2018-05-16 14:17:48--  https://deliveryimages.acm.org/10.1145/3190000/3185995/images/www2018-4-fig7.jpg
Connecting to deliveryimages.acm.org (deliveryimages.acm.org)|104.17.79.191|:443... connected.
HTTP request sent, awaiting response... 200 OK
Length: 732358 (715K) [image/jpeg]
Saving to: ‘../data/deliveryimages.acm.org/10.1145/3190000/3185995/images/www2018-4-fig7.jpg’

     0K .......... .......... .......... .......... ..........  6% 1.77M 0s
    50K .......... .......... .......... .......... .......... 13% 3.51M 0s
   100K .......... .......... .......... .......... .......... 20% 1.11M 0s
   150K .......... .......... .......... .......... .......... 27% 4.18M 0s
   200K .......... .......... .......... .......... .......... 34% 91.6M 0s
   250K .......... .......... .......... .......... .......... 41% 1.76M 0s
   300K .......... .......... .......... .......... .......... 48%  106M 0s
   350K .......... .......... .......... .......... .......... 55% 2.92M 0s
   400K .......... .......... .......... .......... .......... 62% 9.54M 0s
   450K .......... .......... .......... .......... .......... 69% 9.21M 0s
   500K .......... .......... .......... .......... .......... 76% 2.23M 0s
   550K .......... .......... .......... .......... .......... 83% 2.51M 0s
   600K .......... .......... .......... .......... .......... 90% 9.61M 0s
   650K .......... .......... .......... .......... .......... 97% 91.3M 0s
   700K .......... .....                                      100%  101M=0.2s

2018-05-16 14:17:48 (3.49 MB/s) - ‘../data/deliveryimages.acm.org/10.1145/3190000/3185995/images/www2018-4-fig7.jpg’ saved [732358/732358]

--2018-05-16 14:17:48--  http://deliveryimages.acm.org/10.1145/3190000/3185995/images/www2018-4-fig8.jpg
Connecting to deliveryimages.acm.org (deliveryimages.acm.org)|104.17.79.191|:80... connected.
HTTP request sent, awaiting response... 301 Moved Permanently
Location: https://deliveryimages.acm.org/10.1145/3190000/3185995/images/www2018-4-fig8.jpg [following]
--2018-05-16 14:17:48--  https://deliveryimages.acm.org/10.1145/3190000/3185995/images/www2018-4-fig8.jpg
Connecting to deliveryimages.acm.org (deliveryimages.acm.org)|104.17.79.191|:443... connected.
HTTP request sent, awaiting response... 200 OK
Length: 690051 (674K) [image/jpeg]
Saving to: ‘../data/deliveryimages.acm.org/10.1145/3190000/3185995/images/www2018-4-fig8.jpg’

     0K .......... .......... .......... .......... ..........  7% 1.75M 0s
    50K .......... .......... .......... .......... .......... 14% 3.69M 0s
   100K .......... .......... .......... .......... .......... 22% 4.38M 0s
   150K .......... .......... .......... .......... .......... 29% 4.01M 0s
   200K .......... .......... .......... .......... .......... 37% 2.81M 0s
   250K .......... .......... .......... .......... .......... 44% 5.62M 0s
   300K .......... .......... .......... .......... .......... 51% 4.36M 0s
   350K .......... .......... .......... .......... .......... 59% 3.32M 0s
   400K .......... .......... .......... .......... .......... 66% 3.37M 0s
   450K .......... .......... .......... .......... .......... 74% 4.44M 0s
   500K .......... .......... .......... .......... .......... 81% 3.04M 0s
   550K .......... .......... .......... .......... .......... 89% 11.2M 0s
   600K .......... .......... .......... .......... .......... 96% 2.55M 0s
   650K .......... .......... ...                             100% 30.2M=0.2s

2018-05-16 14:17:48 (3.61 MB/s) - ‘../data/deliveryimages.acm.org/10.1145/3190000/3185995/images/www2018-4-fig8.jpg’ saved [690051/690051]

--2018-05-16 14:17:48--  http://deliveryimages.acm.org/10.1145/3190000/3185995/images/www2018-4-fig9.jpg
Connecting to deliveryimages.acm.org (deliveryimages.acm.org)|104.17.79.191|:80... connected.
HTTP request sent, awaiting response... 301 Moved Permanently
Location: https://deliveryimages.acm.org/10.1145/3190000/3185995/images/www2018-4-fig9.jpg [following]
--2018-05-16 14:17:49--  https://deliveryimages.acm.org/10.1145/3190000/3185995/images/www2018-4-fig9.jpg
Connecting to deliveryimages.acm.org (deliveryimages.acm.org)|104.17.79.191|:443... connected.
HTTP request sent, awaiting response... 200 OK
Length: 673762 (658K) [image/jpeg]
Saving to: ‘../data/deliveryimages.acm.org/10.1145/3190000/3185995/images/www2018-4-fig9.jpg’

     0K .......... .......... .......... .......... ..........  7% 1.26M 0s
    50K .......... .......... .......... .......... .......... 15% 4.35M 0s
   100K .......... .......... .......... .......... .......... 22% 3.61M 0s
   150K .......... .......... .......... .......... .......... 30% 4.50M 0s
   200K .......... .......... .......... .......... .......... 37% 2.95M 0s
   250K .......... .......... .......... .......... .......... 45% 5.55M 0s
   300K .......... .......... .......... .......... .......... 53% 2.30M 0s
   350K .......... .......... .......... .......... .......... 60% 4.70M 0s
   400K .......... .......... .......... .......... .......... 68% 7.32M 0s
   450K .......... .......... .......... .......... .......... 75% 4.50M 0s
   500K .......... .......... .......... .......... .......... 83% 3.06M 0s
   550K .......... .......... .......... .......... .......... 91% 6.81M 0s
   600K .......... .......... .......... .......... .......... 98% 3.38M 0s
   650K .......                                               100% 62.6M=0.2s

2018-05-16 14:17:49 (3.44 MB/s) - ‘../data/deliveryimages.acm.org/10.1145/3190000/3185995/images/www2018-4-fig9.jpg’ saved [673762/673762]

--2018-05-16 14:17:49--  http://deliveryimages.acm.org/10.1145/3190000/3185995/images/www2018-4-fig10.jpg
Connecting to deliveryimages.acm.org (deliveryimages.acm.org)|104.17.79.191|:80... connected.
HTTP request sent, awaiting response... 301 Moved Permanently
Location: https://deliveryimages.acm.org/10.1145/3190000/3185995/images/www2018-4-fig10.jpg [following]
--2018-05-16 14:17:49--  https://deliveryimages.acm.org/10.1145/3190000/3185995/images/www2018-4-fig10.jpg
Connecting to deliveryimages.acm.org (deliveryimages.acm.org)|104.17.79.191|:443... connected.
HTTP request sent, awaiting response... 200 OK
Length: 791734 (773K) [image/jpeg]
Saving to: ‘../data/deliveryimages.acm.org/10.1145/3190000/3185995/images/www2018-4-fig10.jpg’

     0K .......... .......... .......... .......... ..........  6% 1.58M 0s
    50K .......... .......... .......... .......... .......... 12% 2.65M 0s
   100K .......... .......... .......... .......... .......... 19% 3.29M 0s
   150K .......... .......... .......... .......... .......... 25% 7.89M 0s
   200K .......... .......... .......... .......... .......... 32% 2.76M 0s
   250K .......... .......... .......... .......... .......... 38% 5.08M 0s
   300K .......... .......... .......... .......... .......... 45% 4.02M 0s
   350K .......... .......... .......... .......... .......... 51% 4.30M 0s
   400K .......... .......... .......... .......... .......... 58% 4.49M 0s
   450K .......... .......... .......... .......... .......... 64% 3.72M 0s
   500K .......... .......... .......... .......... .......... 71% 3.41M 0s
   550K .......... .......... .......... .......... .......... 77% 4.53M 0s
   600K .......... .......... .......... .......... .......... 84% 4.15M 0s
   650K .......... .......... .......... .......... .......... 90% 5.54M 0s
   700K .......... .......... .......... .......... .......... 97% 4.51M 0s
   750K .......... .......... ...                             100% 2.67M=0.2s

2018-05-16 14:17:49 (3.59 MB/s) - ‘../data/deliveryimages.acm.org/10.1145/3190000/3185995/images/www2018-4-fig10.jpg’ saved [791734/791734]

--2018-05-16 14:17:49--  http://deliveryimages.acm.org/10.1145/3190000/3185995/images/www2018-4-fig11.jpg
Connecting to deliveryimages.acm.org (deliveryimages.acm.org)|104.17.79.191|:80... connected.
HTTP request sent, awaiting response... 301 Moved Permanently
Location: https://deliveryimages.acm.org/10.1145/3190000/3185995/images/www2018-4-fig11.jpg [following]
--2018-05-16 14:17:49--  https://deliveryimages.acm.org/10.1145/3190000/3185995/images/www2018-4-fig11.jpg
Connecting to deliveryimages.acm.org (deliveryimages.acm.org)|104.17.79.191|:443... connected.
HTTP request sent, awaiting response... 200 OK
Length: 1216044 (1.2M) [image/jpeg]
Saving to: ‘../data/deliveryimages.acm.org/10.1145/3190000/3185995/images/www2018-4-fig11.jpg’

     0K .......... .......... .......... .......... ..........  4% 1.74M 1s
    50K .......... .......... .......... .......... ..........  8% 3.12M 0s
   100K .......... .......... .......... .......... .......... 12% 2.55M 0s
   150K .......... .......... .......... .......... .......... 16% 6.12M 0s
   200K .......... .......... .......... .......... .......... 21% 3.61M 0s
   250K .......... .......... .......... .......... .......... 25% 3.93M 0s
   300K .......... .......... .......... .......... .......... 29% 1.35M 0s
   350K .......... .......... .......... .......... .......... 33%  116M 0s
   400K .......... .......... .......... .......... .......... 37% 4.33M 0s
   450K .......... .......... .......... .......... .......... 42% 11.2M 0s
   500K .......... .......... .......... .......... .......... 46% 10.8M 0s
   550K .......... .......... .......... .......... .......... 50% 1015K 0s
   600K .......... .......... .......... .......... .......... 54%  151M 0s
   650K .......... .......... .......... .......... .......... 58% 6.31M 0s
   700K .......... .......... .......... .......... .......... 63%  136M 0s
   750K .......... .......... .......... .......... .......... 67% 2.47M 0s
   800K .......... .......... .......... .......... .......... 71% 23.8M 0s
   850K .......... .......... .......... .......... .......... 75% 8.51M 0s
   900K .......... .......... .......... .......... .......... 79% 1.10M 0s
   950K .......... .......... .......... .......... .......... 84% 6.55M 0s
  1000K .......... .......... .......... .......... .......... 88% 17.7M 0s
  1050K .......... .......... .......... .......... .......... 92% 10.1M 0s
  1100K .......... .......... .......... .......... .......... 96% 7.00M 0s
  1150K .......... .......... .......... .......              100% 7.30M=0.3s

2018-05-16 14:17:50 (3.73 MB/s) - ‘../data/deliveryimages.acm.org/10.1145/3190000/3185995/images/www2018-4-fig11.jpg’ saved [1216044/1216044]

--2018-05-16 14:17:50--  http://deliveryimages.acm.org/10.1145/3190000/3185995/images/www2018-4-fig12.jpg
Connecting to deliveryimages.acm.org (deliveryimages.acm.org)|104.17.79.191|:80... connected.
HTTP request sent, awaiting response... 301 Moved Permanently
Location: https://deliveryimages.acm.org/10.1145/3190000/3185995/images/www2018-4-fig12.jpg [following]
--2018-05-16 14:17:50--  https://deliveryimages.acm.org/10.1145/3190000/3185995/images/www2018-4-fig12.jpg
Connecting to deliveryimages.acm.org (deliveryimages.acm.org)|104.17.79.191|:443... connected.
HTTP request sent, awaiting response... 200 OK
Length: 825324 (806K) [image/jpeg]
Saving to: ‘../data/deliveryimages.acm.org/10.1145/3190000/3185995/images/www2018-4-fig12.jpg’

     0K .......... .......... .......... .......... ..........  6% 1.10M 1s
    50K .......... .......... .......... .......... .......... 12% 2.97M 0s
   100K .......... .......... .......... .......... .......... 18% 1.48M 0s
   150K .......... .......... .......... .......... .......... 24% 2.59M 0s
   200K .......... .......... .......... .......... .......... 31% 75.4M 0s
   250K .......... .......... .......... .......... .......... 37% 3.69M 0s
   300K .......... .......... .......... .......... .......... 43% 3.24M 0s
   350K .......... .......... .......... .......... .......... 49% 1.78M 0s
   400K .......... .......... .......... .......... .......... 55%  106M 0s
   450K .......... .......... .......... .......... .......... 62% 2.26M 0s
   500K .......... .......... .......... .......... .......... 68% 4.52M 0s
   550K .......... .......... .......... .......... .......... 74% 1.57M 0s
   600K .......... .......... .......... .......... .......... 80% 4.34M 0s
   650K .......... .......... .......... .......... .......... 86% 3.09M 0s
   700K .......... .......... .......... .......... .......... 93% 6.24M 0s
   750K .......... .......... .......... .......... .......... 99% 64.7M 0s
   800K .....                                                 100% 11407G=0.3s

2018-05-16 14:17:50 (2.93 MB/s) - ‘../data/deliveryimages.acm.org/10.1145/3190000/3185995/images/www2018-4-fig12.jpg’ saved [825324/825324]

--2018-05-16 14:17:50--  http://deliveryimages.acm.org/10.1145/3190000/3185995/images/www2018-4-fig13.jpg
Connecting to deliveryimages.acm.org (deliveryimages.acm.org)|104.17.79.191|:80... connected.
HTTP request sent, awaiting response... 301 Moved Permanently
Location: https://deliveryimages.acm.org/10.1145/3190000/3185995/images/www2018-4-fig13.jpg [following]
--2018-05-16 14:17:51--  https://deliveryimages.acm.org/10.1145/3190000/3185995/images/www2018-4-fig13.jpg
Connecting to deliveryimages.acm.org (deliveryimages.acm.org)|104.17.79.191|:443... connected.
HTTP request sent, awaiting response... 200 OK
Length: 687658 (672K) [image/jpeg]
Saving to: ‘../data/deliveryimages.acm.org/10.1145/3190000/3185995/images/www2018-4-fig13.jpg’

     0K .......... .......... .......... .......... ..........  7% 1.08M 1s
    50K .......... .......... .......... .......... .......... 14% 1.78M 0s
   100K .......... .......... .......... .......... .......... 22% 2.30M 0s
   150K .......... .......... .......... .......... .......... 29% 2.83M 0s
   200K .......... .......... .......... .......... .......... 37% 3.52M 0s
   250K .......... .......... .......... .......... .......... 44% 4.48M 0s
   300K .......... .......... .......... .......... .......... 52% 3.91M 0s
   350K .......... .......... .......... .......... .......... 59% 3.43M 0s
   400K .......... .......... .......... .......... .......... 67% 4.11M 0s
   450K .......... .......... .......... .......... .......... 74% 4.15M 0s
   500K .......... .......... .......... .......... .......... 81% 2.72M 0s
   550K .......... .......... .......... .......... .......... 89% 6.91M 0s
   600K .......... .......... .......... .......... .......... 96% 3.54M 0s
   650K .......... .......... .                               100% 11.1M=0.2s

2018-05-16 14:17:51 (2.89 MB/s) - ‘../data/deliveryimages.acm.org/10.1145/3190000/3185995/images/www2018-4-fig13.jpg’ saved [687658/687658]

FINISHED --2018-05-16 14:17:51--
Total wall clock time: 9.0s
Downloaded: 15 files, 9.8M in 3.1s (3.12 MB/s)
Converting links in ../data/delivery.acm.org/10.1145/3190000/3185995/p177-wu.html?ip=24.48.71.56&id=3185995&acc=OPENTOC&key=4D4702B0C3E38B35.4D4702B0C3E38B35.4D4702B0C3E38B35.4DD68F0663C025AA&__acm__=1526494962_6fa80db622f0df1d08d05f0efb8c1d73... 83-0
Converted links in 1 files in 0.003 seconds.
