--2018-05-16 15:31:10--  http://delivery.acm.org/10.1145/3190000/3185953/p681-radanne.html?ip=24.48.71.56&id=3185953&acc=OPENTOC&key=4D4702B0C3E38B35%2E4D4702B0C3E38B35%2E4D4702B0C3E38B35%2E4DD68F0663C025AA&__acm__=1526499368_404d370706184f93e0ad2f9b78a0033a
Resolving delivery.acm.org (delivery.acm.org)... 24.200.120.90, 24.200.120.82
Connecting to delivery.acm.org (delivery.acm.org)|24.200.120.90|:80... connected.
HTTP request sent, awaiting response... 200 OK
Length: 84832 (83K) [text/html]
Saving to: ‘../data/delivery.acm.org/10.1145/3190000/3185953/p681-radanne.html?ip=24.48.71.56&id=3185953&acc=OPENTOC&key=4D4702B0C3E38B35.4D4702B0C3E38B35.4D4702B0C3E38B35.4DD68F0663C025AA&__acm__=1526499368_404d370706184f93e0ad2f9b78a0033a’

     0K .......... .......... .......... .......... .......... 60%  685K 0s
    50K .......... .......... .......... ..                   100% 1.10M=0.1s

2018-05-16 15:31:10 (810 KB/s) - ‘../data/delivery.acm.org/10.1145/3190000/3185953/p681-radanne.html?ip=24.48.71.56&id=3185953&acc=OPENTOC&key=4D4702B0C3E38B35.4D4702B0C3E38B35.4D4702B0C3E38B35.4DD68F0663C025AA&__acm__=1526499368_404d370706184f93e0ad2f9b78a0033a’ saved [84832/84832]

--2018-05-16 15:31:10--  http://deliveryimages.acm.org/10.1145/3190000/3185953/images/www18companion-14-graphic1.jpg
Resolving deliveryimages.acm.org (deliveryimages.acm.org)... 104.17.80.191, 104.17.79.191
Connecting to deliveryimages.acm.org (deliveryimages.acm.org)|104.17.80.191|:80... connected.
HTTP request sent, awaiting response... 301 Moved Permanently
Location: https://deliveryimages.acm.org/10.1145/3190000/3185953/images/www18companion-14-graphic1.jpg [following]
--2018-05-16 15:31:10--  https://deliveryimages.acm.org/10.1145/3190000/3185953/images/www18companion-14-graphic1.jpg
Connecting to deliveryimages.acm.org (deliveryimages.acm.org)|104.17.80.191|:443... connected.
HTTP request sent, awaiting response... 200 OK
Length: 9514 (9.3K) [image/jpeg]
Saving to: ‘../data/deliveryimages.acm.org/10.1145/3190000/3185953/images/www18companion-14-graphic1.jpg’

     0K .........                                             100% 31.1M=0s

2018-05-16 15:31:10 (31.1 MB/s) - ‘../data/deliveryimages.acm.org/10.1145/3190000/3185953/images/www18companion-14-graphic1.jpg’ saved [9514/9514]

--2018-05-16 15:31:10--  http://deliveryimages.acm.org/10.1145/3190000/3185953/images/www18companion-14-graphic2.jpg
Connecting to deliveryimages.acm.org (deliveryimages.acm.org)|104.17.80.191|:80... connected.
HTTP request sent, awaiting response... 301 Moved Permanently
Location: https://deliveryimages.acm.org/10.1145/3190000/3185953/images/www18companion-14-graphic2.jpg [following]
--2018-05-16 15:31:10--  https://deliveryimages.acm.org/10.1145/3190000/3185953/images/www18companion-14-graphic2.jpg
Connecting to deliveryimages.acm.org (deliveryimages.acm.org)|104.17.80.191|:443... connected.
HTTP request sent, awaiting response... 200 OK
Length: 11011 (11K) [image/jpeg]
Saving to: ‘../data/deliveryimages.acm.org/10.1145/3190000/3185953/images/www18companion-14-graphic2.jpg’

     0K ..........                                            100% 3.06M=0.003s

2018-05-16 15:31:11 (3.06 MB/s) - ‘../data/deliveryimages.acm.org/10.1145/3190000/3185953/images/www18companion-14-graphic2.jpg’ saved [11011/11011]

--2018-05-16 15:31:11--  http://deliveryimages.acm.org/10.1145/3190000/3185953/images/www18companion-14-graphic3.jpg
Connecting to deliveryimages.acm.org (deliveryimages.acm.org)|104.17.80.191|:80... connected.
HTTP request sent, awaiting response... 301 Moved Permanently
Location: https://deliveryimages.acm.org/10.1145/3190000/3185953/images/www18companion-14-graphic3.jpg [following]
--2018-05-16 15:31:11--  https://deliveryimages.acm.org/10.1145/3190000/3185953/images/www18companion-14-graphic3.jpg
Connecting to deliveryimages.acm.org (deliveryimages.acm.org)|104.17.80.191|:443... connected.
HTTP request sent, awaiting response... 200 OK
Length: 10554 (10K) [image/jpeg]
Saving to: ‘../data/deliveryimages.acm.org/10.1145/3190000/3185953/images/www18companion-14-graphic3.jpg’

     0K ..........                                            100% 8.15M=0.001s

2018-05-16 15:31:11 (8.15 MB/s) - ‘../data/deliveryimages.acm.org/10.1145/3190000/3185953/images/www18companion-14-graphic3.jpg’ saved [10554/10554]

--2018-05-16 15:31:11--  http://deliveryimages.acm.org/10.1145/3190000/3185953/images/www18companion-14-graphic4.jpg
Connecting to deliveryimages.acm.org (deliveryimages.acm.org)|104.17.80.191|:80... connected.
HTTP request sent, awaiting response... 301 Moved Permanently
Location: https://deliveryimages.acm.org/10.1145/3190000/3185953/images/www18companion-14-graphic4.jpg [following]
--2018-05-16 15:31:11--  https://deliveryimages.acm.org/10.1145/3190000/3185953/images/www18companion-14-graphic4.jpg
Connecting to deliveryimages.acm.org (deliveryimages.acm.org)|104.17.80.191|:443... connected.
HTTP request sent, awaiting response... 200 OK
Length: 26667 (26K) [image/jpeg]
Saving to: ‘../data/deliveryimages.acm.org/10.1145/3190000/3185953/images/www18companion-14-graphic4.jpg’

     0K .......... .......... ......                          100% 1.12M=0.02s

2018-05-16 15:31:11 (1.12 MB/s) - ‘../data/deliveryimages.acm.org/10.1145/3190000/3185953/images/www18companion-14-graphic4.jpg’ saved [26667/26667]

--2018-05-16 15:31:11--  http://deliveryimages.acm.org/10.1145/3190000/3185953/images/www18companion-14-graphic5.jpg
Connecting to deliveryimages.acm.org (deliveryimages.acm.org)|104.17.80.191|:80... connected.
HTTP request sent, awaiting response... 301 Moved Permanently
Location: https://deliveryimages.acm.org/10.1145/3190000/3185953/images/www18companion-14-graphic5.jpg [following]
--2018-05-16 15:31:11--  https://deliveryimages.acm.org/10.1145/3190000/3185953/images/www18companion-14-graphic5.jpg
Connecting to deliveryimages.acm.org (deliveryimages.acm.org)|104.17.80.191|:443... connected.
HTTP request sent, awaiting response... 200 OK
Length: 18747 (18K) [image/jpeg]
Saving to: ‘../data/deliveryimages.acm.org/10.1145/3190000/3185953/images/www18companion-14-graphic5.jpg’

     0K .......... ........                                   100% 1.33M=0.01s

2018-05-16 15:31:11 (1.33 MB/s) - ‘../data/deliveryimages.acm.org/10.1145/3190000/3185953/images/www18companion-14-graphic5.jpg’ saved [18747/18747]

--2018-05-16 15:31:11--  http://deliveryimages.acm.org/10.1145/3190000/3185953/images/www18companion-14-fig1.jpg
Connecting to deliveryimages.acm.org (deliveryimages.acm.org)|104.17.80.191|:80... connected.
HTTP request sent, awaiting response... 301 Moved Permanently
Location: https://deliveryimages.acm.org/10.1145/3190000/3185953/images/www18companion-14-fig1.jpg [following]
--2018-05-16 15:31:11--  https://deliveryimages.acm.org/10.1145/3190000/3185953/images/www18companion-14-fig1.jpg
Connecting to deliveryimages.acm.org (deliveryimages.acm.org)|104.17.80.191|:443... connected.
HTTP request sent, awaiting response... 200 OK
Length: 17385 (17K) [image/jpeg]
Saving to: ‘../data/deliveryimages.acm.org/10.1145/3190000/3185953/images/www18companion-14-fig1.jpg’

     0K .......... ......                                     100% 1.06M=0.02s

2018-05-16 15:31:12 (1.06 MB/s) - ‘../data/deliveryimages.acm.org/10.1145/3190000/3185953/images/www18companion-14-fig1.jpg’ saved [17385/17385]

--2018-05-16 15:31:12--  http://deliveryimages.acm.org/10.1145/3190000/3185953/images/www18companion-14-fig2.jpg
Connecting to deliveryimages.acm.org (deliveryimages.acm.org)|104.17.80.191|:80... connected.
HTTP request sent, awaiting response... 301 Moved Permanently
Location: https://deliveryimages.acm.org/10.1145/3190000/3185953/images/www18companion-14-fig2.jpg [following]
--2018-05-16 15:31:12--  https://deliveryimages.acm.org/10.1145/3190000/3185953/images/www18companion-14-fig2.jpg
Connecting to deliveryimages.acm.org (deliveryimages.acm.org)|104.17.80.191|:443... connected.
HTTP request sent, awaiting response... 200 OK
Length: 14052 (14K) [image/jpeg]
Saving to: ‘../data/deliveryimages.acm.org/10.1145/3190000/3185953/images/www18companion-14-fig2.jpg’

     0K .......... ...                                        100%  892K=0.02s

2018-05-16 15:31:12 (892 KB/s) - ‘../data/deliveryimages.acm.org/10.1145/3190000/3185953/images/www18companion-14-fig2.jpg’ saved [14052/14052]

--2018-05-16 15:31:12--  http://deliveryimages.acm.org/10.1145/3190000/3185953/images/www18companion-14-graphic8.jpg
Connecting to deliveryimages.acm.org (deliveryimages.acm.org)|104.17.80.191|:80... connected.
HTTP request sent, awaiting response... 301 Moved Permanently
Location: https://deliveryimages.acm.org/10.1145/3190000/3185953/images/www18companion-14-graphic8.jpg [following]
--2018-05-16 15:31:12--  https://deliveryimages.acm.org/10.1145/3190000/3185953/images/www18companion-14-graphic8.jpg
Connecting to deliveryimages.acm.org (deliveryimages.acm.org)|104.17.80.191|:443... connected.
HTTP request sent, awaiting response... 200 OK
Length: 7331 (7.2K) [image/jpeg]
Saving to: ‘../data/deliveryimages.acm.org/10.1145/3190000/3185953/images/www18companion-14-graphic8.jpg’

     0K .......                                               100% 6.95M=0.001s

2018-05-16 15:31:12 (6.95 MB/s) - ‘../data/deliveryimages.acm.org/10.1145/3190000/3185953/images/www18companion-14-graphic8.jpg’ saved [7331/7331]

--2018-05-16 15:31:12--  http://deliveryimages.acm.org/10.1145/3190000/3185953/images/www18companion-14-graphic9.jpg
Connecting to deliveryimages.acm.org (deliveryimages.acm.org)|104.17.80.191|:80... connected.
HTTP request sent, awaiting response... 301 Moved Permanently
Location: https://deliveryimages.acm.org/10.1145/3190000/3185953/images/www18companion-14-graphic9.jpg [following]
--2018-05-16 15:31:12--  https://deliveryimages.acm.org/10.1145/3190000/3185953/images/www18companion-14-graphic9.jpg
Connecting to deliveryimages.acm.org (deliveryimages.acm.org)|104.17.80.191|:443... connected.
HTTP request sent, awaiting response... 200 OK
Length: 9149 (8.9K) [image/jpeg]
Saving to: ‘../data/deliveryimages.acm.org/10.1145/3190000/3185953/images/www18companion-14-graphic9.jpg’

     0K ........                                              100% 3.76M=0.002s

2018-05-16 15:31:12 (3.76 MB/s) - ‘../data/deliveryimages.acm.org/10.1145/3190000/3185953/images/www18companion-14-graphic9.jpg’ saved [9149/9149]

--2018-05-16 15:31:12--  http://deliveryimages.acm.org/10.1145/3190000/3185953/images/www18companion-14-graphic10.jpg
Connecting to deliveryimages.acm.org (deliveryimages.acm.org)|104.17.80.191|:80... connected.
HTTP request sent, awaiting response... 301 Moved Permanently
Location: https://deliveryimages.acm.org/10.1145/3190000/3185953/images/www18companion-14-graphic10.jpg [following]
--2018-05-16 15:31:12--  https://deliveryimages.acm.org/10.1145/3190000/3185953/images/www18companion-14-graphic10.jpg
Connecting to deliveryimages.acm.org (deliveryimages.acm.org)|104.17.80.191|:443... connected.
HTTP request sent, awaiting response... 200 OK
Length: 9971 (9.7K) [image/jpeg]
Saving to: ‘../data/deliveryimages.acm.org/10.1145/3190000/3185953/images/www18companion-14-graphic10.jpg’

     0K .........                                             100% 2.39M=0.004s

2018-05-16 15:31:13 (2.39 MB/s) - ‘../data/deliveryimages.acm.org/10.1145/3190000/3185953/images/www18companion-14-graphic10.jpg’ saved [9971/9971]

--2018-05-16 15:31:13--  http://deliveryimages.acm.org/10.1145/3190000/3185953/images/www18companion-14-graphic11.jpg
Connecting to deliveryimages.acm.org (deliveryimages.acm.org)|104.17.80.191|:80... connected.
HTTP request sent, awaiting response... 301 Moved Permanently
Location: https://deliveryimages.acm.org/10.1145/3190000/3185953/images/www18companion-14-graphic11.jpg [following]
--2018-05-16 15:31:13--  https://deliveryimages.acm.org/10.1145/3190000/3185953/images/www18companion-14-graphic11.jpg
Connecting to deliveryimages.acm.org (deliveryimages.acm.org)|104.17.80.191|:443... connected.
HTTP request sent, awaiting response... 200 OK
Length: 14686 (14K) [image/jpeg]
Saving to: ‘../data/deliveryimages.acm.org/10.1145/3190000/3185953/images/www18companion-14-graphic11.jpg’

     0K .......... ....                                       100%  627K=0.02s

2018-05-16 15:31:13 (627 KB/s) - ‘../data/deliveryimages.acm.org/10.1145/3190000/3185953/images/www18companion-14-graphic11.jpg’ saved [14686/14686]

--2018-05-16 15:31:13--  http://deliveryimages.acm.org/10.1145/3190000/3185953/images/www18companion-14-fig3.jpg
Connecting to deliveryimages.acm.org (deliveryimages.acm.org)|104.17.80.191|:80... connected.
HTTP request sent, awaiting response... 301 Moved Permanently
Location: https://deliveryimages.acm.org/10.1145/3190000/3185953/images/www18companion-14-fig3.jpg [following]
--2018-05-16 15:31:13--  https://deliveryimages.acm.org/10.1145/3190000/3185953/images/www18companion-14-fig3.jpg
Connecting to deliveryimages.acm.org (deliveryimages.acm.org)|104.17.80.191|:443... connected.
HTTP request sent, awaiting response... 200 OK
Length: 47436 (46K) [image/jpeg]
Saving to: ‘../data/deliveryimages.acm.org/10.1145/3190000/3185953/images/www18companion-14-fig3.jpg’

     0K .......... .......... .......... .......... ......    100%  836K=0.06s

2018-05-16 15:31:13 (836 KB/s) - ‘../data/deliveryimages.acm.org/10.1145/3190000/3185953/images/www18companion-14-fig3.jpg’ saved [47436/47436]

--2018-05-16 15:31:13--  http://deliveryimages.acm.org/10.1145/3190000/3185953/images/www18companion-14-graphic13.jpg
Connecting to deliveryimages.acm.org (deliveryimages.acm.org)|104.17.80.191|:80... connected.
HTTP request sent, awaiting response... 301 Moved Permanently
Location: https://deliveryimages.acm.org/10.1145/3190000/3185953/images/www18companion-14-graphic13.jpg [following]
--2018-05-16 15:31:13--  https://deliveryimages.acm.org/10.1145/3190000/3185953/images/www18companion-14-graphic13.jpg
Connecting to deliveryimages.acm.org (deliveryimages.acm.org)|104.17.80.191|:443... connected.
HTTP request sent, awaiting response... 200 OK
Length: 15773 (15K) [image/jpeg]
Saving to: ‘../data/deliveryimages.acm.org/10.1145/3190000/3185953/images/www18companion-14-graphic13.jpg’

     0K .......... .....                                      100% 1.00M=0.02s

2018-05-16 15:31:13 (1.00 MB/s) - ‘../data/deliveryimages.acm.org/10.1145/3190000/3185953/images/www18companion-14-graphic13.jpg’ saved [15773/15773]

--2018-05-16 15:31:13--  http://deliveryimages.acm.org/10.1145/3190000/3185953/images/www18companion-14-graphic14.jpg
Connecting to deliveryimages.acm.org (deliveryimages.acm.org)|104.17.80.191|:80... connected.
HTTP request sent, awaiting response... 301 Moved Permanently
Location: https://deliveryimages.acm.org/10.1145/3190000/3185953/images/www18companion-14-graphic14.jpg [following]
--2018-05-16 15:31:14--  https://deliveryimages.acm.org/10.1145/3190000/3185953/images/www18companion-14-graphic14.jpg
Connecting to deliveryimages.acm.org (deliveryimages.acm.org)|104.17.80.191|:443... connected.
HTTP request sent, awaiting response... 200 OK
Length: 23769 (23K) [image/jpeg]
Saving to: ‘../data/deliveryimages.acm.org/10.1145/3190000/3185953/images/www18companion-14-graphic14.jpg’

     0K .......... .......... ...                             100% 1.45M=0.02s

2018-05-16 15:31:14 (1.45 MB/s) - ‘../data/deliveryimages.acm.org/10.1145/3190000/3185953/images/www18companion-14-graphic14.jpg’ saved [23769/23769]

--2018-05-16 15:31:14--  http://deliveryimages.acm.org/10.1145/3190000/3185953/images/www18companion-14-graphic15.jpg
Connecting to deliveryimages.acm.org (deliveryimages.acm.org)|104.17.80.191|:80... connected.
HTTP request sent, awaiting response... 301 Moved Permanently
Location: https://deliveryimages.acm.org/10.1145/3190000/3185953/images/www18companion-14-graphic15.jpg [following]
--2018-05-16 15:31:14--  https://deliveryimages.acm.org/10.1145/3190000/3185953/images/www18companion-14-graphic15.jpg
Connecting to deliveryimages.acm.org (deliveryimages.acm.org)|104.17.80.191|:443... connected.
HTTP request sent, awaiting response... 200 OK
Length: 13279 (13K) [image/jpeg]
Saving to: ‘../data/deliveryimages.acm.org/10.1145/3190000/3185953/images/www18companion-14-graphic15.jpg’

     0K .......... ..                                         100% 1.18M=0.01s

2018-05-16 15:31:14 (1.18 MB/s) - ‘../data/deliveryimages.acm.org/10.1145/3190000/3185953/images/www18companion-14-graphic15.jpg’ saved [13279/13279]

--2018-05-16 15:31:14--  http://deliveryimages.acm.org/10.1145/3190000/3185953/images/www18companion-14-graphic16.jpg
Connecting to deliveryimages.acm.org (deliveryimages.acm.org)|104.17.80.191|:80... connected.
HTTP request sent, awaiting response... 301 Moved Permanently
Location: https://deliveryimages.acm.org/10.1145/3190000/3185953/images/www18companion-14-graphic16.jpg [following]
--2018-05-16 15:31:14--  https://deliveryimages.acm.org/10.1145/3190000/3185953/images/www18companion-14-graphic16.jpg
Connecting to deliveryimages.acm.org (deliveryimages.acm.org)|104.17.80.191|:443... connected.
HTTP request sent, awaiting response... 200 OK
Length: 12437 (12K) [image/jpeg]
Saving to: ‘../data/deliveryimages.acm.org/10.1145/3190000/3185953/images/www18companion-14-graphic16.jpg’

     0K .......... ..                                         100% 2.10M=0.006s

2018-05-16 15:31:14 (2.10 MB/s) - ‘../data/deliveryimages.acm.org/10.1145/3190000/3185953/images/www18companion-14-graphic16.jpg’ saved [12437/12437]

--2018-05-16 15:31:14--  http://deliveryimages.acm.org/10.1145/3190000/3185953/images/www18companion-14-graphic17.jpg
Connecting to deliveryimages.acm.org (deliveryimages.acm.org)|104.17.80.191|:80... connected.
HTTP request sent, awaiting response... 301 Moved Permanently
Location: https://deliveryimages.acm.org/10.1145/3190000/3185953/images/www18companion-14-graphic17.jpg [following]
--2018-05-16 15:31:14--  https://deliveryimages.acm.org/10.1145/3190000/3185953/images/www18companion-14-graphic17.jpg
Connecting to deliveryimages.acm.org (deliveryimages.acm.org)|104.17.80.191|:443... connected.
HTTP request sent, awaiting response... 200 OK
Length: 18433 (18K) [image/jpeg]
Saving to: ‘../data/deliveryimages.acm.org/10.1145/3190000/3185953/images/www18companion-14-graphic17.jpg’

     0K .......... ........                                   100% 1.44M=0.01s

2018-05-16 15:31:14 (1.44 MB/s) - ‘../data/deliveryimages.acm.org/10.1145/3190000/3185953/images/www18companion-14-graphic17.jpg’ saved [18433/18433]

--2018-05-16 15:31:14--  http://deliveryimages.acm.org/10.1145/3190000/3185953/images/www18companion-14-fig4.jpg
Connecting to deliveryimages.acm.org (deliveryimages.acm.org)|104.17.80.191|:80... connected.
HTTP request sent, awaiting response... 301 Moved Permanently
Location: https://deliveryimages.acm.org/10.1145/3190000/3185953/images/www18companion-14-fig4.jpg [following]
--2018-05-16 15:31:15--  https://deliveryimages.acm.org/10.1145/3190000/3185953/images/www18companion-14-fig4.jpg
Connecting to deliveryimages.acm.org (deliveryimages.acm.org)|104.17.80.191|:443... connected.
HTTP request sent, awaiting response... 200 OK
Length: 18190 (18K) [image/jpeg]
Saving to: ‘../data/deliveryimages.acm.org/10.1145/3190000/3185953/images/www18companion-14-fig4.jpg’

     0K .......... .......                                    100%  986K=0.02s

2018-05-16 15:31:15 (986 KB/s) - ‘../data/deliveryimages.acm.org/10.1145/3190000/3185953/images/www18companion-14-fig4.jpg’ saved [18190/18190]

--2018-05-16 15:31:15--  http://deliveryimages.acm.org/10.1145/3190000/3185953/images/www18companion-14-graphic19.jpg
Connecting to deliveryimages.acm.org (deliveryimages.acm.org)|104.17.80.191|:80... connected.
HTTP request sent, awaiting response... 301 Moved Permanently
Location: https://deliveryimages.acm.org/10.1145/3190000/3185953/images/www18companion-14-graphic19.jpg [following]
--2018-05-16 15:31:15--  https://deliveryimages.acm.org/10.1145/3190000/3185953/images/www18companion-14-graphic19.jpg
Connecting to deliveryimages.acm.org (deliveryimages.acm.org)|104.17.80.191|:443... connected.
HTTP request sent, awaiting response... 200 OK
Length: 22727 (22K) [image/jpeg]
Saving to: ‘../data/deliveryimages.acm.org/10.1145/3190000/3185953/images/www18companion-14-graphic19.jpg’

     0K .......... .......... ..                              100% 1.46M=0.01s

2018-05-16 15:31:15 (1.46 MB/s) - ‘../data/deliveryimages.acm.org/10.1145/3190000/3185953/images/www18companion-14-graphic19.jpg’ saved [22727/22727]

--2018-05-16 15:31:15--  http://deliveryimages.acm.org/10.1145/3190000/3185953/images/www18companion-14-fig5.jpg
Connecting to deliveryimages.acm.org (deliveryimages.acm.org)|104.17.80.191|:80... connected.
HTTP request sent, awaiting response... 301 Moved Permanently
Location: https://deliveryimages.acm.org/10.1145/3190000/3185953/images/www18companion-14-fig5.jpg [following]
--2018-05-16 15:31:15--  https://deliveryimages.acm.org/10.1145/3190000/3185953/images/www18companion-14-fig5.jpg
Connecting to deliveryimages.acm.org (deliveryimages.acm.org)|104.17.80.191|:443... connected.
HTTP request sent, awaiting response... 200 OK
Length: 12996 (13K) [image/jpeg]
Saving to: ‘../data/deliveryimages.acm.org/10.1145/3190000/3185953/images/www18companion-14-fig5.jpg’

     0K .......... ..                                         100% 4.40M=0.003s

2018-05-16 15:31:15 (4.40 MB/s) - ‘../data/deliveryimages.acm.org/10.1145/3190000/3185953/images/www18companion-14-fig5.jpg’ saved [12996/12996]

--2018-05-16 15:31:15--  http://deliveryimages.acm.org/10.1145/3190000/3185953/images/www18companion-14-fig6.jpg
Connecting to deliveryimages.acm.org (deliveryimages.acm.org)|104.17.80.191|:80... connected.
HTTP request sent, awaiting response... 301 Moved Permanently
Location: https://deliveryimages.acm.org/10.1145/3190000/3185953/images/www18companion-14-fig6.jpg [following]
--2018-05-16 15:31:15--  https://deliveryimages.acm.org/10.1145/3190000/3185953/images/www18companion-14-fig6.jpg
Connecting to deliveryimages.acm.org (deliveryimages.acm.org)|104.17.80.191|:443... connected.
HTTP request sent, awaiting response... 200 OK
Length: 24626 (24K) [image/jpeg]
Saving to: ‘../data/deliveryimages.acm.org/10.1145/3190000/3185953/images/www18companion-14-fig6.jpg’

     0K .......... .......... ....                            100% 1.59M=0.01s

2018-05-16 15:31:15 (1.59 MB/s) - ‘../data/deliveryimages.acm.org/10.1145/3190000/3185953/images/www18companion-14-fig6.jpg’ saved [24626/24626]

--2018-05-16 15:31:15--  http://deliveryimages.acm.org/10.1145/3190000/3185953/images/www18companion-14-fig7.jpg
Connecting to deliveryimages.acm.org (deliveryimages.acm.org)|104.17.80.191|:80... connected.
HTTP request sent, awaiting response... 301 Moved Permanently
Location: https://deliveryimages.acm.org/10.1145/3190000/3185953/images/www18companion-14-fig7.jpg [following]
--2018-05-16 15:31:16--  https://deliveryimages.acm.org/10.1145/3190000/3185953/images/www18companion-14-fig7.jpg
Connecting to deliveryimages.acm.org (deliveryimages.acm.org)|104.17.80.191|:443... connected.
HTTP request sent, awaiting response... 200 OK
Length: 20714 (20K) [image/jpeg]
Saving to: ‘../data/deliveryimages.acm.org/10.1145/3190000/3185953/images/www18companion-14-fig7.jpg’

     0K .......... ..........                                 100% 1.35M=0.01s

2018-05-16 15:31:16 (1.35 MB/s) - ‘../data/deliveryimages.acm.org/10.1145/3190000/3185953/images/www18companion-14-fig7.jpg’ saved [20714/20714]

--2018-05-16 15:31:16--  http://deliveryimages.acm.org/10.1145/3190000/3185953/images/www18companion-14-fig8.jpg
Connecting to deliveryimages.acm.org (deliveryimages.acm.org)|104.17.80.191|:80... connected.
HTTP request sent, awaiting response... 301 Moved Permanently
Location: https://deliveryimages.acm.org/10.1145/3190000/3185953/images/www18companion-14-fig8.jpg [following]
--2018-05-16 15:31:16--  https://deliveryimages.acm.org/10.1145/3190000/3185953/images/www18companion-14-fig8.jpg
Connecting to deliveryimages.acm.org (deliveryimages.acm.org)|104.17.80.191|:443... connected.
HTTP request sent, awaiting response... 200 OK
Length: 36281 (35K) [image/jpeg]
Saving to: ‘../data/deliveryimages.acm.org/10.1145/3190000/3185953/images/www18companion-14-fig8.jpg’

     0K .......... .......... .......... .....                100% 1.24M=0.03s

2018-05-16 15:31:16 (1.24 MB/s) - ‘../data/deliveryimages.acm.org/10.1145/3190000/3185953/images/www18companion-14-fig8.jpg’ saved [36281/36281]

--2018-05-16 15:31:16--  http://deliveryimages.acm.org/10.1145/3190000/3185953/images/www18companion-14-fig9.jpg
Connecting to deliveryimages.acm.org (deliveryimages.acm.org)|104.17.80.191|:80... connected.
HTTP request sent, awaiting response... 301 Moved Permanently
Location: https://deliveryimages.acm.org/10.1145/3190000/3185953/images/www18companion-14-fig9.jpg [following]
--2018-05-16 15:31:16--  https://deliveryimages.acm.org/10.1145/3190000/3185953/images/www18companion-14-fig9.jpg
Connecting to deliveryimages.acm.org (deliveryimages.acm.org)|104.17.80.191|:443... connected.
HTTP request sent, awaiting response... 200 OK
Length: 59516 (58K) [image/jpeg]
Saving to: ‘../data/deliveryimages.acm.org/10.1145/3190000/3185953/images/www18companion-14-fig9.jpg’

     0K .......... .......... .......... .......... .......... 86% 1.56M 0s
    50K ........                                              100% 9.73M=0.03s

2018-05-16 15:31:16 (1.76 MB/s) - ‘../data/deliveryimages.acm.org/10.1145/3190000/3185953/images/www18companion-14-fig9.jpg’ saved [59516/59516]

--2018-05-16 15:31:16--  http://deliveryimages.acm.org/10.1145/3190000/3185953/images/www18companion-14-fig10.jpg
Connecting to deliveryimages.acm.org (deliveryimages.acm.org)|104.17.80.191|:80... connected.
HTTP request sent, awaiting response... 301 Moved Permanently
Location: https://deliveryimages.acm.org/10.1145/3190000/3185953/images/www18companion-14-fig10.jpg [following]
--2018-05-16 15:31:16--  https://deliveryimages.acm.org/10.1145/3190000/3185953/images/www18companion-14-fig10.jpg
Connecting to deliveryimages.acm.org (deliveryimages.acm.org)|104.17.80.191|:443... connected.
HTTP request sent, awaiting response... 200 OK
Length: 13307 (13K) [image/jpeg]
Saving to: ‘../data/deliveryimages.acm.org/10.1145/3190000/3185953/images/www18companion-14-fig10.jpg’

     0K .......... ..                                         100%  688K=0.02s

2018-05-16 15:31:17 (688 KB/s) - ‘../data/deliveryimages.acm.org/10.1145/3190000/3185953/images/www18companion-14-fig10.jpg’ saved [13307/13307]

--2018-05-16 15:31:17--  http://deliveryimages.acm.org/10.1145/3190000/3185953/images/www18companion-14-fig11.jpg
Connecting to deliveryimages.acm.org (deliveryimages.acm.org)|104.17.80.191|:80... connected.
HTTP request sent, awaiting response... 301 Moved Permanently
Location: https://deliveryimages.acm.org/10.1145/3190000/3185953/images/www18companion-14-fig11.jpg [following]
--2018-05-16 15:31:17--  https://deliveryimages.acm.org/10.1145/3190000/3185953/images/www18companion-14-fig11.jpg
Connecting to deliveryimages.acm.org (deliveryimages.acm.org)|104.17.80.191|:443... connected.
HTTP request sent, awaiting response... 200 OK
Length: 11851 (12K) [image/jpeg]
Saving to: ‘../data/deliveryimages.acm.org/10.1145/3190000/3185953/images/www18companion-14-fig11.jpg’

     0K .......... .                                          100% 1.93M=0.006s

2018-05-16 15:31:17 (1.93 MB/s) - ‘../data/deliveryimages.acm.org/10.1145/3190000/3185953/images/www18companion-14-fig11.jpg’ saved [11851/11851]

--2018-05-16 15:31:17--  http://deliveryimages.acm.org/10.1145/3190000/3185953/images/www18companion-14-fig12.jpg
Connecting to deliveryimages.acm.org (deliveryimages.acm.org)|104.17.80.191|:80... connected.
HTTP request sent, awaiting response... 301 Moved Permanently
Location: https://deliveryimages.acm.org/10.1145/3190000/3185953/images/www18companion-14-fig12.jpg [following]
--2018-05-16 15:31:17--  https://deliveryimages.acm.org/10.1145/3190000/3185953/images/www18companion-14-fig12.jpg
Connecting to deliveryimages.acm.org (deliveryimages.acm.org)|104.17.80.191|:443... connected.
HTTP request sent, awaiting response... 200 OK
Length: 8944 (8.7K) [image/jpeg]
Saving to: ‘../data/deliveryimages.acm.org/10.1145/3190000/3185953/images/www18companion-14-fig12.jpg’

     0K ........                                              100% 43.4M=0s

2018-05-16 15:31:17 (43.4 MB/s) - ‘../data/deliveryimages.acm.org/10.1145/3190000/3185953/images/www18companion-14-fig12.jpg’ saved [8944/8944]

--2018-05-16 15:31:17--  http://deliveryimages.acm.org/10.1145/3190000/3185953/images/www18companion-14-fig13.jpg
Connecting to deliveryimages.acm.org (deliveryimages.acm.org)|104.17.80.191|:80... connected.
HTTP request sent, awaiting response... 301 Moved Permanently
Location: https://deliveryimages.acm.org/10.1145/3190000/3185953/images/www18companion-14-fig13.jpg [following]
--2018-05-16 15:31:17--  https://deliveryimages.acm.org/10.1145/3190000/3185953/images/www18companion-14-fig13.jpg
Connecting to deliveryimages.acm.org (deliveryimages.acm.org)|104.17.80.191|:443... connected.
HTTP request sent, awaiting response... 200 OK
Length: 17997 (18K) [image/jpeg]
Saving to: ‘../data/deliveryimages.acm.org/10.1145/3190000/3185953/images/www18companion-14-fig13.jpg’

     0K .......... .......                                    100% 1.26M=0.01s

2018-05-16 15:31:17 (1.26 MB/s) - ‘../data/deliveryimages.acm.org/10.1145/3190000/3185953/images/www18companion-14-fig13.jpg’ saved [17997/17997]

FINISHED --2018-05-16 15:31:17--
Total wall clock time: 7.6s
Downloaded: 29 files, 598K in 0.5s (1.21 MB/s)
Converting links in ../data/delivery.acm.org/10.1145/3190000/3185953/p681-radanne.html?ip=24.48.71.56&id=3185953&acc=OPENTOC&key=4D4702B0C3E38B35.4D4702B0C3E38B35.4D4702B0C3E38B35.4DD68F0663C025AA&__acm__=1526499368_404d370706184f93e0ad2f9b78a0033a... 106-0
Converted links in 1 files in 0.003 seconds.
