--2018-05-16 15:15:42--  http://delivery.acm.org/10.1145/3200000/3191523/p945-dalmia.html?ip=24.48.71.56&id=3191523&acc=OPENTOC&key=4D4702B0C3E38B35%2E4D4702B0C3E38B35%2E4D4702B0C3E38B35%2E4DD68F0663C025AA&__acm__=1526498442_3bd3c81fbdfa19250b84ae953068d659
Resolving delivery.acm.org (delivery.acm.org)... 24.200.120.82, 24.200.120.90
Connecting to delivery.acm.org (delivery.acm.org)|24.200.120.82|:80... connected.
HTTP request sent, awaiting response... 200 OK
Length: 68191 (67K) [text/html]
Saving to: ‘../data/delivery.acm.org/10.1145/3200000/3191523/p945-dalmia.html?ip=24.48.71.56&id=3191523&acc=OPENTOC&key=4D4702B0C3E38B35.4D4702B0C3E38B35.4D4702B0C3E38B35.4DD68F0663C025AA&__acm__=1526498442_3bd3c81fbdfa19250b84ae953068d659’

     0K .......... .......... .......... .......... .......... 75% 1.40M 0s
    50K .......... ......                                     100% 3.15M=0.04s

2018-05-16 15:15:42 (1.62 MB/s) - ‘../data/delivery.acm.org/10.1145/3200000/3191523/p945-dalmia.html?ip=24.48.71.56&id=3191523&acc=OPENTOC&key=4D4702B0C3E38B35.4D4702B0C3E38B35.4D4702B0C3E38B35.4DD68F0663C025AA&__acm__=1526498442_3bd3c81fbdfa19250b84ae953068d659’ saved [68191/68191]

--2018-05-16 15:15:42--  http://deliveryimages.acm.org/10.1145/3200000/3191523/images/www18companion-262-fig1.jpg
Resolving deliveryimages.acm.org (deliveryimages.acm.org)... 104.17.79.191, 104.17.80.191
Connecting to deliveryimages.acm.org (deliveryimages.acm.org)|104.17.79.191|:80... connected.
HTTP request sent, awaiting response... 301 Moved Permanently
Location: https://deliveryimages.acm.org/10.1145/3200000/3191523/images/www18companion-262-fig1.jpg [following]
--2018-05-16 15:15:42--  https://deliveryimages.acm.org/10.1145/3200000/3191523/images/www18companion-262-fig1.jpg
Connecting to deliveryimages.acm.org (deliveryimages.acm.org)|104.17.79.191|:443... connected.
HTTP request sent, awaiting response... 200 OK
Length: 49882 (49K) [image/jpeg]
Saving to: ‘../data/deliveryimages.acm.org/10.1145/3200000/3191523/images/www18companion-262-fig1.jpg’

     0K .......... .......... .......... .......... ........  100% 1.29M=0.04s

2018-05-16 15:15:42 (1.29 MB/s) - ‘../data/deliveryimages.acm.org/10.1145/3200000/3191523/images/www18companion-262-fig1.jpg’ saved [49882/49882]

--2018-05-16 15:15:42--  http://deliveryimages.acm.org/10.1145/3200000/3191523/images/www18companion-262-fig2.jpg
Connecting to deliveryimages.acm.org (deliveryimages.acm.org)|104.17.79.191|:80... connected.
HTTP request sent, awaiting response... 301 Moved Permanently
Location: https://deliveryimages.acm.org/10.1145/3200000/3191523/images/www18companion-262-fig2.jpg [following]
--2018-05-16 15:15:42--  https://deliveryimages.acm.org/10.1145/3200000/3191523/images/www18companion-262-fig2.jpg
Connecting to deliveryimages.acm.org (deliveryimages.acm.org)|104.17.79.191|:443... connected.
HTTP request sent, awaiting response... 200 OK
Length: 202282 (198K) [image/jpeg]
Saving to: ‘../data/deliveryimages.acm.org/10.1145/3200000/3191523/images/www18companion-262-fig2.jpg’

     0K .......... .......... .......... .......... .......... 25%  564K 0s
    50K .......... .......... .......... .......... .......... 50% 1.30M 0s
   100K .......... .......... .......... .......... .......... 75% 2.22M 0s
   150K .......... .......... .......... .......... .......   100% 2.31M=0.2s

2018-05-16 15:15:43 (1.15 MB/s) - ‘../data/deliveryimages.acm.org/10.1145/3200000/3191523/images/www18companion-262-fig2.jpg’ saved [202282/202282]

--2018-05-16 15:15:43--  http://deliveryimages.acm.org/10.1145/3200000/3191523/images/www18companion-262-fig3.jpg
Connecting to deliveryimages.acm.org (deliveryimages.acm.org)|104.17.79.191|:80... connected.
HTTP request sent, awaiting response... 301 Moved Permanently
Location: https://deliveryimages.acm.org/10.1145/3200000/3191523/images/www18companion-262-fig3.jpg [following]
--2018-05-16 15:15:43--  https://deliveryimages.acm.org/10.1145/3200000/3191523/images/www18companion-262-fig3.jpg
Connecting to deliveryimages.acm.org (deliveryimages.acm.org)|104.17.79.191|:443... connected.
HTTP request sent, awaiting response... 200 OK
Length: 105633 (103K) [image/jpeg]
Saving to: ‘../data/deliveryimages.acm.org/10.1145/3200000/3191523/images/www18companion-262-fig3.jpg’

     0K .......... .......... .......... .......... .......... 48% 1.20M 0s
    50K .......... .......... .......... .......... .......... 96% 3.24M 0s
   100K ...                                                   100% 6022G=0.06s

2018-05-16 15:15:43 (1.81 MB/s) - ‘../data/deliveryimages.acm.org/10.1145/3200000/3191523/images/www18companion-262-fig3.jpg’ saved [105633/105633]

--2018-05-16 15:15:43--  http://deliveryimages.acm.org/10.1145/3200000/3191523/images/www18companion-262-graphic15.jpg
Connecting to deliveryimages.acm.org (deliveryimages.acm.org)|104.17.79.191|:80... connected.
HTTP request sent, awaiting response... 301 Moved Permanently
Location: https://deliveryimages.acm.org/10.1145/3200000/3191523/images/www18companion-262-graphic15.jpg [following]
--2018-05-16 15:15:43--  https://deliveryimages.acm.org/10.1145/3200000/3191523/images/www18companion-262-graphic15.jpg
Connecting to deliveryimages.acm.org (deliveryimages.acm.org)|104.17.79.191|:443... connected.
HTTP request sent, awaiting response... 200 OK
Length: 111157 (109K) [image/jpeg]
Saving to: ‘../data/deliveryimages.acm.org/10.1145/3200000/3191523/images/www18companion-262-graphic15.jpg’

     0K .......... .......... .......... .......... .......... 46% 1.19M 0s
    50K .......... .......... .......... .......... .......... 92%  910K 0s
   100K ........                                              100% 40.5M=0.1s

2018-05-16 15:15:43 (1.10 MB/s) - ‘../data/deliveryimages.acm.org/10.1145/3200000/3191523/images/www18companion-262-graphic15.jpg’ saved [111157/111157]

--2018-05-16 15:15:43--  http://deliveryimages.acm.org/10.1145/3200000/3191523/images/www18companion-262-graphic16.jpg
Connecting to deliveryimages.acm.org (deliveryimages.acm.org)|104.17.79.191|:80... connected.
HTTP request sent, awaiting response... 301 Moved Permanently
Location: https://deliveryimages.acm.org/10.1145/3200000/3191523/images/www18companion-262-graphic16.jpg [following]
--2018-05-16 15:15:43--  https://deliveryimages.acm.org/10.1145/3200000/3191523/images/www18companion-262-graphic16.jpg
Connecting to deliveryimages.acm.org (deliveryimages.acm.org)|104.17.79.191|:443... connected.
HTTP request sent, awaiting response... 200 OK
Length: 156111 (152K) [image/jpeg]
Saving to: ‘../data/deliveryimages.acm.org/10.1145/3200000/3191523/images/www18companion-262-graphic16.jpg’

     0K .......... .......... .......... .......... .......... 32%  905K 0s
    50K .......... .......... .......... .......... .......... 65% 1.20M 0s
   100K .......... .......... .......... .......... .......... 98% 9.74M 0s
   150K ..                                                    100% 28.5M=0.1s

2018-05-16 15:15:44 (1.47 MB/s) - ‘../data/deliveryimages.acm.org/10.1145/3200000/3191523/images/www18companion-262-graphic16.jpg’ saved [156111/156111]

--2018-05-16 15:15:44--  http://deliveryimages.acm.org/10.1145/3200000/3191523/images/www18companion-262-fig4.jpg
Connecting to deliveryimages.acm.org (deliveryimages.acm.org)|104.17.79.191|:80... connected.
HTTP request sent, awaiting response... 301 Moved Permanently
Location: https://deliveryimages.acm.org/10.1145/3200000/3191523/images/www18companion-262-fig4.jpg [following]
--2018-05-16 15:15:44--  https://deliveryimages.acm.org/10.1145/3200000/3191523/images/www18companion-262-fig4.jpg
Connecting to deliveryimages.acm.org (deliveryimages.acm.org)|104.17.79.191|:443... connected.
HTTP request sent, awaiting response... 200 OK
Length: 30592 (30K) [image/jpeg]
Saving to: ‘../data/deliveryimages.acm.org/10.1145/3200000/3191523/images/www18companion-262-fig4.jpg’

     0K .......... .......... .........                       100%  500K=0.06s

2018-05-16 15:15:44 (500 KB/s) - ‘../data/deliveryimages.acm.org/10.1145/3200000/3191523/images/www18companion-262-fig4.jpg’ saved [30592/30592]

--2018-05-16 15:15:44--  http://deliveryimages.acm.org/10.1145/3200000/3191523/images/www18companion-262-fig5.jpg
Connecting to deliveryimages.acm.org (deliveryimages.acm.org)|104.17.79.191|:80... connected.
HTTP request sent, awaiting response... 301 Moved Permanently
Location: https://deliveryimages.acm.org/10.1145/3200000/3191523/images/www18companion-262-fig5.jpg [following]
--2018-05-16 15:15:44--  https://deliveryimages.acm.org/10.1145/3200000/3191523/images/www18companion-262-fig5.jpg
Connecting to deliveryimages.acm.org (deliveryimages.acm.org)|104.17.79.191|:443... connected.
HTTP request sent, awaiting response... 200 OK
Length: 30595 (30K) [image/jpeg]
Saving to: ‘../data/deliveryimages.acm.org/10.1145/3200000/3191523/images/www18companion-262-fig5.jpg’

     0K .......... .......... .........                       100% 1.50M=0.02s

2018-05-16 15:15:44 (1.50 MB/s) - ‘../data/deliveryimages.acm.org/10.1145/3200000/3191523/images/www18companion-262-fig5.jpg’ saved [30595/30595]

--2018-05-16 15:15:44--  http://deliveryimages.acm.org/10.1145/3200000/3191523/images/www18companion-262-fig6.jpg
Connecting to deliveryimages.acm.org (deliveryimages.acm.org)|104.17.79.191|:80... connected.
HTTP request sent, awaiting response... 301 Moved Permanently
Location: https://deliveryimages.acm.org/10.1145/3200000/3191523/images/www18companion-262-fig6.jpg [following]
--2018-05-16 15:15:44--  https://deliveryimages.acm.org/10.1145/3200000/3191523/images/www18companion-262-fig6.jpg
Connecting to deliveryimages.acm.org (deliveryimages.acm.org)|104.17.79.191|:443... connected.
HTTP request sent, awaiting response... 200 OK
Length: 15886 (16K) [image/jpeg]
Saving to: ‘../data/deliveryimages.acm.org/10.1145/3200000/3191523/images/www18companion-262-fig6.jpg’

     0K .......... .....                                      100% 1004K=0.02s

2018-05-16 15:15:44 (1004 KB/s) - ‘../data/deliveryimages.acm.org/10.1145/3200000/3191523/images/www18companion-262-fig6.jpg’ saved [15886/15886]

FINISHED --2018-05-16 15:15:44--
Total wall clock time: 2.6s
Downloaded: 9 files, 752K in 0.6s (1.24 MB/s)
Converting links in ../data/delivery.acm.org/10.1145/3200000/3191523/p945-dalmia.html?ip=24.48.71.56&id=3191523&acc=OPENTOC&key=4D4702B0C3E38B35.4D4702B0C3E38B35.4D4702B0C3E38B35.4DD68F0663C025AA&__acm__=1526498442_3bd3c81fbdfa19250b84ae953068d659... 79-0
Converted links in 1 files in 0.001 seconds.
