--2018-05-16 15:09:40--  http://delivery.acm.org/10.1145/3200000/3192319/p1527-troullinou.pdf?ip=24.48.71.56&id=3192319&acc=OPENTOC&key=4D4702B0C3E38B35%2E4D4702B0C3E38B35%2E4D4702B0C3E38B35%2E4DD68F0663C025AA&__acm__=1526498080_14ebe9672ce257733c82eeaefd3873b8
Resolving delivery.acm.org (delivery.acm.org)... 24.200.120.90, 24.200.120.82
Connecting to delivery.acm.org (delivery.acm.org)|24.200.120.90|:80... connected.
HTTP request sent, awaiting response... 200 OK
Length: 1139503 (1.1M) [application/pdf]
Saving to: ‘../data/delivery.acm.org/10.1145/3200000/3192319/p1527-troullinou.pdf?ip=24.48.71.56&id=3192319&acc=OPENTOC&key=4D4702B0C3E38B35.4D4702B0C3E38B35.4D4702B0C3E38B35.4DD68F0663C025AA&__acm__=1526498080_14ebe9672ce257733c82eeaefd3873b8’

     0K .......... .......... .......... .......... ..........  4% 1.41M 1s
    50K .......... .......... .......... .......... ..........  8% 1.96M 1s
   100K .......... .......... .......... .......... .......... 13% 3.71M 0s
   150K .......... .......... .......... .......... .......... 17% 4.04M 0s
   200K .......... .......... .......... .......... .......... 22% 1.38M 0s
   250K .......... .......... .......... .......... .......... 26% 1.50M 0s
   300K .......... .......... .......... .......... .......... 31%  211K 1s
   350K .......... .......... .......... .......... .......... 35% 5.48M 1s
   400K .......... .......... .......... .......... .......... 40% 3.24M 1s
   450K .......... .......... .......... .......... .......... 44%  553K 1s
   500K .......... .......... .......... .......... .......... 49% 4.07M 1s
   550K .......... .......... .......... .......... .......... 53% 3.73M 0s
   600K .......... .......... .......... .......... .......... 58% 3.39M 0s
   650K .......... .......... .......... .......... .......... 62%  938K 0s
   700K .......... .......... .......... .......... .......... 67%  661K 0s
   750K .......... .......... .......... .......... .......... 71%  140K 0s
   800K .......... .......... .......... .......... .......... 76% 72.2K 1s
   850K .......... .......... .......... .......... .......... 80%  103K 1s
   900K .......... .......... .......... .......... .......... 85% 35.2K 1s
   950K .......... .......... .......... .......... .......... 89% 65.3K 0s
  1000K .......... .......... .......... .......... .......... 94% 39.9K 0s
  1050K .......... .......... .......... .......... .......... 98% 34.5K 0s
  1100K .......... ..                                         100% 17.7K=7.8s

2018-05-16 15:09:49 (142 KB/s) - ‘../data/delivery.acm.org/10.1145/3200000/3192319/p1527-troullinou.pdf?ip=24.48.71.56&id=3192319&acc=OPENTOC&key=4D4702B0C3E38B35.4D4702B0C3E38B35.4D4702B0C3E38B35.4DD68F0663C025AA&__acm__=1526498080_14ebe9672ce257733c82eeaefd3873b8’ saved [1139503/1139503]

FINISHED --2018-05-16 15:09:49--
Total wall clock time: 8.1s
Downloaded: 1 files, 1.1M in 7.8s (142 KB/s)
Converted links in 0 files in 0 seconds.
