--2018-05-16 15:29:15--  http://delivery.acm.org/10.1145/3190000/3186583/p663-zhang.html?ip=24.48.71.56&id=3186583&acc=OPENTOC&key=4D4702B0C3E38B35%2E4D4702B0C3E38B35%2E4D4702B0C3E38B35%2E4DD68F0663C025AA&__acm__=1526499255_7b7d59f3cd23e3b24839d780a7fb83ad
Resolving delivery.acm.org (delivery.acm.org)... 24.200.120.90, 24.200.120.82
Connecting to delivery.acm.org (delivery.acm.org)|24.200.120.90|:80... connected.
HTTP request sent, awaiting response... 200 OK
Length: 76186 (74K) [text/html]
Saving to: ‘../data/delivery.acm.org/10.1145/3190000/3186583/p663-zhang.html?ip=24.48.71.56&id=3186583&acc=OPENTOC&key=4D4702B0C3E38B35.4D4702B0C3E38B35.4D4702B0C3E38B35.4DD68F0663C025AA&__acm__=1526499255_7b7d59f3cd23e3b24839d780a7fb83ad’

     0K .......... .......... .......... .......... .......... 67% 2.04M 0s
    50K .......... .......... ....                            100% 8.65M=0.03s

2018-05-16 15:29:15 (2.72 MB/s) - ‘../data/delivery.acm.org/10.1145/3190000/3186583/p663-zhang.html?ip=24.48.71.56&id=3186583&acc=OPENTOC&key=4D4702B0C3E38B35.4D4702B0C3E38B35.4D4702B0C3E38B35.4DD68F0663C025AA&__acm__=1526499255_7b7d59f3cd23e3b24839d780a7fb83ad’ saved [76186/76186]

--2018-05-16 15:29:15--  http://deliveryimages.acm.org/10.1145/3190000/3186583/images/www18companion-137-fig1.jpg
Resolving deliveryimages.acm.org (deliveryimages.acm.org)... 104.17.80.191, 104.17.79.191
Connecting to deliveryimages.acm.org (deliveryimages.acm.org)|104.17.80.191|:80... connected.
HTTP request sent, awaiting response... 301 Moved Permanently
Location: https://deliveryimages.acm.org/10.1145/3190000/3186583/images/www18companion-137-fig1.jpg [following]
--2018-05-16 15:29:15--  https://deliveryimages.acm.org/10.1145/3190000/3186583/images/www18companion-137-fig1.jpg
Connecting to deliveryimages.acm.org (deliveryimages.acm.org)|104.17.80.191|:443... connected.
HTTP request sent, awaiting response... 200 OK
Length: 450639 (440K) [image/jpeg]
Saving to: ‘../data/deliveryimages.acm.org/10.1145/3190000/3186583/images/www18companion-137-fig1.jpg’

     0K .......... .......... .......... .......... .......... 11% 1.55M 0s
    50K .......... .......... .......... .......... .......... 22% 3.04M 0s
   100K .......... .......... .......... .......... .......... 34% 3.33M 0s
   150K .......... .......... .......... .......... .......... 45% 4.24M 0s
   200K .......... .......... .......... .......... .......... 56% 3.91M 0s
   250K .......... .......... .......... .......... .......... 68% 6.18M 0s
   300K .......... .......... .......... .......... .......... 79% 4.01M 0s
   350K .......... .......... .......... .......... .......... 90% 3.10M 0s
   400K .......... .......... .......... ..........           100% 5.74M=0.1s

2018-05-16 15:29:16 (3.34 MB/s) - ‘../data/deliveryimages.acm.org/10.1145/3190000/3186583/images/www18companion-137-fig1.jpg’ saved [450639/450639]

--2018-05-16 15:29:16--  http://deliveryimages.acm.org/10.1145/3190000/3186583/images/www18companion-137-fig2.jpg
Connecting to deliveryimages.acm.org (deliveryimages.acm.org)|104.17.80.191|:80... connected.
HTTP request sent, awaiting response... 301 Moved Permanently
Location: https://deliveryimages.acm.org/10.1145/3190000/3186583/images/www18companion-137-fig2.jpg [following]
--2018-05-16 15:29:16--  https://deliveryimages.acm.org/10.1145/3190000/3186583/images/www18companion-137-fig2.jpg
Connecting to deliveryimages.acm.org (deliveryimages.acm.org)|104.17.80.191|:443... connected.
HTTP request sent, awaiting response... 200 OK
Length: 216548 (211K) [image/jpeg]
Saving to: ‘../data/deliveryimages.acm.org/10.1145/3190000/3186583/images/www18companion-137-fig2.jpg’

     0K .......... .......... .......... .......... .......... 23% 1.55M 0s
    50K .......... .......... .......... .......... .......... 47% 2.73M 0s
   100K .......... .......... .......... .......... .......... 70% 3.40M 0s
   150K .......... .......... .......... .......... .......... 94% 5.32M 0s
   200K .......... .                                          100% 51.1M=0.07s

2018-05-16 15:29:16 (2.82 MB/s) - ‘../data/deliveryimages.acm.org/10.1145/3190000/3186583/images/www18companion-137-fig2.jpg’ saved [216548/216548]

--2018-05-16 15:29:16--  http://deliveryimages.acm.org/10.1145/3190000/3186583/images/www18companion-137-fig3.jpg
Connecting to deliveryimages.acm.org (deliveryimages.acm.org)|104.17.80.191|:80... connected.
HTTP request sent, awaiting response... 301 Moved Permanently
Location: https://deliveryimages.acm.org/10.1145/3190000/3186583/images/www18companion-137-fig3.jpg [following]
--2018-05-16 15:29:16--  https://deliveryimages.acm.org/10.1145/3190000/3186583/images/www18companion-137-fig3.jpg
Connecting to deliveryimages.acm.org (deliveryimages.acm.org)|104.17.80.191|:443... connected.
HTTP request sent, awaiting response... 200 OK
Length: 166373 (162K) [image/jpeg]
Saving to: ‘../data/deliveryimages.acm.org/10.1145/3190000/3186583/images/www18companion-137-fig3.jpg’

     0K .......... .......... .......... .......... .......... 30% 1.08M 0s
    50K .......... .......... .......... .......... .......... 61% 2.21M 0s
   100K .......... .......... .......... .......... .......... 92% 4.52M 0s
   150K .......... ..                                         100% 51.6M=0.08s

2018-05-16 15:29:16 (2.03 MB/s) - ‘../data/deliveryimages.acm.org/10.1145/3190000/3186583/images/www18companion-137-fig3.jpg’ saved [166373/166373]

--2018-05-16 15:29:16--  http://deliveryimages.acm.org/10.1145/3190000/3186583/images/www18companion-137-fig4.jpg
Connecting to deliveryimages.acm.org (deliveryimages.acm.org)|104.17.80.191|:80... connected.
HTTP request sent, awaiting response... 301 Moved Permanently
Location: https://deliveryimages.acm.org/10.1145/3190000/3186583/images/www18companion-137-fig4.jpg [following]
--2018-05-16 15:29:16--  https://deliveryimages.acm.org/10.1145/3190000/3186583/images/www18companion-137-fig4.jpg
Connecting to deliveryimages.acm.org (deliveryimages.acm.org)|104.17.80.191|:443... connected.
HTTP request sent, awaiting response... 200 OK
Length: 472333 (461K) [image/jpeg]
Saving to: ‘../data/deliveryimages.acm.org/10.1145/3190000/3186583/images/www18companion-137-fig4.jpg’

     0K .......... .......... .......... .......... .......... 10% 1.08M 0s
    50K .......... .......... .......... .......... .......... 21% 4.08M 0s
   100K .......... .......... .......... .......... .......... 32% 3.02M 0s
   150K .......... .......... .......... .......... .......... 43% 6.47M 0s
   200K .......... .......... .......... .......... .......... 54% 3.93M 0s
   250K .......... .......... .......... .......... .......... 65% 4.29M 0s
   300K .......... .......... .......... .......... .......... 75% 3.41M 0s
   350K .......... .......... .......... .......... .......... 86% 3.75M 0s
   400K .......... .......... .......... .......... .......... 97% 4.70M 0s
   450K .......... .                                          100%  167M=0.1s

2018-05-16 15:29:17 (3.17 MB/s) - ‘../data/deliveryimages.acm.org/10.1145/3190000/3186583/images/www18companion-137-fig4.jpg’ saved [472333/472333]

--2018-05-16 15:29:17--  http://deliveryimages.acm.org/10.1145/3190000/3186583/images/www18companion-137-fig5.jpg
Connecting to deliveryimages.acm.org (deliveryimages.acm.org)|104.17.80.191|:80... connected.
HTTP request sent, awaiting response... 301 Moved Permanently
Location: https://deliveryimages.acm.org/10.1145/3190000/3186583/images/www18companion-137-fig5.jpg [following]
--2018-05-16 15:29:17--  https://deliveryimages.acm.org/10.1145/3190000/3186583/images/www18companion-137-fig5.jpg
Connecting to deliveryimages.acm.org (deliveryimages.acm.org)|104.17.80.191|:443... connected.
HTTP request sent, awaiting response... 200 OK
Length: 387807 (379K) [image/jpeg]
Saving to: ‘../data/deliveryimages.acm.org/10.1145/3190000/3186583/images/www18companion-137-fig5.jpg’

     0K .......... .......... .......... .......... .......... 13% 1.63M 0s
    50K .......... .......... .......... .......... .......... 26% 2.90M 0s
   100K .......... .......... .......... .......... .......... 39% 3.99M 0s
   150K .......... .......... .......... .......... .......... 52% 3.33M 0s
   200K .......... .......... .......... .......... .......... 66% 4.63M 0s
   250K .......... .......... .......... .......... .......... 79% 2.67M 0s
   300K .......... .......... .......... .......... .......... 92% 5.67M 0s
   350K .......... .......... ........                        100% 5.50M=0.1s

2018-05-16 15:29:18 (3.18 MB/s) - ‘../data/deliveryimages.acm.org/10.1145/3190000/3186583/images/www18companion-137-fig5.jpg’ saved [387807/387807]

--2018-05-16 15:29:18--  http://deliveryimages.acm.org/10.1145/3190000/3186583/images/www18companion-137-fig6.jpg
Connecting to deliveryimages.acm.org (deliveryimages.acm.org)|104.17.80.191|:80... connected.
HTTP request sent, awaiting response... 301 Moved Permanently
Location: https://deliveryimages.acm.org/10.1145/3190000/3186583/images/www18companion-137-fig6.jpg [following]
--2018-05-16 15:29:18--  https://deliveryimages.acm.org/10.1145/3190000/3186583/images/www18companion-137-fig6.jpg
Connecting to deliveryimages.acm.org (deliveryimages.acm.org)|104.17.80.191|:443... connected.
HTTP request sent, awaiting response... 200 OK
Length: 113507 (111K) [image/jpeg]
Saving to: ‘../data/deliveryimages.acm.org/10.1145/3190000/3186583/images/www18companion-137-fig6.jpg’

     0K .......... .......... .......... .......... .......... 45% 1.20M 0s
    50K .......... .......... .......... .......... .......... 90% 2.69M 0s
   100K ..........                                            100% 11.6M=0.06s

2018-05-16 15:29:18 (1.82 MB/s) - ‘../data/deliveryimages.acm.org/10.1145/3190000/3186583/images/www18companion-137-fig6.jpg’ saved [113507/113507]

--2018-05-16 15:29:18--  http://deliveryimages.acm.org/10.1145/3190000/3186583/images/www18companion-137-fig7.jpg
Connecting to deliveryimages.acm.org (deliveryimages.acm.org)|104.17.80.191|:80... connected.
HTTP request sent, awaiting response... 301 Moved Permanently
Location: https://deliveryimages.acm.org/10.1145/3190000/3186583/images/www18companion-137-fig7.jpg [following]
--2018-05-16 15:29:18--  https://deliveryimages.acm.org/10.1145/3190000/3186583/images/www18companion-137-fig7.jpg
Connecting to deliveryimages.acm.org (deliveryimages.acm.org)|104.17.80.191|:443... connected.
HTTP request sent, awaiting response... 200 OK
Length: 125511 (123K) [image/jpeg]
Saving to: ‘../data/deliveryimages.acm.org/10.1145/3190000/3186583/images/www18companion-137-fig7.jpg’

     0K .......... .......... .......... .......... .......... 40% 1.59M 0s
    50K .......... .......... .......... .......... .......... 81% 4.57M 0s
   100K .......... .......... ..                              100% 3.07M=0.05s

2018-05-16 15:29:18 (2.47 MB/s) - ‘../data/deliveryimages.acm.org/10.1145/3190000/3186583/images/www18companion-137-fig7.jpg’ saved [125511/125511]

FINISHED --2018-05-16 15:29:18--
Total wall clock time: 3.3s
Downloaded: 8 files, 1.9M in 0.7s (2.84 MB/s)
Converting links in ../data/delivery.acm.org/10.1145/3190000/3186583/p663-zhang.html?ip=24.48.71.56&id=3186583&acc=OPENTOC&key=4D4702B0C3E38B35.4D4702B0C3E38B35.4D4702B0C3E38B35.4DD68F0663C025AA&__acm__=1526499255_7b7d59f3cd23e3b24839d780a7fb83ad... 67-1
Converted links in 1 files in 0.003 seconds.
