--2018-05-16 15:10:15--  http://delivery.acm.org/10.1145/3200000/3191617/p1599-david.html?ip=24.48.71.56&id=3191617&acc=OPENTOC&key=4D4702B0C3E38B35%2E4D4702B0C3E38B35%2E4D4702B0C3E38B35%2E4DD68F0663C025AA&__acm__=1526498115_52e6877f6ada9dc65f33e1d140e14cbe
Resolving delivery.acm.org (delivery.acm.org)... 24.200.120.82, 24.200.120.90
Connecting to delivery.acm.org (delivery.acm.org)|24.200.120.82|:80... connected.
HTTP request sent, awaiting response... 200 OK
Length: 38125 (37K) [text/html]
Saving to: ‘../data/delivery.acm.org/10.1145/3200000/3191617/p1599-david.html?ip=24.48.71.56&id=3191617&acc=OPENTOC&key=4D4702B0C3E38B35.4D4702B0C3E38B35.4D4702B0C3E38B35.4DD68F0663C025AA&__acm__=1526498115_52e6877f6ada9dc65f33e1d140e14cbe’

     0K .......... .......... .......... .......              100%  809K=0.05s

2018-05-16 15:10:16 (809 KB/s) - ‘../data/delivery.acm.org/10.1145/3200000/3191617/p1599-david.html?ip=24.48.71.56&id=3191617&acc=OPENTOC&key=4D4702B0C3E38B35.4D4702B0C3E38B35.4D4702B0C3E38B35.4DD68F0663C025AA&__acm__=1526498115_52e6877f6ada9dc65f33e1d140e14cbe’ saved [38125/38125]

--2018-05-16 15:10:16--  http://deliveryimages.acm.org/10.1145/3200000/3191617/images/www18companion-356-fig1.jpg
Resolving deliveryimages.acm.org (deliveryimages.acm.org)... 104.17.79.191, 104.17.80.191
Connecting to deliveryimages.acm.org (deliveryimages.acm.org)|104.17.79.191|:80... connected.
HTTP request sent, awaiting response... 301 Moved Permanently
Location: https://deliveryimages.acm.org/10.1145/3200000/3191617/images/www18companion-356-fig1.jpg [following]
--2018-05-16 15:10:16--  https://deliveryimages.acm.org/10.1145/3200000/3191617/images/www18companion-356-fig1.jpg
Connecting to deliveryimages.acm.org (deliveryimages.acm.org)|104.17.79.191|:443... connected.
HTTP request sent, awaiting response... 200 OK
Length: 35650 (35K) [image/jpeg]
Saving to: ‘../data/deliveryimages.acm.org/10.1145/3200000/3191617/images/www18companion-356-fig1.jpg’

     0K .......... .......... .......... ....                 100% 1.53M=0.02s

2018-05-16 15:10:16 (1.53 MB/s) - ‘../data/deliveryimages.acm.org/10.1145/3200000/3191617/images/www18companion-356-fig1.jpg’ saved [35650/35650]

--2018-05-16 15:10:16--  http://deliveryimages.acm.org/10.1145/3200000/3191617/images/www18companion-356-graphic2.jpg
Connecting to deliveryimages.acm.org (deliveryimages.acm.org)|104.17.79.191|:80... connected.
HTTP request sent, awaiting response... 301 Moved Permanently
Location: https://deliveryimages.acm.org/10.1145/3200000/3191617/images/www18companion-356-graphic2.jpg [following]
--2018-05-16 15:10:16--  https://deliveryimages.acm.org/10.1145/3200000/3191617/images/www18companion-356-graphic2.jpg
Connecting to deliveryimages.acm.org (deliveryimages.acm.org)|104.17.79.191|:443... connected.
HTTP request sent, awaiting response... 200 OK
Length: 116130 (113K) [image/jpeg]
Saving to: ‘../data/deliveryimages.acm.org/10.1145/3200000/3191617/images/www18companion-356-graphic2.jpg’

     0K .......... .......... .......... .......... .......... 44% 1.61M 0s
    50K .......... .......... .......... .......... .......... 88% 6.98M 0s
   100K .......... ...                                        100% 4.42M=0.04s

2018-05-16 15:10:17 (2.75 MB/s) - ‘../data/deliveryimages.acm.org/10.1145/3200000/3191617/images/www18companion-356-graphic2.jpg’ saved [116130/116130]

--2018-05-16 15:10:17--  http://deliveryimages.acm.org/10.1145/3200000/3191617/images/www18companion-356-graphic3.jpg
Connecting to deliveryimages.acm.org (deliveryimages.acm.org)|104.17.79.191|:80... connected.
HTTP request sent, awaiting response... 301 Moved Permanently
Location: https://deliveryimages.acm.org/10.1145/3200000/3191617/images/www18companion-356-graphic3.jpg [following]
--2018-05-16 15:10:17--  https://deliveryimages.acm.org/10.1145/3200000/3191617/images/www18companion-356-graphic3.jpg
Connecting to deliveryimages.acm.org (deliveryimages.acm.org)|104.17.79.191|:443... connected.
HTTP request sent, awaiting response... 200 OK
Length: 99770 (97K) [image/jpeg]
Saving to: ‘../data/deliveryimages.acm.org/10.1145/3200000/3191617/images/www18companion-356-graphic3.jpg’

     0K .......... .......... .......... .......... .......... 51%  871K 0s
    50K .......... .......... .......... .......... .......   100% 1.52M=0.09s

2018-05-16 15:10:17 (1.08 MB/s) - ‘../data/deliveryimages.acm.org/10.1145/3200000/3191617/images/www18companion-356-graphic3.jpg’ saved [99770/99770]

--2018-05-16 15:10:17--  http://deliveryimages.acm.org/10.1145/3200000/3191617/images/www18companion-356-fig2.jpg
Connecting to deliveryimages.acm.org (deliveryimages.acm.org)|104.17.79.191|:80... connected.
HTTP request sent, awaiting response... 301 Moved Permanently
Location: https://deliveryimages.acm.org/10.1145/3200000/3191617/images/www18companion-356-fig2.jpg [following]
--2018-05-16 15:10:17--  https://deliveryimages.acm.org/10.1145/3200000/3191617/images/www18companion-356-fig2.jpg
Connecting to deliveryimages.acm.org (deliveryimages.acm.org)|104.17.79.191|:443... connected.
HTTP request sent, awaiting response... 200 OK
Length: 25957 (25K) [image/jpeg]
Saving to: ‘../data/deliveryimages.acm.org/10.1145/3200000/3191617/images/www18companion-356-fig2.jpg’

     0K .......... .......... .....                           100% 1.42M=0.02s

2018-05-16 15:10:17 (1.42 MB/s) - ‘../data/deliveryimages.acm.org/10.1145/3200000/3191617/images/www18companion-356-fig2.jpg’ saved [25957/25957]

--2018-05-16 15:10:17--  http://deliveryimages.acm.org/10.1145/3200000/3191617/images/www18companion-356-fig3.jpg
Connecting to deliveryimages.acm.org (deliveryimages.acm.org)|104.17.79.191|:80... connected.
HTTP request sent, awaiting response... 301 Moved Permanently
Location: https://deliveryimages.acm.org/10.1145/3200000/3191617/images/www18companion-356-fig3.jpg [following]
--2018-05-16 15:10:17--  https://deliveryimages.acm.org/10.1145/3200000/3191617/images/www18companion-356-fig3.jpg
Connecting to deliveryimages.acm.org (deliveryimages.acm.org)|104.17.79.191|:443... connected.
HTTP request sent, awaiting response... 200 OK
Length: 25177 (25K) [image/jpeg]
Saving to: ‘../data/deliveryimages.acm.org/10.1145/3200000/3191617/images/www18companion-356-fig3.jpg’

     0K .......... .......... ....                            100% 1.45M=0.02s

2018-05-16 15:10:18 (1.45 MB/s) - ‘../data/deliveryimages.acm.org/10.1145/3200000/3191617/images/www18companion-356-fig3.jpg’ saved [25177/25177]

--2018-05-16 15:10:18--  http://deliveryimages.acm.org/10.1145/3200000/3191617/images/www18companion-356-fig4.jpg
Connecting to deliveryimages.acm.org (deliveryimages.acm.org)|104.17.79.191|:80... connected.
HTTP request sent, awaiting response... 301 Moved Permanently
Location: https://deliveryimages.acm.org/10.1145/3200000/3191617/images/www18companion-356-fig4.jpg [following]
--2018-05-16 15:10:18--  https://deliveryimages.acm.org/10.1145/3200000/3191617/images/www18companion-356-fig4.jpg
Connecting to deliveryimages.acm.org (deliveryimages.acm.org)|104.17.79.191|:443... connected.
HTTP request sent, awaiting response... 200 OK
Length: 9293 (9.1K) [image/jpeg]
Saving to: ‘../data/deliveryimages.acm.org/10.1145/3200000/3191617/images/www18companion-356-fig4.jpg’

     0K .........                                             100% 4.43M=0.002s

2018-05-16 15:10:18 (4.43 MB/s) - ‘../data/deliveryimages.acm.org/10.1145/3200000/3191617/images/www18companion-356-fig4.jpg’ saved [9293/9293]

--2018-05-16 15:10:18--  http://deliveryimages.acm.org/10.1145/3200000/3191617/images/www18companion-356-fig5.jpg
Connecting to deliveryimages.acm.org (deliveryimages.acm.org)|104.17.79.191|:80... connected.
HTTP request sent, awaiting response... 301 Moved Permanently
Location: https://deliveryimages.acm.org/10.1145/3200000/3191617/images/www18companion-356-fig5.jpg [following]
--2018-05-16 15:10:18--  https://deliveryimages.acm.org/10.1145/3200000/3191617/images/www18companion-356-fig5.jpg
Connecting to deliveryimages.acm.org (deliveryimages.acm.org)|104.17.79.191|:443... connected.
HTTP request sent, awaiting response... 200 OK
Length: 18521 (18K) [image/jpeg]
Saving to: ‘../data/deliveryimages.acm.org/10.1145/3200000/3191617/images/www18companion-356-fig5.jpg’

     0K .......... ........                                   100% 1.36M=0.01s

2018-05-16 15:10:19 (1.36 MB/s) - ‘../data/deliveryimages.acm.org/10.1145/3200000/3191617/images/www18companion-356-fig5.jpg’ saved [18521/18521]

FINISHED --2018-05-16 15:10:19--
Total wall clock time: 3.5s
Downloaded: 8 files, 360K in 0.2s (1.43 MB/s)
Converting links in ../data/delivery.acm.org/10.1145/3200000/3191617/p1599-david.html?ip=24.48.71.56&id=3191617&acc=OPENTOC&key=4D4702B0C3E38B35.4D4702B0C3E38B35.4D4702B0C3E38B35.4DD68F0663C025AA&__acm__=1526498115_52e6877f6ada9dc65f33e1d140e14cbe... 51-0
Converted links in 1 files in 0.001 seconds.
