--2018-05-16 15:22:23--  http://delivery.acm.org/10.1145/3190000/3186353/p387-he.html?ip=24.48.71.56&id=3186353&acc=OPENTOC&key=4D4702B0C3E38B35%2E4D4702B0C3E38B35%2E4D4702B0C3E38B35%2E4DD68F0663C025AA&__acm__=1526498842_286233877a86901e10f9e6fd4b0d6c96
Resolving delivery.acm.org (delivery.acm.org)... 24.200.120.82, 24.200.120.90
Connecting to delivery.acm.org (delivery.acm.org)|24.200.120.82|:80... connected.
HTTP request sent, awaiting response... 200 OK
Length: 65554 (64K) [text/html]
Saving to: ‘../data/delivery.acm.org/10.1145/3190000/3186353/p387-he.html?ip=24.48.71.56&id=3186353&acc=OPENTOC&key=4D4702B0C3E38B35.4D4702B0C3E38B35.4D4702B0C3E38B35.4DD68F0663C025AA&__acm__=1526498842_286233877a86901e10f9e6fd4b0d6c96’

     0K .......... .......... .......... .......... .......... 78% 2.09M 0s
    50K .......... ....                                       100% 3.32M=0.03s

2018-05-16 15:22:23 (2.28 MB/s) - ‘../data/delivery.acm.org/10.1145/3190000/3186353/p387-he.html?ip=24.48.71.56&id=3186353&acc=OPENTOC&key=4D4702B0C3E38B35.4D4702B0C3E38B35.4D4702B0C3E38B35.4DD68F0663C025AA&__acm__=1526498842_286233877a86901e10f9e6fd4b0d6c96’ saved [65554/65554]

--2018-05-16 15:22:23--  http://deliveryimages.acm.org/10.1145/3190000/3186353/images/www18companion-115-fig1.jpg
Resolving deliveryimages.acm.org (deliveryimages.acm.org)... 104.17.80.191, 104.17.79.191
Connecting to deliveryimages.acm.org (deliveryimages.acm.org)|104.17.80.191|:80... connected.
HTTP request sent, awaiting response... 301 Moved Permanently
Location: https://deliveryimages.acm.org/10.1145/3190000/3186353/images/www18companion-115-fig1.jpg [following]
--2018-05-16 15:22:23--  https://deliveryimages.acm.org/10.1145/3190000/3186353/images/www18companion-115-fig1.jpg
Connecting to deliveryimages.acm.org (deliveryimages.acm.org)|104.17.80.191|:443... connected.
HTTP request sent, awaiting response... 200 OK
Length: 62512 (61K) [image/jpeg]
Saving to: ‘../data/deliveryimages.acm.org/10.1145/3190000/3186353/images/www18companion-115-fig1.jpg’

     0K .......... .......... .......... .......... .......... 81% 1.45M 0s
    50K .......... .                                          100% 4.21M=0.04s

2018-05-16 15:22:23 (1.65 MB/s) - ‘../data/deliveryimages.acm.org/10.1145/3190000/3186353/images/www18companion-115-fig1.jpg’ saved [62512/62512]

--2018-05-16 15:22:23--  http://deliveryimages.acm.org/10.1145/3190000/3186353/images/www18companion-115-fig2.jpg
Connecting to deliveryimages.acm.org (deliveryimages.acm.org)|104.17.80.191|:80... connected.
HTTP request sent, awaiting response... 301 Moved Permanently
Location: https://deliveryimages.acm.org/10.1145/3190000/3186353/images/www18companion-115-fig2.jpg [following]
--2018-05-16 15:22:23--  https://deliveryimages.acm.org/10.1145/3190000/3186353/images/www18companion-115-fig2.jpg
Connecting to deliveryimages.acm.org (deliveryimages.acm.org)|104.17.80.191|:443... connected.
HTTP request sent, awaiting response... 200 OK
Length: 323900 (316K) [image/jpeg]
Saving to: ‘../data/deliveryimages.acm.org/10.1145/3190000/3186353/images/www18companion-115-fig2.jpg’

     0K .......... .......... .......... .......... .......... 15% 1.40M 0s
    50K .......... .......... .......... .......... .......... 31% 3.97M 0s
   100K .......... .......... .......... .......... .......... 47% 2.61M 0s
   150K .......... .......... .......... .......... .......... 63% 2.46M 0s
   200K .......... .......... .......... .......... .......... 79% 4.46M 0s
   250K .......... .......... .......... .......... .......... 94% 8.34M 0s
   300K .......... ......                                     100% 9.06M=0.1s

2018-05-16 15:22:23 (2.96 MB/s) - ‘../data/deliveryimages.acm.org/10.1145/3190000/3186353/images/www18companion-115-fig2.jpg’ saved [323900/323900]

--2018-05-16 15:22:23--  http://deliveryimages.acm.org/10.1145/3190000/3186353/images/www18companion-115-fig3.jpg
Connecting to deliveryimages.acm.org (deliveryimages.acm.org)|104.17.80.191|:80... connected.
HTTP request sent, awaiting response... 301 Moved Permanently
Location: https://deliveryimages.acm.org/10.1145/3190000/3186353/images/www18companion-115-fig3.jpg [following]
--2018-05-16 15:22:23--  https://deliveryimages.acm.org/10.1145/3190000/3186353/images/www18companion-115-fig3.jpg
Connecting to deliveryimages.acm.org (deliveryimages.acm.org)|104.17.80.191|:443... connected.
HTTP request sent, awaiting response... 200 OK
Length: 46835 (46K) [image/jpeg]
Saving to: ‘../data/deliveryimages.acm.org/10.1145/3190000/3186353/images/www18companion-115-fig3.jpg’

     0K .......... .......... .......... .......... .....     100% 1.67M=0.03s

2018-05-16 15:22:24 (1.67 MB/s) - ‘../data/deliveryimages.acm.org/10.1145/3190000/3186353/images/www18companion-115-fig3.jpg’ saved [46835/46835]

--2018-05-16 15:22:24--  http://deliveryimages.acm.org/10.1145/3190000/3186353/images/www18companion-115-fig4.jpg
Connecting to deliveryimages.acm.org (deliveryimages.acm.org)|104.17.80.191|:80... connected.
HTTP request sent, awaiting response... 301 Moved Permanently
Location: https://deliveryimages.acm.org/10.1145/3190000/3186353/images/www18companion-115-fig4.jpg [following]
--2018-05-16 15:22:24--  https://deliveryimages.acm.org/10.1145/3190000/3186353/images/www18companion-115-fig4.jpg
Connecting to deliveryimages.acm.org (deliveryimages.acm.org)|104.17.80.191|:443... connected.
HTTP request sent, awaiting response... 200 OK
Length: 32798 (32K) [image/jpeg]
Saving to: ‘../data/deliveryimages.acm.org/10.1145/3190000/3186353/images/www18companion-115-fig4.jpg’

     0K .......... .......... .......... ..                   100% 1.39M=0.02s

2018-05-16 15:22:24 (1.39 MB/s) - ‘../data/deliveryimages.acm.org/10.1145/3190000/3186353/images/www18companion-115-fig4.jpg’ saved [32798/32798]

--2018-05-16 15:22:24--  http://deliveryimages.acm.org/10.1145/3190000/3186353/images/www18companion-115-fig5.jpg
Connecting to deliveryimages.acm.org (deliveryimages.acm.org)|104.17.80.191|:80... connected.
HTTP request sent, awaiting response... 301 Moved Permanently
Location: https://deliveryimages.acm.org/10.1145/3190000/3186353/images/www18companion-115-fig5.jpg [following]
--2018-05-16 15:22:24--  https://deliveryimages.acm.org/10.1145/3190000/3186353/images/www18companion-115-fig5.jpg
Connecting to deliveryimages.acm.org (deliveryimages.acm.org)|104.17.80.191|:443... connected.
HTTP request sent, awaiting response... 200 OK
Length: 48144 (47K) [image/jpeg]
Saving to: ‘../data/deliveryimages.acm.org/10.1145/3190000/3186353/images/www18companion-115-fig5.jpg’

     0K .......... .......... .......... .......... .......   100% 1.54M=0.03s

2018-05-16 15:22:24 (1.54 MB/s) - ‘../data/deliveryimages.acm.org/10.1145/3190000/3186353/images/www18companion-115-fig5.jpg’ saved [48144/48144]

--2018-05-16 15:22:24--  http://deliveryimages.acm.org/10.1145/3190000/3186353/images/www18companion-115-fig6.jpg
Connecting to deliveryimages.acm.org (deliveryimages.acm.org)|104.17.80.191|:80... connected.
HTTP request sent, awaiting response... 301 Moved Permanently
Location: https://deliveryimages.acm.org/10.1145/3190000/3186353/images/www18companion-115-fig6.jpg [following]
--2018-05-16 15:22:25--  https://deliveryimages.acm.org/10.1145/3190000/3186353/images/www18companion-115-fig6.jpg
Connecting to deliveryimages.acm.org (deliveryimages.acm.org)|104.17.80.191|:443... connected.
HTTP request sent, awaiting response... 200 OK
Length: 37892 (37K) [image/jpeg]
Saving to: ‘../data/deliveryimages.acm.org/10.1145/3190000/3186353/images/www18companion-115-fig6.jpg’

     0K .......... .......... .......... .......              100% 1.03M=0.04s

2018-05-16 15:22:25 (1.03 MB/s) - ‘../data/deliveryimages.acm.org/10.1145/3190000/3186353/images/www18companion-115-fig6.jpg’ saved [37892/37892]

FINISHED --2018-05-16 15:22:25--
Total wall clock time: 2.2s
Downloaded: 7 files, 603K in 0.3s (2.09 MB/s)
Converting links in ../data/delivery.acm.org/10.1145/3190000/3186353/p387-he.html?ip=24.48.71.56&id=3186353&acc=OPENTOC&key=4D4702B0C3E38B35.4D4702B0C3E38B35.4D4702B0C3E38B35.4DD68F0663C025AA&__acm__=1526498842_286233877a86901e10f9e6fd4b0d6c96... 65-0
Converted links in 1 files in 0.003 seconds.
