--2018-05-16 14:58:37--  http://delivery.acm.org/10.1145/3200000/3191549/p1155-sun.html?ip=24.48.71.56&id=3191549&acc=OPENTOC&key=4D4702B0C3E38B35%2E4D4702B0C3E38B35%2E4D4702B0C3E38B35%2E4DD68F0663C025AA&__acm__=1526497416_965e0ce57f371b8abdd84b05783050a4
Resolving delivery.acm.org (delivery.acm.org)... 24.200.120.90, 24.200.120.82
Connecting to delivery.acm.org (delivery.acm.org)|24.200.120.90|:80... connected.
HTTP request sent, awaiting response... 200 OK
Length: 61560 (60K) [text/html]
Saving to: ‘../data/delivery.acm.org/10.1145/3200000/3191549/p1155-sun.html?ip=24.48.71.56&id=3191549&acc=OPENTOC&key=4D4702B0C3E38B35.4D4702B0C3E38B35.4D4702B0C3E38B35.4DD68F0663C025AA&__acm__=1526497416_965e0ce57f371b8abdd84b05783050a4’

     0K .......... .......... .......... .......... .......... 83% 2.42M 0s
    50K ..........                                            100% 3.26M=0.02s

2018-05-16 14:58:37 (2.53 MB/s) - ‘../data/delivery.acm.org/10.1145/3200000/3191549/p1155-sun.html?ip=24.48.71.56&id=3191549&acc=OPENTOC&key=4D4702B0C3E38B35.4D4702B0C3E38B35.4D4702B0C3E38B35.4DD68F0663C025AA&__acm__=1526497416_965e0ce57f371b8abdd84b05783050a4’ saved [61560/61560]

--2018-05-16 14:58:37--  http://deliveryimages.acm.org/10.1145/3200000/3191549/images/www18companion-288-fig1.jpg
Resolving deliveryimages.acm.org (deliveryimages.acm.org)... 104.17.80.191, 104.17.79.191
Connecting to deliveryimages.acm.org (deliveryimages.acm.org)|104.17.80.191|:80... connected.
HTTP request sent, awaiting response... 301 Moved Permanently
Location: https://deliveryimages.acm.org/10.1145/3200000/3191549/images/www18companion-288-fig1.jpg [following]
--2018-05-16 14:58:37--  https://deliveryimages.acm.org/10.1145/3200000/3191549/images/www18companion-288-fig1.jpg
Connecting to deliveryimages.acm.org (deliveryimages.acm.org)|104.17.80.191|:443... connected.
HTTP request sent, awaiting response... 200 OK
Length: 84515 (83K) [image/jpeg]
Saving to: ‘../data/deliveryimages.acm.org/10.1145/3200000/3191549/images/www18companion-288-fig1.jpg’

     0K .......... .......... .......... .......... .......... 60% 1.20M 0s
    50K .......... .......... .......... ..                   100% 2.45M=0.05s

2018-05-16 14:58:38 (1.50 MB/s) - ‘../data/deliveryimages.acm.org/10.1145/3200000/3191549/images/www18companion-288-fig1.jpg’ saved [84515/84515]

--2018-05-16 14:58:38--  http://deliveryimages.acm.org/10.1145/3200000/3191549/images/www18companion-288-fig2.jpg
Connecting to deliveryimages.acm.org (deliveryimages.acm.org)|104.17.80.191|:80... connected.
HTTP request sent, awaiting response... 301 Moved Permanently
Location: https://deliveryimages.acm.org/10.1145/3200000/3191549/images/www18companion-288-fig2.jpg [following]
--2018-05-16 14:58:38--  https://deliveryimages.acm.org/10.1145/3200000/3191549/images/www18companion-288-fig2.jpg
Connecting to deliveryimages.acm.org (deliveryimages.acm.org)|104.17.80.191|:443... connected.
HTTP request sent, awaiting response... 200 OK
Length: 82160 (80K) [image/jpeg]
Saving to: ‘../data/deliveryimages.acm.org/10.1145/3200000/3191549/images/www18companion-288-fig2.jpg’

     0K .......... .......... .......... .......... .......... 62% 1.21M 0s
    50K .......... .......... ..........                      100% 22.9M=0.04s

2018-05-16 14:58:38 (1.89 MB/s) - ‘../data/deliveryimages.acm.org/10.1145/3200000/3191549/images/www18companion-288-fig2.jpg’ saved [82160/82160]

--2018-05-16 14:58:38--  http://deliveryimages.acm.org/10.1145/3200000/3191549/images/www18companion-288-fig3.jpg
Connecting to deliveryimages.acm.org (deliveryimages.acm.org)|104.17.80.191|:80... connected.
HTTP request sent, awaiting response... 301 Moved Permanently
Location: https://deliveryimages.acm.org/10.1145/3200000/3191549/images/www18companion-288-fig3.jpg [following]
--2018-05-16 14:58:39--  https://deliveryimages.acm.org/10.1145/3200000/3191549/images/www18companion-288-fig3.jpg
Connecting to deliveryimages.acm.org (deliveryimages.acm.org)|104.17.80.191|:443... connected.
HTTP request sent, awaiting response... 200 OK
Length: 414383 (405K) [image/jpeg]
Saving to: ‘../data/deliveryimages.acm.org/10.1145/3200000/3191549/images/www18companion-288-fig3.jpg’

     0K .......... .......... .......... .......... .......... 12% 1.93M 0s
    50K .......... .......... .......... .......... .......... 24% 2.87M 0s
   100K .......... .......... .......... .......... .......... 37% 3.55M 0s
   150K .......... .......... .......... .......... .......... 49% 5.46M 0s
   200K .......... .......... .......... .......... .......... 61% 3.98M 0s
   250K .......... .......... .......... .......... .......... 74% 2.88M 0s
   300K .......... .......... .......... .......... .......... 86% 8.60M 0s
   350K .......... .......... .......... .......... .......... 98% 2.92M 0s
   400K ....                                                  100% 8909G=0.1s

2018-05-16 14:58:39 (3.39 MB/s) - ‘../data/deliveryimages.acm.org/10.1145/3200000/3191549/images/www18companion-288-fig3.jpg’ saved [414383/414383]

--2018-05-16 14:58:39--  http://deliveryimages.acm.org/10.1145/3200000/3191549/images/www18companion-288-fig4.jpg
Connecting to deliveryimages.acm.org (deliveryimages.acm.org)|104.17.80.191|:80... connected.
HTTP request sent, awaiting response... 301 Moved Permanently
Location: https://deliveryimages.acm.org/10.1145/3200000/3191549/images/www18companion-288-fig4.jpg [following]
--2018-05-16 14:58:39--  https://deliveryimages.acm.org/10.1145/3200000/3191549/images/www18companion-288-fig4.jpg
Connecting to deliveryimages.acm.org (deliveryimages.acm.org)|104.17.80.191|:443... connected.
HTTP request sent, awaiting response... 200 OK
Length: 55624 (54K) [image/jpeg]
Saving to: ‘../data/deliveryimages.acm.org/10.1145/3200000/3191549/images/www18companion-288-fig4.jpg’

     0K .......... .......... .......... .......... .......... 92% 1.43M 0s
    50K ....                                                  100% 27.1M=0.03s

2018-05-16 14:58:40 (1.55 MB/s) - ‘../data/deliveryimages.acm.org/10.1145/3200000/3191549/images/www18companion-288-fig4.jpg’ saved [55624/55624]

--2018-05-16 14:58:40--  http://deliveryimages.acm.org/10.1145/3200000/3191549/images/www18companion-288-fig5.jpg
Connecting to deliveryimages.acm.org (deliveryimages.acm.org)|104.17.80.191|:80... connected.
HTTP request sent, awaiting response... 301 Moved Permanently
Location: https://deliveryimages.acm.org/10.1145/3200000/3191549/images/www18companion-288-fig5.jpg [following]
--2018-05-16 14:58:40--  https://deliveryimages.acm.org/10.1145/3200000/3191549/images/www18companion-288-fig5.jpg
Connecting to deliveryimages.acm.org (deliveryimages.acm.org)|104.17.80.191|:443... connected.
HTTP request sent, awaiting response... 200 OK
Length: 42837 (42K) [image/jpeg]
Saving to: ‘../data/deliveryimages.acm.org/10.1145/3200000/3191549/images/www18companion-288-fig5.jpg’

     0K .......... .......... .......... .......... .         100% 1.70M=0.02s

2018-05-16 14:58:40 (1.70 MB/s) - ‘../data/deliveryimages.acm.org/10.1145/3200000/3191549/images/www18companion-288-fig5.jpg’ saved [42837/42837]

--2018-05-16 14:58:40--  http://deliveryimages.acm.org/10.1145/3200000/3191549/images/www18companion-288-fig6.jpg
Connecting to deliveryimages.acm.org (deliveryimages.acm.org)|104.17.80.191|:80... connected.
HTTP request sent, awaiting response... 301 Moved Permanently
Location: https://deliveryimages.acm.org/10.1145/3200000/3191549/images/www18companion-288-fig6.jpg [following]
--2018-05-16 14:58:40--  https://deliveryimages.acm.org/10.1145/3200000/3191549/images/www18companion-288-fig6.jpg
Connecting to deliveryimages.acm.org (deliveryimages.acm.org)|104.17.80.191|:443... connected.
HTTP request sent, awaiting response... 200 OK
Length: 40622 (40K) [image/jpeg]
Saving to: ‘../data/deliveryimages.acm.org/10.1145/3200000/3191549/images/www18companion-288-fig6.jpg’

     0K .......... .......... .......... .........            100% 1.96M=0.02s

2018-05-16 14:58:40 (1.96 MB/s) - ‘../data/deliveryimages.acm.org/10.1145/3200000/3191549/images/www18companion-288-fig6.jpg’ saved [40622/40622]

--2018-05-16 14:58:40--  http://deliveryimages.acm.org/10.1145/3200000/3191549/images/www18companion-288-fig7.jpg
Connecting to deliveryimages.acm.org (deliveryimages.acm.org)|104.17.80.191|:80... connected.
HTTP request sent, awaiting response... 301 Moved Permanently
Location: https://deliveryimages.acm.org/10.1145/3200000/3191549/images/www18companion-288-fig7.jpg [following]
--2018-05-16 14:58:40--  https://deliveryimages.acm.org/10.1145/3200000/3191549/images/www18companion-288-fig7.jpg
Connecting to deliveryimages.acm.org (deliveryimages.acm.org)|104.17.80.191|:443... connected.
HTTP request sent, awaiting response... 200 OK
Length: 104824 (102K) [image/jpeg]
Saving to: ‘../data/deliveryimages.acm.org/10.1145/3200000/3191549/images/www18companion-288-fig7.jpg’

     0K .......... .......... .......... .......... .......... 48% 1.13M 0s
    50K .......... .......... .......... .......... .......... 97% 3.43M 0s
   100K ..                                                    100% 4515G=0.06s

2018-05-16 14:58:41 (1.74 MB/s) - ‘../data/deliveryimages.acm.org/10.1145/3200000/3191549/images/www18companion-288-fig7.jpg’ saved [104824/104824]

FINISHED --2018-05-16 14:58:41--
Total wall clock time: 3.8s
Downloaded: 8 files, 866K in 0.4s (2.28 MB/s)
Converting links in ../data/delivery.acm.org/10.1145/3200000/3191549/p1155-sun.html?ip=24.48.71.56&id=3191549&acc=OPENTOC&key=4D4702B0C3E38B35.4D4702B0C3E38B35.4D4702B0C3E38B35.4DD68F0663C025AA&__acm__=1526497416_965e0ce57f371b8abdd84b05783050a4... 55-0
Converted links in 1 files in 0.002 seconds.
