--2018-05-16 14:19:23--  http://delivery.acm.org/10.1145/3190000/3186092/p257-miramirkhani.html?ip=24.48.71.56&id=3186092&acc=OPENTOC&key=4D4702B0C3E38B35%2E4D4702B0C3E38B35%2E4D4702B0C3E38B35%2E4DD68F0663C025AA&__acm__=1526495063_f4f41dcfd21ff8456c625198e6e73244
Resolving delivery.acm.org (delivery.acm.org)... 24.200.120.82, 24.200.120.90
Connecting to delivery.acm.org (delivery.acm.org)|24.200.120.82|:80... connected.
HTTP request sent, awaiting response... 200 OK
Length: 88921 (87K) [text/html]
Saving to: ‘../data/delivery.acm.org/10.1145/3190000/3186092/p257-miramirkhani.html?ip=24.48.71.56&id=3186092&acc=OPENTOC&key=4D4702B0C3E38B35.4D4702B0C3E38B35.4D4702B0C3E38B35.4DD68F0663C025AA&__acm__=1526495063_f4f41dcfd21ff8456c625198e6e73244’

     0K .......... .......... .......... .......... .......... 57% 2.11M 0s
    50K .......... .......... .......... ......               100% 3.00M=0.04s

2018-05-16 14:19:23 (2.41 MB/s) - ‘../data/delivery.acm.org/10.1145/3190000/3186092/p257-miramirkhani.html?ip=24.48.71.56&id=3186092&acc=OPENTOC&key=4D4702B0C3E38B35.4D4702B0C3E38B35.4D4702B0C3E38B35.4DD68F0663C025AA&__acm__=1526495063_f4f41dcfd21ff8456c625198e6e73244’ saved [88921/88921]

--2018-05-16 14:19:23--  http://deliveryimages.acm.org/10.1145/3190000/3186092/images/www2018-101-fig1.jpg
Resolving deliveryimages.acm.org (deliveryimages.acm.org)... 104.17.79.191, 104.17.80.191
Connecting to deliveryimages.acm.org (deliveryimages.acm.org)|104.17.79.191|:80... connected.
HTTP request sent, awaiting response... 301 Moved Permanently
Location: https://deliveryimages.acm.org/10.1145/3190000/3186092/images/www2018-101-fig1.jpg [following]
--2018-05-16 14:19:23--  https://deliveryimages.acm.org/10.1145/3190000/3186092/images/www2018-101-fig1.jpg
Connecting to deliveryimages.acm.org (deliveryimages.acm.org)|104.17.79.191|:443... connected.
HTTP request sent, awaiting response... 200 OK
Length: 845007 (825K) [image/jpeg]
Saving to: ‘../data/deliveryimages.acm.org/10.1145/3190000/3186092/images/www2018-101-fig1.jpg’

     0K .......... .......... .......... .......... ..........  6% 1.37M 1s
    50K .......... .......... .......... .......... .......... 12% 2.52M 0s
   100K .......... .......... .......... .......... .......... 18% 9.53M 0s
   150K .......... .......... .......... .......... .......... 24% 3.42M 0s
   200K .......... .......... .......... .......... .......... 30% 4.85M 0s
   250K .......... .......... .......... .......... .......... 36% 2.98M 0s
   300K .......... .......... .......... .......... .......... 42% 4.26M 0s
   350K .......... .......... .......... .......... .......... 48% 1.66M 0s
   400K .......... .......... .......... .......... .......... 54% 10.6M 0s
   450K .......... .......... .......... .......... .......... 60% 4.91M 0s
   500K .......... .......... .......... .......... .......... 66% 7.40M 0s
   550K .......... .......... .......... .......... .......... 72% 1.85M 0s
   600K .......... .......... .......... .......... .......... 78% 24.7M 0s
   650K .......... .......... .......... .......... .......... 84% 3.10M 0s
   700K .......... .......... .......... .......... .......... 90% 7.59M 0s
   750K .......... .......... .......... .......... .......... 96% 3.13M 0s
   800K .......... .......... .....                           100%  103M=0.2s

2018-05-16 14:19:24 (3.51 MB/s) - ‘../data/deliveryimages.acm.org/10.1145/3190000/3186092/images/www2018-101-fig1.jpg’ saved [845007/845007]

--2018-05-16 14:19:24--  http://deliveryimages.acm.org/10.1145/3190000/3186092/images/www2018-101-fig2.jpg
Connecting to deliveryimages.acm.org (deliveryimages.acm.org)|104.17.79.191|:80... connected.
HTTP request sent, awaiting response... 301 Moved Permanently
Location: https://deliveryimages.acm.org/10.1145/3190000/3186092/images/www2018-101-fig2.jpg [following]
--2018-05-16 14:19:24--  https://deliveryimages.acm.org/10.1145/3190000/3186092/images/www2018-101-fig2.jpg
Connecting to deliveryimages.acm.org (deliveryimages.acm.org)|104.17.79.191|:443... connected.
HTTP request sent, awaiting response... 200 OK
Length: 691672 (675K) [image/jpeg]
Saving to: ‘../data/deliveryimages.acm.org/10.1145/3190000/3186092/images/www2018-101-fig2.jpg’

     0K .......... .......... .......... .......... ..........  7% 1.56M 0s
    50K .......... .......... .......... .......... .......... 14% 1.42M 0s
   100K .......... .......... .......... .......... .......... 22% 1.82M 0s
   150K .......... .......... .......... .......... .......... 29% 65.7M 0s
   200K .......... .......... .......... .......... .......... 37% 1.91M 0s
   250K .......... .......... .......... .......... .......... 44% 20.5M 0s
   300K .......... .......... .......... .......... .......... 51% 4.21M 0s
   350K .......... .......... .......... .......... .......... 59% 3.17M 0s
   400K .......... .......... .......... .......... .......... 66% 2.88M 0s
   450K .......... .......... .......... .......... .......... 74% 3.92M 0s
   500K .......... .......... .......... .......... .......... 81% 3.22M 0s
   550K .......... .......... .......... .......... .......... 88% 3.00M 0s
   600K .......... .......... .......... .......... .......... 96% 8.04M 0s
   650K .......... .......... .....                           100% 14.3M=0.2s

2018-05-16 14:19:24 (3.04 MB/s) - ‘../data/deliveryimages.acm.org/10.1145/3190000/3186092/images/www2018-101-fig2.jpg’ saved [691672/691672]

--2018-05-16 14:19:24--  http://deliveryimages.acm.org/10.1145/3190000/3186092/images/www2018-101-fig3.jpg
Connecting to deliveryimages.acm.org (deliveryimages.acm.org)|104.17.79.191|:80... connected.
HTTP request sent, awaiting response... 301 Moved Permanently
Location: https://deliveryimages.acm.org/10.1145/3190000/3186092/images/www2018-101-fig3.jpg [following]
--2018-05-16 14:19:24--  https://deliveryimages.acm.org/10.1145/3190000/3186092/images/www2018-101-fig3.jpg
Connecting to deliveryimages.acm.org (deliveryimages.acm.org)|104.17.79.191|:443... connected.
HTTP request sent, awaiting response... 200 OK
Length: 824562 (805K) [image/jpeg]
Saving to: ‘../data/deliveryimages.acm.org/10.1145/3190000/3186092/images/www2018-101-fig3.jpg’

     0K .......... .......... .......... .......... ..........  6% 1.83M 0s
    50K .......... .......... .......... .......... .......... 12% 2.66M 0s
   100K .......... .......... .......... .......... .......... 18% 4.91M 0s
   150K .......... .......... .......... .......... .......... 24% 2.19M 0s
   200K .......... .......... .......... .......... .......... 31% 2.30M 0s
   250K .......... .......... .......... .......... .......... 37% 16.8M 0s
   300K .......... .......... .......... .......... .......... 43% 15.5M 0s
   350K .......... .......... .......... .......... .......... 49% 2.05M 0s
   400K .......... .......... .......... .......... .......... 55% 8.11M 0s
   450K .......... .......... .......... .......... .......... 62% 4.49M 0s
   500K .......... .......... .......... .......... .......... 68% 1.06M 0s
   550K .......... .......... .......... .......... .......... 74% 4.75M 0s
   600K .......... .......... .......... .......... .......... 80% 6.97M 0s
   650K .......... .......... .......... .......... .......... 86% 6.93M 0s
   700K .......... .......... .......... .......... .......... 93%  110M 0s
   750K .......... .......... .......... .......... .......... 99% 10.3M 0s
   800K .....                                                 100% 9988G=0.2s

2018-05-16 14:19:25 (3.56 MB/s) - ‘../data/deliveryimages.acm.org/10.1145/3190000/3186092/images/www2018-101-fig3.jpg’ saved [824562/824562]

--2018-05-16 14:19:25--  http://deliveryimages.acm.org/10.1145/3190000/3186092/images/www2018-101-fig4.jpg
Connecting to deliveryimages.acm.org (deliveryimages.acm.org)|104.17.79.191|:80... connected.
HTTP request sent, awaiting response... 301 Moved Permanently
Location: https://deliveryimages.acm.org/10.1145/3190000/3186092/images/www2018-101-fig4.jpg [following]
--2018-05-16 14:19:25--  https://deliveryimages.acm.org/10.1145/3190000/3186092/images/www2018-101-fig4.jpg
Connecting to deliveryimages.acm.org (deliveryimages.acm.org)|104.17.79.191|:443... connected.
HTTP request sent, awaiting response... 200 OK
Length: 716699 (700K) [image/jpeg]
Saving to: ‘../data/deliveryimages.acm.org/10.1145/3190000/3186092/images/www2018-101-fig4.jpg’

     0K .......... .......... .......... .......... ..........  7% 1.46M 0s
    50K .......... .......... .......... .......... .......... 14% 4.15M 0s
   100K .......... .......... .......... .......... .......... 21% 3.34M 0s
   150K .......... .......... .......... .......... .......... 28% 4.85M 0s
   200K .......... .......... .......... .......... .......... 35% 1.96M 0s
   250K .......... .......... .......... .......... .......... 42% 9.29M 0s
   300K .......... .......... .......... .......... .......... 50% 4.03M 0s
   350K .......... .......... .......... .......... .......... 57% 5.99M 0s
   400K .......... .......... .......... .......... .......... 64% 3.13M 0s
   450K .......... .......... .......... .......... .......... 71% 7.00M 0s
   500K .......... .......... .......... .......... .......... 78% 2.50M 0s
   550K .......... .......... .......... .......... .......... 85% 6.85M 0s
   600K .......... .......... .......... .......... .......... 92% 2.73M 0s
   650K .......... .......... .......... .......... ......... 100% 14.2M=0.2s

2018-05-16 14:19:25 (3.58 MB/s) - ‘../data/deliveryimages.acm.org/10.1145/3190000/3186092/images/www2018-101-fig4.jpg’ saved [716699/716699]

--2018-05-16 14:19:25--  http://deliveryimages.acm.org/10.1145/3190000/3186092/images/www2018-101-fig5.jpg
Connecting to deliveryimages.acm.org (deliveryimages.acm.org)|104.17.79.191|:80... connected.
HTTP request sent, awaiting response... 301 Moved Permanently
Location: https://deliveryimages.acm.org/10.1145/3190000/3186092/images/www2018-101-fig5.jpg [following]
--2018-05-16 14:19:25--  https://deliveryimages.acm.org/10.1145/3190000/3186092/images/www2018-101-fig5.jpg
Connecting to deliveryimages.acm.org (deliveryimages.acm.org)|104.17.79.191|:443... connected.
HTTP request sent, awaiting response... 200 OK
Length: 775367 (757K) [image/jpeg]
Saving to: ‘../data/deliveryimages.acm.org/10.1145/3190000/3186092/images/www2018-101-fig5.jpg’

     0K .......... .......... .......... .......... ..........  6% 1.46M 0s
    50K .......... .......... .......... .......... .......... 13% 2.57M 0s
   100K .......... .......... .......... .......... .......... 19% 5.80M 0s
   150K .......... .......... .......... .......... .......... 26% 2.65M 0s
   200K .......... .......... .......... .......... .......... 33% 3.06M 0s
   250K .......... .......... .......... .......... .......... 39% 7.33M 0s
   300K .......... .......... .......... .......... .......... 46% 5.46M 0s
   350K .......... .......... .......... .......... .......... 52% 3.14M 0s
   400K .......... .......... .......... .......... .......... 59% 2.15M 0s
   450K .......... .......... .......... .......... .......... 66% 3.66M 0s
   500K .......... .......... .......... .......... .......... 72% 17.7M 0s
   550K .......... .......... .......... .......... .......... 79% 3.11M 0s
   600K .......... .......... .......... .......... .......... 85% 13.4M 0s
   650K .......... .......... .......... .......... .......... 92% 2.12M 0s
   700K .......... .......... .......... .......... .......... 99% 17.7M 0s
   750K .......                                               100% 93.4M=0.2s

2018-05-16 14:19:26 (3.52 MB/s) - ‘../data/deliveryimages.acm.org/10.1145/3190000/3186092/images/www2018-101-fig5.jpg’ saved [775367/775367]

--2018-05-16 14:19:26--  http://deliveryimages.acm.org/10.1145/3190000/3186092/images/www2018-101-fig6.jpg
Connecting to deliveryimages.acm.org (deliveryimages.acm.org)|104.17.79.191|:80... connected.
HTTP request sent, awaiting response... 301 Moved Permanently
Location: https://deliveryimages.acm.org/10.1145/3190000/3186092/images/www2018-101-fig6.jpg [following]
--2018-05-16 14:19:26--  https://deliveryimages.acm.org/10.1145/3190000/3186092/images/www2018-101-fig6.jpg
Connecting to deliveryimages.acm.org (deliveryimages.acm.org)|104.17.79.191|:443... connected.
HTTP request sent, awaiting response... 200 OK
Length: 794636 (776K) [image/jpeg]
Saving to: ‘../data/deliveryimages.acm.org/10.1145/3190000/3186092/images/www2018-101-fig6.jpg’

     0K .......... .......... .......... .......... ..........  6% 1.30M 1s
    50K .......... .......... .......... .......... .......... 12% 2.42M 0s
   100K .......... .......... .......... .......... .......... 19% 3.10M 0s
   150K .......... .......... .......... .......... .......... 25% 4.46M 0s
   200K .......... .......... .......... .......... .......... 32% 2.78M 0s
   250K .......... .......... .......... .......... .......... 38% 5.63M 0s
   300K .......... .......... .......... .......... .......... 45% 3.09M 0s
   350K .......... .......... .......... .......... .......... 51% 2.25M 0s
   400K .......... .......... .......... .......... .......... 57% 11.3M 0s
   450K .......... .......... .......... .......... .......... 64% 5.34M 0s
   500K .......... .......... .......... .......... .......... 70% 5.14M 0s
   550K .......... .......... .......... .......... .......... 77% 2.86M 0s
   600K .......... .......... .......... .......... .......... 83% 3.03M 0s
   650K .......... .......... .......... .......... .......... 90% 16.2M 0s
   700K .......... .......... .......... .......... .......... 96% 3.97M 0s
   750K .......... .......... ......                          100% 3.81M=0.2s

2018-05-16 14:19:26 (3.35 MB/s) - ‘../data/deliveryimages.acm.org/10.1145/3190000/3186092/images/www2018-101-fig6.jpg’ saved [794636/794636]

--2018-05-16 14:19:26--  http://deliveryimages.acm.org/10.1145/3190000/3186092/images/www2018-101-fig7.jpg
Connecting to deliveryimages.acm.org (deliveryimages.acm.org)|104.17.79.191|:80... connected.
HTTP request sent, awaiting response... 301 Moved Permanently
Location: https://deliveryimages.acm.org/10.1145/3190000/3186092/images/www2018-101-fig7.jpg [following]
--2018-05-16 14:19:26--  https://deliveryimages.acm.org/10.1145/3190000/3186092/images/www2018-101-fig7.jpg
Connecting to deliveryimages.acm.org (deliveryimages.acm.org)|104.17.79.191|:443... connected.
HTTP request sent, awaiting response... 200 OK
Length: 714951 (698K) [image/jpeg]
Saving to: ‘../data/deliveryimages.acm.org/10.1145/3190000/3186092/images/www2018-101-fig7.jpg’

     0K .......... .......... .......... .......... ..........  7% 1.15M 1s
    50K .......... .......... .......... .......... .......... 14% 4.27M 0s
   100K .......... .......... .......... .......... .......... 21% 2.50M 0s
   150K .......... .......... .......... .......... .......... 28% 3.44M 0s
   200K .......... .......... .......... .......... .......... 35% 3.70M 0s
   250K .......... .......... .......... .......... .......... 42% 2.71M 0s
   300K .......... .......... .......... .......... .......... 50% 4.51M 0s
   350K .......... .......... .......... .......... .......... 57% 2.74M 0s
   400K .......... .......... .......... .......... .......... 64% 3.61M 0s
   450K .......... .......... .......... .......... .......... 71% 3.54M 0s
   500K .......... .......... .......... .......... .......... 78% 3.56M 0s
   550K .......... .......... .......... .......... .......... 85% 2.90M 0s
   600K .......... .......... .......... .......... .......... 93% 4.12M 0s
   650K .......... .......... .......... .......... ........  100% 4.82M=0.2s

2018-05-16 14:19:27 (3.01 MB/s) - ‘../data/deliveryimages.acm.org/10.1145/3190000/3186092/images/www2018-101-fig7.jpg’ saved [714951/714951]

--2018-05-16 14:19:27--  http://deliveryimages.acm.org/10.1145/3190000/3186092/images/www2018-101-fig8.jpg
Connecting to deliveryimages.acm.org (deliveryimages.acm.org)|104.17.79.191|:80... connected.
HTTP request sent, awaiting response... 301 Moved Permanently
Location: https://deliveryimages.acm.org/10.1145/3190000/3186092/images/www2018-101-fig8.jpg [following]
--2018-05-16 14:19:27--  https://deliveryimages.acm.org/10.1145/3190000/3186092/images/www2018-101-fig8.jpg
Connecting to deliveryimages.acm.org (deliveryimages.acm.org)|104.17.79.191|:443... connected.
HTTP request sent, awaiting response... 200 OK
Length: 653549 (638K) [image/jpeg]
Saving to: ‘../data/deliveryimages.acm.org/10.1145/3190000/3186092/images/www2018-101-fig8.jpg’

     0K .......... .......... .......... .......... ..........  7% 1.51M 0s
    50K .......... .......... .......... .......... .......... 15% 3.96M 0s
   100K .......... .......... .......... .......... .......... 23% 2.01M 0s
   150K .......... .......... .......... .......... .......... 31% 5.99M 0s
   200K .......... .......... .......... .......... .......... 39% 4.48M 0s
   250K .......... .......... .......... .......... .......... 47% 4.06M 0s
   300K .......... .......... .......... .......... .......... 54% 8.49M 0s
   350K .......... .......... .......... .......... .......... 62% 3.39M 0s
   400K .......... .......... .......... .......... .......... 70% 3.88M 0s
   450K .......... .......... .......... .......... .......... 78% 4.70M 0s
   500K .......... .......... .......... .......... .......... 86% 3.27M 0s
   550K .......... .......... .......... .......... .......... 94% 5.61M 0s
   600K .......... .......... .......... ........             100% 1.91M=0.2s

2018-05-16 14:19:27 (3.34 MB/s) - ‘../data/deliveryimages.acm.org/10.1145/3190000/3186092/images/www2018-101-fig8.jpg’ saved [653549/653549]

--2018-05-16 14:19:27--  http://deliveryimages.acm.org/10.1145/3190000/3186092/images/www2018-101-fig9.jpg
Connecting to deliveryimages.acm.org (deliveryimages.acm.org)|104.17.79.191|:80... connected.
HTTP request sent, awaiting response... 301 Moved Permanently
Location: https://deliveryimages.acm.org/10.1145/3190000/3186092/images/www2018-101-fig9.jpg [following]
--2018-05-16 14:19:27--  https://deliveryimages.acm.org/10.1145/3190000/3186092/images/www2018-101-fig9.jpg
Connecting to deliveryimages.acm.org (deliveryimages.acm.org)|104.17.79.191|:443... connected.
HTTP request sent, awaiting response... 200 OK
Length: 715439 (699K) [image/jpeg]
Saving to: ‘../data/deliveryimages.acm.org/10.1145/3190000/3186092/images/www2018-101-fig9.jpg’

     0K .......... .......... .......... .......... ..........  7% 1.24M 1s
    50K .......... .......... .......... .......... .......... 14% 3.87M 0s
   100K .......... .......... .......... .......... .......... 21% 4.05M 0s
   150K .......... .......... .......... .......... .......... 28% 2.98M 0s
   200K .......... .......... .......... .......... .......... 35% 4.92M 0s
   250K .......... .......... .......... .......... .......... 42% 3.83M 0s
   300K .......... .......... .......... .......... .......... 50% 4.30M 0s
   350K .......... .......... .......... .......... .......... 57% 3.72M 0s
   400K .......... .......... .......... .......... .......... 64% 3.80M 0s
   450K .......... .......... .......... .......... .......... 71% 4.92M 0s
   500K .......... .......... .......... .......... .......... 78% 4.16M 0s
   550K .......... .......... .......... .......... .......... 85% 3.81M 0s
   600K .......... .......... .......... .......... .......... 93% 4.14M 0s
   650K .......... .......... .......... .......... ........  100% 5.32M=0.2s

2018-05-16 14:19:28 (3.49 MB/s) - ‘../data/deliveryimages.acm.org/10.1145/3190000/3186092/images/www2018-101-fig9.jpg’ saved [715439/715439]

--2018-05-16 14:19:28--  http://deliveryimages.acm.org/10.1145/3190000/3186092/images/www2018-101-fig10.jpg
Connecting to deliveryimages.acm.org (deliveryimages.acm.org)|104.17.79.191|:80... connected.
HTTP request sent, awaiting response... 301 Moved Permanently
Location: https://deliveryimages.acm.org/10.1145/3190000/3186092/images/www2018-101-fig10.jpg [following]
--2018-05-16 14:19:28--  https://deliveryimages.acm.org/10.1145/3190000/3186092/images/www2018-101-fig10.jpg
Connecting to deliveryimages.acm.org (deliveryimages.acm.org)|104.17.79.191|:443... connected.
HTTP request sent, awaiting response... 200 OK
Length: 799562 (781K) [image/jpeg]
Saving to: ‘../data/deliveryimages.acm.org/10.1145/3190000/3186092/images/www2018-101-fig10.jpg’

     0K .......... .......... .......... .......... ..........  6% 1.74M 0s
    50K .......... .......... .......... .......... .......... 12% 1.88M 0s
   100K .......... .......... .......... .......... .......... 19% 7.48M 0s
   150K .......... .......... .......... .......... .......... 25% 3.69M 0s
   200K .......... .......... .......... .......... .......... 32% 5.73M 0s
   250K .......... .......... .......... .......... .......... 38% 4.26M 0s
   300K .......... .......... .......... .......... .......... 44% 4.12M 0s
   350K .......... .......... .......... .......... .......... 51% 2.28M 0s
   400K .......... .......... .......... .......... .......... 57% 2.02M 0s
   450K .......... .......... .......... .......... .......... 64% 1.77M 0s
   500K .......... .......... .......... .......... .......... 70%  270M 0s
   550K .......... .......... .......... .......... .......... 76% 6.96M 0s
   600K .......... .......... .......... .......... .......... 83% 5.40M 0s
   650K .......... .......... .......... .......... .......... 89% 1.80M 0s
   700K .......... .......... .......... .......... .......... 96%  363M 0s
   750K .......... .......... ..........                      100% 9.32M=0.2s

2018-05-16 14:19:28 (3.38 MB/s) - ‘../data/deliveryimages.acm.org/10.1145/3190000/3186092/images/www2018-101-fig10.jpg’ saved [799562/799562]

--2018-05-16 14:19:28--  http://deliveryimages.acm.org/10.1145/3190000/3186092/images/www2018-101-fig11.jpg
Connecting to deliveryimages.acm.org (deliveryimages.acm.org)|104.17.79.191|:80... connected.
HTTP request sent, awaiting response... 301 Moved Permanently
Location: https://deliveryimages.acm.org/10.1145/3190000/3186092/images/www2018-101-fig11.jpg [following]
--2018-05-16 14:19:28--  https://deliveryimages.acm.org/10.1145/3190000/3186092/images/www2018-101-fig11.jpg
Connecting to deliveryimages.acm.org (deliveryimages.acm.org)|104.17.79.191|:443... connected.
HTTP request sent, awaiting response... 200 OK
Length: 677822 (662K) [image/jpeg]
Saving to: ‘../data/deliveryimages.acm.org/10.1145/3190000/3186092/images/www2018-101-fig11.jpg’

     0K .......... .......... .......... .......... ..........  7% 1.19M 1s
    50K .......... .......... .......... .......... .......... 15% 3.48M 0s
   100K .......... .......... .......... .......... .......... 22% 3.61M 0s
   150K .......... .......... .......... .......... .......... 30%  868K 0s
   200K .......... .......... .......... .......... .......... 37%  328M 0s
   250K .......... .......... .......... .......... .......... 45% 6.85M 0s
   300K .......... .......... .......... .......... .......... 52% 2.69M 0s
   350K .......... .......... .......... .......... .......... 60% 5.15M 0s
   400K .......... .......... .......... .......... .......... 67% 3.71M 0s
   450K .......... .......... .......... .......... .......... 75% 1.39M 0s
   500K .......... .......... .......... .......... .......... 83% 2.76M 0s
   550K .......... .......... .......... .......... .......... 90% 3.87M 0s
   600K .......... .......... .......... .......... .......... 98% 4.46M 0s
   650K .......... .                                          100% 27.9M=0.3s

2018-05-16 14:19:28 (2.57 MB/s) - ‘../data/deliveryimages.acm.org/10.1145/3190000/3186092/images/www2018-101-fig11.jpg’ saved [677822/677822]

--2018-05-16 14:19:28--  http://deliveryimages.acm.org/10.1145/3190000/3186092/images/www2018-101-fig12.jpg
Connecting to deliveryimages.acm.org (deliveryimages.acm.org)|104.17.79.191|:80... connected.
HTTP request sent, awaiting response... 301 Moved Permanently
Location: https://deliveryimages.acm.org/10.1145/3190000/3186092/images/www2018-101-fig12.jpg [following]
--2018-05-16 14:19:29--  https://deliveryimages.acm.org/10.1145/3190000/3186092/images/www2018-101-fig12.jpg
Connecting to deliveryimages.acm.org (deliveryimages.acm.org)|104.17.79.191|:443... connected.
HTTP request sent, awaiting response... 200 OK
Length: 781169 (763K) [image/jpeg]
Saving to: ‘../data/deliveryimages.acm.org/10.1145/3190000/3186092/images/www2018-101-fig12.jpg’

     0K .......... .......... .......... .......... ..........  6% 1.09M 1s
    50K .......... .......... .......... .......... .......... 13% 1.83M 0s
   100K .......... .......... .......... .......... .......... 19% 3.88M 0s
   150K .......... .......... .......... .......... .......... 26% 3.07M 0s
   200K .......... .......... .......... .......... .......... 32% 2.85M 0s
   250K .......... .......... .......... .......... .......... 39% 7.59M 0s
   300K .......... .......... .......... .......... .......... 45% 2.96M 0s
   350K .......... .......... .......... .......... .......... 52% 3.09M 0s
   400K .......... .......... .......... .......... .......... 58% 2.84M 0s
   450K .......... .......... .......... .......... .......... 65% 4.68M 0s
   500K .......... .......... .......... .......... .......... 72% 3.17M 0s
   550K .......... .......... .......... .......... .......... 78% 4.60M 0s
   600K .......... .......... .......... .......... .......... 85% 2.93M 0s
   650K .......... .......... .......... .......... .......... 91% 6.96M 0s
   700K .......... .......... .......... .......... .......... 98%  986K 0s
   750K .......... ..                                         100%  861K=0.3s

2018-05-16 14:19:29 (2.49 MB/s) - ‘../data/deliveryimages.acm.org/10.1145/3190000/3186092/images/www2018-101-fig12.jpg’ saved [781169/781169]

FINISHED --2018-05-16 14:19:29--
Total wall clock time: 6.1s
Downloaded: 13 files, 8.7M in 2.7s (3.19 MB/s)
Converting links in ../data/delivery.acm.org/10.1145/3190000/3186092/p257-miramirkhani.html?ip=24.48.71.56&id=3186092&acc=OPENTOC&key=4D4702B0C3E38B35.4D4702B0C3E38B35.4D4702B0C3E38B35.4DD68F0663C025AA&__acm__=1526495063_f4f41dcfd21ff8456c625198e6e73244... 84-0
Converted links in 1 files in 0.002 seconds.
