--2018-05-16 15:29:36--  http://delivery.acm.org/10.1145/3190000/3185979/p731-ngo.html?ip=24.48.71.56&id=3185979&acc=OPENTOC&key=4D4702B0C3E38B35%2E4D4702B0C3E38B35%2E4D4702B0C3E38B35%2E4DD68F0663C025AA&__acm__=1526499276_43849e6149087070aad4db49b7bcf320
Resolving delivery.acm.org (delivery.acm.org)... 24.200.120.82, 24.200.120.90
Connecting to delivery.acm.org (delivery.acm.org)|24.200.120.82|:80... connected.
HTTP request sent, awaiting response... 200 OK
Length: 111101 (108K) [text/html]
Saving to: ‘../data/delivery.acm.org/10.1145/3190000/3185979/p731-ngo.html?ip=24.48.71.56&id=3185979&acc=OPENTOC&key=4D4702B0C3E38B35.4D4702B0C3E38B35.4D4702B0C3E38B35.4DD68F0663C025AA&__acm__=1526499276_43849e6149087070aad4db49b7bcf320’

     0K .......... .......... .......... .......... .......... 46% 2.72M 0s
    50K .......... .......... .......... .......... .......... 92% 1.77M 0s
   100K ........                                              100%  146M=0.05s

2018-05-16 15:29:36 (2.32 MB/s) - ‘../data/delivery.acm.org/10.1145/3190000/3185979/p731-ngo.html?ip=24.48.71.56&id=3185979&acc=OPENTOC&key=4D4702B0C3E38B35.4D4702B0C3E38B35.4D4702B0C3E38B35.4DD68F0663C025AA&__acm__=1526499276_43849e6149087070aad4db49b7bcf320’ saved [111101/111101]

--2018-05-16 15:29:36--  http://deliveryimages.acm.org/10.1145/3190000/3185979/images/www18companion-40-display1.jpg
Resolving deliveryimages.acm.org (deliveryimages.acm.org)... 104.17.80.191, 104.17.79.191
Connecting to deliveryimages.acm.org (deliveryimages.acm.org)|104.17.80.191|:80... connected.
HTTP request sent, awaiting response... 301 Moved Permanently
Location: https://deliveryimages.acm.org/10.1145/3190000/3185979/images/www18companion-40-display1.jpg [following]
--2018-05-16 15:29:37--  https://deliveryimages.acm.org/10.1145/3190000/3185979/images/www18companion-40-display1.jpg
Connecting to deliveryimages.acm.org (deliveryimages.acm.org)|104.17.80.191|:443... connected.
HTTP request sent, awaiting response... 200 OK
Length: 47233 (46K) [image/jpeg]
Saving to: ‘../data/deliveryimages.acm.org/10.1145/3190000/3185979/images/www18companion-40-display1.jpg’

     0K .......... .......... .......... .......... ......    100% 41.4K=1.1s

2018-05-16 15:29:38 (41.4 KB/s) - ‘../data/deliveryimages.acm.org/10.1145/3190000/3185979/images/www18companion-40-display1.jpg’ saved [47233/47233]

--2018-05-16 15:29:38--  http://deliveryimages.acm.org/10.1145/3190000/3185979/images/www18companion-40-fig1.svg
Connecting to deliveryimages.acm.org (deliveryimages.acm.org)|104.17.80.191|:80... connected.
HTTP request sent, awaiting response... 301 Moved Permanently
Location: https://deliveryimages.acm.org/10.1145/3190000/3185979/images/www18companion-40-fig1.svg [following]
--2018-05-16 15:29:39--  https://deliveryimages.acm.org/10.1145/3190000/3185979/images/www18companion-40-fig1.svg
Connecting to deliveryimages.acm.org (deliveryimages.acm.org)|104.17.80.191|:443... connected.
HTTP request sent, awaiting response... 200 OK
Length: 57509 (56K) [image/svg+xml]
Saving to: ‘../data/deliveryimages.acm.org/10.1145/3190000/3185979/images/www18companion-40-fig1.svg’

     0K .......... .......... .......... .......... .......... 89%  984K 0s
    50K ......                                                100% 2.12M=0.05s

2018-05-16 15:29:39 (1.02 MB/s) - ‘../data/deliveryimages.acm.org/10.1145/3190000/3185979/images/www18companion-40-fig1.svg’ saved [57509/57509]

--2018-05-16 15:29:39--  http://deliveryimages.acm.org/10.1145/3190000/3185979/images/www18companion-40-display2.jpg
Connecting to deliveryimages.acm.org (deliveryimages.acm.org)|104.17.80.191|:80... connected.
HTTP request sent, awaiting response... 301 Moved Permanently
Location: https://deliveryimages.acm.org/10.1145/3190000/3185979/images/www18companion-40-display2.jpg [following]
--2018-05-16 15:29:39--  https://deliveryimages.acm.org/10.1145/3190000/3185979/images/www18companion-40-display2.jpg
Connecting to deliveryimages.acm.org (deliveryimages.acm.org)|104.17.80.191|:443... connected.
HTTP request sent, awaiting response... 200 OK
Length: 38825 (38K) [image/jpeg]
Saving to: ‘../data/deliveryimages.acm.org/10.1145/3190000/3185979/images/www18companion-40-display2.jpg’

     0K .......... .......... .......... .......              100%  970K=0.04s

2018-05-16 15:29:39 (970 KB/s) - ‘../data/deliveryimages.acm.org/10.1145/3190000/3185979/images/www18companion-40-display2.jpg’ saved [38825/38825]

--2018-05-16 15:29:39--  http://deliveryimages.acm.org/10.1145/3190000/3185979/images/www18companion-40-display3.jpg
Connecting to deliveryimages.acm.org (deliveryimages.acm.org)|104.17.80.191|:80... connected.
HTTP request sent, awaiting response... 301 Moved Permanently
Location: https://deliveryimages.acm.org/10.1145/3190000/3185979/images/www18companion-40-display3.jpg [following]
--2018-05-16 15:29:39--  https://deliveryimages.acm.org/10.1145/3190000/3185979/images/www18companion-40-display3.jpg
Connecting to deliveryimages.acm.org (deliveryimages.acm.org)|104.17.80.191|:443... connected.
HTTP request sent, awaiting response... 200 OK
Length: 45417 (44K) [image/jpeg]
Saving to: ‘../data/deliveryimages.acm.org/10.1145/3190000/3185979/images/www18companion-40-display3.jpg’

     0K .......... .......... .......... .......... ....      100%  549K=0.08s

2018-05-16 15:29:40 (549 KB/s) - ‘../data/deliveryimages.acm.org/10.1145/3190000/3185979/images/www18companion-40-display3.jpg’ saved [45417/45417]

--2018-05-16 15:29:40--  http://deliveryimages.acm.org/10.1145/3190000/3185979/images/www18companion-40-img1.svg
Connecting to deliveryimages.acm.org (deliveryimages.acm.org)|104.17.80.191|:80... connected.
HTTP request sent, awaiting response... 301 Moved Permanently
Location: https://deliveryimages.acm.org/10.1145/3190000/3185979/images/www18companion-40-img1.svg [following]
--2018-05-16 15:29:40--  https://deliveryimages.acm.org/10.1145/3190000/3185979/images/www18companion-40-img1.svg
Connecting to deliveryimages.acm.org (deliveryimages.acm.org)|104.17.80.191|:443... connected.
HTTP request sent, awaiting response... 200 OK
Length: 12596 (12K) [image/svg+xml]
Saving to: ‘../data/deliveryimages.acm.org/10.1145/3190000/3185979/images/www18companion-40-img1.svg’

     0K .......... ..                                         100%  260K=0.05s

2018-05-16 15:29:40 (260 KB/s) - ‘../data/deliveryimages.acm.org/10.1145/3190000/3185979/images/www18companion-40-img1.svg’ saved [12596/12596]

--2018-05-16 15:29:40--  http://deliveryimages.acm.org/10.1145/3190000/3185979/images/www18companion-40-fig2.jpg
Connecting to deliveryimages.acm.org (deliveryimages.acm.org)|104.17.80.191|:80... connected.
HTTP request sent, awaiting response... 301 Moved Permanently
Location: https://deliveryimages.acm.org/10.1145/3190000/3185979/images/www18companion-40-fig2.jpg [following]
--2018-05-16 15:29:40--  https://deliveryimages.acm.org/10.1145/3190000/3185979/images/www18companion-40-fig2.jpg
Connecting to deliveryimages.acm.org (deliveryimages.acm.org)|104.17.80.191|:443... connected.
HTTP request sent, awaiting response... 200 OK
Length: 5840 (5.7K) [image/jpeg]
Saving to: ‘../data/deliveryimages.acm.org/10.1145/3190000/3185979/images/www18companion-40-fig2.jpg’

     0K .....                                                 100%  937K=0.006s

2018-05-16 15:29:40 (937 KB/s) - ‘../data/deliveryimages.acm.org/10.1145/3190000/3185979/images/www18companion-40-fig2.jpg’ saved [5840/5840]

--2018-05-16 15:29:40--  http://deliveryimages.acm.org/10.1145/3190000/3185979/images/www18companion-40-img3.svg
Connecting to deliveryimages.acm.org (deliveryimages.acm.org)|104.17.80.191|:80... connected.
HTTP request sent, awaiting response... 301 Moved Permanently
Location: https://deliveryimages.acm.org/10.1145/3190000/3185979/images/www18companion-40-img3.svg [following]
--2018-05-16 15:29:40--  https://deliveryimages.acm.org/10.1145/3190000/3185979/images/www18companion-40-img3.svg
Connecting to deliveryimages.acm.org (deliveryimages.acm.org)|104.17.80.191|:443... connected.
HTTP request sent, awaiting response... 200 OK
Length: 37638 (37K) [image/svg+xml]
Saving to: ‘../data/deliveryimages.acm.org/10.1145/3190000/3185979/images/www18companion-40-img3.svg’

     0K .......... .......... .......... ......               100% 1.71M=0.02s

2018-05-16 15:29:41 (1.71 MB/s) - ‘../data/deliveryimages.acm.org/10.1145/3190000/3185979/images/www18companion-40-img3.svg’ saved [37638/37638]

--2018-05-16 15:29:41--  http://deliveryimages.acm.org/10.1145/3190000/3185979/images/www18companion-40-fig3.jpg
Connecting to deliveryimages.acm.org (deliveryimages.acm.org)|104.17.80.191|:80... connected.
HTTP request sent, awaiting response... 301 Moved Permanently
Location: https://deliveryimages.acm.org/10.1145/3190000/3185979/images/www18companion-40-fig3.jpg [following]
--2018-05-16 15:29:41--  https://deliveryimages.acm.org/10.1145/3190000/3185979/images/www18companion-40-fig3.jpg
Connecting to deliveryimages.acm.org (deliveryimages.acm.org)|104.17.80.191|:443... connected.
HTTP request sent, awaiting response... 200 OK
Length: 5379 (5.3K) [image/jpeg]
Saving to: ‘../data/deliveryimages.acm.org/10.1145/3190000/3185979/images/www18companion-40-fig3.jpg’

     0K .....                                                 100% 2.93M=0.002s

2018-05-16 15:29:41 (2.93 MB/s) - ‘../data/deliveryimages.acm.org/10.1145/3190000/3185979/images/www18companion-40-fig3.jpg’ saved [5379/5379]

--2018-05-16 15:29:41--  http://deliveryimages.acm.org/10.1145/3190000/3185979/images/www18companion-40-fig4.svg
Connecting to deliveryimages.acm.org (deliveryimages.acm.org)|104.17.80.191|:80... connected.
HTTP request sent, awaiting response... 301 Moved Permanently
Location: https://deliveryimages.acm.org/10.1145/3190000/3185979/images/www18companion-40-fig4.svg [following]
--2018-05-16 15:29:41--  https://deliveryimages.acm.org/10.1145/3190000/3185979/images/www18companion-40-fig4.svg
Connecting to deliveryimages.acm.org (deliveryimages.acm.org)|104.17.80.191|:443... connected.
HTTP request sent, awaiting response... 200 OK
Length: 53850 (53K) [image/svg+xml]
Saving to: ‘../data/deliveryimages.acm.org/10.1145/3190000/3185979/images/www18companion-40-fig4.svg’

     0K .......... .......... .......... .......... .......... 95% 1.81M 0s
    50K ..                                                    100% 33.7M=0.03s

2018-05-16 15:29:41 (1.90 MB/s) - ‘../data/deliveryimages.acm.org/10.1145/3190000/3185979/images/www18companion-40-fig4.svg’ saved [53850/53850]

--2018-05-16 15:29:41--  http://deliveryimages.acm.org/10.1145/3190000/3185979/images/www18companion-40-fig5.svg
Connecting to deliveryimages.acm.org (deliveryimages.acm.org)|104.17.80.191|:80... connected.
HTTP request sent, awaiting response... 301 Moved Permanently
Location: https://deliveryimages.acm.org/10.1145/3190000/3185979/images/www18companion-40-fig5.svg [following]
--2018-05-16 15:29:41--  https://deliveryimages.acm.org/10.1145/3190000/3185979/images/www18companion-40-fig5.svg
Connecting to deliveryimages.acm.org (deliveryimages.acm.org)|104.17.80.191|:443... connected.
HTTP request sent, awaiting response... 200 OK
Length: 31240 (31K) [image/svg+xml]
Saving to: ‘../data/deliveryimages.acm.org/10.1145/3190000/3185979/images/www18companion-40-fig5.svg’

     0K .......... .......... ..........                      100%  932K=0.03s

2018-05-16 15:29:42 (932 KB/s) - ‘../data/deliveryimages.acm.org/10.1145/3190000/3185979/images/www18companion-40-fig5.svg’ saved [31240/31240]

--2018-05-16 15:29:42--  http://deliveryimages.acm.org/10.1145/3190000/3185979/images/www18companion-40-fig6.svg
Connecting to deliveryimages.acm.org (deliveryimages.acm.org)|104.17.80.191|:80... connected.
HTTP request sent, awaiting response... 301 Moved Permanently
Location: https://deliveryimages.acm.org/10.1145/3190000/3185979/images/www18companion-40-fig6.svg [following]
--2018-05-16 15:29:42--  https://deliveryimages.acm.org/10.1145/3190000/3185979/images/www18companion-40-fig6.svg
Connecting to deliveryimages.acm.org (deliveryimages.acm.org)|104.17.80.191|:443... connected.
HTTP request sent, awaiting response... 200 OK
Length: 108496 (106K) [image/svg+xml]
Saving to: ‘../data/deliveryimages.acm.org/10.1145/3190000/3185979/images/www18companion-40-fig6.svg’

     0K .......... .......... .......... .......... .......... 47%  201K 0s
    50K .......... .......... .......... .......... .......... 94%  691K 0s
   100K .....                                                 100% 2.90M=0.3s

2018-05-16 15:29:42 (327 KB/s) - ‘../data/deliveryimages.acm.org/10.1145/3190000/3185979/images/www18companion-40-fig6.svg’ saved [108496/108496]

--2018-05-16 15:29:42--  http://deliveryimages.acm.org/10.1145/3190000/3185979/images/www18companion-40-fig7.svg
Connecting to deliveryimages.acm.org (deliveryimages.acm.org)|104.17.80.191|:80... connected.
HTTP request sent, awaiting response... 301 Moved Permanently
Location: https://deliveryimages.acm.org/10.1145/3190000/3185979/images/www18companion-40-fig7.svg [following]
--2018-05-16 15:29:42--  https://deliveryimages.acm.org/10.1145/3190000/3185979/images/www18companion-40-fig7.svg
Connecting to deliveryimages.acm.org (deliveryimages.acm.org)|104.17.80.191|:443... connected.
HTTP request sent, awaiting response... 200 OK
Length: 31995 (31K) [image/svg+xml]
Saving to: ‘../data/deliveryimages.acm.org/10.1145/3190000/3185979/images/www18companion-40-fig7.svg’

     0K .......... .......... .......... .                    100% 1.55M=0.02s

2018-05-16 15:29:43 (1.55 MB/s) - ‘../data/deliveryimages.acm.org/10.1145/3190000/3185979/images/www18companion-40-fig7.svg’ saved [31995/31995]

--2018-05-16 15:29:43--  http://deliveryimages.acm.org/10.1145/3190000/3185979/images/www18companion-40-img4.svg
Connecting to deliveryimages.acm.org (deliveryimages.acm.org)|104.17.80.191|:80... connected.
HTTP request sent, awaiting response... 301 Moved Permanently
Location: https://deliveryimages.acm.org/10.1145/3190000/3185979/images/www18companion-40-img4.svg [following]
--2018-05-16 15:29:43--  https://deliveryimages.acm.org/10.1145/3190000/3185979/images/www18companion-40-img4.svg
Connecting to deliveryimages.acm.org (deliveryimages.acm.org)|104.17.80.191|:443... connected.
HTTP request sent, awaiting response... 200 OK
Length: 15332 (15K) [image/svg+xml]
Saving to: ‘../data/deliveryimages.acm.org/10.1145/3190000/3185979/images/www18companion-40-img4.svg’

     0K .......... ....                                       100%  415K=0.04s

2018-05-16 15:29:43 (415 KB/s) - ‘../data/deliveryimages.acm.org/10.1145/3190000/3185979/images/www18companion-40-img4.svg’ saved [15332/15332]

--2018-05-16 15:29:43--  http://deliveryimages.acm.org/10.1145/3190000/3185979/images/www18companion-40-img5.svg
Connecting to deliveryimages.acm.org (deliveryimages.acm.org)|104.17.80.191|:80... connected.
HTTP request sent, awaiting response... 301 Moved Permanently
Location: https://deliveryimages.acm.org/10.1145/3190000/3185979/images/www18companion-40-img5.svg [following]
--2018-05-16 15:29:43--  https://deliveryimages.acm.org/10.1145/3190000/3185979/images/www18companion-40-img5.svg
Connecting to deliveryimages.acm.org (deliveryimages.acm.org)|104.17.80.191|:443... connected.
HTTP request sent, awaiting response... 200 OK
Length: 18011 (18K) [image/svg+xml]
Saving to: ‘../data/deliveryimages.acm.org/10.1145/3190000/3185979/images/www18companion-40-img5.svg’

     0K .......... .......                                    100% 1.14M=0.02s

2018-05-16 15:29:43 (1.14 MB/s) - ‘../data/deliveryimages.acm.org/10.1145/3190000/3185979/images/www18companion-40-img5.svg’ saved [18011/18011]

--2018-05-16 15:29:43--  http://deliveryimages.acm.org/10.1145/3190000/3185979/images/www18companion-40-display4.jpg
Connecting to deliveryimages.acm.org (deliveryimages.acm.org)|104.17.80.191|:80... connected.
HTTP request sent, awaiting response... 301 Moved Permanently
Location: https://deliveryimages.acm.org/10.1145/3190000/3185979/images/www18companion-40-display4.jpg [following]
--2018-05-16 15:29:43--  https://deliveryimages.acm.org/10.1145/3190000/3185979/images/www18companion-40-display4.jpg
Connecting to deliveryimages.acm.org (deliveryimages.acm.org)|104.17.80.191|:443... connected.
HTTP request sent, awaiting response... 200 OK
Length: 60311 (59K) [image/jpeg]
Saving to: ‘../data/deliveryimages.acm.org/10.1145/3190000/3185979/images/www18companion-40-display4.jpg’

     0K .......... .......... .......... .......... .......... 84% 1.05M 0s
    50K ........                                              100% 38.5M=0.05s

2018-05-16 15:29:43 (1.24 MB/s) - ‘../data/deliveryimages.acm.org/10.1145/3190000/3185979/images/www18companion-40-display4.jpg’ saved [60311/60311]

--2018-05-16 15:29:43--  http://deliveryimages.acm.org/10.1145/3190000/3185979/images/www18companion-40-img6.svg
Connecting to deliveryimages.acm.org (deliveryimages.acm.org)|104.17.80.191|:80... connected.
HTTP request sent, awaiting response... 301 Moved Permanently
Location: https://deliveryimages.acm.org/10.1145/3190000/3185979/images/www18companion-40-img6.svg [following]
--2018-05-16 15:29:44--  https://deliveryimages.acm.org/10.1145/3190000/3185979/images/www18companion-40-img6.svg
Connecting to deliveryimages.acm.org (deliveryimages.acm.org)|104.17.80.191|:443... connected.
HTTP request sent, awaiting response... 200 OK
Length: 37638 (37K) [image/svg+xml]
Saving to: ‘../data/deliveryimages.acm.org/10.1145/3190000/3185979/images/www18companion-40-img6.svg’

     0K .......... .......... .......... ......               100% 1.51M=0.02s

2018-05-16 15:29:44 (1.51 MB/s) - ‘../data/deliveryimages.acm.org/10.1145/3190000/3185979/images/www18companion-40-img6.svg’ saved [37638/37638]

--2018-05-16 15:29:44--  http://deliveryimages.acm.org/10.1145/3190000/3185979/images/www18companion-40-fig8.svg
Connecting to deliveryimages.acm.org (deliveryimages.acm.org)|104.17.80.191|:80... connected.
HTTP request sent, awaiting response... 301 Moved Permanently
Location: https://deliveryimages.acm.org/10.1145/3190000/3185979/images/www18companion-40-fig8.svg [following]
--2018-05-16 15:29:44--  https://deliveryimages.acm.org/10.1145/3190000/3185979/images/www18companion-40-fig8.svg
Connecting to deliveryimages.acm.org (deliveryimages.acm.org)|104.17.80.191|:443... connected.
HTTP request sent, awaiting response... 200 OK
Length: 118772 (116K) [image/svg+xml]
Saving to: ‘../data/deliveryimages.acm.org/10.1145/3190000/3185979/images/www18companion-40-fig8.svg’

     0K .......... .......... .......... .......... .......... 43% 1003K 0s
    50K .......... .......... .......... .......... .......... 86% 2.11M 0s
   100K .......... .....                                      100% 1.46M=0.08s

2018-05-16 15:29:44 (1.35 MB/s) - ‘../data/deliveryimages.acm.org/10.1145/3190000/3185979/images/www18companion-40-fig8.svg’ saved [118772/118772]

--2018-05-16 15:29:44--  http://deliveryimages.acm.org/10.1145/3190000/3185979/images/www18companion-40-fig9.svg
Connecting to deliveryimages.acm.org (deliveryimages.acm.org)|104.17.80.191|:80... connected.
HTTP request sent, awaiting response... 301 Moved Permanently
Location: https://deliveryimages.acm.org/10.1145/3190000/3185979/images/www18companion-40-fig9.svg [following]
--2018-05-16 15:29:44--  https://deliveryimages.acm.org/10.1145/3190000/3185979/images/www18companion-40-fig9.svg
Connecting to deliveryimages.acm.org (deliveryimages.acm.org)|104.17.80.191|:443... connected.
HTTP request sent, awaiting response... 200 OK
Length: 66450 (65K) [image/svg+xml]
Saving to: ‘../data/deliveryimages.acm.org/10.1145/3190000/3185979/images/www18companion-40-fig9.svg’

     0K .......... .......... .......... .......... .......... 77% 1.67M 0s
    50K .......... ....                                       100% 4.81M=0.03s

2018-05-16 15:29:46 (1.97 MB/s) - ‘../data/deliveryimages.acm.org/10.1145/3190000/3185979/images/www18companion-40-fig9.svg’ saved [66450/66450]

--2018-05-16 15:29:46--  http://deliveryimages.acm.org/10.1145/3190000/3185979/images/www18companion-40-display5.jpg
Connecting to deliveryimages.acm.org (deliveryimages.acm.org)|104.17.80.191|:80... connected.
HTTP request sent, awaiting response... 301 Moved Permanently
Location: https://deliveryimages.acm.org/10.1145/3190000/3185979/images/www18companion-40-display5.jpg [following]
--2018-05-16 15:29:46--  https://deliveryimages.acm.org/10.1145/3190000/3185979/images/www18companion-40-display5.jpg
Connecting to deliveryimages.acm.org (deliveryimages.acm.org)|104.17.80.191|:443... connected.
HTTP request sent, awaiting response... 200 OK
Length: 39551 (39K) [image/jpeg]
Saving to: ‘../data/deliveryimages.acm.org/10.1145/3190000/3185979/images/www18companion-40-display5.jpg’

     0K .......... .......... .......... ........             100% 1.61M=0.02s

2018-05-16 15:29:46 (1.61 MB/s) - ‘../data/deliveryimages.acm.org/10.1145/3190000/3185979/images/www18companion-40-display5.jpg’ saved [39551/39551]

FINISHED --2018-05-16 15:29:46--
Total wall clock time: 9.6s
Downloaded: 20 files, 921K in 2.1s (444 KB/s)
Converting links in ../data/delivery.acm.org/10.1145/3190000/3185979/p731-ngo.html?ip=24.48.71.56&id=3185979&acc=OPENTOC&key=4D4702B0C3E38B35.4D4702B0C3E38B35.4D4702B0C3E38B35.4DD68F0663C025AA&__acm__=1526499276_43849e6149087070aad4db49b7bcf320... 130-0
Converted links in 1 files in 0.003 seconds.
