--2018-05-16 14:26:51--  http://delivery.acm.org/10.1145/3190000/3186027/p1287-kamalloo.html?ip=24.48.71.56&id=3186027&acc=OPENTOC&key=4D4702B0C3E38B35%2E4D4702B0C3E38B35%2E4D4702B0C3E38B35%2E4DD68F0663C025AA&__acm__=1526495511_8aeada055a9af34f63a46a9280289f12
Resolving delivery.acm.org (delivery.acm.org)... 24.200.120.90, 24.200.120.82
Connecting to delivery.acm.org (delivery.acm.org)|24.200.120.90|:80... connected.
HTTP request sent, awaiting response... 200 OK
Length: 112515 (110K) [text/html]
Saving to: ‘../data/delivery.acm.org/10.1145/3190000/3186027/p1287-kamalloo.html?ip=24.48.71.56&id=3186027&acc=OPENTOC&key=4D4702B0C3E38B35.4D4702B0C3E38B35.4D4702B0C3E38B35.4DD68F0663C025AA&__acm__=1526495511_8aeada055a9af34f63a46a9280289f12’

     0K .......... .......... .......... .......... .......... 45% 1.64M 0s
    50K .......... .......... .......... .......... .......... 91% 3.33M 0s
   100K .........                                             100%  173M=0.04s

2018-05-16 14:26:51 (2.41 MB/s) - ‘../data/delivery.acm.org/10.1145/3190000/3186027/p1287-kamalloo.html?ip=24.48.71.56&id=3186027&acc=OPENTOC&key=4D4702B0C3E38B35.4D4702B0C3E38B35.4D4702B0C3E38B35.4DD68F0663C025AA&__acm__=1526495511_8aeada055a9af34f63a46a9280289f12’ saved [112515/112515]

--2018-05-16 14:26:51--  http://deliveryimages.acm.org/10.1145/3190000/3186027/images/www2018-36-img1.svg
Resolving deliveryimages.acm.org (deliveryimages.acm.org)... 104.17.80.191, 104.17.79.191
Connecting to deliveryimages.acm.org (deliveryimages.acm.org)|104.17.80.191|:80... connected.
HTTP request sent, awaiting response... 301 Moved Permanently
Location: https://deliveryimages.acm.org/10.1145/3190000/3186027/images/www2018-36-img1.svg [following]
--2018-05-16 14:26:51--  https://deliveryimages.acm.org/10.1145/3190000/3186027/images/www2018-36-img1.svg
Connecting to deliveryimages.acm.org (deliveryimages.acm.org)|104.17.80.191|:443... connected.
HTTP request sent, awaiting response... 200 OK
Length: 153476 (150K) [image/svg+xml]
Saving to: ‘../data/deliveryimages.acm.org/10.1145/3190000/3186027/images/www2018-36-img1.svg’

     0K .......... .......... .......... .......... .......... 33% 1.33M 0s
    50K .......... .......... .......... .......... .......... 66% 2.68M 0s
   100K .......... .......... .......... .......... ......... 100% 5.85M=0.06s

2018-05-16 14:26:52 (2.31 MB/s) - ‘../data/deliveryimages.acm.org/10.1145/3190000/3186027/images/www2018-36-img1.svg’ saved [153476/153476]

--2018-05-16 14:26:52--  http://deliveryimages.acm.org/10.1145/3190000/3186027/images/www2018-36-img2.svg
Connecting to deliveryimages.acm.org (deliveryimages.acm.org)|104.17.80.191|:80... connected.
HTTP request sent, awaiting response... 301 Moved Permanently
Location: https://deliveryimages.acm.org/10.1145/3190000/3186027/images/www2018-36-img2.svg [following]
--2018-05-16 14:26:52--  https://deliveryimages.acm.org/10.1145/3190000/3186027/images/www2018-36-img2.svg
Connecting to deliveryimages.acm.org (deliveryimages.acm.org)|104.17.80.191|:443... connected.
HTTP request sent, awaiting response... 200 OK
Length: 122594 (120K) [image/svg+xml]
Saving to: ‘../data/deliveryimages.acm.org/10.1145/3190000/3186027/images/www2018-36-img2.svg’

     0K .......... .......... .......... .......... .......... 41% 1.69M 0s
    50K .......... .......... .......... .......... .......... 83% 3.62M 0s
   100K .......... .........                                  100% 4.87M=0.05s

2018-05-16 14:26:52 (2.53 MB/s) - ‘../data/deliveryimages.acm.org/10.1145/3190000/3186027/images/www2018-36-img2.svg’ saved [122594/122594]

--2018-05-16 14:26:52--  http://deliveryimages.acm.org/10.1145/3190000/3186027/images/www2018-36-img3.svg
Connecting to deliveryimages.acm.org (deliveryimages.acm.org)|104.17.80.191|:80... connected.
HTTP request sent, awaiting response... 301 Moved Permanently
Location: https://deliveryimages.acm.org/10.1145/3190000/3186027/images/www2018-36-img3.svg [following]
--2018-05-16 14:26:52--  https://deliveryimages.acm.org/10.1145/3190000/3186027/images/www2018-36-img3.svg
Connecting to deliveryimages.acm.org (deliveryimages.acm.org)|104.17.80.191|:443... connected.
HTTP request sent, awaiting response... 200 OK
Length: 130090 (127K) [image/svg+xml]
Saving to: ‘../data/deliveryimages.acm.org/10.1145/3190000/3186027/images/www2018-36-img3.svg’

     0K .......... .......... .......... .......... .......... 39% 1.29M 0s
    50K .......... .......... .......... .......... .......... 78% 2.73M 0s
   100K .......... .......... .......                         100% 5.44M=0.06s

2018-05-16 14:26:52 (2.05 MB/s) - ‘../data/deliveryimages.acm.org/10.1145/3190000/3186027/images/www2018-36-img3.svg’ saved [130090/130090]

--2018-05-16 14:26:52--  http://deliveryimages.acm.org/10.1145/3190000/3186027/images/www2018-36-fig1.jpg
Connecting to deliveryimages.acm.org (deliveryimages.acm.org)|104.17.80.191|:80... connected.
HTTP request sent, awaiting response... 301 Moved Permanently
Location: https://deliveryimages.acm.org/10.1145/3190000/3186027/images/www2018-36-fig1.jpg [following]
--2018-05-16 14:26:52--  https://deliveryimages.acm.org/10.1145/3190000/3186027/images/www2018-36-fig1.jpg
Connecting to deliveryimages.acm.org (deliveryimages.acm.org)|104.17.80.191|:443... connected.
HTTP request sent, awaiting response... 200 OK
Length: 24902 (24K) [image/jpeg]
Saving to: ‘../data/deliveryimages.acm.org/10.1145/3190000/3186027/images/www2018-36-fig1.jpg’

     0K .......... .......... ....                            100% 1.62M=0.01s

2018-05-16 14:26:52 (1.62 MB/s) - ‘../data/deliveryimages.acm.org/10.1145/3190000/3186027/images/www2018-36-fig1.jpg’ saved [24902/24902]

--2018-05-16 14:26:52--  http://deliveryimages.acm.org/10.1145/3190000/3186027/images/www2018-36-fig2.jpg
Connecting to deliveryimages.acm.org (deliveryimages.acm.org)|104.17.80.191|:80... connected.
HTTP request sent, awaiting response... 301 Moved Permanently
Location: https://deliveryimages.acm.org/10.1145/3190000/3186027/images/www2018-36-fig2.jpg [following]
--2018-05-16 14:26:52--  https://deliveryimages.acm.org/10.1145/3190000/3186027/images/www2018-36-fig2.jpg
Connecting to deliveryimages.acm.org (deliveryimages.acm.org)|104.17.80.191|:443... connected.
HTTP request sent, awaiting response... 200 OK
Length: 30069 (29K) [image/jpeg]
Saving to: ‘../data/deliveryimages.acm.org/10.1145/3190000/3186027/images/www2018-36-fig2.jpg’

     0K .......... .......... .........                       100% 1.35M=0.02s

2018-05-16 14:26:53 (1.35 MB/s) - ‘../data/deliveryimages.acm.org/10.1145/3190000/3186027/images/www2018-36-fig2.jpg’ saved [30069/30069]

--2018-05-16 14:26:53--  http://deliveryimages.acm.org/10.1145/3190000/3186027/images/www2018-36-fig3.jpg
Connecting to deliveryimages.acm.org (deliveryimages.acm.org)|104.17.80.191|:80... connected.
HTTP request sent, awaiting response... 301 Moved Permanently
Location: https://deliveryimages.acm.org/10.1145/3190000/3186027/images/www2018-36-fig3.jpg [following]
--2018-05-16 14:26:53--  https://deliveryimages.acm.org/10.1145/3190000/3186027/images/www2018-36-fig3.jpg
Connecting to deliveryimages.acm.org (deliveryimages.acm.org)|104.17.80.191|:443... connected.
HTTP request sent, awaiting response... 200 OK
Length: 31395 (31K) [image/jpeg]
Saving to: ‘../data/deliveryimages.acm.org/10.1145/3190000/3186027/images/www2018-36-fig3.jpg’

     0K .......... .......... ..........                      100% 1.77M=0.02s

2018-05-16 14:26:53 (1.77 MB/s) - ‘../data/deliveryimages.acm.org/10.1145/3190000/3186027/images/www2018-36-fig3.jpg’ saved [31395/31395]

FINISHED --2018-05-16 14:26:53--
Total wall clock time: 1.9s
Downloaded: 7 files, 591K in 0.3s (2.16 MB/s)
Converting links in ../data/delivery.acm.org/10.1145/3190000/3186027/p1287-kamalloo.html?ip=24.48.71.56&id=3186027&acc=OPENTOC&key=4D4702B0C3E38B35.4D4702B0C3E38B35.4D4702B0C3E38B35.4DD68F0663C025AA&__acm__=1526495511_8aeada055a9af34f63a46a9280289f12... 154-0
Converted links in 1 files in 0.003 seconds.
