--2018-05-16 15:15:22--  http://delivery.acm.org/10.1145/3200000/3191524/p953-rossi.html?ip=24.48.71.56&id=3191524&acc=OPENTOC&key=4D4702B0C3E38B35%2E4D4702B0C3E38B35%2E4D4702B0C3E38B35%2E4DD68F0663C025AA&__acm__=1526498422_74e4809ca7d3c47e4592c0c0bfd8de84
Resolving delivery.acm.org (delivery.acm.org)... 24.200.120.90, 24.200.120.82
Connecting to delivery.acm.org (delivery.acm.org)|24.200.120.90|:80... connected.
HTTP request sent, awaiting response... 200 OK
Length: 91648 (90K) [text/html]
Saving to: ‘../data/delivery.acm.org/10.1145/3200000/3191524/p953-rossi.html?ip=24.48.71.56&id=3191524&acc=OPENTOC&key=4D4702B0C3E38B35.4D4702B0C3E38B35.4D4702B0C3E38B35.4DD68F0663C025AA&__acm__=1526498422_74e4809ca7d3c47e4592c0c0bfd8de84’

     0K .......... .......... .......... .......... .......... 55% 92.1K 0s
    50K .......... .......... .......... .........            100%  164K=0.8s

2018-05-16 15:15:23 (114 KB/s) - ‘../data/delivery.acm.org/10.1145/3200000/3191524/p953-rossi.html?ip=24.48.71.56&id=3191524&acc=OPENTOC&key=4D4702B0C3E38B35.4D4702B0C3E38B35.4D4702B0C3E38B35.4DD68F0663C025AA&__acm__=1526498422_74e4809ca7d3c47e4592c0c0bfd8de84’ saved [91648/91648]

--2018-05-16 15:15:23--  http://deliveryimages.acm.org/10.1145/3200000/3191524/images/www18companion-263-fig1.jpg
Resolving deliveryimages.acm.org (deliveryimages.acm.org)... 104.17.79.191, 104.17.80.191
Connecting to deliveryimages.acm.org (deliveryimages.acm.org)|104.17.79.191|:80... connected.
HTTP request sent, awaiting response... 301 Moved Permanently
Location: https://deliveryimages.acm.org/10.1145/3200000/3191524/images/www18companion-263-fig1.jpg [following]
--2018-05-16 15:15:23--  https://deliveryimages.acm.org/10.1145/3200000/3191524/images/www18companion-263-fig1.jpg
Connecting to deliveryimages.acm.org (deliveryimages.acm.org)|104.17.79.191|:443... connected.
HTTP request sent, awaiting response... 200 OK
Length: 32404 (32K) [image/jpeg]
Saving to: ‘../data/deliveryimages.acm.org/10.1145/3200000/3191524/images/www18companion-263-fig1.jpg’

     0K .......... .......... .......... .                    100% 1.23M=0.03s

2018-05-16 15:15:24 (1.23 MB/s) - ‘../data/deliveryimages.acm.org/10.1145/3200000/3191524/images/www18companion-263-fig1.jpg’ saved [32404/32404]

--2018-05-16 15:15:24--  http://deliveryimages.acm.org/10.1145/3200000/3191524/images/www18companion-263-fig2.jpg
Connecting to deliveryimages.acm.org (deliveryimages.acm.org)|104.17.79.191|:80... connected.
HTTP request sent, awaiting response... 301 Moved Permanently
Location: https://deliveryimages.acm.org/10.1145/3200000/3191524/images/www18companion-263-fig2.jpg [following]
--2018-05-16 15:15:24--  https://deliveryimages.acm.org/10.1145/3200000/3191524/images/www18companion-263-fig2.jpg
Connecting to deliveryimages.acm.org (deliveryimages.acm.org)|104.17.79.191|:443... connected.
HTTP request sent, awaiting response... 200 OK
Length: 201499 (197K) [image/jpeg]
Saving to: ‘../data/deliveryimages.acm.org/10.1145/3200000/3191524/images/www18companion-263-fig2.jpg’

     0K .......... .......... .......... .......... .......... 25% 2.05M 0s
    50K .......... .......... .......... .......... .......... 50%  943K 0s
   100K .......... .......... .......... .......... .......... 76% 6.34M 0s
   150K .......... .......... .......... .......... ......    100%  912K=0.1s

2018-05-16 15:15:24 (1.42 MB/s) - ‘../data/deliveryimages.acm.org/10.1145/3200000/3191524/images/www18companion-263-fig2.jpg’ saved [201499/201499]

--2018-05-16 15:15:24--  http://deliveryimages.acm.org/10.1145/3200000/3191524/images/www18companion-263-fig3.jpg
Connecting to deliveryimages.acm.org (deliveryimages.acm.org)|104.17.79.191|:80... connected.
HTTP request sent, awaiting response... 301 Moved Permanently
Location: https://deliveryimages.acm.org/10.1145/3200000/3191524/images/www18companion-263-fig3.jpg [following]
--2018-05-16 15:15:24--  https://deliveryimages.acm.org/10.1145/3200000/3191524/images/www18companion-263-fig3.jpg
Connecting to deliveryimages.acm.org (deliveryimages.acm.org)|104.17.79.191|:443... connected.
HTTP request sent, awaiting response... 200 OK
Length: 431370 (421K) [image/jpeg]
Saving to: ‘../data/deliveryimages.acm.org/10.1145/3200000/3191524/images/www18companion-263-fig3.jpg’

     0K .......... .......... .......... .......... .......... 11% 1.14M 0s
    50K .......... .......... .......... .......... .......... 23%  554K 0s
   100K .......... .......... .......... .......... .......... 35% 7.95M 0s
   150K .......... .......... .......... .......... .......... 47% 2.43M 0s
   200K .......... .......... .......... .......... .......... 59% 5.03M 0s
   250K .......... .......... .......... .......... .......... 71% 4.28M 0s
   300K .......... .......... .......... .......... .......... 83% 4.57M 0s
   350K .......... .......... .......... .......... .......... 94% 3.02M 0s
   400K .......... .......... .                               100% 8.19M=0.2s

2018-05-16 15:15:24 (1.96 MB/s) - ‘../data/deliveryimages.acm.org/10.1145/3200000/3191524/images/www18companion-263-fig3.jpg’ saved [431370/431370]

--2018-05-16 15:15:24--  http://deliveryimages.acm.org/10.1145/3200000/3191524/images/www18companion-263-fig4.jpg
Connecting to deliveryimages.acm.org (deliveryimages.acm.org)|104.17.79.191|:80... connected.
HTTP request sent, awaiting response... 301 Moved Permanently
Location: https://deliveryimages.acm.org/10.1145/3200000/3191524/images/www18companion-263-fig4.jpg [following]
--2018-05-16 15:15:24--  https://deliveryimages.acm.org/10.1145/3200000/3191524/images/www18companion-263-fig4.jpg
Connecting to deliveryimages.acm.org (deliveryimages.acm.org)|104.17.79.191|:443... connected.
HTTP request sent, awaiting response... 200 OK
Length: 151128 (148K) [image/jpeg]
Saving to: ‘../data/deliveryimages.acm.org/10.1145/3200000/3191524/images/www18companion-263-fig4.jpg’

     0K .......... .......... .......... .......... .......... 33%  954K 0s
    50K .......... .......... .......... .......... .......... 67% 1.74M 0s
   100K .......... .......... .......... .......... .......   100%  729K=0.1s

2018-05-16 15:15:25 (1013 KB/s) - ‘../data/deliveryimages.acm.org/10.1145/3200000/3191524/images/www18companion-263-fig4.jpg’ saved [151128/151128]

--2018-05-16 15:15:25--  http://deliveryimages.acm.org/10.1145/3200000/3191524/images/www18companion-263-fig5.jpg
Connecting to deliveryimages.acm.org (deliveryimages.acm.org)|104.17.79.191|:80... connected.
HTTP request sent, awaiting response... 301 Moved Permanently
Location: https://deliveryimages.acm.org/10.1145/3200000/3191524/images/www18companion-263-fig5.jpg [following]
--2018-05-16 15:15:25--  https://deliveryimages.acm.org/10.1145/3200000/3191524/images/www18companion-263-fig5.jpg
Connecting to deliveryimages.acm.org (deliveryimages.acm.org)|104.17.79.191|:443... connected.
HTTP request sent, awaiting response... 200 OK
Length: 149165 (146K) [image/jpeg]
Saving to: ‘../data/deliveryimages.acm.org/10.1145/3200000/3191524/images/www18companion-263-fig5.jpg’

     0K .......... .......... .......... .......... .......... 34%  527K 0s
    50K .......... .......... .......... .......... .......... 68%  865K 0s
   100K .......... .......... .......... .......... .....     100% 1.30M=0.2s

2018-05-16 15:15:25 (779 KB/s) - ‘../data/deliveryimages.acm.org/10.1145/3200000/3191524/images/www18companion-263-fig5.jpg’ saved [149165/149165]

--2018-05-16 15:15:25--  http://deliveryimages.acm.org/10.1145/3200000/3191524/images/www18companion-263-graphic6.jpg
Connecting to deliveryimages.acm.org (deliveryimages.acm.org)|104.17.79.191|:80... connected.
HTTP request sent, awaiting response... 301 Moved Permanently
Location: https://deliveryimages.acm.org/10.1145/3200000/3191524/images/www18companion-263-graphic6.jpg [following]
--2018-05-16 15:15:25--  https://deliveryimages.acm.org/10.1145/3200000/3191524/images/www18companion-263-graphic6.jpg
Connecting to deliveryimages.acm.org (deliveryimages.acm.org)|104.17.79.191|:443... connected.
HTTP request sent, awaiting response... 200 OK
Length: 187007 (183K) [image/jpeg]
Saving to: ‘../data/deliveryimages.acm.org/10.1145/3200000/3191524/images/www18companion-263-graphic6.jpg’

     0K .......... .......... .......... .......... .......... 27%  946K 0s
    50K .......... .......... .......... .......... .......... 54% 1.64M 0s
   100K .......... .......... .......... .......... .......... 82% 3.98M 0s
   150K .......... .......... .......... ..                   100% 3.73M=0.1s

2018-05-16 15:15:25 (1.72 MB/s) - ‘../data/deliveryimages.acm.org/10.1145/3200000/3191524/images/www18companion-263-graphic6.jpg’ saved [187007/187007]

--2018-05-16 15:15:25--  http://deliveryimages.acm.org/10.1145/3200000/3191524/images/www18companion-263-fig6.jpg
Connecting to deliveryimages.acm.org (deliveryimages.acm.org)|104.17.79.191|:80... connected.
HTTP request sent, awaiting response... 301 Moved Permanently
Location: https://deliveryimages.acm.org/10.1145/3200000/3191524/images/www18companion-263-fig6.jpg [following]
--2018-05-16 15:15:25--  https://deliveryimages.acm.org/10.1145/3200000/3191524/images/www18companion-263-fig6.jpg
Connecting to deliveryimages.acm.org (deliveryimages.acm.org)|104.17.79.191|:443... connected.
HTTP request sent, awaiting response... 200 OK
Length: 92799 (91K) [image/jpeg]
Saving to: ‘../data/deliveryimages.acm.org/10.1145/3200000/3191524/images/www18companion-263-fig6.jpg’

     0K .......... .......... .......... .......... .......... 55% 1.80M 0s
    50K .......... .......... .......... ..........           100% 5.60M=0.03s

2018-05-16 15:15:26 (2.59 MB/s) - ‘../data/deliveryimages.acm.org/10.1145/3200000/3191524/images/www18companion-263-fig6.jpg’ saved [92799/92799]

--2018-05-16 15:15:26--  http://deliveryimages.acm.org/10.1145/3200000/3191524/images/www18companion-263-fig7.jpg
Connecting to deliveryimages.acm.org (deliveryimages.acm.org)|104.17.79.191|:80... connected.
HTTP request sent, awaiting response... 301 Moved Permanently
Location: https://deliveryimages.acm.org/10.1145/3200000/3191524/images/www18companion-263-fig7.jpg [following]
--2018-05-16 15:15:26--  https://deliveryimages.acm.org/10.1145/3200000/3191524/images/www18companion-263-fig7.jpg
Connecting to deliveryimages.acm.org (deliveryimages.acm.org)|104.17.79.191|:443... connected.
HTTP request sent, awaiting response... 200 OK
Length: 84242 (82K) [image/jpeg]
Saving to: ‘../data/deliveryimages.acm.org/10.1145/3200000/3191524/images/www18companion-263-fig7.jpg’

     0K .......... .......... .......... .......... .......... 60% 1.71M 0s
    50K .......... .......... .......... ..                   100% 14.9M=0.03s

2018-05-16 15:15:26 (2.62 MB/s) - ‘../data/deliveryimages.acm.org/10.1145/3200000/3191524/images/www18companion-263-fig7.jpg’ saved [84242/84242]

--2018-05-16 15:15:26--  http://deliveryimages.acm.org/10.1145/3200000/3191524/images/www18companion-263-fig8.jpg
Connecting to deliveryimages.acm.org (deliveryimages.acm.org)|104.17.79.191|:80... connected.
HTTP request sent, awaiting response... 301 Moved Permanently
Location: https://deliveryimages.acm.org/10.1145/3200000/3191524/images/www18companion-263-fig8.jpg [following]
--2018-05-16 15:15:26--  https://deliveryimages.acm.org/10.1145/3200000/3191524/images/www18companion-263-fig8.jpg
Connecting to deliveryimages.acm.org (deliveryimages.acm.org)|104.17.79.191|:443... connected.
HTTP request sent, awaiting response... 200 OK
Length: 115611 (113K) [image/jpeg]
Saving to: ‘../data/deliveryimages.acm.org/10.1145/3200000/3191524/images/www18companion-263-fig8.jpg’

     0K .......... .......... .......... .......... .......... 44% 1.48M 0s
    50K .......... .......... .......... .......... .......... 88% 4.37M 0s
   100K .......... ..                                         100% 4.59M=0.05s

2018-05-16 15:15:26 (2.35 MB/s) - ‘../data/deliveryimages.acm.org/10.1145/3200000/3191524/images/www18companion-263-fig8.jpg’ saved [115611/115611]

FINISHED --2018-05-16 15:15:26--
Total wall clock time: 3.9s
Downloaded: 10 files, 1.5M in 1.7s (882 KB/s)
Converting links in ../data/delivery.acm.org/10.1145/3200000/3191524/p953-rossi.html?ip=24.48.71.56&id=3191524&acc=OPENTOC&key=4D4702B0C3E38B35.4D4702B0C3E38B35.4D4702B0C3E38B35.4DD68F0663C025AA&__acm__=1526498422_74e4809ca7d3c47e4592c0c0bfd8de84... 134-0
Converted links in 1 files in 0.004 seconds.
