--2018-05-16 14:54:26--  http://delivery.acm.org/10.1145/3200000/3192306/p1163-ibanez.pdf?ip=24.48.71.56&id=3192306&acc=OPENTOC&key=4D4702B0C3E38B35%2E4D4702B0C3E38B35%2E4D4702B0C3E38B35%2E4DD68F0663C025AA&__acm__=1526497166_a0881080bf967b2f01d238c54630c957
Resolving delivery.acm.org (delivery.acm.org)... 24.200.120.90, 24.200.120.82
Connecting to delivery.acm.org (delivery.acm.org)|24.200.120.90|:80... connected.
HTTP request sent, awaiting response... 200 OK
Length: 901839 (881K) [application/pdf]
Saving to: ‘../data/delivery.acm.org/10.1145/3200000/3192306/p1163-ibanez.pdf?ip=24.48.71.56&id=3192306&acc=OPENTOC&key=4D4702B0C3E38B35.4D4702B0C3E38B35.4D4702B0C3E38B35.4DD68F0663C025AA&__acm__=1526497166_a0881080bf967b2f01d238c54630c957’

     0K .......... .......... .......... .......... ..........  5% 1.71M 0s
    50K .......... .......... .......... .......... .......... 11% 2.21M 0s
   100K .......... .......... .......... .......... .......... 17% 3.67M 0s
   150K .......... .......... .......... .......... .......... 22% 3.69M 0s
   200K .......... .......... .......... .......... .......... 28% 3.10M 0s
   250K .......... .......... .......... .......... .......... 34% 2.21M 0s
   300K .......... .......... .......... .......... .......... 39% 2.88M 0s
   350K .......... .......... .......... .......... .......... 45% 5.31M 0s
   400K .......... .......... .......... .......... .......... 51%  347M 0s
   450K .......... .......... .......... .......... .......... 56% 4.31M 0s
   500K .......... .......... .......... .......... .......... 62% 1.24M 0s
   550K .......... .......... .......... .......... .......... 68% 1.78M 0s
   600K .......... .......... .......... .......... .......... 73% 24.3M 0s
   650K .......... .......... .......... .......... .......... 79% 2.10M 0s
   700K .......... .......... .......... .......... .......... 85%  174M 0s
   750K .......... .......... .......... .......... .......... 90% 2.71M 0s
   800K .......... .......... .......... .......... .......... 96%  179M 0s
   850K .......... .......... ..........                      100% 9.82M=0.3s

2018-05-16 14:54:26 (3.23 MB/s) - ‘../data/delivery.acm.org/10.1145/3200000/3192306/p1163-ibanez.pdf?ip=24.48.71.56&id=3192306&acc=OPENTOC&key=4D4702B0C3E38B35.4D4702B0C3E38B35.4D4702B0C3E38B35.4DD68F0663C025AA&__acm__=1526497166_a0881080bf967b2f01d238c54630c957’ saved [901839/901839]

FINISHED --2018-05-16 14:54:26--
Total wall clock time: 0.4s
Downloaded: 1 files, 881K in 0.3s (3.23 MB/s)
Converted links in 0 files in 0 seconds.
