--2018-05-16 15:20:41--  http://delivery.acm.org/10.1145/3190000/3186336/p267-mahapatra.html?ip=24.48.71.56&id=3186336&acc=OPENTOC&key=4D4702B0C3E38B35%2E4D4702B0C3E38B35%2E4D4702B0C3E38B35%2E4DD68F0663C025AA&__acm__=1526498740_3fafc1ae969dc3730458e008c788bff6
Resolving delivery.acm.org (delivery.acm.org)... 24.200.120.82, 24.200.120.90
Connecting to delivery.acm.org (delivery.acm.org)|24.200.120.82|:80... connected.
HTTP request sent, awaiting response... 200 OK
Length: 78086 (76K) [text/html]
Saving to: ‘../data/delivery.acm.org/10.1145/3190000/3186336/p267-mahapatra.html?ip=24.48.71.56&id=3186336&acc=OPENTOC&key=4D4702B0C3E38B35.4D4702B0C3E38B35.4D4702B0C3E38B35.4DD68F0663C025AA&__acm__=1526498740_3fafc1ae969dc3730458e008c788bff6’

     0K .......... .......... .......... .......... .......... 65% 3.01M 0s
    50K .......... .......... ......                          100% 3.47M=0.02s

2018-05-16 15:20:42 (3.15 MB/s) - ‘../data/delivery.acm.org/10.1145/3190000/3186336/p267-mahapatra.html?ip=24.48.71.56&id=3186336&acc=OPENTOC&key=4D4702B0C3E38B35.4D4702B0C3E38B35.4D4702B0C3E38B35.4DD68F0663C025AA&__acm__=1526498740_3fafc1ae969dc3730458e008c788bff6’ saved [78086/78086]

--2018-05-16 15:20:42--  http://deliveryimages.acm.org/10.1145/3190000/3186336/images/www18companion-98-fig1.jpg
Resolving deliveryimages.acm.org (deliveryimages.acm.org)... 104.17.79.191, 104.17.80.191
Connecting to deliveryimages.acm.org (deliveryimages.acm.org)|104.17.79.191|:80... connected.
HTTP request sent, awaiting response... 301 Moved Permanently
Location: https://deliveryimages.acm.org/10.1145/3190000/3186336/images/www18companion-98-fig1.jpg [following]
--2018-05-16 15:20:42--  https://deliveryimages.acm.org/10.1145/3190000/3186336/images/www18companion-98-fig1.jpg
Connecting to deliveryimages.acm.org (deliveryimages.acm.org)|104.17.79.191|:443... connected.
HTTP request sent, awaiting response... 200 OK
Length: 130606 (128K) [image/jpeg]
Saving to: ‘../data/deliveryimages.acm.org/10.1145/3190000/3186336/images/www18companion-98-fig1.jpg’

     0K .......... .......... .......... .......... .......... 39% 1.73M 0s
    50K .......... .......... .......... .......... .......... 78% 3.86M 0s
   100K .......... .......... .......                         100% 5.38M=0.05s

2018-05-16 15:20:42 (2.72 MB/s) - ‘../data/deliveryimages.acm.org/10.1145/3190000/3186336/images/www18companion-98-fig1.jpg’ saved [130606/130606]

--2018-05-16 15:20:42--  http://deliveryimages.acm.org/10.1145/3190000/3186336/images/www18companion-98-fig2.jpg
Connecting to deliveryimages.acm.org (deliveryimages.acm.org)|104.17.79.191|:80... connected.
HTTP request sent, awaiting response... 301 Moved Permanently
Location: https://deliveryimages.acm.org/10.1145/3190000/3186336/images/www18companion-98-fig2.jpg [following]
--2018-05-16 15:20:42--  https://deliveryimages.acm.org/10.1145/3190000/3186336/images/www18companion-98-fig2.jpg
Connecting to deliveryimages.acm.org (deliveryimages.acm.org)|104.17.79.191|:443... connected.
HTTP request sent, awaiting response... 200 OK
Length: 95716 (93K) [image/jpeg]
Saving to: ‘../data/deliveryimages.acm.org/10.1145/3190000/3186336/images/www18companion-98-fig2.jpg’

     0K .......... .......... .......... .......... .......... 53% 1.77M 0s
    50K .......... .......... .......... .......... ...       100% 4.29M=0.04s

2018-05-16 15:20:42 (2.44 MB/s) - ‘../data/deliveryimages.acm.org/10.1145/3190000/3186336/images/www18companion-98-fig2.jpg’ saved [95716/95716]

--2018-05-16 15:20:42--  http://deliveryimages.acm.org/10.1145/3190000/3186336/images/www18companion-98-fig3.jpg
Connecting to deliveryimages.acm.org (deliveryimages.acm.org)|104.17.79.191|:80... connected.
HTTP request sent, awaiting response... 301 Moved Permanently
Location: https://deliveryimages.acm.org/10.1145/3190000/3186336/images/www18companion-98-fig3.jpg [following]
--2018-05-16 15:20:42--  https://deliveryimages.acm.org/10.1145/3190000/3186336/images/www18companion-98-fig3.jpg
Connecting to deliveryimages.acm.org (deliveryimages.acm.org)|104.17.79.191|:443... connected.
HTTP request sent, awaiting response... 200 OK
Length: 41510 (41K) [image/jpeg]
Saving to: ‘../data/deliveryimages.acm.org/10.1145/3190000/3186336/images/www18companion-98-fig3.jpg’

     0K .......... .......... .......... ..........           100% 1.29M=0.03s

2018-05-16 15:20:42 (1.29 MB/s) - ‘../data/deliveryimages.acm.org/10.1145/3190000/3186336/images/www18companion-98-fig3.jpg’ saved [41510/41510]

--2018-05-16 15:20:42--  http://deliveryimages.acm.org/10.1145/3190000/3186336/images/www18companion-98-fig4.jpg
Connecting to deliveryimages.acm.org (deliveryimages.acm.org)|104.17.79.191|:80... connected.
HTTP request sent, awaiting response... 301 Moved Permanently
Location: https://deliveryimages.acm.org/10.1145/3190000/3186336/images/www18companion-98-fig4.jpg [following]
--2018-05-16 15:20:43--  https://deliveryimages.acm.org/10.1145/3190000/3186336/images/www18companion-98-fig4.jpg
Connecting to deliveryimages.acm.org (deliveryimages.acm.org)|104.17.79.191|:443... connected.
HTTP request sent, awaiting response... 200 OK
Length: 98918 (97K) [image/jpeg]
Saving to: ‘../data/deliveryimages.acm.org/10.1145/3190000/3186336/images/www18companion-98-fig4.jpg’

     0K .......... .......... .......... .......... .......... 51%  823K 0s
    50K .......... .......... .......... .......... ......    100% 1.18M=0.1s

2018-05-16 15:20:43 (974 KB/s) - ‘../data/deliveryimages.acm.org/10.1145/3190000/3186336/images/www18companion-98-fig4.jpg’ saved [98918/98918]

--2018-05-16 15:20:43--  http://deliveryimages.acm.org/10.1145/3190000/3186336/images/www18companion-98-fig5.jpg
Connecting to deliveryimages.acm.org (deliveryimages.acm.org)|104.17.79.191|:80... connected.
HTTP request sent, awaiting response... 301 Moved Permanently
Location: https://deliveryimages.acm.org/10.1145/3190000/3186336/images/www18companion-98-fig5.jpg [following]
--2018-05-16 15:20:43--  https://deliveryimages.acm.org/10.1145/3190000/3186336/images/www18companion-98-fig5.jpg
Connecting to deliveryimages.acm.org (deliveryimages.acm.org)|104.17.79.191|:443... connected.
HTTP request sent, awaiting response... 200 OK
Length: 88035 (86K) [image/jpeg]
Saving to: ‘../data/deliveryimages.acm.org/10.1145/3190000/3186336/images/www18companion-98-fig5.jpg’

     0K .......... .......... .......... .......... .......... 58% 1.21M 0s
    50K .......... .......... .......... .....                100% 1.55M=0.06s

2018-05-16 15:20:43 (1.34 MB/s) - ‘../data/deliveryimages.acm.org/10.1145/3190000/3186336/images/www18companion-98-fig5.jpg’ saved [88035/88035]

--2018-05-16 15:20:43--  http://deliveryimages.acm.org/10.1145/3190000/3186336/images/www18companion-98-fig6.jpg
Connecting to deliveryimages.acm.org (deliveryimages.acm.org)|104.17.79.191|:80... connected.
HTTP request sent, awaiting response... 301 Moved Permanently
Location: https://deliveryimages.acm.org/10.1145/3190000/3186336/images/www18companion-98-fig6.jpg [following]
--2018-05-16 15:20:43--  https://deliveryimages.acm.org/10.1145/3190000/3186336/images/www18companion-98-fig6.jpg
Connecting to deliveryimages.acm.org (deliveryimages.acm.org)|104.17.79.191|:443... connected.
HTTP request sent, awaiting response... 200 OK
Length: 55863 (55K) [image/jpeg]
Saving to: ‘../data/deliveryimages.acm.org/10.1145/3190000/3186336/images/www18companion-98-fig6.jpg’

     0K .......... .......... .......... .......... .......... 91% 1.26M 0s
    50K ....                                                  100% 1.95M=0.04s

2018-05-16 15:20:44 (1.30 MB/s) - ‘../data/deliveryimages.acm.org/10.1145/3190000/3186336/images/www18companion-98-fig6.jpg’ saved [55863/55863]

--2018-05-16 15:20:44--  http://deliveryimages.acm.org/10.1145/3190000/3186336/images/www18companion-98-fig7.jpg
Connecting to deliveryimages.acm.org (deliveryimages.acm.org)|104.17.79.191|:80... connected.
HTTP request sent, awaiting response... 301 Moved Permanently
Location: https://deliveryimages.acm.org/10.1145/3190000/3186336/images/www18companion-98-fig7.jpg [following]
--2018-05-16 15:20:44--  https://deliveryimages.acm.org/10.1145/3190000/3186336/images/www18companion-98-fig7.jpg
Connecting to deliveryimages.acm.org (deliveryimages.acm.org)|104.17.79.191|:443... connected.
HTTP request sent, awaiting response... 200 OK
Length: 61485 (60K) [image/jpeg]
Saving to: ‘../data/deliveryimages.acm.org/10.1145/3190000/3186336/images/www18companion-98-fig7.jpg’

     0K .......... .......... .......... .......... .......... 83% 1.59M 0s
    50K ..........                                            100% 13.7M=0.03s

2018-05-16 15:20:45 (1.87 MB/s) - ‘../data/deliveryimages.acm.org/10.1145/3190000/3186336/images/www18companion-98-fig7.jpg’ saved [61485/61485]

--2018-05-16 15:20:45--  http://deliveryimages.acm.org/10.1145/3190000/3186336/images/www18companion-98-fig8.jpg
Connecting to deliveryimages.acm.org (deliveryimages.acm.org)|104.17.79.191|:80... connected.
HTTP request sent, awaiting response... 301 Moved Permanently
Location: https://deliveryimages.acm.org/10.1145/3190000/3186336/images/www18companion-98-fig8.jpg [following]
--2018-05-16 15:20:45--  https://deliveryimages.acm.org/10.1145/3190000/3186336/images/www18companion-98-fig8.jpg
Connecting to deliveryimages.acm.org (deliveryimages.acm.org)|104.17.79.191|:443... connected.
HTTP request sent, awaiting response... 200 OK
Length: 68134 (67K) [image/jpeg]
Saving to: ‘../data/deliveryimages.acm.org/10.1145/3190000/3186336/images/www18companion-98-fig8.jpg’

     0K .......... .......... .......... .......... .......... 75% 1.35M 0s
    50K .......... ......                                     100% 1.64M=0.05s

2018-05-16 15:20:45 (1.42 MB/s) - ‘../data/deliveryimages.acm.org/10.1145/3190000/3186336/images/www18companion-98-fig8.jpg’ saved [68134/68134]

FINISHED --2018-05-16 15:20:45--
Total wall clock time: 3.5s
Downloaded: 9 files, 702K in 0.4s (1.64 MB/s)
Converting links in ../data/delivery.acm.org/10.1145/3190000/3186336/p267-mahapatra.html?ip=24.48.71.56&id=3186336&acc=OPENTOC&key=4D4702B0C3E38B35.4D4702B0C3E38B35.4D4702B0C3E38B35.4DD68F0663C025AA&__acm__=1526498740_3fafc1ae969dc3730458e008c788bff6... 76-0
Converted links in 1 files in 0.003 seconds.
