--2018-05-16 14:59:51--  http://delivery.acm.org/10.1145/3200000/3192307/p1188-ahlers.pdf?ip=24.48.71.56&id=3192307&acc=OPENTOC&key=4D4702B0C3E38B35%2E4D4702B0C3E38B35%2E4D4702B0C3E38B35%2E4DD68F0663C025AA&__acm__=1526497490_a708b66d28eb627bdfa872e210015f80
Resolving delivery.acm.org (delivery.acm.org)... 24.200.120.82, 24.200.120.90
Connecting to delivery.acm.org (delivery.acm.org)|24.200.120.82|:80... connected.
HTTP request sent, awaiting response... 200 OK
Length: 1169680 (1.1M) [application/pdf]
Saving to: ‘../data/delivery.acm.org/10.1145/3200000/3192307/p1188-ahlers.pdf?ip=24.48.71.56&id=3192307&acc=OPENTOC&key=4D4702B0C3E38B35.4D4702B0C3E38B35.4D4702B0C3E38B35.4DD68F0663C025AA&__acm__=1526497490_a708b66d28eb627bdfa872e210015f80’

     0K .......... .......... .......... .......... ..........  4% 1.87M 1s
    50K .......... .......... .......... .......... ..........  8% 4.37M 0s
   100K .......... .......... .......... .......... .......... 13% 2.37M 0s
   150K .......... .......... .......... .......... .......... 17% 6.07M 0s
   200K .......... .......... .......... .......... .......... 21% 5.74M 0s
   250K .......... .......... .......... .......... .......... 26% 4.17M 0s
   300K .......... .......... .......... .......... .......... 30% 4.30M 0s
   350K .......... .......... .......... .......... .......... 35% 3.81M 0s
   400K .......... .......... .......... .......... .......... 39% 3.34M 0s
   450K .......... .......... .......... .......... .......... 43% 4.41M 0s
   500K .......... .......... .......... .......... .......... 48% 4.26M 0s
   550K .......... .......... .......... .......... .......... 52% 3.74M 0s
   600K .......... .......... .......... .......... .......... 56% 5.69M 0s
   650K .......... .......... .......... .......... .......... 61% 3.54M 0s
   700K .......... .......... .......... .......... .......... 65% 3.92M 0s
   750K .......... .......... .......... .......... .......... 70% 4.31M 0s
   800K .......... .......... .......... .......... .......... 74% 3.41M 0s
   850K .......... .......... .......... .......... .......... 78% 5.80M 0s
   900K .......... .......... .......... .......... .......... 83% 4.04M 0s
   950K .......... .......... .......... .......... .......... 87% 4.20M 0s
  1000K .......... .......... .......... .......... .......... 91% 3.91M 0s
  1050K .......... .......... .......... .......... .......... 96% 3.92M 0s
  1100K .......... .......... .......... .......... ..        100% 1.80M=0.3s

2018-05-16 14:59:52 (3.71 MB/s) - ‘../data/delivery.acm.org/10.1145/3200000/3192307/p1188-ahlers.pdf?ip=24.48.71.56&id=3192307&acc=OPENTOC&key=4D4702B0C3E38B35.4D4702B0C3E38B35.4D4702B0C3E38B35.4DD68F0663C025AA&__acm__=1526497490_a708b66d28eb627bdfa872e210015f80’ saved [1169680/1169680]

FINISHED --2018-05-16 14:59:52--
Total wall clock time: 0.4s
Downloaded: 1 files, 1.1M in 0.3s (3.71 MB/s)
Converted links in 0 files in 0 seconds.
