--2018-05-16 15:24:35--  http://delivery.acm.org/10.1145/3190000/3186236/p473-farajtabar.html?ip=24.48.71.56&id=3186236&acc=OPENTOC&key=4D4702B0C3E38B35%2E4D4702B0C3E38B35%2E4D4702B0C3E38B35%2E4DD68F0663C025AA&__acm__=1526498975_c564d1fe5a2e7e4fbe99330329ff3abe
Resolving delivery.acm.org (delivery.acm.org)... 24.200.120.90, 24.200.120.82
Connecting to delivery.acm.org (delivery.acm.org)|24.200.120.90|:80... connected.
HTTP request sent, awaiting response... 200 OK
Length: 47767 (47K) [text/html]
Saving to: ‘../data/delivery.acm.org/10.1145/3190000/3186236/p473-farajtabar.html?ip=24.48.71.56&id=3186236&acc=OPENTOC&key=4D4702B0C3E38B35.4D4702B0C3E38B35.4D4702B0C3E38B35.4DD68F0663C025AA&__acm__=1526498975_c564d1fe5a2e7e4fbe99330329ff3abe’

     0K .......... .......... .......... .......... ......    100% 1.76M=0.03s

2018-05-16 15:24:36 (1.76 MB/s) - ‘../data/delivery.acm.org/10.1145/3190000/3186236/p473-farajtabar.html?ip=24.48.71.56&id=3186236&acc=OPENTOC&key=4D4702B0C3E38B35.4D4702B0C3E38B35.4D4702B0C3E38B35.4DD68F0663C025AA&__acm__=1526498975_c564d1fe5a2e7e4fbe99330329ff3abe’ saved [47767/47767]

--2018-05-16 15:24:36--  http://deliveryimages.acm.org/10.1145/3190000/3186236/images/www18companion-89-fig1.jpg
Resolving deliveryimages.acm.org (deliveryimages.acm.org)... 104.17.79.191, 104.17.80.191
Connecting to deliveryimages.acm.org (deliveryimages.acm.org)|104.17.79.191|:80... connected.
HTTP request sent, awaiting response... 301 Moved Permanently
Location: https://deliveryimages.acm.org/10.1145/3190000/3186236/images/www18companion-89-fig1.jpg [following]
--2018-05-16 15:24:36--  https://deliveryimages.acm.org/10.1145/3190000/3186236/images/www18companion-89-fig1.jpg
Connecting to deliveryimages.acm.org (deliveryimages.acm.org)|104.17.79.191|:443... connected.
HTTP request sent, awaiting response... 200 OK
Length: 29944 (29K) [image/jpeg]
Saving to: ‘../data/deliveryimages.acm.org/10.1145/3190000/3186236/images/www18companion-89-fig1.jpg’

     0K .......... .......... .........                       100% 1.20M=0.02s

2018-05-16 15:24:36 (1.20 MB/s) - ‘../data/deliveryimages.acm.org/10.1145/3190000/3186236/images/www18companion-89-fig1.jpg’ saved [29944/29944]

--2018-05-16 15:24:36--  http://deliveryimages.acm.org/10.1145/3190000/3186236/images/www18companion-89-fig2.jpg
Connecting to deliveryimages.acm.org (deliveryimages.acm.org)|104.17.79.191|:80... connected.
HTTP request sent, awaiting response... 301 Moved Permanently
Location: https://deliveryimages.acm.org/10.1145/3190000/3186236/images/www18companion-89-fig2.jpg [following]
--2018-05-16 15:24:36--  https://deliveryimages.acm.org/10.1145/3190000/3186236/images/www18companion-89-fig2.jpg
Connecting to deliveryimages.acm.org (deliveryimages.acm.org)|104.17.79.191|:443... connected.
HTTP request sent, awaiting response... 200 OK
Length: 66507 (65K) [image/jpeg]
Saving to: ‘../data/deliveryimages.acm.org/10.1145/3190000/3186236/images/www18companion-89-fig2.jpg’

     0K .......... .......... .......... .......... .......... 76%  910K 0s
    50K .......... ....                                       100%  994K=0.07s

2018-05-16 15:24:36 (928 KB/s) - ‘../data/deliveryimages.acm.org/10.1145/3190000/3186236/images/www18companion-89-fig2.jpg’ saved [66507/66507]

--2018-05-16 15:24:36--  http://deliveryimages.acm.org/10.1145/3190000/3186236/images/www18companion-89-fig3.jpg
Connecting to deliveryimages.acm.org (deliveryimages.acm.org)|104.17.79.191|:80... connected.
HTTP request sent, awaiting response... 301 Moved Permanently
Location: https://deliveryimages.acm.org/10.1145/3190000/3186236/images/www18companion-89-fig3.jpg [following]
--2018-05-16 15:24:36--  https://deliveryimages.acm.org/10.1145/3190000/3186236/images/www18companion-89-fig3.jpg
Connecting to deliveryimages.acm.org (deliveryimages.acm.org)|104.17.79.191|:443... connected.
HTTP request sent, awaiting response... 200 OK
Length: 49373 (48K) [image/jpeg]
Saving to: ‘../data/deliveryimages.acm.org/10.1145/3190000/3186236/images/www18companion-89-fig3.jpg’

     0K .......... .......... .......... .......... ........  100% 1022K=0.05s

2018-05-16 15:24:36 (1022 KB/s) - ‘../data/deliveryimages.acm.org/10.1145/3190000/3186236/images/www18companion-89-fig3.jpg’ saved [49373/49373]

--2018-05-16 15:24:36--  http://deliveryimages.acm.org/10.1145/3190000/3186236/images/www18companion-89-fig4.jpg
Connecting to deliveryimages.acm.org (deliveryimages.acm.org)|104.17.79.191|:80... connected.
HTTP request sent, awaiting response... 301 Moved Permanently
Location: https://deliveryimages.acm.org/10.1145/3190000/3186236/images/www18companion-89-fig4.jpg [following]
--2018-05-16 15:24:36--  https://deliveryimages.acm.org/10.1145/3190000/3186236/images/www18companion-89-fig4.jpg
Connecting to deliveryimages.acm.org (deliveryimages.acm.org)|104.17.79.191|:443... connected.
HTTP request sent, awaiting response... 200 OK
Length: 74869 (73K) [image/jpeg]
Saving to: ‘../data/deliveryimages.acm.org/10.1145/3190000/3186236/images/www18companion-89-fig4.jpg’

     0K .......... .......... .......... .......... .......... 68% 1.72M 0s
    50K .......... .......... ...                             100% 3.80M=0.03s

2018-05-16 15:24:37 (2.08 MB/s) - ‘../data/deliveryimages.acm.org/10.1145/3190000/3186236/images/www18companion-89-fig4.jpg’ saved [74869/74869]

--2018-05-16 15:24:37--  http://deliveryimages.acm.org/10.1145/3190000/3186236/images/www18companion-89-fig5.jpg
Connecting to deliveryimages.acm.org (deliveryimages.acm.org)|104.17.79.191|:80... connected.
HTTP request sent, awaiting response... 301 Moved Permanently
Location: https://deliveryimages.acm.org/10.1145/3190000/3186236/images/www18companion-89-fig5.jpg [following]
--2018-05-16 15:24:37--  https://deliveryimages.acm.org/10.1145/3190000/3186236/images/www18companion-89-fig5.jpg
Connecting to deliveryimages.acm.org (deliveryimages.acm.org)|104.17.79.191|:443... connected.
HTTP request sent, awaiting response... 200 OK
Length: 76396 (75K) [image/jpeg]
Saving to: ‘../data/deliveryimages.acm.org/10.1145/3190000/3186236/images/www18companion-89-fig5.jpg’

     0K .......... .......... .......... .......... .......... 67% 85.6K 0s
    50K .......... .......... ....                            100% 2.41M=0.6s

2018-05-16 15:24:38 (126 KB/s) - ‘../data/deliveryimages.acm.org/10.1145/3190000/3186236/images/www18companion-89-fig5.jpg’ saved [76396/76396]

--2018-05-16 15:24:38--  http://deliveryimages.acm.org/10.1145/3190000/3186236/images/www18companion-89-fig6.jpg
Connecting to deliveryimages.acm.org (deliveryimages.acm.org)|104.17.79.191|:80... connected.
HTTP request sent, awaiting response... 301 Moved Permanently
Location: https://deliveryimages.acm.org/10.1145/3190000/3186236/images/www18companion-89-fig6.jpg [following]
--2018-05-16 15:24:38--  https://deliveryimages.acm.org/10.1145/3190000/3186236/images/www18companion-89-fig6.jpg
Connecting to deliveryimages.acm.org (deliveryimages.acm.org)|104.17.79.191|:443... connected.
HTTP request sent, awaiting response... 200 OK
Length: 82430 (80K) [image/jpeg]
Saving to: ‘../data/deliveryimages.acm.org/10.1145/3190000/3186236/images/www18companion-89-fig6.jpg’

     0K .......... .......... .......... .......... .......... 62%  563K 0s
    50K .......... .......... ..........                      100% 2.42M=0.1s

2018-05-16 15:24:38 (795 KB/s) - ‘../data/deliveryimages.acm.org/10.1145/3190000/3186236/images/www18companion-89-fig6.jpg’ saved [82430/82430]

--2018-05-16 15:24:38--  http://deliveryimages.acm.org/10.1145/3190000/3186236/images/www18companion-89-fig7.jpg
Connecting to deliveryimages.acm.org (deliveryimages.acm.org)|104.17.79.191|:80... connected.
HTTP request sent, awaiting response... 301 Moved Permanently
Location: https://deliveryimages.acm.org/10.1145/3190000/3186236/images/www18companion-89-fig7.jpg [following]
--2018-05-16 15:24:38--  https://deliveryimages.acm.org/10.1145/3190000/3186236/images/www18companion-89-fig7.jpg
Connecting to deliveryimages.acm.org (deliveryimages.acm.org)|104.17.79.191|:443... connected.
HTTP request sent, awaiting response... 200 OK
Length: 65588 (64K) [image/jpeg]
Saving to: ‘../data/deliveryimages.acm.org/10.1145/3190000/3186236/images/www18companion-89-fig7.jpg’

     0K .......... .......... .......... .......... .......... 78%  541K 0s
    50K .......... ....                                       100% 33.2M=0.09s

2018-05-16 15:24:38 (690 KB/s) - ‘../data/deliveryimages.acm.org/10.1145/3190000/3186236/images/www18companion-89-fig7.jpg’ saved [65588/65588]

FINISHED --2018-05-16 15:24:38--
Total wall clock time: 3.3s
Downloaded: 8 files, 481K in 1.0s (487 KB/s)
Converting links in ../data/delivery.acm.org/10.1145/3190000/3186236/p473-farajtabar.html?ip=24.48.71.56&id=3186236&acc=OPENTOC&key=4D4702B0C3E38B35.4D4702B0C3E38B35.4D4702B0C3E38B35.4DD68F0663C025AA&__acm__=1526498975_c564d1fe5a2e7e4fbe99330329ff3abe... 66-0
Converted links in 1 files in 0.003 seconds.
