--2018-05-16 15:06:01--  http://delivery.acm.org/10.1145/3200000/3192311/p1365-jorge.pdf?ip=24.48.71.56&id=3192311&acc=OPENTOC&key=4D4702B0C3E38B35%2E4D4702B0C3E38B35%2E4D4702B0C3E38B35%2E4DD68F0663C025AA&__acm__=1526497860_73c61d3bec7be35c7ecbdacfc4e8f895
Resolving delivery.acm.org (delivery.acm.org)... 24.200.120.90, 24.200.120.82
Connecting to delivery.acm.org (delivery.acm.org)|24.200.120.90|:80... connected.
HTTP request sent, awaiting response... 200 OK
Length: 963313 (941K) [application/pdf]
Saving to: ‘../data/delivery.acm.org/10.1145/3200000/3192311/p1365-jorge.pdf?ip=24.48.71.56&id=3192311&acc=OPENTOC&key=4D4702B0C3E38B35.4D4702B0C3E38B35.4D4702B0C3E38B35.4DD68F0663C025AA&__acm__=1526497860_73c61d3bec7be35c7ecbdacfc4e8f895’

     0K .......... .......... .......... .......... ..........  5% 1.83M 0s
    50K .......... .......... .......... .......... .......... 10% 3.62M 0s
   100K .......... .......... .......... .......... .......... 15% 1.69M 0s
   150K .......... .......... .......... .......... .......... 21% 3.06M 0s
   200K .......... .......... .......... .......... .......... 26% 1.46M 0s
   250K .......... .......... .......... .......... .......... 31% 2.27M 0s
   300K .......... .......... .......... .......... .......... 37% 1.97M 0s
   350K .......... .......... .......... .......... .......... 42% 2.33M 0s
   400K .......... .......... .......... .......... .......... 47% 11.2M 0s
   450K .......... .......... .......... .......... .......... 53% 1.56M 0s
   500K .......... .......... .......... .......... .......... 58% 1.41M 0s
   550K .......... .......... .......... .......... .......... 63% 6.39M 0s
   600K .......... .......... .......... .......... .......... 69% 4.70M 0s
   650K .......... .......... .......... .......... .......... 74% 3.47M 0s
   700K .......... .......... .......... .......... .......... 79% 5.36M 0s
   750K .......... .......... .......... .......... .......... 85% 2.35M 0s
   800K .......... .......... .......... .......... .......... 90% 2.42M 0s
   850K .......... .......... .......... .......... .......... 95% 1.28M 0s
   900K .......... .......... .......... ..........           100%  145M=0.4s

2018-05-16 15:06:02 (2.44 MB/s) - ‘../data/delivery.acm.org/10.1145/3200000/3192311/p1365-jorge.pdf?ip=24.48.71.56&id=3192311&acc=OPENTOC&key=4D4702B0C3E38B35.4D4702B0C3E38B35.4D4702B0C3E38B35.4DD68F0663C025AA&__acm__=1526497860_73c61d3bec7be35c7ecbdacfc4e8f895’ saved [963313/963313]

FINISHED --2018-05-16 15:06:02--
Total wall clock time: 0.6s
Downloaded: 1 files, 941K in 0.4s (2.44 MB/s)
Converted links in 0 files in 0 seconds.
