--2018-05-16 15:03:03--  http://delivery.acm.org/10.1145/3200000/3191541/p1087-diefenbach.html?ip=24.48.71.56&id=3191541&acc=OPENTOC&key=4D4702B0C3E38B35%2E4D4702B0C3E38B35%2E4D4702B0C3E38B35%2E4DD68F0663C025AA&__acm__=1526497683_d0847a2dbf3afe4403ce298954c15e16
Resolving delivery.acm.org (delivery.acm.org)... 24.200.120.90, 24.200.120.82
Connecting to delivery.acm.org (delivery.acm.org)|24.200.120.90|:80... connected.
HTTP request sent, awaiting response... 200 OK
Length: 71927 (70K) [text/html]
Saving to: ‘../data/delivery.acm.org/10.1145/3200000/3191541/p1087-diefenbach.html?ip=24.48.71.56&id=3191541&acc=OPENTOC&key=4D4702B0C3E38B35.4D4702B0C3E38B35.4D4702B0C3E38B35.4DD68F0663C025AA&__acm__=1526497683_d0847a2dbf3afe4403ce298954c15e16’

     0K .......... .......... .......... .......... .......... 71% 2.48M 0s
    50K .......... ..........                                 100% 5.91M=0.02s

2018-05-16 15:03:03 (2.98 MB/s) - ‘../data/delivery.acm.org/10.1145/3200000/3191541/p1087-diefenbach.html?ip=24.48.71.56&id=3191541&acc=OPENTOC&key=4D4702B0C3E38B35.4D4702B0C3E38B35.4D4702B0C3E38B35.4DD68F0663C025AA&__acm__=1526497683_d0847a2dbf3afe4403ce298954c15e16’ saved [71927/71927]

--2018-05-16 15:03:03--  http://deliveryimages.acm.org/10.1145/3200000/3191541/images/www18companion-280-img1.svg
Resolving deliveryimages.acm.org (deliveryimages.acm.org)... 104.17.79.191, 104.17.80.191
Connecting to deliveryimages.acm.org (deliveryimages.acm.org)|104.17.79.191|:80... connected.
HTTP request sent, awaiting response... 301 Moved Permanently
Location: https://deliveryimages.acm.org/10.1145/3200000/3191541/images/www18companion-280-img1.svg [following]
--2018-05-16 15:03:03--  https://deliveryimages.acm.org/10.1145/3200000/3191541/images/www18companion-280-img1.svg
Connecting to deliveryimages.acm.org (deliveryimages.acm.org)|104.17.79.191|:443... connected.
HTTP request sent, awaiting response... 200 OK
Length: 36736 (36K) [image/svg+xml]
Saving to: ‘../data/deliveryimages.acm.org/10.1145/3200000/3191541/images/www18companion-280-img1.svg’

     0K .......... .......... .......... .....                100% 1.22M=0.03s

2018-05-16 15:03:03 (1.22 MB/s) - ‘../data/deliveryimages.acm.org/10.1145/3200000/3191541/images/www18companion-280-img1.svg’ saved [36736/36736]

--2018-05-16 15:03:03--  http://deliveryimages.acm.org/10.1145/3200000/3191541/images/www18companion-280-img2.svg
Connecting to deliveryimages.acm.org (deliveryimages.acm.org)|104.17.79.191|:80... connected.
HTTP request sent, awaiting response... 301 Moved Permanently
Location: https://deliveryimages.acm.org/10.1145/3200000/3191541/images/www18companion-280-img2.svg [following]
--2018-05-16 15:03:04--  https://deliveryimages.acm.org/10.1145/3200000/3191541/images/www18companion-280-img2.svg
Connecting to deliveryimages.acm.org (deliveryimages.acm.org)|104.17.79.191|:443... connected.
HTTP request sent, awaiting response... 200 OK
Length: 45619 (45K) [image/svg+xml]
Saving to: ‘../data/deliveryimages.acm.org/10.1145/3200000/3191541/images/www18companion-280-img2.svg’

     0K .......... .......... .......... .......... ....      100% 1.85M=0.02s

2018-05-16 15:03:04 (1.85 MB/s) - ‘../data/deliveryimages.acm.org/10.1145/3200000/3191541/images/www18companion-280-img2.svg’ saved [45619/45619]

--2018-05-16 15:03:04--  http://deliveryimages.acm.org/10.1145/3200000/3191541/images/www18companion-280-fig1.jpg
Connecting to deliveryimages.acm.org (deliveryimages.acm.org)|104.17.79.191|:80... connected.
HTTP request sent, awaiting response... 301 Moved Permanently
Location: https://deliveryimages.acm.org/10.1145/3200000/3191541/images/www18companion-280-fig1.jpg [following]
--2018-05-16 15:03:04--  https://deliveryimages.acm.org/10.1145/3200000/3191541/images/www18companion-280-fig1.jpg
Connecting to deliveryimages.acm.org (deliveryimages.acm.org)|104.17.79.191|:443... connected.
HTTP request sent, awaiting response... 200 OK
Length: 463700 (453K) [image/jpeg]
Saving to: ‘../data/deliveryimages.acm.org/10.1145/3200000/3191541/images/www18companion-280-fig1.jpg’

     0K .......... .......... .......... .......... .......... 11% 1.10M 0s
    50K .......... .......... .......... .......... .......... 22% 3.76M 0s
   100K .......... .......... .......... .......... .......... 33% 3.80M 0s
   150K .......... .......... .......... .......... .......... 44% 4.47M 0s
   200K .......... .......... .......... .......... .......... 55% 2.09M 0s
   250K .......... .......... .......... .......... .......... 66% 2.78M 0s
   300K .......... .......... .......... .......... .......... 77% 8.44M 0s
   350K .......... .......... .......... .......... .......... 88% 2.40M 0s
   400K .......... .......... .......... .......... .......... 99% 16.8M 0s
   450K ..                                                    100% 5402G=0.2s

2018-05-16 15:03:04 (2.93 MB/s) - ‘../data/deliveryimages.acm.org/10.1145/3200000/3191541/images/www18companion-280-fig1.jpg’ saved [463700/463700]

--2018-05-16 15:03:04--  http://deliveryimages.acm.org/10.1145/3200000/3191541/images/www18companion-280-img3.svg
Connecting to deliveryimages.acm.org (deliveryimages.acm.org)|104.17.79.191|:80... connected.
HTTP request sent, awaiting response... 301 Moved Permanently
Location: https://deliveryimages.acm.org/10.1145/3200000/3191541/images/www18companion-280-img3.svg [following]
--2018-05-16 15:03:04--  https://deliveryimages.acm.org/10.1145/3200000/3191541/images/www18companion-280-img3.svg
Connecting to deliveryimages.acm.org (deliveryimages.acm.org)|104.17.79.191|:443... connected.
HTTP request sent, awaiting response... 200 OK
Length: 28724 (28K) [image/svg+xml]
Saving to: ‘../data/deliveryimages.acm.org/10.1145/3200000/3191541/images/www18companion-280-img3.svg’

     0K .......... .......... ........                        100% 1.49M=0.02s

2018-05-16 15:03:04 (1.49 MB/s) - ‘../data/deliveryimages.acm.org/10.1145/3200000/3191541/images/www18companion-280-img3.svg’ saved [28724/28724]

--2018-05-16 15:03:04--  http://deliveryimages.acm.org/10.1145/3200000/3191541/images/www18companion-280-fig2.jpg
Connecting to deliveryimages.acm.org (deliveryimages.acm.org)|104.17.79.191|:80... connected.
HTTP request sent, awaiting response... 301 Moved Permanently
Location: https://deliveryimages.acm.org/10.1145/3200000/3191541/images/www18companion-280-fig2.jpg [following]
--2018-05-16 15:03:04--  https://deliveryimages.acm.org/10.1145/3200000/3191541/images/www18companion-280-fig2.jpg
Connecting to deliveryimages.acm.org (deliveryimages.acm.org)|104.17.79.191|:443... connected.
HTTP request sent, awaiting response... 200 OK
Length: 78056 (76K) [image/jpeg]
Saving to: ‘../data/deliveryimages.acm.org/10.1145/3200000/3191541/images/www18companion-280-fig2.jpg’

     0K .......... .......... .......... .......... .......... 65% 1.05M 0s
    50K .......... .......... ......                          100% 5.97M=0.05s

2018-05-16 15:03:05 (1.46 MB/s) - ‘../data/deliveryimages.acm.org/10.1145/3200000/3191541/images/www18companion-280-fig2.jpg’ saved [78056/78056]

FINISHED --2018-05-16 15:03:05--
Total wall clock time: 1.7s
Downloaded: 6 files, 708K in 0.3s (2.34 MB/s)
Converting links in ../data/delivery.acm.org/10.1145/3200000/3191541/p1087-diefenbach.html?ip=24.48.71.56&id=3191541&acc=OPENTOC&key=4D4702B0C3E38B35.4D4702B0C3E38B35.4D4702B0C3E38B35.4DD68F0663C025AA&__acm__=1526497683_d0847a2dbf3afe4403ce298954c15e16... 59-0
Converted links in 1 files in 0.002 seconds.
