--2018-05-16 14:18:34--  http://delivery.acm.org/10.1145/3190000/3186098/p319-srinivasan.html?ip=24.48.71.56&id=3186098&acc=OPENTOC&key=4D4702B0C3E38B35%2E4D4702B0C3E38B35%2E4D4702B0C3E38B35%2E4DD68F0663C025AA&__acm__=1526495014_88e6402d03f777d249cd540015b21317
Resolving delivery.acm.org (delivery.acm.org)... 24.200.120.90, 24.200.120.82
Connecting to delivery.acm.org (delivery.acm.org)|24.200.120.90|:80... connected.
HTTP request sent, awaiting response... 200 OK
Length: 113020 (110K) [text/html]
Saving to: ‘../data/delivery.acm.org/10.1145/3190000/3186098/p319-srinivasan.html?ip=24.48.71.56&id=3186098&acc=OPENTOC&key=4D4702B0C3E38B35.4D4702B0C3E38B35.4D4702B0C3E38B35.4DD68F0663C025AA&__acm__=1526495014_88e6402d03f777d249cd540015b21317’

     0K .......... .......... .......... .......... .......... 45%  889K 0s
    50K .......... .......... .......... .......... .......... 90% 2.00M 0s
   100K ..........                                            100% 1.91M=0.09s

2018-05-16 14:18:34 (1.25 MB/s) - ‘../data/delivery.acm.org/10.1145/3190000/3186098/p319-srinivasan.html?ip=24.48.71.56&id=3186098&acc=OPENTOC&key=4D4702B0C3E38B35.4D4702B0C3E38B35.4D4702B0C3E38B35.4DD68F0663C025AA&__acm__=1526495014_88e6402d03f777d249cd540015b21317’ saved [113020/113020]

--2018-05-16 14:18:34--  http://deliveryimages.acm.org/10.1145/3190000/3186098/images/www2018-107-fig1.jpg
Resolving deliveryimages.acm.org (deliveryimages.acm.org)... 104.17.80.191, 104.17.79.191
Connecting to deliveryimages.acm.org (deliveryimages.acm.org)|104.17.80.191|:80... connected.
HTTP request sent, awaiting response... 301 Moved Permanently
Location: https://deliveryimages.acm.org/10.1145/3190000/3186098/images/www2018-107-fig1.jpg [following]
--2018-05-16 14:18:35--  https://deliveryimages.acm.org/10.1145/3190000/3186098/images/www2018-107-fig1.jpg
Connecting to deliveryimages.acm.org (deliveryimages.acm.org)|104.17.80.191|:443... connected.
HTTP request sent, awaiting response... 200 OK
Length: 940000 (918K) [image/jpeg]
Saving to: ‘../data/deliveryimages.acm.org/10.1145/3190000/3186098/images/www2018-107-fig1.jpg’

     0K .......... .......... .......... .......... ..........  5% 1.26M 1s
    50K .......... .......... .......... .......... .......... 10% 2.03M 1s
   100K .......... .......... .......... .......... .......... 16% 6.62M 0s
   150K .......... .......... .......... .......... .......... 21% 1.64M 0s
   200K .......... .......... .......... .......... .......... 27% 1.47M 0s
   250K .......... .......... .......... .......... .......... 32% 1.86M 0s
   300K .......... .......... .......... .......... .......... 38%  113M 0s
   350K .......... .......... .......... .......... .......... 43% 2.55M 0s
   400K .......... .......... .......... .......... .......... 49% 1.24M 0s
   450K .......... .......... .......... .......... .......... 54% 1.66M 0s
   500K .......... .......... .......... .......... .......... 59% 2.13M 0s
   550K .......... .......... .......... .......... .......... 65% 98.0M 0s
   600K .......... .......... .......... .......... .......... 70% 7.68M 0s
   650K .......... .......... .......... .......... .......... 76% 3.00M 0s
   700K .......... .......... .......... .......... .......... 81% 2.06M 0s
   750K .......... .......... .......... .......... .......... 87% 5.43M 0s
   800K .......... .......... .......... .......... .......... 92% 1.84M 0s
   850K .......... .......... .......... .......... .......... 98% 5.33M 0s
   900K .......... .......                                    100%  112M=0.4s

2018-05-16 14:18:35 (2.47 MB/s) - ‘../data/deliveryimages.acm.org/10.1145/3190000/3186098/images/www2018-107-fig1.jpg’ saved [940000/940000]

--2018-05-16 14:18:35--  http://deliveryimages.acm.org/10.1145/3190000/3186098/images/www2018-107-fig2.jpg
Connecting to deliveryimages.acm.org (deliveryimages.acm.org)|104.17.80.191|:80... connected.
HTTP request sent, awaiting response... 301 Moved Permanently
Location: https://deliveryimages.acm.org/10.1145/3190000/3186098/images/www2018-107-fig2.jpg [following]
--2018-05-16 14:18:35--  https://deliveryimages.acm.org/10.1145/3190000/3186098/images/www2018-107-fig2.jpg
Connecting to deliveryimages.acm.org (deliveryimages.acm.org)|104.17.80.191|:443... connected.
HTTP request sent, awaiting response... 200 OK
Length: 79572 (78K) [image/jpeg]
Saving to: ‘../data/deliveryimages.acm.org/10.1145/3190000/3186098/images/www2018-107-fig2.jpg’

     0K .......... .......... .......... .......... .......... 64% 1.17M 0s
    50K .......... .......... .......                         100% 2.75M=0.05s

2018-05-16 14:18:36 (1.47 MB/s) - ‘../data/deliveryimages.acm.org/10.1145/3190000/3186098/images/www2018-107-fig2.jpg’ saved [79572/79572]

--2018-05-16 14:18:36--  http://deliveryimages.acm.org/10.1145/3190000/3186098/images/www2018-107-fig3.jpg
Connecting to deliveryimages.acm.org (deliveryimages.acm.org)|104.17.80.191|:80... connected.
HTTP request sent, awaiting response... 301 Moved Permanently
Location: https://deliveryimages.acm.org/10.1145/3190000/3186098/images/www2018-107-fig3.jpg [following]
--2018-05-16 14:18:36--  https://deliveryimages.acm.org/10.1145/3190000/3186098/images/www2018-107-fig3.jpg
Connecting to deliveryimages.acm.org (deliveryimages.acm.org)|104.17.80.191|:443... connected.
HTTP request sent, awaiting response... 200 OK
Length: 134078 (131K) [image/jpeg]
Saving to: ‘../data/deliveryimages.acm.org/10.1145/3190000/3186098/images/www2018-107-fig3.jpg’

     0K .......... .......... .......... .......... .......... 38% 1.40M 0s
    50K .......... .......... .......... .......... .......... 76% 3.21M 0s
   100K .......... .......... ..........                      100% 3.98M=0.06s

2018-05-16 14:18:36 (2.22 MB/s) - ‘../data/deliveryimages.acm.org/10.1145/3190000/3186098/images/www2018-107-fig3.jpg’ saved [134078/134078]

--2018-05-16 14:18:36--  http://deliveryimages.acm.org/10.1145/3190000/3186098/images/www2018-107-fig4.jpg
Connecting to deliveryimages.acm.org (deliveryimages.acm.org)|104.17.80.191|:80... connected.
HTTP request sent, awaiting response... 301 Moved Permanently
Location: https://deliveryimages.acm.org/10.1145/3190000/3186098/images/www2018-107-fig4.jpg [following]
--2018-05-16 14:18:36--  https://deliveryimages.acm.org/10.1145/3190000/3186098/images/www2018-107-fig4.jpg
Connecting to deliveryimages.acm.org (deliveryimages.acm.org)|104.17.80.191|:443... connected.
HTTP request sent, awaiting response... 200 OK
Length: 258847 (253K) [image/jpeg]
Saving to: ‘../data/deliveryimages.acm.org/10.1145/3190000/3186098/images/www2018-107-fig4.jpg’

     0K .......... .......... .......... .......... .......... 19%  981K 0s
    50K .......... .......... .......... .......... .......... 39%  967K 0s
   100K .......... .......... .......... .......... .......... 59% 1.34M 0s
   150K .......... .......... .......... .......... .......... 79%  574K 0s
   200K .......... .......... .......... .......... .......... 98% 1.31M 0s
   250K ..                                                    100% 5303G=0.3s

2018-05-16 14:18:37 (959 KB/s) - ‘../data/deliveryimages.acm.org/10.1145/3190000/3186098/images/www2018-107-fig4.jpg’ saved [258847/258847]

--2018-05-16 14:18:37--  http://deliveryimages.acm.org/10.1145/3190000/3186098/images/www2018-107-fig5.jpg
Connecting to deliveryimages.acm.org (deliveryimages.acm.org)|104.17.80.191|:80... connected.
HTTP request sent, awaiting response... 301 Moved Permanently
Location: https://deliveryimages.acm.org/10.1145/3190000/3186098/images/www2018-107-fig5.jpg [following]
--2018-05-16 14:18:37--  https://deliveryimages.acm.org/10.1145/3190000/3186098/images/www2018-107-fig5.jpg
Connecting to deliveryimages.acm.org (deliveryimages.acm.org)|104.17.80.191|:443... connected.
HTTP request sent, awaiting response... 200 OK
Length: 17436 (17K) [image/jpeg]
Saving to: ‘../data/deliveryimages.acm.org/10.1145/3190000/3186098/images/www2018-107-fig5.jpg’

     0K .......... .......                                    100%  874K=0.02s

2018-05-16 14:18:37 (874 KB/s) - ‘../data/deliveryimages.acm.org/10.1145/3190000/3186098/images/www2018-107-fig5.jpg’ saved [17436/17436]

--2018-05-16 14:18:37--  http://deliveryimages.acm.org/10.1145/3190000/3186098/images/www2018-107-fig6.jpg
Connecting to deliveryimages.acm.org (deliveryimages.acm.org)|104.17.80.191|:80... connected.
HTTP request sent, awaiting response... 301 Moved Permanently
Location: https://deliveryimages.acm.org/10.1145/3190000/3186098/images/www2018-107-fig6.jpg [following]
--2018-05-16 14:18:37--  https://deliveryimages.acm.org/10.1145/3190000/3186098/images/www2018-107-fig6.jpg
Connecting to deliveryimages.acm.org (deliveryimages.acm.org)|104.17.80.191|:443... connected.
HTTP request sent, awaiting response... 200 OK
Length: 29858 (29K) [image/jpeg]
Saving to: ‘../data/deliveryimages.acm.org/10.1145/3190000/3186098/images/www2018-107-fig6.jpg’

     0K .......... .......... .........                       100% 1.28M=0.02s

2018-05-16 14:18:37 (1.28 MB/s) - ‘../data/deliveryimages.acm.org/10.1145/3190000/3186098/images/www2018-107-fig6.jpg’ saved [29858/29858]

--2018-05-16 14:18:37--  http://deliveryimages.acm.org/10.1145/3190000/3186098/images/www2018-107-fig7.jpg
Connecting to deliveryimages.acm.org (deliveryimages.acm.org)|104.17.80.191|:80... connected.
HTTP request sent, awaiting response... 301 Moved Permanently
Location: https://deliveryimages.acm.org/10.1145/3190000/3186098/images/www2018-107-fig7.jpg [following]
--2018-05-16 14:18:37--  https://deliveryimages.acm.org/10.1145/3190000/3186098/images/www2018-107-fig7.jpg
Connecting to deliveryimages.acm.org (deliveryimages.acm.org)|104.17.80.191|:443... connected.
HTTP request sent, awaiting response... 200 OK
Length: 27388 (27K) [image/jpeg]
Saving to: ‘../data/deliveryimages.acm.org/10.1145/3190000/3186098/images/www2018-107-fig7.jpg’

     0K .......... .......... ......                          100% 1013K=0.03s

2018-05-16 14:18:37 (1013 KB/s) - ‘../data/deliveryimages.acm.org/10.1145/3190000/3186098/images/www2018-107-fig7.jpg’ saved [27388/27388]

FINISHED --2018-05-16 14:18:37--
Total wall clock time: 3.4s
Downloaded: 8 files, 1.5M in 0.9s (1.72 MB/s)
Converting links in ../data/delivery.acm.org/10.1145/3190000/3186098/p319-srinivasan.html?ip=24.48.71.56&id=3186098&acc=OPENTOC&key=4D4702B0C3E38B35.4D4702B0C3E38B35.4D4702B0C3E38B35.4DD68F0663C025AA&__acm__=1526495014_88e6402d03f777d249cd540015b21317... 123-0
Converted links in 1 files in 0.005 seconds.
