--2018-05-16 14:55:20--  http://delivery.acm.org/10.1145/3200000/3191634/p1737-zhang.html?ip=24.48.71.56&id=3191634&acc=OPENTOC&key=4D4702B0C3E38B35%2E4D4702B0C3E38B35%2E4D4702B0C3E38B35%2E4DD68F0663C025AA&__acm__=1526497220_6a1efdf3b8e869fd8363928e26b3d3e2
Resolving delivery.acm.org (delivery.acm.org)... 24.200.120.82, 24.200.120.90
Connecting to delivery.acm.org (delivery.acm.org)|24.200.120.82|:80... connected.
HTTP request sent, awaiting response... 200 OK
Length: 53151 (52K) [text/html]
Saving to: ‘../data/delivery.acm.org/10.1145/3200000/3191634/p1737-zhang.html?ip=24.48.71.56&id=3191634&acc=OPENTOC&key=4D4702B0C3E38B35.4D4702B0C3E38B35.4D4702B0C3E38B35.4DD68F0663C025AA&__acm__=1526497220_6a1efdf3b8e869fd8363928e26b3d3e2’

     0K .......... .......... .......... .......... .......... 96% 3.27M 0s
    50K .                                                     100% 3634G=0.01s

2018-05-16 14:55:20 (3.40 MB/s) - ‘../data/delivery.acm.org/10.1145/3200000/3191634/p1737-zhang.html?ip=24.48.71.56&id=3191634&acc=OPENTOC&key=4D4702B0C3E38B35.4D4702B0C3E38B35.4D4702B0C3E38B35.4DD68F0663C025AA&__acm__=1526497220_6a1efdf3b8e869fd8363928e26b3d3e2’ saved [53151/53151]

--2018-05-16 14:55:20--  http://deliveryimages.acm.org/10.1145/3200000/3191634/images/www18companion-373-fig1.jpg
Resolving deliveryimages.acm.org (deliveryimages.acm.org)... 104.17.79.191, 104.17.80.191
Connecting to deliveryimages.acm.org (deliveryimages.acm.org)|104.17.79.191|:80... connected.
HTTP request sent, awaiting response... 301 Moved Permanently
Location: https://deliveryimages.acm.org/10.1145/3200000/3191634/images/www18companion-373-fig1.jpg [following]
--2018-05-16 14:55:20--  https://deliveryimages.acm.org/10.1145/3200000/3191634/images/www18companion-373-fig1.jpg
Connecting to deliveryimages.acm.org (deliveryimages.acm.org)|104.17.79.191|:443... connected.
HTTP request sent, awaiting response... 200 OK
Length: 124467 (122K) [image/jpeg]
Saving to: ‘../data/deliveryimages.acm.org/10.1145/3200000/3191634/images/www18companion-373-fig1.jpg’

     0K .......... .......... .......... .......... .......... 41% 1.11M 0s
    50K .......... .......... .......... .......... .......... 82% 3.30M 0s
   100K .......... .......... .                               100% 40.2M=0.06s

2018-05-16 14:55:21 (2.01 MB/s) - ‘../data/deliveryimages.acm.org/10.1145/3200000/3191634/images/www18companion-373-fig1.jpg’ saved [124467/124467]

--2018-05-16 14:55:21--  http://deliveryimages.acm.org/10.1145/3200000/3191634/images/www18companion-373-fig2.jpg
Connecting to deliveryimages.acm.org (deliveryimages.acm.org)|104.17.79.191|:80... connected.
HTTP request sent, awaiting response... 301 Moved Permanently
Location: https://deliveryimages.acm.org/10.1145/3200000/3191634/images/www18companion-373-fig2.jpg [following]
--2018-05-16 14:55:21--  https://deliveryimages.acm.org/10.1145/3200000/3191634/images/www18companion-373-fig2.jpg
Connecting to deliveryimages.acm.org (deliveryimages.acm.org)|104.17.79.191|:443... connected.
HTTP request sent, awaiting response... 200 OK
Length: 54387 (53K) [image/jpeg]
Saving to: ‘../data/deliveryimages.acm.org/10.1145/3200000/3191634/images/www18companion-373-fig2.jpg’

     0K .......... .......... .......... .......... .......... 94% 1.22M 0s
    50K ...                                                   100% 39.9M=0.04s

2018-05-16 14:55:21 (1.29 MB/s) - ‘../data/deliveryimages.acm.org/10.1145/3200000/3191634/images/www18companion-373-fig2.jpg’ saved [54387/54387]

--2018-05-16 14:55:21--  http://deliveryimages.acm.org/10.1145/3200000/3191634/images/www18companion-373-fig3.jpg
Connecting to deliveryimages.acm.org (deliveryimages.acm.org)|104.17.79.191|:80... connected.
HTTP request sent, awaiting response... 301 Moved Permanently
Location: https://deliveryimages.acm.org/10.1145/3200000/3191634/images/www18companion-373-fig3.jpg [following]
--2018-05-16 14:55:21--  https://deliveryimages.acm.org/10.1145/3200000/3191634/images/www18companion-373-fig3.jpg
Connecting to deliveryimages.acm.org (deliveryimages.acm.org)|104.17.79.191|:443... connected.
HTTP request sent, awaiting response... 200 OK
Length: 53203 (52K) [image/jpeg]
Saving to: ‘../data/deliveryimages.acm.org/10.1145/3200000/3191634/images/www18companion-373-fig3.jpg’

     0K .......... .......... .......... .......... .......... 96%  468K 0s
    50K .                                                     100% 20.4M=0.1s

2018-05-16 14:55:21 (485 KB/s) - ‘../data/deliveryimages.acm.org/10.1145/3200000/3191634/images/www18companion-373-fig3.jpg’ saved [53203/53203]

--2018-05-16 14:55:21--  http://deliveryimages.acm.org/10.1145/3200000/3191634/images/www18companion-373-fig4.jpg
Connecting to deliveryimages.acm.org (deliveryimages.acm.org)|104.17.79.191|:80... connected.
HTTP request sent, awaiting response... 301 Moved Permanently
Location: https://deliveryimages.acm.org/10.1145/3200000/3191634/images/www18companion-373-fig4.jpg [following]
--2018-05-16 14:55:22--  https://deliveryimages.acm.org/10.1145/3200000/3191634/images/www18companion-373-fig4.jpg
Connecting to deliveryimages.acm.org (deliveryimages.acm.org)|104.17.79.191|:443... connected.
HTTP request sent, awaiting response... 200 OK
Length: 426343 (416K) [image/jpeg]
Saving to: ‘../data/deliveryimages.acm.org/10.1145/3200000/3191634/images/www18companion-373-fig4.jpg’

     0K .......... .......... .......... .......... .......... 12% 1.22M 0s
    50K .......... .......... .......... .......... .......... 24% 3.62M 0s
   100K .......... .......... .......... .......... .......... 36% 2.25M 0s
   150K .......... .......... .......... .......... .......... 48% 6.75M 0s
   200K .......... .......... .......... .......... .......... 60% 3.06M 0s
   250K .......... .......... .......... .......... .......... 72% 4.77M 0s
   300K .......... .......... .......... .......... .......... 84% 7.33M 0s
   350K .......... .......... .......... .......... .......... 96% 3.53M 0s
   400K .......... ......                                     100% 73.4M=0.1s

2018-05-16 14:55:22 (3.14 MB/s) - ‘../data/deliveryimages.acm.org/10.1145/3200000/3191634/images/www18companion-373-fig4.jpg’ saved [426343/426343]

--2018-05-16 14:55:22--  http://deliveryimages.acm.org/10.1145/3200000/3191634/images/www18companion-373-fig5.jpg
Connecting to deliveryimages.acm.org (deliveryimages.acm.org)|104.17.79.191|:80... connected.
HTTP request sent, awaiting response... 301 Moved Permanently
Location: https://deliveryimages.acm.org/10.1145/3200000/3191634/images/www18companion-373-fig5.jpg [following]
--2018-05-16 14:55:22--  https://deliveryimages.acm.org/10.1145/3200000/3191634/images/www18companion-373-fig5.jpg
Connecting to deliveryimages.acm.org (deliveryimages.acm.org)|104.17.79.191|:443... connected.
HTTP request sent, awaiting response... 200 OK
Length: 46530 (45K) [image/jpeg]
Saving to: ‘../data/deliveryimages.acm.org/10.1145/3200000/3191634/images/www18companion-373-fig5.jpg’

     0K .......... .......... .......... .......... .....     100% 1.43M=0.03s

2018-05-16 14:55:22 (1.43 MB/s) - ‘../data/deliveryimages.acm.org/10.1145/3200000/3191634/images/www18companion-373-fig5.jpg’ saved [46530/46530]

--2018-05-16 14:55:22--  http://deliveryimages.acm.org/10.1145/3200000/3191634/images/www18companion-373-fig6.jpg
Connecting to deliveryimages.acm.org (deliveryimages.acm.org)|104.17.79.191|:80... connected.
HTTP request sent, awaiting response... 301 Moved Permanently
Location: https://deliveryimages.acm.org/10.1145/3200000/3191634/images/www18companion-373-fig6.jpg [following]
--2018-05-16 14:55:22--  https://deliveryimages.acm.org/10.1145/3200000/3191634/images/www18companion-373-fig6.jpg
Connecting to deliveryimages.acm.org (deliveryimages.acm.org)|104.17.79.191|:443... connected.
HTTP request sent, awaiting response... 200 OK
Length: 46644 (46K) [image/jpeg]
Saving to: ‘../data/deliveryimages.acm.org/10.1145/3200000/3191634/images/www18companion-373-fig6.jpg’

     0K .......... .......... .......... .......... .....     100% 1.15M=0.04s

2018-05-16 14:55:23 (1.15 MB/s) - ‘../data/deliveryimages.acm.org/10.1145/3200000/3191634/images/www18companion-373-fig6.jpg’ saved [46644/46644]

FINISHED --2018-05-16 14:55:23--
Total wall clock time: 2.5s
Downloaded: 7 files, 786K in 0.4s (1.83 MB/s)
Converting links in ../data/delivery.acm.org/10.1145/3200000/3191634/p1737-zhang.html?ip=24.48.71.56&id=3191634&acc=OPENTOC&key=4D4702B0C3E38B35.4D4702B0C3E38B35.4D4702B0C3E38B35.4DD68F0663C025AA&__acm__=1526497220_6a1efdf3b8e869fd8363928e26b3d3e2... 76-0
Converted links in 1 files in 0.003 seconds.
