--2018-05-16 14:21:13--  http://delivery.acm.org/10.1145/3190000/3186121/p549-de.html?ip=24.48.71.56&id=3186121&acc=OPENTOC&key=4D4702B0C3E38B35%2E4D4702B0C3E38B35%2E4D4702B0C3E38B35%2E4DD68F0663C025AA&__acm__=1526495172_30fe2f081b21f862b9dd226062a18d52
Resolving delivery.acm.org (delivery.acm.org)... 24.200.120.90, 24.200.120.82
Connecting to delivery.acm.org (delivery.acm.org)|24.200.120.90|:80... connected.
HTTP request sent, awaiting response... 200 OK
Length: 135449 (132K) [text/html]
Saving to: ‘../data/delivery.acm.org/10.1145/3190000/3186121/p549-de.html?ip=24.48.71.56&id=3186121&acc=OPENTOC&key=4D4702B0C3E38B35.4D4702B0C3E38B35.4D4702B0C3E38B35.4DD68F0663C025AA&__acm__=1526495172_30fe2f081b21f862b9dd226062a18d52’

     0K .......... .......... .......... .......... .......... 37% 1.92M 0s
    50K .......... .......... .......... .......... .......... 75% 4.35M 0s
   100K .......... .......... .......... ..                   100% 3.63M=0.05s

2018-05-16 14:21:13 (2.85 MB/s) - ‘../data/delivery.acm.org/10.1145/3190000/3186121/p549-de.html?ip=24.48.71.56&id=3186121&acc=OPENTOC&key=4D4702B0C3E38B35.4D4702B0C3E38B35.4D4702B0C3E38B35.4DD68F0663C025AA&__acm__=1526495172_30fe2f081b21f862b9dd226062a18d52’ saved [135449/135449]

--2018-05-16 14:21:13--  http://deliveryimages.acm.org/10.1145/3190000/3186121/images/www2018-130-img1.jpg
Resolving deliveryimages.acm.org (deliveryimages.acm.org)... 104.17.79.191, 104.17.80.191
Connecting to deliveryimages.acm.org (deliveryimages.acm.org)|104.17.79.191|:80... connected.
HTTP request sent, awaiting response... 301 Moved Permanently
Location: https://deliveryimages.acm.org/10.1145/3190000/3186121/images/www2018-130-img1.jpg [following]
--2018-05-16 14:21:13--  https://deliveryimages.acm.org/10.1145/3190000/3186121/images/www2018-130-img1.jpg
Connecting to deliveryimages.acm.org (deliveryimages.acm.org)|104.17.79.191|:443... connected.
HTTP request sent, awaiting response... 200 OK
Length: 451098 (441K) [image/jpeg]
Saving to: ‘../data/deliveryimages.acm.org/10.1145/3190000/3186121/images/www2018-130-img1.jpg’

     0K .......... .......... .......... .......... .......... 11% 1.61M 0s
    50K .......... .......... .......... .......... .......... 22% 2.88M 0s
   100K .......... .......... .......... .......... .......... 34% 2.85M 0s
   150K .......... .......... .......... .......... .......... 45% 4.99M 0s
   200K .......... .......... .......... .......... .......... 56% 3.81M 0s
   250K .......... .......... .......... .......... .......... 68% 6.37M 0s
   300K .......... .......... .......... .......... .......... 79% 3.45M 0s
   350K .......... .......... .......... .......... .......... 90% 3.78M 0s
   400K .......... .......... .......... ..........           100% 8.59M=0.1s

2018-05-16 14:21:13 (3.41 MB/s) - ‘../data/deliveryimages.acm.org/10.1145/3190000/3186121/images/www2018-130-img1.jpg’ saved [451098/451098]

--2018-05-16 14:21:13--  http://deliveryimages.acm.org/10.1145/3190000/3186121/images/www2018-130-img2.jpg
Connecting to deliveryimages.acm.org (deliveryimages.acm.org)|104.17.79.191|:80... connected.
HTTP request sent, awaiting response... 301 Moved Permanently
Location: https://deliveryimages.acm.org/10.1145/3190000/3186121/images/www2018-130-img2.jpg [following]
--2018-05-16 14:21:13--  https://deliveryimages.acm.org/10.1145/3190000/3186121/images/www2018-130-img2.jpg
Connecting to deliveryimages.acm.org (deliveryimages.acm.org)|104.17.79.191|:443... connected.
HTTP request sent, awaiting response... 200 OK
Length: 224971 (220K) [image/jpeg]
Saving to: ‘../data/deliveryimages.acm.org/10.1145/3190000/3186121/images/www2018-130-img2.jpg’

     0K .......... .......... .......... .......... .......... 22% 1.34M 0s
    50K .......... .......... .......... .......... .......... 45% 2.65M 0s
   100K .......... .......... .......... .......... .......... 68% 3.20M 0s
   150K .......... .......... .......... .......... .......... 91% 1.57M 0s
   200K .......... .........                                  100% 13.0M=0.1s

2018-05-16 14:21:14 (2.09 MB/s) - ‘../data/deliveryimages.acm.org/10.1145/3190000/3186121/images/www2018-130-img2.jpg’ saved [224971/224971]

--2018-05-16 14:21:14--  http://deliveryimages.acm.org/10.1145/3190000/3186121/images/www2018-130-fig1.jpg
Connecting to deliveryimages.acm.org (deliveryimages.acm.org)|104.17.79.191|:80... connected.
HTTP request sent, awaiting response... 301 Moved Permanently
Location: https://deliveryimages.acm.org/10.1145/3190000/3186121/images/www2018-130-fig1.jpg [following]
--2018-05-16 14:21:14--  https://deliveryimages.acm.org/10.1145/3190000/3186121/images/www2018-130-fig1.jpg
Connecting to deliveryimages.acm.org (deliveryimages.acm.org)|104.17.79.191|:443... connected.
HTTP request sent, awaiting response... 200 OK
Length: 45107 (44K) [image/jpeg]
Saving to: ‘../data/deliveryimages.acm.org/10.1145/3190000/3186121/images/www2018-130-fig1.jpg’

     0K .......... .......... .......... .......... ....      100% 1.51M=0.03s

2018-05-16 14:21:14 (1.51 MB/s) - ‘../data/deliveryimages.acm.org/10.1145/3190000/3186121/images/www2018-130-fig1.jpg’ saved [45107/45107]

--2018-05-16 14:21:14--  http://deliveryimages.acm.org/10.1145/3190000/3186121/images/www2018-130-fig2.jpg
Connecting to deliveryimages.acm.org (deliveryimages.acm.org)|104.17.79.191|:80... connected.
HTTP request sent, awaiting response... 301 Moved Permanently
Location: https://deliveryimages.acm.org/10.1145/3190000/3186121/images/www2018-130-fig2.jpg [following]
--2018-05-16 14:21:14--  https://deliveryimages.acm.org/10.1145/3190000/3186121/images/www2018-130-fig2.jpg
Connecting to deliveryimages.acm.org (deliveryimages.acm.org)|104.17.79.191|:443... connected.
HTTP request sent, awaiting response... 200 OK
Length: 68107 (67K) [image/jpeg]
Saving to: ‘../data/deliveryimages.acm.org/10.1145/3190000/3186121/images/www2018-130-fig2.jpg’

     0K .......... .......... .......... .......... .......... 75% 1.64M 0s
    50K .......... ......                                     100% 2.83M=0.04s

2018-05-16 14:21:14 (1.83 MB/s) - ‘../data/deliveryimages.acm.org/10.1145/3190000/3186121/images/www2018-130-fig2.jpg’ saved [68107/68107]

--2018-05-16 14:21:14--  http://deliveryimages.acm.org/10.1145/3190000/3186121/images/www2018-130-fig3.jpg
Connecting to deliveryimages.acm.org (deliveryimages.acm.org)|104.17.79.191|:80... connected.
HTTP request sent, awaiting response... 301 Moved Permanently
Location: https://deliveryimages.acm.org/10.1145/3190000/3186121/images/www2018-130-fig3.jpg [following]
--2018-05-16 14:21:14--  https://deliveryimages.acm.org/10.1145/3190000/3186121/images/www2018-130-fig3.jpg
Connecting to deliveryimages.acm.org (deliveryimages.acm.org)|104.17.79.191|:443... connected.
HTTP request sent, awaiting response... 200 OK
Length: 63322 (62K) [image/jpeg]
Saving to: ‘../data/deliveryimages.acm.org/10.1145/3190000/3186121/images/www2018-130-fig3.jpg’

     0K .......... .......... .......... .......... .......... 80% 1.24M 0s
    50K .......... .                                          100% 2.77M=0.04s

2018-05-16 14:21:15 (1.39 MB/s) - ‘../data/deliveryimages.acm.org/10.1145/3190000/3186121/images/www2018-130-fig3.jpg’ saved [63322/63322]

--2018-05-16 14:21:15--  http://deliveryimages.acm.org/10.1145/3190000/3186121/images/www2018-130-fig4.jpg
Connecting to deliveryimages.acm.org (deliveryimages.acm.org)|104.17.79.191|:80... connected.
HTTP request sent, awaiting response... 301 Moved Permanently
Location: https://deliveryimages.acm.org/10.1145/3190000/3186121/images/www2018-130-fig4.jpg [following]
--2018-05-16 14:21:15--  https://deliveryimages.acm.org/10.1145/3190000/3186121/images/www2018-130-fig4.jpg
Connecting to deliveryimages.acm.org (deliveryimages.acm.org)|104.17.79.191|:443... connected.
HTTP request sent, awaiting response... 200 OK
Length: 65353 (64K) [image/jpeg]
Saving to: ‘../data/deliveryimages.acm.org/10.1145/3190000/3186121/images/www2018-130-fig4.jpg’

     0K .......... .......... .......... .......... .......... 78% 1.25M 0s
    50K .......... ...                                        100% 35.5M=0.04s

2018-05-16 14:21:15 (1.58 MB/s) - ‘../data/deliveryimages.acm.org/10.1145/3190000/3186121/images/www2018-130-fig4.jpg’ saved [65353/65353]

FINISHED --2018-05-16 14:21:15--
Total wall clock time: 2.1s
Downloaded: 7 files, 1.0M in 0.4s (2.38 MB/s)
Converting links in ../data/delivery.acm.org/10.1145/3190000/3186121/p549-de.html?ip=24.48.71.56&id=3186121&acc=OPENTOC&key=4D4702B0C3E38B35.4D4702B0C3E38B35.4D4702B0C3E38B35.4DD68F0663C025AA&__acm__=1526495172_30fe2f081b21f862b9dd226062a18d52... 204-0
Converted links in 1 files in 0.007 seconds.
