--2018-05-16 14:43:01--  http://delivery.acm.org/10.1145/3190000/3186989/p243-jhavar.html?ip=24.48.71.56&id=3186989&acc=OPENTOC&key=4D4702B0C3E38B35%2E4D4702B0C3E38B35%2E4D4702B0C3E38B35%2E4DD68F0663C025AA&__acm__=1526496480_6a7399652754614db73c007e9e77e802
Resolving delivery.acm.org (delivery.acm.org)... 24.200.120.82, 24.200.120.90
Connecting to delivery.acm.org (delivery.acm.org)|24.200.120.82|:80... connected.
HTTP request sent, awaiting response... 200 OK
Length: 33526 (33K) [text/html]
Saving to: ‘../data/delivery.acm.org/10.1145/3190000/3186989/p243-jhavar.html?ip=24.48.71.56&id=3186989&acc=OPENTOC&key=4D4702B0C3E38B35.4D4702B0C3E38B35.4D4702B0C3E38B35.4DD68F0663C025AA&__acm__=1526496480_6a7399652754614db73c007e9e77e802’

     0K .......... .......... .......... ..                   100% 1.80M=0.02s

2018-05-16 14:43:01 (1.80 MB/s) - ‘../data/delivery.acm.org/10.1145/3190000/3186989/p243-jhavar.html?ip=24.48.71.56&id=3186989&acc=OPENTOC&key=4D4702B0C3E38B35.4D4702B0C3E38B35.4D4702B0C3E38B35.4DD68F0663C025AA&__acm__=1526496480_6a7399652754614db73c007e9e77e802’ saved [33526/33526]

--2018-05-16 14:43:01--  http://deliveryimages.acm.org/10.1145/3190000/3186989/images/www18companion-229-fig1.jpg
Resolving deliveryimages.acm.org (deliveryimages.acm.org)... 104.17.80.191, 104.17.79.191
Connecting to deliveryimages.acm.org (deliveryimages.acm.org)|104.17.80.191|:80... connected.
HTTP request sent, awaiting response... 301 Moved Permanently
Location: https://deliveryimages.acm.org/10.1145/3190000/3186989/images/www18companion-229-fig1.jpg [following]
--2018-05-16 14:43:01--  https://deliveryimages.acm.org/10.1145/3190000/3186989/images/www18companion-229-fig1.jpg
Connecting to deliveryimages.acm.org (deliveryimages.acm.org)|104.17.80.191|:443... connected.
HTTP request sent, awaiting response... 200 OK
Length: 73693 (72K) [image/jpeg]
Saving to: ‘../data/deliveryimages.acm.org/10.1145/3190000/3186989/images/www18companion-229-fig1.jpg’

     0K .......... .......... .......... .......... .......... 69% 90.0K 0s
    50K .......... .......... .                               100% 4.00M=0.6s

2018-05-16 14:43:03 (128 KB/s) - ‘../data/deliveryimages.acm.org/10.1145/3190000/3186989/images/www18companion-229-fig1.jpg’ saved [73693/73693]

--2018-05-16 14:43:03--  http://deliveryimages.acm.org/10.1145/3190000/3186989/images/www18companion-229-img1.svg
Connecting to deliveryimages.acm.org (deliveryimages.acm.org)|104.17.80.191|:80... connected.
HTTP request sent, awaiting response... 301 Moved Permanently
Location: https://deliveryimages.acm.org/10.1145/3190000/3186989/images/www18companion-229-img1.svg [following]
--2018-05-16 14:43:03--  https://deliveryimages.acm.org/10.1145/3190000/3186989/images/www18companion-229-img1.svg
Connecting to deliveryimages.acm.org (deliveryimages.acm.org)|104.17.80.191|:443... connected.
HTTP request sent, awaiting response... 200 OK
Length: 105118 (103K) [image/svg+xml]
Saving to: ‘../data/deliveryimages.acm.org/10.1145/3190000/3186989/images/www18companion-229-img1.svg’

     0K .......... .......... .......... .......... .......... 48% 1.61M 0s
    50K .......... .......... .......... .......... .......... 97% 3.28M 0s
   100K ..                                                    100% 5063G=0.05s

2018-05-16 14:43:04 (2.22 MB/s) - ‘../data/deliveryimages.acm.org/10.1145/3190000/3186989/images/www18companion-229-img1.svg’ saved [105118/105118]

--2018-05-16 14:43:04--  http://deliveryimages.acm.org/10.1145/3190000/3186989/images/www18companion-229-fig2.jpg
Connecting to deliveryimages.acm.org (deliveryimages.acm.org)|104.17.80.191|:80... connected.
HTTP request sent, awaiting response... 301 Moved Permanently
Location: https://deliveryimages.acm.org/10.1145/3190000/3186989/images/www18companion-229-fig2.jpg [following]
--2018-05-16 14:43:04--  https://deliveryimages.acm.org/10.1145/3190000/3186989/images/www18companion-229-fig2.jpg
Connecting to deliveryimages.acm.org (deliveryimages.acm.org)|104.17.80.191|:443... connected.
HTTP request sent, awaiting response... 200 OK
Length: 19797 (19K) [image/jpeg]
Saving to: ‘../data/deliveryimages.acm.org/10.1145/3190000/3186989/images/www18companion-229-fig2.jpg’

     0K .......... .........                                  100%  806K=0.02s

2018-05-16 14:43:04 (806 KB/s) - ‘../data/deliveryimages.acm.org/10.1145/3190000/3186989/images/www18companion-229-fig2.jpg’ saved [19797/19797]

--2018-05-16 14:43:04--  http://deliveryimages.acm.org/10.1145/3190000/3186989/images/www18companion-229-fig3.jpg
Connecting to deliveryimages.acm.org (deliveryimages.acm.org)|104.17.80.191|:80... connected.
HTTP request sent, awaiting response... 301 Moved Permanently
Location: https://deliveryimages.acm.org/10.1145/3190000/3186989/images/www18companion-229-fig3.jpg [following]
--2018-05-16 14:43:04--  https://deliveryimages.acm.org/10.1145/3190000/3186989/images/www18companion-229-fig3.jpg
Connecting to deliveryimages.acm.org (deliveryimages.acm.org)|104.17.80.191|:443... connected.
HTTP request sent, awaiting response... 200 OK
Length: 93273 (91K) [image/jpeg]
Saving to: ‘../data/deliveryimages.acm.org/10.1145/3190000/3186989/images/www18companion-229-fig3.jpg’

     0K .......... .......... .......... .......... .......... 54% 2.03M 0s
    50K .......... .......... .......... .......... .         100% 3.00M=0.04s

2018-05-16 14:43:04 (2.38 MB/s) - ‘../data/deliveryimages.acm.org/10.1145/3190000/3186989/images/www18companion-229-fig3.jpg’ saved [93273/93273]

--2018-05-16 14:43:04--  http://deliveryimages.acm.org/10.1145/3190000/3186989/images/www18companion-229-fig4.jpg
Connecting to deliveryimages.acm.org (deliveryimages.acm.org)|104.17.80.191|:80... connected.
HTTP request sent, awaiting response... 301 Moved Permanently
Location: https://deliveryimages.acm.org/10.1145/3190000/3186989/images/www18companion-229-fig4.jpg [following]
--2018-05-16 14:43:04--  https://deliveryimages.acm.org/10.1145/3190000/3186989/images/www18companion-229-fig4.jpg
Connecting to deliveryimages.acm.org (deliveryimages.acm.org)|104.17.80.191|:443... connected.
HTTP request sent, awaiting response... 200 OK
Length: 61457 (60K) [image/jpeg]
Saving to: ‘../data/deliveryimages.acm.org/10.1145/3190000/3186989/images/www18companion-229-fig4.jpg’

     0K .......... .......... .......... .......... .......... 83% 1.43M 0s
    50K ..........                                            100% 1.89M=0.04s

2018-05-16 14:43:05 (1.49 MB/s) - ‘../data/deliveryimages.acm.org/10.1145/3190000/3186989/images/www18companion-229-fig4.jpg’ saved [61457/61457]

--2018-05-16 14:43:05--  http://deliveryimages.acm.org/10.1145/3190000/3186989/images/www18companion-229-fig5.jpg
Connecting to deliveryimages.acm.org (deliveryimages.acm.org)|104.17.80.191|:80... connected.
HTTP request sent, awaiting response... 301 Moved Permanently
Location: https://deliveryimages.acm.org/10.1145/3190000/3186989/images/www18companion-229-fig5.jpg [following]
--2018-05-16 14:43:05--  https://deliveryimages.acm.org/10.1145/3190000/3186989/images/www18companion-229-fig5.jpg
Connecting to deliveryimages.acm.org (deliveryimages.acm.org)|104.17.80.191|:443... connected.
HTTP request sent, awaiting response... 200 OK
Length: 55784 (54K) [image/jpeg]
Saving to: ‘../data/deliveryimages.acm.org/10.1145/3190000/3186989/images/www18companion-229-fig5.jpg’

     0K .......... .......... .......... .......... .......... 91% 83.6K 0s
    50K ....                                                  100% 3.91M=0.6s

2018-05-16 14:43:06 (90.9 KB/s) - ‘../data/deliveryimages.acm.org/10.1145/3190000/3186989/images/www18companion-229-fig5.jpg’ saved [55784/55784]

--2018-05-16 14:43:06--  http://deliveryimages.acm.org/10.1145/3190000/3186989/images/www18companion-229-fig6.jpg
Connecting to deliveryimages.acm.org (deliveryimages.acm.org)|104.17.80.191|:80... connected.
HTTP request sent, awaiting response... 301 Moved Permanently
Location: https://deliveryimages.acm.org/10.1145/3190000/3186989/images/www18companion-229-fig6.jpg [following]
--2018-05-16 14:43:06--  https://deliveryimages.acm.org/10.1145/3190000/3186989/images/www18companion-229-fig6.jpg
Connecting to deliveryimages.acm.org (deliveryimages.acm.org)|104.17.80.191|:443... connected.
HTTP request sent, awaiting response... 200 OK
Length: 63743 (62K) [image/jpeg]
Saving to: ‘../data/deliveryimages.acm.org/10.1145/3190000/3186989/images/www18companion-229-fig6.jpg’

     0K .......... .......... .......... .......... .......... 80% 1.11M 0s
    50K .......... ..                                         100% 5.18M=0.05s

2018-05-16 14:43:06 (1.31 MB/s) - ‘../data/deliveryimages.acm.org/10.1145/3190000/3186989/images/www18companion-229-fig6.jpg’ saved [63743/63743]

FINISHED --2018-05-16 14:43:06--
Total wall clock time: 5.2s
Downloaded: 8 files, 495K in 1.4s (361 KB/s)
Converting links in ../data/delivery.acm.org/10.1145/3190000/3186989/p243-jhavar.html?ip=24.48.71.56&id=3186989&acc=OPENTOC&key=4D4702B0C3E38B35.4D4702B0C3E38B35.4D4702B0C3E38B35.4DD68F0663C025AA&__acm__=1526496480_6a7399652754614db73c007e9e77e802... 32-0
Converted links in 1 files in 0.001 seconds.
