--2018-05-16 15:22:00--  http://delivery.acm.org/10.1145/3190000/3186358/p373-amjad.html?ip=24.48.71.56&id=3186358&acc=OPENTOC&key=4D4702B0C3E38B35%2E4D4702B0C3E38B35%2E4D4702B0C3E38B35%2E4DD68F0663C025AA&__acm__=1526498820_ea76d929925b51c1cf96a734107b060c
Resolving delivery.acm.org (delivery.acm.org)... 24.200.120.82, 24.200.120.90
Connecting to delivery.acm.org (delivery.acm.org)|24.200.120.82|:80... connected.
HTTP request sent, awaiting response... 200 OK
Length: 58302 (57K) [text/html]
Saving to: ‘../data/delivery.acm.org/10.1145/3190000/3186358/p373-amjad.html?ip=24.48.71.56&id=3186358&acc=OPENTOC&key=4D4702B0C3E38B35.4D4702B0C3E38B35.4D4702B0C3E38B35.4DD68F0663C025AA&__acm__=1526498820_ea76d929925b51c1cf96a734107b060c’

     0K .......... .......... .......... .......... .......... 87% 2.00M 0s
    50K ......                                                100% 2.39M=0.03s

2018-05-16 15:22:00 (2.04 MB/s) - ‘../data/delivery.acm.org/10.1145/3190000/3186358/p373-amjad.html?ip=24.48.71.56&id=3186358&acc=OPENTOC&key=4D4702B0C3E38B35.4D4702B0C3E38B35.4D4702B0C3E38B35.4DD68F0663C025AA&__acm__=1526498820_ea76d929925b51c1cf96a734107b060c’ saved [58302/58302]

--2018-05-16 15:22:00--  http://deliveryimages.acm.org/10.1145/3190000/3186358/images/image1.jpg
Resolving deliveryimages.acm.org (deliveryimages.acm.org)... 104.17.80.191, 104.17.79.191
Connecting to deliveryimages.acm.org (deliveryimages.acm.org)|104.17.80.191|:80... connected.
HTTP request sent, awaiting response... 301 Moved Permanently
Location: https://deliveryimages.acm.org/10.1145/3190000/3186358/images/image1.jpg [following]
--2018-05-16 15:22:00--  https://deliveryimages.acm.org/10.1145/3190000/3186358/images/image1.jpg
Connecting to deliveryimages.acm.org (deliveryimages.acm.org)|104.17.80.191|:443... connected.
HTTP request sent, awaiting response... 200 OK
Length: 277922 (271K) [image/jpeg]
Saving to: ‘../data/deliveryimages.acm.org/10.1145/3190000/3186358/images/image1.jpg’

     0K .......... .......... .......... .......... .......... 18%  885K 0s
    50K .......... .......... .......... .......... .......... 36% 3.59M 0s
   100K .......... .......... .......... .......... .......... 55% 2.49M 0s
   150K .......... .......... .......... .......... .......... 73% 1.37M 0s
   200K .......... .......... .......... .......... .......... 92% 96.2M 0s
   250K .......... .......... .                               100% 40.9M=0.1s

2018-05-16 15:22:01 (2.10 MB/s) - ‘../data/deliveryimages.acm.org/10.1145/3190000/3186358/images/image1.jpg’ saved [277922/277922]

--2018-05-16 15:22:01--  http://deliveryimages.acm.org/10.1145/3190000/3186358/images/image2.jpg
Connecting to deliveryimages.acm.org (deliveryimages.acm.org)|104.17.80.191|:80... connected.
HTTP request sent, awaiting response... 301 Moved Permanently
Location: https://deliveryimages.acm.org/10.1145/3190000/3186358/images/image2.jpg [following]
--2018-05-16 15:22:01--  https://deliveryimages.acm.org/10.1145/3190000/3186358/images/image2.jpg
Connecting to deliveryimages.acm.org (deliveryimages.acm.org)|104.17.80.191|:443... connected.
HTTP request sent, awaiting response... 200 OK
Length: 183446 (179K) [image/jpeg]
Saving to: ‘../data/deliveryimages.acm.org/10.1145/3190000/3186358/images/image2.jpg’

     0K .......... .......... .......... .......... .......... 27%  405K 0s
    50K .......... .......... .......... .......... .......... 55% 2.07M 0s
   100K .......... .......... .......... .......... .......... 83% 8.92M 0s
   150K .......... .......... .........                       100% 6.99M=0.2s

2018-05-16 15:22:01 (1.12 MB/s) - ‘../data/deliveryimages.acm.org/10.1145/3190000/3186358/images/image2.jpg’ saved [183446/183446]

--2018-05-16 15:22:01--  http://deliveryimages.acm.org/10.1145/3190000/3186358/images/image3.jpg
Connecting to deliveryimages.acm.org (deliveryimages.acm.org)|104.17.80.191|:80... connected.
HTTP request sent, awaiting response... 301 Moved Permanently
Location: https://deliveryimages.acm.org/10.1145/3190000/3186358/images/image3.jpg [following]
--2018-05-16 15:22:01--  https://deliveryimages.acm.org/10.1145/3190000/3186358/images/image3.jpg
Connecting to deliveryimages.acm.org (deliveryimages.acm.org)|104.17.80.191|:443... connected.
HTTP request sent, awaiting response... 200 OK
Length: 143907 (141K) [image/jpeg]
Saving to: ‘../data/deliveryimages.acm.org/10.1145/3190000/3186358/images/image3.jpg’

     0K .......... .......... .......... .......... .......... 35% 1.49M 0s
    50K .......... .......... .......... .......... .......... 71%  436K 0s
   100K .......... .......... .......... ..........           100% 2.33M=0.2s

2018-05-16 15:22:01 (855 KB/s) - ‘../data/deliveryimages.acm.org/10.1145/3190000/3186358/images/image3.jpg’ saved [143907/143907]

--2018-05-16 15:22:01--  http://deliveryimages.acm.org/10.1145/3190000/3186358/images/image4.jpg
Connecting to deliveryimages.acm.org (deliveryimages.acm.org)|104.17.80.191|:80... connected.
HTTP request sent, awaiting response... 301 Moved Permanently
Location: https://deliveryimages.acm.org/10.1145/3190000/3186358/images/image4.jpg [following]
--2018-05-16 15:22:02--  https://deliveryimages.acm.org/10.1145/3190000/3186358/images/image4.jpg
Connecting to deliveryimages.acm.org (deliveryimages.acm.org)|104.17.80.191|:443... connected.
HTTP request sent, awaiting response... 200 OK
Length: 207801 (203K) [image/jpeg]
Saving to: ‘../data/deliveryimages.acm.org/10.1145/3190000/3186358/images/image4.jpg’

     0K .......... .......... .......... .......... .......... 24% 1.46M 0s
    50K .......... .......... .......... .......... .......... 49% 2.88M 0s
   100K .......... .......... .......... .......... .......... 73% 2.33M 0s
   150K .......... .......... .......... .......... .......... 98% 9.39M 0s
   200K ..                                                    100% 5590G=0.08s

2018-05-16 15:22:02 (2.59 MB/s) - ‘../data/deliveryimages.acm.org/10.1145/3190000/3186358/images/image4.jpg’ saved [207801/207801]

--2018-05-16 15:22:02--  http://deliveryimages.acm.org/10.1145/3190000/3186358/images/image5.jpg
Connecting to deliveryimages.acm.org (deliveryimages.acm.org)|104.17.80.191|:80... connected.
HTTP request sent, awaiting response... 301 Moved Permanently
Location: https://deliveryimages.acm.org/10.1145/3190000/3186358/images/image5.jpg [following]
--2018-05-16 15:22:02--  https://deliveryimages.acm.org/10.1145/3190000/3186358/images/image5.jpg
Connecting to deliveryimages.acm.org (deliveryimages.acm.org)|104.17.80.191|:443... connected.
HTTP request sent, awaiting response... 200 OK
Length: 216804 (212K) [image/jpeg]
Saving to: ‘../data/deliveryimages.acm.org/10.1145/3190000/3186358/images/image5.jpg’

     0K .......... .......... .......... .......... .......... 23% 1.44M 0s
    50K .......... .......... .......... .......... .......... 47% 2.33M 0s
   100K .......... .......... .......... .......... .......... 70% 2.72M 0s
   150K .......... .......... .......... .......... .......... 94% 6.39M 0s
   200K .......... .                                          100% 64.5M=0.08s

2018-05-16 15:22:03 (2.56 MB/s) - ‘../data/deliveryimages.acm.org/10.1145/3190000/3186358/images/image5.jpg’ saved [216804/216804]

FINISHED --2018-05-16 15:22:03--
Total wall clock time: 3.4s
Downloaded: 6 files, 1.0M in 0.6s (1.64 MB/s)
Converting links in ../data/delivery.acm.org/10.1145/3190000/3186358/p373-amjad.html?ip=24.48.71.56&id=3186358&acc=OPENTOC&key=4D4702B0C3E38B35.4D4702B0C3E38B35.4D4702B0C3E38B35.4DD68F0663C025AA&__acm__=1526498820_ea76d929925b51c1cf96a734107b060c... 114-0
Converted links in 1 files in 0.003 seconds.
