--2018-05-16 14:21:57--  http://delivery.acm.org/10.1145/3190000/3186125/p589-danisch.html?ip=24.48.71.56&id=3186125&acc=OPENTOC&key=4D4702B0C3E38B35%2E4D4702B0C3E38B35%2E4D4702B0C3E38B35%2E4DD68F0663C025AA&__acm__=1526495217_0c26456bd2f96bd05e00b7853a207402
Resolving delivery.acm.org (delivery.acm.org)... 24.200.120.90, 24.200.120.82
Connecting to delivery.acm.org (delivery.acm.org)|24.200.120.90|:80... connected.
HTTP request sent, awaiting response... 200 OK
Length: 113269 (111K) [text/html]
Saving to: ‘../data/delivery.acm.org/10.1145/3190000/3186125/p589-danisch.html?ip=24.48.71.56&id=3186125&acc=OPENTOC&key=4D4702B0C3E38B35.4D4702B0C3E38B35.4D4702B0C3E38B35.4DD68F0663C025AA&__acm__=1526495217_0c26456bd2f96bd05e00b7853a207402’

     0K .......... .......... .......... .......... .......... 45% 1.87M 0s
    50K .......... .......... .......... .......... .......... 90% 3.09M 0s
   100K ..........                                            100%  187M=0.04s

2018-05-16 14:21:57 (2.57 MB/s) - ‘../data/delivery.acm.org/10.1145/3190000/3186125/p589-danisch.html?ip=24.48.71.56&id=3186125&acc=OPENTOC&key=4D4702B0C3E38B35.4D4702B0C3E38B35.4D4702B0C3E38B35.4DD68F0663C025AA&__acm__=1526495217_0c26456bd2f96bd05e00b7853a207402’ saved [113269/113269]

--2018-05-16 14:21:57--  http://deliveryimages.acm.org/10.1145/3190000/3186125/images/www2018-134-img1.svg
Resolving deliveryimages.acm.org (deliveryimages.acm.org)... 104.17.79.191, 104.17.80.191
Connecting to deliveryimages.acm.org (deliveryimages.acm.org)|104.17.79.191|:80... connected.
HTTP request sent, awaiting response... 301 Moved Permanently
Location: https://deliveryimages.acm.org/10.1145/3190000/3186125/images/www2018-134-img1.svg [following]
--2018-05-16 14:21:57--  https://deliveryimages.acm.org/10.1145/3190000/3186125/images/www2018-134-img1.svg
Connecting to deliveryimages.acm.org (deliveryimages.acm.org)|104.17.79.191|:443... connected.
HTTP request sent, awaiting response... 200 OK
Length: 94982 (93K) [image/svg+xml]
Saving to: ‘../data/deliveryimages.acm.org/10.1145/3190000/3186125/images/www2018-134-img1.svg’

     0K .......... .......... .......... .......... .......... 53%  757K 0s
    50K .......... .......... .......... .......... ..        100% 2.42M=0.08s

2018-05-16 14:21:57 (1.09 MB/s) - ‘../data/deliveryimages.acm.org/10.1145/3190000/3186125/images/www2018-134-img1.svg’ saved [94982/94982]

--2018-05-16 14:21:57--  http://deliveryimages.acm.org/10.1145/3190000/3186125/images/www2018-134-img2.svg
Connecting to deliveryimages.acm.org (deliveryimages.acm.org)|104.17.79.191|:80... connected.
HTTP request sent, awaiting response... 301 Moved Permanently
Location: https://deliveryimages.acm.org/10.1145/3190000/3186125/images/www2018-134-img2.svg [following]
--2018-05-16 14:21:58--  https://deliveryimages.acm.org/10.1145/3190000/3186125/images/www2018-134-img2.svg
Connecting to deliveryimages.acm.org (deliveryimages.acm.org)|104.17.79.191|:443... connected.
HTTP request sent, awaiting response... 200 OK
Length: 93293 (91K) [image/svg+xml]
Saving to: ‘../data/deliveryimages.acm.org/10.1145/3190000/3186125/images/www2018-134-img2.svg’

     0K .......... .......... .......... .......... .......... 54% 1.45M 0s
    50K .......... .......... .......... .......... .         100% 4.31M=0.04s

2018-05-16 14:21:58 (2.07 MB/s) - ‘../data/deliveryimages.acm.org/10.1145/3190000/3186125/images/www2018-134-img2.svg’ saved [93293/93293]

--2018-05-16 14:21:58--  http://deliveryimages.acm.org/10.1145/3190000/3186125/images/www2018-134-img3.svg
Connecting to deliveryimages.acm.org (deliveryimages.acm.org)|104.17.79.191|:80... connected.
HTTP request sent, awaiting response... 301 Moved Permanently
Location: https://deliveryimages.acm.org/10.1145/3190000/3186125/images/www2018-134-img3.svg [following]
--2018-05-16 14:21:58--  https://deliveryimages.acm.org/10.1145/3190000/3186125/images/www2018-134-img3.svg
Connecting to deliveryimages.acm.org (deliveryimages.acm.org)|104.17.79.191|:443... connected.
HTTP request sent, awaiting response... 200 OK
Length: 80729 (79K) [image/svg+xml]
Saving to: ‘../data/deliveryimages.acm.org/10.1145/3190000/3186125/images/www2018-134-img3.svg’

     0K .......... .......... .......... .......... .......... 63% 1.37M 0s
    50K .......... .......... ........                        100% 6.31M=0.04s

2018-05-16 14:21:58 (1.92 MB/s) - ‘../data/deliveryimages.acm.org/10.1145/3190000/3186125/images/www2018-134-img3.svg’ saved [80729/80729]

--2018-05-16 14:21:58--  http://deliveryimages.acm.org/10.1145/3190000/3186125/images/www2018-134-fig1.jpg
Connecting to deliveryimages.acm.org (deliveryimages.acm.org)|104.17.79.191|:80... connected.
HTTP request sent, awaiting response... 301 Moved Permanently
Location: https://deliveryimages.acm.org/10.1145/3190000/3186125/images/www2018-134-fig1.jpg [following]
--2018-05-16 14:21:58--  https://deliveryimages.acm.org/10.1145/3190000/3186125/images/www2018-134-fig1.jpg
Connecting to deliveryimages.acm.org (deliveryimages.acm.org)|104.17.79.191|:443... connected.
HTTP request sent, awaiting response... 200 OK
Length: 95012 (93K) [image/jpeg]
Saving to: ‘../data/deliveryimages.acm.org/10.1145/3190000/3186125/images/www2018-134-fig1.jpg’

     0K .......... .......... .......... .......... .......... 53%  744K 0s
    50K .......... .......... .......... .......... ..        100% 3.93M=0.08s

2018-05-16 14:21:59 (1.16 MB/s) - ‘../data/deliveryimages.acm.org/10.1145/3190000/3186125/images/www2018-134-fig1.jpg’ saved [95012/95012]

--2018-05-16 14:21:59--  http://deliveryimages.acm.org/10.1145/3190000/3186125/images/www2018-134-fig2.jpg
Connecting to deliveryimages.acm.org (deliveryimages.acm.org)|104.17.79.191|:80... connected.
HTTP request sent, awaiting response... 301 Moved Permanently
Location: https://deliveryimages.acm.org/10.1145/3190000/3186125/images/www2018-134-fig2.jpg [following]
--2018-05-16 14:21:59--  https://deliveryimages.acm.org/10.1145/3190000/3186125/images/www2018-134-fig2.jpg
Connecting to deliveryimages.acm.org (deliveryimages.acm.org)|104.17.79.191|:443... connected.
HTTP request sent, awaiting response... 200 OK
Length: 215353 (210K) [image/jpeg]
Saving to: ‘../data/deliveryimages.acm.org/10.1145/3190000/3186125/images/www2018-134-fig2.jpg’

     0K .......... .......... .......... .......... .......... 23% 1.62M 0s
    50K .......... .......... .......... .......... .......... 47% 2.28M 0s
   100K .......... .......... .......... .......... .......... 71% 4.87M 0s
   150K .......... .......... .......... .......... .......... 95% 3.14M 0s
   200K ..........                                            100% 83.6M=0.08s

2018-05-16 14:21:59 (2.66 MB/s) - ‘../data/deliveryimages.acm.org/10.1145/3190000/3186125/images/www2018-134-fig2.jpg’ saved [215353/215353]

--2018-05-16 14:21:59--  http://deliveryimages.acm.org/10.1145/3190000/3186125/images/www2018-134-fig3.jpg
Connecting to deliveryimages.acm.org (deliveryimages.acm.org)|104.17.79.191|:80... connected.
HTTP request sent, awaiting response... 301 Moved Permanently
Location: https://deliveryimages.acm.org/10.1145/3190000/3186125/images/www2018-134-fig3.jpg [following]
--2018-05-16 14:21:59--  https://deliveryimages.acm.org/10.1145/3190000/3186125/images/www2018-134-fig3.jpg
Connecting to deliveryimages.acm.org (deliveryimages.acm.org)|104.17.79.191|:443... connected.
HTTP request sent, awaiting response... 200 OK
Length: 116870 (114K) [image/jpeg]
Saving to: ‘../data/deliveryimages.acm.org/10.1145/3190000/3186125/images/www2018-134-fig3.jpg’

     0K .......... .......... .......... .......... .......... 43% 1.24M 0s
    50K .......... .......... .......... .......... .......... 87% 2.60M 0s
   100K .......... ....                                       100% 71.2M=0.06s

2018-05-16 14:21:59 (1.91 MB/s) - ‘../data/deliveryimages.acm.org/10.1145/3190000/3186125/images/www2018-134-fig3.jpg’ saved [116870/116870]

FINISHED --2018-05-16 14:21:59--
Total wall clock time: 2.3s
Downloaded: 7 files, 791K in 0.4s (1.83 MB/s)
Converting links in ../data/delivery.acm.org/10.1145/3190000/3186125/p589-danisch.html?ip=24.48.71.56&id=3186125&acc=OPENTOC&key=4D4702B0C3E38B35.4D4702B0C3E38B35.4D4702B0C3E38B35.4DD68F0663C025AA&__acm__=1526495217_0c26456bd2f96bd05e00b7853a207402... 152-0
Converted links in 1 files in 0.006 seconds.
