--2018-05-16 14:39:31--  http://delivery.acm.org/10.1145/3190000/3186144/p967-yang.html?ip=24.48.71.56&id=3186144&acc=OPENTOC&key=4D4702B0C3E38B35%2E4D4702B0C3E38B35%2E4D4702B0C3E38B35%2E4DD68F0663C025AA&__acm__=1526496271_4af2be386da3180f869e9cda1907be3a
Resolving delivery.acm.org (delivery.acm.org)... 24.200.120.82, 24.200.120.90
Connecting to delivery.acm.org (delivery.acm.org)|24.200.120.82|:80... connected.
HTTP request sent, awaiting response... 200 OK
Length: 94984 (93K) [text/html]
Saving to: ‘../data/delivery.acm.org/10.1145/3190000/3186144/p967-yang.html?ip=24.48.71.56&id=3186144&acc=OPENTOC&key=4D4702B0C3E38B35.4D4702B0C3E38B35.4D4702B0C3E38B35.4DD68F0663C025AA&__acm__=1526496271_4af2be386da3180f869e9cda1907be3a’

     0K .......... .......... .......... .......... .......... 53% 3.27M 0s
    50K .......... .......... .......... .......... ..        100% 2.50M=0.03s

2018-05-16 14:39:31 (2.86 MB/s) - ‘../data/delivery.acm.org/10.1145/3190000/3186144/p967-yang.html?ip=24.48.71.56&id=3186144&acc=OPENTOC&key=4D4702B0C3E38B35.4D4702B0C3E38B35.4D4702B0C3E38B35.4DD68F0663C025AA&__acm__=1526496271_4af2be386da3180f869e9cda1907be3a’ saved [94984/94984]

--2018-05-16 14:39:31--  http://deliveryimages.acm.org/10.1145/3190000/3186144/images/www2018-153-fig1.jpg
Resolving deliveryimages.acm.org (deliveryimages.acm.org)... 104.17.80.191, 104.17.79.191
Connecting to deliveryimages.acm.org (deliveryimages.acm.org)|104.17.80.191|:80... connected.
HTTP request sent, awaiting response... 301 Moved Permanently
Location: https://deliveryimages.acm.org/10.1145/3190000/3186144/images/www2018-153-fig1.jpg [following]
--2018-05-16 14:39:31--  https://deliveryimages.acm.org/10.1145/3190000/3186144/images/www2018-153-fig1.jpg
Connecting to deliveryimages.acm.org (deliveryimages.acm.org)|104.17.80.191|:443... connected.
HTTP request sent, awaiting response... 200 OK
Length: 94242 (92K) [image/jpeg]
Saving to: ‘../data/deliveryimages.acm.org/10.1145/3190000/3186144/images/www2018-153-fig1.jpg’

     0K .......... .......... .......... .......... .......... 54% 1.00M 0s
    50K .......... .......... .......... .......... ..        100% 2.94M=0.06s

2018-05-16 14:39:32 (1.43 MB/s) - ‘../data/deliveryimages.acm.org/10.1145/3190000/3186144/images/www2018-153-fig1.jpg’ saved [94242/94242]

--2018-05-16 14:39:32--  http://deliveryimages.acm.org/10.1145/3190000/3186144/images/www2018-153-fig2.jpg
Connecting to deliveryimages.acm.org (deliveryimages.acm.org)|104.17.80.191|:80... connected.
HTTP request sent, awaiting response... 301 Moved Permanently
Location: https://deliveryimages.acm.org/10.1145/3190000/3186144/images/www2018-153-fig2.jpg [following]
--2018-05-16 14:39:32--  https://deliveryimages.acm.org/10.1145/3190000/3186144/images/www2018-153-fig2.jpg
Connecting to deliveryimages.acm.org (deliveryimages.acm.org)|104.17.80.191|:443... connected.
HTTP request sent, awaiting response... 200 OK
Length: 159670 (156K) [image/jpeg]
Saving to: ‘../data/deliveryimages.acm.org/10.1145/3190000/3186144/images/www2018-153-fig2.jpg’

     0K .......... .......... .......... .......... .......... 32% 1.46M 0s
    50K .......... .......... .......... .......... .......... 64% 3.69M 0s
   100K .......... .......... .......... .......... .......... 96% 3.98M 0s
   150K .....                                                 100% 78.0M=0.06s

2018-05-16 14:39:32 (2.58 MB/s) - ‘../data/deliveryimages.acm.org/10.1145/3190000/3186144/images/www2018-153-fig2.jpg’ saved [159670/159670]

--2018-05-16 14:39:32--  http://deliveryimages.acm.org/10.1145/3190000/3186144/images/www2018-153-fig3.jpg
Connecting to deliveryimages.acm.org (deliveryimages.acm.org)|104.17.80.191|:80... connected.
HTTP request sent, awaiting response... 301 Moved Permanently
Location: https://deliveryimages.acm.org/10.1145/3190000/3186144/images/www2018-153-fig3.jpg [following]
--2018-05-16 14:39:32--  https://deliveryimages.acm.org/10.1145/3190000/3186144/images/www2018-153-fig3.jpg
Connecting to deliveryimages.acm.org (deliveryimages.acm.org)|104.17.80.191|:443... connected.
HTTP request sent, awaiting response... 200 OK
Length: 483835 (472K) [image/jpeg]
Saving to: ‘../data/deliveryimages.acm.org/10.1145/3190000/3186144/images/www2018-153-fig3.jpg’

     0K .......... .......... .......... .......... .......... 10% 1.90M 0s
    50K .......... .......... .......... .......... .......... 21% 2.98M 0s
   100K .......... .......... .......... .......... .......... 31% 3.11M 0s
   150K .......... .......... .......... .......... .......... 42% 7.81M 0s
   200K .......... .......... .......... .......... .......... 52% 2.53M 0s
   250K .......... .......... .......... .......... .......... 63% 5.22M 0s
   300K .......... .......... .......... .......... .......... 74% 4.22M 0s
   350K .......... .......... .......... .......... .......... 84% 2.65M 0s
   400K .......... .......... .......... .......... .......... 95% 5.17M 0s
   450K .......... .......... ..                              100% 30.6M=0.1s

2018-05-16 14:39:32 (3.47 MB/s) - ‘../data/deliveryimages.acm.org/10.1145/3190000/3186144/images/www2018-153-fig3.jpg’ saved [483835/483835]

--2018-05-16 14:39:32--  http://deliveryimages.acm.org/10.1145/3190000/3186144/images/www2018-153-fig4.jpg
Connecting to deliveryimages.acm.org (deliveryimages.acm.org)|104.17.80.191|:80... connected.
HTTP request sent, awaiting response... 301 Moved Permanently
Location: https://deliveryimages.acm.org/10.1145/3190000/3186144/images/www2018-153-fig4.jpg [following]
--2018-05-16 14:39:32--  https://deliveryimages.acm.org/10.1145/3190000/3186144/images/www2018-153-fig4.jpg
Connecting to deliveryimages.acm.org (deliveryimages.acm.org)|104.17.80.191|:443... connected.
HTTP request sent, awaiting response... 200 OK
Length: 181819 (178K) [image/jpeg]
Saving to: ‘../data/deliveryimages.acm.org/10.1145/3190000/3186144/images/www2018-153-fig4.jpg’

     0K .......... .......... .......... .......... .......... 28% 1.32M 0s
    50K .......... .......... .......... .......... .......... 56% 3.48M 0s
   100K .......... .......... .......... .......... .......... 84% 2.16M 0s
   150K .......... .......... .......                         100% 58.7M=0.07s

2018-05-16 14:39:33 (2.34 MB/s) - ‘../data/deliveryimages.acm.org/10.1145/3190000/3186144/images/www2018-153-fig4.jpg’ saved [181819/181819]

--2018-05-16 14:39:33--  http://deliveryimages.acm.org/10.1145/3190000/3186144/images/www2018-153-fig5.jpg
Connecting to deliveryimages.acm.org (deliveryimages.acm.org)|104.17.80.191|:80... connected.
HTTP request sent, awaiting response... 301 Moved Permanently
Location: https://deliveryimages.acm.org/10.1145/3190000/3186144/images/www2018-153-fig5.jpg [following]
--2018-05-16 14:39:33--  https://deliveryimages.acm.org/10.1145/3190000/3186144/images/www2018-153-fig5.jpg
Connecting to deliveryimages.acm.org (deliveryimages.acm.org)|104.17.80.191|:443... connected.
HTTP request sent, awaiting response... 200 OK
Length: 269470 (263K) [image/jpeg]
Saving to: ‘../data/deliveryimages.acm.org/10.1145/3190000/3186144/images/www2018-153-fig5.jpg’

     0K .......... .......... .......... .......... .......... 19% 1.66M 0s
    50K .......... .......... .......... .......... .......... 38% 3.04M 0s
   100K .......... .......... .......... .......... .......... 57% 3.06M 0s
   150K .......... .......... .......... .......... .......... 76% 6.67M 0s
   200K .......... .......... .......... .......... .......... 95% 3.31M 0s
   250K .......... ...                                        100% 64.6M=0.08s

2018-05-16 14:39:33 (3.07 MB/s) - ‘../data/deliveryimages.acm.org/10.1145/3190000/3186144/images/www2018-153-fig5.jpg’ saved [269470/269470]

--2018-05-16 14:39:33--  http://deliveryimages.acm.org/10.1145/3190000/3186144/images/www2018-153-fig6.jpg
Connecting to deliveryimages.acm.org (deliveryimages.acm.org)|104.17.80.191|:80... connected.
HTTP request sent, awaiting response... 301 Moved Permanently
Location: https://deliveryimages.acm.org/10.1145/3190000/3186144/images/www2018-153-fig6.jpg [following]
--2018-05-16 14:39:33--  https://deliveryimages.acm.org/10.1145/3190000/3186144/images/www2018-153-fig6.jpg
Connecting to deliveryimages.acm.org (deliveryimages.acm.org)|104.17.80.191|:443... connected.
HTTP request sent, awaiting response... 200 OK
Length: 254667 (249K) [image/jpeg]
Saving to: ‘../data/deliveryimages.acm.org/10.1145/3190000/3186144/images/www2018-153-fig6.jpg’

     0K .......... .......... .......... .......... .......... 20% 1.78M 0s
    50K .......... .......... .......... .......... .......... 40% 1.88M 0s
   100K .......... .......... .......... .......... .......... 60% 5.52M 0s
   150K .......... .......... .......... .......... .......... 80% 2.32M 0s
   200K .......... .......... .......... .......... ........  100% 9.17M=0.09s

2018-05-16 14:39:33 (2.75 MB/s) - ‘../data/deliveryimages.acm.org/10.1145/3190000/3186144/images/www2018-153-fig6.jpg’ saved [254667/254667]

--2018-05-16 14:39:33--  http://deliveryimages.acm.org/10.1145/3190000/3186144/images/www2018-153-fig7.jpg
Connecting to deliveryimages.acm.org (deliveryimages.acm.org)|104.17.80.191|:80... connected.
HTTP request sent, awaiting response... 301 Moved Permanently
Location: https://deliveryimages.acm.org/10.1145/3190000/3186144/images/www2018-153-fig7.jpg [following]
--2018-05-16 14:39:34--  https://deliveryimages.acm.org/10.1145/3190000/3186144/images/www2018-153-fig7.jpg
Connecting to deliveryimages.acm.org (deliveryimages.acm.org)|104.17.80.191|:443... connected.
HTTP request sent, awaiting response... 200 OK
Length: 154051 (150K) [image/jpeg]
Saving to: ‘../data/deliveryimages.acm.org/10.1145/3190000/3186144/images/www2018-153-fig7.jpg’

     0K .......... .......... .......... .......... .......... 33% 1.04M 0s
    50K .......... .......... .......... .......... .......... 66% 3.18M 0s
   100K .......... .......... .......... .......... .......... 99% 3.70M 0s
   150K                                                       100%  840G=0.08s

2018-05-16 14:39:34 (1.95 MB/s) - ‘../data/deliveryimages.acm.org/10.1145/3190000/3186144/images/www2018-153-fig7.jpg’ saved [154051/154051]

--2018-05-16 14:39:34--  http://deliveryimages.acm.org/10.1145/3190000/3186144/images/www2018-153-fig8.jpg
Connecting to deliveryimages.acm.org (deliveryimages.acm.org)|104.17.80.191|:80... connected.
HTTP request sent, awaiting response... 301 Moved Permanently
Location: https://deliveryimages.acm.org/10.1145/3190000/3186144/images/www2018-153-fig8.jpg [following]
--2018-05-16 14:39:34--  https://deliveryimages.acm.org/10.1145/3190000/3186144/images/www2018-153-fig8.jpg
Connecting to deliveryimages.acm.org (deliveryimages.acm.org)|104.17.80.191|:443... connected.
HTTP request sent, awaiting response... 200 OK
Length: 225004 (220K) [image/jpeg]
Saving to: ‘../data/deliveryimages.acm.org/10.1145/3190000/3186144/images/www2018-153-fig8.jpg’

     0K .......... .......... .......... .......... .......... 22% 1007K 0s
    50K .......... .......... .......... .......... .......... 45% 7.52M 0s
   100K .......... .......... .......... .......... .......... 68% 3.80M 0s
   150K .......... .......... .......... .......... .......... 91% 3.27M 0s
   200K .......... .........                                  100% 18.3M=0.08s

2018-05-16 14:39:34 (2.52 MB/s) - ‘../data/deliveryimages.acm.org/10.1145/3190000/3186144/images/www2018-153-fig8.jpg’ saved [225004/225004]

--2018-05-16 14:39:34--  http://deliveryimages.acm.org/10.1145/3190000/3186144/images/www2018-153-fig9.jpg
Connecting to deliveryimages.acm.org (deliveryimages.acm.org)|104.17.80.191|:80... connected.
HTTP request sent, awaiting response... 301 Moved Permanently
Location: https://deliveryimages.acm.org/10.1145/3190000/3186144/images/www2018-153-fig9.jpg [following]
--2018-05-16 14:39:34--  https://deliveryimages.acm.org/10.1145/3190000/3186144/images/www2018-153-fig9.jpg
Connecting to deliveryimages.acm.org (deliveryimages.acm.org)|104.17.80.191|:443... connected.
HTTP request sent, awaiting response... 200 OK
Length: 87744 (86K) [image/jpeg]
Saving to: ‘../data/deliveryimages.acm.org/10.1145/3190000/3186144/images/www2018-153-fig9.jpg’

     0K .......... .......... .......... .......... .......... 58% 1.01M 0s
    50K .......... .......... .......... .....                100% 3.27M=0.06s

2018-05-16 14:39:34 (1.42 MB/s) - ‘../data/deliveryimages.acm.org/10.1145/3190000/3186144/images/www2018-153-fig9.jpg’ saved [87744/87744]

FINISHED --2018-05-16 14:39:34--
Total wall clock time: 3.3s
Downloaded: 10 files, 1.9M in 0.8s (2.54 MB/s)
Converting links in ../data/delivery.acm.org/10.1145/3190000/3186144/p967-yang.html?ip=24.48.71.56&id=3186144&acc=OPENTOC&key=4D4702B0C3E38B35.4D4702B0C3E38B35.4D4702B0C3E38B35.4DD68F0663C025AA&__acm__=1526496271_4af2be386da3180f869e9cda1907be3a... 123-0
Converted links in 1 files in 0.003 seconds.
