--2018-05-16 14:38:30--  http://delivery.acm.org/10.1145/3190000/3186131/p833-ding.html?ip=24.48.71.56&id=3186131&acc=OPENTOC&key=4D4702B0C3E38B35%2E4D4702B0C3E38B35%2E4D4702B0C3E38B35%2E4DD68F0663C025AA&__acm__=1526496209_9cc2fa12736502c0e2ac3b5b0c896299
Resolving delivery.acm.org (delivery.acm.org)... 24.200.120.90, 24.200.120.82
Connecting to delivery.acm.org (delivery.acm.org)|24.200.120.90|:80... connected.
HTTP request sent, awaiting response... 200 OK
Length: 95057 (93K) [text/html]
Saving to: ‘../data/delivery.acm.org/10.1145/3190000/3186131/p833-ding.html?ip=24.48.71.56&id=3186131&acc=OPENTOC&key=4D4702B0C3E38B35.4D4702B0C3E38B35.4D4702B0C3E38B35.4DD68F0663C025AA&__acm__=1526496209_9cc2fa12736502c0e2ac3b5b0c896299’

     0K .......... .......... .......... .......... .......... 53%  163K 0s
    50K .......... .......... .......... .......... ..        100% 3.14M=0.3s

2018-05-16 14:38:30 (289 KB/s) - ‘../data/delivery.acm.org/10.1145/3190000/3186131/p833-ding.html?ip=24.48.71.56&id=3186131&acc=OPENTOC&key=4D4702B0C3E38B35.4D4702B0C3E38B35.4D4702B0C3E38B35.4DD68F0663C025AA&__acm__=1526496209_9cc2fa12736502c0e2ac3b5b0c896299’ saved [95057/95057]

--2018-05-16 14:38:30--  http://deliveryimages.acm.org/10.1145/3190000/3186131/images/www2018-140-fig1.jpg
Resolving deliveryimages.acm.org (deliveryimages.acm.org)... 104.17.80.191, 104.17.79.191
Connecting to deliveryimages.acm.org (deliveryimages.acm.org)|104.17.80.191|:80... connected.
HTTP request sent, awaiting response... 301 Moved Permanently
Location: https://deliveryimages.acm.org/10.1145/3190000/3186131/images/www2018-140-fig1.jpg [following]
--2018-05-16 14:38:30--  https://deliveryimages.acm.org/10.1145/3190000/3186131/images/www2018-140-fig1.jpg
Connecting to deliveryimages.acm.org (deliveryimages.acm.org)|104.17.80.191|:443... connected.
HTTP request sent, awaiting response... 200 OK
Length: 109026 (106K) [image/jpeg]
Saving to: ‘../data/deliveryimages.acm.org/10.1145/3190000/3186131/images/www2018-140-fig1.jpg’

     0K .......... .......... .......... .......... .......... 46%  157K 0s
    50K .......... .......... .......... .......... .......... 93%  116K 0s
   100K ......                                                100% 3.69M=0.8s

2018-05-16 14:38:32 (142 KB/s) - ‘../data/deliveryimages.acm.org/10.1145/3190000/3186131/images/www2018-140-fig1.jpg’ saved [109026/109026]

--2018-05-16 14:38:32--  http://deliveryimages.acm.org/10.1145/3190000/3186131/images/www2018-140-fig2.jpg
Connecting to deliveryimages.acm.org (deliveryimages.acm.org)|104.17.80.191|:80... connected.
HTTP request sent, awaiting response... 301 Moved Permanently
Location: https://deliveryimages.acm.org/10.1145/3190000/3186131/images/www2018-140-fig2.jpg [following]
--2018-05-16 14:38:32--  https://deliveryimages.acm.org/10.1145/3190000/3186131/images/www2018-140-fig2.jpg
Connecting to deliveryimages.acm.org (deliveryimages.acm.org)|104.17.80.191|:443... connected.
HTTP request sent, awaiting response... 200 OK
Length: 24208 (24K) [image/jpeg]
Saving to: ‘../data/deliveryimages.acm.org/10.1145/3190000/3186131/images/www2018-140-fig2.jpg’

     0K .......... .......... ...                             100% 1.11M=0.02s

2018-05-16 14:38:32 (1.11 MB/s) - ‘../data/deliveryimages.acm.org/10.1145/3190000/3186131/images/www2018-140-fig2.jpg’ saved [24208/24208]

--2018-05-16 14:38:32--  http://deliveryimages.acm.org/10.1145/3190000/3186131/images/www2018-140-fig3.jpg
Connecting to deliveryimages.acm.org (deliveryimages.acm.org)|104.17.80.191|:80... connected.
HTTP request sent, awaiting response... 301 Moved Permanently
Location: https://deliveryimages.acm.org/10.1145/3190000/3186131/images/www2018-140-fig3.jpg [following]
--2018-05-16 14:38:32--  https://deliveryimages.acm.org/10.1145/3190000/3186131/images/www2018-140-fig3.jpg
Connecting to deliveryimages.acm.org (deliveryimages.acm.org)|104.17.80.191|:443... connected.
HTTP request sent, awaiting response... 200 OK
Length: 76967 (75K) [image/jpeg]
Saving to: ‘../data/deliveryimages.acm.org/10.1145/3190000/3186131/images/www2018-140-fig3.jpg’

     0K .......... .......... .......... .......... .......... 66% 1.62M 0s
    50K .......... .......... .....                           100% 3.09M=0.04s

2018-05-16 14:38:32 (1.93 MB/s) - ‘../data/deliveryimages.acm.org/10.1145/3190000/3186131/images/www2018-140-fig3.jpg’ saved [76967/76967]

--2018-05-16 14:38:32--  http://deliveryimages.acm.org/10.1145/3190000/3186131/images/www2018-140-fig4.jpg
Connecting to deliveryimages.acm.org (deliveryimages.acm.org)|104.17.80.191|:80... connected.
HTTP request sent, awaiting response... 301 Moved Permanently
Location: https://deliveryimages.acm.org/10.1145/3190000/3186131/images/www2018-140-fig4.jpg [following]
--2018-05-16 14:38:32--  https://deliveryimages.acm.org/10.1145/3190000/3186131/images/www2018-140-fig4.jpg
Connecting to deliveryimages.acm.org (deliveryimages.acm.org)|104.17.80.191|:443... connected.
HTTP request sent, awaiting response... 200 OK
Length: 64769 (63K) [image/jpeg]
Saving to: ‘../data/deliveryimages.acm.org/10.1145/3190000/3186131/images/www2018-140-fig4.jpg’

     0K .......... .......... .......... .......... .......... 79%  772K 0s
    50K .......... ...                                        100%  993K=0.08s

2018-05-16 14:38:33 (809 KB/s) - ‘../data/deliveryimages.acm.org/10.1145/3190000/3186131/images/www2018-140-fig4.jpg’ saved [64769/64769]

--2018-05-16 14:38:33--  http://deliveryimages.acm.org/10.1145/3190000/3186131/images/www2018-140-fig5.jpg
Connecting to deliveryimages.acm.org (deliveryimages.acm.org)|104.17.80.191|:80... connected.
HTTP request sent, awaiting response... 301 Moved Permanently
Location: https://deliveryimages.acm.org/10.1145/3190000/3186131/images/www2018-140-fig5.jpg [following]
--2018-05-16 14:38:33--  https://deliveryimages.acm.org/10.1145/3190000/3186131/images/www2018-140-fig5.jpg
Connecting to deliveryimages.acm.org (deliveryimages.acm.org)|104.17.80.191|:443... connected.
HTTP request sent, awaiting response... 200 OK
Length: 443730 (433K) [image/jpeg]
Saving to: ‘../data/deliveryimages.acm.org/10.1145/3190000/3186131/images/www2018-140-fig5.jpg’

     0K .......... .......... .......... .......... .......... 11% 84.5K 5s
    50K .......... .......... .......... .......... .......... 23%  128K 3s
   100K .......... .......... .......... .......... .......... 34% 27.5K 5s
   150K .......... .......... .......... .......... .......... 46%  117K 4s
   200K .......... .......... .......... .......... .......... 57% 35.5K 3s
   250K .......... .......... .......... .......... .......... 69% 3.44M 2s
   300K .......... .......... .......... .......... .......... 80%  124K 1s
   350K .......... .......... .......... .......... .......... 92% 60.8K 0s
   400K .......... .......... .......... ...                  100% 7.50M=5.9s

2018-05-16 14:38:40 (73.7 KB/s) - ‘../data/deliveryimages.acm.org/10.1145/3190000/3186131/images/www2018-140-fig5.jpg’ saved [443730/443730]

--2018-05-16 14:38:40--  http://deliveryimages.acm.org/10.1145/3190000/3186131/images/www2018-140-fig6.jpg
Connecting to deliveryimages.acm.org (deliveryimages.acm.org)|104.17.80.191|:80... connected.
HTTP request sent, awaiting response... 301 Moved Permanently
Location: https://deliveryimages.acm.org/10.1145/3190000/3186131/images/www2018-140-fig6.jpg [following]
--2018-05-16 14:38:40--  https://deliveryimages.acm.org/10.1145/3190000/3186131/images/www2018-140-fig6.jpg
Connecting to deliveryimages.acm.org (deliveryimages.acm.org)|104.17.80.191|:443... connected.
HTTP request sent, awaiting response... 200 OK
Length: 267617 (261K) [image/jpeg]
Saving to: ‘../data/deliveryimages.acm.org/10.1145/3190000/3186131/images/www2018-140-fig6.jpg’

     0K .......... .......... .......... .......... .......... 19% 96.9K 2s
    50K .......... .......... .......... .......... .......... 38%  151K 1s
   100K .......... .......... .......... .......... .......... 57% 71.0K 1s
   150K .......... .......... .......... .......... .......... 76% 54.2K 1s
   200K .......... .......... .......... .......... .......... 95% 72.9K 0s
   250K .......... .                                          100% 6.45M=3.2s

2018-05-16 14:38:44 (82.7 KB/s) - ‘../data/deliveryimages.acm.org/10.1145/3190000/3186131/images/www2018-140-fig6.jpg’ saved [267617/267617]

--2018-05-16 14:38:44--  http://deliveryimages.acm.org/10.1145/3190000/3186131/images/www2018-140-fig7.jpg
Connecting to deliveryimages.acm.org (deliveryimages.acm.org)|104.17.80.191|:80... connected.
HTTP request sent, awaiting response... 301 Moved Permanently
Location: https://deliveryimages.acm.org/10.1145/3190000/3186131/images/www2018-140-fig7.jpg [following]
--2018-05-16 14:38:44--  https://deliveryimages.acm.org/10.1145/3190000/3186131/images/www2018-140-fig7.jpg
Connecting to deliveryimages.acm.org (deliveryimages.acm.org)|104.17.80.191|:443... connected.
HTTP request sent, awaiting response... 200 OK
Length: 87800 (86K) [image/jpeg]
Saving to: ‘../data/deliveryimages.acm.org/10.1145/3190000/3186131/images/www2018-140-fig7.jpg’

     0K .......... .......... .......... .......... .......... 58% 53.3K 1s
    50K .......... .......... .......... .....                100%  630K=1.0s

2018-05-16 14:38:45 (86.2 KB/s) - ‘../data/deliveryimages.acm.org/10.1145/3190000/3186131/images/www2018-140-fig7.jpg’ saved [87800/87800]

--2018-05-16 14:38:45--  http://deliveryimages.acm.org/10.1145/3190000/3186131/images/www2018-140-fig8.jpg
Connecting to deliveryimages.acm.org (deliveryimages.acm.org)|104.17.80.191|:80... connected.
HTTP request sent, awaiting response... 301 Moved Permanently
Location: https://deliveryimages.acm.org/10.1145/3190000/3186131/images/www2018-140-fig8.jpg [following]
--2018-05-16 14:38:45--  https://deliveryimages.acm.org/10.1145/3190000/3186131/images/www2018-140-fig8.jpg
Connecting to deliveryimages.acm.org (deliveryimages.acm.org)|104.17.80.191|:443... connected.
HTTP request sent, awaiting response... 200 OK
Length: 44197 (43K) [image/jpeg]
Saving to: ‘../data/deliveryimages.acm.org/10.1145/3190000/3186131/images/www2018-140-fig8.jpg’

     0K .......... .......... .......... .......... ...       100%  987K=0.04s

2018-05-16 14:38:46 (987 KB/s) - ‘../data/deliveryimages.acm.org/10.1145/3190000/3186131/images/www2018-140-fig8.jpg’ saved [44197/44197]

--2018-05-16 14:38:46--  http://deliveryimages.acm.org/10.1145/3190000/3186131/images/www2018-140-fig9.jpg
Connecting to deliveryimages.acm.org (deliveryimages.acm.org)|104.17.80.191|:80... connected.
HTTP request sent, awaiting response... 301 Moved Permanently
Location: https://deliveryimages.acm.org/10.1145/3190000/3186131/images/www2018-140-fig9.jpg [following]
--2018-05-16 14:38:46--  https://deliveryimages.acm.org/10.1145/3190000/3186131/images/www2018-140-fig9.jpg
Connecting to deliveryimages.acm.org (deliveryimages.acm.org)|104.17.80.191|:443... connected.
HTTP request sent, awaiting response... 200 OK
Length: 147064 (144K) [image/jpeg]
Saving to: ‘../data/deliveryimages.acm.org/10.1145/3190000/3186131/images/www2018-140-fig9.jpg’

     0K .......... .......... .......... .......... .......... 34% 72.6K 1s
    50K .......... .......... .......... .......... .......... 69% 69.8K 1s
   100K .......... .......... .......... .......... ...       100% 52.4K=2.2s

2018-05-16 14:38:48 (64.2 KB/s) - ‘../data/deliveryimages.acm.org/10.1145/3190000/3186131/images/www2018-140-fig9.jpg’ saved [147064/147064]

--2018-05-16 14:38:48--  http://deliveryimages.acm.org/10.1145/3190000/3186131/images/www2018-140-fig10.jpg
Connecting to deliveryimages.acm.org (deliveryimages.acm.org)|104.17.80.191|:80... connected.
HTTP request sent, awaiting response... 301 Moved Permanently
Location: https://deliveryimages.acm.org/10.1145/3190000/3186131/images/www2018-140-fig10.jpg [following]
--2018-05-16 14:38:48--  https://deliveryimages.acm.org/10.1145/3190000/3186131/images/www2018-140-fig10.jpg
Connecting to deliveryimages.acm.org (deliveryimages.acm.org)|104.17.80.191|:443... connected.
HTTP request sent, awaiting response... 200 OK
Length: 100159 (98K) [image/jpeg]
Saving to: ‘../data/deliveryimages.acm.org/10.1145/3190000/3186131/images/www2018-140-fig10.jpg’

     0K .......... .......... .......... .......... .......... 51% 1.72M 0s
    50K .......... .......... .......... .......... .......   100% 3.47M=0.04s

2018-05-16 14:38:49 (2.28 MB/s) - ‘../data/deliveryimages.acm.org/10.1145/3190000/3186131/images/www2018-140-fig10.jpg’ saved [100159/100159]

FINISHED --2018-05-16 14:38:49--
Total wall clock time: 19s
Downloaded: 11 files, 1.4M in 14s (105 KB/s)
Converting links in ../data/delivery.acm.org/10.1145/3190000/3186131/p833-ding.html?ip=24.48.71.56&id=3186131&acc=OPENTOC&key=4D4702B0C3E38B35.4D4702B0C3E38B35.4D4702B0C3E38B35.4DD68F0663C025AA&__acm__=1526496209_9cc2fa12736502c0e2ac3b5b0c896299... 132-0
Converted links in 1 files in 0.003 seconds.
