--2018-05-16 14:36:58--  http://delivery.acm.org/10.1145/3190000/3186132/p843-samoilenko.html?ip=24.48.71.56&id=3186132&acc=OPENTOC&key=4D4702B0C3E38B35%2E4D4702B0C3E38B35%2E4D4702B0C3E38B35%2E4DD68F0663C025AA&__acm__=1526496117_502aeb286c92110b1e5b06c03d6bc47a
Resolving delivery.acm.org (delivery.acm.org)... 24.200.120.82, 24.200.120.90
Connecting to delivery.acm.org (delivery.acm.org)|24.200.120.82|:80... connected.
HTTP request sent, awaiting response... 200 OK
Length: 97804 (96K) [text/html]
Saving to: ‘../data/delivery.acm.org/10.1145/3190000/3186132/p843-samoilenko.html?ip=24.48.71.56&id=3186132&acc=OPENTOC&key=4D4702B0C3E38B35.4D4702B0C3E38B35.4D4702B0C3E38B35.4DD68F0663C025AA&__acm__=1526496117_502aeb286c92110b1e5b06c03d6bc47a’

     0K .......... .......... .......... .......... .......... 52% 1.51M 0s
    50K .......... .......... .......... .......... .....     100% 1.91M=0.06s

2018-05-16 14:36:58 (1.68 MB/s) - ‘../data/delivery.acm.org/10.1145/3190000/3186132/p843-samoilenko.html?ip=24.48.71.56&id=3186132&acc=OPENTOC&key=4D4702B0C3E38B35.4D4702B0C3E38B35.4D4702B0C3E38B35.4DD68F0663C025AA&__acm__=1526496117_502aeb286c92110b1e5b06c03d6bc47a’ saved [97804/97804]

--2018-05-16 14:36:58--  http://deliveryimages.acm.org/10.1145/3190000/3186132/images/www2018-141-fig1.jpg
Resolving deliveryimages.acm.org (deliveryimages.acm.org)... 104.17.80.191, 104.17.79.191
Connecting to deliveryimages.acm.org (deliveryimages.acm.org)|104.17.80.191|:80... connected.
HTTP request sent, awaiting response... 301 Moved Permanently
Location: https://deliveryimages.acm.org/10.1145/3190000/3186132/images/www2018-141-fig1.jpg [following]
--2018-05-16 14:36:58--  https://deliveryimages.acm.org/10.1145/3190000/3186132/images/www2018-141-fig1.jpg
Connecting to deliveryimages.acm.org (deliveryimages.acm.org)|104.17.80.191|:443... connected.
HTTP request sent, awaiting response... 200 OK
Length: 508090 (496K) [image/jpeg]
Saving to: ‘../data/deliveryimages.acm.org/10.1145/3190000/3186132/images/www2018-141-fig1.jpg’

     0K .......... .......... .......... .......... .......... 10% 1.20M 0s
    50K .......... .......... .......... .......... .......... 20% 2.84M 0s
   100K .......... .......... .......... .......... .......... 30% 5.12M 0s
   150K .......... .......... .......... .......... .......... 40% 3.96M 0s
   200K .......... .......... .......... .......... .......... 50% 1.41M 0s
   250K .......... .......... .......... .......... .......... 60% 2.81M 0s
   300K .......... .......... .......... .......... .......... 70% 6.83M 0s
   350K .......... .......... .......... .......... .......... 80% 3.00M 0s
   400K .......... .......... .......... .......... .......... 90% 5.84M 0s
   450K .......... .......... .......... .......... ......    100% 4.91M=0.2s

2018-05-16 14:36:58 (2.81 MB/s) - ‘../data/deliveryimages.acm.org/10.1145/3190000/3186132/images/www2018-141-fig1.jpg’ saved [508090/508090]

--2018-05-16 14:36:58--  http://deliveryimages.acm.org/10.1145/3190000/3186132/images/www2018-141-fig2.jpg
Connecting to deliveryimages.acm.org (deliveryimages.acm.org)|104.17.80.191|:80... connected.
HTTP request sent, awaiting response... 301 Moved Permanently
Location: https://deliveryimages.acm.org/10.1145/3190000/3186132/images/www2018-141-fig2.jpg [following]
--2018-05-16 14:36:58--  https://deliveryimages.acm.org/10.1145/3190000/3186132/images/www2018-141-fig2.jpg
Connecting to deliveryimages.acm.org (deliveryimages.acm.org)|104.17.80.191|:443... connected.
HTTP request sent, awaiting response... 200 OK
Length: 109723 (107K) [image/jpeg]
Saving to: ‘../data/deliveryimages.acm.org/10.1145/3190000/3186132/images/www2018-141-fig2.jpg’

     0K .......... .......... .......... .......... .......... 46% 1.07M 0s
    50K .......... .......... .......... .......... .......... 93% 4.43M 0s
   100K .......                                               100% 4.09M=0.06s

2018-05-16 14:36:59 (1.80 MB/s) - ‘../data/deliveryimages.acm.org/10.1145/3190000/3186132/images/www2018-141-fig2.jpg’ saved [109723/109723]

--2018-05-16 14:36:59--  http://deliveryimages.acm.org/10.1145/3190000/3186132/images/www2018-141-fig3.jpg
Connecting to deliveryimages.acm.org (deliveryimages.acm.org)|104.17.80.191|:80... connected.
HTTP request sent, awaiting response... 301 Moved Permanently
Location: https://deliveryimages.acm.org/10.1145/3190000/3186132/images/www2018-141-fig3.jpg [following]
--2018-05-16 14:36:59--  https://deliveryimages.acm.org/10.1145/3190000/3186132/images/www2018-141-fig3.jpg
Connecting to deliveryimages.acm.org (deliveryimages.acm.org)|104.17.80.191|:443... connected.
HTTP request sent, awaiting response... 200 OK
Length: 237332 (232K) [image/jpeg]
Saving to: ‘../data/deliveryimages.acm.org/10.1145/3190000/3186132/images/www2018-141-fig3.jpg’

     0K .......... .......... .......... .......... .......... 21% 1.27M 0s
    50K .......... .......... .......... .......... .......... 43% 3.30M 0s
   100K .......... .......... .......... .......... .......... 64% 3.32M 0s
   150K .......... .......... .......... .......... .......... 86% 4.13M 0s
   200K .......... .......... .......... .                    100% 6.71M=0.08s

2018-05-16 14:36:59 (2.69 MB/s) - ‘../data/deliveryimages.acm.org/10.1145/3190000/3186132/images/www2018-141-fig3.jpg’ saved [237332/237332]

--2018-05-16 14:36:59--  http://deliveryimages.acm.org/10.1145/3190000/3186132/images/www2018-141-fig4.jpg
Connecting to deliveryimages.acm.org (deliveryimages.acm.org)|104.17.80.191|:80... connected.
HTTP request sent, awaiting response... 301 Moved Permanently
Location: https://deliveryimages.acm.org/10.1145/3190000/3186132/images/www2018-141-fig4.jpg [following]
--2018-05-16 14:36:59--  https://deliveryimages.acm.org/10.1145/3190000/3186132/images/www2018-141-fig4.jpg
Connecting to deliveryimages.acm.org (deliveryimages.acm.org)|104.17.80.191|:443... connected.
HTTP request sent, awaiting response... 200 OK
Length: 164698 (161K) [image/jpeg]
Saving to: ‘../data/deliveryimages.acm.org/10.1145/3190000/3186132/images/www2018-141-fig4.jpg’

     0K .......... .......... .......... .......... .......... 31% 1.18M 0s
    50K .......... .......... .......... .......... .......... 62% 2.91M 0s
   100K .......... .......... .......... .......... .......... 93% 3.64M 0s
   150K ..........                                            100% 15.8M=0.07s

2018-05-16 14:36:59 (2.18 MB/s) - ‘../data/deliveryimages.acm.org/10.1145/3190000/3186132/images/www2018-141-fig4.jpg’ saved [164698/164698]

--2018-05-16 14:36:59--  http://deliveryimages.acm.org/10.1145/3190000/3186132/images/www2018-141-fig5.jpg
Connecting to deliveryimages.acm.org (deliveryimages.acm.org)|104.17.80.191|:80... connected.
HTTP request sent, awaiting response... 301 Moved Permanently
Location: https://deliveryimages.acm.org/10.1145/3190000/3186132/images/www2018-141-fig5.jpg [following]
--2018-05-16 14:36:59--  https://deliveryimages.acm.org/10.1145/3190000/3186132/images/www2018-141-fig5.jpg
Connecting to deliveryimages.acm.org (deliveryimages.acm.org)|104.17.80.191|:443... connected.
HTTP request sent, awaiting response... 200 OK
Length: 350609 (342K) [image/jpeg]
Saving to: ‘../data/deliveryimages.acm.org/10.1145/3190000/3186132/images/www2018-141-fig5.jpg’

     0K .......... .......... .......... .......... .......... 14% 1.75M 0s
    50K .......... .......... .......... .......... .......... 29% 2.77M 0s
   100K .......... .......... .......... .......... .......... 43% 5.54M 0s
   150K .......... .......... .......... .......... .......... 58% 1.34M 0s
   200K .......... .......... .......... .......... .......... 73% 4.40M 0s
   250K .......... .......... .......... .......... .......... 87% 3.74M 0s
   300K .......... .......... .......... .......... ..        100% 4.68M=0.1s

2018-05-16 14:37:00 (2.70 MB/s) - ‘../data/deliveryimages.acm.org/10.1145/3190000/3186132/images/www2018-141-fig5.jpg’ saved [350609/350609]

--2018-05-16 14:37:00--  http://deliveryimages.acm.org/10.1145/3190000/3186132/images/www2018-141-fig6.jpg
Connecting to deliveryimages.acm.org (deliveryimages.acm.org)|104.17.80.191|:80... connected.
HTTP request sent, awaiting response... 301 Moved Permanently
Location: https://deliveryimages.acm.org/10.1145/3190000/3186132/images/www2018-141-fig6.jpg [following]
--2018-05-16 14:37:00--  https://deliveryimages.acm.org/10.1145/3190000/3186132/images/www2018-141-fig6.jpg
Connecting to deliveryimages.acm.org (deliveryimages.acm.org)|104.17.80.191|:443... connected.
HTTP request sent, awaiting response... 200 OK
Length: 59830 (58K) [image/jpeg]
Saving to: ‘../data/deliveryimages.acm.org/10.1145/3190000/3186132/images/www2018-141-fig6.jpg’

     0K .......... .......... .......... .......... .......... 85% 1.91M 0s
    50K ........                                              100% 3.80M=0.03s

2018-05-16 14:37:00 (2.05 MB/s) - ‘../data/deliveryimages.acm.org/10.1145/3190000/3186132/images/www2018-141-fig6.jpg’ saved [59830/59830]

FINISHED --2018-05-16 14:37:00--
Total wall clock time: 2.5s
Downloaded: 7 files, 1.5M in 0.6s (2.45 MB/s)
Converting links in ../data/delivery.acm.org/10.1145/3190000/3186132/p843-samoilenko.html?ip=24.48.71.56&id=3186132&acc=OPENTOC&key=4D4702B0C3E38B35.4D4702B0C3E38B35.4D4702B0C3E38B35.4DD68F0663C025AA&__acm__=1526496117_502aeb286c92110b1e5b06c03d6bc47a... 120-0
Converted links in 1 files in 0.003 seconds.
