--2018-05-16 14:27:15--  http://delivery.acm.org/10.1145/3190000/3186008/p1095-fayzrakhmanov.html?ip=24.48.71.56&id=3186008&acc=OPENTOC&key=4D4702B0C3E38B35%2E4D4702B0C3E38B35%2E4D4702B0C3E38B35%2E4DD68F0663C025AA&__acm__=1526495534_5c7d4097399575fe12012abf3bb82047
Resolving delivery.acm.org (delivery.acm.org)... 24.200.120.82, 24.200.120.90
Connecting to delivery.acm.org (delivery.acm.org)|24.200.120.82|:80... connected.
HTTP request sent, awaiting response... 200 OK
Length: 107134 (105K) [text/html]
Saving to: ‘../data/delivery.acm.org/10.1145/3190000/3186008/p1095-fayzrakhmanov.html?ip=24.48.71.56&id=3186008&acc=OPENTOC&key=4D4702B0C3E38B35.4D4702B0C3E38B35.4D4702B0C3E38B35.4DD68F0663C025AA&__acm__=1526495534_5c7d4097399575fe12012abf3bb82047’

     0K .......... .......... .......... .......... .......... 47% 1.53M 0s
    50K .......... .......... .......... .......... .......... 95% 2.06M 0s
   100K ....                                                  100% 37.4M=0.06s

2018-05-16 14:27:15 (1.83 MB/s) - ‘../data/delivery.acm.org/10.1145/3190000/3186008/p1095-fayzrakhmanov.html?ip=24.48.71.56&id=3186008&acc=OPENTOC&key=4D4702B0C3E38B35.4D4702B0C3E38B35.4D4702B0C3E38B35.4DD68F0663C025AA&__acm__=1526495534_5c7d4097399575fe12012abf3bb82047’ saved [107134/107134]

--2018-05-16 14:27:15--  http://deliveryimages.acm.org/10.1145/3190000/3186008/images/www2018-17-fig1.jpg
Resolving deliveryimages.acm.org (deliveryimages.acm.org)... 104.17.80.191, 104.17.79.191
Connecting to deliveryimages.acm.org (deliveryimages.acm.org)|104.17.80.191|:80... connected.
HTTP request sent, awaiting response... 301 Moved Permanently
Location: https://deliveryimages.acm.org/10.1145/3190000/3186008/images/www2018-17-fig1.jpg [following]
--2018-05-16 14:27:15--  https://deliveryimages.acm.org/10.1145/3190000/3186008/images/www2018-17-fig1.jpg
Connecting to deliveryimages.acm.org (deliveryimages.acm.org)|104.17.80.191|:443... connected.
HTTP request sent, awaiting response... 200 OK
Length: 127521 (125K) [image/jpeg]
Saving to: ‘../data/deliveryimages.acm.org/10.1145/3190000/3186008/images/www2018-17-fig1.jpg’

     0K .......... .......... .......... .......... .......... 40%  186K 0s
    50K .......... .......... .......... .......... .......... 80%  184K 0s
   100K .......... .......... ....                            100%  183K=0.7s

2018-05-16 14:27:16 (184 KB/s) - ‘../data/deliveryimages.acm.org/10.1145/3190000/3186008/images/www2018-17-fig1.jpg’ saved [127521/127521]

--2018-05-16 14:27:16--  http://deliveryimages.acm.org/10.1145/3190000/3186008/images/www2018-17-fig2.jpg
Connecting to deliveryimages.acm.org (deliveryimages.acm.org)|104.17.80.191|:80... connected.
HTTP request sent, awaiting response... 301 Moved Permanently
Location: https://deliveryimages.acm.org/10.1145/3190000/3186008/images/www2018-17-fig2.jpg [following]
--2018-05-16 14:27:16--  https://deliveryimages.acm.org/10.1145/3190000/3186008/images/www2018-17-fig2.jpg
Connecting to deliveryimages.acm.org (deliveryimages.acm.org)|104.17.80.191|:443... connected.
HTTP request sent, awaiting response... 200 OK
Length: 86052 (84K) [image/jpeg]
Saving to: ‘../data/deliveryimages.acm.org/10.1145/3190000/3186008/images/www2018-17-fig2.jpg’

     0K .......... .......... .......... .......... .......... 59% 1.70M 0s
    50K .......... .......... .......... ....                 100% 3.46M=0.04s

2018-05-16 14:27:16 (2.14 MB/s) - ‘../data/deliveryimages.acm.org/10.1145/3190000/3186008/images/www2018-17-fig2.jpg’ saved [86052/86052]

--2018-05-16 14:27:16--  http://deliveryimages.acm.org/10.1145/3190000/3186008/images/www2018-17-fig3.jpg
Connecting to deliveryimages.acm.org (deliveryimages.acm.org)|104.17.80.191|:80... connected.
HTTP request sent, awaiting response... 301 Moved Permanently
Location: https://deliveryimages.acm.org/10.1145/3190000/3186008/images/www2018-17-fig3.jpg [following]
--2018-05-16 14:27:16--  https://deliveryimages.acm.org/10.1145/3190000/3186008/images/www2018-17-fig3.jpg
Connecting to deliveryimages.acm.org (deliveryimages.acm.org)|104.17.80.191|:443... connected.
HTTP request sent, awaiting response... 200 OK
Length: 71461 (70K) [image/jpeg]
Saving to: ‘../data/deliveryimages.acm.org/10.1145/3190000/3186008/images/www2018-17-fig3.jpg’

     0K .......... .......... .......... .......... .......... 71% 1.56M 0s
    50K .......... .........                                  100% 4.95M=0.04s

2018-05-16 14:27:17 (1.93 MB/s) - ‘../data/deliveryimages.acm.org/10.1145/3190000/3186008/images/www2018-17-fig3.jpg’ saved [71461/71461]

--2018-05-16 14:27:17--  http://deliveryimages.acm.org/10.1145/3190000/3186008/images/www2018-17-fig4.jpg
Connecting to deliveryimages.acm.org (deliveryimages.acm.org)|104.17.80.191|:80... connected.
HTTP request sent, awaiting response... 301 Moved Permanently
Location: https://deliveryimages.acm.org/10.1145/3190000/3186008/images/www2018-17-fig4.jpg [following]
--2018-05-16 14:27:17--  https://deliveryimages.acm.org/10.1145/3190000/3186008/images/www2018-17-fig4.jpg
Connecting to deliveryimages.acm.org (deliveryimages.acm.org)|104.17.80.191|:443... connected.
HTTP request sent, awaiting response... 200 OK
Length: 285123 (278K) [image/jpeg]
Saving to: ‘../data/deliveryimages.acm.org/10.1145/3190000/3186008/images/www2018-17-fig4.jpg’

     0K .......... .......... .......... .......... .......... 17% 1.15M 0s
    50K .......... .......... .......... .......... .......... 35% 2.92M 0s
   100K .......... .......... .......... .......... .......... 53% 4.69M 0s
   150K .......... .......... .......... .......... .......... 71% 4.53M 0s
   200K .......... .......... .......... .......... .......... 89% 1.86M 0s
   250K .......... .......... ........                        100% 19.7M=0.1s

2018-05-16 14:27:17 (2.52 MB/s) - ‘../data/deliveryimages.acm.org/10.1145/3190000/3186008/images/www2018-17-fig4.jpg’ saved [285123/285123]

--2018-05-16 14:27:17--  http://deliveryimages.acm.org/10.1145/3190000/3186008/images/www2018-17-fig5.jpg
Connecting to deliveryimages.acm.org (deliveryimages.acm.org)|104.17.80.191|:80... connected.
HTTP request sent, awaiting response... 301 Moved Permanently
Location: https://deliveryimages.acm.org/10.1145/3190000/3186008/images/www2018-17-fig5.jpg [following]
--2018-05-16 14:27:17--  https://deliveryimages.acm.org/10.1145/3190000/3186008/images/www2018-17-fig5.jpg
Connecting to deliveryimages.acm.org (deliveryimages.acm.org)|104.17.80.191|:443... connected.
HTTP request sent, awaiting response... 200 OK
Length: 55738 (54K) [image/jpeg]
Saving to: ‘../data/deliveryimages.acm.org/10.1145/3190000/3186008/images/www2018-17-fig5.jpg’

     0K .......... .......... .......... .......... .......... 91% 1.73M 0s
    50K ....                                                  100% 7.14M=0.03s

2018-05-16 14:27:17 (1.84 MB/s) - ‘../data/deliveryimages.acm.org/10.1145/3190000/3186008/images/www2018-17-fig5.jpg’ saved [55738/55738]

FINISHED --2018-05-16 14:27:17--
Total wall clock time: 2.6s
Downloaded: 6 files, 716K in 0.9s (761 KB/s)
Converting links in ../data/delivery.acm.org/10.1145/3190000/3186008/p1095-fayzrakhmanov.html?ip=24.48.71.56&id=3186008&acc=OPENTOC&key=4D4702B0C3E38B35.4D4702B0C3E38B35.4D4702B0C3E38B35.4DD68F0663C025AA&__acm__=1526495534_5c7d4097399575fe12012abf3bb82047... 114-60
Converted links in 1 files in 0.005 seconds.
