--2018-05-16 14:58:30--  http://delivery.acm.org/10.1145/3200000/3192303/p1099-aroyo.pdf?ip=24.48.71.56&id=3192303&acc=OPENTOC&key=4D4702B0C3E38B35%2E4D4702B0C3E38B35%2E4D4702B0C3E38B35%2E4DD68F0663C025AA&__acm__=1526497409_4b3037a89a132599a95e963f3a941707
Resolving delivery.acm.org (delivery.acm.org)... 24.200.120.82, 24.200.120.90
Connecting to delivery.acm.org (delivery.acm.org)|24.200.120.82|:80... connected.
HTTP request sent, awaiting response... 200 OK
Length: 850171 (830K) [application/pdf]
Saving to: ‘../data/delivery.acm.org/10.1145/3200000/3192303/p1099-aroyo.pdf?ip=24.48.71.56&id=3192303&acc=OPENTOC&key=4D4702B0C3E38B35.4D4702B0C3E38B35.4D4702B0C3E38B35.4DD68F0663C025AA&__acm__=1526497409_4b3037a89a132599a95e963f3a941707’

     0K .......... .......... .......... .......... ..........  6%  957K 1s
    50K .......... .......... .......... .......... .......... 12% 9.21M 0s
   100K .......... .......... .......... .......... .......... 18% 2.36M 0s
   150K .......... .......... .......... .......... .......... 24% 10.1M 0s
   200K .......... .......... .......... .......... .......... 30% 4.90M 0s
   250K .......... .......... .......... .......... .......... 36%  393K 0s
   300K .......... .......... .......... .......... .......... 42%  610M 0s
   350K .......... .......... .......... .......... .......... 48% 6.92M 0s
   400K .......... .......... .......... .......... .......... 54% 7.11M 0s
   450K .......... .......... .......... .......... .......... 60% 3.83M 0s
   500K .......... .......... .......... .......... .......... 66% 22.0M 0s
   550K .......... .......... .......... .......... .......... 72% 2.46M 0s
   600K .......... .......... .......... .......... .......... 78% 4.87M 0s
   650K .......... .......... .......... .......... .......... 84% 9.89M 0s
   700K .......... .......... .......... .......... .......... 90% 3.21M 0s
   750K .......... .......... .......... .......... .......... 96% 18.0M 0s
   800K .......... .......... ..........                      100% 20.5M=0.3s

2018-05-16 14:58:31 (2.67 MB/s) - ‘../data/delivery.acm.org/10.1145/3200000/3192303/p1099-aroyo.pdf?ip=24.48.71.56&id=3192303&acc=OPENTOC&key=4D4702B0C3E38B35.4D4702B0C3E38B35.4D4702B0C3E38B35.4DD68F0663C025AA&__acm__=1526497409_4b3037a89a132599a95e963f3a941707’ saved [850171/850171]

FINISHED --2018-05-16 14:58:31--
Total wall clock time: 0.5s
Downloaded: 1 files, 830K in 0.3s (2.67 MB/s)
Converted links in 0 files in 0 seconds.
