--2018-05-16 15:26:40--  http://delivery.acm.org/10.1145/3190000/3188725/p545-bhatt.html?ip=24.48.71.56&id=3188725&acc=OPENTOC&key=4D4702B0C3E38B35%2E4D4702B0C3E38B35%2E4D4702B0C3E38B35%2E4DD68F0663C025AA&__acm__=1526499099_a673dbe01e8ae011deef9cf4e3fe61e2
Resolving delivery.acm.org (delivery.acm.org)... 24.200.120.82, 24.200.120.90
Connecting to delivery.acm.org (delivery.acm.org)|24.200.120.82|:80... connected.
HTTP request sent, awaiting response... 200 OK
Length: 86385 (84K) [text/html]
Saving to: ‘../data/delivery.acm.org/10.1145/3190000/3188725/p545-bhatt.html?ip=24.48.71.56&id=3188725&acc=OPENTOC&key=4D4702B0C3E38B35.4D4702B0C3E38B35.4D4702B0C3E38B35.4DD68F0663C025AA&__acm__=1526499099_a673dbe01e8ae011deef9cf4e3fe61e2’

     0K .......... .......... .......... .......... .......... 59% 2.21M 0s
    50K .......... .......... .......... ....                 100% 1.53M=0.04s

2018-05-16 15:26:40 (1.87 MB/s) - ‘../data/delivery.acm.org/10.1145/3190000/3188725/p545-bhatt.html?ip=24.48.71.56&id=3188725&acc=OPENTOC&key=4D4702B0C3E38B35.4D4702B0C3E38B35.4D4702B0C3E38B35.4DD68F0663C025AA&__acm__=1526499099_a673dbe01e8ae011deef9cf4e3fe61e2’ saved [86385/86385]

--2018-05-16 15:26:40--  http://deliveryimages.acm.org/10.1145/3190000/3188725/images/www18companion-233-fig1.jpg
Resolving deliveryimages.acm.org (deliveryimages.acm.org)... 104.17.80.191, 104.17.79.191
Connecting to deliveryimages.acm.org (deliveryimages.acm.org)|104.17.80.191|:80... connected.
HTTP request sent, awaiting response... 301 Moved Permanently
Location: https://deliveryimages.acm.org/10.1145/3190000/3188725/images/www18companion-233-fig1.jpg [following]
--2018-05-16 15:26:40--  https://deliveryimages.acm.org/10.1145/3190000/3188725/images/www18companion-233-fig1.jpg
Connecting to deliveryimages.acm.org (deliveryimages.acm.org)|104.17.80.191|:443... connected.
HTTP request sent, awaiting response... 200 OK
Length: 120324 (118K) [image/jpeg]
Saving to: ‘../data/deliveryimages.acm.org/10.1145/3190000/3188725/images/www18companion-233-fig1.jpg’

     0K .......... .......... .......... .......... .......... 42% 1.61M 0s
    50K .......... .......... .......... .......... .......... 85% 4.11M 0s
   100K .......... .......                                    100% 2.25M=0.05s

2018-05-16 15:26:41 (2.31 MB/s) - ‘../data/deliveryimages.acm.org/10.1145/3190000/3188725/images/www18companion-233-fig1.jpg’ saved [120324/120324]

--2018-05-16 15:26:41--  http://deliveryimages.acm.org/10.1145/3190000/3188725/images/www18companion-233-fig2.jpg
Connecting to deliveryimages.acm.org (deliveryimages.acm.org)|104.17.80.191|:80... connected.
HTTP request sent, awaiting response... 301 Moved Permanently
Location: https://deliveryimages.acm.org/10.1145/3190000/3188725/images/www18companion-233-fig2.jpg [following]
--2018-05-16 15:26:41--  https://deliveryimages.acm.org/10.1145/3190000/3188725/images/www18companion-233-fig2.jpg
Connecting to deliveryimages.acm.org (deliveryimages.acm.org)|104.17.80.191|:443... connected.
HTTP request sent, awaiting response... 200 OK
Length: 84528 (83K) [image/jpeg]
Saving to: ‘../data/deliveryimages.acm.org/10.1145/3190000/3188725/images/www18companion-233-fig2.jpg’

     0K .......... .......... .......... .......... .......... 60% 1.85M 0s
    50K .......... .......... .......... ..                   100% 3.08M=0.04s

2018-05-16 15:26:41 (2.20 MB/s) - ‘../data/deliveryimages.acm.org/10.1145/3190000/3188725/images/www18companion-233-fig2.jpg’ saved [84528/84528]

--2018-05-16 15:26:41--  http://deliveryimages.acm.org/10.1145/3190000/3188725/images/www18companion-233-fig3.jpg
Connecting to deliveryimages.acm.org (deliveryimages.acm.org)|104.17.80.191|:80... connected.
HTTP request sent, awaiting response... 301 Moved Permanently
Location: https://deliveryimages.acm.org/10.1145/3190000/3188725/images/www18companion-233-fig3.jpg [following]
--2018-05-16 15:26:41--  https://deliveryimages.acm.org/10.1145/3190000/3188725/images/www18companion-233-fig3.jpg
Connecting to deliveryimages.acm.org (deliveryimages.acm.org)|104.17.80.191|:443... connected.
HTTP request sent, awaiting response... 200 OK
Length: 230035 (225K) [image/jpeg]
Saving to: ‘../data/deliveryimages.acm.org/10.1145/3190000/3188725/images/www18companion-233-fig3.jpg’

     0K .......... .......... .......... .......... .......... 22% 1.29M 0s
    50K .......... .......... .......... .......... .......... 44% 2.56M 0s
   100K .......... .......... .......... .......... .......... 66% 4.69M 0s
   150K .......... .......... .......... .......... .......... 89% 4.32M 0s
   200K .......... .......... ....                            100% 6.04M=0.08s

2018-05-16 15:26:41 (2.66 MB/s) - ‘../data/deliveryimages.acm.org/10.1145/3190000/3188725/images/www18companion-233-fig3.jpg’ saved [230035/230035]

--2018-05-16 15:26:41--  http://deliveryimages.acm.org/10.1145/3190000/3188725/images/www18companion-233-fig4.jpg
Connecting to deliveryimages.acm.org (deliveryimages.acm.org)|104.17.80.191|:80... connected.
HTTP request sent, awaiting response... 301 Moved Permanently
Location: https://deliveryimages.acm.org/10.1145/3190000/3188725/images/www18companion-233-fig4.jpg [following]
--2018-05-16 15:26:41--  https://deliveryimages.acm.org/10.1145/3190000/3188725/images/www18companion-233-fig4.jpg
Connecting to deliveryimages.acm.org (deliveryimages.acm.org)|104.17.80.191|:443... connected.
HTTP request sent, awaiting response... 200 OK
Length: 89506 (87K) [image/jpeg]
Saving to: ‘../data/deliveryimages.acm.org/10.1145/3190000/3188725/images/www18companion-233-fig4.jpg’

     0K .......... .......... .......... .......... .......... 57% 1.27M 0s
    50K .......... .......... .......... .......              100% 2.81M=0.05s

2018-05-16 15:26:42 (1.66 MB/s) - ‘../data/deliveryimages.acm.org/10.1145/3190000/3188725/images/www18companion-233-fig4.jpg’ saved [89506/89506]

--2018-05-16 15:26:42--  http://deliveryimages.acm.org/10.1145/3190000/3188725/images/www18companion-233-fig5.jpg
Connecting to deliveryimages.acm.org (deliveryimages.acm.org)|104.17.80.191|:80... connected.
HTTP request sent, awaiting response... 301 Moved Permanently
Location: https://deliveryimages.acm.org/10.1145/3190000/3188725/images/www18companion-233-fig5.jpg [following]
--2018-05-16 15:26:42--  https://deliveryimages.acm.org/10.1145/3190000/3188725/images/www18companion-233-fig5.jpg
Connecting to deliveryimages.acm.org (deliveryimages.acm.org)|104.17.80.191|:443... connected.
HTTP request sent, awaiting response... 200 OK
Length: 68564 (67K) [image/jpeg]
Saving to: ‘../data/deliveryimages.acm.org/10.1145/3190000/3188725/images/www18companion-233-fig5.jpg’

     0K .......... .......... .......... .......... .......... 74% 1.16M 0s
    50K .......... ......                                     100% 2.95M=0.05s

2018-05-16 15:26:42 (1.38 MB/s) - ‘../data/deliveryimages.acm.org/10.1145/3190000/3188725/images/www18companion-233-fig5.jpg’ saved [68564/68564]

--2018-05-16 15:26:42--  http://deliveryimages.acm.org/10.1145/3190000/3188725/images/www18companion-233-fig6.jpg
Connecting to deliveryimages.acm.org (deliveryimages.acm.org)|104.17.80.191|:80... connected.
HTTP request sent, awaiting response... 301 Moved Permanently
Location: https://deliveryimages.acm.org/10.1145/3190000/3188725/images/www18companion-233-fig6.jpg [following]
--2018-05-16 15:26:42--  https://deliveryimages.acm.org/10.1145/3190000/3188725/images/www18companion-233-fig6.jpg
Connecting to deliveryimages.acm.org (deliveryimages.acm.org)|104.17.80.191|:443... connected.
HTTP request sent, awaiting response... 200 OK
Length: 370024 (361K) [image/jpeg]
Saving to: ‘../data/deliveryimages.acm.org/10.1145/3190000/3188725/images/www18companion-233-fig6.jpg’

     0K .......... .......... .......... .......... .......... 13% 1.42M 0s
    50K .......... .......... .......... .......... .......... 27% 3.48M 0s
   100K .......... .......... .......... .......... .......... 41% 3.38M 0s
   150K .......... .......... .......... .......... .......... 55% 4.26M 0s
   200K .......... .......... .......... .......... .......... 69% 4.29M 0s
   250K .......... .......... .......... .......... .......... 83% 4.51M 0s
   300K .......... .......... .......... .......... .......... 96% 3.54M 0s
   350K .......... .                                          100% 21.7M=0.1s

2018-05-16 15:26:42 (3.18 MB/s) - ‘../data/deliveryimages.acm.org/10.1145/3190000/3188725/images/www18companion-233-fig6.jpg’ saved [370024/370024]

--2018-05-16 15:26:42--  http://deliveryimages.acm.org/10.1145/3190000/3188725/images/www18companion-233-fig7.jpg
Connecting to deliveryimages.acm.org (deliveryimages.acm.org)|104.17.80.191|:80... connected.
HTTP request sent, awaiting response... 301 Moved Permanently
Location: https://deliveryimages.acm.org/10.1145/3190000/3188725/images/www18companion-233-fig7.jpg [following]
--2018-05-16 15:26:42--  https://deliveryimages.acm.org/10.1145/3190000/3188725/images/www18companion-233-fig7.jpg
Connecting to deliveryimages.acm.org (deliveryimages.acm.org)|104.17.80.191|:443... connected.
HTTP request sent, awaiting response... 200 OK
Length: 693773 (678K) [image/jpeg]
Saving to: ‘../data/deliveryimages.acm.org/10.1145/3190000/3188725/images/www18companion-233-fig7.jpg’

     0K .......... .......... .......... .......... ..........  7% 1.47M 0s
    50K .......... .......... .......... .......... .......... 14% 3.43M 0s
   100K .......... .......... .......... .......... .......... 22% 3.56M 0s
   150K .......... .......... .......... .......... .......... 29% 4.52M 0s
   200K .......... .......... .......... .......... .......... 36% 4.34M 0s
   250K .......... .......... .......... .......... .......... 44% 3.67M 0s
   300K .......... .......... .......... .......... .......... 51% 3.69M 0s
   350K .......... .......... .......... .......... .......... 59% 3.30M 0s
   400K .......... .......... .......... .......... .......... 66% 3.77M 0s
   450K .......... .......... .......... .......... .......... 73% 2.66M 0s
   500K .......... .......... .......... .......... .......... 81% 6.36M 0s
   550K .......... .......... .......... .......... .......... 88% 4.51M 0s
   600K .......... .......... .......... .......... .......... 95% 4.03M 0s
   650K .......... .......... .......                         100% 7.28M=0.2s

2018-05-16 15:26:43 (3.48 MB/s) - ‘../data/deliveryimages.acm.org/10.1145/3190000/3188725/images/www18companion-233-fig7.jpg’ saved [693773/693773]

--2018-05-16 15:26:43--  http://deliveryimages.acm.org/10.1145/3190000/3188725/images/www18companion-233-fig8.jpg
Connecting to deliveryimages.acm.org (deliveryimages.acm.org)|104.17.80.191|:80... connected.
HTTP request sent, awaiting response... 301 Moved Permanently
Location: https://deliveryimages.acm.org/10.1145/3190000/3188725/images/www18companion-233-fig8.jpg [following]
--2018-05-16 15:26:43--  https://deliveryimages.acm.org/10.1145/3190000/3188725/images/www18companion-233-fig8.jpg
Connecting to deliveryimages.acm.org (deliveryimages.acm.org)|104.17.80.191|:443... connected.
HTTP request sent, awaiting response... 200 OK
Length: 82867 (81K) [image/jpeg]
Saving to: ‘../data/deliveryimages.acm.org/10.1145/3190000/3188725/images/www18companion-233-fig8.jpg’

     0K .......... .......... .......... .......... .......... 61% 1.65M 0s
    50K .......... .......... ..........                      100% 3.93M=0.04s

2018-05-16 15:26:43 (2.12 MB/s) - ‘../data/deliveryimages.acm.org/10.1145/3190000/3188725/images/www18companion-233-fig8.jpg’ saved [82867/82867]

--2018-05-16 15:26:43--  http://deliveryimages.acm.org/10.1145/3190000/3188725/images/www18companion-233-fig9.jpg
Connecting to deliveryimages.acm.org (deliveryimages.acm.org)|104.17.80.191|:80... connected.
HTTP request sent, awaiting response... 301 Moved Permanently
Location: https://deliveryimages.acm.org/10.1145/3190000/3188725/images/www18companion-233-fig9.jpg [following]
--2018-05-16 15:26:43--  https://deliveryimages.acm.org/10.1145/3190000/3188725/images/www18companion-233-fig9.jpg
Connecting to deliveryimages.acm.org (deliveryimages.acm.org)|104.17.80.191|:443... connected.
HTTP request sent, awaiting response... 200 OK
Length: 111447 (109K) [image/jpeg]
Saving to: ‘../data/deliveryimages.acm.org/10.1145/3190000/3188725/images/www18companion-233-fig9.jpg’

     0K .......... .......... .......... .......... .......... 45% 1.90M 0s
    50K .......... .......... .......... .......... .......... 91% 3.28M 0s
   100K ........                                              100% 14.7M=0.04s

2018-05-16 15:26:43 (2.58 MB/s) - ‘../data/deliveryimages.acm.org/10.1145/3190000/3188725/images/www18companion-233-fig9.jpg’ saved [111447/111447]

FINISHED --2018-05-16 15:26:43--
Total wall clock time: 3.4s
Downloaded: 10 files, 1.8M in 0.7s (2.67 MB/s)
Converting links in ../data/delivery.acm.org/10.1145/3190000/3188725/p545-bhatt.html?ip=24.48.71.56&id=3188725&acc=OPENTOC&key=4D4702B0C3E38B35.4D4702B0C3E38B35.4D4702B0C3E38B35.4DD68F0663C025AA&__acm__=1526499099_a673dbe01e8ae011deef9cf4e3fe61e2... 108-0
Converted links in 1 files in 0.001 seconds.
