--2018-05-16 14:34:13--  http://delivery.acm.org/10.1145/3190000/3186079/p1673-su.html?ip=24.48.71.56&id=3186079&acc=OPENTOC&key=4D4702B0C3E38B35%2E4D4702B0C3E38B35%2E4D4702B0C3E38B35%2E4DD68F0663C025AA&__acm__=1526495953_27e3d4c1fe59b98066d5733355a44ca6
Resolving delivery.acm.org (delivery.acm.org)... 24.200.120.90, 24.200.120.82
Connecting to delivery.acm.org (delivery.acm.org)|24.200.120.90|:80... connected.
HTTP request sent, awaiting response... 200 OK
Length: 93890 (92K) [text/html]
Saving to: ‘../data/delivery.acm.org/10.1145/3190000/3186079/p1673-su.html?ip=24.48.71.56&id=3186079&acc=OPENTOC&key=4D4702B0C3E38B35.4D4702B0C3E38B35.4D4702B0C3E38B35.4DD68F0663C025AA&__acm__=1526495953_27e3d4c1fe59b98066d5733355a44ca6’

     0K .......... .......... .......... .......... .......... 54% 2.07M 0s
    50K .......... .......... .......... .......... .         100% 7.80M=0.03s

2018-05-16 14:34:14 (3.10 MB/s) - ‘../data/delivery.acm.org/10.1145/3190000/3186079/p1673-su.html?ip=24.48.71.56&id=3186079&acc=OPENTOC&key=4D4702B0C3E38B35.4D4702B0C3E38B35.4D4702B0C3E38B35.4DD68F0663C025AA&__acm__=1526495953_27e3d4c1fe59b98066d5733355a44ca6’ saved [93890/93890]

--2018-05-16 14:34:14--  http://deliveryimages.acm.org/10.1145/3190000/3186079/images/www2018-88-fig1.jpg
Resolving deliveryimages.acm.org (deliveryimages.acm.org)... 104.17.79.191, 104.17.80.191
Connecting to deliveryimages.acm.org (deliveryimages.acm.org)|104.17.79.191|:80... connected.
HTTP request sent, awaiting response... 301 Moved Permanently
Location: https://deliveryimages.acm.org/10.1145/3190000/3186079/images/www2018-88-fig1.jpg [following]
--2018-05-16 14:34:14--  https://deliveryimages.acm.org/10.1145/3190000/3186079/images/www2018-88-fig1.jpg
Connecting to deliveryimages.acm.org (deliveryimages.acm.org)|104.17.79.191|:443... connected.
HTTP request sent, awaiting response... 200 OK
Length: 105512 (103K) [image/jpeg]
Saving to: ‘../data/deliveryimages.acm.org/10.1145/3190000/3186079/images/www2018-88-fig1.jpg’

     0K .......... .......... .......... .......... .......... 48% 1.15M 0s
    50K .......... .......... .......... .......... .......... 97% 5.36M 0s
   100K ...                                                   100% 5797G=0.05s

2018-05-16 14:34:14 (1.94 MB/s) - ‘../data/deliveryimages.acm.org/10.1145/3190000/3186079/images/www2018-88-fig1.jpg’ saved [105512/105512]

--2018-05-16 14:34:14--  http://deliveryimages.acm.org/10.1145/3190000/3186079/images/www2018-88-fig2.jpg
Connecting to deliveryimages.acm.org (deliveryimages.acm.org)|104.17.79.191|:80... connected.
HTTP request sent, awaiting response... 301 Moved Permanently
Location: https://deliveryimages.acm.org/10.1145/3190000/3186079/images/www2018-88-fig2.jpg [following]
--2018-05-16 14:34:14--  https://deliveryimages.acm.org/10.1145/3190000/3186079/images/www2018-88-fig2.jpg
Connecting to deliveryimages.acm.org (deliveryimages.acm.org)|104.17.79.191|:443... connected.
HTTP request sent, awaiting response... 200 OK
Length: 150337 (147K) [image/jpeg]
Saving to: ‘../data/deliveryimages.acm.org/10.1145/3190000/3186079/images/www2018-88-fig2.jpg’

     0K .......... .......... .......... .......... .......... 34% 1.80M 0s
    50K .......... .......... .......... .......... .......... 68% 3.02M 0s
   100K .......... .......... .......... .......... ......    100% 4.77M=0.05s

2018-05-16 14:34:14 (2.71 MB/s) - ‘../data/deliveryimages.acm.org/10.1145/3190000/3186079/images/www2018-88-fig2.jpg’ saved [150337/150337]

--2018-05-16 14:34:14--  http://deliveryimages.acm.org/10.1145/3190000/3186079/images/www2018-88-fig3.jpg
Connecting to deliveryimages.acm.org (deliveryimages.acm.org)|104.17.79.191|:80... connected.
HTTP request sent, awaiting response... 301 Moved Permanently
Location: https://deliveryimages.acm.org/10.1145/3190000/3186079/images/www2018-88-fig3.jpg [following]
--2018-05-16 14:34:14--  https://deliveryimages.acm.org/10.1145/3190000/3186079/images/www2018-88-fig3.jpg
Connecting to deliveryimages.acm.org (deliveryimages.acm.org)|104.17.79.191|:443... connected.
HTTP request sent, awaiting response... 200 OK
Length: 27022 (26K) [image/jpeg]
Saving to: ‘../data/deliveryimages.acm.org/10.1145/3190000/3186079/images/www2018-88-fig3.jpg’

     0K .......... .......... ......                          100% 1.36M=0.02s

2018-05-16 14:34:15 (1.36 MB/s) - ‘../data/deliveryimages.acm.org/10.1145/3190000/3186079/images/www2018-88-fig3.jpg’ saved [27022/27022]

--2018-05-16 14:34:15--  http://deliveryimages.acm.org/10.1145/3190000/3186079/images/www2018-88-fig4.jpg
Connecting to deliveryimages.acm.org (deliveryimages.acm.org)|104.17.79.191|:80... connected.
HTTP request sent, awaiting response... 301 Moved Permanently
Location: https://deliveryimages.acm.org/10.1145/3190000/3186079/images/www2018-88-fig4.jpg [following]
--2018-05-16 14:34:15--  https://deliveryimages.acm.org/10.1145/3190000/3186079/images/www2018-88-fig4.jpg
Connecting to deliveryimages.acm.org (deliveryimages.acm.org)|104.17.79.191|:443... connected.
HTTP request sent, awaiting response... 200 OK
Length: 153716 (150K) [image/jpeg]
Saving to: ‘../data/deliveryimages.acm.org/10.1145/3190000/3186079/images/www2018-88-fig4.jpg’

     0K .......... .......... .......... .......... .......... 33%  571K 0s
    50K .......... .......... .......... .......... .......... 66% 3.64M 0s
   100K .......... .......... .......... .......... .......... 99% 1.78M 0s
   150K                                                       100%  216G=0.1s

2018-05-16 14:34:15 (1.14 MB/s) - ‘../data/deliveryimages.acm.org/10.1145/3190000/3186079/images/www2018-88-fig4.jpg’ saved [153716/153716]

--2018-05-16 14:34:15--  http://deliveryimages.acm.org/10.1145/3190000/3186079/images/www2018-88-fig5.jpg
Connecting to deliveryimages.acm.org (deliveryimages.acm.org)|104.17.79.191|:80... connected.
HTTP request sent, awaiting response... 301 Moved Permanently
Location: https://deliveryimages.acm.org/10.1145/3190000/3186079/images/www2018-88-fig5.jpg [following]
--2018-05-16 14:34:15--  https://deliveryimages.acm.org/10.1145/3190000/3186079/images/www2018-88-fig5.jpg
Connecting to deliveryimages.acm.org (deliveryimages.acm.org)|104.17.79.191|:443... connected.
HTTP request sent, awaiting response... 200 OK
Length: 157174 (153K) [image/jpeg]
Saving to: ‘../data/deliveryimages.acm.org/10.1145/3190000/3186079/images/www2018-88-fig5.jpg’

     0K .......... .......... .......... .......... .......... 32% 1.67M 0s
    50K .......... .......... .......... .......... .......... 65% 3.58M 0s
   100K .......... .......... .......... .......... .......... 97% 5.18M 0s
   150K ...                                                   100% 36.8M=0.05s

2018-05-16 14:34:15 (2.86 MB/s) - ‘../data/deliveryimages.acm.org/10.1145/3190000/3186079/images/www2018-88-fig5.jpg’ saved [157174/157174]

--2018-05-16 14:34:15--  http://deliveryimages.acm.org/10.1145/3190000/3186079/images/www2018-88-fig6.jpg
Connecting to deliveryimages.acm.org (deliveryimages.acm.org)|104.17.79.191|:80... connected.
HTTP request sent, awaiting response... 301 Moved Permanently
Location: https://deliveryimages.acm.org/10.1145/3190000/3186079/images/www2018-88-fig6.jpg [following]
--2018-05-16 14:34:16--  https://deliveryimages.acm.org/10.1145/3190000/3186079/images/www2018-88-fig6.jpg
Connecting to deliveryimages.acm.org (deliveryimages.acm.org)|104.17.79.191|:443... connected.
HTTP request sent, awaiting response... 200 OK
Length: 41879 (41K) [image/jpeg]
Saving to: ‘../data/deliveryimages.acm.org/10.1145/3190000/3186079/images/www2018-88-fig6.jpg’

     0K .......... .......... .......... ..........           100% 1.77M=0.02s

2018-05-16 14:34:16 (1.77 MB/s) - ‘../data/deliveryimages.acm.org/10.1145/3190000/3186079/images/www2018-88-fig6.jpg’ saved [41879/41879]

FINISHED --2018-05-16 14:34:16--
Total wall clock time: 2.2s
Downloaded: 7 files, 712K in 0.4s (1.96 MB/s)
Converting links in ../data/delivery.acm.org/10.1145/3190000/3186079/p1673-su.html?ip=24.48.71.56&id=3186079&acc=OPENTOC&key=4D4702B0C3E38B35.4D4702B0C3E38B35.4D4702B0C3E38B35.4DD68F0663C025AA&__acm__=1526495953_27e3d4c1fe59b98066d5733355a44ca6... 95-0
Converted links in 1 files in 0.004 seconds.
