--2018-05-16 14:59:35--  http://delivery.acm.org/10.1145/3200000/3191544/p1117-chortaras.html?ip=24.48.71.56&id=3191544&acc=OPENTOC&key=4D4702B0C3E38B35%2E4D4702B0C3E38B35%2E4D4702B0C3E38B35%2E4DD68F0663C025AA&__acm__=1526497474_86bec298da274aae1bf5c87c8bb311fa
Resolving delivery.acm.org (delivery.acm.org)... 24.200.120.82, 24.200.120.90
Connecting to delivery.acm.org (delivery.acm.org)|24.200.120.82|:80... connected.
HTTP request sent, awaiting response... 200 OK
Length: 61997 (61K) [text/html]
Saving to: ‘../data/delivery.acm.org/10.1145/3200000/3191544/p1117-chortaras.html?ip=24.48.71.56&id=3191544&acc=OPENTOC&key=4D4702B0C3E38B35.4D4702B0C3E38B35.4D4702B0C3E38B35.4DD68F0663C025AA&__acm__=1526497474_86bec298da274aae1bf5c87c8bb311fa’

     0K .......... .......... .......... .......... .......... 82% 2.35M 0s
    50K ..........                                            100% 6.32M=0.02s

2018-05-16 14:59:35 (2.64 MB/s) - ‘../data/delivery.acm.org/10.1145/3200000/3191544/p1117-chortaras.html?ip=24.48.71.56&id=3191544&acc=OPENTOC&key=4D4702B0C3E38B35.4D4702B0C3E38B35.4D4702B0C3E38B35.4DD68F0663C025AA&__acm__=1526497474_86bec298da274aae1bf5c87c8bb311fa’ saved [61997/61997]

--2018-05-16 14:59:35--  http://deliveryimages.acm.org/10.1145/3200000/3191544/images/www18companion-283-fig1.jpg
Resolving deliveryimages.acm.org (deliveryimages.acm.org)... 104.17.80.191, 104.17.79.191
Connecting to deliveryimages.acm.org (deliveryimages.acm.org)|104.17.80.191|:80... connected.
HTTP request sent, awaiting response... 301 Moved Permanently
Location: https://deliveryimages.acm.org/10.1145/3200000/3191544/images/www18companion-283-fig1.jpg [following]
--2018-05-16 14:59:35--  https://deliveryimages.acm.org/10.1145/3200000/3191544/images/www18companion-283-fig1.jpg
Connecting to deliveryimages.acm.org (deliveryimages.acm.org)|104.17.80.191|:443... connected.
HTTP request sent, awaiting response... 200 OK
Length: 99953 (98K) [image/jpeg]
Saving to: ‘../data/deliveryimages.acm.org/10.1145/3200000/3191544/images/www18companion-283-fig1.jpg’

     0K .......... .......... .......... .......... .......... 51% 1.24M 0s
    50K .......... .......... .......... .......... .......   100% 4.87M=0.05s

2018-05-16 14:59:35 (1.95 MB/s) - ‘../data/deliveryimages.acm.org/10.1145/3200000/3191544/images/www18companion-283-fig1.jpg’ saved [99953/99953]

--2018-05-16 14:59:35--  http://deliveryimages.acm.org/10.1145/3200000/3191544/images/www18companion-283-fig2.jpg
Connecting to deliveryimages.acm.org (deliveryimages.acm.org)|104.17.80.191|:80... connected.
HTTP request sent, awaiting response... 301 Moved Permanently
Location: https://deliveryimages.acm.org/10.1145/3200000/3191544/images/www18companion-283-fig2.jpg [following]
--2018-05-16 14:59:35--  https://deliveryimages.acm.org/10.1145/3200000/3191544/images/www18companion-283-fig2.jpg
Connecting to deliveryimages.acm.org (deliveryimages.acm.org)|104.17.80.191|:443... connected.
HTTP request sent, awaiting response... 200 OK
Length: 85503 (83K) [image/jpeg]
Saving to: ‘../data/deliveryimages.acm.org/10.1145/3200000/3191544/images/www18companion-283-fig2.jpg’

     0K .......... .......... .......... .......... .......... 59% 1.42M 0s
    50K .......... .......... .......... ...                  100% 2.96M=0.05s

2018-05-16 14:59:36 (1.80 MB/s) - ‘../data/deliveryimages.acm.org/10.1145/3200000/3191544/images/www18companion-283-fig2.jpg’ saved [85503/85503]

--2018-05-16 14:59:36--  http://deliveryimages.acm.org/10.1145/3200000/3191544/images/www18companion-283-fig3.jpg
Connecting to deliveryimages.acm.org (deliveryimages.acm.org)|104.17.80.191|:80... connected.
HTTP request sent, awaiting response... 301 Moved Permanently
Location: https://deliveryimages.acm.org/10.1145/3200000/3191544/images/www18companion-283-fig3.jpg [following]
--2018-05-16 14:59:36--  https://deliveryimages.acm.org/10.1145/3200000/3191544/images/www18companion-283-fig3.jpg
Connecting to deliveryimages.acm.org (deliveryimages.acm.org)|104.17.80.191|:443... connected.
HTTP request sent, awaiting response... 200 OK
Length: 176216 (172K) [image/jpeg]
Saving to: ‘../data/deliveryimages.acm.org/10.1145/3200000/3191544/images/www18companion-283-fig3.jpg’

     0K .......... .......... .......... .......... .......... 29% 1.38M 0s
    50K .......... .......... .......... .......... .......... 58% 2.78M 0s
   100K .......... .......... .......... .......... .......... 87% 3.36M 0s
   150K .......... .......... ..                              100% 7.55M=0.07s

2018-05-16 14:59:36 (2.39 MB/s) - ‘../data/deliveryimages.acm.org/10.1145/3200000/3191544/images/www18companion-283-fig3.jpg’ saved [176216/176216]

--2018-05-16 14:59:36--  http://deliveryimages.acm.org/10.1145/3200000/3191544/images/www18companion-283-img1.svg
Connecting to deliveryimages.acm.org (deliveryimages.acm.org)|104.17.80.191|:80... connected.
HTTP request sent, awaiting response... 301 Moved Permanently
Location: https://deliveryimages.acm.org/10.1145/3200000/3191544/images/www18companion-283-img1.svg [following]
--2018-05-16 14:59:36--  https://deliveryimages.acm.org/10.1145/3200000/3191544/images/www18companion-283-img1.svg
Connecting to deliveryimages.acm.org (deliveryimages.acm.org)|104.17.80.191|:443... connected.
HTTP request sent, awaiting response... 200 OK
Length: 98466 (96K) [image/svg+xml]
Saving to: ‘../data/deliveryimages.acm.org/10.1145/3200000/3191544/images/www18companion-283-img1.svg’

     0K .......... .......... .......... .......... .......... 51% 1.38M 0s
    50K .......... .......... .......... .......... ......    100% 3.23M=0.05s

2018-05-16 14:59:36 (1.90 MB/s) - ‘../data/deliveryimages.acm.org/10.1145/3200000/3191544/images/www18companion-283-img1.svg’ saved [98466/98466]

--2018-05-16 14:59:36--  http://deliveryimages.acm.org/10.1145/3200000/3191544/images/www18companion-283-img2.svg
Connecting to deliveryimages.acm.org (deliveryimages.acm.org)|104.17.80.191|:80... connected.
HTTP request sent, awaiting response... 301 Moved Permanently
Location: https://deliveryimages.acm.org/10.1145/3200000/3191544/images/www18companion-283-img2.svg [following]
--2018-05-16 14:59:36--  https://deliveryimages.acm.org/10.1145/3200000/3191544/images/www18companion-283-img2.svg
Connecting to deliveryimages.acm.org (deliveryimages.acm.org)|104.17.80.191|:443... connected.
HTTP request sent, awaiting response... 200 OK
Length: 87240 (85K) [image/svg+xml]
Saving to: ‘../data/deliveryimages.acm.org/10.1145/3200000/3191544/images/www18companion-283-img2.svg’

     0K .......... .......... .......... .......... .......... 58% 1.12M 0s
    50K .......... .......... .......... .....                100% 3.26M=0.05s

2018-05-16 14:59:36 (1.53 MB/s) - ‘../data/deliveryimages.acm.org/10.1145/3200000/3191544/images/www18companion-283-img2.svg’ saved [87240/87240]

--2018-05-16 14:59:36--  http://deliveryimages.acm.org/10.1145/3200000/3191544/images/www18companion-283-fig4.jpg
Connecting to deliveryimages.acm.org (deliveryimages.acm.org)|104.17.80.191|:80... connected.
HTTP request sent, awaiting response... 301 Moved Permanently
Location: https://deliveryimages.acm.org/10.1145/3200000/3191544/images/www18companion-283-fig4.jpg [following]
--2018-05-16 14:59:37--  https://deliveryimages.acm.org/10.1145/3200000/3191544/images/www18companion-283-fig4.jpg
Connecting to deliveryimages.acm.org (deliveryimages.acm.org)|104.17.80.191|:443... connected.
HTTP request sent, awaiting response... 200 OK
Length: 96226 (94K) [image/jpeg]
Saving to: ‘../data/deliveryimages.acm.org/10.1145/3200000/3191544/images/www18companion-283-fig4.jpg’

     0K .......... .......... .......... .......... .......... 53% 1.60M 0s
    50K .......... .......... .......... .......... ...       100% 3.03M=0.04s

2018-05-16 14:59:37 (2.06 MB/s) - ‘../data/deliveryimages.acm.org/10.1145/3200000/3191544/images/www18companion-283-fig4.jpg’ saved [96226/96226]

--2018-05-16 14:59:37--  http://deliveryimages.acm.org/10.1145/3200000/3191544/images/www18companion-283-fig5.jpg
Connecting to deliveryimages.acm.org (deliveryimages.acm.org)|104.17.80.191|:80... connected.
HTTP request sent, awaiting response... 301 Moved Permanently
Location: https://deliveryimages.acm.org/10.1145/3200000/3191544/images/www18companion-283-fig5.jpg [following]
--2018-05-16 14:59:37--  https://deliveryimages.acm.org/10.1145/3200000/3191544/images/www18companion-283-fig5.jpg
Connecting to deliveryimages.acm.org (deliveryimages.acm.org)|104.17.80.191|:443... connected.
HTTP request sent, awaiting response... 200 OK
Length: 61354 (60K) [image/jpeg]
Saving to: ‘../data/deliveryimages.acm.org/10.1145/3200000/3191544/images/www18companion-283-fig5.jpg’

     0K .......... .......... .......... .......... .......... 83%  424K 0s
    50K .........                                             100% 1.29M=0.1s

2018-05-16 14:59:37 (478 KB/s) - ‘../data/deliveryimages.acm.org/10.1145/3200000/3191544/images/www18companion-283-fig5.jpg’ saved [61354/61354]

FINISHED --2018-05-16 14:59:37--
Total wall clock time: 2.4s
Downloaded: 8 files, 749K in 0.5s (1.59 MB/s)
Converting links in ../data/delivery.acm.org/10.1145/3200000/3191544/p1117-chortaras.html?ip=24.48.71.56&id=3191544&acc=OPENTOC&key=4D4702B0C3E38B35.4D4702B0C3E38B35.4D4702B0C3E38B35.4DD68F0663C025AA&__acm__=1526497474_86bec298da274aae1bf5c87c8bb311fa... 90-1
Converted links in 1 files in 0.002 seconds.
