--2018-05-16 15:00:13--  http://delivery.acm.org/10.1145/3200000/3191557/p1190-rossi.html?ip=24.48.71.56&id=3191557&acc=OPENTOC&key=4D4702B0C3E38B35%2E4D4702B0C3E38B35%2E4D4702B0C3E38B35%2E4DD68F0663C025AA&__acm__=1526497513_00f2d48557e0cab4bf879227ce36f190
Resolving delivery.acm.org (delivery.acm.org)... 24.200.120.82, 24.200.120.90
Connecting to delivery.acm.org (delivery.acm.org)|24.200.120.82|:80... connected.
HTTP request sent, awaiting response... 200 OK
Length: 55532 (54K) [text/html]
Saving to: ‘../data/delivery.acm.org/10.1145/3200000/3191557/p1190-rossi.html?ip=24.48.71.56&id=3191557&acc=OPENTOC&key=4D4702B0C3E38B35.4D4702B0C3E38B35.4D4702B0C3E38B35.4DD68F0663C025AA&__acm__=1526497513_00f2d48557e0cab4bf879227ce36f190’

     0K .......... .......... .......... .......... .......... 92% 1.93M 0s
    50K ....                                                  100% 79.7M=0.03s

2018-05-16 15:00:13 (2.09 MB/s) - ‘../data/delivery.acm.org/10.1145/3200000/3191557/p1190-rossi.html?ip=24.48.71.56&id=3191557&acc=OPENTOC&key=4D4702B0C3E38B35.4D4702B0C3E38B35.4D4702B0C3E38B35.4DD68F0663C025AA&__acm__=1526497513_00f2d48557e0cab4bf879227ce36f190’ saved [55532/55532]

--2018-05-16 15:00:13--  http://deliveryimages.acm.org/10.1145/3200000/3191557/images/www18companion-296-fig1.jpg
Resolving deliveryimages.acm.org (deliveryimages.acm.org)... 104.17.80.191, 104.17.79.191
Connecting to deliveryimages.acm.org (deliveryimages.acm.org)|104.17.80.191|:80... connected.
HTTP request sent, awaiting response... 301 Moved Permanently
Location: https://deliveryimages.acm.org/10.1145/3200000/3191557/images/www18companion-296-fig1.jpg [following]
--2018-05-16 15:00:13--  https://deliveryimages.acm.org/10.1145/3200000/3191557/images/www18companion-296-fig1.jpg
Connecting to deliveryimages.acm.org (deliveryimages.acm.org)|104.17.80.191|:443... connected.
HTTP request sent, awaiting response... 200 OK
Length: 207788 (203K) [image/jpeg]
Saving to: ‘../data/deliveryimages.acm.org/10.1145/3200000/3191557/images/www18companion-296-fig1.jpg’

     0K .......... .......... .......... .......... .......... 24% 1.62M 0s
    50K .......... .......... .......... .......... .......... 49% 1.96M 0s
   100K .......... .......... .......... .......... .......... 73% 8.90M 0s
   150K .......... .......... .......... .......... .......... 98% 4.87M 0s
   200K ..                                                    100% 5566G=0.07s

2018-05-16 15:00:13 (2.81 MB/s) - ‘../data/deliveryimages.acm.org/10.1145/3200000/3191557/images/www18companion-296-fig1.jpg’ saved [207788/207788]

--2018-05-16 15:00:13--  http://deliveryimages.acm.org/10.1145/3200000/3191557/images/www18companion-296-fig2.jpg
Connecting to deliveryimages.acm.org (deliveryimages.acm.org)|104.17.80.191|:80... connected.
HTTP request sent, awaiting response... 301 Moved Permanently
Location: https://deliveryimages.acm.org/10.1145/3200000/3191557/images/www18companion-296-fig2.jpg [following]
--2018-05-16 15:00:13--  https://deliveryimages.acm.org/10.1145/3200000/3191557/images/www18companion-296-fig2.jpg
Connecting to deliveryimages.acm.org (deliveryimages.acm.org)|104.17.80.191|:443... connected.
HTTP request sent, awaiting response... 200 OK
Length: 185167 (181K) [image/jpeg]
Saving to: ‘../data/deliveryimages.acm.org/10.1145/3200000/3191557/images/www18companion-296-fig2.jpg’

     0K .......... .......... .......... .......... .......... 27%  901K 0s
    50K .......... .......... .......... .......... .......... 55% 1.00M 0s
   100K .......... .......... .......... .......... .......... 82% 1.15M 0s
   150K .......... .......... ..........                      100% 1.75M=0.2s

2018-05-16 15:00:14 (1.08 MB/s) - ‘../data/deliveryimages.acm.org/10.1145/3200000/3191557/images/www18companion-296-fig2.jpg’ saved [185167/185167]

--2018-05-16 15:00:14--  http://deliveryimages.acm.org/10.1145/3200000/3191557/images/www18companion-296-fig3.jpg
Connecting to deliveryimages.acm.org (deliveryimages.acm.org)|104.17.80.191|:80... connected.
HTTP request sent, awaiting response... 301 Moved Permanently
Location: https://deliveryimages.acm.org/10.1145/3200000/3191557/images/www18companion-296-fig3.jpg [following]
--2018-05-16 15:00:14--  https://deliveryimages.acm.org/10.1145/3200000/3191557/images/www18companion-296-fig3.jpg
Connecting to deliveryimages.acm.org (deliveryimages.acm.org)|104.17.80.191|:443... connected.
HTTP request sent, awaiting response... 200 OK
Length: 283401 (277K) [image/jpeg]
Saving to: ‘../data/deliveryimages.acm.org/10.1145/3200000/3191557/images/www18companion-296-fig3.jpg’

     0K .......... .......... .......... .......... .......... 18% 1.45M 0s
    50K .......... .......... .......... .......... .......... 36% 1.95M 0s
   100K .......... .......... .......... .......... .......... 54% 4.78M 0s
   150K .......... .......... .......... .......... .......... 72% 3.48M 0s
   200K .......... .......... .......... .......... .......... 90% 6.94M 0s
   250K .......... .......... ......                          100% 4.95M=0.1s

2018-05-16 15:00:14 (2.84 MB/s) - ‘../data/deliveryimages.acm.org/10.1145/3200000/3191557/images/www18companion-296-fig3.jpg’ saved [283401/283401]

--2018-05-16 15:00:14--  http://deliveryimages.acm.org/10.1145/3200000/3191557/images/www18companion-296-fig4.jpg
Connecting to deliveryimages.acm.org (deliveryimages.acm.org)|104.17.80.191|:80... connected.
HTTP request sent, awaiting response... 301 Moved Permanently
Location: https://deliveryimages.acm.org/10.1145/3200000/3191557/images/www18companion-296-fig4.jpg [following]
--2018-05-16 15:00:14--  https://deliveryimages.acm.org/10.1145/3200000/3191557/images/www18companion-296-fig4.jpg
Connecting to deliveryimages.acm.org (deliveryimages.acm.org)|104.17.80.191|:443... connected.
HTTP request sent, awaiting response... 200 OK
Length: 94620 (92K) [image/jpeg]
Saving to: ‘../data/deliveryimages.acm.org/10.1145/3200000/3191557/images/www18companion-296-fig4.jpg’

     0K .......... .......... .......... .......... .......... 54% 1.23M 0s
    50K .......... .......... .......... .......... ..        100% 2.79M=0.05s

2018-05-16 15:00:14 (1.65 MB/s) - ‘../data/deliveryimages.acm.org/10.1145/3200000/3191557/images/www18companion-296-fig4.jpg’ saved [94620/94620]

--2018-05-16 15:00:14--  http://deliveryimages.acm.org/10.1145/3200000/3191557/images/www18companion-296-fig5.jpg
Connecting to deliveryimages.acm.org (deliveryimages.acm.org)|104.17.80.191|:80... connected.
HTTP request sent, awaiting response... 301 Moved Permanently
Location: https://deliveryimages.acm.org/10.1145/3200000/3191557/images/www18companion-296-fig5.jpg [following]
--2018-05-16 15:00:14--  https://deliveryimages.acm.org/10.1145/3200000/3191557/images/www18companion-296-fig5.jpg
Connecting to deliveryimages.acm.org (deliveryimages.acm.org)|104.17.80.191|:443... connected.
HTTP request sent, awaiting response... 200 OK
Length: 396845 (388K) [image/jpeg]
Saving to: ‘../data/deliveryimages.acm.org/10.1145/3200000/3191557/images/www18companion-296-fig5.jpg’

     0K .......... .......... .......... .......... .......... 12%  905K 0s
    50K .......... .......... .......... .......... .......... 25%  682K 0s
   100K .......... .......... .......... .......... .......... 38%  809K 0s
   150K .......... .......... .......... .......... .......... 51%  677K 0s
   200K .......... .......... .......... .......... .......... 64% 1.02M 0s
   250K .......... .......... .......... .......... .......... 77% 1.24M 0s
   300K .......... .......... .......... .......... .......... 90% 1.09M 0s
   350K .......... .......... .......... .......              100% 1.46M=0.4s

2018-05-16 15:00:15 (919 KB/s) - ‘../data/deliveryimages.acm.org/10.1145/3200000/3191557/images/www18companion-296-fig5.jpg’ saved [396845/396845]

--2018-05-16 15:00:15--  http://deliveryimages.acm.org/10.1145/3200000/3191557/images/www18companion-296-fig6.jpg
Connecting to deliveryimages.acm.org (deliveryimages.acm.org)|104.17.80.191|:80... connected.
HTTP request sent, awaiting response... 301 Moved Permanently
Location: https://deliveryimages.acm.org/10.1145/3200000/3191557/images/www18companion-296-fig6.jpg [following]
--2018-05-16 15:00:15--  https://deliveryimages.acm.org/10.1145/3200000/3191557/images/www18companion-296-fig6.jpg
Connecting to deliveryimages.acm.org (deliveryimages.acm.org)|104.17.80.191|:443... connected.
HTTP request sent, awaiting response... 200 OK
Length: 518357 (506K) [image/jpeg]
Saving to: ‘../data/deliveryimages.acm.org/10.1145/3200000/3191557/images/www18companion-296-fig6.jpg’

     0K .......... .......... .......... .......... ..........  9%  970K 0s
    50K .......... .......... .......... .......... .......... 19%  984K 0s
   100K .......... .......... .......... .......... .......... 29% 1.20M 0s
   150K .......... .......... .......... .......... .......... 39% 1.43M 0s
   200K .......... .......... .......... .......... .......... 49% 1.51M 0s
   250K .......... .......... .......... .......... .......... 59% 1.80M 0s
   300K .......... .......... .......... .......... .......... 69% 2.10M 0s
   350K .......... .......... .......... .......... .......... 79% 1.62M 0s
   400K .......... .......... .......... .......... .......... 88% 2.44M 0s
   450K .......... .......... .......... .......... .......... 98% 2.22M 0s
   500K ......                                                100% 46.9M=0.3s

2018-05-16 15:00:16 (1.49 MB/s) - ‘../data/deliveryimages.acm.org/10.1145/3200000/3191557/images/www18companion-296-fig6.jpg’ saved [518357/518357]

--2018-05-16 15:00:16--  http://deliveryimages.acm.org/10.1145/3200000/3191557/images/www18companion-296-fig7.jpg
Connecting to deliveryimages.acm.org (deliveryimages.acm.org)|104.17.80.191|:80... connected.
HTTP request sent, awaiting response... 301 Moved Permanently
Location: https://deliveryimages.acm.org/10.1145/3200000/3191557/images/www18companion-296-fig7.jpg [following]
--2018-05-16 15:00:16--  https://deliveryimages.acm.org/10.1145/3200000/3191557/images/www18companion-296-fig7.jpg
Connecting to deliveryimages.acm.org (deliveryimages.acm.org)|104.17.80.191|:443... connected.
HTTP request sent, awaiting response... 200 OK
Length: 194370 (190K) [image/jpeg]
Saving to: ‘../data/deliveryimages.acm.org/10.1145/3200000/3191557/images/www18companion-296-fig7.jpg’

     0K .......... .......... .......... .......... .......... 26% 2.11M 0s
    50K .......... .......... .......... .......... .......... 52% 3.18M 0s
   100K .......... .......... .......... .......... .......... 79% 3.98M 0s
   150K .......... .......... .......... .........            100% 5.01M=0.06s

2018-05-16 15:00:16 (3.17 MB/s) - ‘../data/deliveryimages.acm.org/10.1145/3200000/3191557/images/www18companion-296-fig7.jpg’ saved [194370/194370]

--2018-05-16 15:00:16--  http://deliveryimages.acm.org/10.1145/3200000/3191557/images/www18companion-296-fig8.jpg
Connecting to deliveryimages.acm.org (deliveryimages.acm.org)|104.17.80.191|:80... connected.
HTTP request sent, awaiting response... 301 Moved Permanently
Location: https://deliveryimages.acm.org/10.1145/3200000/3191557/images/www18companion-296-fig8.jpg [following]
--2018-05-16 15:00:16--  https://deliveryimages.acm.org/10.1145/3200000/3191557/images/www18companion-296-fig8.jpg
Connecting to deliveryimages.acm.org (deliveryimages.acm.org)|104.17.80.191|:443... connected.
HTTP request sent, awaiting response... 200 OK
Length: 153545 (150K) [image/jpeg]
Saving to: ‘../data/deliveryimages.acm.org/10.1145/3200000/3191557/images/www18companion-296-fig8.jpg’

     0K .......... .......... .......... .......... .......... 33% 1.62M 0s
    50K .......... .......... .......... .......... .......... 66% 2.98M 0s
   100K .......... .......... .......... .......... ......... 100% 4.36M=0.06s

2018-05-16 15:00:16 (2.53 MB/s) - ‘../data/deliveryimages.acm.org/10.1145/3200000/3191557/images/www18companion-296-fig8.jpg’ saved [153545/153545]

FINISHED --2018-05-16 15:00:16--
Total wall clock time: 3.5s
Downloaded: 9 files, 2.0M in 1.3s (1.56 MB/s)
Converting links in ../data/delivery.acm.org/10.1145/3200000/3191557/p1190-rossi.html?ip=24.48.71.56&id=3191557&acc=OPENTOC&key=4D4702B0C3E38B35.4D4702B0C3E38B35.4D4702B0C3E38B35.4DD68F0663C025AA&__acm__=1526497513_00f2d48557e0cab4bf879227ce36f190... 74-0
Converted links in 1 files in 0.003 seconds.
