--2018-05-16 15:23:12--  http://delivery.acm.org/10.1145/3190000/3188738/p767-gallidabino.html?ip=24.48.71.56&id=3188738&acc=OPENTOC&key=4D4702B0C3E38B35%2E4D4702B0C3E38B35%2E4D4702B0C3E38B35%2E4DD68F0663C025AA&__acm__=1526498891_f4b3dfb827f95f8df5df17c4f8fa598a
Resolving delivery.acm.org (delivery.acm.org)... 24.200.120.90, 24.200.120.82
Connecting to delivery.acm.org (delivery.acm.org)|24.200.120.90|:80... connected.
HTTP request sent, awaiting response... 200 OK
Length: 61952 (60K) [text/html]
Saving to: ‘../data/delivery.acm.org/10.1145/3190000/3188738/p767-gallidabino.html?ip=24.48.71.56&id=3188738&acc=OPENTOC&key=4D4702B0C3E38B35.4D4702B0C3E38B35.4D4702B0C3E38B35.4DD68F0663C025AA&__acm__=1526498891_f4b3dfb827f95f8df5df17c4f8fa598a’

     0K .......... .......... .......... .......... .......... 82% 1.97M 0s
    50K ..........                                            100% 2.72M=0.03s

2018-05-16 15:23:13 (2.07 MB/s) - ‘../data/delivery.acm.org/10.1145/3190000/3188738/p767-gallidabino.html?ip=24.48.71.56&id=3188738&acc=OPENTOC&key=4D4702B0C3E38B35.4D4702B0C3E38B35.4D4702B0C3E38B35.4DD68F0663C025AA&__acm__=1526498891_f4b3dfb827f95f8df5df17c4f8fa598a’ saved [61952/61952]

--2018-05-16 15:23:13--  http://deliveryimages.acm.org/10.1145/3190000/3188738/images/www18companion-244-fig1.jpg
Resolving deliveryimages.acm.org (deliveryimages.acm.org)... 104.17.80.191, 104.17.79.191
Connecting to deliveryimages.acm.org (deliveryimages.acm.org)|104.17.80.191|:80... connected.
HTTP request sent, awaiting response... 301 Moved Permanently
Location: https://deliveryimages.acm.org/10.1145/3190000/3188738/images/www18companion-244-fig1.jpg [following]
--2018-05-16 15:23:13--  https://deliveryimages.acm.org/10.1145/3190000/3188738/images/www18companion-244-fig1.jpg
Connecting to deliveryimages.acm.org (deliveryimages.acm.org)|104.17.80.191|:443... connected.
HTTP request sent, awaiting response... 200 OK
Length: 97315 (95K) [image/jpeg]
Saving to: ‘../data/deliveryimages.acm.org/10.1145/3190000/3188738/images/www18companion-244-fig1.jpg’

     0K .......... .......... .......... .......... .......... 52% 1.82M 0s
    50K .......... .......... .......... .......... .....     100% 4.09M=0.04s

2018-05-16 15:23:13 (2.47 MB/s) - ‘../data/deliveryimages.acm.org/10.1145/3190000/3188738/images/www18companion-244-fig1.jpg’ saved [97315/97315]

--2018-05-16 15:23:13--  http://deliveryimages.acm.org/10.1145/3190000/3188738/images/www18companion-244-graphic2.jpg
Connecting to deliveryimages.acm.org (deliveryimages.acm.org)|104.17.80.191|:80... connected.
HTTP request sent, awaiting response... 301 Moved Permanently
Location: https://deliveryimages.acm.org/10.1145/3190000/3188738/images/www18companion-244-graphic2.jpg [following]
--2018-05-16 15:23:13--  https://deliveryimages.acm.org/10.1145/3190000/3188738/images/www18companion-244-graphic2.jpg
Connecting to deliveryimages.acm.org (deliveryimages.acm.org)|104.17.80.191|:443... connected.
HTTP request sent, awaiting response... 200 OK
Length: 137142 (134K) [image/jpeg]
Saving to: ‘../data/deliveryimages.acm.org/10.1145/3190000/3188738/images/www18companion-244-graphic2.jpg’

     0K .......... .......... .......... .......... .......... 37%  901K 0s
    50K .......... .......... .......... .......... .......... 74% 1.78M 0s
   100K .......... .......... .......... ...                  100% 77.7M=0.08s

2018-05-16 15:23:13 (1.57 MB/s) - ‘../data/deliveryimages.acm.org/10.1145/3190000/3188738/images/www18companion-244-graphic2.jpg’ saved [137142/137142]

--2018-05-16 15:23:13--  http://deliveryimages.acm.org/10.1145/3190000/3188738/images/www18companion-244-fig2.jpg
Connecting to deliveryimages.acm.org (deliveryimages.acm.org)|104.17.80.191|:80... connected.
HTTP request sent, awaiting response... 301 Moved Permanently
Location: https://deliveryimages.acm.org/10.1145/3190000/3188738/images/www18companion-244-fig2.jpg [following]
--2018-05-16 15:23:13--  https://deliveryimages.acm.org/10.1145/3190000/3188738/images/www18companion-244-fig2.jpg
Connecting to deliveryimages.acm.org (deliveryimages.acm.org)|104.17.80.191|:443... connected.
HTTP request sent, awaiting response... 200 OK
Length: 201061 (196K) [image/jpeg]
Saving to: ‘../data/deliveryimages.acm.org/10.1145/3190000/3188738/images/www18companion-244-fig2.jpg’

     0K .......... .......... .......... .......... .......... 25%  373K 0s
    50K .......... .......... .......... .......... .......... 50% 1.03M 0s
   100K .......... .......... .......... .......... .......... 76% 2.44M 0s
   150K .......... .......... .......... .......... ......    100% 2.49M=0.2s

2018-05-16 15:23:14 (893 KB/s) - ‘../data/deliveryimages.acm.org/10.1145/3190000/3188738/images/www18companion-244-fig2.jpg’ saved [201061/201061]

--2018-05-16 15:23:14--  http://deliveryimages.acm.org/10.1145/3190000/3188738/images/www18companion-244-graphic4.jpg
Connecting to deliveryimages.acm.org (deliveryimages.acm.org)|104.17.80.191|:80... connected.
HTTP request sent, awaiting response... 301 Moved Permanently
Location: https://deliveryimages.acm.org/10.1145/3190000/3188738/images/www18companion-244-graphic4.jpg [following]
--2018-05-16 15:23:14--  https://deliveryimages.acm.org/10.1145/3190000/3188738/images/www18companion-244-graphic4.jpg
Connecting to deliveryimages.acm.org (deliveryimages.acm.org)|104.17.80.191|:443... connected.
HTTP request sent, awaiting response... 200 OK
Length: 87836 (86K) [image/jpeg]
Saving to: ‘../data/deliveryimages.acm.org/10.1145/3190000/3188738/images/www18companion-244-graphic4.jpg’

     0K .......... .......... .......... .......... .......... 58%  831K 0s
    50K .......... .......... .......... .....                100% 4.74M=0.07s

2018-05-16 15:23:14 (1.24 MB/s) - ‘../data/deliveryimages.acm.org/10.1145/3190000/3188738/images/www18companion-244-graphic4.jpg’ saved [87836/87836]

--2018-05-16 15:23:14--  http://deliveryimages.acm.org/10.1145/3190000/3188738/images/www18companion-244-graphic5.jpg
Connecting to deliveryimages.acm.org (deliveryimages.acm.org)|104.17.80.191|:80... connected.
HTTP request sent, awaiting response... 301 Moved Permanently
Location: https://deliveryimages.acm.org/10.1145/3190000/3188738/images/www18companion-244-graphic5.jpg [following]
--2018-05-16 15:23:14--  https://deliveryimages.acm.org/10.1145/3190000/3188738/images/www18companion-244-graphic5.jpg
Connecting to deliveryimages.acm.org (deliveryimages.acm.org)|104.17.80.191|:443... connected.
HTTP request sent, awaiting response... 200 OK
Length: 76093 (74K) [image/jpeg]
Saving to: ‘../data/deliveryimages.acm.org/10.1145/3190000/3188738/images/www18companion-244-graphic5.jpg’

     0K .......... .......... .......... .......... .......... 67% 1.60M 0s
    50K .......... .......... ....                            100% 4.09M=0.04s

2018-05-16 15:23:14 (2.00 MB/s) - ‘../data/deliveryimages.acm.org/10.1145/3190000/3188738/images/www18companion-244-graphic5.jpg’ saved [76093/76093]

--2018-05-16 15:23:14--  http://deliveryimages.acm.org/10.1145/3190000/3188738/images/www18companion-244-graphic6.jpg
Connecting to deliveryimages.acm.org (deliveryimages.acm.org)|104.17.80.191|:80... connected.
HTTP request sent, awaiting response... 301 Moved Permanently
Location: https://deliveryimages.acm.org/10.1145/3190000/3188738/images/www18companion-244-graphic6.jpg [following]
--2018-05-16 15:23:14--  https://deliveryimages.acm.org/10.1145/3190000/3188738/images/www18companion-244-graphic6.jpg
Connecting to deliveryimages.acm.org (deliveryimages.acm.org)|104.17.80.191|:443... connected.
HTTP request sent, awaiting response... 200 OK
Length: 161520 (158K) [image/jpeg]
Saving to: ‘../data/deliveryimages.acm.org/10.1145/3190000/3188738/images/www18companion-244-graphic6.jpg’

     0K .......... .......... .......... .......... .......... 31% 1.84M 0s
    50K .......... .......... .......... .......... .......... 63% 3.55M 0s
   100K .......... .......... .......... .......... .......... 95% 4.13M 0s
   150K .......                                               100% 8.47M=0.05s

2018-05-16 15:23:15 (2.91 MB/s) - ‘../data/deliveryimages.acm.org/10.1145/3190000/3188738/images/www18companion-244-graphic6.jpg’ saved [161520/161520]

--2018-05-16 15:23:15--  http://deliveryimages.acm.org/10.1145/3190000/3188738/images/www18companion-244-fig3.jpg
Connecting to deliveryimages.acm.org (deliveryimages.acm.org)|104.17.80.191|:80... connected.
HTTP request sent, awaiting response... 301 Moved Permanently
Location: https://deliveryimages.acm.org/10.1145/3190000/3188738/images/www18companion-244-fig3.jpg [following]
--2018-05-16 15:23:15--  https://deliveryimages.acm.org/10.1145/3190000/3188738/images/www18companion-244-fig3.jpg
Connecting to deliveryimages.acm.org (deliveryimages.acm.org)|104.17.80.191|:443... connected.
HTTP request sent, awaiting response... 200 OK
Length: 233260 (228K) [image/jpeg]
Saving to: ‘../data/deliveryimages.acm.org/10.1145/3190000/3188738/images/www18companion-244-fig3.jpg’

     0K .......... .......... .......... .......... .......... 21%  882K 0s
    50K .......... .......... .......... .......... .......... 43% 2.24M 0s
   100K .......... .......... .......... .......... .......... 65% 4.75M 0s
   150K .......... .......... .......... .......... .......... 87% 3.40M 0s
   200K .......... .......... .......                         100% 6.96M=0.1s

2018-05-16 15:23:15 (2.08 MB/s) - ‘../data/deliveryimages.acm.org/10.1145/3190000/3188738/images/www18companion-244-fig3.jpg’ saved [233260/233260]

--2018-05-16 15:23:15--  http://deliveryimages.acm.org/10.1145/3190000/3188738/images/www18companion-244-fig4.jpg
Connecting to deliveryimages.acm.org (deliveryimages.acm.org)|104.17.80.191|:80... connected.
HTTP request sent, awaiting response... 301 Moved Permanently
Location: https://deliveryimages.acm.org/10.1145/3190000/3188738/images/www18companion-244-fig4.jpg [following]
--2018-05-16 15:23:15--  https://deliveryimages.acm.org/10.1145/3190000/3188738/images/www18companion-244-fig4.jpg
Connecting to deliveryimages.acm.org (deliveryimages.acm.org)|104.17.80.191|:443... connected.
HTTP request sent, awaiting response... 200 OK
Length: 188324 (184K) [image/jpeg]
Saving to: ‘../data/deliveryimages.acm.org/10.1145/3190000/3188738/images/www18companion-244-fig4.jpg’

     0K .......... .......... .......... .......... .......... 27%  569K 0s
    50K .......... .......... .......... .......... .......... 54% 2.06M 0s
   100K .......... .......... .......... .......... .......... 81% 3.24M 0s
   150K .......... .......... .......... ...                  100% 4.86M=0.1s

2018-05-16 15:23:16 (1.35 MB/s) - ‘../data/deliveryimages.acm.org/10.1145/3190000/3188738/images/www18companion-244-fig4.jpg’ saved [188324/188324]

FINISHED --2018-05-16 15:23:16--
Total wall clock time: 3.3s
Downloaded: 9 files, 1.2M in 0.8s (1.55 MB/s)
Converting links in ../data/delivery.acm.org/10.1145/3190000/3188738/p767-gallidabino.html?ip=24.48.71.56&id=3188738&acc=OPENTOC&key=4D4702B0C3E38B35.4D4702B0C3E38B35.4D4702B0C3E38B35.4DD68F0663C025AA&__acm__=1526498891_f4b3dfb827f95f8df5df17c4f8fa598a... 50-0
Converted links in 1 files in 0.003 seconds.
