--2018-05-16 15:03:24--  http://delivery.acm.org/10.1145/3200000/3191568/p1287-soldano.html?ip=24.48.71.56&id=3191568&acc=OPENTOC&key=4D4702B0C3E38B35%2E4D4702B0C3E38B35%2E4D4702B0C3E38B35%2E4DD68F0663C025AA&__acm__=1526497703_8c16c68f7cdced9d21bce0beafe2af77
Resolving delivery.acm.org (delivery.acm.org)... 24.200.120.90, 24.200.120.82
Connecting to delivery.acm.org (delivery.acm.org)|24.200.120.90|:80... connected.
HTTP request sent, awaiting response... 200 OK
Length: 81581 (80K) [text/html]
Saving to: ‘../data/delivery.acm.org/10.1145/3200000/3191568/p1287-soldano.html?ip=24.48.71.56&id=3191568&acc=OPENTOC&key=4D4702B0C3E38B35.4D4702B0C3E38B35.4D4702B0C3E38B35.4DD68F0663C025AA&__acm__=1526497703_8c16c68f7cdced9d21bce0beafe2af77’

     0K .......... .......... .......... .......... .......... 62% 2.48M 0s
    50K .......... .......... .........                       100% 3.08M=0.03s

2018-05-16 15:03:24 (2.67 MB/s) - ‘../data/delivery.acm.org/10.1145/3200000/3191568/p1287-soldano.html?ip=24.48.71.56&id=3191568&acc=OPENTOC&key=4D4702B0C3E38B35.4D4702B0C3E38B35.4D4702B0C3E38B35.4DD68F0663C025AA&__acm__=1526497703_8c16c68f7cdced9d21bce0beafe2af77’ saved [81581/81581]

--2018-05-16 15:03:24--  http://deliveryimages.acm.org/10.1145/3200000/3191568/images/www18companion-307-img1.svg
Resolving deliveryimages.acm.org (deliveryimages.acm.org)... 104.17.79.191, 104.17.80.191
Connecting to deliveryimages.acm.org (deliveryimages.acm.org)|104.17.79.191|:80... connected.
HTTP request sent, awaiting response... 301 Moved Permanently
Location: https://deliveryimages.acm.org/10.1145/3200000/3191568/images/www18companion-307-img1.svg [following]
--2018-05-16 15:03:24--  https://deliveryimages.acm.org/10.1145/3200000/3191568/images/www18companion-307-img1.svg
Connecting to deliveryimages.acm.org (deliveryimages.acm.org)|104.17.79.191|:443... connected.
HTTP request sent, awaiting response... 200 OK
Length: 14946 (15K) [image/svg+xml]
Saving to: ‘../data/deliveryimages.acm.org/10.1145/3200000/3191568/images/www18companion-307-img1.svg’

     0K .......... ....                                       100% 1.07M=0.01s

2018-05-16 15:03:24 (1.07 MB/s) - ‘../data/deliveryimages.acm.org/10.1145/3200000/3191568/images/www18companion-307-img1.svg’ saved [14946/14946]

--2018-05-16 15:03:24--  http://deliveryimages.acm.org/10.1145/3200000/3191568/images/www18companion-307-fig1.jpg
Connecting to deliveryimages.acm.org (deliveryimages.acm.org)|104.17.79.191|:80... connected.
HTTP request sent, awaiting response... 301 Moved Permanently
Location: https://deliveryimages.acm.org/10.1145/3200000/3191568/images/www18companion-307-fig1.jpg [following]
--2018-05-16 15:03:25--  https://deliveryimages.acm.org/10.1145/3200000/3191568/images/www18companion-307-fig1.jpg
Connecting to deliveryimages.acm.org (deliveryimages.acm.org)|104.17.79.191|:443... connected.
HTTP request sent, awaiting response... 200 OK
Length: 36256 (35K) [image/jpeg]
Saving to: ‘../data/deliveryimages.acm.org/10.1145/3200000/3191568/images/www18companion-307-fig1.jpg’

     0K .......... .......... .......... .....                100% 1.49M=0.02s

2018-05-16 15:03:25 (1.49 MB/s) - ‘../data/deliveryimages.acm.org/10.1145/3200000/3191568/images/www18companion-307-fig1.jpg’ saved [36256/36256]

--2018-05-16 15:03:25--  http://deliveryimages.acm.org/10.1145/3200000/3191568/images/www18companion-307-img2.svg
Connecting to deliveryimages.acm.org (deliveryimages.acm.org)|104.17.79.191|:80... connected.
HTTP request sent, awaiting response... 301 Moved Permanently
Location: https://deliveryimages.acm.org/10.1145/3200000/3191568/images/www18companion-307-img2.svg [following]
--2018-05-16 15:03:25--  https://deliveryimages.acm.org/10.1145/3200000/3191568/images/www18companion-307-img2.svg
Connecting to deliveryimages.acm.org (deliveryimages.acm.org)|104.17.79.191|:443... connected.
HTTP request sent, awaiting response... 200 OK
Length: 53181 (52K) [image/svg+xml]
Saving to: ‘../data/deliveryimages.acm.org/10.1145/3200000/3191568/images/www18companion-307-img2.svg’

     0K .......... .......... .......... .......... .......... 96% 1.84M 0s
    50K .                                                     100% 1.68M=0.03s

2018-05-16 15:03:25 (1.83 MB/s) - ‘../data/deliveryimages.acm.org/10.1145/3200000/3191568/images/www18companion-307-img2.svg’ saved [53181/53181]

--2018-05-16 15:03:25--  http://deliveryimages.acm.org/10.1145/3200000/3191568/images/www18companion-307-img3.svg
Connecting to deliveryimages.acm.org (deliveryimages.acm.org)|104.17.79.191|:80... connected.
HTTP request sent, awaiting response... 301 Moved Permanently
Location: https://deliveryimages.acm.org/10.1145/3200000/3191568/images/www18companion-307-img3.svg [following]
--2018-05-16 15:03:25--  https://deliveryimages.acm.org/10.1145/3200000/3191568/images/www18companion-307-img3.svg
Connecting to deliveryimages.acm.org (deliveryimages.acm.org)|104.17.79.191|:443... connected.
HTTP request sent, awaiting response... 200 OK
Length: 99840 (98K) [image/svg+xml]
Saving to: ‘../data/deliveryimages.acm.org/10.1145/3200000/3191568/images/www18companion-307-img3.svg’

     0K .......... .......... .......... .......... .......... 51% 1.37M 0s
    50K .......... .......... .......... .......... .......   100% 3.43M=0.05s

2018-05-16 15:03:25 (1.94 MB/s) - ‘../data/deliveryimages.acm.org/10.1145/3200000/3191568/images/www18companion-307-img3.svg’ saved [99840/99840]

--2018-05-16 15:03:25--  http://deliveryimages.acm.org/10.1145/3200000/3191568/images/www18companion-307-fig2.jpg
Connecting to deliveryimages.acm.org (deliveryimages.acm.org)|104.17.79.191|:80... connected.
HTTP request sent, awaiting response... 301 Moved Permanently
Location: https://deliveryimages.acm.org/10.1145/3200000/3191568/images/www18companion-307-fig2.jpg [following]
--2018-05-16 15:03:25--  https://deliveryimages.acm.org/10.1145/3200000/3191568/images/www18companion-307-fig2.jpg
Connecting to deliveryimages.acm.org (deliveryimages.acm.org)|104.17.79.191|:443... connected.
HTTP request sent, awaiting response... 200 OK
Length: 96814 (95K) [image/jpeg]
Saving to: ‘../data/deliveryimages.acm.org/10.1145/3200000/3191568/images/www18companion-307-fig2.jpg’

     0K .......... .......... .......... .......... .......... 52% 1.28M 0s
    50K .......... .......... .......... .......... ....      100% 3.81M=0.05s

2018-05-16 15:03:26 (1.87 MB/s) - ‘../data/deliveryimages.acm.org/10.1145/3200000/3191568/images/www18companion-307-fig2.jpg’ saved [96814/96814]

--2018-05-16 15:03:26--  http://deliveryimages.acm.org/10.1145/3200000/3191568/images/www18companion-307-fig3.jpg
Connecting to deliveryimages.acm.org (deliveryimages.acm.org)|104.17.79.191|:80... connected.
HTTP request sent, awaiting response... 301 Moved Permanently
Location: https://deliveryimages.acm.org/10.1145/3200000/3191568/images/www18companion-307-fig3.jpg [following]
--2018-05-16 15:03:26--  https://deliveryimages.acm.org/10.1145/3200000/3191568/images/www18companion-307-fig3.jpg
Connecting to deliveryimages.acm.org (deliveryimages.acm.org)|104.17.79.191|:443... connected.
HTTP request sent, awaiting response... 200 OK
Length: 140887 (138K) [image/jpeg]
Saving to: ‘../data/deliveryimages.acm.org/10.1145/3200000/3191568/images/www18companion-307-fig3.jpg’

     0K .......... .......... .......... .......... .......... 36% 1.52M 0s
    50K .......... .......... .......... .......... .......... 72% 4.01M 0s
   100K .......... .......... .......... .......              100% 4.63M=0.05s

2018-05-16 15:03:26 (2.58 MB/s) - ‘../data/deliveryimages.acm.org/10.1145/3200000/3191568/images/www18companion-307-fig3.jpg’ saved [140887/140887]

FINISHED --2018-05-16 15:03:26--
Total wall clock time: 2.1s
Downloaded: 7 files, 511K in 0.2s (2.05 MB/s)
Converting links in ../data/delivery.acm.org/10.1145/3200000/3191568/p1287-soldano.html?ip=24.48.71.56&id=3191568&acc=OPENTOC&key=4D4702B0C3E38B35.4D4702B0C3E38B35.4D4702B0C3E38B35.4DD68F0663C025AA&__acm__=1526497703_8c16c68f7cdced9d21bce0beafe2af77... 72-0
Converted links in 1 files in 0.003 seconds.
