--2018-05-16 15:07:35--  http://delivery.acm.org/10.1145/3200000/3191596/p1471-boldrini.html?ip=24.48.71.56&id=3191596&acc=OPENTOC&key=4D4702B0C3E38B35%2E4D4702B0C3E38B35%2E4D4702B0C3E38B35%2E4DD68F0663C025AA&__acm__=1526497955_e709be199ebd3b55479c67203758116d
Resolving delivery.acm.org (delivery.acm.org)... 24.200.120.90, 24.200.120.82
Connecting to delivery.acm.org (delivery.acm.org)|24.200.120.90|:80... connected.
HTTP request sent, awaiting response... 200 OK
Length: 56710 (55K) [text/html]
Saving to: ‘../data/delivery.acm.org/10.1145/3200000/3191596/p1471-boldrini.html?ip=24.48.71.56&id=3191596&acc=OPENTOC&key=4D4702B0C3E38B35.4D4702B0C3E38B35.4D4702B0C3E38B35.4DD68F0663C025AA&__acm__=1526497955_e709be199ebd3b55479c67203758116d’

     0K .......... .......... .......... .......... .......... 90% 2.21M 0s
    50K .....                                                 100% 10263G=0.02s

2018-05-16 15:07:35 (2.45 MB/s) - ‘../data/delivery.acm.org/10.1145/3200000/3191596/p1471-boldrini.html?ip=24.48.71.56&id=3191596&acc=OPENTOC&key=4D4702B0C3E38B35.4D4702B0C3E38B35.4D4702B0C3E38B35.4DD68F0663C025AA&__acm__=1526497955_e709be199ebd3b55479c67203758116d’ saved [56710/56710]

--2018-05-16 15:07:35--  http://deliveryimages.acm.org/10.1145/3200000/3191596/images/www18companion-335-fig1.jpg
Resolving deliveryimages.acm.org (deliveryimages.acm.org)... 104.17.80.191, 104.17.79.191
Connecting to deliveryimages.acm.org (deliveryimages.acm.org)|104.17.80.191|:80... connected.
HTTP request sent, awaiting response... 301 Moved Permanently
Location: https://deliveryimages.acm.org/10.1145/3200000/3191596/images/www18companion-335-fig1.jpg [following]
--2018-05-16 15:07:35--  https://deliveryimages.acm.org/10.1145/3200000/3191596/images/www18companion-335-fig1.jpg
Connecting to deliveryimages.acm.org (deliveryimages.acm.org)|104.17.80.191|:443... connected.
HTTP request sent, awaiting response... 200 OK
Length: 23576 (23K) [image/jpeg]
Saving to: ‘../data/deliveryimages.acm.org/10.1145/3200000/3191596/images/www18companion-335-fig1.jpg’

     0K .......... .......... ...                             100%  936K=0.02s

2018-05-16 15:07:35 (936 KB/s) - ‘../data/deliveryimages.acm.org/10.1145/3200000/3191596/images/www18companion-335-fig1.jpg’ saved [23576/23576]

--2018-05-16 15:07:35--  http://deliveryimages.acm.org/10.1145/3200000/3191596/images/www18companion-335-fig2.jpg
Connecting to deliveryimages.acm.org (deliveryimages.acm.org)|104.17.80.191|:80... connected.
HTTP request sent, awaiting response... 301 Moved Permanently
Location: https://deliveryimages.acm.org/10.1145/3200000/3191596/images/www18companion-335-fig2.jpg [following]
--2018-05-16 15:07:35--  https://deliveryimages.acm.org/10.1145/3200000/3191596/images/www18companion-335-fig2.jpg
Connecting to deliveryimages.acm.org (deliveryimages.acm.org)|104.17.80.191|:443... connected.
HTTP request sent, awaiting response... 200 OK
Length: 64219 (63K) [image/jpeg]
Saving to: ‘../data/deliveryimages.acm.org/10.1145/3200000/3191596/images/www18companion-335-fig2.jpg’

     0K .......... .......... .......... .......... .......... 79% 1.26M 0s
    50K .......... ..                                         100% 82.0M=0.04s

2018-05-16 15:07:36 (1.57 MB/s) - ‘../data/deliveryimages.acm.org/10.1145/3200000/3191596/images/www18companion-335-fig2.jpg’ saved [64219/64219]

--2018-05-16 15:07:36--  http://deliveryimages.acm.org/10.1145/3200000/3191596/images/www18companion-335-fig3.jpg
Connecting to deliveryimages.acm.org (deliveryimages.acm.org)|104.17.80.191|:80... connected.
HTTP request sent, awaiting response... 301 Moved Permanently
Location: https://deliveryimages.acm.org/10.1145/3200000/3191596/images/www18companion-335-fig3.jpg [following]
--2018-05-16 15:07:36--  https://deliveryimages.acm.org/10.1145/3200000/3191596/images/www18companion-335-fig3.jpg
Connecting to deliveryimages.acm.org (deliveryimages.acm.org)|104.17.80.191|:443... connected.
HTTP request sent, awaiting response... 200 OK
Length: 38146 (37K) [image/jpeg]
Saving to: ‘../data/deliveryimages.acm.org/10.1145/3200000/3191596/images/www18companion-335-fig3.jpg’

     0K .......... .......... .......... .......              100% 1.54M=0.02s

2018-05-16 15:07:36 (1.54 MB/s) - ‘../data/deliveryimages.acm.org/10.1145/3200000/3191596/images/www18companion-335-fig3.jpg’ saved [38146/38146]

--2018-05-16 15:07:36--  http://deliveryimages.acm.org/10.1145/3200000/3191596/images/www18companion-335-fig4.jpg
Connecting to deliveryimages.acm.org (deliveryimages.acm.org)|104.17.80.191|:80... connected.
HTTP request sent, awaiting response... 301 Moved Permanently
Location: https://deliveryimages.acm.org/10.1145/3200000/3191596/images/www18companion-335-fig4.jpg [following]
--2018-05-16 15:07:36--  https://deliveryimages.acm.org/10.1145/3200000/3191596/images/www18companion-335-fig4.jpg
Connecting to deliveryimages.acm.org (deliveryimages.acm.org)|104.17.80.191|:443... connected.
HTTP request sent, awaiting response... 200 OK
Length: 29067 (28K) [image/jpeg]
Saving to: ‘../data/deliveryimages.acm.org/10.1145/3200000/3191596/images/www18companion-335-fig4.jpg’

     0K .......... .......... ........                        100% 1.04M=0.03s

2018-05-16 15:07:36 (1.04 MB/s) - ‘../data/deliveryimages.acm.org/10.1145/3200000/3191596/images/www18companion-335-fig4.jpg’ saved [29067/29067]

--2018-05-16 15:07:36--  http://deliveryimages.acm.org/10.1145/3200000/3191596/images/www18companion-335-fig5.jpg
Connecting to deliveryimages.acm.org (deliveryimages.acm.org)|104.17.80.191|:80... connected.
HTTP request sent, awaiting response... 301 Moved Permanently
Location: https://deliveryimages.acm.org/10.1145/3200000/3191596/images/www18companion-335-fig5.jpg [following]
--2018-05-16 15:07:36--  https://deliveryimages.acm.org/10.1145/3200000/3191596/images/www18companion-335-fig5.jpg
Connecting to deliveryimages.acm.org (deliveryimages.acm.org)|104.17.80.191|:443... connected.
HTTP request sent, awaiting response... 200 OK
Length: 22646 (22K) [image/jpeg]
Saving to: ‘../data/deliveryimages.acm.org/10.1145/3200000/3191596/images/www18companion-335-fig5.jpg’

     0K .......... .......... ..                              100% 1.37M=0.02s

2018-05-16 15:07:36 (1.37 MB/s) - ‘../data/deliveryimages.acm.org/10.1145/3200000/3191596/images/www18companion-335-fig5.jpg’ saved [22646/22646]

--2018-05-16 15:07:36--  http://deliveryimages.acm.org/10.1145/3200000/3191596/images/www18companion-335-fig6.jpg
Connecting to deliveryimages.acm.org (deliveryimages.acm.org)|104.17.80.191|:80... connected.
HTTP request sent, awaiting response... 301 Moved Permanently
Location: https://deliveryimages.acm.org/10.1145/3200000/3191596/images/www18companion-335-fig6.jpg [following]
--2018-05-16 15:07:36--  https://deliveryimages.acm.org/10.1145/3200000/3191596/images/www18companion-335-fig6.jpg
Connecting to deliveryimages.acm.org (deliveryimages.acm.org)|104.17.80.191|:443... connected.
HTTP request sent, awaiting response... 200 OK
Length: 48750 (48K) [image/jpeg]
Saving to: ‘../data/deliveryimages.acm.org/10.1145/3200000/3191596/images/www18companion-335-fig6.jpg’

     0K .......... .......... .......... .......... .......   100% 1.16M=0.04s

2018-05-16 15:07:37 (1.16 MB/s) - ‘../data/deliveryimages.acm.org/10.1145/3200000/3191596/images/www18companion-335-fig6.jpg’ saved [48750/48750]

--2018-05-16 15:07:37--  http://deliveryimages.acm.org/10.1145/3200000/3191596/images/www18companion-335-fig7.jpg
Connecting to deliveryimages.acm.org (deliveryimages.acm.org)|104.17.80.191|:80... connected.
HTTP request sent, awaiting response... 301 Moved Permanently
Location: https://deliveryimages.acm.org/10.1145/3200000/3191596/images/www18companion-335-fig7.jpg [following]
--2018-05-16 15:07:37--  https://deliveryimages.acm.org/10.1145/3200000/3191596/images/www18companion-335-fig7.jpg
Connecting to deliveryimages.acm.org (deliveryimages.acm.org)|104.17.80.191|:443... connected.
HTTP request sent, awaiting response... 200 OK
Length: 22815 (22K) [image/jpeg]
Saving to: ‘../data/deliveryimages.acm.org/10.1145/3200000/3191596/images/www18companion-335-fig7.jpg’

     0K .......... .......... ..                              100% 1.43M=0.02s

2018-05-16 15:07:37 (1.43 MB/s) - ‘../data/deliveryimages.acm.org/10.1145/3200000/3191596/images/www18companion-335-fig7.jpg’ saved [22815/22815]

--2018-05-16 15:07:37--  http://deliveryimages.acm.org/10.1145/3200000/3191596/images/www18companion-335-fig8.jpg
Connecting to deliveryimages.acm.org (deliveryimages.acm.org)|104.17.80.191|:80... connected.
HTTP request sent, awaiting response... 301 Moved Permanently
Location: https://deliveryimages.acm.org/10.1145/3200000/3191596/images/www18companion-335-fig8.jpg [following]
--2018-05-16 15:07:37--  https://deliveryimages.acm.org/10.1145/3200000/3191596/images/www18companion-335-fig8.jpg
Connecting to deliveryimages.acm.org (deliveryimages.acm.org)|104.17.80.191|:443... connected.
HTTP request sent, awaiting response... 200 OK
Length: 25136 (25K) [image/jpeg]
Saving to: ‘../data/deliveryimages.acm.org/10.1145/3200000/3191596/images/www18companion-335-fig8.jpg’

     0K .......... .......... ....                            100% 1.18M=0.02s

2018-05-16 15:07:37 (1.18 MB/s) - ‘../data/deliveryimages.acm.org/10.1145/3200000/3191596/images/www18companion-335-fig8.jpg’ saved [25136/25136]

--2018-05-16 15:07:37--  http://deliveryimages.acm.org/10.1145/3200000/3191596/images/www18companion-335-fig9.jpg
Connecting to deliveryimages.acm.org (deliveryimages.acm.org)|104.17.80.191|:80... connected.
HTTP request sent, awaiting response... 301 Moved Permanently
Location: https://deliveryimages.acm.org/10.1145/3200000/3191596/images/www18companion-335-fig9.jpg [following]
--2018-05-16 15:07:37--  https://deliveryimages.acm.org/10.1145/3200000/3191596/images/www18companion-335-fig9.jpg
Connecting to deliveryimages.acm.org (deliveryimages.acm.org)|104.17.80.191|:443... connected.
HTTP request sent, awaiting response... 200 OK
Length: 16360 (16K) [image/jpeg]
Saving to: ‘../data/deliveryimages.acm.org/10.1145/3200000/3191596/images/www18companion-335-fig9.jpg’

     0K .......... .....                                      100%  915K=0.02s

2018-05-16 15:07:37 (915 KB/s) - ‘../data/deliveryimages.acm.org/10.1145/3200000/3191596/images/www18companion-335-fig9.jpg’ saved [16360/16360]

--2018-05-16 15:07:37--  http://deliveryimages.acm.org/10.1145/3200000/3191596/images/www18companion-335-fig10.jpg
Connecting to deliveryimages.acm.org (deliveryimages.acm.org)|104.17.80.191|:80... connected.
HTTP request sent, awaiting response... 301 Moved Permanently
Location: https://deliveryimages.acm.org/10.1145/3200000/3191596/images/www18companion-335-fig10.jpg [following]
--2018-05-16 15:07:38--  https://deliveryimages.acm.org/10.1145/3200000/3191596/images/www18companion-335-fig10.jpg
Connecting to deliveryimages.acm.org (deliveryimages.acm.org)|104.17.80.191|:443... connected.
HTTP request sent, awaiting response... 200 OK
Length: 14616 (14K) [image/jpeg]
Saving to: ‘../data/deliveryimages.acm.org/10.1145/3200000/3191596/images/www18companion-335-fig10.jpg’

     0K .......... ....                                       100%  907K=0.02s

2018-05-16 15:07:38 (907 KB/s) - ‘../data/deliveryimages.acm.org/10.1145/3200000/3191596/images/www18companion-335-fig10.jpg’ saved [14616/14616]

--2018-05-16 15:07:38--  http://deliveryimages.acm.org/10.1145/3200000/3191596/images/www18companion-335-fig11.jpg
Connecting to deliveryimages.acm.org (deliveryimages.acm.org)|104.17.80.191|:80... connected.
HTTP request sent, awaiting response... 301 Moved Permanently
Location: https://deliveryimages.acm.org/10.1145/3200000/3191596/images/www18companion-335-fig11.jpg [following]
--2018-05-16 15:07:38--  https://deliveryimages.acm.org/10.1145/3200000/3191596/images/www18companion-335-fig11.jpg
Connecting to deliveryimages.acm.org (deliveryimages.acm.org)|104.17.80.191|:443... connected.
HTTP request sent, awaiting response... 200 OK
Length: 20941 (20K) [image/jpeg]
Saving to: ‘../data/deliveryimages.acm.org/10.1145/3200000/3191596/images/www18companion-335-fig11.jpg’

     0K .......... ..........                                 100% 1.08M=0.02s

2018-05-16 15:07:38 (1.08 MB/s) - ‘../data/deliveryimages.acm.org/10.1145/3200000/3191596/images/www18companion-335-fig11.jpg’ saved [20941/20941]

--2018-05-16 15:07:38--  http://deliveryimages.acm.org/10.1145/3200000/3191596/images/www18companion-335-fig12.jpg
Connecting to deliveryimages.acm.org (deliveryimages.acm.org)|104.17.80.191|:80... connected.
HTTP request sent, awaiting response... 301 Moved Permanently
Location: https://deliveryimages.acm.org/10.1145/3200000/3191596/images/www18companion-335-fig12.jpg [following]
--2018-05-16 15:07:38--  https://deliveryimages.acm.org/10.1145/3200000/3191596/images/www18companion-335-fig12.jpg
Connecting to deliveryimages.acm.org (deliveryimages.acm.org)|104.17.80.191|:443... connected.
HTTP request sent, awaiting response... 200 OK
Length: 61262 (60K) [image/jpeg]
Saving to: ‘../data/deliveryimages.acm.org/10.1145/3200000/3191596/images/www18companion-335-fig12.jpg’

     0K .......... .......... .......... .......... .......... 83% 1.39M 0s
    50K .........                                             100% 6.24M=0.04s

2018-05-16 15:07:38 (1.59 MB/s) - ‘../data/deliveryimages.acm.org/10.1145/3200000/3191596/images/www18companion-335-fig12.jpg’ saved [61262/61262]

--2018-05-16 15:07:38--  http://deliveryimages.acm.org/10.1145/3200000/3191596/images/www18companion-335-fig13.jpg
Connecting to deliveryimages.acm.org (deliveryimages.acm.org)|104.17.80.191|:80... connected.
HTTP request sent, awaiting response... 301 Moved Permanently
Location: https://deliveryimages.acm.org/10.1145/3200000/3191596/images/www18companion-335-fig13.jpg [following]
--2018-05-16 15:07:38--  https://deliveryimages.acm.org/10.1145/3200000/3191596/images/www18companion-335-fig13.jpg
Connecting to deliveryimages.acm.org (deliveryimages.acm.org)|104.17.80.191|:443... connected.
HTTP request sent, awaiting response... 200 OK
Length: 50279 (49K) [image/jpeg]
Saving to: ‘../data/deliveryimages.acm.org/10.1145/3200000/3191596/images/www18companion-335-fig13.jpg’

     0K .......... .......... .......... .......... ......... 100% 1.04M=0.05s

2018-05-16 15:07:39 (1.04 MB/s) - ‘../data/deliveryimages.acm.org/10.1145/3200000/3191596/images/www18companion-335-fig13.jpg’ saved [50279/50279]

--2018-05-16 15:07:39--  http://deliveryimages.acm.org/10.1145/3200000/3191596/images/www18companion-335-fig14.jpg
Connecting to deliveryimages.acm.org (deliveryimages.acm.org)|104.17.80.191|:80... connected.
HTTP request sent, awaiting response... 301 Moved Permanently
Location: https://deliveryimages.acm.org/10.1145/3200000/3191596/images/www18companion-335-fig14.jpg [following]
--2018-05-16 15:07:39--  https://deliveryimages.acm.org/10.1145/3200000/3191596/images/www18companion-335-fig14.jpg
Connecting to deliveryimages.acm.org (deliveryimages.acm.org)|104.17.80.191|:443... connected.
HTTP request sent, awaiting response... 200 OK
Length: 11850 (12K) [image/jpeg]
Saving to: ‘../data/deliveryimages.acm.org/10.1145/3200000/3191596/images/www18companion-335-fig14.jpg’

     0K .......... .                                          100% 5.66M=0.002s

2018-05-16 15:07:39 (5.66 MB/s) - ‘../data/deliveryimages.acm.org/10.1145/3200000/3191596/images/www18companion-335-fig14.jpg’ saved [11850/11850]

--2018-05-16 15:07:39--  http://deliveryimages.acm.org/10.1145/3200000/3191596/images/www18companion-335-fig15.jpg
Connecting to deliveryimages.acm.org (deliveryimages.acm.org)|104.17.80.191|:80... connected.
HTTP request sent, awaiting response... 301 Moved Permanently
Location: https://deliveryimages.acm.org/10.1145/3200000/3191596/images/www18companion-335-fig15.jpg [following]
--2018-05-16 15:07:39--  https://deliveryimages.acm.org/10.1145/3200000/3191596/images/www18companion-335-fig15.jpg
Connecting to deliveryimages.acm.org (deliveryimages.acm.org)|104.17.80.191|:443... connected.
HTTP request sent, awaiting response... 200 OK
Length: 12542 (12K) [image/jpeg]
Saving to: ‘../data/deliveryimages.acm.org/10.1145/3200000/3191596/images/www18companion-335-fig15.jpg’

     0K .......... ..                                         100% 6.82M=0.002s

2018-05-16 15:07:39 (6.82 MB/s) - ‘../data/deliveryimages.acm.org/10.1145/3200000/3191596/images/www18companion-335-fig15.jpg’ saved [12542/12542]

--2018-05-16 15:07:39--  http://deliveryimages.acm.org/10.1145/3200000/3191596/images/www18companion-335-fig16.jpg
Connecting to deliveryimages.acm.org (deliveryimages.acm.org)|104.17.80.191|:80... connected.
HTTP request sent, awaiting response... 301 Moved Permanently
Location: https://deliveryimages.acm.org/10.1145/3200000/3191596/images/www18companion-335-fig16.jpg [following]
--2018-05-16 15:07:39--  https://deliveryimages.acm.org/10.1145/3200000/3191596/images/www18companion-335-fig16.jpg
Connecting to deliveryimages.acm.org (deliveryimages.acm.org)|104.17.80.191|:443... connected.
HTTP request sent, awaiting response... 200 OK
Length: 30579 (30K) [image/jpeg]
Saving to: ‘../data/deliveryimages.acm.org/10.1145/3200000/3191596/images/www18companion-335-fig16.jpg’

     0K .......... .......... .........                       100% 1.29M=0.02s

2018-05-16 15:07:39 (1.29 MB/s) - ‘../data/deliveryimages.acm.org/10.1145/3200000/3191596/images/www18companion-335-fig16.jpg’ saved [30579/30579]

--2018-05-16 15:07:39--  http://deliveryimages.acm.org/10.1145/3200000/3191596/images/www18companion-335-fig17.jpg
Connecting to deliveryimages.acm.org (deliveryimages.acm.org)|104.17.80.191|:80... connected.
HTTP request sent, awaiting response... 301 Moved Permanently
Location: https://deliveryimages.acm.org/10.1145/3200000/3191596/images/www18companion-335-fig17.jpg [following]
--2018-05-16 15:07:39--  https://deliveryimages.acm.org/10.1145/3200000/3191596/images/www18companion-335-fig17.jpg
Connecting to deliveryimages.acm.org (deliveryimages.acm.org)|104.17.80.191|:443... connected.
HTTP request sent, awaiting response... 200 OK
Length: 16059 (16K) [image/jpeg]
Saving to: ‘../data/deliveryimages.acm.org/10.1145/3200000/3191596/images/www18companion-335-fig17.jpg’

     0K .......... .....                                      100%  117K=0.1s

2018-05-16 15:07:40 (117 KB/s) - ‘../data/deliveryimages.acm.org/10.1145/3200000/3191596/images/www18companion-335-fig17.jpg’ saved [16059/16059]

--2018-05-16 15:07:40--  http://deliveryimages.acm.org/10.1145/3200000/3191596/images/www18companion-335-fig18.jpg
Connecting to deliveryimages.acm.org (deliveryimages.acm.org)|104.17.80.191|:80... connected.
HTTP request sent, awaiting response... 301 Moved Permanently
Location: https://deliveryimages.acm.org/10.1145/3200000/3191596/images/www18companion-335-fig18.jpg [following]
--2018-05-16 15:07:40--  https://deliveryimages.acm.org/10.1145/3200000/3191596/images/www18companion-335-fig18.jpg
Connecting to deliveryimages.acm.org (deliveryimages.acm.org)|104.17.80.191|:443... connected.
HTTP request sent, awaiting response... 200 OK
Length: 25632 (25K) [image/jpeg]
Saving to: ‘../data/deliveryimages.acm.org/10.1145/3200000/3191596/images/www18companion-335-fig18.jpg’

     0K .......... .......... .....                           100%  150K=0.2s

2018-05-16 15:07:41 (150 KB/s) - ‘../data/deliveryimages.acm.org/10.1145/3200000/3191596/images/www18companion-335-fig18.jpg’ saved [25632/25632]

--2018-05-16 15:07:41--  http://deliveryimages.acm.org/10.1145/3200000/3191596/images/www18companion-335-fig19.jpg
Connecting to deliveryimages.acm.org (deliveryimages.acm.org)|104.17.80.191|:80... connected.
HTTP request sent, awaiting response... 301 Moved Permanently
Location: https://deliveryimages.acm.org/10.1145/3200000/3191596/images/www18companion-335-fig19.jpg [following]
--2018-05-16 15:07:41--  https://deliveryimages.acm.org/10.1145/3200000/3191596/images/www18companion-335-fig19.jpg
Connecting to deliveryimages.acm.org (deliveryimages.acm.org)|104.17.80.191|:443... connected.
HTTP request sent, awaiting response... 200 OK
Length: 26283 (26K) [image/jpeg]
Saving to: ‘../data/deliveryimages.acm.org/10.1145/3200000/3191596/images/www18companion-335-fig19.jpg’

     0K .......... .......... .....                           100%  846K=0.03s

2018-05-16 15:07:41 (846 KB/s) - ‘../data/deliveryimages.acm.org/10.1145/3200000/3191596/images/www18companion-335-fig19.jpg’ saved [26283/26283]

FINISHED --2018-05-16 15:07:41--
Total wall clock time: 6.5s
Downloaded: 20 files, 603K in 0.7s (837 KB/s)
Converting links in ../data/delivery.acm.org/10.1145/3200000/3191596/p1471-boldrini.html?ip=24.48.71.56&id=3191596&acc=OPENTOC&key=4D4702B0C3E38B35.4D4702B0C3E38B35.4D4702B0C3E38B35.4DD68F0663C025AA&__acm__=1526497955_e709be199ebd3b55479c67203758116d... 114-0
Converted links in 1 files in 0.002 seconds.
