--2018-05-16 14:25:55--  http://delivery.acm.org/10.1145/3190000/3186147/p659-kusmierczyk.html?ip=24.48.71.56&id=3186147&acc=OPENTOC&key=4D4702B0C3E38B35%2E4D4702B0C3E38B35%2E4D4702B0C3E38B35%2E4DD68F0663C025AA&__acm__=1526495454_dc6c42f80e1e28395949dc44156eaba9
Resolving delivery.acm.org (delivery.acm.org)... 24.200.120.82, 24.200.120.90
Connecting to delivery.acm.org (delivery.acm.org)|24.200.120.82|:80... connected.
HTTP request sent, awaiting response... 200 OK
Length: 92662 (90K) [text/html]
Saving to: ‘../data/delivery.acm.org/10.1145/3190000/3186147/p659-kusmierczyk.html?ip=24.48.71.56&id=3186147&acc=OPENTOC&key=4D4702B0C3E38B35.4D4702B0C3E38B35.4D4702B0C3E38B35.4DD68F0663C025AA&__acm__=1526495454_dc6c42f80e1e28395949dc44156eaba9’

     0K .......... .......... .......... .......... .......... 55% 1.99M 0s
    50K .......... .......... .......... ..........           100% 3.43M=0.04s

2018-05-16 14:25:55 (2.45 MB/s) - ‘../data/delivery.acm.org/10.1145/3190000/3186147/p659-kusmierczyk.html?ip=24.48.71.56&id=3186147&acc=OPENTOC&key=4D4702B0C3E38B35.4D4702B0C3E38B35.4D4702B0C3E38B35.4DD68F0663C025AA&__acm__=1526495454_dc6c42f80e1e28395949dc44156eaba9’ saved [92662/92662]

--2018-05-16 14:25:55--  http://deliveryimages.acm.org/10.1145/3190000/3186147/images/www2018-156-fig1.jpg
Resolving deliveryimages.acm.org (deliveryimages.acm.org)... 104.17.80.191, 104.17.79.191
Connecting to deliveryimages.acm.org (deliveryimages.acm.org)|104.17.80.191|:80... connected.
HTTP request sent, awaiting response... 301 Moved Permanently
Location: https://deliveryimages.acm.org/10.1145/3190000/3186147/images/www2018-156-fig1.jpg [following]
--2018-05-16 14:25:55--  https://deliveryimages.acm.org/10.1145/3190000/3186147/images/www2018-156-fig1.jpg
Connecting to deliveryimages.acm.org (deliveryimages.acm.org)|104.17.80.191|:443... connected.
HTTP request sent, awaiting response... 200 OK
Length: 48091 (47K) [image/jpeg]
Saving to: ‘../data/deliveryimages.acm.org/10.1145/3190000/3186147/images/www2018-156-fig1.jpg’

     0K .......... .......... .......... .......... ......    100% 1.16M=0.04s

2018-05-16 14:25:56 (1.16 MB/s) - ‘../data/deliveryimages.acm.org/10.1145/3190000/3186147/images/www2018-156-fig1.jpg’ saved [48091/48091]

--2018-05-16 14:25:56--  http://deliveryimages.acm.org/10.1145/3190000/3186147/images/www2018-156-fig2.jpg
Connecting to deliveryimages.acm.org (deliveryimages.acm.org)|104.17.80.191|:80... connected.
HTTP request sent, awaiting response... 301 Moved Permanently
Location: https://deliveryimages.acm.org/10.1145/3190000/3186147/images/www2018-156-fig2.jpg [following]
--2018-05-16 14:25:56--  https://deliveryimages.acm.org/10.1145/3190000/3186147/images/www2018-156-fig2.jpg
Connecting to deliveryimages.acm.org (deliveryimages.acm.org)|104.17.80.191|:443... connected.
HTTP request sent, awaiting response... 200 OK
Length: 38349 (37K) [image/jpeg]
Saving to: ‘../data/deliveryimages.acm.org/10.1145/3190000/3186147/images/www2018-156-fig2.jpg’

     0K .......... .......... .......... .......              100%  922K=0.04s

2018-05-16 14:25:56 (922 KB/s) - ‘../data/deliveryimages.acm.org/10.1145/3190000/3186147/images/www2018-156-fig2.jpg’ saved [38349/38349]

--2018-05-16 14:25:56--  http://deliveryimages.acm.org/10.1145/3190000/3186147/images/www2018-156-fig3.jpg
Connecting to deliveryimages.acm.org (deliveryimages.acm.org)|104.17.80.191|:80... connected.
HTTP request sent, awaiting response... 301 Moved Permanently
Location: https://deliveryimages.acm.org/10.1145/3190000/3186147/images/www2018-156-fig3.jpg [following]
--2018-05-16 14:25:56--  https://deliveryimages.acm.org/10.1145/3190000/3186147/images/www2018-156-fig3.jpg
Connecting to deliveryimages.acm.org (deliveryimages.acm.org)|104.17.80.191|:443... connected.
HTTP request sent, awaiting response... 200 OK
Length: 27685 (27K) [image/jpeg]
Saving to: ‘../data/deliveryimages.acm.org/10.1145/3190000/3186147/images/www2018-156-fig3.jpg’

     0K .......... .......... .......                         100% 1.79M=0.01s

2018-05-16 14:25:56 (1.79 MB/s) - ‘../data/deliveryimages.acm.org/10.1145/3190000/3186147/images/www2018-156-fig3.jpg’ saved [27685/27685]

--2018-05-16 14:25:56--  http://deliveryimages.acm.org/10.1145/3190000/3186147/images/www2018-156-fig4.jpg
Connecting to deliveryimages.acm.org (deliveryimages.acm.org)|104.17.80.191|:80... connected.
HTTP request sent, awaiting response... 301 Moved Permanently
Location: https://deliveryimages.acm.org/10.1145/3190000/3186147/images/www2018-156-fig4.jpg [following]
--2018-05-16 14:25:56--  https://deliveryimages.acm.org/10.1145/3190000/3186147/images/www2018-156-fig4.jpg
Connecting to deliveryimages.acm.org (deliveryimages.acm.org)|104.17.80.191|:443... connected.
HTTP request sent, awaiting response... 200 OK
Length: 48887 (48K) [image/jpeg]
Saving to: ‘../data/deliveryimages.acm.org/10.1145/3190000/3186147/images/www2018-156-fig4.jpg’

     0K .......... .......... .......... .......... .......   100% 1.27M=0.04s

2018-05-16 14:25:56 (1.27 MB/s) - ‘../data/deliveryimages.acm.org/10.1145/3190000/3186147/images/www2018-156-fig4.jpg’ saved [48887/48887]

--2018-05-16 14:25:56--  http://deliveryimages.acm.org/10.1145/3190000/3186147/images/www2018-156-fig5.jpg
Connecting to deliveryimages.acm.org (deliveryimages.acm.org)|104.17.80.191|:80... connected.
HTTP request sent, awaiting response... 301 Moved Permanently
Location: https://deliveryimages.acm.org/10.1145/3190000/3186147/images/www2018-156-fig5.jpg [following]
--2018-05-16 14:25:56--  https://deliveryimages.acm.org/10.1145/3190000/3186147/images/www2018-156-fig5.jpg
Connecting to deliveryimages.acm.org (deliveryimages.acm.org)|104.17.80.191|:443... connected.
HTTP request sent, awaiting response... 200 OK
Length: 38346 (37K) [image/jpeg]
Saving to: ‘../data/deliveryimages.acm.org/10.1145/3190000/3186147/images/www2018-156-fig5.jpg’

     0K .......... .......... .......... .......              100%  609K=0.06s

2018-05-16 14:25:57 (609 KB/s) - ‘../data/deliveryimages.acm.org/10.1145/3190000/3186147/images/www2018-156-fig5.jpg’ saved [38346/38346]

--2018-05-16 14:25:57--  http://deliveryimages.acm.org/10.1145/3190000/3186147/images/www2018-156-fig6.jpg
Connecting to deliveryimages.acm.org (deliveryimages.acm.org)|104.17.80.191|:80... connected.
HTTP request sent, awaiting response... 301 Moved Permanently
Location: https://deliveryimages.acm.org/10.1145/3190000/3186147/images/www2018-156-fig6.jpg [following]
--2018-05-16 14:25:57--  https://deliveryimages.acm.org/10.1145/3190000/3186147/images/www2018-156-fig6.jpg
Connecting to deliveryimages.acm.org (deliveryimages.acm.org)|104.17.80.191|:443... connected.
HTTP request sent, awaiting response... 200 OK
Length: 97726 (95K) [image/jpeg]
Saving to: ‘../data/deliveryimages.acm.org/10.1145/3190000/3186147/images/www2018-156-fig6.jpg’

     0K .......... .......... .......... .......... .......... 52% 1.32M 0s
    50K .......... .......... .......... .......... .....     100% 5.05M=0.05s

2018-05-16 14:25:57 (2.04 MB/s) - ‘../data/deliveryimages.acm.org/10.1145/3190000/3186147/images/www2018-156-fig6.jpg’ saved [97726/97726]

--2018-05-16 14:25:57--  http://deliveryimages.acm.org/10.1145/3190000/3186147/images/www2018-156-fig7.jpg
Connecting to deliveryimages.acm.org (deliveryimages.acm.org)|104.17.80.191|:80... connected.
HTTP request sent, awaiting response... 301 Moved Permanently
Location: https://deliveryimages.acm.org/10.1145/3190000/3186147/images/www2018-156-fig7.jpg [following]
--2018-05-16 14:25:57--  https://deliveryimages.acm.org/10.1145/3190000/3186147/images/www2018-156-fig7.jpg
Connecting to deliveryimages.acm.org (deliveryimages.acm.org)|104.17.80.191|:443... connected.
HTTP request sent, awaiting response... 200 OK
Length: 105950 (103K) [image/jpeg]
Saving to: ‘../data/deliveryimages.acm.org/10.1145/3190000/3186147/images/www2018-156-fig7.jpg’

     0K .......... .......... .......... .......... .......... 48%  910K 0s
    50K .......... .......... .......... .......... .......... 96%  977K 0s
   100K ...                                                   100% 6612G=0.1s

2018-05-16 14:25:57 (975 KB/s) - ‘../data/deliveryimages.acm.org/10.1145/3190000/3186147/images/www2018-156-fig7.jpg’ saved [105950/105950]

--2018-05-16 14:25:57--  http://deliveryimages.acm.org/10.1145/3190000/3186147/images/www2018-156-fig8.jpg
Connecting to deliveryimages.acm.org (deliveryimages.acm.org)|104.17.80.191|:80... connected.
HTTP request sent, awaiting response... 301 Moved Permanently
Location: https://deliveryimages.acm.org/10.1145/3190000/3186147/images/www2018-156-fig8.jpg [following]
--2018-05-16 14:25:58--  https://deliveryimages.acm.org/10.1145/3190000/3186147/images/www2018-156-fig8.jpg
Connecting to deliveryimages.acm.org (deliveryimages.acm.org)|104.17.80.191|:443... connected.
HTTP request sent, awaiting response... 200 OK
Length: 20709 (20K) [image/jpeg]
Saving to: ‘../data/deliveryimages.acm.org/10.1145/3190000/3186147/images/www2018-156-fig8.jpg’

     0K .......... ..........                                 100%  607K=0.03s

2018-05-16 14:25:58 (607 KB/s) - ‘../data/deliveryimages.acm.org/10.1145/3190000/3186147/images/www2018-156-fig8.jpg’ saved [20709/20709]

FINISHED --2018-05-16 14:25:58--
Total wall clock time: 2.6s
Downloaded: 9 files, 506K in 0.4s (1.19 MB/s)
Converting links in ../data/delivery.acm.org/10.1145/3190000/3186147/p659-kusmierczyk.html?ip=24.48.71.56&id=3186147&acc=OPENTOC&key=4D4702B0C3E38B35.4D4702B0C3E38B35.4D4702B0C3E38B35.4DD68F0663C025AA&__acm__=1526495454_dc6c42f80e1e28395949dc44156eaba9... 121-0
Converted links in 1 files in 0.004 seconds.
