--2018-05-16 15:11:45--  http://delivery.acm.org/10.1145/3200000/3191629/p1699-li.html?ip=24.48.71.56&id=3191629&acc=OPENTOC&key=4D4702B0C3E38B35%2E4D4702B0C3E38B35%2E4D4702B0C3E38B35%2E4DD68F0663C025AA&__acm__=1526498203_ee71b6d07d9d939b04f9c6be11fa5283
Resolving delivery.acm.org (delivery.acm.org)... 24.200.120.82, 24.200.120.90
Connecting to delivery.acm.org (delivery.acm.org)|24.200.120.82|:80... connected.
HTTP request sent, awaiting response... 200 OK
Length: 59579 (58K) [text/html]
Saving to: ‘../data/delivery.acm.org/10.1145/3200000/3191629/p1699-li.html?ip=24.48.71.56&id=3191629&acc=OPENTOC&key=4D4702B0C3E38B35.4D4702B0C3E38B35.4D4702B0C3E38B35.4DD68F0663C025AA&__acm__=1526498203_ee71b6d07d9d939b04f9c6be11fa5283’

     0K .......... .......... .......... .......... .......... 85% 1.94M 0s
    50K ........                                              100% 11.2M=0.03s

2018-05-16 15:11:45 (2.19 MB/s) - ‘../data/delivery.acm.org/10.1145/3200000/3191629/p1699-li.html?ip=24.48.71.56&id=3191629&acc=OPENTOC&key=4D4702B0C3E38B35.4D4702B0C3E38B35.4D4702B0C3E38B35.4DD68F0663C025AA&__acm__=1526498203_ee71b6d07d9d939b04f9c6be11fa5283’ saved [59579/59579]

--2018-05-16 15:11:45--  http://deliveryimages.acm.org/10.1145/3200000/3191629/images/image1.jpg
Resolving deliveryimages.acm.org (deliveryimages.acm.org)... 104.17.79.191, 104.17.80.191
Connecting to deliveryimages.acm.org (deliveryimages.acm.org)|104.17.79.191|:80... connected.
HTTP request sent, awaiting response... 301 Moved Permanently
Location: https://deliveryimages.acm.org/10.1145/3200000/3191629/images/image1.jpg [following]
--2018-05-16 15:11:45--  https://deliveryimages.acm.org/10.1145/3200000/3191629/images/image1.jpg
Connecting to deliveryimages.acm.org (deliveryimages.acm.org)|104.17.79.191|:443... connected.
HTTP request sent, awaiting response... 200 OK
Length: 83860 (82K) [image/jpeg]
Saving to: ‘../data/deliveryimages.acm.org/10.1145/3200000/3191629/images/image1.jpg’

     0K .......... .......... .......... .......... .......... 61% 1.60M 0s
    50K .......... .......... .......... .                    100% 1.33M=0.05s

2018-05-16 15:11:45 (1.48 MB/s) - ‘../data/deliveryimages.acm.org/10.1145/3200000/3191629/images/image1.jpg’ saved [83860/83860]

--2018-05-16 15:11:45--  http://deliveryimages.acm.org/10.1145/3200000/3191629/images/image2.jpg
Connecting to deliveryimages.acm.org (deliveryimages.acm.org)|104.17.79.191|:80... connected.
HTTP request sent, awaiting response... 301 Moved Permanently
Location: https://deliveryimages.acm.org/10.1145/3200000/3191629/images/image2.jpg [following]
--2018-05-16 15:11:45--  https://deliveryimages.acm.org/10.1145/3200000/3191629/images/image2.jpg
Connecting to deliveryimages.acm.org (deliveryimages.acm.org)|104.17.79.191|:443... connected.
HTTP request sent, awaiting response... 200 OK
Length: 158766 (155K) [image/jpeg]
Saving to: ‘../data/deliveryimages.acm.org/10.1145/3200000/3191629/images/image2.jpg’

     0K .......... .......... .......... .......... .......... 32% 1.87M 0s
    50K .......... .......... .......... .......... .......... 64% 4.02M 0s
   100K .......... .......... .......... .......... .......... 96% 3.74M 0s
   150K .....                                                 100%  105M=0.05s

2018-05-16 15:11:46 (2.95 MB/s) - ‘../data/deliveryimages.acm.org/10.1145/3200000/3191629/images/image2.jpg’ saved [158766/158766]

--2018-05-16 15:11:46--  http://deliveryimages.acm.org/10.1145/3200000/3191629/images/image3.jpeg
Connecting to deliveryimages.acm.org (deliveryimages.acm.org)|104.17.79.191|:80... connected.
HTTP request sent, awaiting response... 301 Moved Permanently
Location: https://deliveryimages.acm.org/10.1145/3200000/3191629/images/image3.jpeg [following]
--2018-05-16 15:11:46--  https://deliveryimages.acm.org/10.1145/3200000/3191629/images/image3.jpeg
Connecting to deliveryimages.acm.org (deliveryimages.acm.org)|104.17.79.191|:443... connected.
HTTP request sent, awaiting response... 200 OK
Length: 79560 (78K) [image/jpeg]
Saving to: ‘../data/deliveryimages.acm.org/10.1145/3200000/3191629/images/image3.jpeg’

     0K .......... .......... .......... .......... .......... 64% 1.13M 0s
    50K .......... .......... .......                         100% 1.57M=0.06s

2018-05-16 15:11:46 (1.25 MB/s) - ‘../data/deliveryimages.acm.org/10.1145/3200000/3191629/images/image3.jpeg’ saved [79560/79560]

--2018-05-16 15:11:46--  http://deliveryimages.acm.org/10.1145/3200000/3191629/images/image5.jpg
Connecting to deliveryimages.acm.org (deliveryimages.acm.org)|104.17.79.191|:80... connected.
HTTP request sent, awaiting response... 301 Moved Permanently
Location: https://deliveryimages.acm.org/10.1145/3200000/3191629/images/image5.jpg [following]
--2018-05-16 15:11:46--  https://deliveryimages.acm.org/10.1145/3200000/3191629/images/image5.jpg
Connecting to deliveryimages.acm.org (deliveryimages.acm.org)|104.17.79.191|:443... connected.
HTTP request sent, awaiting response... 200 OK
Length: 77807 (76K) [image/jpeg]
Saving to: ‘../data/deliveryimages.acm.org/10.1145/3200000/3191629/images/image5.jpg’

     0K .......... .......... .......... .......... .......... 65% 1.76M 0s
    50K .......... .......... .....                           100% 7.20M=0.03s

2018-05-16 15:11:46 (2.37 MB/s) - ‘../data/deliveryimages.acm.org/10.1145/3200000/3191629/images/image5.jpg’ saved [77807/77807]

--2018-05-16 15:11:46--  http://deliveryimages.acm.org/10.1145/3200000/3191629/images/image4.jpg
Connecting to deliveryimages.acm.org (deliveryimages.acm.org)|104.17.79.191|:80... connected.
HTTP request sent, awaiting response... 301 Moved Permanently
Location: https://deliveryimages.acm.org/10.1145/3200000/3191629/images/image4.jpg [following]
--2018-05-16 15:11:46--  https://deliveryimages.acm.org/10.1145/3200000/3191629/images/image4.jpg
Connecting to deliveryimages.acm.org (deliveryimages.acm.org)|104.17.79.191|:443... connected.
HTTP request sent, awaiting response... 200 OK
Length: 107911 (105K) [image/jpeg]
Saving to: ‘../data/deliveryimages.acm.org/10.1145/3200000/3191629/images/image4.jpg’

     0K .......... .......... .......... .......... .......... 47% 1.53M 0s
    50K .......... .......... .......... .......... .......... 94% 2.81M 0s
   100K .....                                                 100% 89.0M=0.05s

2018-05-16 15:11:46 (2.08 MB/s) - ‘../data/deliveryimages.acm.org/10.1145/3200000/3191629/images/image4.jpg’ saved [107911/107911]

--2018-05-16 15:11:46--  http://deliveryimages.acm.org/10.1145/3200000/3191629/images/image6.jpg
Connecting to deliveryimages.acm.org (deliveryimages.acm.org)|104.17.79.191|:80... connected.
HTTP request sent, awaiting response... 301 Moved Permanently
Location: https://deliveryimages.acm.org/10.1145/3200000/3191629/images/image6.jpg [following]
--2018-05-16 15:11:46--  https://deliveryimages.acm.org/10.1145/3200000/3191629/images/image6.jpg
Connecting to deliveryimages.acm.org (deliveryimages.acm.org)|104.17.79.191|:443... connected.
HTTP request sent, awaiting response... 200 OK
Length: 95591 (93K) [image/jpeg]
Saving to: ‘../data/deliveryimages.acm.org/10.1145/3200000/3191629/images/image6.jpg’

     0K .......... .......... .......... .......... .......... 53% 1.20M 0s
    50K .......... .......... .......... .......... ...       100% 1.56M=0.07s

2018-05-16 15:11:47 (1.35 MB/s) - ‘../data/deliveryimages.acm.org/10.1145/3200000/3191629/images/image6.jpg’ saved [95591/95591]

--2018-05-16 15:11:47--  http://deliveryimages.acm.org/10.1145/3200000/3191629/images/image7.jpg
Connecting to deliveryimages.acm.org (deliveryimages.acm.org)|104.17.79.191|:80... connected.
HTTP request sent, awaiting response... 301 Moved Permanently
Location: https://deliveryimages.acm.org/10.1145/3200000/3191629/images/image7.jpg [following]
--2018-05-16 15:11:47--  https://deliveryimages.acm.org/10.1145/3200000/3191629/images/image7.jpg
Connecting to deliveryimages.acm.org (deliveryimages.acm.org)|104.17.79.191|:443... connected.
HTTP request sent, awaiting response... 200 OK
Length: 8629 (8.4K) [image/jpeg]
Saving to: ‘../data/deliveryimages.acm.org/10.1145/3200000/3191629/images/image7.jpg’

     0K ........                                              100% 2.01M=0.004s

2018-05-16 15:11:47 (2.01 MB/s) - ‘../data/deliveryimages.acm.org/10.1145/3200000/3191629/images/image7.jpg’ saved [8629/8629]

--2018-05-16 15:11:47--  http://deliveryimages.acm.org/10.1145/3200000/3191629/images/image8.jpg
Connecting to deliveryimages.acm.org (deliveryimages.acm.org)|104.17.79.191|:80... connected.
HTTP request sent, awaiting response... 301 Moved Permanently
Location: https://deliveryimages.acm.org/10.1145/3200000/3191629/images/image8.jpg [following]
--2018-05-16 15:11:47--  https://deliveryimages.acm.org/10.1145/3200000/3191629/images/image8.jpg
Connecting to deliveryimages.acm.org (deliveryimages.acm.org)|104.17.79.191|:443... connected.
HTTP request sent, awaiting response... 200 OK
Length: 9301 (9.1K) [image/jpeg]
Saving to: ‘../data/deliveryimages.acm.org/10.1145/3200000/3191629/images/image8.jpg’

     0K .........                                             100% 3.07M=0.003s

2018-05-16 15:11:47 (3.07 MB/s) - ‘../data/deliveryimages.acm.org/10.1145/3200000/3191629/images/image8.jpg’ saved [9301/9301]

--2018-05-16 15:11:47--  http://deliveryimages.acm.org/10.1145/3200000/3191629/images/image9.jpg
Connecting to deliveryimages.acm.org (deliveryimages.acm.org)|104.17.79.191|:80... connected.
HTTP request sent, awaiting response... 301 Moved Permanently
Location: https://deliveryimages.acm.org/10.1145/3200000/3191629/images/image9.jpg [following]
--2018-05-16 15:11:47--  https://deliveryimages.acm.org/10.1145/3200000/3191629/images/image9.jpg
Connecting to deliveryimages.acm.org (deliveryimages.acm.org)|104.17.79.191|:443... connected.
HTTP request sent, awaiting response... 200 OK
Length: 10489 (10K) [image/jpeg]
Saving to: ‘../data/deliveryimages.acm.org/10.1145/3200000/3191629/images/image9.jpg’

     0K ..........                                            100% 4.25M=0.002s

2018-05-16 15:11:48 (4.25 MB/s) - ‘../data/deliveryimages.acm.org/10.1145/3200000/3191629/images/image9.jpg’ saved [10489/10489]

--2018-05-16 15:11:48--  http://deliveryimages.acm.org/10.1145/3200000/3191629/images/image10.jpg
Connecting to deliveryimages.acm.org (deliveryimages.acm.org)|104.17.79.191|:80... connected.
HTTP request sent, awaiting response... 301 Moved Permanently
Location: https://deliveryimages.acm.org/10.1145/3200000/3191629/images/image10.jpg [following]
--2018-05-16 15:11:48--  https://deliveryimages.acm.org/10.1145/3200000/3191629/images/image10.jpg
Connecting to deliveryimages.acm.org (deliveryimages.acm.org)|104.17.79.191|:443... connected.
HTTP request sent, awaiting response... 200 OK
Length: 7918 (7.7K) [image/jpeg]
Saving to: ‘../data/deliveryimages.acm.org/10.1145/3200000/3191629/images/image10.jpg’

     0K .......                                               100% 5.84M=0.001s

2018-05-16 15:11:48 (5.84 MB/s) - ‘../data/deliveryimages.acm.org/10.1145/3200000/3191629/images/image10.jpg’ saved [7918/7918]

FINISHED --2018-05-16 15:11:48--
Total wall clock time: 3.0s
Downloaded: 11 files, 683K in 0.4s (1.90 MB/s)
Converting links in ../data/delivery.acm.org/10.1145/3200000/3191629/p1699-li.html?ip=24.48.71.56&id=3191629&acc=OPENTOC&key=4D4702B0C3E38B35.4D4702B0C3E38B35.4D4702B0C3E38B35.4DD68F0663C025AA&__acm__=1526498203_ee71b6d07d9d939b04f9c6be11fa5283... 59-0
Converted links in 1 files in 0.001 seconds.
