--2018-05-16 15:07:47--  http://delivery.acm.org/10.1145/3200000/3191599/p1497-yumusak.html?ip=24.48.71.56&id=3191599&acc=OPENTOC&key=4D4702B0C3E38B35%2E4D4702B0C3E38B35%2E4D4702B0C3E38B35%2E4DD68F0663C025AA&__acm__=1526497967_17c7f61f46b3d74705b319eeb65a73f0
Resolving delivery.acm.org (delivery.acm.org)... 24.200.120.90, 24.200.120.82
Connecting to delivery.acm.org (delivery.acm.org)|24.200.120.90|:80... connected.
HTTP request sent, awaiting response... 200 OK
Length: 91902 (90K) [text/html]
Saving to: ‘../data/delivery.acm.org/10.1145/3200000/3191599/p1497-yumusak.html?ip=24.48.71.56&id=3191599&acc=OPENTOC&key=4D4702B0C3E38B35.4D4702B0C3E38B35.4D4702B0C3E38B35.4DD68F0663C025AA&__acm__=1526497967_17c7f61f46b3d74705b319eeb65a73f0’

     0K .......... .......... .......... .......... .......... 55% 2.61M 0s
    50K .......... .......... .......... .........            100% 4.61M=0.03s

2018-05-16 15:07:47 (3.23 MB/s) - ‘../data/delivery.acm.org/10.1145/3200000/3191599/p1497-yumusak.html?ip=24.48.71.56&id=3191599&acc=OPENTOC&key=4D4702B0C3E38B35.4D4702B0C3E38B35.4D4702B0C3E38B35.4DD68F0663C025AA&__acm__=1526497967_17c7f61f46b3d74705b319eeb65a73f0’ saved [91902/91902]

--2018-05-16 15:07:47--  http://deliveryimages.acm.org/10.1145/3200000/3191599/images/www18companion-338-fig1.jpg
Resolving deliveryimages.acm.org (deliveryimages.acm.org)... 104.17.79.191, 104.17.80.191
Connecting to deliveryimages.acm.org (deliveryimages.acm.org)|104.17.79.191|:80... connected.
HTTP request sent, awaiting response... 301 Moved Permanently
Location: https://deliveryimages.acm.org/10.1145/3200000/3191599/images/www18companion-338-fig1.jpg [following]
--2018-05-16 15:07:47--  https://deliveryimages.acm.org/10.1145/3200000/3191599/images/www18companion-338-fig1.jpg
Connecting to deliveryimages.acm.org (deliveryimages.acm.org)|104.17.79.191|:443... connected.
HTTP request sent, awaiting response... 200 OK
Length: 85663 (84K) [image/jpeg]
Saving to: ‘../data/deliveryimages.acm.org/10.1145/3200000/3191599/images/www18companion-338-fig1.jpg’

     0K .......... .......... .......... .......... .......... 59%  928K 0s
    50K .......... .......... .......... ...                  100%  717K=0.1s

2018-05-16 15:07:48 (830 KB/s) - ‘../data/deliveryimages.acm.org/10.1145/3200000/3191599/images/www18companion-338-fig1.jpg’ saved [85663/85663]

--2018-05-16 15:07:48--  http://deliveryimages.acm.org/10.1145/3200000/3191599/images/www18companion-338-fig2.jpg
Connecting to deliveryimages.acm.org (deliveryimages.acm.org)|104.17.79.191|:80... connected.
HTTP request sent, awaiting response... 301 Moved Permanently
Location: https://deliveryimages.acm.org/10.1145/3200000/3191599/images/www18companion-338-fig2.jpg [following]
--2018-05-16 15:07:48--  https://deliveryimages.acm.org/10.1145/3200000/3191599/images/www18companion-338-fig2.jpg
Connecting to deliveryimages.acm.org (deliveryimages.acm.org)|104.17.79.191|:443... connected.
HTTP request sent, awaiting response... 200 OK
Length: 115314 (113K) [image/jpeg]
Saving to: ‘../data/deliveryimages.acm.org/10.1145/3200000/3191599/images/www18companion-338-fig2.jpg’

     0K .......... .......... .......... .......... .......... 44% 1.10M 0s
    50K .......... .......... .......... .......... .......... 88% 1.03M 0s
   100K .......... ..                                         100% 1.61M=0.1s

2018-05-16 15:07:48 (1.11 MB/s) - ‘../data/deliveryimages.acm.org/10.1145/3200000/3191599/images/www18companion-338-fig2.jpg’ saved [115314/115314]

--2018-05-16 15:07:48--  http://deliveryimages.acm.org/10.1145/3200000/3191599/images/algo4-1.jpg
Connecting to deliveryimages.acm.org (deliveryimages.acm.org)|104.17.79.191|:80... connected.
HTTP request sent, awaiting response... 301 Moved Permanently
Location: https://deliveryimages.acm.org/10.1145/3200000/3191599/images/algo4-1.jpg [following]
--2018-05-16 15:07:48--  https://deliveryimages.acm.org/10.1145/3200000/3191599/images/algo4-1.jpg
Connecting to deliveryimages.acm.org (deliveryimages.acm.org)|104.17.79.191|:443... connected.
HTTP request sent, awaiting response... 200 OK
Length: 68298 (67K) [image/jpeg]
Saving to: ‘../data/deliveryimages.acm.org/10.1145/3200000/3191599/images/algo4-1.jpg’

     0K .......... .......... .......... .......... .......... 74% 1.67M 0s
    50K .......... ......                                     100% 5.02M=0.03s

2018-05-16 15:07:48 (2.00 MB/s) - ‘../data/deliveryimages.acm.org/10.1145/3200000/3191599/images/algo4-1.jpg’ saved [68298/68298]

--2018-05-16 15:07:48--  http://deliveryimages.acm.org/10.1145/3200000/3191599/images/www18companion-338-fig4.jpg
Connecting to deliveryimages.acm.org (deliveryimages.acm.org)|104.17.79.191|:80... connected.
HTTP request sent, awaiting response... 301 Moved Permanently
Location: https://deliveryimages.acm.org/10.1145/3200000/3191599/images/www18companion-338-fig4.jpg [following]
--2018-05-16 15:07:48--  https://deliveryimages.acm.org/10.1145/3200000/3191599/images/www18companion-338-fig4.jpg
Connecting to deliveryimages.acm.org (deliveryimages.acm.org)|104.17.79.191|:443... connected.
HTTP request sent, awaiting response... 200 OK
Length: 190163 (186K) [image/jpeg]
Saving to: ‘../data/deliveryimages.acm.org/10.1145/3200000/3191599/images/www18companion-338-fig4.jpg’

     0K .......... .......... .......... .......... .......... 26%  108K 1s
    50K .......... .......... .......... .......... .......... 53%  571K 0s
   100K .......... .......... .......... .......... .......... 80% 2.20M 0s
   150K .......... .......... .......... .....                100% 2.30M=0.6s

2018-05-16 15:07:49 (316 KB/s) - ‘../data/deliveryimages.acm.org/10.1145/3200000/3191599/images/www18companion-338-fig4.jpg’ saved [190163/190163]

--2018-05-16 15:07:49--  http://deliveryimages.acm.org/10.1145/3200000/3191599/images/www18companion-338-fig5.jpg
Connecting to deliveryimages.acm.org (deliveryimages.acm.org)|104.17.79.191|:80... connected.
HTTP request sent, awaiting response... 301 Moved Permanently
Location: https://deliveryimages.acm.org/10.1145/3200000/3191599/images/www18companion-338-fig5.jpg [following]
--2018-05-16 15:07:49--  https://deliveryimages.acm.org/10.1145/3200000/3191599/images/www18companion-338-fig5.jpg
Connecting to deliveryimages.acm.org (deliveryimages.acm.org)|104.17.79.191|:443... connected.
HTTP request sent, awaiting response... 200 OK
Length: 68465 (67K) [image/jpeg]
Saving to: ‘../data/deliveryimages.acm.org/10.1145/3200000/3191599/images/www18companion-338-fig5.jpg’

     0K .......... .......... .......... .......... .......... 74%  861K 0s
    50K .......... ......                                     100% 4.24M=0.06s

2018-05-16 15:07:49 (1.05 MB/s) - ‘../data/deliveryimages.acm.org/10.1145/3200000/3191599/images/www18companion-338-fig5.jpg’ saved [68465/68465]

--2018-05-16 15:07:49--  http://deliveryimages.acm.org/10.1145/3200000/3191599/images/www18companion-338-fig6.jpg
Connecting to deliveryimages.acm.org (deliveryimages.acm.org)|104.17.79.191|:80... connected.
HTTP request sent, awaiting response... 301 Moved Permanently
Location: https://deliveryimages.acm.org/10.1145/3200000/3191599/images/www18companion-338-fig6.jpg [following]
--2018-05-16 15:07:49--  https://deliveryimages.acm.org/10.1145/3200000/3191599/images/www18companion-338-fig6.jpg
Connecting to deliveryimages.acm.org (deliveryimages.acm.org)|104.17.79.191|:443... connected.
HTTP request sent, awaiting response... 200 OK
Length: 50139 (49K) [image/jpeg]
Saving to: ‘../data/deliveryimages.acm.org/10.1145/3200000/3191599/images/www18companion-338-fig6.jpg’

     0K .......... .......... .......... .......... ........  100% 1.81M=0.03s

2018-05-16 15:07:50 (1.81 MB/s) - ‘../data/deliveryimages.acm.org/10.1145/3200000/3191599/images/www18companion-338-fig6.jpg’ saved [50139/50139]

--2018-05-16 15:07:50--  http://deliveryimages.acm.org/10.1145/3200000/3191599/images/www18companion-338-fig7.jpg
Connecting to deliveryimages.acm.org (deliveryimages.acm.org)|104.17.79.191|:80... connected.
HTTP request sent, awaiting response... 301 Moved Permanently
Location: https://deliveryimages.acm.org/10.1145/3200000/3191599/images/www18companion-338-fig7.jpg [following]
--2018-05-16 15:07:50--  https://deliveryimages.acm.org/10.1145/3200000/3191599/images/www18companion-338-fig7.jpg
Connecting to deliveryimages.acm.org (deliveryimages.acm.org)|104.17.79.191|:443... connected.
HTTP request sent, awaiting response... 200 OK
Length: 49310 (48K) [image/jpeg]
Saving to: ‘../data/deliveryimages.acm.org/10.1145/3200000/3191599/images/www18companion-338-fig7.jpg’

     0K .......... .......... .......... .......... ........  100% 1.62M=0.03s

2018-05-16 15:07:50 (1.62 MB/s) - ‘../data/deliveryimages.acm.org/10.1145/3200000/3191599/images/www18companion-338-fig7.jpg’ saved [49310/49310]

--2018-05-16 15:07:50--  http://deliveryimages.acm.org/10.1145/3200000/3191599/images/www18companion-338-fig8.jpg
Connecting to deliveryimages.acm.org (deliveryimages.acm.org)|104.17.79.191|:80... connected.
HTTP request sent, awaiting response... 301 Moved Permanently
Location: https://deliveryimages.acm.org/10.1145/3200000/3191599/images/www18companion-338-fig8.jpg [following]
--2018-05-16 15:07:50--  https://deliveryimages.acm.org/10.1145/3200000/3191599/images/www18companion-338-fig8.jpg
Connecting to deliveryimages.acm.org (deliveryimages.acm.org)|104.17.79.191|:443... connected.
HTTP request sent, awaiting response... 200 OK
Length: 48933 (48K) [image/jpeg]
Saving to: ‘../data/deliveryimages.acm.org/10.1145/3200000/3191599/images/www18companion-338-fig8.jpg’

     0K .......... .......... .......... .......... .......   100% 1.14M=0.04s

2018-05-16 15:07:50 (1.14 MB/s) - ‘../data/deliveryimages.acm.org/10.1145/3200000/3191599/images/www18companion-338-fig8.jpg’ saved [48933/48933]

FINISHED --2018-05-16 15:07:50--
Total wall clock time: 3.4s
Downloaded: 9 files, 750K in 1.0s (746 KB/s)
Converting links in ../data/delivery.acm.org/10.1145/3200000/3191599/p1497-yumusak.html?ip=24.48.71.56&id=3191599&acc=OPENTOC&key=4D4702B0C3E38B35.4D4702B0C3E38B35.4D4702B0C3E38B35.4DD68F0663C025AA&__acm__=1526497967_17c7f61f46b3d74705b319eeb65a73f0... 165-0
Converted links in 1 files in 0.005 seconds.
