--2018-05-16 14:39:48--  http://delivery.acm.org/10.1145/3190000/3186137/p893-kwak.html?ip=24.48.71.56&id=3186137&acc=OPENTOC&key=4D4702B0C3E38B35%2E4D4702B0C3E38B35%2E4D4702B0C3E38B35%2E4DD68F0663C025AA&__acm__=1526496287_c71aa043c278f5830d54c611035442ea
Resolving delivery.acm.org (delivery.acm.org)... 24.200.120.90, 24.200.120.82
Connecting to delivery.acm.org (delivery.acm.org)|24.200.120.90|:80... connected.
HTTP request sent, awaiting response... 200 OK
Length: 92525 (90K) [text/html]
Saving to: ‘../data/delivery.acm.org/10.1145/3190000/3186137/p893-kwak.html?ip=24.48.71.56&id=3186137&acc=OPENTOC&key=4D4702B0C3E38B35.4D4702B0C3E38B35.4D4702B0C3E38B35.4DD68F0663C025AA&__acm__=1526496287_c71aa043c278f5830d54c611035442ea’

     0K .......... .......... .......... .......... .......... 55%  134K 0s
    50K .......... .......... .......... ..........           100%  802K=0.4s

2018-05-16 14:39:49 (214 KB/s) - ‘../data/delivery.acm.org/10.1145/3190000/3186137/p893-kwak.html?ip=24.48.71.56&id=3186137&acc=OPENTOC&key=4D4702B0C3E38B35.4D4702B0C3E38B35.4D4702B0C3E38B35.4DD68F0663C025AA&__acm__=1526496287_c71aa043c278f5830d54c611035442ea’ saved [92525/92525]

--2018-05-16 14:39:49--  http://deliveryimages.acm.org/10.1145/3190000/3186137/images/www2018-146-fig1.jpg
Resolving deliveryimages.acm.org (deliveryimages.acm.org)... 104.17.80.191, 104.17.79.191
Connecting to deliveryimages.acm.org (deliveryimages.acm.org)|104.17.80.191|:80... connected.
HTTP request sent, awaiting response... 301 Moved Permanently
Location: https://deliveryimages.acm.org/10.1145/3190000/3186137/images/www2018-146-fig1.jpg [following]
--2018-05-16 14:39:49--  https://deliveryimages.acm.org/10.1145/3190000/3186137/images/www2018-146-fig1.jpg
Connecting to deliveryimages.acm.org (deliveryimages.acm.org)|104.17.80.191|:443... connected.
HTTP request sent, awaiting response... 200 OK
Length: 236109 (231K) [image/jpeg]
Saving to: ‘../data/deliveryimages.acm.org/10.1145/3190000/3186137/images/www2018-146-fig1.jpg’

     0K .......... .......... .......... .......... .......... 21% 1.58M 0s
    50K .......... .......... .......... .......... .......... 43% 2.34M 0s
   100K .......... .......... .......... .......... .......... 65% 3.30M 0s
   150K .......... .......... .......... .......... .......... 86% 5.39M 0s
   200K .......... .......... ..........                      100% 6.78M=0.08s

2018-05-16 14:39:49 (2.82 MB/s) - ‘../data/deliveryimages.acm.org/10.1145/3190000/3186137/images/www2018-146-fig1.jpg’ saved [236109/236109]

--2018-05-16 14:39:49--  http://deliveryimages.acm.org/10.1145/3190000/3186137/images/www2018-146-fig2.jpg
Connecting to deliveryimages.acm.org (deliveryimages.acm.org)|104.17.80.191|:80... connected.
HTTP request sent, awaiting response... 301 Moved Permanently
Location: https://deliveryimages.acm.org/10.1145/3190000/3186137/images/www2018-146-fig2.jpg [following]
--2018-05-16 14:39:50--  https://deliveryimages.acm.org/10.1145/3190000/3186137/images/www2018-146-fig2.jpg
Connecting to deliveryimages.acm.org (deliveryimages.acm.org)|104.17.80.191|:443... connected.
HTTP request sent, awaiting response... 200 OK
Length: 133157 (130K) [image/jpeg]
Saving to: ‘../data/deliveryimages.acm.org/10.1145/3190000/3186137/images/www2018-146-fig2.jpg’

     0K .......... .......... .......... .......... .......... 38% 1.64M 0s
    50K .......... .......... .......... .......... .......... 76% 3.03M 0s
   100K .......... .......... ..........                      100% 4.95M=0.05s

2018-05-16 14:39:50 (2.45 MB/s) - ‘../data/deliveryimages.acm.org/10.1145/3190000/3186137/images/www2018-146-fig2.jpg’ saved [133157/133157]

--2018-05-16 14:39:50--  http://deliveryimages.acm.org/10.1145/3190000/3186137/images/www2018-146-fig3.jpg
Connecting to deliveryimages.acm.org (deliveryimages.acm.org)|104.17.80.191|:80... connected.
HTTP request sent, awaiting response... 301 Moved Permanently
Location: https://deliveryimages.acm.org/10.1145/3190000/3186137/images/www2018-146-fig3.jpg [following]
--2018-05-16 14:39:50--  https://deliveryimages.acm.org/10.1145/3190000/3186137/images/www2018-146-fig3.jpg
Connecting to deliveryimages.acm.org (deliveryimages.acm.org)|104.17.80.191|:443... connected.
HTTP request sent, awaiting response... 200 OK
Length: 118947 (116K) [image/jpeg]
Saving to: ‘../data/deliveryimages.acm.org/10.1145/3190000/3186137/images/www2018-146-fig3.jpg’

     0K .......... .......... .......... .......... .......... 43% 1.53M 0s
    50K .......... .......... .......... .......... .......... 86% 3.65M 0s
   100K .......... ......                                     100% 5.55M=0.05s

2018-05-16 14:39:50 (2.36 MB/s) - ‘../data/deliveryimages.acm.org/10.1145/3190000/3186137/images/www2018-146-fig3.jpg’ saved [118947/118947]

--2018-05-16 14:39:50--  http://deliveryimages.acm.org/10.1145/3190000/3186137/images/www2018-146-fig4.jpg
Connecting to deliveryimages.acm.org (deliveryimages.acm.org)|104.17.80.191|:80... connected.
HTTP request sent, awaiting response... 301 Moved Permanently
Location: https://deliveryimages.acm.org/10.1145/3190000/3186137/images/www2018-146-fig4.jpg [following]
--2018-05-16 14:39:50--  https://deliveryimages.acm.org/10.1145/3190000/3186137/images/www2018-146-fig4.jpg
Connecting to deliveryimages.acm.org (deliveryimages.acm.org)|104.17.80.191|:443... connected.
HTTP request sent, awaiting response... 200 OK
Length: 224697 (219K) [image/jpeg]
Saving to: ‘../data/deliveryimages.acm.org/10.1145/3190000/3186137/images/www2018-146-fig4.jpg’

     0K .......... .......... .......... .......... .......... 22% 1.23M 0s
    50K .......... .......... .......... .......... .......... 45% 2.68M 0s
   100K .......... .......... .......... .......... .......... 68% 3.13M 0s
   150K .......... .......... .......... .......... .......... 91% 3.08M 0s
   200K .......... .........                                  100%  108M=0.09s

2018-05-16 14:39:50 (2.39 MB/s) - ‘../data/deliveryimages.acm.org/10.1145/3190000/3186137/images/www2018-146-fig4.jpg’ saved [224697/224697]

--2018-05-16 14:39:50--  http://deliveryimages.acm.org/10.1145/3190000/3186137/images/www2018-146-fig5.jpg
Connecting to deliveryimages.acm.org (deliveryimages.acm.org)|104.17.80.191|:80... connected.
HTTP request sent, awaiting response... 301 Moved Permanently
Location: https://deliveryimages.acm.org/10.1145/3190000/3186137/images/www2018-146-fig5.jpg [following]
--2018-05-16 14:39:50--  https://deliveryimages.acm.org/10.1145/3190000/3186137/images/www2018-146-fig5.jpg
Connecting to deliveryimages.acm.org (deliveryimages.acm.org)|104.17.80.191|:443... connected.
HTTP request sent, awaiting response... 200 OK
Length: 320429 (313K) [image/jpeg]
Saving to: ‘../data/deliveryimages.acm.org/10.1145/3190000/3186137/images/www2018-146-fig5.jpg’

     0K .......... .......... .......... .......... .......... 15% 1.29M 0s
    50K .......... .......... .......... .......... .......... 31% 4.84M 0s
   100K .......... .......... .......... .......... .......... 47% 3.90M 0s
   150K .......... .......... .......... .......... .......... 63% 3.44M 0s
   200K .......... .......... .......... .......... .......... 79% 5.24M 0s
   250K .......... .......... .......... .......... .......... 95% 4.01M 0s
   300K .......... ..                                         100% 9.80M=0.1s

2018-05-16 14:39:51 (3.14 MB/s) - ‘../data/deliveryimages.acm.org/10.1145/3190000/3186137/images/www2018-146-fig5.jpg’ saved [320429/320429]

--2018-05-16 14:39:51--  http://deliveryimages.acm.org/10.1145/3190000/3186137/images/www2018-146-fig6.jpg
Connecting to deliveryimages.acm.org (deliveryimages.acm.org)|104.17.80.191|:80... connected.
HTTP request sent, awaiting response... 301 Moved Permanently
Location: https://deliveryimages.acm.org/10.1145/3190000/3186137/images/www2018-146-fig6.jpg [following]
--2018-05-16 14:39:51--  https://deliveryimages.acm.org/10.1145/3190000/3186137/images/www2018-146-fig6.jpg
Connecting to deliveryimages.acm.org (deliveryimages.acm.org)|104.17.80.191|:443... connected.
HTTP request sent, awaiting response... 200 OK
Length: 545961 (533K) [image/jpeg]
Saving to: ‘../data/deliveryimages.acm.org/10.1145/3190000/3186137/images/www2018-146-fig6.jpg’

     0K .......... .......... .......... .......... ..........  9% 1.10M 0s
    50K .......... .......... .......... .......... .......... 18% 3.25M 0s
   100K .......... .......... .......... .......... .......... 28% 4.60M 0s
   150K .......... .......... .......... .......... .......... 37% 3.89M 0s
   200K .......... .......... .......... .......... .......... 46% 4.00M 0s
   250K .......... .......... .......... .......... .......... 56% 3.85M 0s
   300K .......... .......... .......... .......... .......... 65% 4.19M 0s
   350K .......... .......... .......... .......... .......... 75% 1.59M 0s
   400K .......... .......... .......... .......... .......... 84%  110M 0s
   450K .......... .......... .......... .......... .......... 93% 7.57M 0s
   500K .......... .......... .......... ...                  100% 5.31M=0.2s

2018-05-16 14:39:51 (3.20 MB/s) - ‘../data/deliveryimages.acm.org/10.1145/3190000/3186137/images/www2018-146-fig6.jpg’ saved [545961/545961]

--2018-05-16 14:39:51--  http://deliveryimages.acm.org/10.1145/3190000/3186137/images/www2018-146-fig7.jpg
Connecting to deliveryimages.acm.org (deliveryimages.acm.org)|104.17.80.191|:80... connected.
HTTP request sent, awaiting response... 301 Moved Permanently
Location: https://deliveryimages.acm.org/10.1145/3190000/3186137/images/www2018-146-fig7.jpg [following]
--2018-05-16 14:39:51--  https://deliveryimages.acm.org/10.1145/3190000/3186137/images/www2018-146-fig7.jpg
Connecting to deliveryimages.acm.org (deliveryimages.acm.org)|104.17.80.191|:443... connected.
HTTP request sent, awaiting response... 200 OK
Length: 77001 (75K) [image/jpeg]
Saving to: ‘../data/deliveryimages.acm.org/10.1145/3190000/3186137/images/www2018-146-fig7.jpg’

     0K .......... .......... .......... .......... .......... 66%  639K 0s
    50K .......... .......... .....                           100% 1.05M=0.1s

2018-05-16 14:39:52 (739 KB/s) - ‘../data/deliveryimages.acm.org/10.1145/3190000/3186137/images/www2018-146-fig7.jpg’ saved [77001/77001]

--2018-05-16 14:39:52--  http://deliveryimages.acm.org/10.1145/3190000/3186137/images/www2018-146-fig8.jpg
Connecting to deliveryimages.acm.org (deliveryimages.acm.org)|104.17.80.191|:80... connected.
HTTP request sent, awaiting response... 301 Moved Permanently
Location: https://deliveryimages.acm.org/10.1145/3190000/3186137/images/www2018-146-fig8.jpg [following]
--2018-05-16 14:39:52--  https://deliveryimages.acm.org/10.1145/3190000/3186137/images/www2018-146-fig8.jpg
Connecting to deliveryimages.acm.org (deliveryimages.acm.org)|104.17.80.191|:443... connected.
HTTP request sent, awaiting response... 200 OK
Length: 49640 (48K) [image/jpeg]
Saving to: ‘../data/deliveryimages.acm.org/10.1145/3190000/3186137/images/www2018-146-fig8.jpg’

     0K .......... .......... .......... .......... ........  100% 1.49M=0.03s

2018-05-16 14:39:52 (1.49 MB/s) - ‘../data/deliveryimages.acm.org/10.1145/3190000/3186137/images/www2018-146-fig8.jpg’ saved [49640/49640]

FINISHED --2018-05-16 14:39:52--
Total wall clock time: 3.5s
Downloaded: 9 files, 1.7M in 1.1s (1.58 MB/s)
Converting links in ../data/delivery.acm.org/10.1145/3190000/3186137/p893-kwak.html?ip=24.48.71.56&id=3186137&acc=OPENTOC&key=4D4702B0C3E38B35.4D4702B0C3E38B35.4D4702B0C3E38B35.4DD68F0663C025AA&__acm__=1526496287_c71aa043c278f5830d54c611035442ea... 104-0
Converted links in 1 files in 0.003 seconds.
