--2018-05-16 14:54:39--  http://delivery.acm.org/10.1145/3200000/3191554/p1171-sopek.html?ip=24.48.71.56&id=3191554&acc=OPENTOC&key=4D4702B0C3E38B35%2E4D4702B0C3E38B35%2E4D4702B0C3E38B35%2E4DD68F0663C025AA&__acm__=1526497178_ef1b8c083856741e210624657e5e2074
Resolving delivery.acm.org (delivery.acm.org)... 24.200.120.90, 24.200.120.82
Connecting to delivery.acm.org (delivery.acm.org)|24.200.120.90|:80... connected.
HTTP request sent, awaiting response... 200 OK
Length: 62257 (61K) [text/html]
Saving to: ‘../data/delivery.acm.org/10.1145/3200000/3191554/p1171-sopek.html?ip=24.48.71.56&id=3191554&acc=OPENTOC&key=4D4702B0C3E38B35.4D4702B0C3E38B35.4D4702B0C3E38B35.4DD68F0663C025AA&__acm__=1526497178_ef1b8c083856741e210624657e5e2074’

     0K .......... .......... .......... .......... .......... 82% 1.64M 0s
    50K ..........                                            100% 35.9M=0.03s

2018-05-16 14:54:39 (1.97 MB/s) - ‘../data/delivery.acm.org/10.1145/3200000/3191554/p1171-sopek.html?ip=24.48.71.56&id=3191554&acc=OPENTOC&key=4D4702B0C3E38B35.4D4702B0C3E38B35.4D4702B0C3E38B35.4DD68F0663C025AA&__acm__=1526497178_ef1b8c083856741e210624657e5e2074’ saved [62257/62257]

--2018-05-16 14:54:39--  http://deliveryimages.acm.org/10.1145/3200000/3191554/images/www18companion-293-fig1.jpg
Resolving deliveryimages.acm.org (deliveryimages.acm.org)... 104.17.79.191, 104.17.80.191
Connecting to deliveryimages.acm.org (deliveryimages.acm.org)|104.17.79.191|:80... connected.
HTTP request sent, awaiting response... 301 Moved Permanently
Location: https://deliveryimages.acm.org/10.1145/3200000/3191554/images/www18companion-293-fig1.jpg [following]
--2018-05-16 14:54:40--  https://deliveryimages.acm.org/10.1145/3200000/3191554/images/www18companion-293-fig1.jpg
Connecting to deliveryimages.acm.org (deliveryimages.acm.org)|104.17.79.191|:443... connected.
HTTP request sent, awaiting response... 200 OK
Length: 61068 (60K) [image/jpeg]
Saving to: ‘../data/deliveryimages.acm.org/10.1145/3200000/3191554/images/www18companion-293-fig1.jpg’

     0K .......... .......... .......... .......... .......... 83% 1.54M 0s
    50K .........                                             100% 4.12M=0.03s

2018-05-16 14:54:40 (1.71 MB/s) - ‘../data/deliveryimages.acm.org/10.1145/3200000/3191554/images/www18companion-293-fig1.jpg’ saved [61068/61068]

--2018-05-16 14:54:40--  http://deliveryimages.acm.org/10.1145/3200000/3191554/images/www18companion-293-img1.svg
Connecting to deliveryimages.acm.org (deliveryimages.acm.org)|104.17.79.191|:80... connected.
HTTP request sent, awaiting response... 301 Moved Permanently
Location: https://deliveryimages.acm.org/10.1145/3200000/3191554/images/www18companion-293-img1.svg [following]
--2018-05-16 14:54:40--  https://deliveryimages.acm.org/10.1145/3200000/3191554/images/www18companion-293-img1.svg
Connecting to deliveryimages.acm.org (deliveryimages.acm.org)|104.17.79.191|:443... connected.
HTTP request sent, awaiting response... 200 OK
Length: 152303 (149K) [image/svg+xml]
Saving to: ‘../data/deliveryimages.acm.org/10.1145/3200000/3191554/images/www18companion-293-img1.svg’

     0K .......... .......... .......... .......... .......... 33% 1.05M 0s
    50K .......... .......... .......... .......... .......... 67% 4.82M 0s
   100K .......... .......... .......... .......... ........  100% 2.48M=0.08s

2018-05-16 14:54:40 (1.92 MB/s) - ‘../data/deliveryimages.acm.org/10.1145/3200000/3191554/images/www18companion-293-img1.svg’ saved [152303/152303]

--2018-05-16 14:54:40--  http://deliveryimages.acm.org/10.1145/3200000/3191554/images/www18companion-293-fig2.jpg
Connecting to deliveryimages.acm.org (deliveryimages.acm.org)|104.17.79.191|:80... connected.
HTTP request sent, awaiting response... 301 Moved Permanently
Location: https://deliveryimages.acm.org/10.1145/3200000/3191554/images/www18companion-293-fig2.jpg [following]
--2018-05-16 14:54:40--  https://deliveryimages.acm.org/10.1145/3200000/3191554/images/www18companion-293-fig2.jpg
Connecting to deliveryimages.acm.org (deliveryimages.acm.org)|104.17.79.191|:443... connected.
HTTP request sent, awaiting response... 200 OK
Length: 81649 (80K) [image/jpeg]
Saving to: ‘../data/deliveryimages.acm.org/10.1145/3200000/3191554/images/www18companion-293-fig2.jpg’

     0K .......... .......... .......... .......... .......... 62% 1.20M 0s
    50K .......... .......... .........                       100% 7.14M=0.04s

2018-05-16 14:54:40 (1.74 MB/s) - ‘../data/deliveryimages.acm.org/10.1145/3200000/3191554/images/www18companion-293-fig2.jpg’ saved [81649/81649]

--2018-05-16 14:54:40--  http://deliveryimages.acm.org/10.1145/3200000/3191554/images/www18companion-293-img2.svg
Connecting to deliveryimages.acm.org (deliveryimages.acm.org)|104.17.79.191|:80... connected.
HTTP request sent, awaiting response... 301 Moved Permanently
Location: https://deliveryimages.acm.org/10.1145/3200000/3191554/images/www18companion-293-img2.svg [following]
--2018-05-16 14:54:41--  https://deliveryimages.acm.org/10.1145/3200000/3191554/images/www18companion-293-img2.svg
Connecting to deliveryimages.acm.org (deliveryimages.acm.org)|104.17.79.191|:443... connected.
HTTP request sent, awaiting response... 200 OK
Length: 98006 (96K) [image/svg+xml]
Saving to: ‘../data/deliveryimages.acm.org/10.1145/3200000/3191554/images/www18companion-293-img2.svg’

     0K .......... .......... .......... .......... .......... 52% 1.74M 0s
    50K .......... .......... .......... .......... .....     100% 2.25M=0.05s

2018-05-16 14:54:41 (1.95 MB/s) - ‘../data/deliveryimages.acm.org/10.1145/3200000/3191554/images/www18companion-293-img2.svg’ saved [98006/98006]

--2018-05-16 14:54:41--  http://deliveryimages.acm.org/10.1145/3200000/3191554/images/www18companion-293-img3.svg
Connecting to deliveryimages.acm.org (deliveryimages.acm.org)|104.17.79.191|:80... connected.
HTTP request sent, awaiting response... 301 Moved Permanently
Location: https://deliveryimages.acm.org/10.1145/3200000/3191554/images/www18companion-293-img3.svg [following]
--2018-05-16 14:54:41--  https://deliveryimages.acm.org/10.1145/3200000/3191554/images/www18companion-293-img3.svg
Connecting to deliveryimages.acm.org (deliveryimages.acm.org)|104.17.79.191|:443... connected.
HTTP request sent, awaiting response... 200 OK
Length: 148948 (145K) [image/svg+xml]
Saving to: ‘../data/deliveryimages.acm.org/10.1145/3200000/3191554/images/www18companion-293-img3.svg’

     0K .......... .......... .......... .......... .......... 34% 1.27M 0s
    50K .......... .......... .......... .......... .......... 68% 2.52M 0s
   100K .......... .......... .......... .......... .....     100% 4.91M=0.07s

2018-05-16 14:54:41 (2.13 MB/s) - ‘../data/deliveryimages.acm.org/10.1145/3200000/3191554/images/www18companion-293-img3.svg’ saved [148948/148948]

--2018-05-16 14:54:41--  http://deliveryimages.acm.org/10.1145/3200000/3191554/images/www18companion-293-fig3.jpg
Connecting to deliveryimages.acm.org (deliveryimages.acm.org)|104.17.79.191|:80... connected.
HTTP request sent, awaiting response... 301 Moved Permanently
Location: https://deliveryimages.acm.org/10.1145/3200000/3191554/images/www18companion-293-fig3.jpg [following]
--2018-05-16 14:54:41--  https://deliveryimages.acm.org/10.1145/3200000/3191554/images/www18companion-293-fig3.jpg
Connecting to deliveryimages.acm.org (deliveryimages.acm.org)|104.17.79.191|:443... connected.
HTTP request sent, awaiting response... 200 OK
Length: 409125 (400K) [image/jpeg]
Saving to: ‘../data/deliveryimages.acm.org/10.1145/3200000/3191554/images/www18companion-293-fig3.jpg’

     0K .......... .......... .......... .......... .......... 12%  749K 0s
    50K .......... .......... .......... .......... .......... 25%  975K 0s
   100K .......... .......... .......... .......... .......... 37% 1.02M 0s
   150K .......... .......... .......... .......... .......... 50% 1.32M 0s
   200K .......... .......... .......... .......... .......... 62% 1.48M 0s
   250K .......... .......... .......... .......... .......... 75% 1.22M 0s
   300K .......... .......... .......... .......... .......... 87% 1.80M 0s
   350K .......... .......... .......... .......... ......... 100% 2.00M=0.3s

2018-05-16 14:54:42 (1.19 MB/s) - ‘../data/deliveryimages.acm.org/10.1145/3200000/3191554/images/www18companion-293-fig3.jpg’ saved [409125/409125]

--2018-05-16 14:54:42--  http://deliveryimages.acm.org/10.1145/3200000/3191554/images/www18companion-293-img4.svg
Connecting to deliveryimages.acm.org (deliveryimages.acm.org)|104.17.79.191|:80... connected.
HTTP request sent, awaiting response... 301 Moved Permanently
Location: https://deliveryimages.acm.org/10.1145/3200000/3191554/images/www18companion-293-img4.svg [following]
--2018-05-16 14:54:42--  https://deliveryimages.acm.org/10.1145/3200000/3191554/images/www18companion-293-img4.svg
Connecting to deliveryimages.acm.org (deliveryimages.acm.org)|104.17.79.191|:443... connected.
HTTP request sent, awaiting response... 200 OK
Length: 79991 (78K) [image/svg+xml]
Saving to: ‘../data/deliveryimages.acm.org/10.1145/3200000/3191554/images/www18companion-293-img4.svg’

     0K .......... .......... .......... .......... .......... 64% 1.19M 0s
    50K .......... .......... ........                        100% 3.25M=0.05s

2018-05-16 14:54:42 (1.54 MB/s) - ‘../data/deliveryimages.acm.org/10.1145/3200000/3191554/images/www18companion-293-img4.svg’ saved [79991/79991]

--2018-05-16 14:54:42--  http://deliveryimages.acm.org/10.1145/3200000/3191554/images/www18companion-293-img5.svg
Connecting to deliveryimages.acm.org (deliveryimages.acm.org)|104.17.79.191|:80... connected.
HTTP request sent, awaiting response... 301 Moved Permanently
Location: https://deliveryimages.acm.org/10.1145/3200000/3191554/images/www18companion-293-img5.svg [following]
--2018-05-16 14:54:42--  https://deliveryimages.acm.org/10.1145/3200000/3191554/images/www18companion-293-img5.svg
Connecting to deliveryimages.acm.org (deliveryimages.acm.org)|104.17.79.191|:443... connected.
HTTP request sent, awaiting response... 200 OK
Length: 64208 (63K) [image/svg+xml]
Saving to: ‘../data/deliveryimages.acm.org/10.1145/3200000/3191554/images/www18companion-293-img5.svg’

     0K .......... .......... .......... .......... .......... 79% 1.22M 0s
    50K .......... ..                                         100% 1.84M=0.05s

2018-05-16 14:54:42 (1.31 MB/s) - ‘../data/deliveryimages.acm.org/10.1145/3200000/3191554/images/www18companion-293-img5.svg’ saved [64208/64208]

FINISHED --2018-05-16 14:54:42--
Total wall clock time: 3.1s
Downloaded: 9 files, 1.1M in 0.7s (1.53 MB/s)
Converting links in ../data/delivery.acm.org/10.1145/3200000/3191554/p1171-sopek.html?ip=24.48.71.56&id=3191554&acc=OPENTOC&key=4D4702B0C3E38B35.4D4702B0C3E38B35.4D4702B0C3E38B35.4DD68F0663C025AA&__acm__=1526497178_ef1b8c083856741e210624657e5e2074... 78-0
Converted links in 1 files in 0.002 seconds.
