--2018-05-16 14:18:23--  http://delivery.acm.org/10.1145/3190000/3186089/p227-starov.html?ip=24.48.71.56&id=3186089&acc=OPENTOC&key=4D4702B0C3E38B35%2E4D4702B0C3E38B35%2E4D4702B0C3E38B35%2E4DD68F0663C025AA&__acm__=1526495002_fd682556be05863d752bc895f451cb0e
Resolving delivery.acm.org (delivery.acm.org)... 24.200.120.90, 24.200.120.82
Connecting to delivery.acm.org (delivery.acm.org)|24.200.120.90|:80... connected.
HTTP request sent, awaiting response... 200 OK
Length: 100041 (98K) [text/html]
Saving to: ‘../data/delivery.acm.org/10.1145/3190000/3186089/p227-starov.html?ip=24.48.71.56&id=3186089&acc=OPENTOC&key=4D4702B0C3E38B35.4D4702B0C3E38B35.4D4702B0C3E38B35.4DD68F0663C025AA&__acm__=1526495002_fd682556be05863d752bc895f451cb0e’

     0K .......... .......... .......... .......... .......... 51% 1.80M 0s
    50K .......... .......... .......... .......... .......   100% 3.52M=0.04s

2018-05-16 14:18:24 (2.36 MB/s) - ‘../data/delivery.acm.org/10.1145/3190000/3186089/p227-starov.html?ip=24.48.71.56&id=3186089&acc=OPENTOC&key=4D4702B0C3E38B35.4D4702B0C3E38B35.4D4702B0C3E38B35.4DD68F0663C025AA&__acm__=1526495002_fd682556be05863d752bc895f451cb0e’ saved [100041/100041]

--2018-05-16 14:18:24--  http://deliveryimages.acm.org/10.1145/3190000/3186089/images/www2018-98-fig1.jpg
Resolving deliveryimages.acm.org (deliveryimages.acm.org)... 104.17.79.191, 104.17.80.191
Connecting to deliveryimages.acm.org (deliveryimages.acm.org)|104.17.79.191|:80... connected.
HTTP request sent, awaiting response... 301 Moved Permanently
Location: https://deliveryimages.acm.org/10.1145/3190000/3186089/images/www2018-98-fig1.jpg [following]
--2018-05-16 14:18:24--  https://deliveryimages.acm.org/10.1145/3190000/3186089/images/www2018-98-fig1.jpg
Connecting to deliveryimages.acm.org (deliveryimages.acm.org)|104.17.79.191|:443... connected.
HTTP request sent, awaiting response... 200 OK
Length: 77348 (76K) [image/jpeg]
Saving to: ‘../data/deliveryimages.acm.org/10.1145/3190000/3186089/images/www2018-98-fig1.jpg’

     0K .......... .......... .......... .......... .......... 66% 1.09M 0s
    50K .......... .......... .....                           100% 2.40M=0.06s

2018-05-16 14:18:24 (1.34 MB/s) - ‘../data/deliveryimages.acm.org/10.1145/3190000/3186089/images/www2018-98-fig1.jpg’ saved [77348/77348]

--2018-05-16 14:18:24--  http://deliveryimages.acm.org/10.1145/3190000/3186089/images/www2018-98-fig2.jpg
Connecting to deliveryimages.acm.org (deliveryimages.acm.org)|104.17.79.191|:80... connected.
HTTP request sent, awaiting response... 301 Moved Permanently
Location: https://deliveryimages.acm.org/10.1145/3190000/3186089/images/www2018-98-fig2.jpg [following]
--2018-05-16 14:18:24--  https://deliveryimages.acm.org/10.1145/3190000/3186089/images/www2018-98-fig2.jpg
Connecting to deliveryimages.acm.org (deliveryimages.acm.org)|104.17.79.191|:443... connected.
HTTP request sent, awaiting response... 200 OK
Length: 94731 (93K) [image/jpeg]
Saving to: ‘../data/deliveryimages.acm.org/10.1145/3190000/3186089/images/www2018-98-fig2.jpg’

     0K .......... .......... .......... .......... .......... 54% 1.22M 0s
    50K .......... .......... .......... .......... ..        100% 3.51M=0.05s

2018-05-16 14:18:24 (1.75 MB/s) - ‘../data/deliveryimages.acm.org/10.1145/3190000/3186089/images/www2018-98-fig2.jpg’ saved [94731/94731]

--2018-05-16 14:18:24--  http://deliveryimages.acm.org/10.1145/3190000/3186089/images/www2018-98-fig3.jpg
Connecting to deliveryimages.acm.org (deliveryimages.acm.org)|104.17.79.191|:80... connected.
HTTP request sent, awaiting response... 301 Moved Permanently
Location: https://deliveryimages.acm.org/10.1145/3190000/3186089/images/www2018-98-fig3.jpg [following]
--2018-05-16 14:18:24--  https://deliveryimages.acm.org/10.1145/3190000/3186089/images/www2018-98-fig3.jpg
Connecting to deliveryimages.acm.org (deliveryimages.acm.org)|104.17.79.191|:443... connected.
HTTP request sent, awaiting response... 200 OK
Length: 57638 (56K) [image/jpeg]
Saving to: ‘../data/deliveryimages.acm.org/10.1145/3190000/3186089/images/www2018-98-fig3.jpg’

     0K .......... .......... .......... .......... .......... 88%  949K 0s
    50K ......                                                100% 31.8M=0.05s

2018-05-16 14:18:25 (1.04 MB/s) - ‘../data/deliveryimages.acm.org/10.1145/3190000/3186089/images/www2018-98-fig3.jpg’ saved [57638/57638]

--2018-05-16 14:18:25--  http://deliveryimages.acm.org/10.1145/3190000/3186089/images/www2018-98-img1.jpg
Connecting to deliveryimages.acm.org (deliveryimages.acm.org)|104.17.79.191|:80... connected.
HTTP request sent, awaiting response... 301 Moved Permanently
Location: https://deliveryimages.acm.org/10.1145/3190000/3186089/images/www2018-98-img1.jpg [following]
--2018-05-16 14:18:25--  https://deliveryimages.acm.org/10.1145/3190000/3186089/images/www2018-98-img1.jpg
Connecting to deliveryimages.acm.org (deliveryimages.acm.org)|104.17.79.191|:443... connected.
HTTP request sent, awaiting response... 200 OK
Length: 92338 (90K) [image/jpeg]
Saving to: ‘../data/deliveryimages.acm.org/10.1145/3190000/3186089/images/www2018-98-img1.jpg’

     0K .......... .......... .......... .......... .......... 55% 1.84M 0s
    50K .......... .......... .......... ..........           100% 2.83M=0.04s

2018-05-16 14:18:25 (2.18 MB/s) - ‘../data/deliveryimages.acm.org/10.1145/3190000/3186089/images/www2018-98-img1.jpg’ saved [92338/92338]

--2018-05-16 14:18:25--  http://deliveryimages.acm.org/10.1145/3190000/3186089/images/www2018-98-fig4.jpg
Connecting to deliveryimages.acm.org (deliveryimages.acm.org)|104.17.79.191|:80... connected.
HTTP request sent, awaiting response... 301 Moved Permanently
Location: https://deliveryimages.acm.org/10.1145/3190000/3186089/images/www2018-98-fig4.jpg [following]
--2018-05-16 14:18:25--  https://deliveryimages.acm.org/10.1145/3190000/3186089/images/www2018-98-fig4.jpg
Connecting to deliveryimages.acm.org (deliveryimages.acm.org)|104.17.79.191|:443... connected.
HTTP request sent, awaiting response... 200 OK
Length: 39048 (38K) [image/jpeg]
Saving to: ‘../data/deliveryimages.acm.org/10.1145/3190000/3186089/images/www2018-98-fig4.jpg’

     0K .......... .......... .......... ........             100% 1.75M=0.02s

2018-05-16 14:18:25 (1.75 MB/s) - ‘../data/deliveryimages.acm.org/10.1145/3190000/3186089/images/www2018-98-fig4.jpg’ saved [39048/39048]

--2018-05-16 14:18:25--  http://deliveryimages.acm.org/10.1145/3190000/3186089/images/www2018-98-fig5.jpg
Connecting to deliveryimages.acm.org (deliveryimages.acm.org)|104.17.79.191|:80... connected.
HTTP request sent, awaiting response... 301 Moved Permanently
Location: https://deliveryimages.acm.org/10.1145/3190000/3186089/images/www2018-98-fig5.jpg [following]
--2018-05-16 14:18:25--  https://deliveryimages.acm.org/10.1145/3190000/3186089/images/www2018-98-fig5.jpg
Connecting to deliveryimages.acm.org (deliveryimages.acm.org)|104.17.79.191|:443... connected.
HTTP request sent, awaiting response... 200 OK
Length: 41981 (41K) [image/jpeg]
Saving to: ‘../data/deliveryimages.acm.org/10.1145/3190000/3186089/images/www2018-98-fig5.jpg’

     0K .......... .......... .......... ..........           100%  879K=0.05s

2018-05-16 14:18:26 (879 KB/s) - ‘../data/deliveryimages.acm.org/10.1145/3190000/3186089/images/www2018-98-fig5.jpg’ saved [41981/41981]

--2018-05-16 14:18:26--  http://deliveryimages.acm.org/10.1145/3190000/3186089/images/www2018-98-fig6.jpg
Connecting to deliveryimages.acm.org (deliveryimages.acm.org)|104.17.79.191|:80... connected.
HTTP request sent, awaiting response... 301 Moved Permanently
Location: https://deliveryimages.acm.org/10.1145/3190000/3186089/images/www2018-98-fig6.jpg [following]
--2018-05-16 14:18:26--  https://deliveryimages.acm.org/10.1145/3190000/3186089/images/www2018-98-fig6.jpg
Connecting to deliveryimages.acm.org (deliveryimages.acm.org)|104.17.79.191|:443... connected.
HTTP request sent, awaiting response... 200 OK
Length: 63413 (62K) [image/jpeg]
Saving to: ‘../data/deliveryimages.acm.org/10.1145/3190000/3186089/images/www2018-98-fig6.jpg’

     0K .......... .......... .......... .......... .......... 80% 1.80M 0s
    50K .......... .                                          100% 5.12M=0.03s

2018-05-16 14:18:26 (2.06 MB/s) - ‘../data/deliveryimages.acm.org/10.1145/3190000/3186089/images/www2018-98-fig6.jpg’ saved [63413/63413]

--2018-05-16 14:18:26--  http://deliveryimages.acm.org/10.1145/3190000/3186089/images/www2018-98-fig7.jpg
Connecting to deliveryimages.acm.org (deliveryimages.acm.org)|104.17.79.191|:80... connected.
HTTP request sent, awaiting response... 301 Moved Permanently
Location: https://deliveryimages.acm.org/10.1145/3190000/3186089/images/www2018-98-fig7.jpg [following]
--2018-05-16 14:18:26--  https://deliveryimages.acm.org/10.1145/3190000/3186089/images/www2018-98-fig7.jpg
Connecting to deliveryimages.acm.org (deliveryimages.acm.org)|104.17.79.191|:443... connected.
HTTP request sent, awaiting response... 200 OK
Length: 23553 (23K) [image/jpeg]
Saving to: ‘../data/deliveryimages.acm.org/10.1145/3190000/3186089/images/www2018-98-fig7.jpg’

     0K .......... .......... ...                             100% 1.28M=0.02s

2018-05-16 14:18:26 (1.28 MB/s) - ‘../data/deliveryimages.acm.org/10.1145/3190000/3186089/images/www2018-98-fig7.jpg’ saved [23553/23553]

--2018-05-16 14:18:26--  http://deliveryimages.acm.org/10.1145/3190000/3186089/images/www2018-98-fig8.svg
Connecting to deliveryimages.acm.org (deliveryimages.acm.org)|104.17.79.191|:80... connected.
HTTP request sent, awaiting response... 301 Moved Permanently
Location: https://deliveryimages.acm.org/10.1145/3190000/3186089/images/www2018-98-fig8.svg [following]
--2018-05-16 14:18:26--  https://deliveryimages.acm.org/10.1145/3190000/3186089/images/www2018-98-fig8.svg
Connecting to deliveryimages.acm.org (deliveryimages.acm.org)|104.17.79.191|:443... connected.
HTTP request sent, awaiting response... 200 OK
Length: 88073 (86K) [image/svg+xml]
Saving to: ‘../data/deliveryimages.acm.org/10.1145/3190000/3186089/images/www2018-98-fig8.svg’

     0K .......... .......... .......... .......... .......... 58% 1.77M 0s
    50K .......... .......... .......... ......               100% 4.16M=0.04s

2018-05-16 14:18:26 (2.33 MB/s) - ‘../data/deliveryimages.acm.org/10.1145/3190000/3186089/images/www2018-98-fig8.svg’ saved [88073/88073]

FINISHED --2018-05-16 14:18:26--
Total wall clock time: 3.0s
Downloaded: 10 files, 662K in 0.4s (1.65 MB/s)
Converting links in ../data/delivery.acm.org/10.1145/3190000/3186089/p227-starov.html?ip=24.48.71.56&id=3186089&acc=OPENTOC&key=4D4702B0C3E38B35.4D4702B0C3E38B35.4D4702B0C3E38B35.4DD68F0663C025AA&__acm__=1526495002_fd682556be05863d752bc895f451cb0e... 84-0
Converted links in 1 files in 0.004 seconds.
