--2018-05-16 15:07:08--  http://delivery.acm.org/10.1145/3200000/3191589/p1427-morio.html?ip=24.48.71.56&id=3191589&acc=OPENTOC&key=4D4702B0C3E38B35%2E4D4702B0C3E38B35%2E4D4702B0C3E38B35%2E4DD68F0663C025AA&__acm__=1526497928_81139973187dbddaa1c8072032d47f57
Resolving delivery.acm.org (delivery.acm.org)... 24.200.120.90, 24.200.120.82
Connecting to delivery.acm.org (delivery.acm.org)|24.200.120.90|:80... connected.
HTTP request sent, awaiting response... 200 OK
Length: 73257 (72K) [text/html]
Saving to: ‘../data/delivery.acm.org/10.1145/3200000/3191589/p1427-morio.html?ip=24.48.71.56&id=3191589&acc=OPENTOC&key=4D4702B0C3E38B35.4D4702B0C3E38B35.4D4702B0C3E38B35.4DD68F0663C025AA&__acm__=1526497928_81139973187dbddaa1c8072032d47f57’

     0K .......... .......... .......... .......... .......... 69% 3.17M 0s
    50K .......... .......... .                               100% 4.23M=0.02s

2018-05-16 15:07:08 (3.43 MB/s) - ‘../data/delivery.acm.org/10.1145/3200000/3191589/p1427-morio.html?ip=24.48.71.56&id=3191589&acc=OPENTOC&key=4D4702B0C3E38B35.4D4702B0C3E38B35.4D4702B0C3E38B35.4DD68F0663C025AA&__acm__=1526497928_81139973187dbddaa1c8072032d47f57’ saved [73257/73257]

--2018-05-16 15:07:08--  http://deliveryimages.acm.org/10.1145/3200000/3191589/images/www18companion-328-fig1.jpg
Resolving deliveryimages.acm.org (deliveryimages.acm.org)... 104.17.79.191, 104.17.80.191
Connecting to deliveryimages.acm.org (deliveryimages.acm.org)|104.17.79.191|:80... connected.
HTTP request sent, awaiting response... 301 Moved Permanently
Location: https://deliveryimages.acm.org/10.1145/3200000/3191589/images/www18companion-328-fig1.jpg [following]
--2018-05-16 15:07:08--  https://deliveryimages.acm.org/10.1145/3200000/3191589/images/www18companion-328-fig1.jpg
Connecting to deliveryimages.acm.org (deliveryimages.acm.org)|104.17.79.191|:443... connected.
HTTP request sent, awaiting response... 200 OK
Length: 88315 (86K) [image/jpeg]
Saving to: ‘../data/deliveryimages.acm.org/10.1145/3200000/3191589/images/www18companion-328-fig1.jpg’

     0K .......... .......... .......... .......... .......... 57%  747K 0s
    50K .......... .......... .......... ......               100% 2.14M=0.08s

2018-05-16 15:07:08 (1.01 MB/s) - ‘../data/deliveryimages.acm.org/10.1145/3200000/3191589/images/www18companion-328-fig1.jpg’ saved [88315/88315]

--2018-05-16 15:07:08--  http://deliveryimages.acm.org/10.1145/3200000/3191589/images/www18companion-328-fig2.jpg
Connecting to deliveryimages.acm.org (deliveryimages.acm.org)|104.17.79.191|:80... connected.
HTTP request sent, awaiting response... 301 Moved Permanently
Location: https://deliveryimages.acm.org/10.1145/3200000/3191589/images/www18companion-328-fig2.jpg [following]
--2018-05-16 15:07:08--  https://deliveryimages.acm.org/10.1145/3200000/3191589/images/www18companion-328-fig2.jpg
Connecting to deliveryimages.acm.org (deliveryimages.acm.org)|104.17.79.191|:443... connected.
HTTP request sent, awaiting response... 200 OK
Length: 115330 (113K) [image/jpeg]
Saving to: ‘../data/deliveryimages.acm.org/10.1145/3200000/3191589/images/www18companion-328-fig2.jpg’

     0K .......... .......... .......... .......... .......... 44% 1.95M 0s
    50K .......... .......... .......... .......... .......... 88% 3.84M 0s
   100K .......... ..                                         100% 7.09M=0.04s

2018-05-16 15:07:09 (2.78 MB/s) - ‘../data/deliveryimages.acm.org/10.1145/3200000/3191589/images/www18companion-328-fig2.jpg’ saved [115330/115330]

--2018-05-16 15:07:09--  http://deliveryimages.acm.org/10.1145/3200000/3191589/images/www18companion-328-fig3.jpg
Connecting to deliveryimages.acm.org (deliveryimages.acm.org)|104.17.79.191|:80... connected.
HTTP request sent, awaiting response... 301 Moved Permanently
Location: https://deliveryimages.acm.org/10.1145/3200000/3191589/images/www18companion-328-fig3.jpg [following]
--2018-05-16 15:07:09--  https://deliveryimages.acm.org/10.1145/3200000/3191589/images/www18companion-328-fig3.jpg
Connecting to deliveryimages.acm.org (deliveryimages.acm.org)|104.17.79.191|:443... connected.
HTTP request sent, awaiting response... 200 OK
Length: 124583 (122K) [image/jpeg]
Saving to: ‘../data/deliveryimages.acm.org/10.1145/3200000/3191589/images/www18companion-328-fig3.jpg’

     0K .......... .......... .......... .......... .......... 41% 1.57M 0s
    50K .......... .......... .......... .......... .......... 82% 4.43M 0s
   100K .......... .......... .                               100% 6.22M=0.05s

2018-05-16 15:07:09 (2.61 MB/s) - ‘../data/deliveryimages.acm.org/10.1145/3200000/3191589/images/www18companion-328-fig3.jpg’ saved [124583/124583]

--2018-05-16 15:07:09--  http://deliveryimages.acm.org/10.1145/3200000/3191589/images/www18companion-328-fig4.jpg
Connecting to deliveryimages.acm.org (deliveryimages.acm.org)|104.17.79.191|:80... connected.
HTTP request sent, awaiting response... 301 Moved Permanently
Location: https://deliveryimages.acm.org/10.1145/3200000/3191589/images/www18companion-328-fig4.jpg [following]
--2018-05-16 15:07:09--  https://deliveryimages.acm.org/10.1145/3200000/3191589/images/www18companion-328-fig4.jpg
Connecting to deliveryimages.acm.org (deliveryimages.acm.org)|104.17.79.191|:443... connected.
HTTP request sent, awaiting response... 200 OK
Length: 47534 (46K) [image/jpeg]
Saving to: ‘../data/deliveryimages.acm.org/10.1145/3200000/3191589/images/www18companion-328-fig4.jpg’

     0K .......... .......... .......... .......... ......    100% 1.84M=0.02s

2018-05-16 15:07:09 (1.84 MB/s) - ‘../data/deliveryimages.acm.org/10.1145/3200000/3191589/images/www18companion-328-fig4.jpg’ saved [47534/47534]

--2018-05-16 15:07:09--  http://deliveryimages.acm.org/10.1145/3200000/3191589/images/www18companion-328-img1.svg
Connecting to deliveryimages.acm.org (deliveryimages.acm.org)|104.17.79.191|:80... connected.
HTTP request sent, awaiting response... 301 Moved Permanently
Location: https://deliveryimages.acm.org/10.1145/3200000/3191589/images/www18companion-328-img1.svg [following]
--2018-05-16 15:07:09--  https://deliveryimages.acm.org/10.1145/3200000/3191589/images/www18companion-328-img1.svg
Connecting to deliveryimages.acm.org (deliveryimages.acm.org)|104.17.79.191|:443... connected.
HTTP request sent, awaiting response... 200 OK
Length: 146661 (143K) [image/svg+xml]
Saving to: ‘../data/deliveryimages.acm.org/10.1145/3200000/3191589/images/www18companion-328-img1.svg’

     0K .......... .......... .......... .......... .......... 34% 1.36M 0s
    50K .......... .......... .......... .......... .......... 69% 3.03M 0s
   100K .......... .......... .......... .......... ...       100% 4.70M=0.06s

2018-05-16 15:07:10 (2.29 MB/s) - ‘../data/deliveryimages.acm.org/10.1145/3200000/3191589/images/www18companion-328-img1.svg’ saved [146661/146661]

--2018-05-16 15:07:10--  http://deliveryimages.acm.org/10.1145/3200000/3191589/images/www18companion-328-fig5.jpg
Connecting to deliveryimages.acm.org (deliveryimages.acm.org)|104.17.79.191|:80... connected.
HTTP request sent, awaiting response... 301 Moved Permanently
Location: https://deliveryimages.acm.org/10.1145/3200000/3191589/images/www18companion-328-fig5.jpg [following]
--2018-05-16 15:07:10--  https://deliveryimages.acm.org/10.1145/3200000/3191589/images/www18companion-328-fig5.jpg
Connecting to deliveryimages.acm.org (deliveryimages.acm.org)|104.17.79.191|:443... connected.
HTTP request sent, awaiting response... 200 OK
Length: 91816 (90K) [image/jpeg]
Saving to: ‘../data/deliveryimages.acm.org/10.1145/3200000/3191589/images/www18companion-328-fig5.jpg’

     0K .......... .......... .......... .......... .......... 55% 1.83M 0s
    50K .......... .......... .......... .........            100% 4.10M=0.04s

2018-05-16 15:07:10 (2.43 MB/s) - ‘../data/deliveryimages.acm.org/10.1145/3200000/3191589/images/www18companion-328-fig5.jpg’ saved [91816/91816]

--2018-05-16 15:07:10--  http://deliveryimages.acm.org/10.1145/3200000/3191589/images/www18companion-328-fig6.jpg
Connecting to deliveryimages.acm.org (deliveryimages.acm.org)|104.17.79.191|:80... connected.
HTTP request sent, awaiting response... 301 Moved Permanently
Location: https://deliveryimages.acm.org/10.1145/3200000/3191589/images/www18companion-328-fig6.jpg [following]
--2018-05-16 15:07:10--  https://deliveryimages.acm.org/10.1145/3200000/3191589/images/www18companion-328-fig6.jpg
Connecting to deliveryimages.acm.org (deliveryimages.acm.org)|104.17.79.191|:443... connected.
HTTP request sent, awaiting response... 200 OK
Length: 139172 (136K) [image/jpeg]
Saving to: ‘../data/deliveryimages.acm.org/10.1145/3200000/3191589/images/www18companion-328-fig6.jpg’

     0K .......... .......... .......... .......... .......... 36%  965K 0s
    50K .......... .......... .......... .......... .......... 73% 3.61M 0s
   100K .......... .......... .......... .....                100% 1.78M=0.09s

2018-05-16 15:07:10 (1.56 MB/s) - ‘../data/deliveryimages.acm.org/10.1145/3200000/3191589/images/www18companion-328-fig6.jpg’ saved [139172/139172]

--2018-05-16 15:07:10--  http://deliveryimages.acm.org/10.1145/3200000/3191589/images/www18companion-328-fig7.jpg
Connecting to deliveryimages.acm.org (deliveryimages.acm.org)|104.17.79.191|:80... connected.
HTTP request sent, awaiting response... 301 Moved Permanently
Location: https://deliveryimages.acm.org/10.1145/3200000/3191589/images/www18companion-328-fig7.jpg [following]
--2018-05-16 15:07:10--  https://deliveryimages.acm.org/10.1145/3200000/3191589/images/www18companion-328-fig7.jpg
Connecting to deliveryimages.acm.org (deliveryimages.acm.org)|104.17.79.191|:443... connected.
HTTP request sent, awaiting response... 200 OK
Length: 92589 (90K) [image/jpeg]
Saving to: ‘../data/deliveryimages.acm.org/10.1145/3200000/3191589/images/www18companion-328-fig7.jpg’

     0K .......... .......... .......... .......... .......... 55% 1.67M 0s
    50K .......... .......... .......... ..........           100% 1.94M=0.05s

2018-05-16 15:07:11 (1.78 MB/s) - ‘../data/deliveryimages.acm.org/10.1145/3200000/3191589/images/www18companion-328-fig7.jpg’ saved [92589/92589]

--2018-05-16 15:07:11--  http://deliveryimages.acm.org/10.1145/3200000/3191589/images/www18companion-328-fig8.jpg
Connecting to deliveryimages.acm.org (deliveryimages.acm.org)|104.17.79.191|:80... connected.
HTTP request sent, awaiting response... 301 Moved Permanently
Location: https://deliveryimages.acm.org/10.1145/3200000/3191589/images/www18companion-328-fig8.jpg [following]
--2018-05-16 15:07:11--  https://deliveryimages.acm.org/10.1145/3200000/3191589/images/www18companion-328-fig8.jpg
Connecting to deliveryimages.acm.org (deliveryimages.acm.org)|104.17.79.191|:443... connected.
HTTP request sent, awaiting response... 200 OK
Length: 63501 (62K) [image/jpeg]
Saving to: ‘../data/deliveryimages.acm.org/10.1145/3200000/3191589/images/www18companion-328-fig8.jpg’

     0K .......... .......... .......... .......... .......... 80% 1.18M 0s
    50K .......... ..                                         100% 22.3M=0.04s

2018-05-16 15:07:11 (1.44 MB/s) - ‘../data/deliveryimages.acm.org/10.1145/3200000/3191589/images/www18companion-328-fig8.jpg’ saved [63501/63501]

--2018-05-16 15:07:11--  http://deliveryimages.acm.org/10.1145/3200000/3191589/images/www18companion-328-fig9.jpg
Connecting to deliveryimages.acm.org (deliveryimages.acm.org)|104.17.79.191|:80... connected.
HTTP request sent, awaiting response... 301 Moved Permanently
Location: https://deliveryimages.acm.org/10.1145/3200000/3191589/images/www18companion-328-fig9.jpg [following]
--2018-05-16 15:07:11--  https://deliveryimages.acm.org/10.1145/3200000/3191589/images/www18companion-328-fig9.jpg
Connecting to deliveryimages.acm.org (deliveryimages.acm.org)|104.17.79.191|:443... connected.
HTTP request sent, awaiting response... 200 OK
Length: 49157 (48K) [image/jpeg]
Saving to: ‘../data/deliveryimages.acm.org/10.1145/3200000/3191589/images/www18companion-328-fig9.jpg’

     0K .......... .......... .......... .......... ........  100% 1.11M=0.04s

2018-05-16 15:07:11 (1.11 MB/s) - ‘../data/deliveryimages.acm.org/10.1145/3200000/3191589/images/www18companion-328-fig9.jpg’ saved [49157/49157]

FINISHED --2018-05-16 15:07:11--
Total wall clock time: 3.4s
Downloaded: 11 files, 1008K in 0.5s (1.86 MB/s)
Converting links in ../data/delivery.acm.org/10.1145/3200000/3191589/p1427-morio.html?ip=24.48.71.56&id=3191589&acc=OPENTOC&key=4D4702B0C3E38B35.4D4702B0C3E38B35.4D4702B0C3E38B35.4DD68F0663C025AA&__acm__=1526497928_81139973187dbddaa1c8072032d47f57... 89-1
Converted links in 1 files in 0.002 seconds.
