--2018-05-16 15:29:01--  http://delivery.acm.org/10.1145/3190000/3186584/p671-chen.html?ip=24.48.71.56&id=3186584&acc=OPENTOC&key=4D4702B0C3E38B35%2E4D4702B0C3E38B35%2E4D4702B0C3E38B35%2E4DD68F0663C025AA&__acm__=1526499240_5bd205d071165d31aa73591d1d89033a
Resolving delivery.acm.org (delivery.acm.org)... 24.200.120.90, 24.200.120.82
Connecting to delivery.acm.org (delivery.acm.org)|24.200.120.90|:80... connected.
HTTP request sent, awaiting response... 200 OK
Length: 75688 (74K) [text/html]
Saving to: ‘../data/delivery.acm.org/10.1145/3190000/3186584/p671-chen.html?ip=24.48.71.56&id=3186584&acc=OPENTOC&key=4D4702B0C3E38B35.4D4702B0C3E38B35.4D4702B0C3E38B35.4DD68F0663C025AA&__acm__=1526499240_5bd205d071165d31aa73591d1d89033a’

     0K .......... .......... .......... .......... .......... 67% 1.42M 0s
    50K .......... .......... ...                             100% 1.42M=0.05s

2018-05-16 15:29:01 (1.42 MB/s) - ‘../data/delivery.acm.org/10.1145/3190000/3186584/p671-chen.html?ip=24.48.71.56&id=3186584&acc=OPENTOC&key=4D4702B0C3E38B35.4D4702B0C3E38B35.4D4702B0C3E38B35.4DD68F0663C025AA&__acm__=1526499240_5bd205d071165d31aa73591d1d89033a’ saved [75688/75688]

--2018-05-16 15:29:01--  http://deliveryimages.acm.org/10.1145/3190000/3186584/images/www18companion-138-fig1.jpg
Resolving deliveryimages.acm.org (deliveryimages.acm.org)... 104.17.80.191, 104.17.79.191
Connecting to deliveryimages.acm.org (deliveryimages.acm.org)|104.17.80.191|:80... connected.
HTTP request sent, awaiting response... 301 Moved Permanently
Location: https://deliveryimages.acm.org/10.1145/3190000/3186584/images/www18companion-138-fig1.jpg [following]
--2018-05-16 15:29:01--  https://deliveryimages.acm.org/10.1145/3190000/3186584/images/www18companion-138-fig1.jpg
Connecting to deliveryimages.acm.org (deliveryimages.acm.org)|104.17.80.191|:443... connected.
HTTP request sent, awaiting response... 200 OK
Length: 223835 (219K) [image/jpeg]
Saving to: ‘../data/deliveryimages.acm.org/10.1145/3190000/3186584/images/www18companion-138-fig1.jpg’

     0K .......... .......... .......... .......... .......... 22% 1.14M 0s
    50K .......... .......... .......... .......... .......... 45% 3.65M 0s
   100K .......... .......... .......... .......... .......... 68% 2.70M 0s
   150K .......... .......... .......... .......... .......... 91% 4.52M 0s
   200K .......... ........                                   100% 10.8M=0.09s

2018-05-16 15:29:01 (2.46 MB/s) - ‘../data/deliveryimages.acm.org/10.1145/3190000/3186584/images/www18companion-138-fig1.jpg’ saved [223835/223835]

--2018-05-16 15:29:01--  http://deliveryimages.acm.org/10.1145/3190000/3186584/images/www18companion-138-fig2.jpg
Connecting to deliveryimages.acm.org (deliveryimages.acm.org)|104.17.80.191|:80... connected.
HTTP request sent, awaiting response... 301 Moved Permanently
Location: https://deliveryimages.acm.org/10.1145/3190000/3186584/images/www18companion-138-fig2.jpg [following]
--2018-05-16 15:29:01--  https://deliveryimages.acm.org/10.1145/3190000/3186584/images/www18companion-138-fig2.jpg
Connecting to deliveryimages.acm.org (deliveryimages.acm.org)|104.17.80.191|:443... connected.
HTTP request sent, awaiting response... 200 OK
Length: 142996 (140K) [image/jpeg]
Saving to: ‘../data/deliveryimages.acm.org/10.1145/3190000/3186584/images/www18companion-138-fig2.jpg’

     0K .......... .......... .......... .......... .......... 35% 1.38M 0s
    50K .......... .......... .......... .......... .......... 71% 5.30M 0s
   100K .......... .......... .......... .........            100% 4.45M=0.05s

2018-05-16 15:29:01 (2.56 MB/s) - ‘../data/deliveryimages.acm.org/10.1145/3190000/3186584/images/www18companion-138-fig2.jpg’ saved [142996/142996]

--2018-05-16 15:29:01--  http://deliveryimages.acm.org/10.1145/3190000/3186584/images/www18companion-138-fig3.jpg
Connecting to deliveryimages.acm.org (deliveryimages.acm.org)|104.17.80.191|:80... connected.
HTTP request sent, awaiting response... 301 Moved Permanently
Location: https://deliveryimages.acm.org/10.1145/3190000/3186584/images/www18companion-138-fig3.jpg [following]
--2018-05-16 15:29:02--  https://deliveryimages.acm.org/10.1145/3190000/3186584/images/www18companion-138-fig3.jpg
Connecting to deliveryimages.acm.org (deliveryimages.acm.org)|104.17.80.191|:443... connected.
HTTP request sent, awaiting response... 200 OK
Length: 328436 (321K) [image/jpeg]
Saving to: ‘../data/deliveryimages.acm.org/10.1145/3190000/3186584/images/www18companion-138-fig3.jpg’

     0K .......... .......... .......... .......... .......... 15% 1.17M 0s
    50K .......... .......... .......... .......... .......... 31% 1.65M 0s
   100K .......... .......... .......... .......... .......... 46% 3.97M 0s
   150K .......... .......... .......... .......... .......... 62% 2.54M 0s
   200K .......... .......... .......... .......... .......... 77% 6.29M 0s
   250K .......... .......... .......... .......... .......... 93% 5.11M 0s
   300K .......... ..........                                 100% 1.01M=0.1s

2018-05-16 15:29:02 (2.24 MB/s) - ‘../data/deliveryimages.acm.org/10.1145/3190000/3186584/images/www18companion-138-fig3.jpg’ saved [328436/328436]

--2018-05-16 15:29:02--  http://deliveryimages.acm.org/10.1145/3190000/3186584/images/www18companion-138-fig4.jpg
Connecting to deliveryimages.acm.org (deliveryimages.acm.org)|104.17.80.191|:80... connected.
HTTP request sent, awaiting response... 301 Moved Permanently
Location: https://deliveryimages.acm.org/10.1145/3190000/3186584/images/www18companion-138-fig4.jpg [following]
--2018-05-16 15:29:02--  https://deliveryimages.acm.org/10.1145/3190000/3186584/images/www18companion-138-fig4.jpg
Connecting to deliveryimages.acm.org (deliveryimages.acm.org)|104.17.80.191|:443... connected.
HTTP request sent, awaiting response... 200 OK
Length: 72930 (71K) [image/jpeg]
Saving to: ‘../data/deliveryimages.acm.org/10.1145/3190000/3186584/images/www18companion-138-fig4.jpg’

     0K .......... .......... .......... .......... .......... 70% 1.65M 0s
    50K .......... .......... .                               100% 3.65M=0.04s

2018-05-16 15:29:02 (1.97 MB/s) - ‘../data/deliveryimages.acm.org/10.1145/3190000/3186584/images/www18companion-138-fig4.jpg’ saved [72930/72930]

--2018-05-16 15:29:02--  http://deliveryimages.acm.org/10.1145/3190000/3186584/images/www18companion-138-fig5.jpg
Connecting to deliveryimages.acm.org (deliveryimages.acm.org)|104.17.80.191|:80... connected.
HTTP request sent, awaiting response... 301 Moved Permanently
Location: https://deliveryimages.acm.org/10.1145/3190000/3186584/images/www18companion-138-fig5.jpg [following]
--2018-05-16 15:29:02--  https://deliveryimages.acm.org/10.1145/3190000/3186584/images/www18companion-138-fig5.jpg
Connecting to deliveryimages.acm.org (deliveryimages.acm.org)|104.17.80.191|:443... connected.
HTTP request sent, awaiting response... 200 OK
Length: 89204 (87K) [image/jpeg]
Saving to: ‘../data/deliveryimages.acm.org/10.1145/3190000/3186584/images/www18companion-138-fig5.jpg’

     0K .......... .......... .......... .......... .......... 57% 1.02M 0s
    50K .......... .......... .......... .......              100% 3.55M=0.06s

2018-05-16 15:29:02 (1.46 MB/s) - ‘../data/deliveryimages.acm.org/10.1145/3190000/3186584/images/www18companion-138-fig5.jpg’ saved [89204/89204]

FINISHED --2018-05-16 15:29:02--
Total wall clock time: 1.9s
Downloaded: 6 files, 911K in 0.4s (2.10 MB/s)
Converting links in ../data/delivery.acm.org/10.1145/3190000/3186584/p671-chen.html?ip=24.48.71.56&id=3186584&acc=OPENTOC&key=4D4702B0C3E38B35.4D4702B0C3E38B35.4D4702B0C3E38B35.4DD68F0663C025AA&__acm__=1526499240_5bd205d071165d31aa73591d1d89033a... 105-0
Converted links in 1 files in 0.003 seconds.
