--2018-05-16 14:24:58--  http://delivery.acm.org/10.1145/3190000/3186145/p639-cheng.html?ip=24.48.71.56&id=3186145&acc=OPENTOC&key=4D4702B0C3E38B35%2E4D4702B0C3E38B35%2E4D4702B0C3E38B35%2E4DD68F0663C025AA&__acm__=1526495398_2d565110e8b4ce77fc0e04a62612b456
Resolving delivery.acm.org (delivery.acm.org)... 24.200.120.90, 24.200.120.82
Connecting to delivery.acm.org (delivery.acm.org)|24.200.120.90|:80... connected.
HTTP request sent, awaiting response... 200 OK
Length: 130485 (127K) [text/html]
Saving to: ‘../data/delivery.acm.org/10.1145/3190000/3186145/p639-cheng.html?ip=24.48.71.56&id=3186145&acc=OPENTOC&key=4D4702B0C3E38B35.4D4702B0C3E38B35.4D4702B0C3E38B35.4DD68F0663C025AA&__acm__=1526495398_2d565110e8b4ce77fc0e04a62612b456’

     0K .......... .......... .......... .......... .......... 39% 1.86M 0s
    50K .......... .......... .......... .......... .......... 78% 3.52M 0s
   100K .......... .......... .......                         100% 7.32M=0.04s

2018-05-16 14:24:59 (2.84 MB/s) - ‘../data/delivery.acm.org/10.1145/3190000/3186145/p639-cheng.html?ip=24.48.71.56&id=3186145&acc=OPENTOC&key=4D4702B0C3E38B35.4D4702B0C3E38B35.4D4702B0C3E38B35.4DD68F0663C025AA&__acm__=1526495398_2d565110e8b4ce77fc0e04a62612b456’ saved [130485/130485]

--2018-05-16 14:24:59--  http://deliveryimages.acm.org/10.1145/3190000/3186145/images/www2018-154-fig1.jpg
Resolving deliveryimages.acm.org (deliveryimages.acm.org)... 104.17.80.191, 104.17.79.191
Connecting to deliveryimages.acm.org (deliveryimages.acm.org)|104.17.80.191|:80... connected.
HTTP request sent, awaiting response... 301 Moved Permanently
Location: https://deliveryimages.acm.org/10.1145/3190000/3186145/images/www2018-154-fig1.jpg [following]
--2018-05-16 14:24:59--  https://deliveryimages.acm.org/10.1145/3190000/3186145/images/www2018-154-fig1.jpg
Connecting to deliveryimages.acm.org (deliveryimages.acm.org)|104.17.80.191|:443... connected.
HTTP request sent, awaiting response... 200 OK
Length: 122476 (120K) [image/jpeg]
Saving to: ‘../data/deliveryimages.acm.org/10.1145/3190000/3186145/images/www2018-154-fig1.jpg’

     0K .......... .......... .......... .......... .......... 41% 1.62M 0s
    50K .......... .......... .......... .......... .......... 83% 2.99M 0s
   100K .......... .........                                  100% 6.20M=0.05s

2018-05-16 14:24:59 (2.36 MB/s) - ‘../data/deliveryimages.acm.org/10.1145/3190000/3186145/images/www2018-154-fig1.jpg’ saved [122476/122476]

--2018-05-16 14:24:59--  http://deliveryimages.acm.org/10.1145/3190000/3186145/images/www2018-154-img1.svg
Connecting to deliveryimages.acm.org (deliveryimages.acm.org)|104.17.80.191|:80... connected.
HTTP request sent, awaiting response... 301 Moved Permanently
Location: https://deliveryimages.acm.org/10.1145/3190000/3186145/images/www2018-154-img1.svg [following]
--2018-05-16 14:24:59--  https://deliveryimages.acm.org/10.1145/3190000/3186145/images/www2018-154-img1.svg
Connecting to deliveryimages.acm.org (deliveryimages.acm.org)|104.17.80.191|:443... connected.
HTTP request sent, awaiting response... 200 OK
Length: 142378 (139K) [image/svg+xml]
Saving to: ‘../data/deliveryimages.acm.org/10.1145/3190000/3186145/images/www2018-154-img1.svg’

     0K .......... .......... .......... .......... .......... 35% 1.40M 0s
    50K .......... .......... .......... .......... .......... 71% 2.30M 0s
   100K .......... .......... .......... .........            100% 8.35M=0.06s

2018-05-16 14:24:59 (2.24 MB/s) - ‘../data/deliveryimages.acm.org/10.1145/3190000/3186145/images/www2018-154-img1.svg’ saved [142378/142378]

--2018-05-16 14:24:59--  http://deliveryimages.acm.org/10.1145/3190000/3186145/images/www2018-154-fig2.jpg
Connecting to deliveryimages.acm.org (deliveryimages.acm.org)|104.17.80.191|:80... connected.
HTTP request sent, awaiting response... 301 Moved Permanently
Location: https://deliveryimages.acm.org/10.1145/3190000/3186145/images/www2018-154-fig2.jpg [following]
--2018-05-16 14:24:59--  https://deliveryimages.acm.org/10.1145/3190000/3186145/images/www2018-154-fig2.jpg
Connecting to deliveryimages.acm.org (deliveryimages.acm.org)|104.17.80.191|:443... connected.
HTTP request sent, awaiting response... 200 OK
Length: 150100 (147K) [image/jpeg]
Saving to: ‘../data/deliveryimages.acm.org/10.1145/3190000/3186145/images/www2018-154-fig2.jpg’

     0K .......... .......... .......... .......... .......... 34% 1.34M 0s
    50K .......... .......... .......... .......... .......... 68% 4.65M 0s
   100K .......... .......... .......... .......... ......    100% 2.22M=0.07s

2018-05-16 14:25:00 (2.12 MB/s) - ‘../data/deliveryimages.acm.org/10.1145/3190000/3186145/images/www2018-154-fig2.jpg’ saved [150100/150100]

--2018-05-16 14:25:00--  http://deliveryimages.acm.org/10.1145/3190000/3186145/images/www2018-154-fig3.jpg
Connecting to deliveryimages.acm.org (deliveryimages.acm.org)|104.17.80.191|:80... connected.
HTTP request sent, awaiting response... 301 Moved Permanently
Location: https://deliveryimages.acm.org/10.1145/3190000/3186145/images/www2018-154-fig3.jpg [following]
--2018-05-16 14:25:00--  https://deliveryimages.acm.org/10.1145/3190000/3186145/images/www2018-154-fig3.jpg
Connecting to deliveryimages.acm.org (deliveryimages.acm.org)|104.17.80.191|:443... connected.
HTTP request sent, awaiting response... 200 OK
Length: 220847 (216K) [image/jpeg]
Saving to: ‘../data/deliveryimages.acm.org/10.1145/3190000/3186145/images/www2018-154-fig3.jpg’

     0K .......... .......... .......... .......... .......... 23% 1.87M 0s
    50K .......... .......... .......... .......... .......... 46% 2.90M 0s
   100K .......... .......... .......... .......... .......... 69% 4.75M 0s
   150K .......... .......... .......... .......... .......... 92% 1.76M 0s
   200K .......... .....                                      100%  118M=0.08s

2018-05-16 14:25:00 (2.59 MB/s) - ‘../data/deliveryimages.acm.org/10.1145/3190000/3186145/images/www2018-154-fig3.jpg’ saved [220847/220847]

--2018-05-16 14:25:00--  http://deliveryimages.acm.org/10.1145/3190000/3186145/images/www2018-154-fig4.jpg
Connecting to deliveryimages.acm.org (deliveryimages.acm.org)|104.17.80.191|:80... connected.
HTTP request sent, awaiting response... 301 Moved Permanently
Location: https://deliveryimages.acm.org/10.1145/3190000/3186145/images/www2018-154-fig4.jpg [following]
--2018-05-16 14:25:00--  https://deliveryimages.acm.org/10.1145/3190000/3186145/images/www2018-154-fig4.jpg
Connecting to deliveryimages.acm.org (deliveryimages.acm.org)|104.17.80.191|:443... connected.
HTTP request sent, awaiting response... 200 OK
Length: 336874 (329K) [image/jpeg]
Saving to: ‘../data/deliveryimages.acm.org/10.1145/3190000/3186145/images/www2018-154-fig4.jpg’

     0K .......... .......... .......... .......... .......... 15% 1.66M 0s
    50K .......... .......... .......... .......... .......... 30% 3.31M 0s
   100K .......... .......... .......... .......... .......... 45% 2.13M 0s
   150K .......... .......... .......... .......... .......... 60% 5.37M 0s
   200K .......... .......... .......... .......... .......... 75% 3.07M 0s
   250K .......... .......... .......... .......... .......... 91% 5.18M 0s
   300K .......... .......... ........                        100% 6.76M=0.1s

2018-05-16 14:25:00 (3.04 MB/s) - ‘../data/deliveryimages.acm.org/10.1145/3190000/3186145/images/www2018-154-fig4.jpg’ saved [336874/336874]

FINISHED --2018-05-16 14:25:00--
Total wall clock time: 1.8s
Downloaded: 6 files, 1.1M in 0.4s (2.57 MB/s)
Converting links in ../data/delivery.acm.org/10.1145/3190000/3186145/p639-cheng.html?ip=24.48.71.56&id=3186145&acc=OPENTOC&key=4D4702B0C3E38B35.4D4702B0C3E38B35.4D4702B0C3E38B35.4DD68F0663C025AA&__acm__=1526495398_2d565110e8b4ce77fc0e04a62612b456... 162-0
Converted links in 1 files in 0.006 seconds.
