--2018-05-16 14:18:08--  http://delivery.acm.org/10.1145/3190000/3186096/p297-kim.html?ip=24.48.71.56&id=3186096&acc=OPENTOC&key=4D4702B0C3E38B35%2E4D4702B0C3E38B35%2E4D4702B0C3E38B35%2E4DD68F0663C025AA&__acm__=1526494987_60fe6a3558e24a63778bce8bd6e6e237
Resolving delivery.acm.org (delivery.acm.org)... 24.200.120.82, 24.200.120.90
Connecting to delivery.acm.org (delivery.acm.org)|24.200.120.82|:80... connected.
HTTP request sent, awaiting response... 200 OK
Length: 100809 (98K) [text/html]
Saving to: ‘../data/delivery.acm.org/10.1145/3190000/3186096/p297-kim.html?ip=24.48.71.56&id=3186096&acc=OPENTOC&key=4D4702B0C3E38B35.4D4702B0C3E38B35.4D4702B0C3E38B35.4DD68F0663C025AA&__acm__=1526494987_60fe6a3558e24a63778bce8bd6e6e237’

     0K .......... .......... .......... .......... .......... 50% 1.37M 0s
    50K .......... .......... .......... .......... ........  100% 4.93M=0.05s

2018-05-16 14:18:08 (2.13 MB/s) - ‘../data/delivery.acm.org/10.1145/3190000/3186096/p297-kim.html?ip=24.48.71.56&id=3186096&acc=OPENTOC&key=4D4702B0C3E38B35.4D4702B0C3E38B35.4D4702B0C3E38B35.4DD68F0663C025AA&__acm__=1526494987_60fe6a3558e24a63778bce8bd6e6e237’ saved [100809/100809]

--2018-05-16 14:18:08--  http://deliveryimages.acm.org/10.1145/3190000/3186096/images/www2018-105-fig1.jpg
Resolving deliveryimages.acm.org (deliveryimages.acm.org)... 104.17.79.191, 104.17.80.191
Connecting to deliveryimages.acm.org (deliveryimages.acm.org)|104.17.79.191|:80... connected.
HTTP request sent, awaiting response... 301 Moved Permanently
Location: https://deliveryimages.acm.org/10.1145/3190000/3186096/images/www2018-105-fig1.jpg [following]
--2018-05-16 14:18:08--  https://deliveryimages.acm.org/10.1145/3190000/3186096/images/www2018-105-fig1.jpg
Connecting to deliveryimages.acm.org (deliveryimages.acm.org)|104.17.79.191|:443... connected.
HTTP request sent, awaiting response... 200 OK
Length: 45289 (44K) [image/jpeg]
Saving to: ‘../data/deliveryimages.acm.org/10.1145/3190000/3186096/images/www2018-105-fig1.jpg’

     0K .......... .......... .......... .......... ....      100% 1.53M=0.03s

2018-05-16 14:18:08 (1.53 MB/s) - ‘../data/deliveryimages.acm.org/10.1145/3190000/3186096/images/www2018-105-fig1.jpg’ saved [45289/45289]

--2018-05-16 14:18:08--  http://deliveryimages.acm.org/10.1145/3190000/3186096/images/www2018-105-fig2.jpg
Connecting to deliveryimages.acm.org (deliveryimages.acm.org)|104.17.79.191|:80... connected.
HTTP request sent, awaiting response... 301 Moved Permanently
Location: https://deliveryimages.acm.org/10.1145/3190000/3186096/images/www2018-105-fig2.jpg [following]
--2018-05-16 14:18:08--  https://deliveryimages.acm.org/10.1145/3190000/3186096/images/www2018-105-fig2.jpg
Connecting to deliveryimages.acm.org (deliveryimages.acm.org)|104.17.79.191|:443... connected.
HTTP request sent, awaiting response... 200 OK
Length: 83143 (81K) [image/jpeg]
Saving to: ‘../data/deliveryimages.acm.org/10.1145/3190000/3186096/images/www2018-105-fig2.jpg’

     0K .......... .......... .......... .......... .......... 61% 1.48M 0s
    50K .......... .......... .......... .                    100% 2.51M=0.05s

2018-05-16 14:18:09 (1.76 MB/s) - ‘../data/deliveryimages.acm.org/10.1145/3190000/3186096/images/www2018-105-fig2.jpg’ saved [83143/83143]

--2018-05-16 14:18:09--  http://deliveryimages.acm.org/10.1145/3190000/3186096/images/www2018-105-fig3.jpg
Connecting to deliveryimages.acm.org (deliveryimages.acm.org)|104.17.79.191|:80... connected.
HTTP request sent, awaiting response... 301 Moved Permanently
Location: https://deliveryimages.acm.org/10.1145/3190000/3186096/images/www2018-105-fig3.jpg [following]
--2018-05-16 14:18:09--  https://deliveryimages.acm.org/10.1145/3190000/3186096/images/www2018-105-fig3.jpg
Connecting to deliveryimages.acm.org (deliveryimages.acm.org)|104.17.79.191|:443... connected.
HTTP request sent, awaiting response... 200 OK
Length: 89827 (88K) [image/jpeg]
Saving to: ‘../data/deliveryimages.acm.org/10.1145/3190000/3186096/images/www2018-105-fig3.jpg’

     0K .......... .......... .......... .......... .......... 56% 1.23M 0s
    50K .......... .......... .......... .......              100% 4.46M=0.05s

2018-05-16 14:18:09 (1.79 MB/s) - ‘../data/deliveryimages.acm.org/10.1145/3190000/3186096/images/www2018-105-fig3.jpg’ saved [89827/89827]

--2018-05-16 14:18:09--  http://deliveryimages.acm.org/10.1145/3190000/3186096/images/www2018-105-fig4.jpg
Connecting to deliveryimages.acm.org (deliveryimages.acm.org)|104.17.79.191|:80... connected.
HTTP request sent, awaiting response... 301 Moved Permanently
Location: https://deliveryimages.acm.org/10.1145/3190000/3186096/images/www2018-105-fig4.jpg [following]
--2018-05-16 14:18:09--  https://deliveryimages.acm.org/10.1145/3190000/3186096/images/www2018-105-fig4.jpg
Connecting to deliveryimages.acm.org (deliveryimages.acm.org)|104.17.79.191|:443... connected.
HTTP request sent, awaiting response... 200 OK
Length: 86111 (84K) [image/jpeg]
Saving to: ‘../data/deliveryimages.acm.org/10.1145/3190000/3186096/images/www2018-105-fig4.jpg’

     0K .......... .......... .......... .......... .......... 59% 1.16M 0s
    50K .......... .......... .......... ....                 100% 4.46M=0.05s

2018-05-16 14:18:09 (1.65 MB/s) - ‘../data/deliveryimages.acm.org/10.1145/3190000/3186096/images/www2018-105-fig4.jpg’ saved [86111/86111]

--2018-05-16 14:18:09--  http://deliveryimages.acm.org/10.1145/3190000/3186096/images/www2018-105-fig5.jpg
Connecting to deliveryimages.acm.org (deliveryimages.acm.org)|104.17.79.191|:80... connected.
HTTP request sent, awaiting response... 301 Moved Permanently
Location: https://deliveryimages.acm.org/10.1145/3190000/3186096/images/www2018-105-fig5.jpg [following]
--2018-05-16 14:18:09--  https://deliveryimages.acm.org/10.1145/3190000/3186096/images/www2018-105-fig5.jpg
Connecting to deliveryimages.acm.org (deliveryimages.acm.org)|104.17.79.191|:443... connected.
HTTP request sent, awaiting response... 200 OK
Length: 51905 (51K) [image/jpeg]
Saving to: ‘../data/deliveryimages.acm.org/10.1145/3190000/3186096/images/www2018-105-fig5.jpg’

     0K .......... .......... .......... .......... .......... 98% 1.52M 0s
    50K                                                       100% 20.9M=0.03s

2018-05-16 14:18:10 (1.54 MB/s) - ‘../data/deliveryimages.acm.org/10.1145/3190000/3186096/images/www2018-105-fig5.jpg’ saved [51905/51905]

--2018-05-16 14:18:10--  http://deliveryimages.acm.org/10.1145/3190000/3186096/images/www2018-105-img1.jpg
Connecting to deliveryimages.acm.org (deliveryimages.acm.org)|104.17.79.191|:80... connected.
HTTP request sent, awaiting response... 301 Moved Permanently
Location: https://deliveryimages.acm.org/10.1145/3190000/3186096/images/www2018-105-img1.jpg [following]
--2018-05-16 14:18:10--  https://deliveryimages.acm.org/10.1145/3190000/3186096/images/www2018-105-img1.jpg
Connecting to deliveryimages.acm.org (deliveryimages.acm.org)|104.17.79.191|:443... connected.
HTTP request sent, awaiting response... 200 OK
Length: 429770 (420K) [image/jpeg]
Saving to: ‘../data/deliveryimages.acm.org/10.1145/3190000/3186096/images/www2018-105-img1.jpg’

     0K .......... .......... .......... .......... .......... 11% 1.63M 0s
    50K .......... .......... .......... .......... .......... 23% 2.92M 0s
   100K .......... .......... .......... .......... .......... 35% 2.71M 0s
   150K .......... .......... .......... .......... .......... 47% 4.92M 0s
   200K .......... .......... .......... .......... .......... 59% 2.46M 0s
   250K .......... .......... .......... .......... .......... 71% 10.1M 0s
   300K .......... .......... .......... .......... .......... 83% 4.23M 0s
   350K .......... .......... .......... .......... .......... 95% 3.33M 0s
   400K .......... .........                                  100% 19.2M=0.1s

2018-05-16 14:18:10 (3.24 MB/s) - ‘../data/deliveryimages.acm.org/10.1145/3190000/3186096/images/www2018-105-img1.jpg’ saved [429770/429770]

--2018-05-16 14:18:10--  http://deliveryimages.acm.org/10.1145/3190000/3186096/images/www2018-105-fig8.jpg
Connecting to deliveryimages.acm.org (deliveryimages.acm.org)|104.17.79.191|:80... connected.
HTTP request sent, awaiting response... 301 Moved Permanently
Location: https://deliveryimages.acm.org/10.1145/3190000/3186096/images/www2018-105-fig8.jpg [following]
--2018-05-16 14:18:10--  https://deliveryimages.acm.org/10.1145/3190000/3186096/images/www2018-105-fig8.jpg
Connecting to deliveryimages.acm.org (deliveryimages.acm.org)|104.17.79.191|:443... connected.
HTTP request sent, awaiting response... 200 OK
Length: 37520 (37K) [image/jpeg]
Saving to: ‘../data/deliveryimages.acm.org/10.1145/3190000/3186096/images/www2018-105-fig8.jpg’

     0K .......... .......... .......... ......               100% 1.40M=0.03s

2018-05-16 14:18:10 (1.40 MB/s) - ‘../data/deliveryimages.acm.org/10.1145/3190000/3186096/images/www2018-105-fig8.jpg’ saved [37520/37520]

--2018-05-16 14:18:10--  http://deliveryimages.acm.org/10.1145/3190000/3186096/images/www2018-105-fig9.jpg
Connecting to deliveryimages.acm.org (deliveryimages.acm.org)|104.17.79.191|:80... connected.
HTTP request sent, awaiting response... 301 Moved Permanently
Location: https://deliveryimages.acm.org/10.1145/3190000/3186096/images/www2018-105-fig9.jpg [following]
--2018-05-16 14:18:10--  https://deliveryimages.acm.org/10.1145/3190000/3186096/images/www2018-105-fig9.jpg
Connecting to deliveryimages.acm.org (deliveryimages.acm.org)|104.17.79.191|:443... connected.
HTTP request sent, awaiting response... 200 OK
Length: 98175 (96K) [image/jpeg]
Saving to: ‘../data/deliveryimages.acm.org/10.1145/3190000/3186096/images/www2018-105-fig9.jpg’

     0K .......... .......... .......... .......... .......... 52% 1.57M 0s
    50K .......... .......... .......... .......... .....     100% 3.88M=0.04s

2018-05-16 14:18:10 (2.19 MB/s) - ‘../data/deliveryimages.acm.org/10.1145/3190000/3186096/images/www2018-105-fig9.jpg’ saved [98175/98175]

--2018-05-16 14:18:10--  http://deliveryimages.acm.org/10.1145/3190000/3186096/images/www2018-105-fig10.jpg
Connecting to deliveryimages.acm.org (deliveryimages.acm.org)|104.17.79.191|:80... connected.
HTTP request sent, awaiting response... 301 Moved Permanently
Location: https://deliveryimages.acm.org/10.1145/3190000/3186096/images/www2018-105-fig10.jpg [following]
--2018-05-16 14:18:11--  https://deliveryimages.acm.org/10.1145/3190000/3186096/images/www2018-105-fig10.jpg
Connecting to deliveryimages.acm.org (deliveryimages.acm.org)|104.17.79.191|:443... connected.
HTTP request sent, awaiting response... 200 OK
Length: 34448 (34K) [image/jpeg]
Saving to: ‘../data/deliveryimages.acm.org/10.1145/3190000/3186096/images/www2018-105-fig10.jpg’

     0K .......... .......... .......... ...                  100% 1.76M=0.02s

2018-05-16 14:18:11 (1.76 MB/s) - ‘../data/deliveryimages.acm.org/10.1145/3190000/3186096/images/www2018-105-fig10.jpg’ saved [34448/34448]

--2018-05-16 14:18:11--  http://deliveryimages.acm.org/10.1145/3190000/3186096/images/www2018-105-fig11.jpg
Connecting to deliveryimages.acm.org (deliveryimages.acm.org)|104.17.79.191|:80... connected.
HTTP request sent, awaiting response... 301 Moved Permanently
Location: https://deliveryimages.acm.org/10.1145/3190000/3186096/images/www2018-105-fig11.jpg [following]
--2018-05-16 14:18:11--  https://deliveryimages.acm.org/10.1145/3190000/3186096/images/www2018-105-fig11.jpg
Connecting to deliveryimages.acm.org (deliveryimages.acm.org)|104.17.79.191|:443... connected.
HTTP request sent, awaiting response... 200 OK
Length: 180050 (176K) [image/jpeg]
Saving to: ‘../data/deliveryimages.acm.org/10.1145/3190000/3186096/images/www2018-105-fig11.jpg’

     0K .......... .......... .......... .......... .......... 28% 1.35M 0s
    50K .......... .......... .......... .......... .......... 56% 1.80M 0s
   100K .......... .......... .......... .......... .......... 85% 2.89M 0s
   150K .......... .......... .....                           100% 62.2M=0.08s

2018-05-16 14:18:11 (2.13 MB/s) - ‘../data/deliveryimages.acm.org/10.1145/3190000/3186096/images/www2018-105-fig11.jpg’ saved [180050/180050]

--2018-05-16 14:18:11--  http://deliveryimages.acm.org/10.1145/3190000/3186096/images/www2018-105-fig12.jpg
Connecting to deliveryimages.acm.org (deliveryimages.acm.org)|104.17.79.191|:80... connected.
HTTP request sent, awaiting response... 301 Moved Permanently
Location: https://deliveryimages.acm.org/10.1145/3190000/3186096/images/www2018-105-fig12.jpg [following]
--2018-05-16 14:18:11--  https://deliveryimages.acm.org/10.1145/3190000/3186096/images/www2018-105-fig12.jpg
Connecting to deliveryimages.acm.org (deliveryimages.acm.org)|104.17.79.191|:443... connected.
HTTP request sent, awaiting response... 200 OK
Length: 140833 (138K) [image/jpeg]
Saving to: ‘../data/deliveryimages.acm.org/10.1145/3190000/3186096/images/www2018-105-fig12.jpg’

     0K .......... .......... .......... .......... .......... 36% 1.72M 0s
    50K .......... .......... .......... .......... .......... 72% 3.14M 0s
   100K .......... .......... .......... .......              100% 4.86M=0.05s

2018-05-16 14:18:11 (2.61 MB/s) - ‘../data/deliveryimages.acm.org/10.1145/3190000/3186096/images/www2018-105-fig12.jpg’ saved [140833/140833]

FINISHED --2018-05-16 14:18:11--
Total wall clock time: 3.5s
Downloaded: 12 files, 1.3M in 0.6s (2.21 MB/s)
Converting links in ../data/delivery.acm.org/10.1145/3190000/3186096/p297-kim.html?ip=24.48.71.56&id=3186096&acc=OPENTOC&key=4D4702B0C3E38B35.4D4702B0C3E38B35.4D4702B0C3E38B35.4DD68F0663C025AA&__acm__=1526494987_60fe6a3558e24a63778bce8bd6e6e237... 92-0
Converted links in 1 files in 0.004 seconds.
