--2018-05-16 14:33:16--  http://delivery.acm.org/10.1145/3190000/3186039/p1339-cai.html?ip=24.48.71.56&id=3186039&acc=OPENTOC&key=4D4702B0C3E38B35%2E4D4702B0C3E38B35%2E4D4702B0C3E38B35%2E4DD68F0663C025AA&__acm__=1526495896_eb50f4a028d150e0a8527add69061be2
Resolving delivery.acm.org (delivery.acm.org)... 24.200.120.82, 24.200.120.90
Connecting to delivery.acm.org (delivery.acm.org)|24.200.120.82|:80... connected.
HTTP request sent, awaiting response... 200 OK
Length: 84092 (82K) [text/html]
Saving to: ‘../data/delivery.acm.org/10.1145/3190000/3186039/p1339-cai.html?ip=24.48.71.56&id=3186039&acc=OPENTOC&key=4D4702B0C3E38B35.4D4702B0C3E38B35.4D4702B0C3E38B35.4DD68F0663C025AA&__acm__=1526495896_eb50f4a028d150e0a8527add69061be2’

     0K .......... .......... .......... .......... .......... 60% 2.37M 0s
    50K .......... .......... .......... ..                   100% 2.63M=0.03s

2018-05-16 14:33:16 (2.47 MB/s) - ‘../data/delivery.acm.org/10.1145/3190000/3186039/p1339-cai.html?ip=24.48.71.56&id=3186039&acc=OPENTOC&key=4D4702B0C3E38B35.4D4702B0C3E38B35.4D4702B0C3E38B35.4DD68F0663C025AA&__acm__=1526495896_eb50f4a028d150e0a8527add69061be2’ saved [84092/84092]

--2018-05-16 14:33:16--  http://deliveryimages.acm.org/10.1145/3190000/3186039/images/www2018-48-fig1.jpg
Resolving deliveryimages.acm.org (deliveryimages.acm.org)... 104.17.79.191, 104.17.80.191
Connecting to deliveryimages.acm.org (deliveryimages.acm.org)|104.17.79.191|:80... connected.
HTTP request sent, awaiting response... 301 Moved Permanently
Location: https://deliveryimages.acm.org/10.1145/3190000/3186039/images/www2018-48-fig1.jpg [following]
--2018-05-16 14:33:16--  https://deliveryimages.acm.org/10.1145/3190000/3186039/images/www2018-48-fig1.jpg
Connecting to deliveryimages.acm.org (deliveryimages.acm.org)|104.17.79.191|:443... connected.
HTTP request sent, awaiting response... 200 OK
Length: 107191 (105K) [image/jpeg]
Saving to: ‘../data/deliveryimages.acm.org/10.1145/3190000/3186039/images/www2018-48-fig1.jpg’

     0K .......... .......... .......... .......... .......... 47% 1.30M 0s
    50K .......... .......... .......... .......... .......... 95% 3.14M 0s
   100K ....                                                  100% 68.2M=0.05s

2018-05-16 14:33:17 (1.92 MB/s) - ‘../data/deliveryimages.acm.org/10.1145/3190000/3186039/images/www2018-48-fig1.jpg’ saved [107191/107191]

--2018-05-16 14:33:17--  http://deliveryimages.acm.org/10.1145/3190000/3186039/images/www2018-48-fig2.jpg
Connecting to deliveryimages.acm.org (deliveryimages.acm.org)|104.17.79.191|:80... connected.
HTTP request sent, awaiting response... 301 Moved Permanently
Location: https://deliveryimages.acm.org/10.1145/3190000/3186039/images/www2018-48-fig2.jpg [following]
--2018-05-16 14:33:17--  https://deliveryimages.acm.org/10.1145/3190000/3186039/images/www2018-48-fig2.jpg
Connecting to deliveryimages.acm.org (deliveryimages.acm.org)|104.17.79.191|:443... connected.
HTTP request sent, awaiting response... 200 OK
Length: 170099 (166K) [image/jpeg]
Saving to: ‘../data/deliveryimages.acm.org/10.1145/3190000/3186039/images/www2018-48-fig2.jpg’

     0K .......... .......... .......... .......... .......... 30%  755K 0s
    50K .......... .......... .......... .......... .......... 60% 3.07M 0s
   100K .......... .......... .......... .......... .......... 90% 3.38M 0s
   150K .......... ......                                     100% 5.87M=0.1s

2018-05-16 14:33:17 (1.63 MB/s) - ‘../data/deliveryimages.acm.org/10.1145/3190000/3186039/images/www2018-48-fig2.jpg’ saved [170099/170099]

--2018-05-16 14:33:17--  http://deliveryimages.acm.org/10.1145/3190000/3186039/images/www2018-48-fig3.jpg
Connecting to deliveryimages.acm.org (deliveryimages.acm.org)|104.17.79.191|:80... connected.
HTTP request sent, awaiting response... 301 Moved Permanently
Location: https://deliveryimages.acm.org/10.1145/3190000/3186039/images/www2018-48-fig3.jpg [following]
--2018-05-16 14:33:17--  https://deliveryimages.acm.org/10.1145/3190000/3186039/images/www2018-48-fig3.jpg
Connecting to deliveryimages.acm.org (deliveryimages.acm.org)|104.17.79.191|:443... connected.
HTTP request sent, awaiting response... 200 OK
Length: 113040 (110K) [image/jpeg]
Saving to: ‘../data/deliveryimages.acm.org/10.1145/3190000/3186039/images/www2018-48-fig3.jpg’

     0K .......... .......... .......... .......... .......... 45% 1.05M 0s
    50K .......... .......... .......... .......... .......... 90% 2.09M 0s
   100K ..........                                            100% 1.76M=0.08s

2018-05-16 14:33:18 (1.43 MB/s) - ‘../data/deliveryimages.acm.org/10.1145/3190000/3186039/images/www2018-48-fig3.jpg’ saved [113040/113040]

--2018-05-16 14:33:18--  http://deliveryimages.acm.org/10.1145/3190000/3186039/images/www2018-48-fig4.jpg
Connecting to deliveryimages.acm.org (deliveryimages.acm.org)|104.17.79.191|:80... connected.
HTTP request sent, awaiting response... 301 Moved Permanently
Location: https://deliveryimages.acm.org/10.1145/3190000/3186039/images/www2018-48-fig4.jpg [following]
--2018-05-16 14:33:18--  https://deliveryimages.acm.org/10.1145/3190000/3186039/images/www2018-48-fig4.jpg
Connecting to deliveryimages.acm.org (deliveryimages.acm.org)|104.17.79.191|:443... connected.
HTTP request sent, awaiting response... 200 OK
Length: 173036 (169K) [image/jpeg]
Saving to: ‘../data/deliveryimages.acm.org/10.1145/3190000/3186039/images/www2018-48-fig4.jpg’

     0K .......... .......... .......... .......... .......... 29%  867K 0s
    50K .......... .......... .......... .......... .......... 59% 4.58M 0s
   100K .......... .......... .......... .......... .......... 88% 2.01M 0s
   150K .......... ........                                   100% 4.64M=0.1s

2018-05-16 14:33:18 (1.71 MB/s) - ‘../data/deliveryimages.acm.org/10.1145/3190000/3186039/images/www2018-48-fig4.jpg’ saved [173036/173036]

--2018-05-16 14:33:18--  http://deliveryimages.acm.org/10.1145/3190000/3186039/images/www2018-48-fig5.jpg
Connecting to deliveryimages.acm.org (deliveryimages.acm.org)|104.17.79.191|:80... connected.
HTTP request sent, awaiting response... 301 Moved Permanently
Location: https://deliveryimages.acm.org/10.1145/3190000/3186039/images/www2018-48-fig5.jpg [following]
--2018-05-16 14:33:18--  https://deliveryimages.acm.org/10.1145/3190000/3186039/images/www2018-48-fig5.jpg
Connecting to deliveryimages.acm.org (deliveryimages.acm.org)|104.17.79.191|:443... connected.
HTTP request sent, awaiting response... 200 OK
Length: 181949 (178K) [image/jpeg]
Saving to: ‘../data/deliveryimages.acm.org/10.1145/3190000/3186039/images/www2018-48-fig5.jpg’

     0K .......... .......... .......... .......... .......... 28% 1.12M 0s
    50K .......... .......... .......... .......... .......... 56% 3.19M 0s
   100K .......... .......... .......... .......... .......... 84% 4.69M 0s
   150K .......... .......... .......                         100% 3.25M=0.08s

2018-05-16 14:33:18 (2.24 MB/s) - ‘../data/deliveryimages.acm.org/10.1145/3190000/3186039/images/www2018-48-fig5.jpg’ saved [181949/181949]

--2018-05-16 14:33:18--  http://deliveryimages.acm.org/10.1145/3190000/3186039/images/www2018-48-fig6.jpg
Connecting to deliveryimages.acm.org (deliveryimages.acm.org)|104.17.79.191|:80... connected.
HTTP request sent, awaiting response... 301 Moved Permanently
Location: https://deliveryimages.acm.org/10.1145/3190000/3186039/images/www2018-48-fig6.jpg [following]
--2018-05-16 14:33:19--  https://deliveryimages.acm.org/10.1145/3190000/3186039/images/www2018-48-fig6.jpg
Connecting to deliveryimages.acm.org (deliveryimages.acm.org)|104.17.79.191|:443... connected.
HTTP request sent, awaiting response... 200 OK
Length: 154811 (151K) [image/jpeg]
Saving to: ‘../data/deliveryimages.acm.org/10.1145/3190000/3186039/images/www2018-48-fig6.jpg’

     0K .......... .......... .......... .......... .......... 33% 1.33M 0s
    50K .......... .......... .......... .......... .......... 66% 5.14M 0s
   100K .......... .......... .......... .......... .......... 99% 2.18M 0s
   150K .                                                     100% 2256G=0.07s

2018-05-16 14:33:19 (2.16 MB/s) - ‘../data/deliveryimages.acm.org/10.1145/3190000/3186039/images/www2018-48-fig6.jpg’ saved [154811/154811]

--2018-05-16 14:33:19--  http://deliveryimages.acm.org/10.1145/3190000/3186039/images/www2018-48-fig7.jpg
Connecting to deliveryimages.acm.org (deliveryimages.acm.org)|104.17.79.191|:80... connected.
HTTP request sent, awaiting response... 301 Moved Permanently
Location: https://deliveryimages.acm.org/10.1145/3190000/3186039/images/www2018-48-fig7.jpg [following]
--2018-05-16 14:33:19--  https://deliveryimages.acm.org/10.1145/3190000/3186039/images/www2018-48-fig7.jpg
Connecting to deliveryimages.acm.org (deliveryimages.acm.org)|104.17.79.191|:443... connected.
HTTP request sent, awaiting response... 200 OK
Length: 257670 (252K) [image/jpeg]
Saving to: ‘../data/deliveryimages.acm.org/10.1145/3190000/3186039/images/www2018-48-fig7.jpg’

     0K .......... .......... .......... .......... .......... 19% 1.76M 0s
    50K .......... .......... .......... .......... .......... 39% 2.73M 0s
   100K .......... .......... .......... .......... .......... 59% 6.15M 0s
   150K .......... .......... .......... .......... .......... 79% 2.47M 0s
   200K .......... .......... .......... .......... .......... 99% 9.20M 0s
   250K .                                                     100% 3111G=0.08s

2018-05-16 14:33:19 (3.13 MB/s) - ‘../data/deliveryimages.acm.org/10.1145/3190000/3186039/images/www2018-48-fig7.jpg’ saved [257670/257670]

--2018-05-16 14:33:19--  http://deliveryimages.acm.org/10.1145/3190000/3186039/images/www2018-48-fig8.jpg
Connecting to deliveryimages.acm.org (deliveryimages.acm.org)|104.17.79.191|:80... connected.
HTTP request sent, awaiting response... 301 Moved Permanently
Location: https://deliveryimages.acm.org/10.1145/3190000/3186039/images/www2018-48-fig8.jpg [following]
--2018-05-16 14:33:19--  https://deliveryimages.acm.org/10.1145/3190000/3186039/images/www2018-48-fig8.jpg
Connecting to deliveryimages.acm.org (deliveryimages.acm.org)|104.17.79.191|:443... connected.
HTTP request sent, awaiting response... 200 OK
Length: 180405 (176K) [image/jpeg]
Saving to: ‘../data/deliveryimages.acm.org/10.1145/3190000/3186039/images/www2018-48-fig8.jpg’

     0K .......... .......... .......... .......... .......... 28% 1.45M 0s
    50K .......... .......... .......... .......... .......... 56% 3.46M 0s
   100K .......... .......... .......... .......... .......... 85% 4.20M 0s
   150K .......... .......... ......                          100% 1.11M=0.08s

2018-05-16 14:33:19 (2.09 MB/s) - ‘../data/deliveryimages.acm.org/10.1145/3190000/3186039/images/www2018-48-fig8.jpg’ saved [180405/180405]

--2018-05-16 14:33:19--  http://deliveryimages.acm.org/10.1145/3190000/3186039/images/www2018-48-fig9.jpg
Connecting to deliveryimages.acm.org (deliveryimages.acm.org)|104.17.79.191|:80... connected.
HTTP request sent, awaiting response... 301 Moved Permanently
Location: https://deliveryimages.acm.org/10.1145/3190000/3186039/images/www2018-48-fig9.jpg [following]
--2018-05-16 14:33:20--  https://deliveryimages.acm.org/10.1145/3190000/3186039/images/www2018-48-fig9.jpg
Connecting to deliveryimages.acm.org (deliveryimages.acm.org)|104.17.79.191|:443... connected.
HTTP request sent, awaiting response... 200 OK
Length: 196019 (191K) [image/jpeg]
Saving to: ‘../data/deliveryimages.acm.org/10.1145/3190000/3186039/images/www2018-48-fig9.jpg’

     0K .......... .......... .......... .......... .......... 26% 1.17M 0s
    50K .......... .......... .......... .......... .......... 52% 3.19M 0s
   100K .......... .......... .......... .......... .......... 78% 2.44M 0s
   150K .......... .......... .......... .......... .         100% 7.68M=0.08s

2018-05-16 14:33:20 (2.27 MB/s) - ‘../data/deliveryimages.acm.org/10.1145/3190000/3186039/images/www2018-48-fig9.jpg’ saved [196019/196019]

--2018-05-16 14:33:20--  http://deliveryimages.acm.org/10.1145/3190000/3186039/images/www2018-48-fig10.jpg
Connecting to deliveryimages.acm.org (deliveryimages.acm.org)|104.17.79.191|:80... connected.
HTTP request sent, awaiting response... 301 Moved Permanently
Location: https://deliveryimages.acm.org/10.1145/3190000/3186039/images/www2018-48-fig10.jpg [following]
--2018-05-16 14:33:20--  https://deliveryimages.acm.org/10.1145/3190000/3186039/images/www2018-48-fig10.jpg
Connecting to deliveryimages.acm.org (deliveryimages.acm.org)|104.17.79.191|:443... connected.
HTTP request sent, awaiting response... 200 OK
Length: 213551 (209K) [image/jpeg]
Saving to: ‘../data/deliveryimages.acm.org/10.1145/3190000/3186039/images/www2018-48-fig10.jpg’

     0K .......... .......... .......... .......... .......... 23% 1.67M 0s
    50K .......... .......... .......... .......... .......... 47% 3.23M 0s
   100K .......... .......... .......... .......... .......... 71% 5.91M 0s
   150K .......... .......... .......... .......... .......... 95% 3.84M 0s
   200K ........                                              100% 5.06M=0.07s

2018-05-16 14:33:20 (3.05 MB/s) - ‘../data/deliveryimages.acm.org/10.1145/3190000/3186039/images/www2018-48-fig10.jpg’ saved [213551/213551]

--2018-05-16 14:33:20--  http://deliveryimages.acm.org/10.1145/3190000/3186039/images/www2018-48-fig11.jpg
Connecting to deliveryimages.acm.org (deliveryimages.acm.org)|104.17.79.191|:80... connected.
HTTP request sent, awaiting response... 301 Moved Permanently
Location: https://deliveryimages.acm.org/10.1145/3190000/3186039/images/www2018-48-fig11.jpg [following]
--2018-05-16 14:33:20--  https://deliveryimages.acm.org/10.1145/3190000/3186039/images/www2018-48-fig11.jpg
Connecting to deliveryimages.acm.org (deliveryimages.acm.org)|104.17.79.191|:443... connected.
HTTP request sent, awaiting response... 200 OK
Length: 169480 (166K) [image/jpeg]
Saving to: ‘../data/deliveryimages.acm.org/10.1145/3190000/3186039/images/www2018-48-fig11.jpg’

     0K .......... .......... .......... .......... .......... 30% 1.47M 0s
    50K .......... .......... .......... .......... .......... 60% 1.99M 0s
   100K .......... .......... .......... .......... .......... 90% 8.92M 0s
   150K .......... .....                                      100% 70.2M=0.06s

2018-05-16 14:33:20 (2.55 MB/s) - ‘../data/deliveryimages.acm.org/10.1145/3190000/3186039/images/www2018-48-fig11.jpg’ saved [169480/169480]

--2018-05-16 14:33:20--  http://deliveryimages.acm.org/10.1145/3190000/3186039/images/www2018-48-fig12.jpg
Connecting to deliveryimages.acm.org (deliveryimages.acm.org)|104.17.79.191|:80... connected.
HTTP request sent, awaiting response... 301 Moved Permanently
Location: https://deliveryimages.acm.org/10.1145/3190000/3186039/images/www2018-48-fig12.jpg [following]
--2018-05-16 14:33:21--  https://deliveryimages.acm.org/10.1145/3190000/3186039/images/www2018-48-fig12.jpg
Connecting to deliveryimages.acm.org (deliveryimages.acm.org)|104.17.79.191|:443... connected.
HTTP request sent, awaiting response... 200 OK
Length: 246971 (241K) [image/jpeg]
Saving to: ‘../data/deliveryimages.acm.org/10.1145/3190000/3186039/images/www2018-48-fig12.jpg’

     0K .......... .......... .......... .......... .......... 20% 1.75M 0s
    50K .......... .......... .......... .......... .......... 41% 2.56M 0s
   100K .......... .......... .......... .......... .......... 62% 3.26M 0s
   150K .......... .......... .......... .......... .......... 82% 4.98M 0s
   200K .......... .......... .......... .......... .         100% 6.82M=0.08s

2018-05-16 14:33:21 (3.03 MB/s) - ‘../data/deliveryimages.acm.org/10.1145/3190000/3186039/images/www2018-48-fig12.jpg’ saved [246971/246971]

--2018-05-16 14:33:21--  http://deliveryimages.acm.org/10.1145/3190000/3186039/images/www2018-48-fig13.jpg
Connecting to deliveryimages.acm.org (deliveryimages.acm.org)|104.17.79.191|:80... connected.
HTTP request sent, awaiting response... 301 Moved Permanently
Location: https://deliveryimages.acm.org/10.1145/3190000/3186039/images/www2018-48-fig13.jpg [following]
--2018-05-16 14:33:21--  https://deliveryimages.acm.org/10.1145/3190000/3186039/images/www2018-48-fig13.jpg
Connecting to deliveryimages.acm.org (deliveryimages.acm.org)|104.17.79.191|:443... connected.
HTTP request sent, awaiting response... 200 OK
Length: 243421 (238K) [image/jpeg]
Saving to: ‘../data/deliveryimages.acm.org/10.1145/3190000/3186039/images/www2018-48-fig13.jpg’

     0K .......... .......... .......... .......... .......... 21%  642K 0s
    50K .......... .......... .......... .......... .......... 42%  947K 0s
   100K .......... .......... .......... .......... .......... 63%  620K 0s
   150K .......... .......... .......... .......... .......... 84% 4.78M 0s
   200K .......... .......... .......... .......              100% 5.12M=0.2s

2018-05-16 14:33:21 (1.01 MB/s) - ‘../data/deliveryimages.acm.org/10.1145/3190000/3186039/images/www2018-48-fig13.jpg’ saved [243421/243421]

--2018-05-16 14:33:21--  http://deliveryimages.acm.org/10.1145/3190000/3186039/images/www2018-48-fig14.jpg
Connecting to deliveryimages.acm.org (deliveryimages.acm.org)|104.17.79.191|:80... connected.
HTTP request sent, awaiting response... 301 Moved Permanently
Location: https://deliveryimages.acm.org/10.1145/3190000/3186039/images/www2018-48-fig14.jpg [following]
--2018-05-16 14:33:21--  https://deliveryimages.acm.org/10.1145/3190000/3186039/images/www2018-48-fig14.jpg
Connecting to deliveryimages.acm.org (deliveryimages.acm.org)|104.17.79.191|:443... connected.
HTTP request sent, awaiting response... 200 OK
Length: 184035 (180K) [image/jpeg]
Saving to: ‘../data/deliveryimages.acm.org/10.1145/3190000/3186039/images/www2018-48-fig14.jpg’

     0K .......... .......... .......... .......... .......... 27% 1.79M 0s
    50K .......... .......... .......... .......... .......... 55% 2.26M 0s
   100K .......... .......... .......... .......... .......... 83% 2.25M 0s
   150K .......... .......... .........                       100% 8.24M=0.07s

2018-05-16 14:33:22 (2.37 MB/s) - ‘../data/deliveryimages.acm.org/10.1145/3190000/3186039/images/www2018-48-fig14.jpg’ saved [184035/184035]

FINISHED --2018-05-16 14:33:22--
Total wall clock time: 5.6s
Downloaded: 15 files, 2.6M in 1.3s (2.03 MB/s)
Converting links in ../data/delivery.acm.org/10.1145/3190000/3186039/p1339-cai.html?ip=24.48.71.56&id=3186039&acc=OPENTOC&key=4D4702B0C3E38B35.4D4702B0C3E38B35.4D4702B0C3E38B35.4DD68F0663C025AA&__acm__=1526495896_eb50f4a028d150e0a8527add69061be2... 118-0
Converted links in 1 files in 0.002 seconds.
