--2018-05-16 14:34:29--  http://delivery.acm.org/10.1145/3190000/3186077/p1653-chen.html?ip=24.48.71.56&id=3186077&acc=OPENTOC&key=4D4702B0C3E38B35%2E4D4702B0C3E38B35%2E4D4702B0C3E38B35%2E4DD68F0663C025AA&__acm__=1526495967_f79a64dc919c6ac8b398eb9e3d870e95
Resolving delivery.acm.org (delivery.acm.org)... 24.200.120.90, 24.200.120.82
Connecting to delivery.acm.org (delivery.acm.org)|24.200.120.90|:80... connected.
HTTP request sent, awaiting response... 200 OK
Length: 93796 (92K) [text/html]
Saving to: ‘../data/delivery.acm.org/10.1145/3190000/3186077/p1653-chen.html?ip=24.48.71.56&id=3186077&acc=OPENTOC&key=4D4702B0C3E38B35.4D4702B0C3E38B35.4D4702B0C3E38B35.4DD68F0663C025AA&__acm__=1526495967_f79a64dc919c6ac8b398eb9e3d870e95’

     0K .......... .......... .......... .......... .......... 54% 1.87M 0s
    50K .......... .......... .......... .......... .         100% 3.83M=0.04s

2018-05-16 14:34:29 (2.44 MB/s) - ‘../data/delivery.acm.org/10.1145/3190000/3186077/p1653-chen.html?ip=24.48.71.56&id=3186077&acc=OPENTOC&key=4D4702B0C3E38B35.4D4702B0C3E38B35.4D4702B0C3E38B35.4DD68F0663C025AA&__acm__=1526495967_f79a64dc919c6ac8b398eb9e3d870e95’ saved [93796/93796]

--2018-05-16 14:34:29--  http://deliveryimages.acm.org/10.1145/3190000/3186077/images/www2018-86-fig1.jpg
Resolving deliveryimages.acm.org (deliveryimages.acm.org)... 104.17.79.191, 104.17.80.191
Connecting to deliveryimages.acm.org (deliveryimages.acm.org)|104.17.79.191|:80... connected.
HTTP request sent, awaiting response... 301 Moved Permanently
Location: https://deliveryimages.acm.org/10.1145/3190000/3186077/images/www2018-86-fig1.jpg [following]
--2018-05-16 14:34:29--  https://deliveryimages.acm.org/10.1145/3190000/3186077/images/www2018-86-fig1.jpg
Connecting to deliveryimages.acm.org (deliveryimages.acm.org)|104.17.79.191|:443... connected.
HTTP request sent, awaiting response... 200 OK
Length: 61737 (60K) [image/jpeg]
Saving to: ‘../data/deliveryimages.acm.org/10.1145/3190000/3186077/images/www2018-86-fig1.jpg’

     0K .......... .......... .......... .......... .......... 82% 1.78M 0s
    50K ..........                                            100% 3.71M=0.03s

2018-05-16 14:34:29 (1.95 MB/s) - ‘../data/deliveryimages.acm.org/10.1145/3190000/3186077/images/www2018-86-fig1.jpg’ saved [61737/61737]

--2018-05-16 14:34:29--  http://deliveryimages.acm.org/10.1145/3190000/3186077/images/www2018-86-fig2.jpg
Connecting to deliveryimages.acm.org (deliveryimages.acm.org)|104.17.79.191|:80... connected.
HTTP request sent, awaiting response... 301 Moved Permanently
Location: https://deliveryimages.acm.org/10.1145/3190000/3186077/images/www2018-86-fig2.jpg [following]
--2018-05-16 14:34:29--  https://deliveryimages.acm.org/10.1145/3190000/3186077/images/www2018-86-fig2.jpg
Connecting to deliveryimages.acm.org (deliveryimages.acm.org)|104.17.79.191|:443... connected.
HTTP request sent, awaiting response... 200 OK
Length: 73777 (72K) [image/jpeg]
Saving to: ‘../data/deliveryimages.acm.org/10.1145/3190000/3186077/images/www2018-86-fig2.jpg’

     0K .......... .......... .......... .......... .......... 69% 1000K 0s
    50K .......... .......... ..                              100% 12.9M=0.05s

2018-05-16 14:34:30 (1.36 MB/s) - ‘../data/deliveryimages.acm.org/10.1145/3190000/3186077/images/www2018-86-fig2.jpg’ saved [73777/73777]

--2018-05-16 14:34:30--  http://deliveryimages.acm.org/10.1145/3190000/3186077/images/www2018-86-fig3.jpg
Connecting to deliveryimages.acm.org (deliveryimages.acm.org)|104.17.79.191|:80... connected.
HTTP request sent, awaiting response... 301 Moved Permanently
Location: https://deliveryimages.acm.org/10.1145/3190000/3186077/images/www2018-86-fig3.jpg [following]
--2018-05-16 14:34:30--  https://deliveryimages.acm.org/10.1145/3190000/3186077/images/www2018-86-fig3.jpg
Connecting to deliveryimages.acm.org (deliveryimages.acm.org)|104.17.79.191|:443... connected.
HTTP request sent, awaiting response... 200 OK
Length: 45092 (44K) [image/jpeg]
Saving to: ‘../data/deliveryimages.acm.org/10.1145/3190000/3186077/images/www2018-86-fig3.jpg’

     0K .......... .......... .......... .......... ....      100% 1014K=0.04s

2018-05-16 14:34:30 (1014 KB/s) - ‘../data/deliveryimages.acm.org/10.1145/3190000/3186077/images/www2018-86-fig3.jpg’ saved [45092/45092]

--2018-05-16 14:34:30--  http://deliveryimages.acm.org/10.1145/3190000/3186077/images/www2018-86-fig4.jpg
Connecting to deliveryimages.acm.org (deliveryimages.acm.org)|104.17.79.191|:80... connected.
HTTP request sent, awaiting response... 301 Moved Permanently
Location: https://deliveryimages.acm.org/10.1145/3190000/3186077/images/www2018-86-fig4.jpg [following]
--2018-05-16 14:34:30--  https://deliveryimages.acm.org/10.1145/3190000/3186077/images/www2018-86-fig4.jpg
Connecting to deliveryimages.acm.org (deliveryimages.acm.org)|104.17.79.191|:443... connected.
HTTP request sent, awaiting response... 200 OK
Length: 69091 (67K) [image/jpeg]
Saving to: ‘../data/deliveryimages.acm.org/10.1145/3190000/3186077/images/www2018-86-fig4.jpg’

     0K .......... .......... .......... .......... .......... 74% 1.67M 0s
    50K .......... .......                                    100% 6.15M=0.03s

2018-05-16 14:34:30 (2.06 MB/s) - ‘../data/deliveryimages.acm.org/10.1145/3190000/3186077/images/www2018-86-fig4.jpg’ saved [69091/69091]

--2018-05-16 14:34:30--  http://deliveryimages.acm.org/10.1145/3190000/3186077/images/www2018-86-fig5.jpg
Connecting to deliveryimages.acm.org (deliveryimages.acm.org)|104.17.79.191|:80... connected.
HTTP request sent, awaiting response... 301 Moved Permanently
Location: https://deliveryimages.acm.org/10.1145/3190000/3186077/images/www2018-86-fig5.jpg [following]
--2018-05-16 14:34:30--  https://deliveryimages.acm.org/10.1145/3190000/3186077/images/www2018-86-fig5.jpg
Connecting to deliveryimages.acm.org (deliveryimages.acm.org)|104.17.79.191|:443... connected.
HTTP request sent, awaiting response... 200 OK
Length: 45840 (45K) [image/jpeg]
Saving to: ‘../data/deliveryimages.acm.org/10.1145/3190000/3186077/images/www2018-86-fig5.jpg’

     0K .......... .......... .......... .......... ....      100% 1.51M=0.03s

2018-05-16 14:34:30 (1.51 MB/s) - ‘../data/deliveryimages.acm.org/10.1145/3190000/3186077/images/www2018-86-fig5.jpg’ saved [45840/45840]

--2018-05-16 14:34:30--  http://deliveryimages.acm.org/10.1145/3190000/3186077/images/www2018-86-fig6.jpg
Connecting to deliveryimages.acm.org (deliveryimages.acm.org)|104.17.79.191|:80... connected.
HTTP request sent, awaiting response... 301 Moved Permanently
Location: https://deliveryimages.acm.org/10.1145/3190000/3186077/images/www2018-86-fig6.jpg [following]
--2018-05-16 14:34:31--  https://deliveryimages.acm.org/10.1145/3190000/3186077/images/www2018-86-fig6.jpg
Connecting to deliveryimages.acm.org (deliveryimages.acm.org)|104.17.79.191|:443... connected.
HTTP request sent, awaiting response... 200 OK
Length: 64445 (63K) [image/jpeg]
Saving to: ‘../data/deliveryimages.acm.org/10.1145/3190000/3186077/images/www2018-86-fig6.jpg’

     0K .......... .......... .......... .......... .......... 79% 1.75M 0s
    50K .......... ..                                         100% 2.17M=0.03s

2018-05-16 14:34:31 (1.82 MB/s) - ‘../data/deliveryimages.acm.org/10.1145/3190000/3186077/images/www2018-86-fig6.jpg’ saved [64445/64445]

--2018-05-16 14:34:31--  http://deliveryimages.acm.org/10.1145/3190000/3186077/images/www2018-86-fig7.jpg
Connecting to deliveryimages.acm.org (deliveryimages.acm.org)|104.17.79.191|:80... connected.
HTTP request sent, awaiting response... 301 Moved Permanently
Location: https://deliveryimages.acm.org/10.1145/3190000/3186077/images/www2018-86-fig7.jpg [following]
--2018-05-16 14:34:31--  https://deliveryimages.acm.org/10.1145/3190000/3186077/images/www2018-86-fig7.jpg
Connecting to deliveryimages.acm.org (deliveryimages.acm.org)|104.17.79.191|:443... connected.
HTTP request sent, awaiting response... 200 OK
Length: 57353 (56K) [image/jpeg]
Saving to: ‘../data/deliveryimages.acm.org/10.1145/3190000/3186077/images/www2018-86-fig7.jpg’

     0K .......... .......... .......... .......... .......... 89% 1.34M 0s
    50K ......                                                100% 2.49M=0.04s

2018-05-16 14:34:31 (1.41 MB/s) - ‘../data/deliveryimages.acm.org/10.1145/3190000/3186077/images/www2018-86-fig7.jpg’ saved [57353/57353]

--2018-05-16 14:34:31--  http://deliveryimages.acm.org/10.1145/3190000/3186077/images/www2018-86-fig8.jpg
Connecting to deliveryimages.acm.org (deliveryimages.acm.org)|104.17.79.191|:80... connected.
HTTP request sent, awaiting response... 301 Moved Permanently
Location: https://deliveryimages.acm.org/10.1145/3190000/3186077/images/www2018-86-fig8.jpg [following]
--2018-05-16 14:34:31--  https://deliveryimages.acm.org/10.1145/3190000/3186077/images/www2018-86-fig8.jpg
Connecting to deliveryimages.acm.org (deliveryimages.acm.org)|104.17.79.191|:443... connected.
HTTP request sent, awaiting response... 200 OK
Length: 58764 (57K) [image/jpeg]
Saving to: ‘../data/deliveryimages.acm.org/10.1145/3190000/3186077/images/www2018-86-fig8.jpg’

     0K .......... .......... .......... .......... .......... 87% 1.24M 0s
    50K .......                                               100% 4.75M=0.04s

2018-05-16 14:34:31 (1.38 MB/s) - ‘../data/deliveryimages.acm.org/10.1145/3190000/3186077/images/www2018-86-fig8.jpg’ saved [58764/58764]

FINISHED --2018-05-16 14:34:31--
Total wall clock time: 2.8s
Downloaded: 9 files, 557K in 0.3s (1.62 MB/s)
Converting links in ../data/delivery.acm.org/10.1145/3190000/3186077/p1653-chen.html?ip=24.48.71.56&id=3186077&acc=OPENTOC&key=4D4702B0C3E38B35.4D4702B0C3E38B35.4D4702B0C3E38B35.4DD68F0663C025AA&__acm__=1526495967_f79a64dc919c6ac8b398eb9e3d870e95... 117-0
Converted links in 1 files in 0.005 seconds.
