--2018-05-16 15:26:17--  http://delivery.acm.org/10.1145/3190000/3188726/p555-spitz.html?ip=24.48.71.56&id=3188726&acc=OPENTOC&key=4D4702B0C3E38B35%2E4D4702B0C3E38B35%2E4D4702B0C3E38B35%2E4DD68F0663C025AA&__acm__=1526499076_d8f75c886ea6ef569620162b495d3670
Resolving delivery.acm.org (delivery.acm.org)... 24.200.120.82, 24.200.120.90
Connecting to delivery.acm.org (delivery.acm.org)|24.200.120.82|:80... connected.
HTTP request sent, awaiting response... 200 OK
Length: 92414 (90K) [text/html]
Saving to: ‘../data/delivery.acm.org/10.1145/3190000/3188726/p555-spitz.html?ip=24.48.71.56&id=3188726&acc=OPENTOC&key=4D4702B0C3E38B35.4D4702B0C3E38B35.4D4702B0C3E38B35.4DD68F0663C025AA&__acm__=1526499076_d8f75c886ea6ef569620162b495d3670’

     0K .......... .......... .......... .......... .......... 55% 2.55M 0s
    50K .......... .......... .......... ..........           100% 4.52M=0.03s

2018-05-16 15:26:17 (3.16 MB/s) - ‘../data/delivery.acm.org/10.1145/3190000/3188726/p555-spitz.html?ip=24.48.71.56&id=3188726&acc=OPENTOC&key=4D4702B0C3E38B35.4D4702B0C3E38B35.4D4702B0C3E38B35.4DD68F0663C025AA&__acm__=1526499076_d8f75c886ea6ef569620162b495d3670’ saved [92414/92414]

--2018-05-16 15:26:17--  http://deliveryimages.acm.org/10.1145/3190000/3188726/images/www18companion-234-fig1.jpg
Resolving deliveryimages.acm.org (deliveryimages.acm.org)... 104.17.80.191, 104.17.79.191
Connecting to deliveryimages.acm.org (deliveryimages.acm.org)|104.17.80.191|:80... connected.
HTTP request sent, awaiting response... 301 Moved Permanently
Location: https://deliveryimages.acm.org/10.1145/3190000/3188726/images/www18companion-234-fig1.jpg [following]
--2018-05-16 15:26:17--  https://deliveryimages.acm.org/10.1145/3190000/3188726/images/www18companion-234-fig1.jpg
Connecting to deliveryimages.acm.org (deliveryimages.acm.org)|104.17.80.191|:443... connected.
HTTP request sent, awaiting response... 200 OK
Length: 35721 (35K) [image/jpeg]
Saving to: ‘../data/deliveryimages.acm.org/10.1145/3190000/3188726/images/www18companion-234-fig1.jpg’

     0K .......... .......... .......... ....                 100%  999K=0.03s

2018-05-16 15:26:18 (999 KB/s) - ‘../data/deliveryimages.acm.org/10.1145/3190000/3188726/images/www18companion-234-fig1.jpg’ saved [35721/35721]

--2018-05-16 15:26:18--  http://deliveryimages.acm.org/10.1145/3190000/3188726/images/www18companion-234-img2.svg
Connecting to deliveryimages.acm.org (deliveryimages.acm.org)|104.17.80.191|:80... connected.
HTTP request sent, awaiting response... 301 Moved Permanently
Location: https://deliveryimages.acm.org/10.1145/3190000/3188726/images/www18companion-234-img2.svg [following]
--2018-05-16 15:26:18--  https://deliveryimages.acm.org/10.1145/3190000/3188726/images/www18companion-234-img2.svg
Connecting to deliveryimages.acm.org (deliveryimages.acm.org)|104.17.80.191|:443... connected.
HTTP request sent, awaiting response... 200 OK
Length: 122857 (120K) [image/svg+xml]
Saving to: ‘../data/deliveryimages.acm.org/10.1145/3190000/3188726/images/www18companion-234-img2.svg’

     0K .......... .......... .......... .......... .......... 41% 1.26M 0s
    50K .......... .......... .......... .......... .......... 83% 2.64M 0s
   100K .......... .........                                  100% 7.00M=0.06s

2018-05-16 15:26:18 (1.95 MB/s) - ‘../data/deliveryimages.acm.org/10.1145/3190000/3188726/images/www18companion-234-img2.svg’ saved [122857/122857]

--2018-05-16 15:26:18--  http://deliveryimages.acm.org/10.1145/3190000/3188726/images/www18companion-234-img4.svg
Connecting to deliveryimages.acm.org (deliveryimages.acm.org)|104.17.80.191|:80... connected.
HTTP request sent, awaiting response... 301 Moved Permanently
Location: https://deliveryimages.acm.org/10.1145/3190000/3188726/images/www18companion-234-img4.svg [following]
--2018-05-16 15:26:18--  https://deliveryimages.acm.org/10.1145/3190000/3188726/images/www18companion-234-img4.svg
Connecting to deliveryimages.acm.org (deliveryimages.acm.org)|104.17.80.191|:443... connected.
HTTP request sent, awaiting response... 200 OK
Length: 111184 (109K) [image/svg+xml]
Saving to: ‘../data/deliveryimages.acm.org/10.1145/3190000/3188726/images/www18companion-234-img4.svg’

     0K .......... .......... .......... .......... .......... 46%  762K 0s
    50K .......... .......... .......... .......... .......... 92% 2.62M 0s
   100K ........                                              100% 57.1M=0.08s

2018-05-16 15:26:18 (1.26 MB/s) - ‘../data/deliveryimages.acm.org/10.1145/3190000/3188726/images/www18companion-234-img4.svg’ saved [111184/111184]

--2018-05-16 15:26:18--  http://deliveryimages.acm.org/10.1145/3190000/3188726/images/www18companion-234-fig2.jpg
Connecting to deliveryimages.acm.org (deliveryimages.acm.org)|104.17.80.191|:80... connected.
HTTP request sent, awaiting response... 301 Moved Permanently
Location: https://deliveryimages.acm.org/10.1145/3190000/3188726/images/www18companion-234-fig2.jpg [following]
--2018-05-16 15:26:18--  https://deliveryimages.acm.org/10.1145/3190000/3188726/images/www18companion-234-fig2.jpg
Connecting to deliveryimages.acm.org (deliveryimages.acm.org)|104.17.80.191|:443... connected.
HTTP request sent, awaiting response... 200 OK
Length: 110916 (108K) [image/jpeg]
Saving to: ‘../data/deliveryimages.acm.org/10.1145/3190000/3188726/images/www18companion-234-fig2.jpg’

     0K .......... .......... .......... .......... .......... 46% 1.45M 0s
    50K .......... .......... .......... .......... .......... 92% 3.20M 0s
   100K ........                                              100% 4.05M=0.05s

2018-05-16 15:26:19 (2.07 MB/s) - ‘../data/deliveryimages.acm.org/10.1145/3190000/3188726/images/www18companion-234-fig2.jpg’ saved [110916/110916]

--2018-05-16 15:26:19--  http://deliveryimages.acm.org/10.1145/3190000/3188726/images/www18companion-234-fig3.jpg
Connecting to deliveryimages.acm.org (deliveryimages.acm.org)|104.17.80.191|:80... connected.
HTTP request sent, awaiting response... 301 Moved Permanently
Location: https://deliveryimages.acm.org/10.1145/3190000/3188726/images/www18companion-234-fig3.jpg [following]
--2018-05-16 15:26:19--  https://deliveryimages.acm.org/10.1145/3190000/3188726/images/www18companion-234-fig3.jpg
Connecting to deliveryimages.acm.org (deliveryimages.acm.org)|104.17.80.191|:443... connected.
HTTP request sent, awaiting response... 200 OK
Length: 86834 (85K) [image/jpeg]
Saving to: ‘../data/deliveryimages.acm.org/10.1145/3190000/3188726/images/www18companion-234-fig3.jpg’

     0K .......... .......... .......... .......... .......... 58% 1.87M 0s
    50K .......... .......... .......... ....                 100% 3.06M=0.04s

2018-05-16 15:26:19 (2.22 MB/s) - ‘../data/deliveryimages.acm.org/10.1145/3190000/3188726/images/www18companion-234-fig3.jpg’ saved [86834/86834]

--2018-05-16 15:26:19--  http://deliveryimages.acm.org/10.1145/3190000/3188726/images/www18companion-234-fig4.jpg
Connecting to deliveryimages.acm.org (deliveryimages.acm.org)|104.17.80.191|:80... connected.
HTTP request sent, awaiting response... 301 Moved Permanently
Location: https://deliveryimages.acm.org/10.1145/3190000/3188726/images/www18companion-234-fig4.jpg [following]
--2018-05-16 15:26:19--  https://deliveryimages.acm.org/10.1145/3190000/3188726/images/www18companion-234-fig4.jpg
Connecting to deliveryimages.acm.org (deliveryimages.acm.org)|104.17.80.191|:443... connected.
HTTP request sent, awaiting response... 200 OK
Length: 43577 (43K) [image/jpeg]
Saving to: ‘../data/deliveryimages.acm.org/10.1145/3190000/3188726/images/www18companion-234-fig4.jpg’

     0K .......... .......... .......... .......... ..        100% 1.54M=0.03s

2018-05-16 15:26:19 (1.54 MB/s) - ‘../data/deliveryimages.acm.org/10.1145/3190000/3188726/images/www18companion-234-fig4.jpg’ saved [43577/43577]

FINISHED --2018-05-16 15:26:19--
Total wall clock time: 2.1s
Downloaded: 7 files, 589K in 0.3s (1.78 MB/s)
Converting links in ../data/delivery.acm.org/10.1145/3190000/3188726/p555-spitz.html?ip=24.48.71.56&id=3188726&acc=OPENTOC&key=4D4702B0C3E38B35.4D4702B0C3E38B35.4D4702B0C3E38B35.4DD68F0663C025AA&__acm__=1526499076_d8f75c886ea6ef569620162b495d3670... 79-0
Converted links in 1 files in 0.001 seconds.
