--2018-05-16 15:17:33--  http://delivery.acm.org/10.1145/3200000/3191646/p1815-ferrada.html?ip=24.48.71.56&id=3191646&acc=OPENTOC&key=4D4702B0C3E38B35%2E4D4702B0C3E38B35%2E4D4702B0C3E38B35%2E4DD68F0663C025AA&__acm__=1526498553_356875e785d68c03987023bbb4bcc284
Resolving delivery.acm.org (delivery.acm.org)... 24.200.120.82, 24.200.120.90
Connecting to delivery.acm.org (delivery.acm.org)|24.200.120.82|:80... connected.
HTTP request sent, awaiting response... 200 OK
Length: 44664 (44K) [text/html]
Saving to: ‘../data/delivery.acm.org/10.1145/3200000/3191646/p1815-ferrada.html?ip=24.48.71.56&id=3191646&acc=OPENTOC&key=4D4702B0C3E38B35.4D4702B0C3E38B35.4D4702B0C3E38B35.4DD68F0663C025AA&__acm__=1526498553_356875e785d68c03987023bbb4bcc284’

     0K .......... .......... .......... .......... ...       100% 3.10M=0.01s

2018-05-16 15:17:33 (3.10 MB/s) - ‘../data/delivery.acm.org/10.1145/3200000/3191646/p1815-ferrada.html?ip=24.48.71.56&id=3191646&acc=OPENTOC&key=4D4702B0C3E38B35.4D4702B0C3E38B35.4D4702B0C3E38B35.4DD68F0663C025AA&__acm__=1526498553_356875e785d68c03987023bbb4bcc284’ saved [44664/44664]

--2018-05-16 15:17:33--  http://deliveryimages.acm.org/10.1145/3200000/3191646/images/www18companion-385-fig1.jpg
Resolving deliveryimages.acm.org (deliveryimages.acm.org)... 104.17.79.191, 104.17.80.191
Connecting to deliveryimages.acm.org (deliveryimages.acm.org)|104.17.79.191|:80... connected.
HTTP request sent, awaiting response... 301 Moved Permanently
Location: https://deliveryimages.acm.org/10.1145/3200000/3191646/images/www18companion-385-fig1.jpg [following]
--2018-05-16 15:17:33--  https://deliveryimages.acm.org/10.1145/3200000/3191646/images/www18companion-385-fig1.jpg
Connecting to deliveryimages.acm.org (deliveryimages.acm.org)|104.17.79.191|:443... connected.
HTTP request sent, awaiting response... 200 OK
Length: 153999 (150K) [image/jpeg]
Saving to: ‘../data/deliveryimages.acm.org/10.1145/3200000/3191646/images/www18companion-385-fig1.jpg’

     0K .......... .......... .......... .......... .......... 33%  168K 1s
    50K .......... .......... .......... .......... .......... 66% 59.8K 1s
   100K .......... .......... .......... .......... .......... 99% 1.05M 0s
   150K                                                       100%  743G=1.2s

2018-05-16 15:17:35 (127 KB/s) - ‘../data/deliveryimages.acm.org/10.1145/3200000/3191646/images/www18companion-385-fig1.jpg’ saved [153999/153999]

--2018-05-16 15:17:35--  http://deliveryimages.acm.org/10.1145/3200000/3191646/images/www18companion-385-fig2.jpg
Connecting to deliveryimages.acm.org (deliveryimages.acm.org)|104.17.79.191|:80... connected.
HTTP request sent, awaiting response... 301 Moved Permanently
Location: https://deliveryimages.acm.org/10.1145/3200000/3191646/images/www18companion-385-fig2.jpg [following]
--2018-05-16 15:17:35--  https://deliveryimages.acm.org/10.1145/3200000/3191646/images/www18companion-385-fig2.jpg
Connecting to deliveryimages.acm.org (deliveryimages.acm.org)|104.17.79.191|:443... connected.
HTTP request sent, awaiting response... 200 OK
Length: 243488 (238K) [image/jpeg]
Saving to: ‘../data/deliveryimages.acm.org/10.1145/3200000/3191646/images/www18companion-385-fig2.jpg’

     0K .......... .......... .......... .......... .......... 21%  645K 0s
    50K .......... .......... .......... .......... .......... 42% 87.4K 1s
   100K .......... .......... .......... .......... .......... 63% 1.23M 0s
   150K .......... .......... .......... .......... .......... 84% 23.1K 1s
   200K .......... .......... .......... .......              100% 2.40M=2.9s

2018-05-16 15:17:39 (83.0 KB/s) - ‘../data/deliveryimages.acm.org/10.1145/3200000/3191646/images/www18companion-385-fig2.jpg’ saved [243488/243488]

--2018-05-16 15:17:39--  http://deliveryimages.acm.org/10.1145/3200000/3191646/images/www18companion-385-fig3.jpg
Connecting to deliveryimages.acm.org (deliveryimages.acm.org)|104.17.79.191|:80... connected.
HTTP request sent, awaiting response... 301 Moved Permanently
Location: https://deliveryimages.acm.org/10.1145/3200000/3191646/images/www18companion-385-fig3.jpg [following]
--2018-05-16 15:17:39--  https://deliveryimages.acm.org/10.1145/3200000/3191646/images/www18companion-385-fig3.jpg
Connecting to deliveryimages.acm.org (deliveryimages.acm.org)|104.17.79.191|:443... connected.
HTTP request sent, awaiting response... 200 OK
Length: 191994 (187K) [image/jpeg]
Saving to: ‘../data/deliveryimages.acm.org/10.1145/3200000/3191646/images/www18companion-385-fig3.jpg’

     0K .......... .......... .......... .......... .......... 26% 45.7K 3s
    50K .......... .......... .......... .......... .......... 53%  187K 1s
   100K .......... .......... .......... .......... .......... 80%  470K 0s
   150K .......... .......... .......... .......              100%  274K=1.6s

2018-05-16 15:17:41 (117 KB/s) - ‘../data/deliveryimages.acm.org/10.1145/3200000/3191646/images/www18companion-385-fig3.jpg’ saved [191994/191994]

--2018-05-16 15:17:41--  http://deliveryimages.acm.org/10.1145/3200000/3191646/images/www18companion-385-fig4.jpg
Connecting to deliveryimages.acm.org (deliveryimages.acm.org)|104.17.79.191|:80... connected.
HTTP request sent, awaiting response... 301 Moved Permanently
Location: https://deliveryimages.acm.org/10.1145/3200000/3191646/images/www18companion-385-fig4.jpg [following]
--2018-05-16 15:17:41--  https://deliveryimages.acm.org/10.1145/3200000/3191646/images/www18companion-385-fig4.jpg
Connecting to deliveryimages.acm.org (deliveryimages.acm.org)|104.17.79.191|:443... connected.
HTTP request sent, awaiting response... 200 OK
Length: 112007 (109K) [image/jpeg]
Saving to: ‘../data/deliveryimages.acm.org/10.1145/3200000/3191646/images/www18companion-385-fig4.jpg’

     0K .......... .......... .......... .......... .......... 45%  168K 0s
    50K .......... .......... .......... .......... .......... 91% 62.2K 0s
   100K .........                                             100% 2.32M=1.1s

2018-05-16 15:17:43 (98.9 KB/s) - ‘../data/deliveryimages.acm.org/10.1145/3200000/3191646/images/www18companion-385-fig4.jpg’ saved [112007/112007]

--2018-05-16 15:17:43--  http://deliveryimages.acm.org/10.1145/3200000/3191646/images/www18companion-385-fig5.jpg
Connecting to deliveryimages.acm.org (deliveryimages.acm.org)|104.17.79.191|:80... connected.
HTTP request sent, awaiting response... 301 Moved Permanently
Location: https://deliveryimages.acm.org/10.1145/3200000/3191646/images/www18companion-385-fig5.jpg [following]
--2018-05-16 15:17:43--  https://deliveryimages.acm.org/10.1145/3200000/3191646/images/www18companion-385-fig5.jpg
Connecting to deliveryimages.acm.org (deliveryimages.acm.org)|104.17.79.191|:443... connected.
HTTP request sent, awaiting response... 200 OK
Length: 310344 (303K) [image/jpeg]
Saving to: ‘../data/deliveryimages.acm.org/10.1145/3200000/3191646/images/www18companion-385-fig5.jpg’

     0K .......... .......... .......... .......... .......... 16%  842K 0s
    50K .......... .......... .......... .......... .......... 32% 1.71M 0s
   100K .......... .......... .......... .......... .......... 49% 2.16M 0s
   150K .......... .......... .......... .......... .......... 65% 2.05M 0s
   200K .......... .......... .......... .......... .......... 82% 3.18M 0s
   250K .......... .......... .......... .......... .......... 98% 3.18M 0s
   300K ...                                                   100% 39.2M=0.2s

2018-05-16 15:17:43 (1.79 MB/s) - ‘../data/deliveryimages.acm.org/10.1145/3200000/3191646/images/www18companion-385-fig5.jpg’ saved [310344/310344]

--2018-05-16 15:17:43--  http://deliveryimages.acm.org/10.1145/3200000/3191646/images/www18companion-385-fig6.jpg
Connecting to deliveryimages.acm.org (deliveryimages.acm.org)|104.17.79.191|:80... connected.
HTTP request sent, awaiting response... 301 Moved Permanently
Location: https://deliveryimages.acm.org/10.1145/3200000/3191646/images/www18companion-385-fig6.jpg [following]
--2018-05-16 15:17:43--  https://deliveryimages.acm.org/10.1145/3200000/3191646/images/www18companion-385-fig6.jpg
Connecting to deliveryimages.acm.org (deliveryimages.acm.org)|104.17.79.191|:443... connected.
HTTP request sent, awaiting response... 200 OK
Length: 61098 (60K) [image/jpeg]
Saving to: ‘../data/deliveryimages.acm.org/10.1145/3200000/3191646/images/www18companion-385-fig6.jpg’

     0K .......... .......... .......... .......... .......... 83%  253K 0s
    50K .........                                             100% 1.90M=0.2s

2018-05-16 15:17:44 (295 KB/s) - ‘../data/deliveryimages.acm.org/10.1145/3200000/3191646/images/www18companion-385-fig6.jpg’ saved [61098/61098]

--2018-05-16 15:17:44--  http://deliveryimages.acm.org/10.1145/3200000/3191646/images/www18companion-385-img1.jpg
Connecting to deliveryimages.acm.org (deliveryimages.acm.org)|104.17.79.191|:80... connected.
HTTP request sent, awaiting response... 301 Moved Permanently
Location: https://deliveryimages.acm.org/10.1145/3200000/3191646/images/www18companion-385-img1.jpg [following]
--2018-05-16 15:17:44--  https://deliveryimages.acm.org/10.1145/3200000/3191646/images/www18companion-385-img1.jpg
Connecting to deliveryimages.acm.org (deliveryimages.acm.org)|104.17.79.191|:443... connected.
HTTP request sent, awaiting response... 200 OK
Length: 62413 (61K) [image/jpeg]
Saving to: ‘../data/deliveryimages.acm.org/10.1145/3200000/3191646/images/www18companion-385-img1.jpg’

     0K .......... .......... .......... .......... .......... 82% 1.43M 0s
    50K ..........                                            100% 4.09M=0.04s

2018-05-16 15:17:45 (1.62 MB/s) - ‘../data/deliveryimages.acm.org/10.1145/3200000/3191646/images/www18companion-385-img1.jpg’ saved [62413/62413]

--2018-05-16 15:17:45--  http://deliveryimages.acm.org/10.1145/3200000/3191646/images/www18companion-385-img2.jpg
Connecting to deliveryimages.acm.org (deliveryimages.acm.org)|104.17.79.191|:80... connected.
HTTP request sent, awaiting response... 301 Moved Permanently
Location: https://deliveryimages.acm.org/10.1145/3200000/3191646/images/www18companion-385-img2.jpg [following]
--2018-05-16 15:17:45--  https://deliveryimages.acm.org/10.1145/3200000/3191646/images/www18companion-385-img2.jpg
Connecting to deliveryimages.acm.org (deliveryimages.acm.org)|104.17.79.191|:443... connected.
HTTP request sent, awaiting response... 200 OK
Length: 54245 (53K) [image/jpeg]
Saving to: ‘../data/deliveryimages.acm.org/10.1145/3200000/3191646/images/www18companion-385-img2.jpg’

     0K .......... .......... .......... .......... .......... 94% 1.71M 0s
    50K ..                                                    100% 29.7M=0.03s

2018-05-16 15:17:45 (1.81 MB/s) - ‘../data/deliveryimages.acm.org/10.1145/3200000/3191646/images/www18companion-385-img2.jpg’ saved [54245/54245]

--2018-05-16 15:17:45--  http://deliveryimages.acm.org/10.1145/3200000/3191646/images/www18companion-385-img3.jpg
Connecting to deliveryimages.acm.org (deliveryimages.acm.org)|104.17.79.191|:80... connected.
HTTP request sent, awaiting response... 301 Moved Permanently
Location: https://deliveryimages.acm.org/10.1145/3200000/3191646/images/www18companion-385-img3.jpg [following]
--2018-05-16 15:17:45--  https://deliveryimages.acm.org/10.1145/3200000/3191646/images/www18companion-385-img3.jpg
Connecting to deliveryimages.acm.org (deliveryimages.acm.org)|104.17.79.191|:443... connected.
HTTP request sent, awaiting response... 200 OK
Length: 51581 (50K) [image/jpeg]
Saving to: ‘../data/deliveryimages.acm.org/10.1145/3200000/3191646/images/www18companion-385-img3.jpg’

     0K .......... .......... .......... .......... .......... 99%  819K 0s
    50K                                                       100%  710G=0.06s

2018-05-16 15:17:47 (825 KB/s) - ‘../data/deliveryimages.acm.org/10.1145/3200000/3191646/images/www18companion-385-img3.jpg’ saved [51581/51581]

FINISHED --2018-05-16 15:17:47--
Total wall clock time: 14s
Downloaded: 10 files, 1.2M in 7.3s (173 KB/s)
Converting links in ../data/delivery.acm.org/10.1145/3200000/3191646/p1815-ferrada.html?ip=24.48.71.56&id=3191646&acc=OPENTOC&key=4D4702B0C3E38B35.4D4702B0C3E38B35.4D4702B0C3E38B35.4DD68F0663C025AA&__acm__=1526498553_356875e785d68c03987023bbb4bcc284... 45-0
Converted links in 1 files in 0.001 seconds.
