--2018-05-16 14:25:14--  http://delivery.acm.org/10.1145/3190000/3186152/p709-zhang.html?ip=24.48.71.56&id=3186152&acc=OPENTOC&key=4D4702B0C3E38B35%2E4D4702B0C3E38B35%2E4D4702B0C3E38B35%2E4DD68F0663C025AA&__acm__=1526495413_295f6523b2dbd9aac9b4e6eca39afd3b
Resolving delivery.acm.org (delivery.acm.org)... 24.200.120.82, 24.200.120.90
Connecting to delivery.acm.org (delivery.acm.org)|24.200.120.82|:80... connected.
HTTP request sent, awaiting response... 200 OK
Length: 87761 (86K) [text/html]
Saving to: ‘../data/delivery.acm.org/10.1145/3190000/3186152/p709-zhang.html?ip=24.48.71.56&id=3186152&acc=OPENTOC&key=4D4702B0C3E38B35.4D4702B0C3E38B35.4D4702B0C3E38B35.4DD68F0663C025AA&__acm__=1526495413_295f6523b2dbd9aac9b4e6eca39afd3b’

     0K .......... .......... .......... .......... .......... 58% 2.43M 0s
    50K .......... .......... .......... .....                100% 3.53M=0.03s

2018-05-16 14:25:14 (2.79 MB/s) - ‘../data/delivery.acm.org/10.1145/3190000/3186152/p709-zhang.html?ip=24.48.71.56&id=3186152&acc=OPENTOC&key=4D4702B0C3E38B35.4D4702B0C3E38B35.4D4702B0C3E38B35.4DD68F0663C025AA&__acm__=1526495413_295f6523b2dbd9aac9b4e6eca39afd3b’ saved [87761/87761]

--2018-05-16 14:25:14--  http://deliveryimages.acm.org/10.1145/3190000/3186152/images/www2018-161-fig1.jpg
Resolving deliveryimages.acm.org (deliveryimages.acm.org)... 104.17.80.191, 104.17.79.191
Connecting to deliveryimages.acm.org (deliveryimages.acm.org)|104.17.80.191|:80... connected.
HTTP request sent, awaiting response... 301 Moved Permanently
Location: https://deliveryimages.acm.org/10.1145/3190000/3186152/images/www2018-161-fig1.jpg [following]
--2018-05-16 14:25:14--  https://deliveryimages.acm.org/10.1145/3190000/3186152/images/www2018-161-fig1.jpg
Connecting to deliveryimages.acm.org (deliveryimages.acm.org)|104.17.80.191|:443... connected.
HTTP request sent, awaiting response... 200 OK
Length: 36142 (35K) [image/jpeg]
Saving to: ‘../data/deliveryimages.acm.org/10.1145/3190000/3186152/images/www2018-161-fig1.jpg’

     0K .......... .......... .......... .....                100%  946K=0.04s

2018-05-16 14:25:14 (946 KB/s) - ‘../data/deliveryimages.acm.org/10.1145/3190000/3186152/images/www2018-161-fig1.jpg’ saved [36142/36142]

--2018-05-16 14:25:14--  http://deliveryimages.acm.org/10.1145/3190000/3186152/images/www2018-161-fig2.jpg
Connecting to deliveryimages.acm.org (deliveryimages.acm.org)|104.17.80.191|:80... connected.
HTTP request sent, awaiting response... 301 Moved Permanently
Location: https://deliveryimages.acm.org/10.1145/3190000/3186152/images/www2018-161-fig2.jpg [following]
--2018-05-16 14:25:14--  https://deliveryimages.acm.org/10.1145/3190000/3186152/images/www2018-161-fig2.jpg
Connecting to deliveryimages.acm.org (deliveryimages.acm.org)|104.17.80.191|:443... connected.
HTTP request sent, awaiting response... 200 OK
Length: 63430 (62K) [image/jpeg]
Saving to: ‘../data/deliveryimages.acm.org/10.1145/3190000/3186152/images/www2018-161-fig2.jpg’

     0K .......... .......... .......... .......... .......... 80% 1.68M 0s
    50K .......... .                                          100% 60.4M=0.03s

2018-05-16 14:25:15 (2.07 MB/s) - ‘../data/deliveryimages.acm.org/10.1145/3190000/3186152/images/www2018-161-fig2.jpg’ saved [63430/63430]

--2018-05-16 14:25:15--  http://deliveryimages.acm.org/10.1145/3190000/3186152/images/www2018-161-fig3.jpg
Connecting to deliveryimages.acm.org (deliveryimages.acm.org)|104.17.80.191|:80... connected.
HTTP request sent, awaiting response... 301 Moved Permanently
Location: https://deliveryimages.acm.org/10.1145/3190000/3186152/images/www2018-161-fig3.jpg [following]
--2018-05-16 14:25:15--  https://deliveryimages.acm.org/10.1145/3190000/3186152/images/www2018-161-fig3.jpg
Connecting to deliveryimages.acm.org (deliveryimages.acm.org)|104.17.80.191|:443... connected.
HTTP request sent, awaiting response... 200 OK
Length: 118802 (116K) [image/jpeg]
Saving to: ‘../data/deliveryimages.acm.org/10.1145/3190000/3186152/images/www2018-161-fig3.jpg’

     0K .......... .......... .......... .......... .......... 43% 1.07M 0s
    50K .......... .......... .......... .......... .......... 86% 3.07M 0s
   100K .......... ......                                     100%  192M=0.06s

2018-05-16 14:25:15 (1.84 MB/s) - ‘../data/deliveryimages.acm.org/10.1145/3190000/3186152/images/www2018-161-fig3.jpg’ saved [118802/118802]

--2018-05-16 14:25:15--  http://deliveryimages.acm.org/10.1145/3190000/3186152/images/www2018-161-fig4.jpg
Connecting to deliveryimages.acm.org (deliveryimages.acm.org)|104.17.80.191|:80... connected.
HTTP request sent, awaiting response... 301 Moved Permanently
Location: https://deliveryimages.acm.org/10.1145/3190000/3186152/images/www2018-161-fig4.jpg [following]
--2018-05-16 14:25:15--  https://deliveryimages.acm.org/10.1145/3190000/3186152/images/www2018-161-fig4.jpg
Connecting to deliveryimages.acm.org (deliveryimages.acm.org)|104.17.80.191|:443... connected.
HTTP request sent, awaiting response... 200 OK
Length: 58895 (58K) [image/jpeg]
Saving to: ‘../data/deliveryimages.acm.org/10.1145/3190000/3186152/images/www2018-161-fig4.jpg’

     0K .......... .......... .......... .......... .......... 86% 1.44M 0s
    50K .......                                               100% 39.9M=0.03s

2018-05-16 14:25:15 (1.64 MB/s) - ‘../data/deliveryimages.acm.org/10.1145/3190000/3186152/images/www2018-161-fig4.jpg’ saved [58895/58895]

--2018-05-16 14:25:15--  http://deliveryimages.acm.org/10.1145/3190000/3186152/images/www2018-161-fig5.jpg
Connecting to deliveryimages.acm.org (deliveryimages.acm.org)|104.17.80.191|:80... connected.
HTTP request sent, awaiting response... 301 Moved Permanently
Location: https://deliveryimages.acm.org/10.1145/3190000/3186152/images/www2018-161-fig5.jpg [following]
--2018-05-16 14:25:15--  https://deliveryimages.acm.org/10.1145/3190000/3186152/images/www2018-161-fig5.jpg
Connecting to deliveryimages.acm.org (deliveryimages.acm.org)|104.17.80.191|:443... connected.
HTTP request sent, awaiting response... 200 OK
Length: 188123 (184K) [image/jpeg]
Saving to: ‘../data/deliveryimages.acm.org/10.1145/3190000/3186152/images/www2018-161-fig5.jpg’

     0K .......... .......... .......... .......... .......... 27% 1.44M 0s
    50K .......... .......... .......... .......... .......... 54% 2.53M 0s
   100K .......... .......... .......... .......... .......... 81% 6.93M 0s
   150K .......... .......... .......... ...                  100% 4.28M=0.07s

2018-05-16 14:25:15 (2.64 MB/s) - ‘../data/deliveryimages.acm.org/10.1145/3190000/3186152/images/www2018-161-fig5.jpg’ saved [188123/188123]

--2018-05-16 14:25:15--  http://deliveryimages.acm.org/10.1145/3190000/3186152/images/www2018-161-graphic6.jpg
Connecting to deliveryimages.acm.org (deliveryimages.acm.org)|104.17.80.191|:80... connected.
HTTP request sent, awaiting response... 301 Moved Permanently
Location: https://deliveryimages.acm.org/10.1145/3190000/3186152/images/www2018-161-graphic6.jpg [following]
--2018-05-16 14:25:15--  https://deliveryimages.acm.org/10.1145/3190000/3186152/images/www2018-161-graphic6.jpg
Connecting to deliveryimages.acm.org (deliveryimages.acm.org)|104.17.80.191|:443... connected.
HTTP request sent, awaiting response... 200 OK
Length: 126388 (123K) [image/jpeg]
Saving to: ‘../data/deliveryimages.acm.org/10.1145/3190000/3186152/images/www2018-161-graphic6.jpg’

     0K .......... .......... .......... .......... .......... 40% 1.59M 0s
    50K .......... .......... .......... .......... .......... 81% 2.69M 0s
   100K .......... .......... ...                             100% 5.08M=0.05s

2018-05-16 14:25:16 (2.26 MB/s) - ‘../data/deliveryimages.acm.org/10.1145/3190000/3186152/images/www2018-161-graphic6.jpg’ saved [126388/126388]

--2018-05-16 14:25:16--  http://deliveryimages.acm.org/10.1145/3190000/3186152/images/www2018-161-graphic7.jpg
Connecting to deliveryimages.acm.org (deliveryimages.acm.org)|104.17.80.191|:80... connected.
HTTP request sent, awaiting response... 301 Moved Permanently
Location: https://deliveryimages.acm.org/10.1145/3190000/3186152/images/www2018-161-graphic7.jpg [following]
--2018-05-16 14:25:16--  https://deliveryimages.acm.org/10.1145/3190000/3186152/images/www2018-161-graphic7.jpg
Connecting to deliveryimages.acm.org (deliveryimages.acm.org)|104.17.80.191|:443... connected.
HTTP request sent, awaiting response... 200 OK
Length: 259472 (253K) [image/jpeg]
Saving to: ‘../data/deliveryimages.acm.org/10.1145/3190000/3186152/images/www2018-161-graphic7.jpg’

     0K .......... .......... .......... .......... .......... 19% 1.55M 0s
    50K .......... .......... .......... .......... .......... 39% 3.63M 0s
   100K .......... .......... .......... .......... .......... 59% 4.03M 0s
   150K .......... .......... .......... .......... .......... 78% 4.29M 0s
   200K .......... .......... .......... .......... .......... 98% 4.28M 0s
   250K ...                                                   100% 6467G=0.08s

2018-05-16 14:25:16 (3.10 MB/s) - ‘../data/deliveryimages.acm.org/10.1145/3190000/3186152/images/www2018-161-graphic7.jpg’ saved [259472/259472]

--2018-05-16 14:25:16--  http://deliveryimages.acm.org/10.1145/3190000/3186152/images/www2018-161-fig6.jpg
Connecting to deliveryimages.acm.org (deliveryimages.acm.org)|104.17.80.191|:80... connected.
HTTP request sent, awaiting response... 301 Moved Permanently
Location: https://deliveryimages.acm.org/10.1145/3190000/3186152/images/www2018-161-fig6.jpg [following]
--2018-05-16 14:25:16--  https://deliveryimages.acm.org/10.1145/3190000/3186152/images/www2018-161-fig6.jpg
Connecting to deliveryimages.acm.org (deliveryimages.acm.org)|104.17.80.191|:443... connected.
HTTP request sent, awaiting response... 200 OK
Length: 18812 (18K) [image/jpeg]
Saving to: ‘../data/deliveryimages.acm.org/10.1145/3190000/3186152/images/www2018-161-fig6.jpg’

     0K .......... ........                                   100% 1.21M=0.01s

2018-05-16 14:25:16 (1.21 MB/s) - ‘../data/deliveryimages.acm.org/10.1145/3190000/3186152/images/www2018-161-fig6.jpg’ saved [18812/18812]

--2018-05-16 14:25:16--  http://deliveryimages.acm.org/10.1145/3190000/3186152/images/www2018-161-fig7.jpg
Connecting to deliveryimages.acm.org (deliveryimages.acm.org)|104.17.80.191|:80... connected.
HTTP request sent, awaiting response... 301 Moved Permanently
Location: https://deliveryimages.acm.org/10.1145/3190000/3186152/images/www2018-161-fig7.jpg [following]
--2018-05-16 14:25:16--  https://deliveryimages.acm.org/10.1145/3190000/3186152/images/www2018-161-fig7.jpg
Connecting to deliveryimages.acm.org (deliveryimages.acm.org)|104.17.80.191|:443... connected.
HTTP request sent, awaiting response... 200 OK
Length: 17837 (17K) [image/jpeg]
Saving to: ‘../data/deliveryimages.acm.org/10.1145/3190000/3186152/images/www2018-161-fig7.jpg’

     0K .......... .......                                    100%  788K=0.02s

2018-05-16 14:25:17 (788 KB/s) - ‘../data/deliveryimages.acm.org/10.1145/3190000/3186152/images/www2018-161-fig7.jpg’ saved [17837/17837]

--2018-05-16 14:25:17--  http://deliveryimages.acm.org/10.1145/3190000/3186152/images/www2018-161-graphic10.jpg
Connecting to deliveryimages.acm.org (deliveryimages.acm.org)|104.17.80.191|:80... connected.
HTTP request sent, awaiting response... 301 Moved Permanently
Location: https://deliveryimages.acm.org/10.1145/3190000/3186152/images/www2018-161-graphic10.jpg [following]
--2018-05-16 14:25:17--  https://deliveryimages.acm.org/10.1145/3190000/3186152/images/www2018-161-graphic10.jpg
Connecting to deliveryimages.acm.org (deliveryimages.acm.org)|104.17.80.191|:443... connected.
HTTP request sent, awaiting response... 200 OK
Length: 138229 (135K) [image/jpeg]
Saving to: ‘../data/deliveryimages.acm.org/10.1145/3190000/3186152/images/www2018-161-graphic10.jpg’

     0K .......... .......... .......... .......... .......... 37% 1.09M 0s
    50K .......... .......... .......... .......... .......... 74% 3.32M 0s
   100K .......... .......... .......... ....                 100% 6.17M=0.06s

2018-05-16 14:25:17 (2.03 MB/s) - ‘../data/deliveryimages.acm.org/10.1145/3190000/3186152/images/www2018-161-graphic10.jpg’ saved [138229/138229]

--2018-05-16 14:25:17--  http://deliveryimages.acm.org/10.1145/3190000/3186152/images/www2018-161-graphic11.jpg
Connecting to deliveryimages.acm.org (deliveryimages.acm.org)|104.17.80.191|:80... connected.
HTTP request sent, awaiting response... 301 Moved Permanently
Location: https://deliveryimages.acm.org/10.1145/3190000/3186152/images/www2018-161-graphic11.jpg [following]
--2018-05-16 14:25:17--  https://deliveryimages.acm.org/10.1145/3190000/3186152/images/www2018-161-graphic11.jpg
Connecting to deliveryimages.acm.org (deliveryimages.acm.org)|104.17.80.191|:443... connected.
HTTP request sent, awaiting response... 200 OK
Length: 647469 (632K) [image/jpeg]
Saving to: ‘../data/deliveryimages.acm.org/10.1145/3190000/3186152/images/www2018-161-graphic11.jpg’

     0K .......... .......... .......... .......... ..........  7% 1.68M 0s
    50K .......... .......... .......... .......... .......... 15% 3.39M 0s
   100K .......... .......... .......... .......... .......... 23% 4.12M 0s
   150K .......... .......... .......... .......... .......... 31% 3.87M 0s
   200K .......... .......... .......... .......... .......... 39%  991K 0s
   250K .......... .......... .......... .......... .......... 47%  173M 0s
   300K .......... .......... .......... .......... .......... 55% 9.69M 0s
   350K .......... .......... .......... .......... .......... 63% 4.78M 0s
   400K .......... .......... .......... .......... .......... 71% 6.61M 0s
   450K .......... .......... .......... .......... .......... 79% 4.14M 0s
   500K .......... .......... .......... .......... .......... 86% 7.45M 0s
   550K .......... .......... .......... .......... .......... 94% 4.42M 0s
   600K .......... .......... .......... ..                   100% 17.0M=0.2s

2018-05-16 14:25:17 (3.58 MB/s) - ‘../data/deliveryimages.acm.org/10.1145/3190000/3186152/images/www2018-161-graphic11.jpg’ saved [647469/647469]

FINISHED --2018-05-16 14:25:17--
Total wall clock time: 3.7s
Downloaded: 12 files, 1.7M in 0.7s (2.52 MB/s)
Converting links in ../data/delivery.acm.org/10.1145/3190000/3186152/p709-zhang.html?ip=24.48.71.56&id=3186152&acc=OPENTOC&key=4D4702B0C3E38B35.4D4702B0C3E38B35.4D4702B0C3E38B35.4DD68F0663C025AA&__acm__=1526495413_295f6523b2dbd9aac9b4e6eca39afd3b... 112-0
Converted links in 1 files in 0.002 seconds.
