--2018-05-16 14:59:43--  http://delivery.acm.org/10.1145/3200000/3191559/p1206-salandra.html?ip=24.48.71.56&id=3191559&acc=OPENTOC&key=4D4702B0C3E38B35%2E4D4702B0C3E38B35%2E4D4702B0C3E38B35%2E4DD68F0663C025AA&__acm__=1526497482_e8356bb5efd70558ee038d11e648e1da
Resolving delivery.acm.org (delivery.acm.org)... 24.200.120.90, 24.200.120.82
Connecting to delivery.acm.org (delivery.acm.org)|24.200.120.90|:80... connected.
HTTP request sent, awaiting response... 200 OK
Length: 61532 (60K) [text/html]
Saving to: ‘../data/delivery.acm.org/10.1145/3200000/3191559/p1206-salandra.html?ip=24.48.71.56&id=3191559&acc=OPENTOC&key=4D4702B0C3E38B35.4D4702B0C3E38B35.4D4702B0C3E38B35.4DD68F0663C025AA&__acm__=1526497482_e8356bb5efd70558ee038d11e648e1da’

     0K .......... .......... .......... .......... .......... 83% 1.65M 0s
    50K ..........                                            100% 1.80M=0.04s

2018-05-16 14:59:43 (1.67 MB/s) - ‘../data/delivery.acm.org/10.1145/3200000/3191559/p1206-salandra.html?ip=24.48.71.56&id=3191559&acc=OPENTOC&key=4D4702B0C3E38B35.4D4702B0C3E38B35.4D4702B0C3E38B35.4DD68F0663C025AA&__acm__=1526497482_e8356bb5efd70558ee038d11e648e1da’ saved [61532/61532]

--2018-05-16 14:59:43--  http://deliveryimages.acm.org/10.1145/3200000/3191559/images/www18companion-298-fig1.jpg
Resolving deliveryimages.acm.org (deliveryimages.acm.org)... 104.17.80.191, 104.17.79.191
Connecting to deliveryimages.acm.org (deliveryimages.acm.org)|104.17.80.191|:80... connected.
HTTP request sent, awaiting response... 301 Moved Permanently
Location: https://deliveryimages.acm.org/10.1145/3200000/3191559/images/www18companion-298-fig1.jpg [following]
--2018-05-16 14:59:43--  https://deliveryimages.acm.org/10.1145/3200000/3191559/images/www18companion-298-fig1.jpg
Connecting to deliveryimages.acm.org (deliveryimages.acm.org)|104.17.80.191|:443... connected.
HTTP request sent, awaiting response... 200 OK
Length: 146701 (143K) [image/jpeg]
Saving to: ‘../data/deliveryimages.acm.org/10.1145/3200000/3191559/images/www18companion-298-fig1.jpg’

     0K .......... .......... .......... .......... .......... 34% 1.63M 0s
    50K .......... .......... .......... .......... .......... 69% 2.07M 0s
   100K .......... .......... .......... .......... ...       100% 5.56M=0.06s

2018-05-16 14:59:43 (2.29 MB/s) - ‘../data/deliveryimages.acm.org/10.1145/3200000/3191559/images/www18companion-298-fig1.jpg’ saved [146701/146701]

--2018-05-16 14:59:43--  http://deliveryimages.acm.org/10.1145/3200000/3191559/images/www18companion-298-fig2.jpg
Connecting to deliveryimages.acm.org (deliveryimages.acm.org)|104.17.80.191|:80... connected.
HTTP request sent, awaiting response... 301 Moved Permanently
Location: https://deliveryimages.acm.org/10.1145/3200000/3191559/images/www18companion-298-fig2.jpg [following]
--2018-05-16 14:59:43--  https://deliveryimages.acm.org/10.1145/3200000/3191559/images/www18companion-298-fig2.jpg
Connecting to deliveryimages.acm.org (deliveryimages.acm.org)|104.17.80.191|:443... connected.
HTTP request sent, awaiting response... 200 OK
Length: 103365 (101K) [image/jpeg]
Saving to: ‘../data/deliveryimages.acm.org/10.1145/3200000/3191559/images/www18companion-298-fig2.jpg’

     0K .......... .......... .......... .......... .......... 49% 1.73M 0s
    50K .......... .......... .......... .......... .......... 99% 3.41M 0s
   100K                                                       100% 1797G=0.04s

2018-05-16 14:59:44 (2.32 MB/s) - ‘../data/deliveryimages.acm.org/10.1145/3200000/3191559/images/www18companion-298-fig2.jpg’ saved [103365/103365]

--2018-05-16 14:59:44--  http://deliveryimages.acm.org/10.1145/3200000/3191559/images/www18companion-298-fig3.jpg
Connecting to deliveryimages.acm.org (deliveryimages.acm.org)|104.17.80.191|:80... connected.
HTTP request sent, awaiting response... 301 Moved Permanently
Location: https://deliveryimages.acm.org/10.1145/3200000/3191559/images/www18companion-298-fig3.jpg [following]
--2018-05-16 14:59:44--  https://deliveryimages.acm.org/10.1145/3200000/3191559/images/www18companion-298-fig3.jpg
Connecting to deliveryimages.acm.org (deliveryimages.acm.org)|104.17.80.191|:443... connected.
HTTP request sent, awaiting response... 200 OK
Length: 26522 (26K) [image/jpeg]
Saving to: ‘../data/deliveryimages.acm.org/10.1145/3200000/3191559/images/www18companion-298-fig3.jpg’

     0K .......... .......... .....                           100% 1.12M=0.02s

2018-05-16 14:59:44 (1.12 MB/s) - ‘../data/deliveryimages.acm.org/10.1145/3200000/3191559/images/www18companion-298-fig3.jpg’ saved [26522/26522]

--2018-05-16 14:59:44--  http://deliveryimages.acm.org/10.1145/3200000/3191559/images/www18companion-298-fig4.jpg
Connecting to deliveryimages.acm.org (deliveryimages.acm.org)|104.17.80.191|:80... connected.
HTTP request sent, awaiting response... 301 Moved Permanently
Location: https://deliveryimages.acm.org/10.1145/3200000/3191559/images/www18companion-298-fig4.jpg [following]
--2018-05-16 14:59:44--  https://deliveryimages.acm.org/10.1145/3200000/3191559/images/www18companion-298-fig4.jpg
Connecting to deliveryimages.acm.org (deliveryimages.acm.org)|104.17.80.191|:443... connected.
HTTP request sent, awaiting response... 200 OK
Length: 165112 (161K) [image/jpeg]
Saving to: ‘../data/deliveryimages.acm.org/10.1145/3200000/3191559/images/www18companion-298-fig4.jpg’

     0K .......... .......... .......... .......... .......... 31% 1.65M 0s
    50K .......... .......... .......... .......... .......... 62% 2.90M 0s
   100K .......... .......... .......... .......... .......... 93% 6.49M 0s
   150K .......... .                                          100% 7.97M=0.06s

2018-05-16 14:59:44 (2.84 MB/s) - ‘../data/deliveryimages.acm.org/10.1145/3200000/3191559/images/www18companion-298-fig4.jpg’ saved [165112/165112]

--2018-05-16 14:59:44--  http://deliveryimages.acm.org/10.1145/3200000/3191559/images/www18companion-298-fig5.jpg
Connecting to deliveryimages.acm.org (deliveryimages.acm.org)|104.17.80.191|:80... connected.
HTTP request sent, awaiting response... 301 Moved Permanently
Location: https://deliveryimages.acm.org/10.1145/3200000/3191559/images/www18companion-298-fig5.jpg [following]
--2018-05-16 14:59:44--  https://deliveryimages.acm.org/10.1145/3200000/3191559/images/www18companion-298-fig5.jpg
Connecting to deliveryimages.acm.org (deliveryimages.acm.org)|104.17.80.191|:443... connected.
HTTP request sent, awaiting response... 200 OK
Length: 173507 (169K) [image/jpeg]
Saving to: ‘../data/deliveryimages.acm.org/10.1145/3200000/3191559/images/www18companion-298-fig5.jpg’

     0K .......... .......... .......... .......... .......... 29% 1.66M 0s
    50K .......... .......... .......... .......... .......... 59% 2.77M 0s
   100K .......... .......... .......... .......... .......... 88% 6.23M 0s
   150K .......... .........                                  100% 3.62M=0.06s

2018-05-16 14:59:45 (2.75 MB/s) - ‘../data/deliveryimages.acm.org/10.1145/3200000/3191559/images/www18companion-298-fig5.jpg’ saved [173507/173507]

--2018-05-16 14:59:45--  http://deliveryimages.acm.org/10.1145/3200000/3191559/images/www18companion-298-fig6.jpg
Connecting to deliveryimages.acm.org (deliveryimages.acm.org)|104.17.80.191|:80... connected.
HTTP request sent, awaiting response... 301 Moved Permanently
Location: https://deliveryimages.acm.org/10.1145/3200000/3191559/images/www18companion-298-fig6.jpg [following]
--2018-05-16 14:59:45--  https://deliveryimages.acm.org/10.1145/3200000/3191559/images/www18companion-298-fig6.jpg
Connecting to deliveryimages.acm.org (deliveryimages.acm.org)|104.17.80.191|:443... connected.
HTTP request sent, awaiting response... 200 OK
Length: 108468 (106K) [image/jpeg]
Saving to: ‘../data/deliveryimages.acm.org/10.1145/3200000/3191559/images/www18companion-298-fig6.jpg’

     0K .......... .......... .......... .......... .......... 47% 1.35M 0s
    50K .......... .......... .......... .......... .......... 94% 9.11M 0s
   100K .....                                                 100% 3.73M=0.04s

2018-05-16 14:59:45 (2.41 MB/s) - ‘../data/deliveryimages.acm.org/10.1145/3200000/3191559/images/www18companion-298-fig6.jpg’ saved [108468/108468]

--2018-05-16 14:59:45--  http://deliveryimages.acm.org/10.1145/3200000/3191559/images/www18companion-298-fig7.jpg
Connecting to deliveryimages.acm.org (deliveryimages.acm.org)|104.17.80.191|:80... connected.
HTTP request sent, awaiting response... 301 Moved Permanently
Location: https://deliveryimages.acm.org/10.1145/3200000/3191559/images/www18companion-298-fig7.jpg [following]
--2018-05-16 14:59:45--  https://deliveryimages.acm.org/10.1145/3200000/3191559/images/www18companion-298-fig7.jpg
Connecting to deliveryimages.acm.org (deliveryimages.acm.org)|104.17.80.191|:443... connected.
HTTP request sent, awaiting response... 200 OK
Length: 185554 (181K) [image/jpeg]
Saving to: ‘../data/deliveryimages.acm.org/10.1145/3200000/3191559/images/www18companion-298-fig7.jpg’

     0K .......... .......... .......... .......... .......... 27% 1.76M 0s
    50K .......... .......... .......... .......... .......... 55% 3.17M 0s
   100K .......... .......... .......... .......... .......... 82% 4.74M 0s
   150K .......... .......... .......... .                    100% 4.34M=0.06s

2018-05-16 14:59:45 (2.93 MB/s) - ‘../data/deliveryimages.acm.org/10.1145/3200000/3191559/images/www18companion-298-fig7.jpg’ saved [185554/185554]

--2018-05-16 14:59:45--  http://deliveryimages.acm.org/10.1145/3200000/3191559/images/www18companion-298-fig8.jpg
Connecting to deliveryimages.acm.org (deliveryimages.acm.org)|104.17.80.191|:80... connected.
HTTP request sent, awaiting response... 301 Moved Permanently
Location: https://deliveryimages.acm.org/10.1145/3200000/3191559/images/www18companion-298-fig8.jpg [following]
--2018-05-16 14:59:45--  https://deliveryimages.acm.org/10.1145/3200000/3191559/images/www18companion-298-fig8.jpg
Connecting to deliveryimages.acm.org (deliveryimages.acm.org)|104.17.80.191|:443... connected.
HTTP request sent, awaiting response... 200 OK
Length: 32887 (32K) [image/jpeg]
Saving to: ‘../data/deliveryimages.acm.org/10.1145/3200000/3191559/images/www18companion-298-fig8.jpg’

     0K .......... .......... .......... ..                   100%  804K=0.04s

2018-05-16 14:59:46 (804 KB/s) - ‘../data/deliveryimages.acm.org/10.1145/3200000/3191559/images/www18companion-298-fig8.jpg’ saved [32887/32887]

FINISHED --2018-05-16 14:59:46--
Total wall clock time: 2.8s
Downloaded: 9 files, 980K in 0.4s (2.28 MB/s)
Converting links in ../data/delivery.acm.org/10.1145/3200000/3191559/p1206-salandra.html?ip=24.48.71.56&id=3191559&acc=OPENTOC&key=4D4702B0C3E38B35.4D4702B0C3E38B35.4D4702B0C3E38B35.4DD68F0663C025AA&__acm__=1526497482_e8356bb5efd70558ee038d11e648e1da... 68-0
Converted links in 1 files in 0.002 seconds.
