--2018-05-16 15:08:03--  http://delivery.acm.org/10.1145/3200000/3191598/p1489-ellefi.html?ip=24.48.71.56&id=3191598&acc=OPENTOC&key=4D4702B0C3E38B35%2E4D4702B0C3E38B35%2E4D4702B0C3E38B35%2E4DD68F0663C025AA&__acm__=1526497983_b3d65155ec49ef84247e0bd720649411
Resolving delivery.acm.org (delivery.acm.org)... 24.200.120.82, 24.200.120.90
Connecting to delivery.acm.org (delivery.acm.org)|24.200.120.82|:80... connected.
HTTP request sent, awaiting response... 200 OK
Length: 70663 (69K) [text/html]
Saving to: ‘../data/delivery.acm.org/10.1145/3200000/3191598/p1489-ellefi.html?ip=24.48.71.56&id=3191598&acc=OPENTOC&key=4D4702B0C3E38B35.4D4702B0C3E38B35.4D4702B0C3E38B35.4DD68F0663C025AA&__acm__=1526497983_b3d65155ec49ef84247e0bd720649411’

     0K .......... .......... .......... .......... .......... 72%  639K 0s
    50K .......... .........                                  100% 14.0M=0.08s

2018-05-16 15:08:03 (868 KB/s) - ‘../data/delivery.acm.org/10.1145/3200000/3191598/p1489-ellefi.html?ip=24.48.71.56&id=3191598&acc=OPENTOC&key=4D4702B0C3E38B35.4D4702B0C3E38B35.4D4702B0C3E38B35.4DD68F0663C025AA&__acm__=1526497983_b3d65155ec49ef84247e0bd720649411’ saved [70663/70663]

--2018-05-16 15:08:03--  http://deliveryimages.acm.org/10.1145/3200000/3191598/images/www18companion-337-fig1.jpg
Resolving deliveryimages.acm.org (deliveryimages.acm.org)... 104.17.79.191, 104.17.80.191
Connecting to deliveryimages.acm.org (deliveryimages.acm.org)|104.17.79.191|:80... connected.
HTTP request sent, awaiting response... 301 Moved Permanently
Location: https://deliveryimages.acm.org/10.1145/3200000/3191598/images/www18companion-337-fig1.jpg [following]
--2018-05-16 15:08:03--  https://deliveryimages.acm.org/10.1145/3200000/3191598/images/www18companion-337-fig1.jpg
Connecting to deliveryimages.acm.org (deliveryimages.acm.org)|104.17.79.191|:443... connected.
HTTP request sent, awaiting response... 200 OK
Length: 14780 (14K) [image/jpeg]
Saving to: ‘../data/deliveryimages.acm.org/10.1145/3200000/3191598/images/www18companion-337-fig1.jpg’

     0K .......... ....                                       100% 1.34M=0.01s

2018-05-16 15:08:03 (1.34 MB/s) - ‘../data/deliveryimages.acm.org/10.1145/3200000/3191598/images/www18companion-337-fig1.jpg’ saved [14780/14780]

--2018-05-16 15:08:03--  http://deliveryimages.acm.org/10.1145/3200000/3191598/images/www18companion-337-fig2.jpg
Connecting to deliveryimages.acm.org (deliveryimages.acm.org)|104.17.79.191|:80... connected.
HTTP request sent, awaiting response... 301 Moved Permanently
Location: https://deliveryimages.acm.org/10.1145/3200000/3191598/images/www18companion-337-fig2.jpg [following]
--2018-05-16 15:08:04--  https://deliveryimages.acm.org/10.1145/3200000/3191598/images/www18companion-337-fig2.jpg
Connecting to deliveryimages.acm.org (deliveryimages.acm.org)|104.17.79.191|:443... connected.
HTTP request sent, awaiting response... 200 OK
Length: 71182 (70K) [image/jpeg]
Saving to: ‘../data/deliveryimages.acm.org/10.1145/3200000/3191598/images/www18companion-337-fig2.jpg’

     0K .......... .......... .......... .......... .......... 71% 1.67M 0s
    50K .......... .........                                  100% 3.10M=0.04s

2018-05-16 15:08:04 (1.92 MB/s) - ‘../data/deliveryimages.acm.org/10.1145/3200000/3191598/images/www18companion-337-fig2.jpg’ saved [71182/71182]

--2018-05-16 15:08:04--  http://deliveryimages.acm.org/10.1145/3200000/3191598/images/www18companion-337-img1.jpg
Connecting to deliveryimages.acm.org (deliveryimages.acm.org)|104.17.79.191|:80... connected.
HTTP request sent, awaiting response... 301 Moved Permanently
Location: https://deliveryimages.acm.org/10.1145/3200000/3191598/images/www18companion-337-img1.jpg [following]
--2018-05-16 15:08:04--  https://deliveryimages.acm.org/10.1145/3200000/3191598/images/www18companion-337-img1.jpg
Connecting to deliveryimages.acm.org (deliveryimages.acm.org)|104.17.79.191|:443... connected.
HTTP request sent, awaiting response... 200 OK
Length: 76920 (75K) [image/jpeg]
Saving to: ‘../data/deliveryimages.acm.org/10.1145/3200000/3191598/images/www18companion-337-img1.jpg’

     0K .......... .......... .......... .......... .......... 66% 1.08M 0s
    50K .......... .......... .....                           100% 4.99M=0.05s

2018-05-16 15:08:04 (1.46 MB/s) - ‘../data/deliveryimages.acm.org/10.1145/3200000/3191598/images/www18companion-337-img1.jpg’ saved [76920/76920]

--2018-05-16 15:08:04--  http://deliveryimages.acm.org/10.1145/3200000/3191598/images/www18companion-337-img2.jpg
Connecting to deliveryimages.acm.org (deliveryimages.acm.org)|104.17.79.191|:80... connected.
HTTP request sent, awaiting response... 301 Moved Permanently
Location: https://deliveryimages.acm.org/10.1145/3200000/3191598/images/www18companion-337-img2.jpg [following]
--2018-05-16 15:08:04--  https://deliveryimages.acm.org/10.1145/3200000/3191598/images/www18companion-337-img2.jpg
Connecting to deliveryimages.acm.org (deliveryimages.acm.org)|104.17.79.191|:443... connected.
HTTP request sent, awaiting response... 200 OK
Length: 106905 (104K) [image/jpeg]
Saving to: ‘../data/deliveryimages.acm.org/10.1145/3200000/3191598/images/www18companion-337-img2.jpg’

     0K .......... .......... .......... .......... .......... 47% 1.26M 0s
    50K .......... .......... .......... .......... .......... 95% 2.92M 0s
   100K ....                                                  100%  182M=0.06s

2018-05-16 15:08:04 (1.84 MB/s) - ‘../data/deliveryimages.acm.org/10.1145/3200000/3191598/images/www18companion-337-img2.jpg’ saved [106905/106905]

--2018-05-16 15:08:04--  http://deliveryimages.acm.org/10.1145/3200000/3191598/images/www18companion-337-img3.jpg
Connecting to deliveryimages.acm.org (deliveryimages.acm.org)|104.17.79.191|:80... connected.
HTTP request sent, awaiting response... 301 Moved Permanently
Location: https://deliveryimages.acm.org/10.1145/3200000/3191598/images/www18companion-337-img3.jpg [following]
--2018-05-16 15:08:04--  https://deliveryimages.acm.org/10.1145/3200000/3191598/images/www18companion-337-img3.jpg
Connecting to deliveryimages.acm.org (deliveryimages.acm.org)|104.17.79.191|:443... connected.
HTTP request sent, awaiting response... 200 OK
Length: 38046 (37K) [image/jpeg]
Saving to: ‘../data/deliveryimages.acm.org/10.1145/3200000/3191598/images/www18companion-337-img3.jpg’

     0K .......... .......... .......... .......              100% 1.22M=0.03s

2018-05-16 15:08:05 (1.22 MB/s) - ‘../data/deliveryimages.acm.org/10.1145/3200000/3191598/images/www18companion-337-img3.jpg’ saved [38046/38046]

--2018-05-16 15:08:05--  http://deliveryimages.acm.org/10.1145/3200000/3191598/images/www18companion-337-fig3.jpg
Connecting to deliveryimages.acm.org (deliveryimages.acm.org)|104.17.79.191|:80... connected.
HTTP request sent, awaiting response... 301 Moved Permanently
Location: https://deliveryimages.acm.org/10.1145/3200000/3191598/images/www18companion-337-fig3.jpg [following]
--2018-05-16 15:08:05--  https://deliveryimages.acm.org/10.1145/3200000/3191598/images/www18companion-337-fig3.jpg
Connecting to deliveryimages.acm.org (deliveryimages.acm.org)|104.17.79.191|:443... connected.
HTTP request sent, awaiting response... 200 OK
Length: 55493 (54K) [image/jpeg]
Saving to: ‘../data/deliveryimages.acm.org/10.1145/3200000/3191598/images/www18companion-337-fig3.jpg’

     0K .......... .......... .......... .......... .......... 92% 1.87M 0s
    50K ....                                                  100% 2.61M=0.03s

2018-05-16 15:08:05 (1.91 MB/s) - ‘../data/deliveryimages.acm.org/10.1145/3200000/3191598/images/www18companion-337-fig3.jpg’ saved [55493/55493]

--2018-05-16 15:08:05--  http://deliveryimages.acm.org/10.1145/3200000/3191598/images/www18companion-337-img4.jpg
Connecting to deliveryimages.acm.org (deliveryimages.acm.org)|104.17.79.191|:80... connected.
HTTP request sent, awaiting response... 301 Moved Permanently
Location: https://deliveryimages.acm.org/10.1145/3200000/3191598/images/www18companion-337-img4.jpg [following]
--2018-05-16 15:08:05--  https://deliveryimages.acm.org/10.1145/3200000/3191598/images/www18companion-337-img4.jpg
Connecting to deliveryimages.acm.org (deliveryimages.acm.org)|104.17.79.191|:443... connected.
HTTP request sent, awaiting response... 200 OK
Length: 79489 (78K) [image/jpeg]
Saving to: ‘../data/deliveryimages.acm.org/10.1145/3200000/3191598/images/www18companion-337-img4.jpg’

     0K .......... .......... .......... .......... .......... 64% 1.56M 0s
    50K .......... .......... .......                         100% 4.72M=0.04s

2018-05-16 15:08:05 (2.05 MB/s) - ‘../data/deliveryimages.acm.org/10.1145/3200000/3191598/images/www18companion-337-img4.jpg’ saved [79489/79489]

FINISHED --2018-05-16 15:08:05--
Total wall clock time: 2.4s
Downloaded: 8 files, 501K in 0.3s (1.50 MB/s)
Converting links in ../data/delivery.acm.org/10.1145/3200000/3191598/p1489-ellefi.html?ip=24.48.71.56&id=3191598&acc=OPENTOC&key=4D4702B0C3E38B35.4D4702B0C3E38B35.4D4702B0C3E38B35.4DD68F0663C025AA&__acm__=1526497983_b3d65155ec49ef84247e0bd720649411... 104-0
Converted links in 1 files in 0.001 seconds.
