--2018-05-16 14:38:11--  http://delivery.acm.org/10.1145/3190000/3186136/p883-malmi.html?ip=24.48.71.56&id=3186136&acc=OPENTOC&key=4D4702B0C3E38B35%2E4D4702B0C3E38B35%2E4D4702B0C3E38B35%2E4DD68F0663C025AA&__acm__=1526496190_6c086b95c76ae2be0408a668a2e0e079
Resolving delivery.acm.org (delivery.acm.org)... 24.200.120.82, 24.200.120.90
Connecting to delivery.acm.org (delivery.acm.org)|24.200.120.82|:80... connected.
HTTP request sent, awaiting response... 200 OK
Length: 73262 (72K) [text/html]
Saving to: ‘../data/delivery.acm.org/10.1145/3190000/3186136/p883-malmi.html?ip=24.48.71.56&id=3186136&acc=OPENTOC&key=4D4702B0C3E38B35.4D4702B0C3E38B35.4D4702B0C3E38B35.4DD68F0663C025AA&__acm__=1526496190_6c086b95c76ae2be0408a668a2e0e079’

     0K .......... .......... .......... .......... .......... 69% 1.68M 0s
    50K .......... .......... .                               100% 3.98M=0.03s

2018-05-16 14:38:11 (2.03 MB/s) - ‘../data/delivery.acm.org/10.1145/3190000/3186136/p883-malmi.html?ip=24.48.71.56&id=3186136&acc=OPENTOC&key=4D4702B0C3E38B35.4D4702B0C3E38B35.4D4702B0C3E38B35.4DD68F0663C025AA&__acm__=1526496190_6c086b95c76ae2be0408a668a2e0e079’ saved [73262/73262]

--2018-05-16 14:38:11--  http://deliveryimages.acm.org/10.1145/3190000/3186136/images/www2018-145-fig1.jpg
Resolving deliveryimages.acm.org (deliveryimages.acm.org)... 104.17.80.191, 104.17.79.191
Connecting to deliveryimages.acm.org (deliveryimages.acm.org)|104.17.80.191|:80... connected.
HTTP request sent, awaiting response... 301 Moved Permanently
Location: https://deliveryimages.acm.org/10.1145/3190000/3186136/images/www2018-145-fig1.jpg [following]
--2018-05-16 14:38:12--  https://deliveryimages.acm.org/10.1145/3190000/3186136/images/www2018-145-fig1.jpg
Connecting to deliveryimages.acm.org (deliveryimages.acm.org)|104.17.80.191|:443... connected.
HTTP request sent, awaiting response... 200 OK
Length: 832775 (813K) [image/jpeg]
Saving to: ‘../data/deliveryimages.acm.org/10.1145/3190000/3186136/images/www2018-145-fig1.jpg’

     0K .......... .......... .......... .......... ..........  6%  905K 1s
    50K .......... .......... .......... .......... .......... 12% 10.0M 0s
   100K .......... .......... .......... .......... .......... 18% 1.83M 0s
   150K .......... .......... .......... .......... .......... 24% 4.36M 0s
   200K .......... .......... .......... .......... .......... 30% 1.87M 0s
   250K .......... .......... .......... .......... .......... 36% 5.02M 0s
   300K .......... .......... .......... .......... .......... 43% 4.91M 0s
   350K .......... .......... .......... .......... .......... 49% 3.71M 0s
   400K .......... .......... .......... .......... .......... 55% 4.68M 0s
   450K .......... .......... .......... .......... .......... 61% 3.85M 0s
   500K .......... .......... .......... .......... .......... 67% 2.93M 0s
   550K .......... .......... .......... .......... .......... 73% 14.3M 0s
   600K .......... .......... .......... .......... .......... 79% 1.69M 0s
   650K .......... .......... .......... .......... .......... 86% 4.39M 0s
   700K .......... .......... .......... .......... .......... 92%  130M 0s
   750K .......... .......... .......... .......... .......... 98% 5.21M 0s
   800K .......... ...                                        100%  273M=0.2s

2018-05-16 14:38:12 (3.18 MB/s) - ‘../data/deliveryimages.acm.org/10.1145/3190000/3186136/images/www2018-145-fig1.jpg’ saved [832775/832775]

--2018-05-16 14:38:12--  http://deliveryimages.acm.org/10.1145/3190000/3186136/images/www2018-145-fig2.jpg
Connecting to deliveryimages.acm.org (deliveryimages.acm.org)|104.17.80.191|:80... connected.
HTTP request sent, awaiting response... 301 Moved Permanently
Location: https://deliveryimages.acm.org/10.1145/3190000/3186136/images/www2018-145-fig2.jpg [following]
--2018-05-16 14:38:12--  https://deliveryimages.acm.org/10.1145/3190000/3186136/images/www2018-145-fig2.jpg
Connecting to deliveryimages.acm.org (deliveryimages.acm.org)|104.17.80.191|:443... connected.
HTTP request sent, awaiting response... 200 OK
Length: 167986 (164K) [image/jpeg]
Saving to: ‘../data/deliveryimages.acm.org/10.1145/3190000/3186136/images/www2018-145-fig2.jpg’

     0K .......... .......... .......... .......... .......... 30%  123K 1s
    50K .......... .......... .......... .......... .......... 60%  506K 0s
   100K .......... .......... .......... .......... .......... 91%  127K 0s
   150K .......... ....                                       100% 5.41M=0.9s

2018-05-16 14:38:13 (182 KB/s) - ‘../data/deliveryimages.acm.org/10.1145/3190000/3186136/images/www2018-145-fig2.jpg’ saved [167986/167986]

--2018-05-16 14:38:13--  http://deliveryimages.acm.org/10.1145/3190000/3186136/images/www2018-145-img1.svg
Connecting to deliveryimages.acm.org (deliveryimages.acm.org)|104.17.80.191|:80... connected.
HTTP request sent, awaiting response... 301 Moved Permanently
Location: https://deliveryimages.acm.org/10.1145/3190000/3186136/images/www2018-145-img1.svg [following]
--2018-05-16 14:38:13--  https://deliveryimages.acm.org/10.1145/3190000/3186136/images/www2018-145-img1.svg
Connecting to deliveryimages.acm.org (deliveryimages.acm.org)|104.17.80.191|:443... connected.
HTTP request sent, awaiting response... 200 OK
Length: 126539 (124K) [image/svg+xml]
Saving to: ‘../data/deliveryimages.acm.org/10.1145/3190000/3186136/images/www2018-145-img1.svg’

     0K .......... .......... .......... .......... .......... 40% 73.5K 1s
    50K .......... .......... .......... .......... .......... 80%  117K 0s
   100K .......... .......... ...                             100% 85.0K=1.4s

2018-05-16 14:38:15 (89.2 KB/s) - ‘../data/deliveryimages.acm.org/10.1145/3190000/3186136/images/www2018-145-img1.svg’ saved [126539/126539]

--2018-05-16 14:38:15--  http://deliveryimages.acm.org/10.1145/3190000/3186136/images/www2018-145-fig3.jpg
Connecting to deliveryimages.acm.org (deliveryimages.acm.org)|104.17.80.191|:80... connected.
HTTP request sent, awaiting response... 301 Moved Permanently
Location: https://deliveryimages.acm.org/10.1145/3190000/3186136/images/www2018-145-fig3.jpg [following]
--2018-05-16 14:38:15--  https://deliveryimages.acm.org/10.1145/3190000/3186136/images/www2018-145-fig3.jpg
Connecting to deliveryimages.acm.org (deliveryimages.acm.org)|104.17.80.191|:443... connected.
HTTP request sent, awaiting response... 200 OK
Length: 360132 (352K) [image/jpeg]
Saving to: ‘../data/deliveryimages.acm.org/10.1145/3190000/3186136/images/www2018-145-fig3.jpg’

     0K .......... .......... .......... .......... .......... 14% 70.3K 4s
    50K .......... .......... .......... .......... .......... 28% 80.4K 3s
   100K .......... .......... .......... .......... .......... 42%  383K 2s
   150K .......... .......... .......... .......... .......... 56%  108K 1s
   200K .......... .......... .......... .......... .......... 71% 89.7K 1s
   250K .......... .......... .......... .......... .......... 85% 53.9K 1s
   300K .......... .......... .......... .......... .......... 99%  121K 0s
   350K .                                                     100% 37.0M=3.8s

2018-05-16 14:38:19 (91.9 KB/s) - ‘../data/deliveryimages.acm.org/10.1145/3190000/3186136/images/www2018-145-fig3.jpg’ saved [360132/360132]

--2018-05-16 14:38:19--  http://deliveryimages.acm.org/10.1145/3190000/3186136/images/www2018-145-fig4.jpg
Connecting to deliveryimages.acm.org (deliveryimages.acm.org)|104.17.80.191|:80... connected.
HTTP request sent, awaiting response... 301 Moved Permanently
Location: https://deliveryimages.acm.org/10.1145/3190000/3186136/images/www2018-145-fig4.jpg [following]
--2018-05-16 14:38:20--  https://deliveryimages.acm.org/10.1145/3190000/3186136/images/www2018-145-fig4.jpg
Connecting to deliveryimages.acm.org (deliveryimages.acm.org)|104.17.80.191|:443... connected.
HTTP request sent, awaiting response... 200 OK
Length: 286063 (279K) [image/jpeg]
Saving to: ‘../data/deliveryimages.acm.org/10.1145/3190000/3186136/images/www2018-145-fig4.jpg’

     0K .......... .......... .......... .......... .......... 17% 58.0K 4s
    50K .......... .......... .......... .......... .......... 35% 62.5K 3s
   100K .......... .......... .......... .......... .......... 53% 59.0K 2s
   150K .......... .......... .......... .......... .......... 71% 57.6K 1s
   200K .......... .......... .......... .......... .......... 89% 1.68M 0s
   250K .......... .......... .........                       100% 79.1K=3.8s

2018-05-16 14:38:24 (74.0 KB/s) - ‘../data/deliveryimages.acm.org/10.1145/3190000/3186136/images/www2018-145-fig4.jpg’ saved [286063/286063]

--2018-05-16 14:38:24--  http://deliveryimages.acm.org/10.1145/3190000/3186136/images/www2018-145-fig5.jpg
Connecting to deliveryimages.acm.org (deliveryimages.acm.org)|104.17.80.191|:80... connected.
HTTP request sent, awaiting response... 301 Moved Permanently
Location: https://deliveryimages.acm.org/10.1145/3190000/3186136/images/www2018-145-fig5.jpg [following]
--2018-05-16 14:38:24--  https://deliveryimages.acm.org/10.1145/3190000/3186136/images/www2018-145-fig5.jpg
Connecting to deliveryimages.acm.org (deliveryimages.acm.org)|104.17.80.191|:443... connected.
HTTP request sent, awaiting response... 200 OK
Length: 398522 (389K) [image/jpeg]
Saving to: ‘../data/deliveryimages.acm.org/10.1145/3190000/3186136/images/www2018-145-fig5.jpg’

     0K .......... .......... .......... .......... .......... 12% 1.61M 0s
    50K .......... .......... .......... .......... .......... 25% 2.08M 0s
   100K .......... .......... .......... .......... .......... 38% 3.19M 0s
   150K .......... .......... .......... .......... .......... 51% 16.1M 0s
   200K .......... .......... .......... .......... .......... 64% 2.06M 0s
   250K .......... .......... .......... .......... .......... 77% 10.1M 0s
   300K .......... .......... .......... .......... .......... 89% 4.42M 0s
   350K .......... .......... .......... .........            100% 13.5M=0.1s

2018-05-16 14:38:24 (3.32 MB/s) - ‘../data/deliveryimages.acm.org/10.1145/3190000/3186136/images/www2018-145-fig5.jpg’ saved [398522/398522]

FINISHED --2018-05-16 14:38:24--
Total wall clock time: 13s
Downloaded: 7 files, 2.1M in 10s (213 KB/s)
Converting links in ../data/delivery.acm.org/10.1145/3190000/3186136/p883-malmi.html?ip=24.48.71.56&id=3186136&acc=OPENTOC&key=4D4702B0C3E38B35.4D4702B0C3E38B35.4D4702B0C3E38B35.4DD68F0663C025AA&__acm__=1526496190_6c086b95c76ae2be0408a668a2e0e079... 72-0
Converted links in 1 files in 0.003 seconds.
