--2018-05-16 14:44:32--  http://delivery.acm.org/10.1145/3190000/3186970/p167-allik.html?ip=24.48.71.56&id=3186970&acc=OPENTOC&key=4D4702B0C3E38B35%2E4D4702B0C3E38B35%2E4D4702B0C3E38B35%2E4DD68F0663C025AA&__acm__=1526496572_48d7e9be49cfc0370141d6e73854d019
Resolving delivery.acm.org (delivery.acm.org)... 24.200.120.82, 24.200.120.90
Connecting to delivery.acm.org (delivery.acm.org)|24.200.120.82|:80... connected.
HTTP request sent, awaiting response... 200 OK
Length: 33897 (33K) [text/html]
Saving to: ‘../data/delivery.acm.org/10.1145/3190000/3186970/p167-allik.html?ip=24.48.71.56&id=3186970&acc=OPENTOC&key=4D4702B0C3E38B35.4D4702B0C3E38B35.4D4702B0C3E38B35.4DD68F0663C025AA&__acm__=1526496572_48d7e9be49cfc0370141d6e73854d019’

     0K .......... .......... .......... ...                  100% 2.49M=0.01s

2018-05-16 14:44:32 (2.49 MB/s) - ‘../data/delivery.acm.org/10.1145/3190000/3186970/p167-allik.html?ip=24.48.71.56&id=3186970&acc=OPENTOC&key=4D4702B0C3E38B35.4D4702B0C3E38B35.4D4702B0C3E38B35.4DD68F0663C025AA&__acm__=1526496572_48d7e9be49cfc0370141d6e73854d019’ saved [33897/33897]

--2018-05-16 14:44:32--  http://deliveryimages.acm.org/10.1145/3190000/3186970/images/www18companion-210-fig1.jpg
Resolving deliveryimages.acm.org (deliveryimages.acm.org)... 104.17.80.191, 104.17.79.191
Connecting to deliveryimages.acm.org (deliveryimages.acm.org)|104.17.80.191|:80... connected.
HTTP request sent, awaiting response... 301 Moved Permanently
Location: https://deliveryimages.acm.org/10.1145/3190000/3186970/images/www18companion-210-fig1.jpg [following]
--2018-05-16 14:44:32--  https://deliveryimages.acm.org/10.1145/3190000/3186970/images/www18companion-210-fig1.jpg
Connecting to deliveryimages.acm.org (deliveryimages.acm.org)|104.17.80.191|:443... connected.
HTTP request sent, awaiting response... 200 OK
Length: 142966 (140K) [image/jpeg]
Saving to: ‘../data/deliveryimages.acm.org/10.1145/3190000/3186970/images/www18companion-210-fig1.jpg’

     0K .......... .......... .......... .......... .......... 35% 46.9K 2s
    50K .......... .......... .......... .......... .......... 71%  148K 1s
   100K .......... .......... .......... .........            100% 1.47M=1.4s

2018-05-16 14:44:34 (97.7 KB/s) - ‘../data/deliveryimages.acm.org/10.1145/3190000/3186970/images/www18companion-210-fig1.jpg’ saved [142966/142966]

--2018-05-16 14:44:34--  http://deliveryimages.acm.org/10.1145/3190000/3186970/images/www18companion-210-img1.jpg
Connecting to deliveryimages.acm.org (deliveryimages.acm.org)|104.17.80.191|:80... connected.
HTTP request sent, awaiting response... 301 Moved Permanently
Location: https://deliveryimages.acm.org/10.1145/3190000/3186970/images/www18companion-210-img1.jpg [following]
--2018-05-16 14:44:34--  https://deliveryimages.acm.org/10.1145/3190000/3186970/images/www18companion-210-img1.jpg
Connecting to deliveryimages.acm.org (deliveryimages.acm.org)|104.17.80.191|:443... connected.
HTTP request sent, awaiting response... 200 OK
Length: 643283 (628K) [image/jpeg]
Saving to: ‘../data/deliveryimages.acm.org/10.1145/3190000/3186970/images/www18companion-210-img1.jpg’

     0K .......... .......... .......... .......... ..........  7% 43.6K 13s
    50K .......... .......... .......... .......... .......... 15%  146K 8s
   100K .......... .......... .......... .......... .......... 23%  100K 6s
   150K .......... .......... .......... .......... .......... 31% 63.2K 6s
   200K .......... .......... .......... .......... .......... 39% 67.4K 5s
   250K .......... .......... .......... .......... .......... 47% 24.9K 6s
   300K .......... .......... .......... .......... .......... 55%  285K 5s
   350K .......... .......... .......... .......... .......... 63% 66.7K 4s
   400K .......... .......... .......... .......... .......... 71% 63.3K 3s
   450K .......... .......... .......... .......... .......... 79%  134K 2s
   500K .......... .......... .......... .......... .......... 87%  226K 1s
   550K .......... .......... .......... .......... .......... 95%  138K 0s
   600K .......... .......... ........                        100%  326K=8.3s

2018-05-16 14:44:44 (75.8 KB/s) - ‘../data/deliveryimages.acm.org/10.1145/3190000/3186970/images/www18companion-210-img1.jpg’ saved [643283/643283]

--2018-05-16 14:44:44--  http://deliveryimages.acm.org/10.1145/3190000/3186970/images/www18companion-210-fig2.jpg
Connecting to deliveryimages.acm.org (deliveryimages.acm.org)|104.17.80.191|:80... connected.
HTTP request sent, awaiting response... 301 Moved Permanently
Location: https://deliveryimages.acm.org/10.1145/3190000/3186970/images/www18companion-210-fig2.jpg [following]
--2018-05-16 14:44:44--  https://deliveryimages.acm.org/10.1145/3190000/3186970/images/www18companion-210-fig2.jpg
Connecting to deliveryimages.acm.org (deliveryimages.acm.org)|104.17.80.191|:443... connected.
HTTP request sent, awaiting response... 200 OK
Length: 407430 (398K) [image/jpeg]
Saving to: ‘../data/deliveryimages.acm.org/10.1145/3190000/3186970/images/www18companion-210-fig2.jpg’

     0K .......... .......... .......... .......... .......... 12%  160K 2s
    50K .......... .......... .......... .......... .......... 25%  162K 2s
   100K .......... .......... .......... .......... .......... 37%  124K 2s
   150K .......... .......... .......... .......... .......... 50%  103K 1s
   200K .......... .......... .......... .......... .......... 62% 66.0K 1s
   250K .......... .......... .......... .......... .......... 75% 37.9K 1s
   300K .......... .......... .......... .......... .......... 87% 45.1K 1s
   350K .......... .......... .......... .......... .......   100% 41.3K=5.9s

2018-05-16 14:44:50 (67.9 KB/s) - ‘../data/deliveryimages.acm.org/10.1145/3190000/3186970/images/www18companion-210-fig2.jpg’ saved [407430/407430]

FINISHED --2018-05-16 14:44:50--
Total wall clock time: 18s
Downloaded: 4 files, 1.2M in 16s (76.9 KB/s)
Converting links in ../data/delivery.acm.org/10.1145/3190000/3186970/p167-allik.html?ip=24.48.71.56&id=3186970&acc=OPENTOC&key=4D4702B0C3E38B35.4D4702B0C3E38B35.4D4702B0C3E38B35.4DD68F0663C025AA&__acm__=1526496572_48d7e9be49cfc0370141d6e73854d019... 16-0
Converted links in 1 files in 0.001 seconds.
