--2018-05-16 15:04:01--  http://delivery.acm.org/10.1145/3200000/3191564/p1253-sharma.html?ip=24.48.71.56&id=3191564&acc=OPENTOC&key=4D4702B0C3E38B35%2E4D4702B0C3E38B35%2E4D4702B0C3E38B35%2E4DD68F0663C025AA&__acm__=1526497741_5afbf9691cd8b21aa30fc188211c65ae
Resolving delivery.acm.org (delivery.acm.org)... 24.200.120.82, 24.200.120.90
Connecting to delivery.acm.org (delivery.acm.org)|24.200.120.82|:80... connected.
HTTP request sent, awaiting response... 200 OK
Length: 48720 (48K) [text/html]
Saving to: ‘../data/delivery.acm.org/10.1145/3200000/3191564/p1253-sharma.html?ip=24.48.71.56&id=3191564&acc=OPENTOC&key=4D4702B0C3E38B35.4D4702B0C3E38B35.4D4702B0C3E38B35.4DD68F0663C025AA&__acm__=1526497741_5afbf9691cd8b21aa30fc188211c65ae’

     0K .......... .......... .......... .......... .......   100% 2.53M=0.02s

2018-05-16 15:04:01 (2.53 MB/s) - ‘../data/delivery.acm.org/10.1145/3200000/3191564/p1253-sharma.html?ip=24.48.71.56&id=3191564&acc=OPENTOC&key=4D4702B0C3E38B35.4D4702B0C3E38B35.4D4702B0C3E38B35.4DD68F0663C025AA&__acm__=1526497741_5afbf9691cd8b21aa30fc188211c65ae’ saved [48720/48720]

--2018-05-16 15:04:01--  http://deliveryimages.acm.org/10.1145/3200000/3191564/images/www18companion-303-fig1.jpg
Resolving deliveryimages.acm.org (deliveryimages.acm.org)... 104.17.79.191, 104.17.80.191
Connecting to deliveryimages.acm.org (deliveryimages.acm.org)|104.17.79.191|:80... connected.
HTTP request sent, awaiting response... 301 Moved Permanently
Location: https://deliveryimages.acm.org/10.1145/3200000/3191564/images/www18companion-303-fig1.jpg [following]
--2018-05-16 15:04:01--  https://deliveryimages.acm.org/10.1145/3200000/3191564/images/www18companion-303-fig1.jpg
Connecting to deliveryimages.acm.org (deliveryimages.acm.org)|104.17.79.191|:443... connected.
HTTP request sent, awaiting response... 200 OK
Length: 517265 (505K) [image/jpeg]
Saving to: ‘../data/deliveryimages.acm.org/10.1145/3200000/3191564/images/www18companion-303-fig1.jpg’

     0K .......... .......... .......... .......... ..........  9% 1.47M 0s
    50K .......... .......... .......... .......... .......... 19% 3.83M 0s
   100K .......... .......... .......... .......... .......... 29% 3.50M 0s
   150K .......... .......... .......... .......... .......... 39% 4.95M 0s
   200K .......... .......... .......... .......... .......... 49% 2.63M 0s
   250K .......... .......... .......... .......... .......... 59% 7.39M 0s
   300K .......... .......... .......... .......... .......... 69% 3.26M 0s
   350K .......... .......... .......... .......... .......... 79% 4.24M 0s
   400K .......... .......... .......... .......... .......... 89% 2.96M 0s
   450K .......... .......... .......... .......... .......... 98% 11.5M 0s
   500K .....                                                 100% 54.3M=0.1s

2018-05-16 15:04:02 (3.47 MB/s) - ‘../data/deliveryimages.acm.org/10.1145/3200000/3191564/images/www18companion-303-fig1.jpg’ saved [517265/517265]

--2018-05-16 15:04:02--  http://deliveryimages.acm.org/10.1145/3200000/3191564/images/www18companion-303-fig2.jpg
Connecting to deliveryimages.acm.org (deliveryimages.acm.org)|104.17.79.191|:80... connected.
HTTP request sent, awaiting response... 301 Moved Permanently
Location: https://deliveryimages.acm.org/10.1145/3200000/3191564/images/www18companion-303-fig2.jpg [following]
--2018-05-16 15:04:02--  https://deliveryimages.acm.org/10.1145/3200000/3191564/images/www18companion-303-fig2.jpg
Connecting to deliveryimages.acm.org (deliveryimages.acm.org)|104.17.79.191|:443... connected.
HTTP request sent, awaiting response... 200 OK
Length: 205627 (201K) [image/jpeg]
Saving to: ‘../data/deliveryimages.acm.org/10.1145/3200000/3191564/images/www18companion-303-fig2.jpg’

     0K .......... .......... .......... .......... .......... 24% 1.47M 0s
    50K .......... .......... .......... .......... .......... 49% 3.97M 0s
   100K .......... .......... .......... .......... .......... 74% 3.64M 0s
   150K .......... .......... .......... .......... .......... 99% 4.33M 0s
   200K                                                       100% 1540G=0.07s

2018-05-16 15:04:02 (2.79 MB/s) - ‘../data/deliveryimages.acm.org/10.1145/3200000/3191564/images/www18companion-303-fig2.jpg’ saved [205627/205627]

--2018-05-16 15:04:02--  http://deliveryimages.acm.org/10.1145/3200000/3191564/images/www18companion-303-fig3.jpg
Connecting to deliveryimages.acm.org (deliveryimages.acm.org)|104.17.79.191|:80... connected.
HTTP request sent, awaiting response... 301 Moved Permanently
Location: https://deliveryimages.acm.org/10.1145/3200000/3191564/images/www18companion-303-fig3.jpg [following]
--2018-05-16 15:04:02--  https://deliveryimages.acm.org/10.1145/3200000/3191564/images/www18companion-303-fig3.jpg
Connecting to deliveryimages.acm.org (deliveryimages.acm.org)|104.17.79.191|:443... connected.
HTTP request sent, awaiting response... 200 OK
Length: 421135 (411K) [image/jpeg]
Saving to: ‘../data/deliveryimages.acm.org/10.1145/3200000/3191564/images/www18companion-303-fig3.jpg’

     0K .......... .......... .......... .......... .......... 12% 1.49M 0s
    50K .......... .......... .......... .......... .......... 24% 2.84M 0s
   100K .......... .......... .......... .......... .......... 36% 3.85M 0s
   150K .......... .......... .......... .......... .......... 48% 3.93M 0s
   200K .......... .......... .......... .......... .......... 60% 4.07M 0s
   250K .......... .......... .......... .......... .......... 72% 4.65M 0s
   300K .......... .......... .......... .......... .......... 85% 4.28M 0s
   350K .......... .......... .......... .......... .......... 97% 3.30M 0s
   400K .......... .                                          100%  284M=0.1s

2018-05-16 15:04:03 (3.24 MB/s) - ‘../data/deliveryimages.acm.org/10.1145/3200000/3191564/images/www18companion-303-fig3.jpg’ saved [421135/421135]

--2018-05-16 15:04:03--  http://deliveryimages.acm.org/10.1145/3200000/3191564/images/www18companion-303-fig4.jpg
Connecting to deliveryimages.acm.org (deliveryimages.acm.org)|104.17.79.191|:80... connected.
HTTP request sent, awaiting response... 301 Moved Permanently
Location: https://deliveryimages.acm.org/10.1145/3200000/3191564/images/www18companion-303-fig4.jpg [following]
--2018-05-16 15:04:03--  https://deliveryimages.acm.org/10.1145/3200000/3191564/images/www18companion-303-fig4.jpg
Connecting to deliveryimages.acm.org (deliveryimages.acm.org)|104.17.79.191|:443... connected.
HTTP request sent, awaiting response... 200 OK
Length: 593111 (579K) [image/jpeg]
Saving to: ‘../data/deliveryimages.acm.org/10.1145/3200000/3191564/images/www18companion-303-fig4.jpg’

     0K .......... .......... .......... .......... ..........  8% 1.43M 0s
    50K .......... .......... .......... .......... .......... 17% 3.94M 0s
   100K .......... .......... .......... .......... .......... 25% 4.52M 0s
   150K .......... .......... .......... .......... .......... 34% 4.05M 0s
   200K .......... .......... .......... .......... .......... 43% 2.46M 0s
   250K .......... .......... .......... .......... .......... 51% 7.57M 0s
   300K .......... .......... .......... .......... .......... 60% 3.41M 0s
   350K .......... .......... .......... .......... .......... 69% 4.48M 0s
   400K .......... .......... .......... .......... .......... 77% 4.34M 0s
   450K .......... .......... .......... .......... .......... 86% 4.74M 0s
   500K .......... .......... .......... .......... .......... 94% 2.92M 0s
   550K .......... .......... .........                       100% 19.1M=0.2s

2018-05-16 15:04:03 (3.52 MB/s) - ‘../data/deliveryimages.acm.org/10.1145/3200000/3191564/images/www18companion-303-fig4.jpg’ saved [593111/593111]

FINISHED --2018-05-16 15:04:03--
Total wall clock time: 2.1s
Downloaded: 5 files, 1.7M in 0.5s (3.30 MB/s)
Converting links in ../data/delivery.acm.org/10.1145/3200000/3191564/p1253-sharma.html?ip=24.48.71.56&id=3191564&acc=OPENTOC&key=4D4702B0C3E38B35.4D4702B0C3E38B35.4D4702B0C3E38B35.4DD68F0663C025AA&__acm__=1526497741_5afbf9691cd8b21aa30fc188211c65ae... 49-0
Converted links in 1 files in 0.001 seconds.
