--2018-05-16 14:22:05--  http://delivery.acm.org/10.1145/3190000/3186128/p619-nassar.html?ip=24.48.71.56&id=3186128&acc=OPENTOC&key=4D4702B0C3E38B35%2E4D4702B0C3E38B35%2E4D4702B0C3E38B35%2E4DD68F0663C025AA&__acm__=1526495225_5beb25927fbfc5276296790fce92672e
Resolving delivery.acm.org (delivery.acm.org)... 24.200.120.82, 24.200.120.90
Connecting to delivery.acm.org (delivery.acm.org)|24.200.120.82|:80... connected.
HTTP request sent, awaiting response... 200 OK
Length: 101821 (99K) [text/html]
Saving to: ‘../data/delivery.acm.org/10.1145/3190000/3186128/p619-nassar.html?ip=24.48.71.56&id=3186128&acc=OPENTOC&key=4D4702B0C3E38B35.4D4702B0C3E38B35.4D4702B0C3E38B35.4DD68F0663C025AA&__acm__=1526495225_5beb25927fbfc5276296790fce92672e’

     0K .......... .......... .......... .......... .......... 50% 1.82M 0s
    50K .......... .......... .......... .......... ......... 100% 3.90M=0.04s

2018-05-16 14:22:05 (2.47 MB/s) - ‘../data/delivery.acm.org/10.1145/3190000/3186128/p619-nassar.html?ip=24.48.71.56&id=3186128&acc=OPENTOC&key=4D4702B0C3E38B35.4D4702B0C3E38B35.4D4702B0C3E38B35.4DD68F0663C025AA&__acm__=1526495225_5beb25927fbfc5276296790fce92672e’ saved [101821/101821]

--2018-05-16 14:22:05--  http://deliveryimages.acm.org/10.1145/3190000/3186128/images/www2018-137-fig1.jpg
Resolving deliveryimages.acm.org (deliveryimages.acm.org)... 104.17.79.191, 104.17.80.191
Connecting to deliveryimages.acm.org (deliveryimages.acm.org)|104.17.79.191|:80... connected.
HTTP request sent, awaiting response... 301 Moved Permanently
Location: https://deliveryimages.acm.org/10.1145/3190000/3186128/images/www2018-137-fig1.jpg [following]
--2018-05-16 14:22:05--  https://deliveryimages.acm.org/10.1145/3190000/3186128/images/www2018-137-fig1.jpg
Connecting to deliveryimages.acm.org (deliveryimages.acm.org)|104.17.79.191|:443... connected.
HTTP request sent, awaiting response... 200 OK
Length: 82639 (81K) [image/jpeg]
Saving to: ‘../data/deliveryimages.acm.org/10.1145/3190000/3186128/images/www2018-137-fig1.jpg’

     0K .......... .......... .......... .......... .......... 61% 1007K 0s
    50K .......... .......... ..........                      100% 2.10M=0.06s

2018-05-16 14:22:05 (1.23 MB/s) - ‘../data/deliveryimages.acm.org/10.1145/3190000/3186128/images/www2018-137-fig1.jpg’ saved [82639/82639]

--2018-05-16 14:22:05--  http://deliveryimages.acm.org/10.1145/3190000/3186128/images/www2018-137-fig2.jpg
Connecting to deliveryimages.acm.org (deliveryimages.acm.org)|104.17.79.191|:80... connected.
HTTP request sent, awaiting response... 301 Moved Permanently
Location: https://deliveryimages.acm.org/10.1145/3190000/3186128/images/www2018-137-fig2.jpg [following]
--2018-05-16 14:22:05--  https://deliveryimages.acm.org/10.1145/3190000/3186128/images/www2018-137-fig2.jpg
Connecting to deliveryimages.acm.org (deliveryimages.acm.org)|104.17.79.191|:443... connected.
HTTP request sent, awaiting response... 200 OK
Length: 94066 (92K) [image/jpeg]
Saving to: ‘../data/deliveryimages.acm.org/10.1145/3190000/3186128/images/www2018-137-fig2.jpg’

     0K .......... .......... .......... .......... .......... 54% 1.20M 0s
    50K .......... .......... .......... .......... .         100% 3.00M=0.05s

2018-05-16 14:22:06 (1.65 MB/s) - ‘../data/deliveryimages.acm.org/10.1145/3190000/3186128/images/www2018-137-fig2.jpg’ saved [94066/94066]

--2018-05-16 14:22:06--  http://deliveryimages.acm.org/10.1145/3190000/3186128/images/www2018-137-fig3.jpg
Connecting to deliveryimages.acm.org (deliveryimages.acm.org)|104.17.79.191|:80... connected.
HTTP request sent, awaiting response... 301 Moved Permanently
Location: https://deliveryimages.acm.org/10.1145/3190000/3186128/images/www2018-137-fig3.jpg [following]
--2018-05-16 14:22:06--  https://deliveryimages.acm.org/10.1145/3190000/3186128/images/www2018-137-fig3.jpg
Connecting to deliveryimages.acm.org (deliveryimages.acm.org)|104.17.79.191|:443... connected.
HTTP request sent, awaiting response... 200 OK
Length: 71603 (70K) [image/jpeg]
Saving to: ‘../data/deliveryimages.acm.org/10.1145/3190000/3186128/images/www2018-137-fig3.jpg’

     0K .......... .......... .......... .......... .......... 71% 1.12M 0s
    50K .......... .........                                  100% 3.04M=0.05s

2018-05-16 14:22:06 (1.36 MB/s) - ‘../data/deliveryimages.acm.org/10.1145/3190000/3186128/images/www2018-137-fig3.jpg’ saved [71603/71603]

--2018-05-16 14:22:06--  http://deliveryimages.acm.org/10.1145/3190000/3186128/images/www2018-137-fig4.jpg
Connecting to deliveryimages.acm.org (deliveryimages.acm.org)|104.17.79.191|:80... connected.
HTTP request sent, awaiting response... 301 Moved Permanently
Location: https://deliveryimages.acm.org/10.1145/3190000/3186128/images/www2018-137-fig4.jpg [following]
--2018-05-16 14:22:06--  https://deliveryimages.acm.org/10.1145/3190000/3186128/images/www2018-137-fig4.jpg
Connecting to deliveryimages.acm.org (deliveryimages.acm.org)|104.17.79.191|:443... connected.
HTTP request sent, awaiting response... 200 OK
Length: 60211 (59K) [image/jpeg]
Saving to: ‘../data/deliveryimages.acm.org/10.1145/3190000/3186128/images/www2018-137-fig4.jpg’

     0K .......... .......... .......... .......... .......... 85% 1.14M 0s
    50K ........                                              100% 2.92M=0.05s

2018-05-16 14:22:06 (1.25 MB/s) - ‘../data/deliveryimages.acm.org/10.1145/3190000/3186128/images/www2018-137-fig4.jpg’ saved [60211/60211]

--2018-05-16 14:22:06--  http://deliveryimages.acm.org/10.1145/3190000/3186128/images/www2018-137-fig5.jpg
Connecting to deliveryimages.acm.org (deliveryimages.acm.org)|104.17.79.191|:80... connected.
HTTP request sent, awaiting response... 301 Moved Permanently
Location: https://deliveryimages.acm.org/10.1145/3190000/3186128/images/www2018-137-fig5.jpg [following]
--2018-05-16 14:22:06--  https://deliveryimages.acm.org/10.1145/3190000/3186128/images/www2018-137-fig5.jpg
Connecting to deliveryimages.acm.org (deliveryimages.acm.org)|104.17.79.191|:443... connected.
HTTP request sent, awaiting response... 200 OK
Length: 131290 (128K) [image/jpeg]
Saving to: ‘../data/deliveryimages.acm.org/10.1145/3190000/3186128/images/www2018-137-fig5.jpg’

     0K .......... .......... .......... .......... .......... 38%  884K 0s
    50K .......... .......... .......... .......... .......... 77% 4.99M 0s
   100K .......... .......... ........                        100% 4.21M=0.07s

2018-05-16 14:22:07 (1.72 MB/s) - ‘../data/deliveryimages.acm.org/10.1145/3190000/3186128/images/www2018-137-fig5.jpg’ saved [131290/131290]

--2018-05-16 14:22:07--  http://deliveryimages.acm.org/10.1145/3190000/3186128/images/www2018-137-fig6.jpg
Connecting to deliveryimages.acm.org (deliveryimages.acm.org)|104.17.79.191|:80... connected.
HTTP request sent, awaiting response... 301 Moved Permanently
Location: https://deliveryimages.acm.org/10.1145/3190000/3186128/images/www2018-137-fig6.jpg [following]
--2018-05-16 14:22:07--  https://deliveryimages.acm.org/10.1145/3190000/3186128/images/www2018-137-fig6.jpg
Connecting to deliveryimages.acm.org (deliveryimages.acm.org)|104.17.79.191|:443... connected.
HTTP request sent, awaiting response... 200 OK
Length: 47788 (47K) [image/jpeg]
Saving to: ‘../data/deliveryimages.acm.org/10.1145/3190000/3186128/images/www2018-137-fig6.jpg’

     0K .......... .......... .......... .......... ......    100% 1.51M=0.03s

2018-05-16 14:22:07 (1.51 MB/s) - ‘../data/deliveryimages.acm.org/10.1145/3190000/3186128/images/www2018-137-fig6.jpg’ saved [47788/47788]

--2018-05-16 14:22:07--  http://deliveryimages.acm.org/10.1145/3190000/3186128/images/www2018-137-fig7.jpg
Connecting to deliveryimages.acm.org (deliveryimages.acm.org)|104.17.79.191|:80... connected.
HTTP request sent, awaiting response... 301 Moved Permanently
Location: https://deliveryimages.acm.org/10.1145/3190000/3186128/images/www2018-137-fig7.jpg [following]
--2018-05-16 14:22:07--  https://deliveryimages.acm.org/10.1145/3190000/3186128/images/www2018-137-fig7.jpg
Connecting to deliveryimages.acm.org (deliveryimages.acm.org)|104.17.79.191|:443... connected.
HTTP request sent, awaiting response... 200 OK
Length: 59235 (58K) [image/jpeg]
Saving to: ‘../data/deliveryimages.acm.org/10.1145/3190000/3186128/images/www2018-137-fig7.jpg’

     0K .......... .......... .......... .......... .......... 86% 1.74M 0s
    50K .......                                               100% 4.40M=0.03s

2018-05-16 14:22:07 (1.90 MB/s) - ‘../data/deliveryimages.acm.org/10.1145/3190000/3186128/images/www2018-137-fig7.jpg’ saved [59235/59235]

--2018-05-16 14:22:07--  http://deliveryimages.acm.org/10.1145/3190000/3186128/images/www2018-137-fig8.jpg
Connecting to deliveryimages.acm.org (deliveryimages.acm.org)|104.17.79.191|:80... connected.
HTTP request sent, awaiting response... 301 Moved Permanently
Location: https://deliveryimages.acm.org/10.1145/3190000/3186128/images/www2018-137-fig8.jpg [following]
--2018-05-16 14:22:07--  https://deliveryimages.acm.org/10.1145/3190000/3186128/images/www2018-137-fig8.jpg
Connecting to deliveryimages.acm.org (deliveryimages.acm.org)|104.17.79.191|:443... connected.
HTTP request sent, awaiting response... 200 OK
Length: 51201 (50K) [image/jpeg]
Saving to: ‘../data/deliveryimages.acm.org/10.1145/3190000/3186128/images/www2018-137-fig8.jpg’

     0K .......... .......... .......... .......... .......... 99% 1.13M 0s
    50K                                                       100% 1.86G=0.04s

2018-05-16 14:22:08 (1.13 MB/s) - ‘../data/deliveryimages.acm.org/10.1145/3190000/3186128/images/www2018-137-fig8.jpg’ saved [51201/51201]

--2018-05-16 14:22:08--  http://deliveryimages.acm.org/10.1145/3190000/3186128/images/www2018-137-fig9.jpg
Connecting to deliveryimages.acm.org (deliveryimages.acm.org)|104.17.79.191|:80... connected.
HTTP request sent, awaiting response... 301 Moved Permanently
Location: https://deliveryimages.acm.org/10.1145/3190000/3186128/images/www2018-137-fig9.jpg [following]
--2018-05-16 14:22:08--  https://deliveryimages.acm.org/10.1145/3190000/3186128/images/www2018-137-fig9.jpg
Connecting to deliveryimages.acm.org (deliveryimages.acm.org)|104.17.79.191|:443... connected.
HTTP request sent, awaiting response... 200 OK
Length: 62244 (61K) [image/jpeg]
Saving to: ‘../data/deliveryimages.acm.org/10.1145/3190000/3186128/images/www2018-137-fig9.jpg’

     0K .......... .......... .......... .......... .......... 82% 1.39M 0s
    50K ..........                                            100% 6.11M=0.04s

2018-05-16 14:22:08 (1.61 MB/s) - ‘../data/deliveryimages.acm.org/10.1145/3190000/3186128/images/www2018-137-fig9.jpg’ saved [62244/62244]

--2018-05-16 14:22:08--  http://deliveryimages.acm.org/10.1145/3190000/3186128/images/www2018-137-fig10.jpg
Connecting to deliveryimages.acm.org (deliveryimages.acm.org)|104.17.79.191|:80... connected.
HTTP request sent, awaiting response... 301 Moved Permanently
Location: https://deliveryimages.acm.org/10.1145/3190000/3186128/images/www2018-137-fig10.jpg [following]
--2018-05-16 14:22:08--  https://deliveryimages.acm.org/10.1145/3190000/3186128/images/www2018-137-fig10.jpg
Connecting to deliveryimages.acm.org (deliveryimages.acm.org)|104.17.79.191|:443... connected.
HTTP request sent, awaiting response... 200 OK
Length: 51087 (50K) [image/jpeg]
Saving to: ‘../data/deliveryimages.acm.org/10.1145/3190000/3186128/images/www2018-137-fig10.jpg’

     0K .......... .......... .......... .......... ......... 100% 1.65M=0.03s

2018-05-16 14:22:08 (1.65 MB/s) - ‘../data/deliveryimages.acm.org/10.1145/3190000/3186128/images/www2018-137-fig10.jpg’ saved [51087/51087]

FINISHED --2018-05-16 14:22:08--
Total wall clock time: 3.4s
Downloaded: 11 files, 794K in 0.5s (1.56 MB/s)
Converting links in ../data/delivery.acm.org/10.1145/3190000/3186128/p619-nassar.html?ip=24.48.71.56&id=3186128&acc=OPENTOC&key=4D4702B0C3E38B35.4D4702B0C3E38B35.4D4702B0C3E38B35.4DD68F0663C025AA&__acm__=1526495225_5beb25927fbfc5276296790fce92672e... 113-0
Converted links in 1 files in 0.004 seconds.
