--2018-05-16 15:05:45--  http://delivery.acm.org/10.1145/3200000/3191583/p1401-wang.html?ip=24.48.71.56&id=3191583&acc=OPENTOC&key=4D4702B0C3E38B35%2E4D4702B0C3E38B35%2E4D4702B0C3E38B35%2E4DD68F0663C025AA&__acm__=1526497845_d0a05dbd9b359999f1f95433a87bd4f2
Resolving delivery.acm.org (delivery.acm.org)... 24.200.120.82, 24.200.120.90
Connecting to delivery.acm.org (delivery.acm.org)|24.200.120.82|:80... connected.
HTTP request sent, awaiting response... 200 OK
Length: 35283 (34K) [text/html]
Saving to: ‘../data/delivery.acm.org/10.1145/3200000/3191583/p1401-wang.html?ip=24.48.71.56&id=3191583&acc=OPENTOC&key=4D4702B0C3E38B35.4D4702B0C3E38B35.4D4702B0C3E38B35.4DD68F0663C025AA&__acm__=1526497845_d0a05dbd9b359999f1f95433a87bd4f2’

     0K .......... .......... .......... ....                 100% 3.06M=0.01s

2018-05-16 15:05:45 (3.06 MB/s) - ‘../data/delivery.acm.org/10.1145/3200000/3191583/p1401-wang.html?ip=24.48.71.56&id=3191583&acc=OPENTOC&key=4D4702B0C3E38B35.4D4702B0C3E38B35.4D4702B0C3E38B35.4DD68F0663C025AA&__acm__=1526497845_d0a05dbd9b359999f1f95433a87bd4f2’ saved [35283/35283]

--2018-05-16 15:05:45--  http://deliveryimages.acm.org/10.1145/3200000/3191583/images/www18companion-322-img1.svg
Resolving deliveryimages.acm.org (deliveryimages.acm.org)... 104.17.79.191, 104.17.80.191
Connecting to deliveryimages.acm.org (deliveryimages.acm.org)|104.17.79.191|:80... connected.
HTTP request sent, awaiting response... 301 Moved Permanently
Location: https://deliveryimages.acm.org/10.1145/3200000/3191583/images/www18companion-322-img1.svg [following]
--2018-05-16 15:05:46--  https://deliveryimages.acm.org/10.1145/3200000/3191583/images/www18companion-322-img1.svg
Connecting to deliveryimages.acm.org (deliveryimages.acm.org)|104.17.79.191|:443... connected.
HTTP request sent, awaiting response... 200 OK
Length: 110186 (108K) [image/svg+xml]
Saving to: ‘../data/deliveryimages.acm.org/10.1145/3200000/3191583/images/www18companion-322-img1.svg’

     0K .......... .......... .......... .......... .......... 46% 1.40M 0s
    50K .......... .......... .......... .......... .......... 92% 3.62M 0s
   100K .......                                               100% 12.3M=0.05s

2018-05-16 15:05:46 (2.15 MB/s) - ‘../data/deliveryimages.acm.org/10.1145/3200000/3191583/images/www18companion-322-img1.svg’ saved [110186/110186]

--2018-05-16 15:05:46--  http://deliveryimages.acm.org/10.1145/3200000/3191583/images/www18companion-322-fig1.jpg
Connecting to deliveryimages.acm.org (deliveryimages.acm.org)|104.17.79.191|:80... connected.
HTTP request sent, awaiting response... 301 Moved Permanently
Location: https://deliveryimages.acm.org/10.1145/3200000/3191583/images/www18companion-322-fig1.jpg [following]
--2018-05-16 15:05:46--  https://deliveryimages.acm.org/10.1145/3200000/3191583/images/www18companion-322-fig1.jpg
Connecting to deliveryimages.acm.org (deliveryimages.acm.org)|104.17.79.191|:443... connected.
HTTP request sent, awaiting response... 200 OK
Length: 65119 (64K) [image/jpeg]
Saving to: ‘../data/deliveryimages.acm.org/10.1145/3200000/3191583/images/www18companion-322-fig1.jpg’

     0K .......... .......... .......... .......... .......... 78% 1.20M 0s
    50K .......... ...                                        100%  785K=0.06s

2018-05-16 15:05:46 (1.07 MB/s) - ‘../data/deliveryimages.acm.org/10.1145/3200000/3191583/images/www18companion-322-fig1.jpg’ saved [65119/65119]

--2018-05-16 15:05:46--  http://deliveryimages.acm.org/10.1145/3200000/3191583/images/www18companion-322-fig2.jpg
Connecting to deliveryimages.acm.org (deliveryimages.acm.org)|104.17.79.191|:80... connected.
HTTP request sent, awaiting response... 301 Moved Permanently
Location: https://deliveryimages.acm.org/10.1145/3200000/3191583/images/www18companion-322-fig2.jpg [following]
--2018-05-16 15:05:46--  https://deliveryimages.acm.org/10.1145/3200000/3191583/images/www18companion-322-fig2.jpg
Connecting to deliveryimages.acm.org (deliveryimages.acm.org)|104.17.79.191|:443... connected.
HTTP request sent, awaiting response... 200 OK
Length: 68863 (67K) [image/jpeg]
Saving to: ‘../data/deliveryimages.acm.org/10.1145/3200000/3191583/images/www18companion-322-fig2.jpg’

     0K .......... .......... .......... .......... .......... 74% 1.18M 0s
    50K .......... .......                                    100% 2.75M=0.05s

2018-05-16 15:05:47 (1.39 MB/s) - ‘../data/deliveryimages.acm.org/10.1145/3200000/3191583/images/www18companion-322-fig2.jpg’ saved [68863/68863]

--2018-05-16 15:05:47--  http://deliveryimages.acm.org/10.1145/3200000/3191583/images/www18companion-322-fig3.jpg
Connecting to deliveryimages.acm.org (deliveryimages.acm.org)|104.17.79.191|:80... connected.
HTTP request sent, awaiting response... 301 Moved Permanently
Location: https://deliveryimages.acm.org/10.1145/3200000/3191583/images/www18companion-322-fig3.jpg [following]
--2018-05-16 15:05:47--  https://deliveryimages.acm.org/10.1145/3200000/3191583/images/www18companion-322-fig3.jpg
Connecting to deliveryimages.acm.org (deliveryimages.acm.org)|104.17.79.191|:443... connected.
HTTP request sent, awaiting response... 200 OK
Length: 60278 (59K) [image/jpeg]
Saving to: ‘../data/deliveryimages.acm.org/10.1145/3200000/3191583/images/www18companion-322-fig3.jpg’

     0K .......... .......... .......... .......... .......... 84% 1.01M 0s
    50K ........                                              100% 2.23M=0.05s

2018-05-16 15:05:47 (1.10 MB/s) - ‘../data/deliveryimages.acm.org/10.1145/3200000/3191583/images/www18companion-322-fig3.jpg’ saved [60278/60278]

--2018-05-16 15:05:47--  http://deliveryimages.acm.org/10.1145/3200000/3191583/images/www18companion-322-fig4.jpg
Connecting to deliveryimages.acm.org (deliveryimages.acm.org)|104.17.79.191|:80... connected.
HTTP request sent, awaiting response... 301 Moved Permanently
Location: https://deliveryimages.acm.org/10.1145/3200000/3191583/images/www18companion-322-fig4.jpg [following]
--2018-05-16 15:05:47--  https://deliveryimages.acm.org/10.1145/3200000/3191583/images/www18companion-322-fig4.jpg
Connecting to deliveryimages.acm.org (deliveryimages.acm.org)|104.17.79.191|:443... connected.
HTTP request sent, awaiting response... 200 OK
Length: 174183 (170K) [image/jpeg]
Saving to: ‘../data/deliveryimages.acm.org/10.1145/3200000/3191583/images/www18companion-322-fig4.jpg’

     0K .......... .......... .......... .......... .......... 29% 1.41M 0s
    50K .......... .......... .......... .......... .......... 58% 2.57M 0s
   100K .......... .......... .......... .......... .......... 88% 6.51M 0s
   150K .......... ..........                                 100% 5.50M=0.06s

2018-05-16 15:05:47 (2.57 MB/s) - ‘../data/deliveryimages.acm.org/10.1145/3200000/3191583/images/www18companion-322-fig4.jpg’ saved [174183/174183]

--2018-05-16 15:05:47--  http://deliveryimages.acm.org/10.1145/3200000/3191583/images/www18companion-322-fig5.jpg
Connecting to deliveryimages.acm.org (deliveryimages.acm.org)|104.17.79.191|:80... connected.
HTTP request sent, awaiting response... 301 Moved Permanently
Location: https://deliveryimages.acm.org/10.1145/3200000/3191583/images/www18companion-322-fig5.jpg [following]
--2018-05-16 15:05:47--  https://deliveryimages.acm.org/10.1145/3200000/3191583/images/www18companion-322-fig5.jpg
Connecting to deliveryimages.acm.org (deliveryimages.acm.org)|104.17.79.191|:443... connected.
HTTP request sent, awaiting response... 200 OK
Length: 87329 (85K) [image/jpeg]
Saving to: ‘../data/deliveryimages.acm.org/10.1145/3200000/3191583/images/www18companion-322-fig5.jpg’

     0K .......... .......... .......... .......... .......... 58% 1.49M 0s
    50K .......... .......... .......... .....                100% 3.57M=0.04s

2018-05-16 15:05:48 (1.96 MB/s) - ‘../data/deliveryimages.acm.org/10.1145/3200000/3191583/images/www18companion-322-fig5.jpg’ saved [87329/87329]

FINISHED --2018-05-16 15:05:48--
Total wall clock time: 3.1s
Downloaded: 7 files, 587K in 0.3s (1.77 MB/s)
Converting links in ../data/delivery.acm.org/10.1145/3200000/3191583/p1401-wang.html?ip=24.48.71.56&id=3191583&acc=OPENTOC&key=4D4702B0C3E38B35.4D4702B0C3E38B35.4D4702B0C3E38B35.4DD68F0663C025AA&__acm__=1526497845_d0a05dbd9b359999f1f95433a87bd4f2... 39-0
Converted links in 1 files in 0.002 seconds.
