--2018-05-16 14:40:25--  http://delivery.acm.org/10.1145/3190000/3186058/p1459-feng.html?ip=24.48.71.56&id=3186058&acc=OPENTOC&key=4D4702B0C3E38B35%2E4D4702B0C3E38B35%2E4D4702B0C3E38B35%2E4DD68F0663C025AA&__acm__=1526496325_332d6914c029ad1eff638b5080b4e343
Resolving delivery.acm.org (delivery.acm.org)... 24.200.120.90, 24.200.120.82
Connecting to delivery.acm.org (delivery.acm.org)|24.200.120.90|:80... connected.
HTTP request sent, awaiting response... 200 OK
Length: 93131 (91K) [text/html]
Saving to: ‘../data/delivery.acm.org/10.1145/3190000/3186058/p1459-feng.html?ip=24.48.71.56&id=3186058&acc=OPENTOC&key=4D4702B0C3E38B35.4D4702B0C3E38B35.4D4702B0C3E38B35.4DD68F0663C025AA&__acm__=1526496325_332d6914c029ad1eff638b5080b4e343’

     0K .......... .......... .......... .......... .......... 54% 87.5K 0s
    50K .......... .......... .......... ..........           100% 51.0K=1.4s

2018-05-16 14:40:26 (66.2 KB/s) - ‘../data/delivery.acm.org/10.1145/3190000/3186058/p1459-feng.html?ip=24.48.71.56&id=3186058&acc=OPENTOC&key=4D4702B0C3E38B35.4D4702B0C3E38B35.4D4702B0C3E38B35.4DD68F0663C025AA&__acm__=1526496325_332d6914c029ad1eff638b5080b4e343’ saved [93131/93131]

--2018-05-16 14:40:26--  http://deliveryimages.acm.org/10.1145/3190000/3186058/images/www2018-67-fig1.jpg
Resolving deliveryimages.acm.org (deliveryimages.acm.org)... 104.17.79.191, 104.17.80.191
Connecting to deliveryimages.acm.org (deliveryimages.acm.org)|104.17.79.191|:80... connected.
HTTP request sent, awaiting response... 301 Moved Permanently
Location: https://deliveryimages.acm.org/10.1145/3190000/3186058/images/www2018-67-fig1.jpg [following]
--2018-05-16 14:40:26--  https://deliveryimages.acm.org/10.1145/3190000/3186058/images/www2018-67-fig1.jpg
Connecting to deliveryimages.acm.org (deliveryimages.acm.org)|104.17.79.191|:443... connected.
HTTP request sent, awaiting response... 200 OK
Length: 309991 (303K) [image/jpeg]
Saving to: ‘../data/deliveryimages.acm.org/10.1145/3190000/3186058/images/www2018-67-fig1.jpg’

     0K .......... .......... .......... .......... .......... 16% 1.69M 0s
    50K .......... .......... .......... .......... .......... 33% 2.84M 0s
   100K .......... .......... .......... .......... .......... 49% 2.75M 0s
   150K .......... .......... .......... .......... .......... 66% 6.73M 0s
   200K .......... .......... .......... .......... .......... 82% 4.20M 0s
   250K .......... .......... .......... .......... .......... 99% 3.22M 0s
   300K ..                                                    100% 5199G=0.1s

2018-05-16 14:40:27 (3.02 MB/s) - ‘../data/deliveryimages.acm.org/10.1145/3190000/3186058/images/www2018-67-fig1.jpg’ saved [309991/309991]

--2018-05-16 14:40:27--  http://deliveryimages.acm.org/10.1145/3190000/3186058/images/www2018-67-fig2.jpg
Connecting to deliveryimages.acm.org (deliveryimages.acm.org)|104.17.79.191|:80... connected.
HTTP request sent, awaiting response... 301 Moved Permanently
Location: https://deliveryimages.acm.org/10.1145/3190000/3186058/images/www2018-67-fig2.jpg [following]
--2018-05-16 14:40:27--  https://deliveryimages.acm.org/10.1145/3190000/3186058/images/www2018-67-fig2.jpg
Connecting to deliveryimages.acm.org (deliveryimages.acm.org)|104.17.79.191|:443... connected.
HTTP request sent, awaiting response... 200 OK
Length: 178471 (174K) [image/jpeg]
Saving to: ‘../data/deliveryimages.acm.org/10.1145/3190000/3186058/images/www2018-67-fig2.jpg’

     0K .......... .......... .......... .......... .......... 28% 1.66M 0s
    50K .......... .......... .......... .......... .......... 57% 3.59M 0s
   100K .......... .......... .......... .......... .......... 86% 3.05M 0s
   150K .......... .......... ....                            100% 14.4M=0.06s

2018-05-16 14:40:27 (2.81 MB/s) - ‘../data/deliveryimages.acm.org/10.1145/3190000/3186058/images/www2018-67-fig2.jpg’ saved [178471/178471]

--2018-05-16 14:40:27--  http://deliveryimages.acm.org/10.1145/3190000/3186058/images/www2018-67-fig3.jpg
Connecting to deliveryimages.acm.org (deliveryimages.acm.org)|104.17.79.191|:80... connected.
HTTP request sent, awaiting response... 301 Moved Permanently
Location: https://deliveryimages.acm.org/10.1145/3190000/3186058/images/www2018-67-fig3.jpg [following]
--2018-05-16 14:40:27--  https://deliveryimages.acm.org/10.1145/3190000/3186058/images/www2018-67-fig3.jpg
Connecting to deliveryimages.acm.org (deliveryimages.acm.org)|104.17.79.191|:443... connected.
HTTP request sent, awaiting response... 200 OK
Length: 265077 (259K) [image/jpeg]
Saving to: ‘../data/deliveryimages.acm.org/10.1145/3190000/3186058/images/www2018-67-fig3.jpg’

     0K .......... .......... .......... .......... .......... 19% 1.00M 0s
    50K .......... .......... .......... .......... .......... 38% 2.56M 0s
   100K .......... .......... .......... .......... .......... 57% 2.88M 0s
   150K .......... .......... .......... .......... .......... 77% 2.19M 0s
   200K .......... .......... .......... .......... .......... 96% 4.56M 0s
   250K ........                                              100% 5.49M=0.1s

2018-05-16 14:40:27 (2.12 MB/s) - ‘../data/deliveryimages.acm.org/10.1145/3190000/3186058/images/www2018-67-fig3.jpg’ saved [265077/265077]

--2018-05-16 14:40:27--  http://deliveryimages.acm.org/10.1145/3190000/3186058/images/www2018-67-fig4.jpg
Connecting to deliveryimages.acm.org (deliveryimages.acm.org)|104.17.79.191|:80... connected.
HTTP request sent, awaiting response... 301 Moved Permanently
Location: https://deliveryimages.acm.org/10.1145/3190000/3186058/images/www2018-67-fig4.jpg [following]
--2018-05-16 14:40:28--  https://deliveryimages.acm.org/10.1145/3190000/3186058/images/www2018-67-fig4.jpg
Connecting to deliveryimages.acm.org (deliveryimages.acm.org)|104.17.79.191|:443... connected.
HTTP request sent, awaiting response... 200 OK
Length: 436446 (426K) [image/jpeg]
Saving to: ‘../data/deliveryimages.acm.org/10.1145/3190000/3186058/images/www2018-67-fig4.jpg’

     0K .......... .......... .......... .......... .......... 11% 1.44M 0s
    50K .......... .......... .......... .......... .......... 23% 3.64M 0s
   100K .......... .......... .......... .......... .......... 35% 2.10M 0s
   150K .......... .......... .......... .......... .......... 46% 3.69M 0s
   200K .......... .......... .......... .......... .......... 58% 4.20M 0s
   250K .......... .......... .......... .......... .......... 70% 2.55M 0s
   300K .......... .......... .......... .......... .......... 82% 7.88M 0s
   350K .......... .......... .......... .......... .......... 93% 3.63M 0s
   400K .......... .......... ......                          100% 4.91M=0.1s

2018-05-16 14:40:28 (2.98 MB/s) - ‘../data/deliveryimages.acm.org/10.1145/3190000/3186058/images/www2018-67-fig4.jpg’ saved [436446/436446]

--2018-05-16 14:40:28--  http://deliveryimages.acm.org/10.1145/3190000/3186058/images/www2018-67-img1.svg
Connecting to deliveryimages.acm.org (deliveryimages.acm.org)|104.17.79.191|:80... connected.
HTTP request sent, awaiting response... 301 Moved Permanently
Location: https://deliveryimages.acm.org/10.1145/3190000/3186058/images/www2018-67-img1.svg [following]
--2018-05-16 14:40:28--  https://deliveryimages.acm.org/10.1145/3190000/3186058/images/www2018-67-img1.svg
Connecting to deliveryimages.acm.org (deliveryimages.acm.org)|104.17.79.191|:443... connected.
HTTP request sent, awaiting response... 200 OK
Length: 105110 (103K) [image/svg+xml]
Saving to: ‘../data/deliveryimages.acm.org/10.1145/3190000/3186058/images/www2018-67-img1.svg’

     0K .......... .......... .......... .......... .......... 48% 1.75M 0s
    50K .......... .......... .......... .......... .......... 97% 3.19M 0s
   100K ..                                                    100% 5048G=0.04s

2018-05-16 14:40:28 (2.32 MB/s) - ‘../data/deliveryimages.acm.org/10.1145/3190000/3186058/images/www2018-67-img1.svg’ saved [105110/105110]

--2018-05-16 14:40:28--  http://deliveryimages.acm.org/10.1145/3190000/3186058/images/www2018-67-fig5.jpg
Connecting to deliveryimages.acm.org (deliveryimages.acm.org)|104.17.79.191|:80... connected.
HTTP request sent, awaiting response... 301 Moved Permanently
Location: https://deliveryimages.acm.org/10.1145/3190000/3186058/images/www2018-67-fig5.jpg [following]
--2018-05-16 14:40:28--  https://deliveryimages.acm.org/10.1145/3190000/3186058/images/www2018-67-fig5.jpg
Connecting to deliveryimages.acm.org (deliveryimages.acm.org)|104.17.79.191|:443... connected.
HTTP request sent, awaiting response... 200 OK
Length: 189947 (185K) [image/jpeg]
Saving to: ‘../data/deliveryimages.acm.org/10.1145/3190000/3186058/images/www2018-67-fig5.jpg’

     0K .......... .......... .......... .......... .......... 26% 1.16M 0s
    50K .......... .......... .......... .......... .......... 53% 3.59M 0s
   100K .......... .......... .......... .......... .......... 80% 3.09M 0s
   150K .......... .......... .......... .....                100% 10.0M=0.07s

2018-05-16 14:40:29 (2.42 MB/s) - ‘../data/deliveryimages.acm.org/10.1145/3190000/3186058/images/www2018-67-fig5.jpg’ saved [189947/189947]

--2018-05-16 14:40:29--  http://deliveryimages.acm.org/10.1145/3190000/3186058/images/www2018-67-fig6.jpg
Connecting to deliveryimages.acm.org (deliveryimages.acm.org)|104.17.79.191|:80... connected.
HTTP request sent, awaiting response... 301 Moved Permanently
Location: https://deliveryimages.acm.org/10.1145/3190000/3186058/images/www2018-67-fig6.jpg [following]
--2018-05-16 14:40:29--  https://deliveryimages.acm.org/10.1145/3190000/3186058/images/www2018-67-fig6.jpg
Connecting to deliveryimages.acm.org (deliveryimages.acm.org)|104.17.79.191|:443... connected.
HTTP request sent, awaiting response... 200 OK
Length: 49320 (48K) [image/jpeg]
Saving to: ‘../data/deliveryimages.acm.org/10.1145/3190000/3186058/images/www2018-67-fig6.jpg’

     0K .......... .......... .......... .......... ........  100% 1.05M=0.04s

2018-05-16 14:40:29 (1.05 MB/s) - ‘../data/deliveryimages.acm.org/10.1145/3190000/3186058/images/www2018-67-fig6.jpg’ saved [49320/49320]

--2018-05-16 14:40:29--  http://deliveryimages.acm.org/10.1145/3190000/3186058/images/www2018-67-fig7.jpg
Connecting to deliveryimages.acm.org (deliveryimages.acm.org)|104.17.79.191|:80... connected.
HTTP request sent, awaiting response... 301 Moved Permanently
Location: https://deliveryimages.acm.org/10.1145/3190000/3186058/images/www2018-67-fig7.jpg [following]
--2018-05-16 14:40:29--  https://deliveryimages.acm.org/10.1145/3190000/3186058/images/www2018-67-fig7.jpg
Connecting to deliveryimages.acm.org (deliveryimages.acm.org)|104.17.79.191|:443... connected.
HTTP request sent, awaiting response... 200 OK
Length: 74330 (73K) [image/jpeg]
Saving to: ‘../data/deliveryimages.acm.org/10.1145/3190000/3186058/images/www2018-67-fig7.jpg’

     0K .......... .......... .......... .......... .......... 68% 1.45M 0s
    50K .......... .......... ..                              100% 3.96M=0.04s

2018-05-16 14:40:29 (1.81 MB/s) - ‘../data/deliveryimages.acm.org/10.1145/3190000/3186058/images/www2018-67-fig7.jpg’ saved [74330/74330]

--2018-05-16 14:40:29--  http://deliveryimages.acm.org/10.1145/3190000/3186058/images/www2018-67-fig8.jpg
Connecting to deliveryimages.acm.org (deliveryimages.acm.org)|104.17.79.191|:80... connected.
HTTP request sent, awaiting response... 301 Moved Permanently
Location: https://deliveryimages.acm.org/10.1145/3190000/3186058/images/www2018-67-fig8.jpg [following]
--2018-05-16 14:40:29--  https://deliveryimages.acm.org/10.1145/3190000/3186058/images/www2018-67-fig8.jpg
Connecting to deliveryimages.acm.org (deliveryimages.acm.org)|104.17.79.191|:443... connected.
HTTP request sent, awaiting response... 200 OK
Length: 40483 (40K) [image/jpeg]
Saving to: ‘../data/deliveryimages.acm.org/10.1145/3190000/3186058/images/www2018-67-fig8.jpg’

     0K .......... .......... .......... .........            100% 1.68M=0.02s

2018-05-16 14:40:29 (1.68 MB/s) - ‘../data/deliveryimages.acm.org/10.1145/3190000/3186058/images/www2018-67-fig8.jpg’ saved [40483/40483]

--2018-05-16 14:40:29--  http://deliveryimages.acm.org/10.1145/3190000/3186058/images/www2018-67-fig9.jpg
Connecting to deliveryimages.acm.org (deliveryimages.acm.org)|104.17.79.191|:80... connected.
HTTP request sent, awaiting response... 301 Moved Permanently
Location: https://deliveryimages.acm.org/10.1145/3190000/3186058/images/www2018-67-fig9.jpg [following]
--2018-05-16 14:40:29--  https://deliveryimages.acm.org/10.1145/3190000/3186058/images/www2018-67-fig9.jpg
Connecting to deliveryimages.acm.org (deliveryimages.acm.org)|104.17.79.191|:443... connected.
HTTP request sent, awaiting response... 200 OK
Length: 169567 (166K) [image/jpeg]
Saving to: ‘../data/deliveryimages.acm.org/10.1145/3190000/3186058/images/www2018-67-fig9.jpg’

     0K .......... .......... .......... .......... .......... 30% 1.28M 0s
    50K .......... .......... .......... .......... .......... 60% 4.03M 0s
   100K .......... .......... .......... .......... .......... 90% 3.65M 0s
   150K .......... .....                                      100% 4.85M=0.07s

2018-05-16 14:40:30 (2.42 MB/s) - ‘../data/deliveryimages.acm.org/10.1145/3190000/3186058/images/www2018-67-fig9.jpg’ saved [169567/169567]

FINISHED --2018-05-16 14:40:30--
Total wall clock time: 4.8s
Downloaded: 11 files, 1.8M in 2.1s (896 KB/s)
Converting links in ../data/delivery.acm.org/10.1145/3190000/3186058/p1459-feng.html?ip=24.48.71.56&id=3186058&acc=OPENTOC&key=4D4702B0C3E38B35.4D4702B0C3E38B35.4D4702B0C3E38B35.4DD68F0663C025AA&__acm__=1526496325_332d6914c029ad1eff638b5080b4e343... 109-0
Converted links in 1 files in 0.003 seconds.
