--2018-05-16 14:25:32--  http://delivery.acm.org/10.1145/3190000/3186159/p783-lee.html?ip=24.48.71.56&id=3186159&acc=OPENTOC&key=4D4702B0C3E38B35%2E4D4702B0C3E38B35%2E4D4702B0C3E38B35%2E4DD68F0663C025AA&__acm__=1526495430_1aefd7855625529aec2d4618c3fb2cd7
Resolving delivery.acm.org (delivery.acm.org)... 24.200.120.82, 24.200.120.90
Connecting to delivery.acm.org (delivery.acm.org)|24.200.120.82|:80... connected.
HTTP request sent, awaiting response... 200 OK
Length: 112677 (110K) [text/html]
Saving to: ‘../data/delivery.acm.org/10.1145/3190000/3186159/p783-lee.html?ip=24.48.71.56&id=3186159&acc=OPENTOC&key=4D4702B0C3E38B35.4D4702B0C3E38B35.4D4702B0C3E38B35.4DD68F0663C025AA&__acm__=1526495430_1aefd7855625529aec2d4618c3fb2cd7’

     0K .......... .......... .......... .......... .......... 45% 1.73M 0s
    50K .......... .......... .......... .......... .......... 90% 3.41M 0s
   100K ..........                                            100%  152M=0.04s

2018-05-16 14:25:32 (2.52 MB/s) - ‘../data/delivery.acm.org/10.1145/3190000/3186159/p783-lee.html?ip=24.48.71.56&id=3186159&acc=OPENTOC&key=4D4702B0C3E38B35.4D4702B0C3E38B35.4D4702B0C3E38B35.4DD68F0663C025AA&__acm__=1526495430_1aefd7855625529aec2d4618c3fb2cd7’ saved [112677/112677]

--2018-05-16 14:25:32--  http://deliveryimages.acm.org/10.1145/3190000/3186159/images/www2018-168-fig1.jpg
Resolving deliveryimages.acm.org (deliveryimages.acm.org)... 104.17.80.191, 104.17.79.191
Connecting to deliveryimages.acm.org (deliveryimages.acm.org)|104.17.80.191|:80... connected.
HTTP request sent, awaiting response... 301 Moved Permanently
Location: https://deliveryimages.acm.org/10.1145/3190000/3186159/images/www2018-168-fig1.jpg [following]
--2018-05-16 14:25:32--  https://deliveryimages.acm.org/10.1145/3190000/3186159/images/www2018-168-fig1.jpg
Connecting to deliveryimages.acm.org (deliveryimages.acm.org)|104.17.80.191|:443... connected.
HTTP request sent, awaiting response... 200 OK
Length: 41229 (40K) [image/jpeg]
Saving to: ‘../data/deliveryimages.acm.org/10.1145/3190000/3186159/images/www2018-168-fig1.jpg’

     0K .......... .......... .......... ..........           100% 1.42M=0.03s

2018-05-16 14:25:32 (1.42 MB/s) - ‘../data/deliveryimages.acm.org/10.1145/3190000/3186159/images/www2018-168-fig1.jpg’ saved [41229/41229]

--2018-05-16 14:25:32--  http://deliveryimages.acm.org/10.1145/3190000/3186159/images/www2018-168-fig2.jpg
Connecting to deliveryimages.acm.org (deliveryimages.acm.org)|104.17.80.191|:80... connected.
HTTP request sent, awaiting response... 301 Moved Permanently
Location: https://deliveryimages.acm.org/10.1145/3190000/3186159/images/www2018-168-fig2.jpg [following]
--2018-05-16 14:25:32--  https://deliveryimages.acm.org/10.1145/3190000/3186159/images/www2018-168-fig2.jpg
Connecting to deliveryimages.acm.org (deliveryimages.acm.org)|104.17.80.191|:443... connected.
HTTP request sent, awaiting response... 200 OK
Length: 16021 (16K) [image/jpeg]
Saving to: ‘../data/deliveryimages.acm.org/10.1145/3190000/3186159/images/www2018-168-fig2.jpg’

     0K .......... .....                                      100%  645K=0.02s

2018-05-16 14:25:32 (645 KB/s) - ‘../data/deliveryimages.acm.org/10.1145/3190000/3186159/images/www2018-168-fig2.jpg’ saved [16021/16021]

--2018-05-16 14:25:32--  http://deliveryimages.acm.org/10.1145/3190000/3186159/images/www2018-168-fig3.jpg
Connecting to deliveryimages.acm.org (deliveryimages.acm.org)|104.17.80.191|:80... connected.
HTTP request sent, awaiting response... 301 Moved Permanently
Location: https://deliveryimages.acm.org/10.1145/3190000/3186159/images/www2018-168-fig3.jpg [following]
--2018-05-16 14:25:32--  https://deliveryimages.acm.org/10.1145/3190000/3186159/images/www2018-168-fig3.jpg
Connecting to deliveryimages.acm.org (deliveryimages.acm.org)|104.17.80.191|:443... connected.
HTTP request sent, awaiting response... 200 OK
Length: 115130 (112K) [image/jpeg]
Saving to: ‘../data/deliveryimages.acm.org/10.1145/3190000/3186159/images/www2018-168-fig3.jpg’

     0K .......... .......... .......... .......... .......... 44% 1.19M 0s
    50K .......... .......... .......... .......... .......... 88% 3.18M 0s
   100K .......... ..                                         100% 7.54M=0.06s

2018-05-16 14:25:33 (1.89 MB/s) - ‘../data/deliveryimages.acm.org/10.1145/3190000/3186159/images/www2018-168-fig3.jpg’ saved [115130/115130]

--2018-05-16 14:25:33--  http://deliveryimages.acm.org/10.1145/3190000/3186159/images/www2018-168-fig4.jpg
Connecting to deliveryimages.acm.org (deliveryimages.acm.org)|104.17.80.191|:80... connected.
HTTP request sent, awaiting response... 301 Moved Permanently
Location: https://deliveryimages.acm.org/10.1145/3190000/3186159/images/www2018-168-fig4.jpg [following]
--2018-05-16 14:25:33--  https://deliveryimages.acm.org/10.1145/3190000/3186159/images/www2018-168-fig4.jpg
Connecting to deliveryimages.acm.org (deliveryimages.acm.org)|104.17.80.191|:443... connected.
HTTP request sent, awaiting response... 200 OK
Length: 49355 (48K) [image/jpeg]
Saving to: ‘../data/deliveryimages.acm.org/10.1145/3190000/3186159/images/www2018-168-fig4.jpg’

     0K .......... .......... .......... .......... ........  100%  774K=0.06s

2018-05-16 14:25:33 (774 KB/s) - ‘../data/deliveryimages.acm.org/10.1145/3190000/3186159/images/www2018-168-fig4.jpg’ saved [49355/49355]

--2018-05-16 14:25:33--  http://deliveryimages.acm.org/10.1145/3190000/3186159/images/www2018-168-fig5.jpg
Connecting to deliveryimages.acm.org (deliveryimages.acm.org)|104.17.80.191|:80... connected.
HTTP request sent, awaiting response... 301 Moved Permanently
Location: https://deliveryimages.acm.org/10.1145/3190000/3186159/images/www2018-168-fig5.jpg [following]
--2018-05-16 14:25:33--  https://deliveryimages.acm.org/10.1145/3190000/3186159/images/www2018-168-fig5.jpg
Connecting to deliveryimages.acm.org (deliveryimages.acm.org)|104.17.80.191|:443... connected.
HTTP request sent, awaiting response... 200 OK
Length: 84369 (82K) [image/jpeg]
Saving to: ‘../data/deliveryimages.acm.org/10.1145/3190000/3186159/images/www2018-168-fig5.jpg’

     0K .......... .......... .......... .......... .......... 60% 1.16M 0s
    50K .......... .......... .......... ..                   100% 2.42M=0.06s

2018-05-16 14:25:33 (1.46 MB/s) - ‘../data/deliveryimages.acm.org/10.1145/3190000/3186159/images/www2018-168-fig5.jpg’ saved [84369/84369]

--2018-05-16 14:25:33--  http://deliveryimages.acm.org/10.1145/3190000/3186159/images/www2018-168-fig6.jpg
Connecting to deliveryimages.acm.org (deliveryimages.acm.org)|104.17.80.191|:80... connected.
HTTP request sent, awaiting response... 301 Moved Permanently
Location: https://deliveryimages.acm.org/10.1145/3190000/3186159/images/www2018-168-fig6.jpg [following]
--2018-05-16 14:25:33--  https://deliveryimages.acm.org/10.1145/3190000/3186159/images/www2018-168-fig6.jpg
Connecting to deliveryimages.acm.org (deliveryimages.acm.org)|104.17.80.191|:443... connected.
HTTP request sent, awaiting response... 200 OK
Length: 225288 (220K) [image/jpeg]
Saving to: ‘../data/deliveryimages.acm.org/10.1145/3190000/3186159/images/www2018-168-fig6.jpg’

     0K .......... .......... .......... .......... .......... 22% 1.63M 0s
    50K .......... .......... .......... .......... .......... 45% 4.49M 0s
   100K .......... .......... .......... .......... .......... 68% 3.30M 0s
   150K .......... .......... .......... .......... .......... 90% 3.21M 0s
   200K .......... ..........                                 100% 75.4M=0.07s

2018-05-16 14:25:34 (3.02 MB/s) - ‘../data/deliveryimages.acm.org/10.1145/3190000/3186159/images/www2018-168-fig6.jpg’ saved [225288/225288]

FINISHED --2018-05-16 14:25:34--
Total wall clock time: 2.1s
Downloaded: 7 files, 629K in 0.3s (1.80 MB/s)
Converting links in ../data/delivery.acm.org/10.1145/3190000/3186159/p783-lee.html?ip=24.48.71.56&id=3186159&acc=OPENTOC&key=4D4702B0C3E38B35.4D4702B0C3E38B35.4D4702B0C3E38B35.4DD68F0663C025AA&__acm__=1526495430_1aefd7855625529aec2d4618c3fb2cd7... 98-0
Converted links in 1 files in 0.005 seconds.
