The name is too long, 181 chars total.
Trying to shorten...
New name is p97-wang.html?ip=84.92.48.26&id=3186051&acc=OPENTOC&key=4D4702B0C3E38B35%2E4D4702B0C3E38B35%2E4D4702B0C3E38B35%2E4DD68F0663C.
--2018-05-16 19:36:31--  http://delivery.acm.org/10.1145/3190000/3186051/p97-wang.html?ip=84.92.48.26&id=3186051&acc=OPENTOC&key=4D4702B0C3E38B35%2E4D4702B0C3E38B35%2E4D4702B0C3E38B35%2E4DD68F0663C025AA&__acm__=1526496090_f2db57ed0e4ffbe551c0445259fbbb51
Resolving delivery.acm.org (delivery.acm.org)... 23.62.2.59, 23.62.2.64
Connecting to delivery.acm.org (delivery.acm.org)|23.62.2.59|:80... connected.
HTTP request sent, awaiting response... 200 OK
Length: 103285 (101K) [text/html]
Saving to: ‘../data/delivery.acm.org/10.1145/3190000/3186051/p97-wang.html?ip=84.92.48.26&id=3186051&acc=OPENTOC&key=4D4702B0C3E38B35%2E4D4702B0C3E38B35%2E4D4702B0C3E38B35%2E4DD68F0663C’

     0K .......... .......... .......... .......... .......... 49% 2.23M 0s
    50K .......... .......... .......... .......... .......... 99% 3.90M 0s
   100K                                                       100% 1648G=0.03s

2018-05-16 19:36:31 (2.86 MB/s) - ‘../data/delivery.acm.org/10.1145/3190000/3186051/p97-wang.html?ip=84.92.48.26&id=3186051&acc=OPENTOC&key=4D4702B0C3E38B35%2E4D4702B0C3E38B35%2E4D4702B0C3E38B35%2E4DD68F0663C’ saved [103285/103285]

--2018-05-16 19:36:31--  http://deliveryimages.acm.org/10.1145/3190000/3186051/images/www2018-60-fig1.jpg
Resolving deliveryimages.acm.org (deliveryimages.acm.org)... 104.17.80.191, 104.17.79.191
Connecting to deliveryimages.acm.org (deliveryimages.acm.org)|104.17.80.191|:80... connected.
HTTP request sent, awaiting response... 301 Moved Permanently
Location: https://deliveryimages.acm.org/10.1145/3190000/3186051/images/www2018-60-fig1.jpg [following]
--2018-05-16 19:36:31--  https://deliveryimages.acm.org/10.1145/3190000/3186051/images/www2018-60-fig1.jpg
Connecting to deliveryimages.acm.org (deliveryimages.acm.org)|104.17.80.191|:443... connected.
HTTP request sent, awaiting response... 200 OK
Length: 56398 (55K) [image/jpeg]
Saving to: ‘../data/deliveryimages.acm.org/10.1145/3190000/3186051/images/www2018-60-fig1.jpg’

     0K .......... .......... .......... .......... .......... 90% 1.30M 0s
    50K .....                                                 100% 8.89M=0.04s

2018-05-16 19:36:31 (1.41 MB/s) - ‘../data/deliveryimages.acm.org/10.1145/3190000/3186051/images/www2018-60-fig1.jpg’ saved [56398/56398]

--2018-05-16 19:36:31--  http://deliveryimages.acm.org/10.1145/3190000/3186051/images/www2018-60-fig2.jpg
Connecting to deliveryimages.acm.org (deliveryimages.acm.org)|104.17.80.191|:80... connected.
HTTP request sent, awaiting response... 301 Moved Permanently
Location: https://deliveryimages.acm.org/10.1145/3190000/3186051/images/www2018-60-fig2.jpg [following]
--2018-05-16 19:36:31--  https://deliveryimages.acm.org/10.1145/3190000/3186051/images/www2018-60-fig2.jpg
Connecting to deliveryimages.acm.org (deliveryimages.acm.org)|104.17.80.191|:443... connected.
HTTP request sent, awaiting response... 200 OK
Length: 48447 (47K) [image/jpeg]
Saving to: ‘../data/deliveryimages.acm.org/10.1145/3190000/3186051/images/www2018-60-fig2.jpg’

     0K .......... .......... .......... .......... .......   100% 1.25M=0.04s

2018-05-16 19:36:32 (1.25 MB/s) - ‘../data/deliveryimages.acm.org/10.1145/3190000/3186051/images/www2018-60-fig2.jpg’ saved [48447/48447]

--2018-05-16 19:36:32--  http://deliveryimages.acm.org/10.1145/3190000/3186051/images/www2018-60-img1.svg
Connecting to deliveryimages.acm.org (deliveryimages.acm.org)|104.17.80.191|:80... connected.
HTTP request sent, awaiting response... 301 Moved Permanently
Location: https://deliveryimages.acm.org/10.1145/3190000/3186051/images/www2018-60-img1.svg [following]
--2018-05-16 19:36:32--  https://deliveryimages.acm.org/10.1145/3190000/3186051/images/www2018-60-img1.svg
Connecting to deliveryimages.acm.org (deliveryimages.acm.org)|104.17.80.191|:443... connected.
HTTP request sent, awaiting response... 200 OK
Length: 107373 (105K) [image/svg+xml]
Saving to: ‘../data/deliveryimages.acm.org/10.1145/3190000/3186051/images/www2018-60-img1.svg’

     0K .......... .......... .......... .......... .......... 47% 1.27M 0s
    50K .......... .......... .......... .......... .......... 95% 3.03M 0s
   100K ....                                                  100% 1.92M=0.06s

2018-05-16 19:36:32 (1.80 MB/s) - ‘../data/deliveryimages.acm.org/10.1145/3190000/3186051/images/www2018-60-img1.svg’ saved [107373/107373]

--2018-05-16 19:36:32--  http://deliveryimages.acm.org/10.1145/3190000/3186051/images/www2018-60-img2.svg
Connecting to deliveryimages.acm.org (deliveryimages.acm.org)|104.17.80.191|:80... connected.
HTTP request sent, awaiting response... 301 Moved Permanently
Location: https://deliveryimages.acm.org/10.1145/3190000/3186051/images/www2018-60-img2.svg [following]
--2018-05-16 19:36:32--  https://deliveryimages.acm.org/10.1145/3190000/3186051/images/www2018-60-img2.svg
Connecting to deliveryimages.acm.org (deliveryimages.acm.org)|104.17.80.191|:443... connected.
HTTP request sent, awaiting response... 200 OK
Length: 90146 (88K) [image/svg+xml]
Saving to: ‘../data/deliveryimages.acm.org/10.1145/3190000/3186051/images/www2018-60-img2.svg’

     0K .......... .......... .......... .......... .......... 56% 1.33M 0s
    50K .......... .......... .......... ........             100% 3.82M=0.05s

2018-05-16 19:36:32 (1.85 MB/s) - ‘../data/deliveryimages.acm.org/10.1145/3190000/3186051/images/www2018-60-img2.svg’ saved [90146/90146]

--2018-05-16 19:36:32--  http://deliveryimages.acm.org/10.1145/3190000/3186051/images/www2018-60-fig3.jpg
Connecting to deliveryimages.acm.org (deliveryimages.acm.org)|104.17.80.191|:80... connected.
HTTP request sent, awaiting response... 301 Moved Permanently
Location: https://deliveryimages.acm.org/10.1145/3190000/3186051/images/www2018-60-fig3.jpg [following]
--2018-05-16 19:36:32--  https://deliveryimages.acm.org/10.1145/3190000/3186051/images/www2018-60-fig3.jpg
Connecting to deliveryimages.acm.org (deliveryimages.acm.org)|104.17.80.191|:443... connected.
HTTP request sent, awaiting response... 200 OK
Length: 63609 (62K) [image/jpeg]
Saving to: ‘../data/deliveryimages.acm.org/10.1145/3190000/3186051/images/www2018-60-fig3.jpg’

     0K .......... .......... .......... .......... .......... 80% 1.26M 0s
    50K .......... ..                                         100% 2.74M=0.04s

2018-05-16 19:36:33 (1.41 MB/s) - ‘../data/deliveryimages.acm.org/10.1145/3190000/3186051/images/www2018-60-fig3.jpg’ saved [63609/63609]

--2018-05-16 19:36:33--  http://deliveryimages.acm.org/10.1145/3190000/3186051/images/www2018-60-fig4.jpg
Connecting to deliveryimages.acm.org (deliveryimages.acm.org)|104.17.80.191|:80... connected.
HTTP request sent, awaiting response... 301 Moved Permanently
Location: https://deliveryimages.acm.org/10.1145/3190000/3186051/images/www2018-60-fig4.jpg [following]
--2018-05-16 19:36:33--  https://deliveryimages.acm.org/10.1145/3190000/3186051/images/www2018-60-fig4.jpg
Connecting to deliveryimages.acm.org (deliveryimages.acm.org)|104.17.80.191|:443... connected.
HTTP request sent, awaiting response... 200 OK
Length: 33077 (32K) [image/jpeg]
Saving to: ‘../data/deliveryimages.acm.org/10.1145/3190000/3186051/images/www2018-60-fig4.jpg’

     0K .......... .......... .......... ..                   100% 1.39M=0.02s

2018-05-16 19:36:33 (1.39 MB/s) - ‘../data/deliveryimages.acm.org/10.1145/3190000/3186051/images/www2018-60-fig4.jpg’ saved [33077/33077]

--2018-05-16 19:36:33--  http://deliveryimages.acm.org/10.1145/3190000/3186051/images/www2018-60-fig5.jpg
Connecting to deliveryimages.acm.org (deliveryimages.acm.org)|104.17.80.191|:80... connected.
HTTP request sent, awaiting response... 301 Moved Permanently
Location: https://deliveryimages.acm.org/10.1145/3190000/3186051/images/www2018-60-fig5.jpg [following]
--2018-05-16 19:36:33--  https://deliveryimages.acm.org/10.1145/3190000/3186051/images/www2018-60-fig5.jpg
Connecting to deliveryimages.acm.org (deliveryimages.acm.org)|104.17.80.191|:443... connected.
HTTP request sent, awaiting response... 200 OK
Length: 53455 (52K) [image/jpeg]
Saving to: ‘../data/deliveryimages.acm.org/10.1145/3190000/3186051/images/www2018-60-fig5.jpg’

     0K .......... .......... .......... .......... .......... 95% 1.28M 0s
    50K ..                                                    100% 1001K=0.04s

2018-05-16 19:36:34 (1.26 MB/s) - ‘../data/deliveryimages.acm.org/10.1145/3190000/3186051/images/www2018-60-fig5.jpg’ saved [53455/53455]

--2018-05-16 19:36:34--  http://deliveryimages.acm.org/10.1145/3190000/3186051/images/www2018-60-fig6.jpg
Connecting to deliveryimages.acm.org (deliveryimages.acm.org)|104.17.80.191|:80... connected.
HTTP request sent, awaiting response... 301 Moved Permanently
Location: https://deliveryimages.acm.org/10.1145/3190000/3186051/images/www2018-60-fig6.jpg [following]
--2018-05-16 19:36:34--  https://deliveryimages.acm.org/10.1145/3190000/3186051/images/www2018-60-fig6.jpg
Connecting to deliveryimages.acm.org (deliveryimages.acm.org)|104.17.80.191|:443... connected.
HTTP request sent, awaiting response... 200 OK
Length: 113712 (111K) [image/jpeg]
Saving to: ‘../data/deliveryimages.acm.org/10.1145/3190000/3186051/images/www2018-60-fig6.jpg’

     0K .......... .......... .......... .......... .......... 45% 1.27M 0s
    50K .......... .......... .......... .......... .......... 90% 2.81M 0s
   100K .......... .                                          100% 18.6M=0.06s

2018-05-16 19:36:34 (1.92 MB/s) - ‘../data/deliveryimages.acm.org/10.1145/3190000/3186051/images/www2018-60-fig6.jpg’ saved [113712/113712]

FINISHED --2018-05-16 19:36:34--
Total wall clock time: 3.4s
Downloaded: 9 files, 654K in 0.4s (1.70 MB/s)
Converting links in ../data/delivery.acm.org/10.1145/3190000/3186051/p97-wang.html?ip=84.92.48.26&id=3186051&acc=OPENTOC&key=4D4702B0C3E38B35%2E4D4702B0C3E38B35%2E4D4702B0C3E38B35%2E4DD68F0663C... 127-0
Converted links in 1 files in 0.004 seconds.
