--2018-05-16 14:24:10--  http://delivery.acm.org/10.1145/3190000/3186120/p539-tsitsulin.html?ip=24.48.71.56&id=3186120&acc=OPENTOC&key=4D4702B0C3E38B35%2E4D4702B0C3E38B35%2E4D4702B0C3E38B35%2E4DD68F0663C025AA&__acm__=1526495349_7c9386db683ffe0a8829f9a7a95d2d65
Resolving delivery.acm.org (delivery.acm.org)... 24.200.120.82, 24.200.120.90
Connecting to delivery.acm.org (delivery.acm.org)|24.200.120.82|:80... connected.
HTTP request sent, awaiting response... 200 OK
Length: 103894 (101K) [text/html]
Saving to: ‘../data/delivery.acm.org/10.1145/3190000/3186120/p539-tsitsulin.html?ip=24.48.71.56&id=3186120&acc=OPENTOC&key=4D4702B0C3E38B35.4D4702B0C3E38B35.4D4702B0C3E38B35.4DD68F0663C025AA&__acm__=1526495349_7c9386db683ffe0a8829f9a7a95d2d65’

     0K .......... .......... .......... .......... .......... 49% 1.51M 0s
    50K .......... .......... .......... .......... .......... 98% 1.72M 0s
   100K .                                                     100% 2783G=0.06s

2018-05-16 14:24:11 (1.63 MB/s) - ‘../data/delivery.acm.org/10.1145/3190000/3186120/p539-tsitsulin.html?ip=24.48.71.56&id=3186120&acc=OPENTOC&key=4D4702B0C3E38B35.4D4702B0C3E38B35.4D4702B0C3E38B35.4DD68F0663C025AA&__acm__=1526495349_7c9386db683ffe0a8829f9a7a95d2d65’ saved [103894/103894]

--2018-05-16 14:24:11--  http://deliveryimages.acm.org/10.1145/3190000/3186120/images/www2018-129-fig1.jpg
Resolving deliveryimages.acm.org (deliveryimages.acm.org)... 104.17.80.191, 104.17.79.191
Connecting to deliveryimages.acm.org (deliveryimages.acm.org)|104.17.80.191|:80... connected.
HTTP request sent, awaiting response... 301 Moved Permanently
Location: https://deliveryimages.acm.org/10.1145/3190000/3186120/images/www2018-129-fig1.jpg [following]
--2018-05-16 14:24:11--  https://deliveryimages.acm.org/10.1145/3190000/3186120/images/www2018-129-fig1.jpg
Connecting to deliveryimages.acm.org (deliveryimages.acm.org)|104.17.80.191|:443... connected.
HTTP request sent, awaiting response... 200 OK
Length: 104637 (102K) [image/jpeg]
Saving to: ‘../data/deliveryimages.acm.org/10.1145/3190000/3186120/images/www2018-129-fig1.jpg’

     0K .......... .......... .......... .......... .......... 48% 1.50M 0s
    50K .......... .......... .......... .......... .......... 97% 3.22M 0s
   100K ..                                                    100% 4167G=0.05s

2018-05-16 14:24:11 (2.09 MB/s) - ‘../data/deliveryimages.acm.org/10.1145/3190000/3186120/images/www2018-129-fig1.jpg’ saved [104637/104637]

--2018-05-16 14:24:11--  http://deliveryimages.acm.org/10.1145/3190000/3186120/images/www2018-129-graphic3.jpg
Connecting to deliveryimages.acm.org (deliveryimages.acm.org)|104.17.80.191|:80... connected.
HTTP request sent, awaiting response... 301 Moved Permanently
Location: https://deliveryimages.acm.org/10.1145/3190000/3186120/images/www2018-129-graphic3.jpg [following]
--2018-05-16 14:24:11--  https://deliveryimages.acm.org/10.1145/3190000/3186120/images/www2018-129-graphic3.jpg
Connecting to deliveryimages.acm.org (deliveryimages.acm.org)|104.17.80.191|:443... connected.
HTTP request sent, awaiting response... 200 OK
Length: 23435 (23K) [image/jpeg]
Saving to: ‘../data/deliveryimages.acm.org/10.1145/3190000/3186120/images/www2018-129-graphic3.jpg’

     0K .......... .......... ..                              100% 1012K=0.02s

2018-05-16 14:24:11 (1012 KB/s) - ‘../data/deliveryimages.acm.org/10.1145/3190000/3186120/images/www2018-129-graphic3.jpg’ saved [23435/23435]

--2018-05-16 14:24:11--  http://deliveryimages.acm.org/10.1145/3190000/3186120/images/www2018-129-graphic4.jpg
Connecting to deliveryimages.acm.org (deliveryimages.acm.org)|104.17.80.191|:80... connected.
HTTP request sent, awaiting response... 301 Moved Permanently
Location: https://deliveryimages.acm.org/10.1145/3190000/3186120/images/www2018-129-graphic4.jpg [following]
--2018-05-16 14:24:11--  https://deliveryimages.acm.org/10.1145/3190000/3186120/images/www2018-129-graphic4.jpg
Connecting to deliveryimages.acm.org (deliveryimages.acm.org)|104.17.80.191|:443... connected.
HTTP request sent, awaiting response... 200 OK
Length: 23994 (23K) [image/jpeg]
Saving to: ‘../data/deliveryimages.acm.org/10.1145/3190000/3186120/images/www2018-129-graphic4.jpg’

     0K .......... .......... ...                             100% 1.51M=0.02s

2018-05-16 14:24:12 (1.51 MB/s) - ‘../data/deliveryimages.acm.org/10.1145/3190000/3186120/images/www2018-129-graphic4.jpg’ saved [23994/23994]

--2018-05-16 14:24:12--  http://deliveryimages.acm.org/10.1145/3190000/3186120/images/www2018-129-graphic2.jpg
Connecting to deliveryimages.acm.org (deliveryimages.acm.org)|104.17.80.191|:80... connected.
HTTP request sent, awaiting response... 301 Moved Permanently
Location: https://deliveryimages.acm.org/10.1145/3190000/3186120/images/www2018-129-graphic2.jpg [following]
--2018-05-16 14:24:12--  https://deliveryimages.acm.org/10.1145/3190000/3186120/images/www2018-129-graphic2.jpg
Connecting to deliveryimages.acm.org (deliveryimages.acm.org)|104.17.80.191|:443... connected.
HTTP request sent, awaiting response... 200 OK
Length: 54615 (53K) [image/jpeg]
Saving to: ‘../data/deliveryimages.acm.org/10.1145/3190000/3186120/images/www2018-129-graphic2.jpg’

     0K .......... .......... .......... .......... .......... 93% 1.55M 0s
    50K ...                                                   100% 19.0M=0.03s

2018-05-16 14:24:12 (1.65 MB/s) - ‘../data/deliveryimages.acm.org/10.1145/3190000/3186120/images/www2018-129-graphic2.jpg’ saved [54615/54615]

--2018-05-16 14:24:12--  http://deliveryimages.acm.org/10.1145/3190000/3186120/images/www2018-129-fig2.jpg
Connecting to deliveryimages.acm.org (deliveryimages.acm.org)|104.17.80.191|:80... connected.
HTTP request sent, awaiting response... 301 Moved Permanently
Location: https://deliveryimages.acm.org/10.1145/3190000/3186120/images/www2018-129-fig2.jpg [following]
--2018-05-16 14:24:12--  https://deliveryimages.acm.org/10.1145/3190000/3186120/images/www2018-129-fig2.jpg
Connecting to deliveryimages.acm.org (deliveryimages.acm.org)|104.17.80.191|:443... connected.
HTTP request sent, awaiting response... 200 OK
Length: 119206 (116K) [image/jpeg]
Saving to: ‘../data/deliveryimages.acm.org/10.1145/3190000/3186120/images/www2018-129-fig2.jpg’

     0K .......... .......... .......... .......... .......... 42% 1.13M 0s
    50K .......... .......... .......... .......... .......... 85% 2.92M 0s
   100K .......... ......                                     100% 60.5M=0.06s

2018-05-16 14:24:12 (1.89 MB/s) - ‘../data/deliveryimages.acm.org/10.1145/3190000/3186120/images/www2018-129-fig2.jpg’ saved [119206/119206]

--2018-05-16 14:24:12--  http://deliveryimages.acm.org/10.1145/3190000/3186120/images/www2018-129-fig3.jpg
Connecting to deliveryimages.acm.org (deliveryimages.acm.org)|104.17.80.191|:80... connected.
HTTP request sent, awaiting response... 301 Moved Permanently
Location: https://deliveryimages.acm.org/10.1145/3190000/3186120/images/www2018-129-fig3.jpg [following]
--2018-05-16 14:24:12--  https://deliveryimages.acm.org/10.1145/3190000/3186120/images/www2018-129-fig3.jpg
Connecting to deliveryimages.acm.org (deliveryimages.acm.org)|104.17.80.191|:443... connected.
HTTP request sent, awaiting response... 200 OK
Length: 180202 (176K) [image/jpeg]
Saving to: ‘../data/deliveryimages.acm.org/10.1145/3190000/3186120/images/www2018-129-fig3.jpg’

     0K .......... .......... .......... .......... .......... 28% 1.28M 0s
    50K .......... .......... .......... .......... .......... 56% 1.79M 0s
   100K .......... .......... .......... .......... .......... 85% 1.92M 0s
   150K .......... .......... .....                           100% 7.24M=0.09s

2018-05-16 14:24:13 (1.82 MB/s) - ‘../data/deliveryimages.acm.org/10.1145/3190000/3186120/images/www2018-129-fig3.jpg’ saved [180202/180202]

--2018-05-16 14:24:13--  http://deliveryimages.acm.org/10.1145/3190000/3186120/images/www2018-129-fig4.jpg
Connecting to deliveryimages.acm.org (deliveryimages.acm.org)|104.17.80.191|:80... connected.
HTTP request sent, awaiting response... 301 Moved Permanently
Location: https://deliveryimages.acm.org/10.1145/3190000/3186120/images/www2018-129-fig4.jpg [following]
--2018-05-16 14:24:13--  https://deliveryimages.acm.org/10.1145/3190000/3186120/images/www2018-129-fig4.jpg
Connecting to deliveryimages.acm.org (deliveryimages.acm.org)|104.17.80.191|:443... connected.
HTTP request sent, awaiting response... 200 OK
Length: 192959 (188K) [image/jpeg]
Saving to: ‘../data/deliveryimages.acm.org/10.1145/3190000/3186120/images/www2018-129-fig4.jpg’

     0K .......... .......... .......... .......... .......... 26% 1.26M 0s
    50K .......... .......... .......... .......... .......... 53% 3.39M 0s
   100K .......... .......... .......... .......... .......... 79% 3.98M 0s
   150K .......... .......... .......... ........             100% 4.44M=0.07s

2018-05-16 14:24:13 (2.49 MB/s) - ‘../data/deliveryimages.acm.org/10.1145/3190000/3186120/images/www2018-129-fig4.jpg’ saved [192959/192959]

--2018-05-16 14:24:13--  http://deliveryimages.acm.org/10.1145/3190000/3186120/images/www2018-129-graphic8.jpg
Connecting to deliveryimages.acm.org (deliveryimages.acm.org)|104.17.80.191|:80... connected.
HTTP request sent, awaiting response... 301 Moved Permanently
Location: https://deliveryimages.acm.org/10.1145/3190000/3186120/images/www2018-129-graphic8.jpg [following]
--2018-05-16 14:24:13--  https://deliveryimages.acm.org/10.1145/3190000/3186120/images/www2018-129-graphic8.jpg
Connecting to deliveryimages.acm.org (deliveryimages.acm.org)|104.17.80.191|:443... connected.
HTTP request sent, awaiting response... 200 OK
Length: 39185 (38K) [image/jpeg]
Saving to: ‘../data/deliveryimages.acm.org/10.1145/3190000/3186120/images/www2018-129-graphic8.jpg’

     0K .......... .......... .......... ........             100% 1.68M=0.02s

2018-05-16 14:24:13 (1.68 MB/s) - ‘../data/deliveryimages.acm.org/10.1145/3190000/3186120/images/www2018-129-graphic8.jpg’ saved [39185/39185]

--2018-05-16 14:24:13--  http://deliveryimages.acm.org/10.1145/3190000/3186120/images/www2018-129-graphic9.jpg
Connecting to deliveryimages.acm.org (deliveryimages.acm.org)|104.17.80.191|:80... connected.
HTTP request sent, awaiting response... 301 Moved Permanently
Location: https://deliveryimages.acm.org/10.1145/3190000/3186120/images/www2018-129-graphic9.jpg [following]
--2018-05-16 14:24:14--  https://deliveryimages.acm.org/10.1145/3190000/3186120/images/www2018-129-graphic9.jpg
Connecting to deliveryimages.acm.org (deliveryimages.acm.org)|104.17.80.191|:443... connected.
HTTP request sent, awaiting response... 200 OK
Length: 62508 (61K) [image/jpeg]
Saving to: ‘../data/deliveryimages.acm.org/10.1145/3190000/3186120/images/www2018-129-graphic9.jpg’

     0K .......... .......... .......... .......... .......... 81% 1.09M 0s
    50K .......... .                                          100% 3.29M=0.05s

2018-05-16 14:24:14 (1.24 MB/s) - ‘../data/deliveryimages.acm.org/10.1145/3190000/3186120/images/www2018-129-graphic9.jpg’ saved [62508/62508]

--2018-05-16 14:24:14--  http://deliveryimages.acm.org/10.1145/3190000/3186120/images/www2018-129-graphic10.jpg
Connecting to deliveryimages.acm.org (deliveryimages.acm.org)|104.17.80.191|:80... connected.
HTTP request sent, awaiting response... 301 Moved Permanently
Location: https://deliveryimages.acm.org/10.1145/3190000/3186120/images/www2018-129-graphic10.jpg [following]
--2018-05-16 14:24:14--  https://deliveryimages.acm.org/10.1145/3190000/3186120/images/www2018-129-graphic10.jpg
Connecting to deliveryimages.acm.org (deliveryimages.acm.org)|104.17.80.191|:443... connected.
HTTP request sent, awaiting response... 200 OK
Length: 59072 (58K) [image/jpeg]
Saving to: ‘../data/deliveryimages.acm.org/10.1145/3190000/3186120/images/www2018-129-graphic10.jpg’

     0K .......... .......... .......... .......... .......... 86% 1.36M 0s
    50K .......                                               100% 5.07M=0.04s

2018-05-16 14:24:14 (1.51 MB/s) - ‘../data/deliveryimages.acm.org/10.1145/3190000/3186120/images/www2018-129-graphic10.jpg’ saved [59072/59072]

--2018-05-16 14:24:14--  http://deliveryimages.acm.org/10.1145/3190000/3186120/images/www2018-129-graphic11.jpg
Connecting to deliveryimages.acm.org (deliveryimages.acm.org)|104.17.80.191|:80... connected.
HTTP request sent, awaiting response... 301 Moved Permanently
Location: https://deliveryimages.acm.org/10.1145/3190000/3186120/images/www2018-129-graphic11.jpg [following]
--2018-05-16 14:24:14--  https://deliveryimages.acm.org/10.1145/3190000/3186120/images/www2018-129-graphic11.jpg
Connecting to deliveryimages.acm.org (deliveryimages.acm.org)|104.17.80.191|:443... connected.
HTTP request sent, awaiting response... 200 OK
Length: 63131 (62K) [image/jpeg]
Saving to: ‘../data/deliveryimages.acm.org/10.1145/3190000/3186120/images/www2018-129-graphic11.jpg’

     0K .......... .......... .......... .......... .......... 81%  871K 0s
    50K .......... .                                          100%  895K=0.07s

2018-05-16 14:24:14 (875 KB/s) - ‘../data/deliveryimages.acm.org/10.1145/3190000/3186120/images/www2018-129-graphic11.jpg’ saved [63131/63131]

--2018-05-16 14:24:14--  http://deliveryimages.acm.org/10.1145/3190000/3186120/images/www2018-129-graphic12.jpg
Connecting to deliveryimages.acm.org (deliveryimages.acm.org)|104.17.80.191|:80... connected.
HTTP request sent, awaiting response... 301 Moved Permanently
Location: https://deliveryimages.acm.org/10.1145/3190000/3186120/images/www2018-129-graphic12.jpg [following]
--2018-05-16 14:24:15--  https://deliveryimages.acm.org/10.1145/3190000/3186120/images/www2018-129-graphic12.jpg
Connecting to deliveryimages.acm.org (deliveryimages.acm.org)|104.17.80.191|:443... connected.
HTTP request sent, awaiting response... 200 OK
Length: 54246 (53K) [image/jpeg]
Saving to: ‘../data/deliveryimages.acm.org/10.1145/3190000/3186120/images/www2018-129-graphic12.jpg’

     0K .......... .......... .......... .......... .......... 94% 1.72M 0s
    50K ..                                                    100% 3.31M=0.03s

2018-05-16 14:24:15 (1.76 MB/s) - ‘../data/deliveryimages.acm.org/10.1145/3190000/3186120/images/www2018-129-graphic12.jpg’ saved [54246/54246]

--2018-05-16 14:24:15--  http://deliveryimages.acm.org/10.1145/3190000/3186120/images/www2018-129-graphic13.jpg
Connecting to deliveryimages.acm.org (deliveryimages.acm.org)|104.17.80.191|:80... connected.
HTTP request sent, awaiting response... 301 Moved Permanently
Location: https://deliveryimages.acm.org/10.1145/3190000/3186120/images/www2018-129-graphic13.jpg [following]
--2018-05-16 14:24:15--  https://deliveryimages.acm.org/10.1145/3190000/3186120/images/www2018-129-graphic13.jpg
Connecting to deliveryimages.acm.org (deliveryimages.acm.org)|104.17.80.191|:443... connected.
HTTP request sent, awaiting response... 200 OK
Length: 42295 (41K) [image/jpeg]
Saving to: ‘../data/deliveryimages.acm.org/10.1145/3190000/3186120/images/www2018-129-graphic13.jpg’

     0K .......... .......... .......... .......... .         100%  880K=0.05s

2018-05-16 14:24:15 (880 KB/s) - ‘../data/deliveryimages.acm.org/10.1145/3190000/3186120/images/www2018-129-graphic13.jpg’ saved [42295/42295]

--2018-05-16 14:24:15--  http://deliveryimages.acm.org/10.1145/3190000/3186120/images/www2018-129-graphic14.jpg
Connecting to deliveryimages.acm.org (deliveryimages.acm.org)|104.17.80.191|:80... connected.
HTTP request sent, awaiting response... 301 Moved Permanently
Location: https://deliveryimages.acm.org/10.1145/3190000/3186120/images/www2018-129-graphic14.jpg [following]
--2018-05-16 14:24:15--  https://deliveryimages.acm.org/10.1145/3190000/3186120/images/www2018-129-graphic14.jpg
Connecting to deliveryimages.acm.org (deliveryimages.acm.org)|104.17.80.191|:443... connected.
HTTP request sent, awaiting response... 200 OK
Length: 36734 (36K) [image/jpeg]
Saving to: ‘../data/deliveryimages.acm.org/10.1145/3190000/3186120/images/www2018-129-graphic14.jpg’

     0K .......... .......... .......... .....                100% 1.40M=0.03s

2018-05-16 14:24:15 (1.40 MB/s) - ‘../data/deliveryimages.acm.org/10.1145/3190000/3186120/images/www2018-129-graphic14.jpg’ saved [36734/36734]

--2018-05-16 14:24:15--  http://deliveryimages.acm.org/10.1145/3190000/3186120/images/www2018-129-graphic15.jpg
Connecting to deliveryimages.acm.org (deliveryimages.acm.org)|104.17.80.191|:80... connected.
HTTP request sent, awaiting response... 301 Moved Permanently
Location: https://deliveryimages.acm.org/10.1145/3190000/3186120/images/www2018-129-graphic15.jpg [following]
--2018-05-16 14:24:15--  https://deliveryimages.acm.org/10.1145/3190000/3186120/images/www2018-129-graphic15.jpg
Connecting to deliveryimages.acm.org (deliveryimages.acm.org)|104.17.80.191|:443... connected.
HTTP request sent, awaiting response... 200 OK
Length: 33895 (33K) [image/jpeg]
Saving to: ‘../data/deliveryimages.acm.org/10.1145/3190000/3186120/images/www2018-129-graphic15.jpg’

     0K .......... .......... .......... ...                  100%  797K=0.04s

2018-05-16 14:24:16 (797 KB/s) - ‘../data/deliveryimages.acm.org/10.1145/3190000/3186120/images/www2018-129-graphic15.jpg’ saved [33895/33895]

--2018-05-16 14:24:16--  http://deliveryimages.acm.org/10.1145/3190000/3186120/images/www2018-129-graphic16.jpg
Connecting to deliveryimages.acm.org (deliveryimages.acm.org)|104.17.80.191|:80... connected.
HTTP request sent, awaiting response... 301 Moved Permanently
Location: https://deliveryimages.acm.org/10.1145/3190000/3186120/images/www2018-129-graphic16.jpg [following]
--2018-05-16 14:24:16--  https://deliveryimages.acm.org/10.1145/3190000/3186120/images/www2018-129-graphic16.jpg
Connecting to deliveryimages.acm.org (deliveryimages.acm.org)|104.17.80.191|:443... connected.
HTTP request sent, awaiting response... 200 OK
Length: 57518 (56K) [image/jpeg]
Saving to: ‘../data/deliveryimages.acm.org/10.1145/3190000/3186120/images/www2018-129-graphic16.jpg’

     0K .......... .......... .......... .......... .......... 89%  898K 0s
    50K ......                                                100% 3.61M=0.06s

2018-05-16 14:24:16 (979 KB/s) - ‘../data/deliveryimages.acm.org/10.1145/3190000/3186120/images/www2018-129-graphic16.jpg’ saved [57518/57518]

--2018-05-16 14:24:16--  http://deliveryimages.acm.org/10.1145/3190000/3186120/images/www2018-129-graphic17.jpg
Connecting to deliveryimages.acm.org (deliveryimages.acm.org)|104.17.80.191|:80... connected.
HTTP request sent, awaiting response... 301 Moved Permanently
Location: https://deliveryimages.acm.org/10.1145/3190000/3186120/images/www2018-129-graphic17.jpg [following]
--2018-05-16 14:24:16--  https://deliveryimages.acm.org/10.1145/3190000/3186120/images/www2018-129-graphic17.jpg
Connecting to deliveryimages.acm.org (deliveryimages.acm.org)|104.17.80.191|:443... connected.
HTTP request sent, awaiting response... 200 OK
Length: 52668 (51K) [image/jpeg]
Saving to: ‘../data/deliveryimages.acm.org/10.1145/3190000/3186120/images/www2018-129-graphic17.jpg’

     0K .......... .......... .......... .......... .......... 97% 1.58M 0s
    50K .                                                     100% 22.5M=0.03s

2018-05-16 14:24:16 (1.62 MB/s) - ‘../data/deliveryimages.acm.org/10.1145/3190000/3186120/images/www2018-129-graphic17.jpg’ saved [52668/52668]

--2018-05-16 14:24:16--  http://deliveryimages.acm.org/10.1145/3190000/3186120/images/www2018-129-fig5.jpg
Connecting to deliveryimages.acm.org (deliveryimages.acm.org)|104.17.80.191|:80... connected.
HTTP request sent, awaiting response... 301 Moved Permanently
Location: https://deliveryimages.acm.org/10.1145/3190000/3186120/images/www2018-129-fig5.jpg [following]
--2018-05-16 14:24:16--  https://deliveryimages.acm.org/10.1145/3190000/3186120/images/www2018-129-fig5.jpg
Connecting to deliveryimages.acm.org (deliveryimages.acm.org)|104.17.80.191|:443... connected.
HTTP request sent, awaiting response... 200 OK
Length: 112859 (110K) [image/jpeg]
Saving to: ‘../data/deliveryimages.acm.org/10.1145/3190000/3186120/images/www2018-129-fig5.jpg’

     0K .......... .......... .......... .......... .......... 45% 1.36M 0s
    50K .......... .......... .......... .......... .......... 90% 2.45M 0s
   100K ..........                                            100% 5.52M=0.06s

2018-05-16 14:24:17 (1.87 MB/s) - ‘../data/deliveryimages.acm.org/10.1145/3190000/3186120/images/www2018-129-fig5.jpg’ saved [112859/112859]

--2018-05-16 14:24:17--  http://deliveryimages.acm.org/10.1145/3190000/3186120/images/www2018-129-graphic19.jpg
Connecting to deliveryimages.acm.org (deliveryimages.acm.org)|104.17.80.191|:80... connected.
HTTP request sent, awaiting response... 301 Moved Permanently
Location: https://deliveryimages.acm.org/10.1145/3190000/3186120/images/www2018-129-graphic19.jpg [following]
--2018-05-16 14:24:17--  https://deliveryimages.acm.org/10.1145/3190000/3186120/images/www2018-129-graphic19.jpg
Connecting to deliveryimages.acm.org (deliveryimages.acm.org)|104.17.80.191|:443... connected.
HTTP request sent, awaiting response... 200 OK
Length: 23101 (23K) [image/jpeg]
Saving to: ‘../data/deliveryimages.acm.org/10.1145/3190000/3186120/images/www2018-129-graphic19.jpg’

     0K .......... .......... ..                              100% 1.47M=0.02s

2018-05-16 14:24:17 (1.47 MB/s) - ‘../data/deliveryimages.acm.org/10.1145/3190000/3186120/images/www2018-129-graphic19.jpg’ saved [23101/23101]

--2018-05-16 14:24:17--  http://deliveryimages.acm.org/10.1145/3190000/3186120/images/www2018-129-graphic20.jpg
Connecting to deliveryimages.acm.org (deliveryimages.acm.org)|104.17.80.191|:80... connected.
HTTP request sent, awaiting response... 301 Moved Permanently
Location: https://deliveryimages.acm.org/10.1145/3190000/3186120/images/www2018-129-graphic20.jpg [following]
--2018-05-16 14:24:17--  https://deliveryimages.acm.org/10.1145/3190000/3186120/images/www2018-129-graphic20.jpg
Connecting to deliveryimages.acm.org (deliveryimages.acm.org)|104.17.80.191|:443... connected.
HTTP request sent, awaiting response... 200 OK
Length: 23040 (22K) [image/jpeg]
Saving to: ‘../data/deliveryimages.acm.org/10.1145/3190000/3186120/images/www2018-129-graphic20.jpg’

     0K .......... .......... ..                              100%  925K=0.02s

2018-05-16 14:24:17 (925 KB/s) - ‘../data/deliveryimages.acm.org/10.1145/3190000/3186120/images/www2018-129-graphic20.jpg’ saved [23040/23040]

--2018-05-16 14:24:17--  http://deliveryimages.acm.org/10.1145/3190000/3186120/images/www2018-129-fig6.jpg
Connecting to deliveryimages.acm.org (deliveryimages.acm.org)|104.17.80.191|:80... connected.
HTTP request sent, awaiting response... 301 Moved Permanently
Location: https://deliveryimages.acm.org/10.1145/3190000/3186120/images/www2018-129-fig6.jpg [following]
--2018-05-16 14:24:17--  https://deliveryimages.acm.org/10.1145/3190000/3186120/images/www2018-129-fig6.jpg
Connecting to deliveryimages.acm.org (deliveryimages.acm.org)|104.17.80.191|:443... connected.
HTTP request sent, awaiting response... 200 OK
Length: 281484 (275K) [image/jpeg]
Saving to: ‘../data/deliveryimages.acm.org/10.1145/3190000/3186120/images/www2018-129-fig6.jpg’

     0K .......... .......... .......... .......... .......... 18% 1.67M 0s
    50K .......... .......... .......... .......... .......... 36% 3.33M 0s
   100K .......... .......... .......... .......... .......... 54% 4.01M 0s
   150K .......... .......... .......... .......... .......... 72% 2.68M 0s
   200K .......... .......... .......... .......... .......... 90% 7.63M 0s
   250K .......... .......... ....                            100% 7.99M=0.08s

2018-05-16 14:24:17 (3.21 MB/s) - ‘../data/deliveryimages.acm.org/10.1145/3190000/3186120/images/www2018-129-fig6.jpg’ saved [281484/281484]

--2018-05-16 14:24:17--  http://deliveryimages.acm.org/10.1145/3190000/3186120/images/www2018-129-graphic24.jpg
Connecting to deliveryimages.acm.org (deliveryimages.acm.org)|104.17.80.191|:80... connected.
HTTP request sent, awaiting response... 301 Moved Permanently
Location: https://deliveryimages.acm.org/10.1145/3190000/3186120/images/www2018-129-graphic24.jpg [following]
--2018-05-16 14:24:17--  https://deliveryimages.acm.org/10.1145/3190000/3186120/images/www2018-129-graphic24.jpg
Connecting to deliveryimages.acm.org (deliveryimages.acm.org)|104.17.80.191|:443... connected.
HTTP request sent, awaiting response... 200 OK
Length: 23098 (23K) [image/jpeg]
Saving to: ‘../data/deliveryimages.acm.org/10.1145/3190000/3186120/images/www2018-129-graphic24.jpg’

     0K .......... .......... ..                              100%  975K=0.02s

2018-05-16 14:24:18 (975 KB/s) - ‘../data/deliveryimages.acm.org/10.1145/3190000/3186120/images/www2018-129-graphic24.jpg’ saved [23098/23098]

--2018-05-16 14:24:18--  http://deliveryimages.acm.org/10.1145/3190000/3186120/images/www2018-129-graphic25.jpg
Connecting to deliveryimages.acm.org (deliveryimages.acm.org)|104.17.80.191|:80... connected.
HTTP request sent, awaiting response... 301 Moved Permanently
Location: https://deliveryimages.acm.org/10.1145/3190000/3186120/images/www2018-129-graphic25.jpg [following]
--2018-05-16 14:24:18--  https://deliveryimages.acm.org/10.1145/3190000/3186120/images/www2018-129-graphic25.jpg
Connecting to deliveryimages.acm.org (deliveryimages.acm.org)|104.17.80.191|:443... connected.
HTTP request sent, awaiting response... 200 OK
Length: 23417 (23K) [image/jpeg]
Saving to: ‘../data/deliveryimages.acm.org/10.1145/3190000/3186120/images/www2018-129-graphic25.jpg’

     0K .......... .......... ..                              100%  648K=0.04s

2018-05-16 14:24:18 (648 KB/s) - ‘../data/deliveryimages.acm.org/10.1145/3190000/3186120/images/www2018-129-graphic25.jpg’ saved [23417/23417]

--2018-05-16 14:24:18--  http://deliveryimages.acm.org/10.1145/3190000/3186120/images/www2018-129-graphic26.jpg
Connecting to deliveryimages.acm.org (deliveryimages.acm.org)|104.17.80.191|:80... connected.
HTTP request sent, awaiting response... 301 Moved Permanently
Location: https://deliveryimages.acm.org/10.1145/3190000/3186120/images/www2018-129-graphic26.jpg [following]
--2018-05-16 14:24:18--  https://deliveryimages.acm.org/10.1145/3190000/3186120/images/www2018-129-graphic26.jpg
Connecting to deliveryimages.acm.org (deliveryimages.acm.org)|104.17.80.191|:443... connected.
HTTP request sent, awaiting response... 200 OK
Length: 22998 (22K) [image/jpeg]
Saving to: ‘../data/deliveryimages.acm.org/10.1145/3190000/3186120/images/www2018-129-graphic26.jpg’

     0K .......... .......... ..                              100% 1.27M=0.02s

2018-05-16 14:24:18 (1.27 MB/s) - ‘../data/deliveryimages.acm.org/10.1145/3190000/3186120/images/www2018-129-graphic26.jpg’ saved [22998/22998]

FINISHED --2018-05-16 14:24:18--
Total wall clock time: 8.0s
Downloaded: 25 files, 1.7M in 1.1s (1.61 MB/s)
Converting links in ../data/delivery.acm.org/10.1145/3190000/3186120/p539-tsitsulin.html?ip=24.48.71.56&id=3186120&acc=OPENTOC&key=4D4702B0C3E38B35.4D4702B0C3E38B35.4D4702B0C3E38B35.4DD68F0663C025AA&__acm__=1526495349_7c9386db683ffe0a8829f9a7a95d2d65... 176-0
Converted links in 1 files in 0.006 seconds.
