--2018-05-16 14:24:41--  http://delivery.acm.org/10.1145/3190000/3186146/p649-yu.html?ip=24.48.71.56&id=3186146&acc=OPENTOC&key=4D4702B0C3E38B35%2E4D4702B0C3E38B35%2E4D4702B0C3E38B35%2E4DD68F0663C025AA&__acm__=1526495380_e3ba54a629b9a535afb57e001ee738c3
Resolving delivery.acm.org (delivery.acm.org)... 24.200.120.90, 24.200.120.82
Connecting to delivery.acm.org (delivery.acm.org)|24.200.120.90|:80... connected.
HTTP request sent, awaiting response... 200 OK
Length: 90864 (89K) [text/html]
Saving to: ‘../data/delivery.acm.org/10.1145/3190000/3186146/p649-yu.html?ip=24.48.71.56&id=3186146&acc=OPENTOC&key=4D4702B0C3E38B35.4D4702B0C3E38B35.4D4702B0C3E38B35.4DD68F0663C025AA&__acm__=1526495380_e3ba54a629b9a535afb57e001ee738c3’

     0K .......... .......... .......... .......... .......... 56% 3.06M 0s
    50K .......... .......... .......... ........             100% 2.53M=0.03s

2018-05-16 14:24:41 (2.80 MB/s) - ‘../data/delivery.acm.org/10.1145/3190000/3186146/p649-yu.html?ip=24.48.71.56&id=3186146&acc=OPENTOC&key=4D4702B0C3E38B35.4D4702B0C3E38B35.4D4702B0C3E38B35.4DD68F0663C025AA&__acm__=1526495380_e3ba54a629b9a535afb57e001ee738c3’ saved [90864/90864]

--2018-05-16 14:24:41--  http://deliveryimages.acm.org/10.1145/3190000/3186146/images/www2018-155-fig1.jpg
Resolving deliveryimages.acm.org (deliveryimages.acm.org)... 104.17.80.191, 104.17.79.191
Connecting to deliveryimages.acm.org (deliveryimages.acm.org)|104.17.80.191|:80... connected.
HTTP request sent, awaiting response... 301 Moved Permanently
Location: https://deliveryimages.acm.org/10.1145/3190000/3186146/images/www2018-155-fig1.jpg [following]
--2018-05-16 14:24:42--  https://deliveryimages.acm.org/10.1145/3190000/3186146/images/www2018-155-fig1.jpg
Connecting to deliveryimages.acm.org (deliveryimages.acm.org)|104.17.80.191|:443... connected.
HTTP request sent, awaiting response... 200 OK
Length: 246947 (241K) [image/jpeg]
Saving to: ‘../data/deliveryimages.acm.org/10.1145/3190000/3186146/images/www2018-155-fig1.jpg’

     0K .......... .......... .......... .......... .......... 20%  796K 0s
    50K .......... .......... .......... .......... .......... 41% 5.02M 0s
   100K .......... .......... .......... .......... .......... 62% 2.20M 0s
   150K .......... .......... .......... .......... .......... 82% 3.93M 0s
   200K .......... .......... .......... .......... .         100% 3.07M=0.1s

2018-05-16 14:24:42 (1.96 MB/s) - ‘../data/deliveryimages.acm.org/10.1145/3190000/3186146/images/www2018-155-fig1.jpg’ saved [246947/246947]

--2018-05-16 14:24:42--  http://deliveryimages.acm.org/10.1145/3190000/3186146/images/www2018-155-fig2.jpg
Connecting to deliveryimages.acm.org (deliveryimages.acm.org)|104.17.80.191|:80... connected.
HTTP request sent, awaiting response... 301 Moved Permanently
Location: https://deliveryimages.acm.org/10.1145/3190000/3186146/images/www2018-155-fig2.jpg [following]
--2018-05-16 14:24:42--  https://deliveryimages.acm.org/10.1145/3190000/3186146/images/www2018-155-fig2.jpg
Connecting to deliveryimages.acm.org (deliveryimages.acm.org)|104.17.80.191|:443... connected.
HTTP request sent, awaiting response... 200 OK
Length: 483896 (473K) [image/jpeg]
Saving to: ‘../data/deliveryimages.acm.org/10.1145/3190000/3186146/images/www2018-155-fig2.jpg’

     0K .......... .......... .......... .......... .......... 10% 1.38M 0s
    50K .......... .......... .......... .......... .......... 21% 2.58M 0s
   100K .......... .......... .......... .......... .......... 31% 4.24M 0s
   150K .......... .......... .......... .......... .......... 42% 7.06M 0s
   200K .......... .......... .......... .......... .......... 52% 2.35M 0s
   250K .......... .......... .......... .......... .......... 63% 4.63M 0s
   300K .......... .......... .......... .......... .......... 74% 2.52M 0s
   350K .......... .......... .......... .......... .......... 84% 5.68M 0s
   400K .......... .......... .......... .......... .......... 95% 11.4M 0s
   450K .......... .......... ..                              100% 16.0M=0.1s

2018-05-16 14:24:42 (3.35 MB/s) - ‘../data/deliveryimages.acm.org/10.1145/3190000/3186146/images/www2018-155-fig2.jpg’ saved [483896/483896]

--2018-05-16 14:24:42--  http://deliveryimages.acm.org/10.1145/3190000/3186146/images/www2018-155-fig3.jpg
Connecting to deliveryimages.acm.org (deliveryimages.acm.org)|104.17.80.191|:80... connected.
HTTP request sent, awaiting response... 301 Moved Permanently
Location: https://deliveryimages.acm.org/10.1145/3190000/3186146/images/www2018-155-fig3.jpg [following]
--2018-05-16 14:24:42--  https://deliveryimages.acm.org/10.1145/3190000/3186146/images/www2018-155-fig3.jpg
Connecting to deliveryimages.acm.org (deliveryimages.acm.org)|104.17.80.191|:443... connected.
HTTP request sent, awaiting response... 200 OK
Length: 189572 (185K) [image/jpeg]
Saving to: ‘../data/deliveryimages.acm.org/10.1145/3190000/3186146/images/www2018-155-fig3.jpg’

     0K .......... .......... .......... .......... .......... 27% 1.40M 0s
    50K .......... .......... .......... .......... .......... 54% 3.75M 0s
   100K .......... .......... .......... .......... .......... 81% 4.18M 0s
   150K .......... .......... .......... .....                100% 2.81M=0.07s

2018-05-16 14:24:43 (2.51 MB/s) - ‘../data/deliveryimages.acm.org/10.1145/3190000/3186146/images/www2018-155-fig3.jpg’ saved [189572/189572]

--2018-05-16 14:24:43--  http://deliveryimages.acm.org/10.1145/3190000/3186146/images/www2018-155-img1.svg
Connecting to deliveryimages.acm.org (deliveryimages.acm.org)|104.17.80.191|:80... connected.
HTTP request sent, awaiting response... 301 Moved Permanently
Location: https://deliveryimages.acm.org/10.1145/3190000/3186146/images/www2018-155-img1.svg [following]
--2018-05-16 14:24:43--  https://deliveryimages.acm.org/10.1145/3190000/3186146/images/www2018-155-img1.svg
Connecting to deliveryimages.acm.org (deliveryimages.acm.org)|104.17.80.191|:443... connected.
HTTP request sent, awaiting response... 200 OK
Length: 147019 (144K) [image/svg+xml]
Saving to: ‘../data/deliveryimages.acm.org/10.1145/3190000/3186146/images/www2018-155-img1.svg’

     0K .......... .......... .......... .......... .......... 34% 1000K 0s
    50K .......... .......... .......... .......... .......... 69% 2.97M 0s
   100K .......... .......... .......... .......... ...       100% 4.09M=0.08s

2018-05-16 14:24:43 (1.82 MB/s) - ‘../data/deliveryimages.acm.org/10.1145/3190000/3186146/images/www2018-155-img1.svg’ saved [147019/147019]

--2018-05-16 14:24:43--  http://deliveryimages.acm.org/10.1145/3190000/3186146/images/www2018-155-fig4.jpg
Connecting to deliveryimages.acm.org (deliveryimages.acm.org)|104.17.80.191|:80... connected.
HTTP request sent, awaiting response... 301 Moved Permanently
Location: https://deliveryimages.acm.org/10.1145/3190000/3186146/images/www2018-155-fig4.jpg [following]
--2018-05-16 14:24:43--  https://deliveryimages.acm.org/10.1145/3190000/3186146/images/www2018-155-fig4.jpg
Connecting to deliveryimages.acm.org (deliveryimages.acm.org)|104.17.80.191|:443... connected.
HTTP request sent, awaiting response... 200 OK
Length: 446030 (436K) [image/jpeg]
Saving to: ‘../data/deliveryimages.acm.org/10.1145/3190000/3186146/images/www2018-155-fig4.jpg’

     0K .......... .......... .......... .......... .......... 11% 1.34M 0s
    50K .......... .......... .......... .......... .......... 22% 2.48M 0s
   100K .......... .......... .......... .......... .......... 34% 5.70M 0s
   150K .......... .......... .......... .......... .......... 45% 2.54M 0s
   200K .......... .......... .......... .......... .......... 57% 2.51M 0s
   250K .......... .......... .......... .......... .......... 68% 3.84M 0s
   300K .......... .......... .......... .......... .......... 80% 3.42M 0s
   350K .......... .......... .......... .......... .......... 91% 3.75M 0s
   400K .......... .......... .......... .....                100% 31.1M=0.1s

2018-05-16 14:24:43 (2.94 MB/s) - ‘../data/deliveryimages.acm.org/10.1145/3190000/3186146/images/www2018-155-fig4.jpg’ saved [446030/446030]

--2018-05-16 14:24:43--  http://deliveryimages.acm.org/10.1145/3190000/3186146/images/www2018-155-fig5.jpg
Connecting to deliveryimages.acm.org (deliveryimages.acm.org)|104.17.80.191|:80... connected.
HTTP request sent, awaiting response... 301 Moved Permanently
Location: https://deliveryimages.acm.org/10.1145/3190000/3186146/images/www2018-155-fig5.jpg [following]
--2018-05-16 14:24:43--  https://deliveryimages.acm.org/10.1145/3190000/3186146/images/www2018-155-fig5.jpg
Connecting to deliveryimages.acm.org (deliveryimages.acm.org)|104.17.80.191|:443... connected.
HTTP request sent, awaiting response... 200 OK
Length: 313058 (306K) [image/jpeg]
Saving to: ‘../data/deliveryimages.acm.org/10.1145/3190000/3186146/images/www2018-155-fig5.jpg’

     0K .......... .......... .......... .......... .......... 16% 1.32M 0s
    50K .......... .......... .......... .......... .......... 32% 4.44M 0s
   100K .......... .......... .......... .......... .......... 49% 1.75M 0s
   150K .......... .......... .......... .......... .......... 65% 11.8M 0s
   200K .......... .......... .......... .......... .......... 81% 4.31M 0s
   250K .......... .......... .......... .......... .......... 98% 5.71M 0s
   300K .....                                                 100% 56.9M=0.1s

2018-05-16 14:24:44 (2.99 MB/s) - ‘../data/deliveryimages.acm.org/10.1145/3190000/3186146/images/www2018-155-fig5.jpg’ saved [313058/313058]

--2018-05-16 14:24:44--  http://deliveryimages.acm.org/10.1145/3190000/3186146/images/www2018-155-fig6.jpg
Connecting to deliveryimages.acm.org (deliveryimages.acm.org)|104.17.80.191|:80... connected.
HTTP request sent, awaiting response... 301 Moved Permanently
Location: https://deliveryimages.acm.org/10.1145/3190000/3186146/images/www2018-155-fig6.jpg [following]
--2018-05-16 14:24:44--  https://deliveryimages.acm.org/10.1145/3190000/3186146/images/www2018-155-fig6.jpg
Connecting to deliveryimages.acm.org (deliveryimages.acm.org)|104.17.80.191|:443... connected.
HTTP request sent, awaiting response... 200 OK
Length: 660190 (645K) [image/jpeg]
Saving to: ‘../data/deliveryimages.acm.org/10.1145/3190000/3186146/images/www2018-155-fig6.jpg’

     0K .......... .......... .......... .......... ..........  7% 1.70M 0s
    50K .......... .......... .......... .......... .......... 15% 2.68M 0s
   100K .......... .......... .......... .......... .......... 23% 1.72M 0s
   150K .......... .......... .......... .......... .......... 31%  230M 0s
   200K .......... .......... .......... .......... .......... 38% 2.33M 0s
   250K .......... .......... .......... .......... .......... 46%  818K 0s
   300K .......... .......... .......... .......... .......... 54% 5.27M 0s
   350K .......... .......... .......... .......... .......... 62% 2.28M 0s
   400K .......... .......... .......... .......... .......... 69% 5.42M 0s
   450K .......... .......... .......... .......... .......... 77% 2.23M 0s
   500K .......... .......... .......... .......... .......... 85%  189M 0s
   550K .......... .......... .......... .......... .......... 93% 9.74M 0s
   600K .......... .......... .......... .......... ....      100% 4.74M=0.2s

2018-05-16 14:24:44 (2.69 MB/s) - ‘../data/deliveryimages.acm.org/10.1145/3190000/3186146/images/www2018-155-fig6.jpg’ saved [660190/660190]

--2018-05-16 14:24:44--  http://deliveryimages.acm.org/10.1145/3190000/3186146/images/www2018-155-fig7.jpg
Connecting to deliveryimages.acm.org (deliveryimages.acm.org)|104.17.80.191|:80... connected.
HTTP request sent, awaiting response... 301 Moved Permanently
Location: https://deliveryimages.acm.org/10.1145/3190000/3186146/images/www2018-155-fig7.jpg [following]
--2018-05-16 14:24:44--  https://deliveryimages.acm.org/10.1145/3190000/3186146/images/www2018-155-fig7.jpg
Connecting to deliveryimages.acm.org (deliveryimages.acm.org)|104.17.80.191|:443... connected.
HTTP request sent, awaiting response... 200 OK
Length: 205185 (200K) [image/jpeg]
Saving to: ‘../data/deliveryimages.acm.org/10.1145/3190000/3186146/images/www2018-155-fig7.jpg’

     0K .......... .......... .......... .......... .......... 24% 1.63M 0s
    50K .......... .......... .......... .......... .......... 49% 3.28M 0s
   100K .......... .......... .......... .......... .......... 74% 2.04M 0s
   150K .......... .......... .......... .......... .......... 99% 4.28M 0s
   200K                                                       100%  717G=0.08s

2018-05-16 14:24:45 (2.44 MB/s) - ‘../data/deliveryimages.acm.org/10.1145/3190000/3186146/images/www2018-155-fig7.jpg’ saved [205185/205185]

--2018-05-16 14:24:45--  http://deliveryimages.acm.org/10.1145/3190000/3186146/images/www2018-155-fig8.jpg
Connecting to deliveryimages.acm.org (deliveryimages.acm.org)|104.17.80.191|:80... connected.
HTTP request sent, awaiting response... 301 Moved Permanently
Location: https://deliveryimages.acm.org/10.1145/3190000/3186146/images/www2018-155-fig8.jpg [following]
--2018-05-16 14:24:45--  https://deliveryimages.acm.org/10.1145/3190000/3186146/images/www2018-155-fig8.jpg
Connecting to deliveryimages.acm.org (deliveryimages.acm.org)|104.17.80.191|:443... connected.
HTTP request sent, awaiting response... 200 OK
Length: 775369 (757K) [image/jpeg]
Saving to: ‘../data/deliveryimages.acm.org/10.1145/3190000/3186146/images/www2018-155-fig8.jpg’

     0K .......... .......... .......... .......... ..........  6%  871K 1s
    50K .......... .......... .......... .......... .......... 13% 3.42M 0s
   100K .......... .......... .......... .......... .......... 19% 4.03M 0s
   150K .......... .......... .......... .......... .......... 26% 2.36M 0s
   200K .......... .......... .......... .......... .......... 33% 5.27M 0s
   250K .......... .......... .......... .......... .......... 39% 5.87M 0s
   300K .......... .......... .......... .......... .......... 46% 3.40M 0s
   350K .......... .......... .......... .......... .......... 52% 4.13M 0s
   400K .......... .......... .......... .......... .......... 59% 2.25M 0s
   450K .......... .......... .......... .......... .......... 66%  356K 0s
   500K .......... .......... .......... .......... .......... 72% 3.50M 0s
   550K .......... .......... .......... .......... .......... 79% 4.07M 0s
   600K .......... .......... .......... .......... .......... 85% 4.48M 0s
   650K .......... .......... .......... .......... .......... 92% 2.75M 0s
   700K .......... .......... .......... .......... .......... 99% 5.85M 0s
   750K .......                                               100% 12.2M=0.4s

2018-05-16 14:24:45 (1.98 MB/s) - ‘../data/deliveryimages.acm.org/10.1145/3190000/3186146/images/www2018-155-fig8.jpg’ saved [775369/775369]

FINISHED --2018-05-16 14:24:45--
Total wall clock time: 3.9s
Downloaded: 10 files, 3.4M in 1.4s (2.48 MB/s)
Converting links in ../data/delivery.acm.org/10.1145/3190000/3186146/p649-yu.html?ip=24.48.71.56&id=3186146&acc=OPENTOC&key=4D4702B0C3E38B35.4D4702B0C3E38B35.4D4702B0C3E38B35.4DD68F0663C025AA&__acm__=1526495380_e3ba54a629b9a535afb57e001ee738c3... 130-0
Converted links in 1 files in 0.004 seconds.
