--2018-05-16 15:19:59--  http://delivery.acm.org/10.1145/3190000/3186343/p319-junior.html?ip=24.48.71.56&id=3186343&acc=OPENTOC&key=4D4702B0C3E38B35%2E4D4702B0C3E38B35%2E4D4702B0C3E38B35%2E4DD68F0663C025AA&__acm__=1526498698_f5401cf056b82020d481af2d340f22f0
Resolving delivery.acm.org (delivery.acm.org)... 24.200.120.90, 24.200.120.82
Connecting to delivery.acm.org (delivery.acm.org)|24.200.120.90|:80... connected.
HTTP request sent, awaiting response... 200 OK
Length: 75213 (73K) [text/html]
Saving to: ‘../data/delivery.acm.org/10.1145/3190000/3186343/p319-junior.html?ip=24.48.71.56&id=3186343&acc=OPENTOC&key=4D4702B0C3E38B35.4D4702B0C3E38B35.4D4702B0C3E38B35.4DD68F0663C025AA&__acm__=1526498698_f5401cf056b82020d481af2d340f22f0’

     0K .......... .......... .......... .......... .......... 68% 2.58M 0s
    50K .......... .......... ...                             100% 3.91M=0.02s

2018-05-16 15:19:59 (2.89 MB/s) - ‘../data/delivery.acm.org/10.1145/3190000/3186343/p319-junior.html?ip=24.48.71.56&id=3186343&acc=OPENTOC&key=4D4702B0C3E38B35.4D4702B0C3E38B35.4D4702B0C3E38B35.4DD68F0663C025AA&__acm__=1526498698_f5401cf056b82020d481af2d340f22f0’ saved [75213/75213]

--2018-05-16 15:19:59--  http://deliveryimages.acm.org/10.1145/3190000/3186343/images/www18companion-105-fig1.jpg
Resolving deliveryimages.acm.org (deliveryimages.acm.org)... 104.17.79.191, 104.17.80.191
Connecting to deliveryimages.acm.org (deliveryimages.acm.org)|104.17.79.191|:80... connected.
HTTP request sent, awaiting response... 301 Moved Permanently
Location: https://deliveryimages.acm.org/10.1145/3190000/3186343/images/www18companion-105-fig1.jpg [following]
--2018-05-16 15:19:59--  https://deliveryimages.acm.org/10.1145/3190000/3186343/images/www18companion-105-fig1.jpg
Connecting to deliveryimages.acm.org (deliveryimages.acm.org)|104.17.79.191|:443... connected.
HTTP request sent, awaiting response... 200 OK
Length: 95517 (93K) [image/jpeg]
Saving to: ‘../data/deliveryimages.acm.org/10.1145/3190000/3186343/images/www18companion-105-fig1.jpg’

     0K .......... .......... .......... .......... .......... 53% 1.23M 0s
    50K .......... .......... .......... .......... ...       100% 4.37M=0.05s

2018-05-16 15:20:00 (1.84 MB/s) - ‘../data/deliveryimages.acm.org/10.1145/3190000/3186343/images/www18companion-105-fig1.jpg’ saved [95517/95517]

--2018-05-16 15:20:00--  http://deliveryimages.acm.org/10.1145/3190000/3186343/images/www18companion-105-fig2.jpg
Connecting to deliveryimages.acm.org (deliveryimages.acm.org)|104.17.79.191|:80... connected.
HTTP request sent, awaiting response... 301 Moved Permanently
Location: https://deliveryimages.acm.org/10.1145/3190000/3186343/images/www18companion-105-fig2.jpg [following]
--2018-05-16 15:20:00--  https://deliveryimages.acm.org/10.1145/3190000/3186343/images/www18companion-105-fig2.jpg
Connecting to deliveryimages.acm.org (deliveryimages.acm.org)|104.17.79.191|:443... connected.
HTTP request sent, awaiting response... 200 OK
Length: 71907 (70K) [image/jpeg]
Saving to: ‘../data/deliveryimages.acm.org/10.1145/3190000/3186343/images/www18companion-105-fig2.jpg’

     0K .......... .......... .......... .......... .......... 71%  980K 0s
    50K .......... ..........                                 100% 11.0M=0.05s

2018-05-16 15:20:00 (1.30 MB/s) - ‘../data/deliveryimages.acm.org/10.1145/3190000/3186343/images/www18companion-105-fig2.jpg’ saved [71907/71907]

--2018-05-16 15:20:00--  http://deliveryimages.acm.org/10.1145/3190000/3186343/images/www18companion-105-fig3.jpg
Connecting to deliveryimages.acm.org (deliveryimages.acm.org)|104.17.79.191|:80... connected.
HTTP request sent, awaiting response... 301 Moved Permanently
Location: https://deliveryimages.acm.org/10.1145/3190000/3186343/images/www18companion-105-fig3.jpg [following]
--2018-05-16 15:20:00--  https://deliveryimages.acm.org/10.1145/3190000/3186343/images/www18companion-105-fig3.jpg
Connecting to deliveryimages.acm.org (deliveryimages.acm.org)|104.17.79.191|:443... connected.
HTTP request sent, awaiting response... 200 OK
Length: 69402 (68K) [image/jpeg]
Saving to: ‘../data/deliveryimages.acm.org/10.1145/3190000/3186343/images/www18companion-105-fig3.jpg’

     0K .......... .......... .......... .......... .......... 73% 1.63M 0s
    50K .......... .......                                    100% 3.26M=0.04s

2018-05-16 15:20:01 (1.88 MB/s) - ‘../data/deliveryimages.acm.org/10.1145/3190000/3186343/images/www18companion-105-fig3.jpg’ saved [69402/69402]

--2018-05-16 15:20:01--  http://deliveryimages.acm.org/10.1145/3190000/3186343/images/www18companion-105-fig4.jpg
Connecting to deliveryimages.acm.org (deliveryimages.acm.org)|104.17.79.191|:80... connected.
HTTP request sent, awaiting response... 301 Moved Permanently
Location: https://deliveryimages.acm.org/10.1145/3190000/3186343/images/www18companion-105-fig4.jpg [following]
--2018-05-16 15:20:01--  https://deliveryimages.acm.org/10.1145/3190000/3186343/images/www18companion-105-fig4.jpg
Connecting to deliveryimages.acm.org (deliveryimages.acm.org)|104.17.79.191|:443... connected.
HTTP request sent, awaiting response... 200 OK
Length: 30494 (30K) [image/jpeg]
Saving to: ‘../data/deliveryimages.acm.org/10.1145/3190000/3186343/images/www18companion-105-fig4.jpg’

     0K .......... .......... .........                       100%  862K=0.03s

2018-05-16 15:20:01 (862 KB/s) - ‘../data/deliveryimages.acm.org/10.1145/3190000/3186343/images/www18companion-105-fig4.jpg’ saved [30494/30494]

--2018-05-16 15:20:01--  http://deliveryimages.acm.org/10.1145/3190000/3186343/images/www18companion-105-fig5.jpg
Connecting to deliveryimages.acm.org (deliveryimages.acm.org)|104.17.79.191|:80... connected.
HTTP request sent, awaiting response... 301 Moved Permanently
Location: https://deliveryimages.acm.org/10.1145/3190000/3186343/images/www18companion-105-fig5.jpg [following]
--2018-05-16 15:20:01--  https://deliveryimages.acm.org/10.1145/3190000/3186343/images/www18companion-105-fig5.jpg
Connecting to deliveryimages.acm.org (deliveryimages.acm.org)|104.17.79.191|:443... connected.
HTTP request sent, awaiting response... 200 OK
Length: 127198 (124K) [image/jpeg]
Saving to: ‘../data/deliveryimages.acm.org/10.1145/3190000/3186343/images/www18companion-105-fig5.jpg’

     0K .......... .......... .......... .......... .......... 40% 1.63M 0s
    50K .......... .......... .......... .......... .......... 80% 2.58M 0s
   100K .......... .......... ....                            100% 5.34M=0.05s

2018-05-16 15:20:01 (2.28 MB/s) - ‘../data/deliveryimages.acm.org/10.1145/3190000/3186343/images/www18companion-105-fig5.jpg’ saved [127198/127198]

--2018-05-16 15:20:01--  http://deliveryimages.acm.org/10.1145/3190000/3186343/images/www18companion-105-fig6.jpg
Connecting to deliveryimages.acm.org (deliveryimages.acm.org)|104.17.79.191|:80... connected.
HTTP request sent, awaiting response... 301 Moved Permanently
Location: https://deliveryimages.acm.org/10.1145/3190000/3186343/images/www18companion-105-fig6.jpg [following]
--2018-05-16 15:20:01--  https://deliveryimages.acm.org/10.1145/3190000/3186343/images/www18companion-105-fig6.jpg
Connecting to deliveryimages.acm.org (deliveryimages.acm.org)|104.17.79.191|:443... connected.
HTTP request sent, awaiting response... 200 OK
Length: 36746 (36K) [image/jpeg]
Saving to: ‘../data/deliveryimages.acm.org/10.1145/3190000/3186343/images/www18companion-105-fig6.jpg’

     0K .......... .......... .......... .....                100% 1.53M=0.02s

2018-05-16 15:20:02 (1.53 MB/s) - ‘../data/deliveryimages.acm.org/10.1145/3190000/3186343/images/www18companion-105-fig6.jpg’ saved [36746/36746]

--2018-05-16 15:20:02--  http://deliveryimages.acm.org/10.1145/3190000/3186343/images/www18companion-105-fig7.jpg
Connecting to deliveryimages.acm.org (deliveryimages.acm.org)|104.17.79.191|:80... connected.
HTTP request sent, awaiting response... 301 Moved Permanently
Location: https://deliveryimages.acm.org/10.1145/3190000/3186343/images/www18companion-105-fig7.jpg [following]
--2018-05-16 15:20:02--  https://deliveryimages.acm.org/10.1145/3190000/3186343/images/www18companion-105-fig7.jpg
Connecting to deliveryimages.acm.org (deliveryimages.acm.org)|104.17.79.191|:443... connected.
HTTP request sent, awaiting response... 200 OK
Length: 35932 (35K) [image/jpeg]
Saving to: ‘../data/deliveryimages.acm.org/10.1145/3190000/3186343/images/www18companion-105-fig7.jpg’

     0K .......... .......... .......... .....                100% 1.09M=0.03s

2018-05-16 15:20:02 (1.09 MB/s) - ‘../data/deliveryimages.acm.org/10.1145/3190000/3186343/images/www18companion-105-fig7.jpg’ saved [35932/35932]

--2018-05-16 15:20:02--  http://deliveryimages.acm.org/10.1145/3190000/3186343/images/www18companion-105-fig8.jpg
Connecting to deliveryimages.acm.org (deliveryimages.acm.org)|104.17.79.191|:80... connected.
HTTP request sent, awaiting response... 301 Moved Permanently
Location: https://deliveryimages.acm.org/10.1145/3190000/3186343/images/www18companion-105-fig8.jpg [following]
--2018-05-16 15:20:02--  https://deliveryimages.acm.org/10.1145/3190000/3186343/images/www18companion-105-fig8.jpg
Connecting to deliveryimages.acm.org (deliveryimages.acm.org)|104.17.79.191|:443... connected.
HTTP request sent, awaiting response... 200 OK
Length: 32461 (32K) [image/jpeg]
Saving to: ‘../data/deliveryimages.acm.org/10.1145/3190000/3186343/images/www18companion-105-fig8.jpg’

     0K .......... .......... .......... .                    100%  873K=0.04s

2018-05-16 15:20:02 (873 KB/s) - ‘../data/deliveryimages.acm.org/10.1145/3190000/3186343/images/www18companion-105-fig8.jpg’ saved [32461/32461]

--2018-05-16 15:20:02--  http://deliveryimages.acm.org/10.1145/3190000/3186343/images/www18companion-105-fig9.jpg
Connecting to deliveryimages.acm.org (deliveryimages.acm.org)|104.17.79.191|:80... connected.
HTTP request sent, awaiting response... 301 Moved Permanently
Location: https://deliveryimages.acm.org/10.1145/3190000/3186343/images/www18companion-105-fig9.jpg [following]
--2018-05-16 15:20:02--  https://deliveryimages.acm.org/10.1145/3190000/3186343/images/www18companion-105-fig9.jpg
Connecting to deliveryimages.acm.org (deliveryimages.acm.org)|104.17.79.191|:443... connected.
HTTP request sent, awaiting response... 200 OK
Length: 32899 (32K) [image/jpeg]
Saving to: ‘../data/deliveryimages.acm.org/10.1145/3190000/3186343/images/www18companion-105-fig9.jpg’

     0K .......... .......... .......... ..                   100% 1.06M=0.03s

2018-05-16 15:20:03 (1.06 MB/s) - ‘../data/deliveryimages.acm.org/10.1145/3190000/3186343/images/www18companion-105-fig9.jpg’ saved [32899/32899]

--2018-05-16 15:20:03--  http://deliveryimages.acm.org/10.1145/3190000/3186343/images/www18companion-105-fig10.jpg
Connecting to deliveryimages.acm.org (deliveryimages.acm.org)|104.17.79.191|:80... connected.
HTTP request sent, awaiting response... 301 Moved Permanently
Location: https://deliveryimages.acm.org/10.1145/3190000/3186343/images/www18companion-105-fig10.jpg [following]
--2018-05-16 15:20:03--  https://deliveryimages.acm.org/10.1145/3190000/3186343/images/www18companion-105-fig10.jpg
Connecting to deliveryimages.acm.org (deliveryimages.acm.org)|104.17.79.191|:443... connected.
HTTP request sent, awaiting response... 200 OK
Length: 32052 (31K) [image/jpeg]
Saving to: ‘../data/deliveryimages.acm.org/10.1145/3190000/3186343/images/www18companion-105-fig10.jpg’

     0K .......... .......... .......... .                    100% 1.31M=0.02s

2018-05-16 15:20:03 (1.31 MB/s) - ‘../data/deliveryimages.acm.org/10.1145/3190000/3186343/images/www18companion-105-fig10.jpg’ saved [32052/32052]

--2018-05-16 15:20:03--  http://deliveryimages.acm.org/10.1145/3190000/3186343/images/www18companion-105-fig11.jpg
Connecting to deliveryimages.acm.org (deliveryimages.acm.org)|104.17.79.191|:80... connected.
HTTP request sent, awaiting response... 301 Moved Permanently
Location: https://deliveryimages.acm.org/10.1145/3190000/3186343/images/www18companion-105-fig11.jpg [following]
--2018-05-16 15:20:03--  https://deliveryimages.acm.org/10.1145/3190000/3186343/images/www18companion-105-fig11.jpg
Connecting to deliveryimages.acm.org (deliveryimages.acm.org)|104.17.79.191|:443... connected.
HTTP request sent, awaiting response... 200 OK
Length: 72646 (71K) [image/jpeg]
Saving to: ‘../data/deliveryimages.acm.org/10.1145/3190000/3186343/images/www18companion-105-fig11.jpg’

     0K .......... .......... .......... .......... .......... 70% 1.72M 0s
    50K .......... ..........                                 100% 6.73M=0.03s

2018-05-16 15:20:03 (2.20 MB/s) - ‘../data/deliveryimages.acm.org/10.1145/3190000/3186343/images/www18companion-105-fig11.jpg’ saved [72646/72646]

--2018-05-16 15:20:03--  http://deliveryimages.acm.org/10.1145/3190000/3186343/images/www18companion-105-fig12.jpg
Connecting to deliveryimages.acm.org (deliveryimages.acm.org)|104.17.79.191|:80... connected.
HTTP request sent, awaiting response... 301 Moved Permanently
Location: https://deliveryimages.acm.org/10.1145/3190000/3186343/images/www18companion-105-fig12.jpg [following]
--2018-05-16 15:20:03--  https://deliveryimages.acm.org/10.1145/3190000/3186343/images/www18companion-105-fig12.jpg
Connecting to deliveryimages.acm.org (deliveryimages.acm.org)|104.17.79.191|:443... connected.
HTTP request sent, awaiting response... 200 OK
Length: 72718 (71K) [image/jpeg]
Saving to: ‘../data/deliveryimages.acm.org/10.1145/3190000/3186343/images/www18companion-105-fig12.jpg’

     0K .......... .......... .......... .......... .......... 70% 1.14M 0s
    50K .......... .......... .                               100% 4.94M=0.05s

2018-05-16 15:20:03 (1.48 MB/s) - ‘../data/deliveryimages.acm.org/10.1145/3190000/3186343/images/www18companion-105-fig12.jpg’ saved [72718/72718]

FINISHED --2018-05-16 15:20:03--
Total wall clock time: 4.3s
Downloaded: 13 files, 767K in 0.5s (1.59 MB/s)
Converting links in ../data/delivery.acm.org/10.1145/3190000/3186343/p319-junior.html?ip=24.48.71.56&id=3186343&acc=OPENTOC&key=4D4702B0C3E38B35.4D4702B0C3E38B35.4D4702B0C3E38B35.4DD68F0663C025AA&__acm__=1526498698_f5401cf056b82020d481af2d340f22f0... 93-0
Converted links in 1 files in 0.004 seconds.
