--2018-05-16 14:21:49--  http://delivery.acm.org/10.1145/3190000/3186124/p579-chan.html?ip=24.48.71.56&id=3186124&acc=OPENTOC&key=4D4702B0C3E38B35%2E4D4702B0C3E38B35%2E4D4702B0C3E38B35%2E4DD68F0663C025AA&__acm__=1526495209_4876d7dc5b174563308891e62a2f8c80
Resolving delivery.acm.org (delivery.acm.org)... 24.200.120.90, 24.200.120.82
Connecting to delivery.acm.org (delivery.acm.org)|24.200.120.90|:80... connected.
HTTP request sent, awaiting response... 200 OK
Length: 92417 (90K) [text/html]
Saving to: ‘../data/delivery.acm.org/10.1145/3190000/3186124/p579-chan.html?ip=24.48.71.56&id=3186124&acc=OPENTOC&key=4D4702B0C3E38B35.4D4702B0C3E38B35.4D4702B0C3E38B35.4DD68F0663C025AA&__acm__=1526495209_4876d7dc5b174563308891e62a2f8c80’

     0K .......... .......... .......... .......... .......... 55% 1.88M 0s
    50K .......... .......... .......... ..........           100% 11.5M=0.03s

2018-05-16 14:21:49 (3.00 MB/s) - ‘../data/delivery.acm.org/10.1145/3190000/3186124/p579-chan.html?ip=24.48.71.56&id=3186124&acc=OPENTOC&key=4D4702B0C3E38B35.4D4702B0C3E38B35.4D4702B0C3E38B35.4DD68F0663C025AA&__acm__=1526495209_4876d7dc5b174563308891e62a2f8c80’ saved [92417/92417]

--2018-05-16 14:21:49--  http://deliveryimages.acm.org/10.1145/3190000/3186124/images/www2018-133-img1.svg
Resolving deliveryimages.acm.org (deliveryimages.acm.org)... 104.17.79.191, 104.17.80.191
Connecting to deliveryimages.acm.org (deliveryimages.acm.org)|104.17.79.191|:80... connected.
HTTP request sent, awaiting response... 301 Moved Permanently
Location: https://deliveryimages.acm.org/10.1145/3190000/3186124/images/www2018-133-img1.svg [following]
--2018-05-16 14:21:49--  https://deliveryimages.acm.org/10.1145/3190000/3186124/images/www2018-133-img1.svg
Connecting to deliveryimages.acm.org (deliveryimages.acm.org)|104.17.79.191|:443... connected.
HTTP request sent, awaiting response... 200 OK
Length: 111976 (109K) [image/svg+xml]
Saving to: ‘../data/deliveryimages.acm.org/10.1145/3190000/3186124/images/www2018-133-img1.svg’

     0K .......... .......... .......... .......... .......... 45% 1.51M 0s
    50K .......... .......... .......... .......... .......... 91% 2.69M 0s
   100K .........                                             100% 5.12M=0.05s

2018-05-16 14:21:49 (2.04 MB/s) - ‘../data/deliveryimages.acm.org/10.1145/3190000/3186124/images/www2018-133-img1.svg’ saved [111976/111976]

--2018-05-16 14:21:49--  http://deliveryimages.acm.org/10.1145/3190000/3186124/images/www2018-133-img2.svg
Connecting to deliveryimages.acm.org (deliveryimages.acm.org)|104.17.79.191|:80... connected.
HTTP request sent, awaiting response... 301 Moved Permanently
Location: https://deliveryimages.acm.org/10.1145/3190000/3186124/images/www2018-133-img2.svg [following]
--2018-05-16 14:21:49--  https://deliveryimages.acm.org/10.1145/3190000/3186124/images/www2018-133-img2.svg
Connecting to deliveryimages.acm.org (deliveryimages.acm.org)|104.17.79.191|:443... connected.
HTTP request sent, awaiting response... 200 OK
Length: 107924 (105K) [image/svg+xml]
Saving to: ‘../data/deliveryimages.acm.org/10.1145/3190000/3186124/images/www2018-133-img2.svg’

     0K .......... .......... .......... .......... .......... 47% 1.30M 0s
    50K .......... .......... .......... .......... .......... 94% 4.24M 0s
   100K .....                                                 100%  190M=0.05s

2018-05-16 14:21:50 (2.10 MB/s) - ‘../data/deliveryimages.acm.org/10.1145/3190000/3186124/images/www2018-133-img2.svg’ saved [107924/107924]

--2018-05-16 14:21:50--  http://deliveryimages.acm.org/10.1145/3190000/3186124/images/www2018-133-fig1.jpg
Connecting to deliveryimages.acm.org (deliveryimages.acm.org)|104.17.79.191|:80... connected.
HTTP request sent, awaiting response... 301 Moved Permanently
Location: https://deliveryimages.acm.org/10.1145/3190000/3186124/images/www2018-133-fig1.jpg [following]
--2018-05-16 14:21:50--  https://deliveryimages.acm.org/10.1145/3190000/3186124/images/www2018-133-fig1.jpg
Connecting to deliveryimages.acm.org (deliveryimages.acm.org)|104.17.79.191|:443... connected.
HTTP request sent, awaiting response... 200 OK
Length: 51212 (50K) [image/jpeg]
Saving to: ‘../data/deliveryimages.acm.org/10.1145/3190000/3186124/images/www2018-133-fig1.jpg’

     0K .......... .......... .......... .......... .......... 99% 1.81M 0s
    50K                                                       100% 22.4G=0.03s

2018-05-16 14:21:50 (1.81 MB/s) - ‘../data/deliveryimages.acm.org/10.1145/3190000/3186124/images/www2018-133-fig1.jpg’ saved [51212/51212]

--2018-05-16 14:21:50--  http://deliveryimages.acm.org/10.1145/3190000/3186124/images/www2018-133-fig2.jpg
Connecting to deliveryimages.acm.org (deliveryimages.acm.org)|104.17.79.191|:80... connected.
HTTP request sent, awaiting response... 301 Moved Permanently
Location: https://deliveryimages.acm.org/10.1145/3190000/3186124/images/www2018-133-fig2.jpg [following]
--2018-05-16 14:21:50--  https://deliveryimages.acm.org/10.1145/3190000/3186124/images/www2018-133-fig2.jpg
Connecting to deliveryimages.acm.org (deliveryimages.acm.org)|104.17.79.191|:443... connected.
HTTP request sent, awaiting response... 200 OK
Length: 38622 (38K) [image/jpeg]
Saving to: ‘../data/deliveryimages.acm.org/10.1145/3190000/3186124/images/www2018-133-fig2.jpg’

     0K .......... .......... .......... .......              100% 1.77M=0.02s

2018-05-16 14:21:50 (1.77 MB/s) - ‘../data/deliveryimages.acm.org/10.1145/3190000/3186124/images/www2018-133-fig2.jpg’ saved [38622/38622]

--2018-05-16 14:21:50--  http://deliveryimages.acm.org/10.1145/3190000/3186124/images/www2018-133-fig3.jpg
Connecting to deliveryimages.acm.org (deliveryimages.acm.org)|104.17.79.191|:80... connected.
HTTP request sent, awaiting response... 301 Moved Permanently
Location: https://deliveryimages.acm.org/10.1145/3190000/3186124/images/www2018-133-fig3.jpg [following]
--2018-05-16 14:21:50--  https://deliveryimages.acm.org/10.1145/3190000/3186124/images/www2018-133-fig3.jpg
Connecting to deliveryimages.acm.org (deliveryimages.acm.org)|104.17.79.191|:443... connected.
HTTP request sent, awaiting response... 200 OK
Length: 57945 (57K) [image/jpeg]
Saving to: ‘../data/deliveryimages.acm.org/10.1145/3190000/3186124/images/www2018-133-fig3.jpg’

     0K .......... .......... .......... .......... .......... 88% 1.66M 0s
    50K ......                                                100% 3.89M=0.03s

2018-05-16 14:21:50 (1.78 MB/s) - ‘../data/deliveryimages.acm.org/10.1145/3190000/3186124/images/www2018-133-fig3.jpg’ saved [57945/57945]

--2018-05-16 14:21:50--  http://deliveryimages.acm.org/10.1145/3190000/3186124/images/www2018-133-fig4.jpg
Connecting to deliveryimages.acm.org (deliveryimages.acm.org)|104.17.79.191|:80... connected.
HTTP request sent, awaiting response... 301 Moved Permanently
Location: https://deliveryimages.acm.org/10.1145/3190000/3186124/images/www2018-133-fig4.jpg [following]
--2018-05-16 14:21:50--  https://deliveryimages.acm.org/10.1145/3190000/3186124/images/www2018-133-fig4.jpg
Connecting to deliveryimages.acm.org (deliveryimages.acm.org)|104.17.79.191|:443... connected.
HTTP request sent, awaiting response... 200 OK
Length: 40911 (40K) [image/jpeg]
Saving to: ‘../data/deliveryimages.acm.org/10.1145/3190000/3186124/images/www2018-133-fig4.jpg’

     0K .......... .......... .......... .........            100% 1.48M=0.03s

2018-05-16 14:21:51 (1.48 MB/s) - ‘../data/deliveryimages.acm.org/10.1145/3190000/3186124/images/www2018-133-fig4.jpg’ saved [40911/40911]

--2018-05-16 14:21:51--  http://deliveryimages.acm.org/10.1145/3190000/3186124/images/www2018-133-fig5.jpg
Connecting to deliveryimages.acm.org (deliveryimages.acm.org)|104.17.79.191|:80... connected.
HTTP request sent, awaiting response... 301 Moved Permanently
Location: https://deliveryimages.acm.org/10.1145/3190000/3186124/images/www2018-133-fig5.jpg [following]
--2018-05-16 14:21:51--  https://deliveryimages.acm.org/10.1145/3190000/3186124/images/www2018-133-fig5.jpg
Connecting to deliveryimages.acm.org (deliveryimages.acm.org)|104.17.79.191|:443... connected.
HTTP request sent, awaiting response... 200 OK
Length: 26590 (26K) [image/jpeg]
Saving to: ‘../data/deliveryimages.acm.org/10.1145/3190000/3186124/images/www2018-133-fig5.jpg’

     0K .......... .......... .....                           100% 1.31M=0.02s

2018-05-16 14:21:51 (1.31 MB/s) - ‘../data/deliveryimages.acm.org/10.1145/3190000/3186124/images/www2018-133-fig5.jpg’ saved [26590/26590]

--2018-05-16 14:21:51--  http://deliveryimages.acm.org/10.1145/3190000/3186124/images/www2018-133-fig6.jpg
Connecting to deliveryimages.acm.org (deliveryimages.acm.org)|104.17.79.191|:80... connected.
HTTP request sent, awaiting response... 301 Moved Permanently
Location: https://deliveryimages.acm.org/10.1145/3190000/3186124/images/www2018-133-fig6.jpg [following]
--2018-05-16 14:21:51--  https://deliveryimages.acm.org/10.1145/3190000/3186124/images/www2018-133-fig6.jpg
Connecting to deliveryimages.acm.org (deliveryimages.acm.org)|104.17.79.191|:443... connected.
HTTP request sent, awaiting response... 200 OK
Length: 26862 (26K) [image/jpeg]
Saving to: ‘../data/deliveryimages.acm.org/10.1145/3190000/3186124/images/www2018-133-fig6.jpg’

     0K .......... .......... ......                          100%  947K=0.03s

2018-05-16 14:21:51 (947 KB/s) - ‘../data/deliveryimages.acm.org/10.1145/3190000/3186124/images/www2018-133-fig6.jpg’ saved [26862/26862]

--2018-05-16 14:21:51--  http://deliveryimages.acm.org/10.1145/3190000/3186124/images/www2018-133-fig7.jpg
Connecting to deliveryimages.acm.org (deliveryimages.acm.org)|104.17.79.191|:80... connected.
HTTP request sent, awaiting response... 301 Moved Permanently
Location: https://deliveryimages.acm.org/10.1145/3190000/3186124/images/www2018-133-fig7.jpg [following]
--2018-05-16 14:21:51--  https://deliveryimages.acm.org/10.1145/3190000/3186124/images/www2018-133-fig7.jpg
Connecting to deliveryimages.acm.org (deliveryimages.acm.org)|104.17.79.191|:443... connected.
HTTP request sent, awaiting response... 200 OK
Length: 18084 (18K) [image/jpeg]
Saving to: ‘../data/deliveryimages.acm.org/10.1145/3190000/3186124/images/www2018-133-fig7.jpg’

     0K .......... .......                                    100% 1.32M=0.01s

2018-05-16 14:21:51 (1.32 MB/s) - ‘../data/deliveryimages.acm.org/10.1145/3190000/3186124/images/www2018-133-fig7.jpg’ saved [18084/18084]

FINISHED --2018-05-16 14:21:51--
Total wall clock time: 2.8s
Downloaded: 10 files, 559K in 0.3s (1.85 MB/s)
Converting links in ../data/delivery.acm.org/10.1145/3190000/3186124/p579-chan.html?ip=24.48.71.56&id=3186124&acc=OPENTOC&key=4D4702B0C3E38B35.4D4702B0C3E38B35.4D4702B0C3E38B35.4DD68F0663C025AA&__acm__=1526495209_4876d7dc5b174563308891e62a2f8c80... 101-0
Converted links in 1 files in 0.003 seconds.
