--2018-05-16 15:24:50--  http://delivery.acm.org/10.1145/3190000/3186235/p467-buhmann.html?ip=24.48.71.56&id=3186235&acc=OPENTOC&key=4D4702B0C3E38B35%2E4D4702B0C3E38B35%2E4D4702B0C3E38B35%2E4DD68F0663C025AA&__acm__=1526498990_6b242e8934dd2daa6981ebbc14b1ba0e
Resolving delivery.acm.org (delivery.acm.org)... 24.200.120.82, 24.200.120.90
Connecting to delivery.acm.org (delivery.acm.org)|24.200.120.82|:80... connected.
HTTP request sent, awaiting response... 200 OK
Length: 40363 (39K) [text/html]
Saving to: ‘../data/delivery.acm.org/10.1145/3190000/3186235/p467-buhmann.html?ip=24.48.71.56&id=3186235&acc=OPENTOC&key=4D4702B0C3E38B35.4D4702B0C3E38B35.4D4702B0C3E38B35.4DD68F0663C025AA&__acm__=1526498990_6b242e8934dd2daa6981ebbc14b1ba0e’

     0K .......... .......... .......... .........            100% 1.75M=0.02s

2018-05-16 15:24:50 (1.75 MB/s) - ‘../data/delivery.acm.org/10.1145/3190000/3186235/p467-buhmann.html?ip=24.48.71.56&id=3186235&acc=OPENTOC&key=4D4702B0C3E38B35.4D4702B0C3E38B35.4D4702B0C3E38B35.4DD68F0663C025AA&__acm__=1526498990_6b242e8934dd2daa6981ebbc14b1ba0e’ saved [40363/40363]

--2018-05-16 15:24:50--  http://deliveryimages.acm.org/10.1145/3190000/3186235/images/www18companion-88-fig1.jpg
Resolving deliveryimages.acm.org (deliveryimages.acm.org)... 104.17.79.191, 104.17.80.191
Connecting to deliveryimages.acm.org (deliveryimages.acm.org)|104.17.79.191|:80... connected.
HTTP request sent, awaiting response... 301 Moved Permanently
Location: https://deliveryimages.acm.org/10.1145/3190000/3186235/images/www18companion-88-fig1.jpg [following]
--2018-05-16 15:24:50--  https://deliveryimages.acm.org/10.1145/3190000/3186235/images/www18companion-88-fig1.jpg
Connecting to deliveryimages.acm.org (deliveryimages.acm.org)|104.17.79.191|:443... connected.
HTTP request sent, awaiting response... 200 OK
Length: 155788 (152K) [image/jpeg]
Saving to: ‘../data/deliveryimages.acm.org/10.1145/3190000/3186235/images/www18companion-88-fig1.jpg’

     0K .......... .......... .......... .......... .......... 32% 1.56M 0s
    50K .......... .......... .......... .......... .......... 65% 1.86M 0s
   100K .......... .......... .......... .......... .......... 98% 3.52M 0s
   150K ..                                                    100% 16.0M=0.07s

2018-05-16 15:24:51 (2.08 MB/s) - ‘../data/deliveryimages.acm.org/10.1145/3190000/3186235/images/www18companion-88-fig1.jpg’ saved [155788/155788]

--2018-05-16 15:24:51--  http://deliveryimages.acm.org/10.1145/3190000/3186235/images/www18companion-88-fig2.jpg
Connecting to deliveryimages.acm.org (deliveryimages.acm.org)|104.17.79.191|:80... connected.
HTTP request sent, awaiting response... 301 Moved Permanently
Location: https://deliveryimages.acm.org/10.1145/3190000/3186235/images/www18companion-88-fig2.jpg [following]
--2018-05-16 15:24:51--  https://deliveryimages.acm.org/10.1145/3190000/3186235/images/www18companion-88-fig2.jpg
Connecting to deliveryimages.acm.org (deliveryimages.acm.org)|104.17.79.191|:443... connected.
HTTP request sent, awaiting response... 200 OK
Length: 188574 (184K) [image/jpeg]
Saving to: ‘../data/deliveryimages.acm.org/10.1145/3190000/3186235/images/www18companion-88-fig2.jpg’

     0K .......... .......... .......... .......... .......... 27%  794K 0s
    50K .......... .......... .......... .......... .......... 54% 3.39M 0s
   100K .......... .......... .......... .......... .......... 81% 3.11M 0s
   150K .......... .......... .......... ....                 100% 2.62M=0.1s

2018-05-16 15:24:51 (1.70 MB/s) - ‘../data/deliveryimages.acm.org/10.1145/3190000/3186235/images/www18companion-88-fig2.jpg’ saved [188574/188574]

--2018-05-16 15:24:51--  http://deliveryimages.acm.org/10.1145/3190000/3186235/images/www18companion-88-fig3.jpg
Connecting to deliveryimages.acm.org (deliveryimages.acm.org)|104.17.79.191|:80... connected.
HTTP request sent, awaiting response... 301 Moved Permanently
Location: https://deliveryimages.acm.org/10.1145/3190000/3186235/images/www18companion-88-fig3.jpg [following]
--2018-05-16 15:24:51--  https://deliveryimages.acm.org/10.1145/3190000/3186235/images/www18companion-88-fig3.jpg
Connecting to deliveryimages.acm.org (deliveryimages.acm.org)|104.17.79.191|:443... connected.
HTTP request sent, awaiting response... 200 OK
Length: 22261 (22K) [image/jpeg]
Saving to: ‘../data/deliveryimages.acm.org/10.1145/3190000/3186235/images/www18companion-88-fig3.jpg’

     0K .......... .......... .                               100% 1.30M=0.02s

2018-05-16 15:24:52 (1.30 MB/s) - ‘../data/deliveryimages.acm.org/10.1145/3190000/3186235/images/www18companion-88-fig3.jpg’ saved [22261/22261]

--2018-05-16 15:24:52--  http://deliveryimages.acm.org/10.1145/3190000/3186235/images/www18companion-88-fig4.jpg
Connecting to deliveryimages.acm.org (deliveryimages.acm.org)|104.17.79.191|:80... connected.
HTTP request sent, awaiting response... 301 Moved Permanently
Location: https://deliveryimages.acm.org/10.1145/3190000/3186235/images/www18companion-88-fig4.jpg [following]
--2018-05-16 15:24:52--  https://deliveryimages.acm.org/10.1145/3190000/3186235/images/www18companion-88-fig4.jpg
Connecting to deliveryimages.acm.org (deliveryimages.acm.org)|104.17.79.191|:443... connected.
HTTP request sent, awaiting response... 200 OK
Length: 127777 (125K) [image/jpeg]
Saving to: ‘../data/deliveryimages.acm.org/10.1145/3190000/3186235/images/www18companion-88-fig4.jpg’

     0K .......... .......... .......... .......... .......... 40% 1.49M 0s
    50K .......... .......... .......... .......... .......... 80% 2.33M 0s
   100K .......... .......... ....                            100% 3.59M=0.06s

2018-05-16 15:24:52 (2.02 MB/s) - ‘../data/deliveryimages.acm.org/10.1145/3190000/3186235/images/www18companion-88-fig4.jpg’ saved [127777/127777]

--2018-05-16 15:24:52--  http://deliveryimages.acm.org/10.1145/3190000/3186235/images/www18companion-88-img1.svg
Connecting to deliveryimages.acm.org (deliveryimages.acm.org)|104.17.79.191|:80... connected.
HTTP request sent, awaiting response... 301 Moved Permanently
Location: https://deliveryimages.acm.org/10.1145/3190000/3186235/images/www18companion-88-img1.svg [following]
--2018-05-16 15:24:52--  https://deliveryimages.acm.org/10.1145/3190000/3186235/images/www18companion-88-img1.svg
Connecting to deliveryimages.acm.org (deliveryimages.acm.org)|104.17.79.191|:443... connected.
HTTP request sent, awaiting response... 200 OK
Length: 56561 (55K) [image/svg+xml]
Saving to: ‘../data/deliveryimages.acm.org/10.1145/3190000/3186235/images/www18companion-88-img1.svg’

     0K .......... .......... .......... .......... .......... 90%  693K 0s
    50K .....                                                 100% 32.9M=0.07s

2018-05-16 15:24:52 (764 KB/s) - ‘../data/deliveryimages.acm.org/10.1145/3190000/3186235/images/www18companion-88-img1.svg’ saved [56561/56561]

--2018-05-16 15:24:52--  http://deliveryimages.acm.org/10.1145/3190000/3186235/images/www18companion-88-img2.svg
Connecting to deliveryimages.acm.org (deliveryimages.acm.org)|104.17.79.191|:80... connected.
HTTP request sent, awaiting response... 301 Moved Permanently
Location: https://deliveryimages.acm.org/10.1145/3190000/3186235/images/www18companion-88-img2.svg [following]
--2018-05-16 15:24:52--  https://deliveryimages.acm.org/10.1145/3190000/3186235/images/www18companion-88-img2.svg
Connecting to deliveryimages.acm.org (deliveryimages.acm.org)|104.17.79.191|:443... connected.
HTTP request sent, awaiting response... 200 OK
Length: 36945 (36K) [image/svg+xml]
Saving to: ‘../data/deliveryimages.acm.org/10.1145/3190000/3186235/images/www18companion-88-img2.svg’

     0K .......... .......... .......... ......               100% 1.20M=0.03s

2018-05-16 15:24:53 (1.20 MB/s) - ‘../data/deliveryimages.acm.org/10.1145/3190000/3186235/images/www18companion-88-img2.svg’ saved [36945/36945]

--2018-05-16 15:24:53--  http://deliveryimages.acm.org/10.1145/3190000/3186235/images/www18companion-88-img3.svg
Connecting to deliveryimages.acm.org (deliveryimages.acm.org)|104.17.79.191|:80... connected.
HTTP request sent, awaiting response... 301 Moved Permanently
Location: https://deliveryimages.acm.org/10.1145/3190000/3186235/images/www18companion-88-img3.svg [following]
--2018-05-16 15:24:53--  https://deliveryimages.acm.org/10.1145/3190000/3186235/images/www18companion-88-img3.svg
Connecting to deliveryimages.acm.org (deliveryimages.acm.org)|104.17.79.191|:443... connected.
HTTP request sent, awaiting response... 200 OK
Length: 40050 (39K) [image/svg+xml]
Saving to: ‘../data/deliveryimages.acm.org/10.1145/3190000/3186235/images/www18companion-88-img3.svg’

     0K .......... .......... .......... .........            100% 1.38M=0.03s

2018-05-16 15:24:53 (1.38 MB/s) - ‘../data/deliveryimages.acm.org/10.1145/3190000/3186235/images/www18companion-88-img3.svg’ saved [40050/40050]

--2018-05-16 15:24:53--  http://deliveryimages.acm.org/10.1145/3190000/3186235/images/www18companion-88-img4.svg
Connecting to deliveryimages.acm.org (deliveryimages.acm.org)|104.17.79.191|:80... connected.
HTTP request sent, awaiting response... 301 Moved Permanently
Location: https://deliveryimages.acm.org/10.1145/3190000/3186235/images/www18companion-88-img4.svg [following]
--2018-05-16 15:24:53--  https://deliveryimages.acm.org/10.1145/3190000/3186235/images/www18companion-88-img4.svg
Connecting to deliveryimages.acm.org (deliveryimages.acm.org)|104.17.79.191|:443... connected.
HTTP request sent, awaiting response... 200 OK
Length: 30665 (30K) [image/svg+xml]
Saving to: ‘../data/deliveryimages.acm.org/10.1145/3190000/3186235/images/www18companion-88-img4.svg’

     0K .......... .......... .........                       100% 1.47M=0.02s

2018-05-16 15:24:54 (1.47 MB/s) - ‘../data/deliveryimages.acm.org/10.1145/3190000/3186235/images/www18companion-88-img4.svg’ saved [30665/30665]

FINISHED --2018-05-16 15:24:54--
Total wall clock time: 3.4s
Downloaded: 9 files, 683K in 0.4s (1.57 MB/s)
Converting links in ../data/delivery.acm.org/10.1145/3190000/3186235/p467-buhmann.html?ip=24.48.71.56&id=3186235&acc=OPENTOC&key=4D4702B0C3E38B35.4D4702B0C3E38B35.4D4702B0C3E38B35.4DD68F0663C025AA&__acm__=1526498990_6b242e8934dd2daa6981ebbc14b1ba0e... 63-0
Converted links in 1 files in 0.002 seconds.
