--2018-05-16 15:04:56--  http://delivery.acm.org/10.1145/3200000/3191657/p1887-bader.html?ip=24.48.71.56&id=3191657&acc=OPENTOC&key=4D4702B0C3E38B35%2E4D4702B0C3E38B35%2E4D4702B0C3E38B35%2E4DD68F0663C025AA&__acm__=1526497795_fcf6d33d428ab5f6be105ef4331cfc7b
Resolving delivery.acm.org (delivery.acm.org)... 24.200.120.82, 24.200.120.90
Connecting to delivery.acm.org (delivery.acm.org)|24.200.120.82|:80... connected.
HTTP request sent, awaiting response... 200 OK
Length: 49100 (48K) [text/html]
Saving to: ‘../data/delivery.acm.org/10.1145/3200000/3191657/p1887-bader.html?ip=24.48.71.56&id=3191657&acc=OPENTOC&key=4D4702B0C3E38B35.4D4702B0C3E38B35.4D4702B0C3E38B35.4DD68F0663C025AA&__acm__=1526497795_fcf6d33d428ab5f6be105ef4331cfc7b’

     0K .......... .......... .......... .......... .......   100% 2.13M=0.02s

2018-05-16 15:04:57 (2.13 MB/s) - ‘../data/delivery.acm.org/10.1145/3200000/3191657/p1887-bader.html?ip=24.48.71.56&id=3191657&acc=OPENTOC&key=4D4702B0C3E38B35.4D4702B0C3E38B35.4D4702B0C3E38B35.4DD68F0663C025AA&__acm__=1526497795_fcf6d33d428ab5f6be105ef4331cfc7b’ saved [49100/49100]

--2018-05-16 15:04:57--  http://deliveryimages.acm.org/10.1145/3200000/3191657/images/www18companion-396-fig1.jpg
Resolving deliveryimages.acm.org (deliveryimages.acm.org)... 104.17.79.191, 104.17.80.191
Connecting to deliveryimages.acm.org (deliveryimages.acm.org)|104.17.79.191|:80... connected.
HTTP request sent, awaiting response... 301 Moved Permanently
Location: https://deliveryimages.acm.org/10.1145/3200000/3191657/images/www18companion-396-fig1.jpg [following]
--2018-05-16 15:04:57--  https://deliveryimages.acm.org/10.1145/3200000/3191657/images/www18companion-396-fig1.jpg
Connecting to deliveryimages.acm.org (deliveryimages.acm.org)|104.17.79.191|:443... connected.
HTTP request sent, awaiting response... 200 OK
Length: 162823 (159K) [image/jpeg]
Saving to: ‘../data/deliveryimages.acm.org/10.1145/3200000/3191657/images/www18companion-396-fig1.jpg’

     0K .......... .......... .......... .......... .......... 31% 1.32M 0s
    50K .......... .......... .......... .......... .......... 62% 3.77M 0s
   100K .......... .......... .......... .......... .......... 94% 4.47M 0s
   150K .........                                             100% 1.99M=0.07s

2018-05-16 15:04:57 (2.38 MB/s) - ‘../data/deliveryimages.acm.org/10.1145/3200000/3191657/images/www18companion-396-fig1.jpg’ saved [162823/162823]

--2018-05-16 15:04:57--  http://deliveryimages.acm.org/10.1145/3200000/3191657/images/www18companion-396-fig2.jpg
Connecting to deliveryimages.acm.org (deliveryimages.acm.org)|104.17.79.191|:80... connected.
HTTP request sent, awaiting response... 301 Moved Permanently
Location: https://deliveryimages.acm.org/10.1145/3200000/3191657/images/www18companion-396-fig2.jpg [following]
--2018-05-16 15:04:57--  https://deliveryimages.acm.org/10.1145/3200000/3191657/images/www18companion-396-fig2.jpg
Connecting to deliveryimages.acm.org (deliveryimages.acm.org)|104.17.79.191|:443... connected.
HTTP request sent, awaiting response... 200 OK
Length: 89820 (88K) [image/jpeg]
Saving to: ‘../data/deliveryimages.acm.org/10.1145/3200000/3191657/images/www18companion-396-fig2.jpg’

     0K .......... .......... .......... .......... .......... 57%  979K 0s
    50K .......... .......... .......... .......              100% 1.38M=0.08s

2018-05-16 15:04:57 (1.10 MB/s) - ‘../data/deliveryimages.acm.org/10.1145/3200000/3191657/images/www18companion-396-fig2.jpg’ saved [89820/89820]

--2018-05-16 15:04:57--  http://deliveryimages.acm.org/10.1145/3200000/3191657/images/www18companion-396-fig3.jpg
Connecting to deliveryimages.acm.org (deliveryimages.acm.org)|104.17.79.191|:80... connected.
HTTP request sent, awaiting response... 301 Moved Permanently
Location: https://deliveryimages.acm.org/10.1145/3200000/3191657/images/www18companion-396-fig3.jpg [following]
--2018-05-16 15:04:57--  https://deliveryimages.acm.org/10.1145/3200000/3191657/images/www18companion-396-fig3.jpg
Connecting to deliveryimages.acm.org (deliveryimages.acm.org)|104.17.79.191|:443... connected.
HTTP request sent, awaiting response... 200 OK
Length: 155628 (152K) [image/jpeg]
Saving to: ‘../data/deliveryimages.acm.org/10.1145/3200000/3191657/images/www18companion-396-fig3.jpg’

     0K .......... .......... .......... .......... .......... 32%  782K 0s
    50K .......... .......... .......... .......... .......... 65% 1.02M 0s
   100K .......... .......... .......... .......... .......... 98% 1.30M 0s
   150K .                                                     100% 28.1M=0.1s

2018-05-16 15:04:58 (1016 KB/s) - ‘../data/deliveryimages.acm.org/10.1145/3200000/3191657/images/www18companion-396-fig3.jpg’ saved [155628/155628]

--2018-05-16 15:04:58--  http://deliveryimages.acm.org/10.1145/3200000/3191657/images/www18companion-396-fig4.jpg
Connecting to deliveryimages.acm.org (deliveryimages.acm.org)|104.17.79.191|:80... connected.
HTTP request sent, awaiting response... 301 Moved Permanently
Location: https://deliveryimages.acm.org/10.1145/3200000/3191657/images/www18companion-396-fig4.jpg [following]
--2018-05-16 15:04:58--  https://deliveryimages.acm.org/10.1145/3200000/3191657/images/www18companion-396-fig4.jpg
Connecting to deliveryimages.acm.org (deliveryimages.acm.org)|104.17.79.191|:443... connected.
HTTP request sent, awaiting response... 200 OK
Length: 71892 (70K) [image/jpeg]
Saving to: ‘../data/deliveryimages.acm.org/10.1145/3200000/3191657/images/www18companion-396-fig4.jpg’

     0K .......... .......... .......... .......... .......... 71% 1.70M 0s
    50K .......... ..........                                 100% 2.52M=0.04s

2018-05-16 15:04:58 (1.88 MB/s) - ‘../data/deliveryimages.acm.org/10.1145/3200000/3191657/images/www18companion-396-fig4.jpg’ saved [71892/71892]

--2018-05-16 15:04:58--  http://deliveryimages.acm.org/10.1145/3200000/3191657/images/www18companion-396-fig5.jpg
Connecting to deliveryimages.acm.org (deliveryimages.acm.org)|104.17.79.191|:80... connected.
HTTP request sent, awaiting response... 301 Moved Permanently
Location: https://deliveryimages.acm.org/10.1145/3200000/3191657/images/www18companion-396-fig5.jpg [following]
--2018-05-16 15:04:58--  https://deliveryimages.acm.org/10.1145/3200000/3191657/images/www18companion-396-fig5.jpg
Connecting to deliveryimages.acm.org (deliveryimages.acm.org)|104.17.79.191|:443... connected.
HTTP request sent, awaiting response... 200 OK
Length: 66424 (65K) [image/jpeg]
Saving to: ‘../data/deliveryimages.acm.org/10.1145/3200000/3191657/images/www18companion-396-fig5.jpg’

     0K .......... .......... .......... .......... .......... 77% 1.30M 0s
    50K .......... ....                                       100% 5.84M=0.04s

2018-05-16 15:04:58 (1.58 MB/s) - ‘../data/deliveryimages.acm.org/10.1145/3200000/3191657/images/www18companion-396-fig5.jpg’ saved [66424/66424]

--2018-05-16 15:04:58--  http://deliveryimages.acm.org/10.1145/3200000/3191657/images/www18companion-396-fig6.jpg
Connecting to deliveryimages.acm.org (deliveryimages.acm.org)|104.17.79.191|:80... connected.
HTTP request sent, awaiting response... 301 Moved Permanently
Location: https://deliveryimages.acm.org/10.1145/3200000/3191657/images/www18companion-396-fig6.jpg [following]
--2018-05-16 15:04:58--  https://deliveryimages.acm.org/10.1145/3200000/3191657/images/www18companion-396-fig6.jpg
Connecting to deliveryimages.acm.org (deliveryimages.acm.org)|104.17.79.191|:443... connected.
HTTP request sent, awaiting response... 200 OK
Length: 27471 (27K) [image/jpeg]
Saving to: ‘../data/deliveryimages.acm.org/10.1145/3200000/3191657/images/www18companion-396-fig6.jpg’

     0K .......... .......... ......                          100% 1.40M=0.02s

2018-05-16 15:04:59 (1.40 MB/s) - ‘../data/deliveryimages.acm.org/10.1145/3200000/3191657/images/www18companion-396-fig6.jpg’ saved [27471/27471]

--2018-05-16 15:04:59--  http://deliveryimages.acm.org/10.1145/3200000/3191657/images/www18companion-396-fig7.jpg
Connecting to deliveryimages.acm.org (deliveryimages.acm.org)|104.17.79.191|:80... connected.
HTTP request sent, awaiting response... 301 Moved Permanently
Location: https://deliveryimages.acm.org/10.1145/3200000/3191657/images/www18companion-396-fig7.jpg [following]
--2018-05-16 15:04:59--  https://deliveryimages.acm.org/10.1145/3200000/3191657/images/www18companion-396-fig7.jpg
Connecting to deliveryimages.acm.org (deliveryimages.acm.org)|104.17.79.191|:443... connected.
HTTP request sent, awaiting response... 200 OK
Length: 149332 (146K) [image/jpeg]
Saving to: ‘../data/deliveryimages.acm.org/10.1145/3200000/3191657/images/www18companion-396-fig7.jpg’

     0K .......... .......... .......... .......... .......... 34% 1.60M 0s
    50K .......... .......... .......... .......... .......... 68% 3.13M 0s
   100K .......... .......... .......... .......... .....     100% 1.58M=0.07s

2018-05-16 15:04:59 (1.91 MB/s) - ‘../data/deliveryimages.acm.org/10.1145/3200000/3191657/images/www18companion-396-fig7.jpg’ saved [149332/149332]

FINISHED --2018-05-16 15:04:59--
Total wall clock time: 2.8s
Downloaded: 8 files, 754K in 0.5s (1.52 MB/s)
Converting links in ../data/delivery.acm.org/10.1145/3200000/3191657/p1887-bader.html?ip=24.48.71.56&id=3191657&acc=OPENTOC&key=4D4702B0C3E38B35.4D4702B0C3E38B35.4D4702B0C3E38B35.4DD68F0663C025AA&__acm__=1526497795_fcf6d33d428ab5f6be105ef4331cfc7b... 59-0
Converted links in 1 files in 0.002 seconds.
