--2018-05-16 14:20:40--  http://delivery.acm.org/10.1145/3190000/3186113/p469-ni.html?ip=24.48.71.56&id=3186113&acc=OPENTOC&key=4D4702B0C3E38B35%2E4D4702B0C3E38B35%2E4D4702B0C3E38B35%2E4DD68F0663C025AA&__acm__=1526495140_1b582653dffa965eb422b93957651044
Resolving delivery.acm.org (delivery.acm.org)... 24.200.120.90, 24.200.120.82
Connecting to delivery.acm.org (delivery.acm.org)|24.200.120.90|:80... connected.
HTTP request sent, awaiting response... 200 OK
Length: 104454 (102K) [text/html]
Saving to: ‘../data/delivery.acm.org/10.1145/3190000/3186113/p469-ni.html?ip=24.48.71.56&id=3186113&acc=OPENTOC&key=4D4702B0C3E38B35.4D4702B0C3E38B35.4D4702B0C3E38B35.4DD68F0663C025AA&__acm__=1526495140_1b582653dffa965eb422b93957651044’

     0K .......... .......... .......... .......... .......... 49% 2.34M 0s
    50K .......... .......... .......... .......... .......... 98% 4.20M 0s
   100K ..                                                    100% 35.7M=0.03s

2018-05-16 14:20:40 (3.06 MB/s) - ‘../data/delivery.acm.org/10.1145/3190000/3186113/p469-ni.html?ip=24.48.71.56&id=3186113&acc=OPENTOC&key=4D4702B0C3E38B35.4D4702B0C3E38B35.4D4702B0C3E38B35.4DD68F0663C025AA&__acm__=1526495140_1b582653dffa965eb422b93957651044’ saved [104454/104454]

--2018-05-16 14:20:40--  http://deliveryimages.acm.org/10.1145/3190000/3186113/images/www2018-122-fig1.jpg
Resolving deliveryimages.acm.org (deliveryimages.acm.org)... 104.17.79.191, 104.17.80.191
Connecting to deliveryimages.acm.org (deliveryimages.acm.org)|104.17.79.191|:80... connected.
HTTP request sent, awaiting response... 301 Moved Permanently
Location: https://deliveryimages.acm.org/10.1145/3190000/3186113/images/www2018-122-fig1.jpg [following]
--2018-05-16 14:20:40--  https://deliveryimages.acm.org/10.1145/3190000/3186113/images/www2018-122-fig1.jpg
Connecting to deliveryimages.acm.org (deliveryimages.acm.org)|104.17.79.191|:443... connected.
HTTP request sent, awaiting response... 200 OK
Length: 266051 (260K) [image/jpeg]
Saving to: ‘../data/deliveryimages.acm.org/10.1145/3190000/3186113/images/www2018-122-fig1.jpg’

     0K .......... .......... .......... .......... .......... 19% 1.61M 0s
    50K .......... .......... .......... .......... .......... 38% 2.06M 0s
   100K .......... .......... .......... .......... .......... 57% 6.82M 0s
   150K .......... .......... .......... .......... .......... 76% 1.76M 0s
   200K .......... .......... .......... .......... .......... 96% 4.93M 0s
   250K .........                                             100% 12.0M=0.1s

2018-05-16 14:20:40 (2.55 MB/s) - ‘../data/deliveryimages.acm.org/10.1145/3190000/3186113/images/www2018-122-fig1.jpg’ saved [266051/266051]

--2018-05-16 14:20:40--  http://deliveryimages.acm.org/10.1145/3190000/3186113/images/www2018-122-fig2.jpg
Connecting to deliveryimages.acm.org (deliveryimages.acm.org)|104.17.79.191|:80... connected.
HTTP request sent, awaiting response... 301 Moved Permanently
Location: https://deliveryimages.acm.org/10.1145/3190000/3186113/images/www2018-122-fig2.jpg [following]
--2018-05-16 14:20:40--  https://deliveryimages.acm.org/10.1145/3190000/3186113/images/www2018-122-fig2.jpg
Connecting to deliveryimages.acm.org (deliveryimages.acm.org)|104.17.79.191|:443... connected.
HTTP request sent, awaiting response... 200 OK
Length: 58945 (58K) [image/jpeg]
Saving to: ‘../data/deliveryimages.acm.org/10.1145/3190000/3186113/images/www2018-122-fig2.jpg’

     0K .......... .......... .......... .......... .......... 86% 1.64M 0s
    50K .......                                               100% 2.80M=0.03s

2018-05-16 14:20:41 (1.74 MB/s) - ‘../data/deliveryimages.acm.org/10.1145/3190000/3186113/images/www2018-122-fig2.jpg’ saved [58945/58945]

--2018-05-16 14:20:41--  http://deliveryimages.acm.org/10.1145/3190000/3186113/images/www2018-122-img1.jpg
Connecting to deliveryimages.acm.org (deliveryimages.acm.org)|104.17.79.191|:80... connected.
HTTP request sent, awaiting response... 301 Moved Permanently
Location: https://deliveryimages.acm.org/10.1145/3190000/3186113/images/www2018-122-img1.jpg [following]
--2018-05-16 14:20:41--  https://deliveryimages.acm.org/10.1145/3190000/3186113/images/www2018-122-img1.jpg
Connecting to deliveryimages.acm.org (deliveryimages.acm.org)|104.17.79.191|:443... connected.
HTTP request sent, awaiting response... 200 OK
Length: 211610 (207K) [image/jpeg]
Saving to: ‘../data/deliveryimages.acm.org/10.1145/3190000/3186113/images/www2018-122-img1.jpg’

     0K .......... .......... .......... .......... .......... 24% 1.72M 0s
    50K .......... .......... .......... .......... .......... 48% 2.96M 0s
   100K .......... .......... .......... .......... .......... 72% 5.51M 0s
   150K .......... .......... .......... .......... .......... 96% 3.95M 0s
   200K ......                                                100% 11.7M=0.07s

2018-05-16 14:20:41 (3.03 MB/s) - ‘../data/deliveryimages.acm.org/10.1145/3190000/3186113/images/www2018-122-img1.jpg’ saved [211610/211610]

--2018-05-16 14:20:41--  http://deliveryimages.acm.org/10.1145/3190000/3186113/images/www2018-122-fig3.jpg
Connecting to deliveryimages.acm.org (deliveryimages.acm.org)|104.17.79.191|:80... connected.
HTTP request sent, awaiting response... 301 Moved Permanently
Location: https://deliveryimages.acm.org/10.1145/3190000/3186113/images/www2018-122-fig3.jpg [following]
--2018-05-16 14:20:41--  https://deliveryimages.acm.org/10.1145/3190000/3186113/images/www2018-122-fig3.jpg
Connecting to deliveryimages.acm.org (deliveryimages.acm.org)|104.17.79.191|:443... connected.
HTTP request sent, awaiting response... 200 OK
Length: 760344 (743K) [image/jpeg]
Saving to: ‘../data/deliveryimages.acm.org/10.1145/3190000/3186113/images/www2018-122-fig3.jpg’

     0K .......... .......... .......... .......... ..........  6% 1.28M 1s
    50K .......... .......... .......... .......... .......... 13% 4.48M 0s
   100K .......... .......... .......... .......... .......... 20% 1.99M 0s
   150K .......... .......... .......... .......... .......... 26% 18.1M 0s
   200K .......... .......... .......... .......... .......... 33% 3.16M 0s
   250K .......... .......... .......... .......... .......... 40% 6.90M 0s
   300K .......... .......... .......... .......... .......... 47% 5.97M 0s
   350K .......... .......... .......... .......... .......... 53% 1.85M 0s
   400K .......... .......... .......... .......... .......... 60% 5.15M 0s
   450K .......... .......... .......... .......... .......... 67% 4.47M 0s
   500K .......... .......... .......... .......... .......... 74% 4.48M 0s
   550K .......... .......... .......... .......... .......... 80% 1.40M 0s
   600K .......... .......... .......... .......... .......... 87%  122M 0s
   650K .......... .......... .......... .......... .......... 94% 3.13M 0s
   700K .......... .......... .......... .......... ..        100% 7.50M=0.2s

2018-05-16 14:20:42 (3.28 MB/s) - ‘../data/deliveryimages.acm.org/10.1145/3190000/3186113/images/www2018-122-fig3.jpg’ saved [760344/760344]

--2018-05-16 14:20:42--  http://deliveryimages.acm.org/10.1145/3190000/3186113/images/www2018-122-fig4.jpg
Connecting to deliveryimages.acm.org (deliveryimages.acm.org)|104.17.79.191|:80... connected.
HTTP request sent, awaiting response... 301 Moved Permanently
Location: https://deliveryimages.acm.org/10.1145/3190000/3186113/images/www2018-122-fig4.jpg [following]
--2018-05-16 14:20:42--  https://deliveryimages.acm.org/10.1145/3190000/3186113/images/www2018-122-fig4.jpg
Connecting to deliveryimages.acm.org (deliveryimages.acm.org)|104.17.79.191|:443... connected.
HTTP request sent, awaiting response... 200 OK
Length: 238231 (233K) [image/jpeg]
Saving to: ‘../data/deliveryimages.acm.org/10.1145/3190000/3186113/images/www2018-122-fig4.jpg’

     0K .......... .......... .......... .......... .......... 21% 1.38M 0s
    50K .......... .......... .......... .......... .......... 42% 3.58M 0s
   100K .......... .......... .......... .......... .......... 64% 4.73M 0s
   150K .......... .......... .......... .......... .......... 85% 3.73M 0s
   200K .......... .......... .......... ..                   100% 3.78M=0.08s

2018-05-16 14:20:42 (2.81 MB/s) - ‘../data/deliveryimages.acm.org/10.1145/3190000/3186113/images/www2018-122-fig4.jpg’ saved [238231/238231]

--2018-05-16 14:20:42--  http://deliveryimages.acm.org/10.1145/3190000/3186113/images/www2018-122-fig5.jpg
Connecting to deliveryimages.acm.org (deliveryimages.acm.org)|104.17.79.191|:80... connected.
HTTP request sent, awaiting response... 301 Moved Permanently
Location: https://deliveryimages.acm.org/10.1145/3190000/3186113/images/www2018-122-fig5.jpg [following]
--2018-05-16 14:20:42--  https://deliveryimages.acm.org/10.1145/3190000/3186113/images/www2018-122-fig5.jpg
Connecting to deliveryimages.acm.org (deliveryimages.acm.org)|104.17.79.191|:443... connected.
HTTP request sent, awaiting response... 200 OK
Length: 100398 (98K) [image/jpeg]
Saving to: ‘../data/deliveryimages.acm.org/10.1145/3190000/3186113/images/www2018-122-fig5.jpg’

     0K .......... .......... .......... .......... .......... 50% 1.42M 0s
    50K .......... .......... .......... .......... ........  100% 3.17M=0.05s

2018-05-16 14:20:42 (1.94 MB/s) - ‘../data/deliveryimages.acm.org/10.1145/3190000/3186113/images/www2018-122-fig5.jpg’ saved [100398/100398]

FINISHED --2018-05-16 14:20:42--
Total wall clock time: 2.3s
Downloaded: 7 files, 1.7M in 0.6s (2.85 MB/s)
Converting links in ../data/delivery.acm.org/10.1145/3190000/3186113/p469-ni.html?ip=24.48.71.56&id=3186113&acc=OPENTOC&key=4D4702B0C3E38B35.4D4702B0C3E38B35.4D4702B0C3E38B35.4DD68F0663C025AA&__acm__=1526495140_1b582653dffa965eb422b93957651044... 144-0
Converted links in 1 files in 0.004 seconds.
