--2018-05-16 14:57:30--  http://delivery.acm.org/10.1145/3200000/3192291/p891-anthopoulos.pdf?ip=24.48.71.56&id=3192291&acc=OPENTOC&key=4D4702B0C3E38B35%2E4D4702B0C3E38B35%2E4D4702B0C3E38B35%2E4DD68F0663C025AA&__acm__=1526497350_06bb9967176f4429807770b4b40cefd0
Resolving delivery.acm.org (delivery.acm.org)... 24.200.120.90, 24.200.120.82
Connecting to delivery.acm.org (delivery.acm.org)|24.200.120.90|:80... connected.
HTTP request sent, awaiting response... 200 OK
Length: 1161332 (1.1M) [application/pdf]
Saving to: ‘../data/delivery.acm.org/10.1145/3200000/3192291/p891-anthopoulos.pdf?ip=24.48.71.56&id=3192291&acc=OPENTOC&key=4D4702B0C3E38B35.4D4702B0C3E38B35.4D4702B0C3E38B35.4DD68F0663C025AA&__acm__=1526497350_06bb9967176f4429807770b4b40cefd0’

     0K .......... .......... .......... .......... ..........  4% 2.76M 0s
    50K .......... .......... .......... .......... ..........  8% 3.42M 0s
   100K .......... .......... .......... .......... .......... 13% 1.15M 0s
   150K .......... .......... .......... .......... .......... 17% 1.15M 1s
   200K .......... .......... .......... .......... .......... 22% 6.47M 0s
   250K .......... .......... .......... .......... .......... 26%  458M 0s
   300K .......... .......... .......... .......... .......... 30% 7.03M 0s
   350K .......... .......... .......... .......... .......... 35% 4.67M 0s
   400K .......... .......... .......... .......... .......... 39% 4.96M 0s
   450K .......... .......... .......... .......... .......... 44% 3.80M 0s
   500K .......... .......... .......... .......... .......... 48% 1.41M 0s
   550K .......... .......... .......... .......... .......... 52% 4.79M 0s
   600K .......... .......... .......... .......... .......... 57% 2.05M 0s
   650K .......... .......... .......... .......... .......... 61% 12.2M 0s
   700K .......... .......... .......... .......... .......... 66% 5.14M 0s
   750K .......... .......... .......... .......... .......... 70% 3.26M 0s
   800K .......... .......... .......... .......... .......... 74% 3.45M 0s
   850K .......... .......... .......... .......... .......... 79% 4.88M 0s
   900K .......... .......... .......... .......... .......... 83% 2.68M 0s
   950K .......... .......... .......... .......... .......... 88% 6.73M 0s
  1000K .......... .......... .......... .......... .......... 92% 1.92M 0s
  1050K .......... .......... .......... .......... .......... 96% 3.85M 0s
  1100K .......... .......... .......... ....                 100% 4.57M=0.4s

2018-05-16 14:57:31 (3.10 MB/s) - ‘../data/delivery.acm.org/10.1145/3200000/3192291/p891-anthopoulos.pdf?ip=24.48.71.56&id=3192291&acc=OPENTOC&key=4D4702B0C3E38B35.4D4702B0C3E38B35.4D4702B0C3E38B35.4DD68F0663C025AA&__acm__=1526497350_06bb9967176f4429807770b4b40cefd0’ saved [1161332/1161332]

FINISHED --2018-05-16 14:57:31--
Total wall clock time: 0.6s
Downloaded: 1 files, 1.1M in 0.4s (3.10 MB/s)
Converted links in 0 files in 0 seconds.
