--2018-05-16 14:23:43--  http://delivery.acm.org/10.1145/3190000/3186108/p419-rizoiu.html?ip=24.48.71.56&id=3186108&acc=OPENTOC&key=4D4702B0C3E38B35%2E4D4702B0C3E38B35%2E4D4702B0C3E38B35%2E4DD68F0663C025AA&__acm__=1526495322_e79b873fdc4910d37bc6187d98eb5628
Resolving delivery.acm.org (delivery.acm.org)... 24.200.120.90, 24.200.120.82
Connecting to delivery.acm.org (delivery.acm.org)|24.200.120.90|:80... connected.
HTTP request sent, awaiting response... 200 OK
Length: 109594 (107K) [text/html]
Saving to: ‘../data/delivery.acm.org/10.1145/3190000/3186108/p419-rizoiu.html?ip=24.48.71.56&id=3186108&acc=OPENTOC&key=4D4702B0C3E38B35.4D4702B0C3E38B35.4D4702B0C3E38B35.4DD68F0663C025AA&__acm__=1526495322_e79b873fdc4910d37bc6187d98eb5628’

     0K .......... .......... .......... .......... .......... 46% 1.78M 0s
    50K .......... .......... .......... .......... .......... 93% 2.79M 0s
   100K .......                                               100% 1.28M=0.05s

2018-05-16 14:23:43 (2.08 MB/s) - ‘../data/delivery.acm.org/10.1145/3190000/3186108/p419-rizoiu.html?ip=24.48.71.56&id=3186108&acc=OPENTOC&key=4D4702B0C3E38B35.4D4702B0C3E38B35.4D4702B0C3E38B35.4DD68F0663C025AA&__acm__=1526495322_e79b873fdc4910d37bc6187d98eb5628’ saved [109594/109594]

--2018-05-16 14:23:43--  http://deliveryimages.acm.org/10.1145/3190000/3186108/images/www2018-117-fig1.jpg
Resolving deliveryimages.acm.org (deliveryimages.acm.org)... 104.17.80.191, 104.17.79.191
Connecting to deliveryimages.acm.org (deliveryimages.acm.org)|104.17.80.191|:80... connected.
HTTP request sent, awaiting response... 301 Moved Permanently
Location: https://deliveryimages.acm.org/10.1145/3190000/3186108/images/www2018-117-fig1.jpg [following]
--2018-05-16 14:23:43--  https://deliveryimages.acm.org/10.1145/3190000/3186108/images/www2018-117-fig1.jpg
Connecting to deliveryimages.acm.org (deliveryimages.acm.org)|104.17.80.191|:443... connected.
HTTP request sent, awaiting response... 200 OK
Length: 863486 (843K) [image/jpeg]
Saving to: ‘../data/deliveryimages.acm.org/10.1145/3190000/3186108/images/www2018-117-fig1.jpg’

     0K .......... .......... .......... .......... ..........  5% 1.31M 1s
    50K .......... .......... .......... .......... .......... 11% 2.33M 0s
   100K .......... .......... .......... .......... .......... 17% 3.53M 0s
   150K .......... .......... .......... .......... .......... 23% 1.44M 0s
   200K .......... .......... .......... .......... .......... 29% 5.32M 0s
   250K .......... .......... .......... .......... .......... 35% 4.34M 0s
   300K .......... .......... .......... .......... .......... 41% 3.89M 0s
   350K .......... .......... .......... .......... .......... 47% 3.69M 0s
   400K .......... .......... .......... .......... .......... 53% 4.74M 0s
   450K .......... .......... .......... .......... .......... 59% 6.02M 0s
   500K .......... .......... .......... .......... .......... 65%  412K 0s
   550K .......... .......... .......... .......... .......... 71%  743K 0s
   600K .......... .......... .......... .......... .......... 77% 2.40M 0s
   650K .......... .......... .......... .......... .......... 83% 2.21M 0s
   700K .......... .......... .......... .......... .......... 88% 3.36M 0s
   750K .......... .......... .......... .......... .......... 94% 2.93M 0s
   800K .......... .......... .......... .......... ...       100% 5.70M=0.4s

2018-05-16 14:23:44 (1.87 MB/s) - ‘../data/deliveryimages.acm.org/10.1145/3190000/3186108/images/www2018-117-fig1.jpg’ saved [863486/863486]

--2018-05-16 14:23:44--  http://deliveryimages.acm.org/10.1145/3190000/3186108/images/www2018-117-fig2.jpg
Connecting to deliveryimages.acm.org (deliveryimages.acm.org)|104.17.80.191|:80... connected.
HTTP request sent, awaiting response... 301 Moved Permanently
Location: https://deliveryimages.acm.org/10.1145/3190000/3186108/images/www2018-117-fig2.jpg [following]
--2018-05-16 14:23:44--  https://deliveryimages.acm.org/10.1145/3190000/3186108/images/www2018-117-fig2.jpg
Connecting to deliveryimages.acm.org (deliveryimages.acm.org)|104.17.80.191|:443... connected.
HTTP request sent, awaiting response... 200 OK
Length: 1051157 (1.0M) [image/jpeg]
Saving to: ‘../data/deliveryimages.acm.org/10.1145/3190000/3186108/images/www2018-117-fig2.jpg’

     0K .......... .......... .......... .......... ..........  4%  887K 1s
    50K .......... .......... .......... .......... ..........  9% 3.09M 1s
   100K .......... .......... .......... .......... .......... 14% 4.13M 0s
   150K .......... .......... .......... .......... .......... 19% 3.53M 0s
   200K .......... .......... .......... .......... .......... 24% 3.03M 0s
   250K .......... .......... .......... .......... .......... 29% 4.75M 0s
   300K .......... .......... .......... .......... .......... 34% 3.29M 0s
   350K .......... .......... .......... .......... .......... 38% 2.61M 0s
   400K .......... .......... .......... .......... .......... 43% 4.90M 0s
   450K .......... .......... .......... .......... .......... 48% 4.32M 0s
   500K .......... .......... .......... .......... .......... 53% 3.58M 0s
   550K .......... .......... .......... .......... .......... 58% 3.83M 0s
   600K .......... .......... .......... .......... .......... 63% 3.46M 0s
   650K .......... .......... .......... .......... .......... 68% 2.91M 0s
   700K .......... .......... .......... .......... .......... 73% 3.64M 0s
   750K .......... .......... .......... .......... .......... 77% 2.98M 0s
   800K .......... .......... .......... .......... .......... 82% 4.72M 0s
   850K .......... .......... .......... .......... .......... 87% 3.99M 0s
   900K .......... .......... .......... .......... .......... 92% 5.85M 0s
   950K .......... .......... .......... .......... .......... 97% 3.00M 0s
  1000K .......... .......... ......                          100% 10.8M=0.3s

2018-05-16 14:23:44 (3.17 MB/s) - ‘../data/deliveryimages.acm.org/10.1145/3190000/3186108/images/www2018-117-fig2.jpg’ saved [1051157/1051157]

--2018-05-16 14:23:44--  http://deliveryimages.acm.org/10.1145/3190000/3186108/images/www2018-117-fig3.jpg
Connecting to deliveryimages.acm.org (deliveryimages.acm.org)|104.17.80.191|:80... connected.
HTTP request sent, awaiting response... 301 Moved Permanently
Location: https://deliveryimages.acm.org/10.1145/3190000/3186108/images/www2018-117-fig3.jpg [following]
--2018-05-16 14:23:44--  https://deliveryimages.acm.org/10.1145/3190000/3186108/images/www2018-117-fig3.jpg
Connecting to deliveryimages.acm.org (deliveryimages.acm.org)|104.17.80.191|:443... connected.
HTTP request sent, awaiting response... 200 OK
Length: 801383 (783K) [image/jpeg]
Saving to: ‘../data/deliveryimages.acm.org/10.1145/3190000/3186108/images/www2018-117-fig3.jpg’

     0K .......... .......... .......... .......... ..........  6% 1.47M 0s
    50K .......... .......... .......... .......... .......... 12% 1.74M 0s
   100K .......... .......... .......... .......... .......... 19% 2.40M 0s
   150K .......... .......... .......... .......... .......... 25% 3.05M 0s
   200K .......... .......... .......... .......... .......... 31% 5.20M 0s
   250K .......... .......... .......... .......... .......... 38% 4.43M 0s
   300K .......... .......... .......... .......... .......... 44% 2.66M 0s
   350K .......... .......... .......... .......... .......... 51% 1.83M 0s
   400K .......... .......... .......... .......... .......... 57% 3.61M 0s
   450K .......... .......... .......... .......... .......... 63% 10.1M 0s
   500K .......... .......... .......... .......... .......... 70% 9.76M 0s
   550K .......... .......... .......... .......... .......... 76% 2.73M 0s
   600K .......... .......... .......... .......... .......... 83% 27.4M 0s
   650K .......... .......... .......... .......... .......... 89% 5.20M 0s
   700K .......... .......... .......... .......... .......... 95% 3.19M 0s
   750K .......... .......... .......... ..                   100% 5.70M=0.2s

2018-05-16 14:23:45 (3.23 MB/s) - ‘../data/deliveryimages.acm.org/10.1145/3190000/3186108/images/www2018-117-fig3.jpg’ saved [801383/801383]

--2018-05-16 14:23:45--  http://deliveryimages.acm.org/10.1145/3190000/3186108/images/www2018-117-fig4.jpg
Connecting to deliveryimages.acm.org (deliveryimages.acm.org)|104.17.80.191|:80... connected.
HTTP request sent, awaiting response... 301 Moved Permanently
Location: https://deliveryimages.acm.org/10.1145/3190000/3186108/images/www2018-117-fig4.jpg [following]
--2018-05-16 14:23:45--  https://deliveryimages.acm.org/10.1145/3190000/3186108/images/www2018-117-fig4.jpg
Connecting to deliveryimages.acm.org (deliveryimages.acm.org)|104.17.80.191|:443... connected.
HTTP request sent, awaiting response... 200 OK
Length: 826073 (807K) [image/jpeg]
Saving to: ‘../data/deliveryimages.acm.org/10.1145/3190000/3186108/images/www2018-117-fig4.jpg’

     0K .......... .......... .......... .......... ..........  6% 1.34M 1s
    50K .......... .......... .......... .......... .......... 12% 1.39M 1s
   100K .......... .......... .......... .......... .......... 18% 3.94M 0s
   150K .......... .......... .......... .......... .......... 24% 4.50M 0s
   200K .......... .......... .......... .......... .......... 30% 2.98M 0s
   250K .......... .......... .......... .......... .......... 37% 4.61M 0s
   300K .......... .......... .......... .......... .......... 43% 5.20M 0s
   350K .......... .......... .......... .......... .......... 49% 2.52M 0s
   400K .......... .......... .......... .......... .......... 55% 6.70M 0s
   450K .......... .......... .......... .......... .......... 61% 4.89M 0s
   500K .......... .......... .......... .......... .......... 68% 2.34M 0s
   550K .......... .......... .......... .......... .......... 74% 5.37M 0s
   600K .......... .......... .......... .......... .......... 80% 4.82M 0s
   650K .......... .......... .......... .......... .......... 86% 4.37M 0s
   700K .......... .......... .......... .......... .......... 92% 3.55M 0s
   750K .......... .......... .......... .......... .......... 99% 5.16M 0s
   800K ......                                                100% 12802G=0.2s

2018-05-16 14:23:45 (3.25 MB/s) - ‘../data/deliveryimages.acm.org/10.1145/3190000/3186108/images/www2018-117-fig4.jpg’ saved [826073/826073]

--2018-05-16 14:23:45--  http://deliveryimages.acm.org/10.1145/3190000/3186108/images/www2018-117-fig5.jpg
Connecting to deliveryimages.acm.org (deliveryimages.acm.org)|104.17.80.191|:80... connected.
HTTP request sent, awaiting response... 301 Moved Permanently
Location: https://deliveryimages.acm.org/10.1145/3190000/3186108/images/www2018-117-fig5.jpg [following]
--2018-05-16 14:23:46--  https://deliveryimages.acm.org/10.1145/3190000/3186108/images/www2018-117-fig5.jpg
Connecting to deliveryimages.acm.org (deliveryimages.acm.org)|104.17.80.191|:443... connected.
HTTP request sent, awaiting response... 200 OK
Length: 873651 (853K) [image/jpeg]
Saving to: ‘../data/deliveryimages.acm.org/10.1145/3190000/3186108/images/www2018-117-fig5.jpg’

     0K .......... .......... .......... .......... ..........  5% 1.35M 1s
    50K .......... .......... .......... .......... .......... 11% 1.17M 1s
   100K .......... .......... .......... .......... .......... 17% 1.82M 0s
   150K .......... .......... .......... .......... .......... 23% 3.23M 0s
   200K .......... .......... .......... .......... .......... 29% 4.13M 0s
   250K .......... .......... .......... .......... .......... 35% 3.65M 0s
   300K .......... .......... .......... .......... .......... 41% 3.57M 0s
   350K .......... .......... .......... .......... .......... 46% 2.97M 0s
   400K .......... .......... .......... .......... .......... 52% 5.36M 0s
   450K .......... .......... .......... .......... .......... 58% 3.77M 0s
   500K .......... .......... .......... .......... .......... 64% 3.80M 0s
   550K .......... .......... .......... .......... .......... 70% 3.46M 0s
   600K .......... .......... .......... .......... .......... 76% 7.74M 0s
   650K .......... .......... .......... .......... .......... 82% 6.13M 0s
   700K .......... .......... .......... .......... .......... 87% 2.95M 0s
   750K .......... .......... .......... .......... .......... 93% 3.08M 0s
   800K .......... .......... .......... .......... .......... 99% 5.68M 0s
   850K ...                                                   100% 6055G=0.3s

2018-05-16 14:23:46 (2.98 MB/s) - ‘../data/deliveryimages.acm.org/10.1145/3190000/3186108/images/www2018-117-fig5.jpg’ saved [873651/873651]

--2018-05-16 14:23:46--  http://deliveryimages.acm.org/10.1145/3190000/3186108/images/www2018-117-fig6.jpg
Connecting to deliveryimages.acm.org (deliveryimages.acm.org)|104.17.80.191|:80... connected.
HTTP request sent, awaiting response... 301 Moved Permanently
Location: https://deliveryimages.acm.org/10.1145/3190000/3186108/images/www2018-117-fig6.jpg [following]
--2018-05-16 14:23:46--  https://deliveryimages.acm.org/10.1145/3190000/3186108/images/www2018-117-fig6.jpg
Connecting to deliveryimages.acm.org (deliveryimages.acm.org)|104.17.80.191|:443... connected.
HTTP request sent, awaiting response... 200 OK
Length: 967833 (945K) [image/jpeg]
Saving to: ‘../data/deliveryimages.acm.org/10.1145/3190000/3186108/images/www2018-117-fig6.jpg’

     0K .......... .......... .......... .......... ..........  5%  796K 1s
    50K .......... .......... .......... .......... .......... 10% 2.71M 1s
   100K .......... .......... .......... .......... .......... 15% 1.15M 1s
   150K .......... .......... .......... .......... .......... 21%  805K 1s
   200K .......... .......... .......... .......... .......... 26% 12.0M 1s
   250K .......... .......... .......... .......... .......... 31%  667K 1s
   300K .......... .......... .......... .......... .......... 37% 3.12M 0s
   350K .......... .......... .......... .......... .......... 42% 1.99M 0s
   400K .......... .......... .......... .......... .......... 47% 6.76M 0s
   450K .......... .......... .......... .......... .......... 52% 5.24M 0s
   500K .......... .......... .......... .......... .......... 58% 10.2M 0s
   550K .......... .......... .......... .......... .......... 63% 4.97M 0s
   600K .......... .......... .......... .......... .......... 68% 5.26M 0s
   650K .......... .......... .......... .......... .......... 74% 2.31M 0s
   700K .......... .......... .......... .......... .......... 79% 19.6M 0s
   750K .......... .......... .......... .......... .......... 84% 4.43M 0s
   800K .......... .......... .......... .......... .......... 89% 6.74M 0s
   850K .......... .......... .......... .......... .......... 95% 4.14M 0s
   900K .......... .......... .......... .......... .....     100% 10.7M=0.4s

2018-05-16 14:23:47 (2.29 MB/s) - ‘../data/deliveryimages.acm.org/10.1145/3190000/3186108/images/www2018-117-fig6.jpg’ saved [967833/967833]

--2018-05-16 14:23:47--  http://deliveryimages.acm.org/10.1145/3190000/3186108/images/www2018-117-fig7.jpg
Connecting to deliveryimages.acm.org (deliveryimages.acm.org)|104.17.80.191|:80... connected.
HTTP request sent, awaiting response... 301 Moved Permanently
Location: https://deliveryimages.acm.org/10.1145/3190000/3186108/images/www2018-117-fig7.jpg [following]
--2018-05-16 14:23:47--  https://deliveryimages.acm.org/10.1145/3190000/3186108/images/www2018-117-fig7.jpg
Connecting to deliveryimages.acm.org (deliveryimages.acm.org)|104.17.80.191|:443... connected.
HTTP request sent, awaiting response... 200 OK
Length: 804720 (786K) [image/jpeg]
Saving to: ‘../data/deliveryimages.acm.org/10.1145/3190000/3186108/images/www2018-117-fig7.jpg’

     0K .......... .......... .......... .......... ..........  6% 1.16M 1s
    50K .......... .......... .......... .......... .......... 12% 2.49M 0s
   100K .......... .......... .......... .......... .......... 19% 2.79M 0s
   150K .......... .......... .......... .......... .......... 25% 3.66M 0s
   200K .......... .......... .......... .......... .......... 31% 1.44M 0s
   250K .......... .......... .......... .......... .......... 38% 4.83M 0s
   300K .......... .......... .......... .......... .......... 44%  175M 0s
   350K .......... .......... .......... .......... .......... 50% 2.06M 0s
   400K .......... .......... .......... .......... .......... 57% 23.9M 0s
   450K .......... .......... .......... .......... .......... 63% 2.30M 0s
   500K .......... .......... .......... .......... .......... 69%  186M 0s
   550K .......... .......... .......... .......... .......... 76% 5.09M 0s
   600K .......... .......... .......... .......... .......... 82% 4.10M 0s
   650K .......... .......... .......... .......... .......... 89% 1.35M 0s
   700K .......... .......... .......... .......... .......... 95%  239M 0s
   750K .......... .......... .......... .....                100% 3.62M=0.3s

2018-05-16 14:23:47 (3.05 MB/s) - ‘../data/deliveryimages.acm.org/10.1145/3190000/3186108/images/www2018-117-fig7.jpg’ saved [804720/804720]

FINISHED --2018-05-16 14:23:47--
Total wall clock time: 4.4s
Downloaded: 8 files, 6.0M in 2.2s (2.71 MB/s)
Converting links in ../data/delivery.acm.org/10.1145/3190000/3186108/p419-rizoiu.html?ip=24.48.71.56&id=3186108&acc=OPENTOC&key=4D4702B0C3E38B35.4D4702B0C3E38B35.4D4702B0C3E38B35.4DD68F0663C025AA&__acm__=1526495322_e79b873fdc4910d37bc6187d98eb5628... 171-0
Converted links in 1 files in 0.003 seconds.
