--2018-05-16 15:30:40--  http://delivery.acm.org/10.1145/3190000/3185973/p711-benzaken.html?ip=24.48.71.56&id=3185973&acc=OPENTOC&key=4D4702B0C3E38B35%2E4D4702B0C3E38B35%2E4D4702B0C3E38B35%2E4DD68F0663C025AA&__acm__=1526499340_85d17452a9b2fc56448d2b5ba976982e
Resolving delivery.acm.org (delivery.acm.org)... 24.200.120.82, 24.200.120.90
Connecting to delivery.acm.org (delivery.acm.org)|24.200.120.82|:80... connected.
HTTP request sent, awaiting response... 200 OK
Length: 88835 (87K) [text/html]
Saving to: ‘../data/delivery.acm.org/10.1145/3190000/3185973/p711-benzaken.html?ip=24.48.71.56&id=3185973&acc=OPENTOC&key=4D4702B0C3E38B35.4D4702B0C3E38B35.4D4702B0C3E38B35.4DD68F0663C025AA&__acm__=1526499340_85d17452a9b2fc56448d2b5ba976982e’

     0K .......... .......... .......... .......... .......... 57% 1.87M 0s
    50K .......... .......... .......... ......               100% 7.08M=0.03s

2018-05-16 15:30:40 (2.72 MB/s) - ‘../data/delivery.acm.org/10.1145/3190000/3185973/p711-benzaken.html?ip=24.48.71.56&id=3185973&acc=OPENTOC&key=4D4702B0C3E38B35.4D4702B0C3E38B35.4D4702B0C3E38B35.4DD68F0663C025AA&__acm__=1526499340_85d17452a9b2fc56448d2b5ba976982e’ saved [88835/88835]

--2018-05-16 15:30:40--  http://deliveryimages.acm.org/10.1145/3190000/3185973/images/www18companion-34-graphic1.jpg
Resolving deliveryimages.acm.org (deliveryimages.acm.org)... 104.17.80.191, 104.17.79.191
Connecting to deliveryimages.acm.org (deliveryimages.acm.org)|104.17.80.191|:80... connected.
HTTP request sent, awaiting response... 301 Moved Permanently
Location: https://deliveryimages.acm.org/10.1145/3190000/3185973/images/www18companion-34-graphic1.jpg [following]
--2018-05-16 15:30:40--  https://deliveryimages.acm.org/10.1145/3190000/3185973/images/www18companion-34-graphic1.jpg
Connecting to deliveryimages.acm.org (deliveryimages.acm.org)|104.17.80.191|:443... connected.
HTTP request sent, awaiting response... 200 OK
Length: 19386 (19K) [image/jpeg]
Saving to: ‘../data/deliveryimages.acm.org/10.1145/3190000/3185973/images/www18companion-34-graphic1.jpg’

     0K .......... ........                                   100%  731K=0.03s

2018-05-16 15:30:40 (731 KB/s) - ‘../data/deliveryimages.acm.org/10.1145/3190000/3185973/images/www18companion-34-graphic1.jpg’ saved [19386/19386]

--2018-05-16 15:30:40--  http://deliveryimages.acm.org/10.1145/3190000/3185973/images/www18companion-34-graphic2.jpg
Connecting to deliveryimages.acm.org (deliveryimages.acm.org)|104.17.80.191|:80... connected.
HTTP request sent, awaiting response... 301 Moved Permanently
Location: https://deliveryimages.acm.org/10.1145/3190000/3185973/images/www18companion-34-graphic2.jpg [following]
--2018-05-16 15:30:40--  https://deliveryimages.acm.org/10.1145/3190000/3185973/images/www18companion-34-graphic2.jpg
Connecting to deliveryimages.acm.org (deliveryimages.acm.org)|104.17.80.191|:443... connected.
HTTP request sent, awaiting response... 200 OK
Length: 26186 (26K) [image/jpeg]
Saving to: ‘../data/deliveryimages.acm.org/10.1145/3190000/3185973/images/www18companion-34-graphic2.jpg’

     0K .......... .......... .....                           100% 1.50M=0.02s

2018-05-16 15:30:40 (1.50 MB/s) - ‘../data/deliveryimages.acm.org/10.1145/3190000/3185973/images/www18companion-34-graphic2.jpg’ saved [26186/26186]

--2018-05-16 15:30:40--  http://deliveryimages.acm.org/10.1145/3190000/3185973/images/www18companion-34-fig1.jpg
Connecting to deliveryimages.acm.org (deliveryimages.acm.org)|104.17.80.191|:80... connected.
HTTP request sent, awaiting response... 301 Moved Permanently
Location: https://deliveryimages.acm.org/10.1145/3190000/3185973/images/www18companion-34-fig1.jpg [following]
--2018-05-16 15:30:40--  https://deliveryimages.acm.org/10.1145/3190000/3185973/images/www18companion-34-fig1.jpg
Connecting to deliveryimages.acm.org (deliveryimages.acm.org)|104.17.80.191|:443... connected.
HTTP request sent, awaiting response... 200 OK
Length: 111731 (109K) [image/jpeg]
Saving to: ‘../data/deliveryimages.acm.org/10.1145/3190000/3185973/images/www18companion-34-fig1.jpg’

     0K .......... .......... .......... .......... .......... 45% 1.81M 0s
    50K .......... .......... .......... .......... .......... 91% 3.28M 0s
   100K .........                                             100% 6.09M=0.04s

2018-05-16 15:30:41 (2.46 MB/s) - ‘../data/deliveryimages.acm.org/10.1145/3190000/3185973/images/www18companion-34-fig1.jpg’ saved [111731/111731]

--2018-05-16 15:30:41--  http://deliveryimages.acm.org/10.1145/3190000/3185973/images/www18companion-34-graphic4.jpg
Connecting to deliveryimages.acm.org (deliveryimages.acm.org)|104.17.80.191|:80... connected.
HTTP request sent, awaiting response... 301 Moved Permanently
Location: https://deliveryimages.acm.org/10.1145/3190000/3185973/images/www18companion-34-graphic4.jpg [following]
--2018-05-16 15:30:41--  https://deliveryimages.acm.org/10.1145/3190000/3185973/images/www18companion-34-graphic4.jpg
Connecting to deliveryimages.acm.org (deliveryimages.acm.org)|104.17.80.191|:443... connected.
HTTP request sent, awaiting response... 200 OK
Length: 191693 (187K) [image/jpeg]
Saving to: ‘../data/deliveryimages.acm.org/10.1145/3190000/3185973/images/www18companion-34-graphic4.jpg’

     0K .......... .......... .......... .......... .......... 26% 1.79M 0s
    50K .......... .......... .......... .......... .......... 53% 2.73M 0s
   100K .......... .......... .......... .......... .......... 80% 4.06M 0s
   150K .......... .......... .......... .......              100% 3.32M=0.07s

2018-05-16 15:30:41 (2.68 MB/s) - ‘../data/deliveryimages.acm.org/10.1145/3190000/3185973/images/www18companion-34-graphic4.jpg’ saved [191693/191693]

--2018-05-16 15:30:41--  http://deliveryimages.acm.org/10.1145/3190000/3185973/images/www18companion-34-graphic5.jpg
Connecting to deliveryimages.acm.org (deliveryimages.acm.org)|104.17.80.191|:80... connected.
HTTP request sent, awaiting response... 301 Moved Permanently
Location: https://deliveryimages.acm.org/10.1145/3190000/3185973/images/www18companion-34-graphic5.jpg [following]
--2018-05-16 15:30:41--  https://deliveryimages.acm.org/10.1145/3190000/3185973/images/www18companion-34-graphic5.jpg
Connecting to deliveryimages.acm.org (deliveryimages.acm.org)|104.17.80.191|:443... connected.
HTTP request sent, awaiting response... 200 OK
Length: 18859 (18K) [image/jpeg]
Saving to: ‘../data/deliveryimages.acm.org/10.1145/3190000/3185973/images/www18companion-34-graphic5.jpg’

     0K .......... ........                                   100%  882K=0.02s

2018-05-16 15:30:41 (882 KB/s) - ‘../data/deliveryimages.acm.org/10.1145/3190000/3185973/images/www18companion-34-graphic5.jpg’ saved [18859/18859]

--2018-05-16 15:30:41--  http://deliveryimages.acm.org/10.1145/3190000/3185973/images/www18companion-34-graphic6.jpg
Connecting to deliveryimages.acm.org (deliveryimages.acm.org)|104.17.80.191|:80... connected.
HTTP request sent, awaiting response... 301 Moved Permanently
Location: https://deliveryimages.acm.org/10.1145/3190000/3185973/images/www18companion-34-graphic6.jpg [following]
--2018-05-16 15:30:41--  https://deliveryimages.acm.org/10.1145/3190000/3185973/images/www18companion-34-graphic6.jpg
Connecting to deliveryimages.acm.org (deliveryimages.acm.org)|104.17.80.191|:443... connected.
HTTP request sent, awaiting response... 200 OK
Length: 45874 (45K) [image/jpeg]
Saving to: ‘../data/deliveryimages.acm.org/10.1145/3190000/3185973/images/www18companion-34-graphic6.jpg’

     0K .......... .......... .......... .......... ....      100% 1.39M=0.03s

2018-05-16 15:30:41 (1.39 MB/s) - ‘../data/deliveryimages.acm.org/10.1145/3190000/3185973/images/www18companion-34-graphic6.jpg’ saved [45874/45874]

--2018-05-16 15:30:41--  http://deliveryimages.acm.org/10.1145/3190000/3185973/images/www18companion-34-graphic7.jpg
Connecting to deliveryimages.acm.org (deliveryimages.acm.org)|104.17.80.191|:80... connected.
HTTP request sent, awaiting response... 301 Moved Permanently
Location: https://deliveryimages.acm.org/10.1145/3190000/3185973/images/www18companion-34-graphic7.jpg [following]
--2018-05-16 15:30:41--  https://deliveryimages.acm.org/10.1145/3190000/3185973/images/www18companion-34-graphic7.jpg
Connecting to deliveryimages.acm.org (deliveryimages.acm.org)|104.17.80.191|:443... connected.
HTTP request sent, awaiting response... 200 OK
Length: 81595 (80K) [image/jpeg]
Saving to: ‘../data/deliveryimages.acm.org/10.1145/3190000/3185973/images/www18companion-34-graphic7.jpg’

     0K .......... .......... .......... .......... .......... 62% 1.11M 0s
    50K .......... .......... .........                       100% 7.15M=0.05s

2018-05-16 15:30:41 (1.61 MB/s) - ‘../data/deliveryimages.acm.org/10.1145/3190000/3185973/images/www18companion-34-graphic7.jpg’ saved [81595/81595]

--2018-05-16 15:30:41--  http://deliveryimages.acm.org/10.1145/3190000/3185973/images/www18companion-34-graphic8.jpg
Connecting to deliveryimages.acm.org (deliveryimages.acm.org)|104.17.80.191|:80... connected.
HTTP request sent, awaiting response... 301 Moved Permanently
Location: https://deliveryimages.acm.org/10.1145/3190000/3185973/images/www18companion-34-graphic8.jpg [following]
--2018-05-16 15:30:41--  https://deliveryimages.acm.org/10.1145/3190000/3185973/images/www18companion-34-graphic8.jpg
Connecting to deliveryimages.acm.org (deliveryimages.acm.org)|104.17.80.191|:443... connected.
HTTP request sent, awaiting response... 200 OK
Length: 30163 (29K) [image/jpeg]
Saving to: ‘../data/deliveryimages.acm.org/10.1145/3190000/3185973/images/www18companion-34-graphic8.jpg’

     0K .......... .......... .........                       100%  883K=0.03s

2018-05-16 15:30:42 (883 KB/s) - ‘../data/deliveryimages.acm.org/10.1145/3190000/3185973/images/www18companion-34-graphic8.jpg’ saved [30163/30163]

--2018-05-16 15:30:42--  http://deliveryimages.acm.org/10.1145/3190000/3185973/images/www18companion-34-graphic9.jpg
Connecting to deliveryimages.acm.org (deliveryimages.acm.org)|104.17.80.191|:80... connected.
HTTP request sent, awaiting response... 301 Moved Permanently
Location: https://deliveryimages.acm.org/10.1145/3190000/3185973/images/www18companion-34-graphic9.jpg [following]
--2018-05-16 15:30:42--  https://deliveryimages.acm.org/10.1145/3190000/3185973/images/www18companion-34-graphic9.jpg
Connecting to deliveryimages.acm.org (deliveryimages.acm.org)|104.17.80.191|:443... connected.
HTTP request sent, awaiting response... 200 OK
Length: 46535 (45K) [image/jpeg]
Saving to: ‘../data/deliveryimages.acm.org/10.1145/3190000/3185973/images/www18companion-34-graphic9.jpg’

     0K .......... .......... .......... .......... .....     100% 1.55M=0.03s

2018-05-16 15:30:42 (1.55 MB/s) - ‘../data/deliveryimages.acm.org/10.1145/3190000/3185973/images/www18companion-34-graphic9.jpg’ saved [46535/46535]

--2018-05-16 15:30:42--  http://deliveryimages.acm.org/10.1145/3190000/3185973/images/www18companion-34-graphic10.jpg
Connecting to deliveryimages.acm.org (deliveryimages.acm.org)|104.17.80.191|:80... connected.
HTTP request sent, awaiting response... 301 Moved Permanently
Location: https://deliveryimages.acm.org/10.1145/3190000/3185973/images/www18companion-34-graphic10.jpg [following]
--2018-05-16 15:30:42--  https://deliveryimages.acm.org/10.1145/3190000/3185973/images/www18companion-34-graphic10.jpg
Connecting to deliveryimages.acm.org (deliveryimages.acm.org)|104.17.80.191|:443... connected.
HTTP request sent, awaiting response... 200 OK
Length: 91106 (89K) [image/jpeg]
Saving to: ‘../data/deliveryimages.acm.org/10.1145/3190000/3185973/images/www18companion-34-graphic10.jpg’

     0K .......... .......... .......... .......... .......... 56% 1.46M 0s
    50K .......... .......... .......... ........             100% 4.27M=0.04s

2018-05-16 15:30:42 (2.05 MB/s) - ‘../data/deliveryimages.acm.org/10.1145/3190000/3185973/images/www18companion-34-graphic10.jpg’ saved [91106/91106]

--2018-05-16 15:30:42--  http://deliveryimages.acm.org/10.1145/3190000/3185973/images/www18companion-34-graphic11.jpg
Connecting to deliveryimages.acm.org (deliveryimages.acm.org)|104.17.80.191|:80... connected.
HTTP request sent, awaiting response... 301 Moved Permanently
Location: https://deliveryimages.acm.org/10.1145/3190000/3185973/images/www18companion-34-graphic11.jpg [following]
--2018-05-16 15:30:42--  https://deliveryimages.acm.org/10.1145/3190000/3185973/images/www18companion-34-graphic11.jpg
Connecting to deliveryimages.acm.org (deliveryimages.acm.org)|104.17.80.191|:443... connected.
HTTP request sent, awaiting response... 200 OK
Length: 60225 (59K) [image/jpeg]
Saving to: ‘../data/deliveryimages.acm.org/10.1145/3190000/3185973/images/www18companion-34-graphic11.jpg’

     0K .......... .......... .......... .......... .......... 85% 1.44M 0s
    50K ........                                              100% 2.84M=0.04s

2018-05-16 15:30:42 (1.55 MB/s) - ‘../data/deliveryimages.acm.org/10.1145/3190000/3185973/images/www18companion-34-graphic11.jpg’ saved [60225/60225]

--2018-05-16 15:30:42--  http://deliveryimages.acm.org/10.1145/3190000/3185973/images/www18companion-34-graphic13.jpg
Connecting to deliveryimages.acm.org (deliveryimages.acm.org)|104.17.80.191|:80... connected.
HTTP request sent, awaiting response... 301 Moved Permanently
Location: https://deliveryimages.acm.org/10.1145/3190000/3185973/images/www18companion-34-graphic13.jpg [following]
--2018-05-16 15:30:42--  https://deliveryimages.acm.org/10.1145/3190000/3185973/images/www18companion-34-graphic13.jpg
Connecting to deliveryimages.acm.org (deliveryimages.acm.org)|104.17.80.191|:443... connected.
HTTP request sent, awaiting response... 200 OK
Length: 14592 (14K) [image/jpeg]
Saving to: ‘../data/deliveryimages.acm.org/10.1145/3190000/3185973/images/www18companion-34-graphic13.jpg’

     0K .......... ....                                       100%  636K=0.02s

2018-05-16 15:30:42 (636 KB/s) - ‘../data/deliveryimages.acm.org/10.1145/3190000/3185973/images/www18companion-34-graphic13.jpg’ saved [14592/14592]

--2018-05-16 15:30:42--  http://deliveryimages.acm.org/10.1145/3190000/3185973/images/www18companion-34-fig2.jpg
Connecting to deliveryimages.acm.org (deliveryimages.acm.org)|104.17.80.191|:80... connected.
HTTP request sent, awaiting response... 301 Moved Permanently
Location: https://deliveryimages.acm.org/10.1145/3190000/3185973/images/www18companion-34-fig2.jpg [following]
--2018-05-16 15:30:42--  https://deliveryimages.acm.org/10.1145/3190000/3185973/images/www18companion-34-fig2.jpg
Connecting to deliveryimages.acm.org (deliveryimages.acm.org)|104.17.80.191|:443... connected.
HTTP request sent, awaiting response... 200 OK
Length: 48298 (47K) [image/jpeg]
Saving to: ‘../data/deliveryimages.acm.org/10.1145/3190000/3185973/images/www18companion-34-fig2.jpg’

     0K .......... .......... .......... .......... .......   100% 1.38M=0.03s

2018-05-16 15:30:43 (1.38 MB/s) - ‘../data/deliveryimages.acm.org/10.1145/3190000/3185973/images/www18companion-34-fig2.jpg’ saved [48298/48298]

--2018-05-16 15:30:43--  http://deliveryimages.acm.org/10.1145/3190000/3185973/images/www18companion-34-fig3.jpg
Connecting to deliveryimages.acm.org (deliveryimages.acm.org)|104.17.80.191|:80... connected.
HTTP request sent, awaiting response... 301 Moved Permanently
Location: https://deliveryimages.acm.org/10.1145/3190000/3185973/images/www18companion-34-fig3.jpg [following]
--2018-05-16 15:30:43--  https://deliveryimages.acm.org/10.1145/3190000/3185973/images/www18companion-34-fig3.jpg
Connecting to deliveryimages.acm.org (deliveryimages.acm.org)|104.17.80.191|:443... connected.
HTTP request sent, awaiting response... 200 OK
Length: 114645 (112K) [image/jpeg]
Saving to: ‘../data/deliveryimages.acm.org/10.1145/3190000/3185973/images/www18companion-34-fig3.jpg’

     0K .......... .......... .......... .......... .......... 44%  628K 0s
    50K .......... .......... .......... .......... .......... 89% 2.34M 0s
   100K .......... .                                          100% 55.2M=0.1s

2018-05-16 15:30:43 (1.09 MB/s) - ‘../data/deliveryimages.acm.org/10.1145/3190000/3185973/images/www18companion-34-fig3.jpg’ saved [114645/114645]

--2018-05-16 15:30:43--  http://deliveryimages.acm.org/10.1145/3190000/3185973/images/www18companion-34-graphic15.jpg
Connecting to deliveryimages.acm.org (deliveryimages.acm.org)|104.17.80.191|:80... connected.
HTTP request sent, awaiting response... 301 Moved Permanently
Location: https://deliveryimages.acm.org/10.1145/3190000/3185973/images/www18companion-34-graphic15.jpg [following]
--2018-05-16 15:30:43--  https://deliveryimages.acm.org/10.1145/3190000/3185973/images/www18companion-34-graphic15.jpg
Connecting to deliveryimages.acm.org (deliveryimages.acm.org)|104.17.80.191|:443... connected.
HTTP request sent, awaiting response... 200 OK
Length: 5997 (5.9K) [image/jpeg]
Saving to: ‘../data/deliveryimages.acm.org/10.1145/3190000/3185973/images/www18companion-34-graphic15.jpg’

     0K .....                                                 100% 27.7M=0s

2018-05-16 15:30:43 (27.7 MB/s) - ‘../data/deliveryimages.acm.org/10.1145/3190000/3185973/images/www18companion-34-graphic15.jpg’ saved [5997/5997]

--2018-05-16 15:30:43--  http://deliveryimages.acm.org/10.1145/3190000/3185973/images/www18companion-34-graphic16.jpg
Connecting to deliveryimages.acm.org (deliveryimages.acm.org)|104.17.80.191|:80... connected.
HTTP request sent, awaiting response... 301 Moved Permanently
Location: https://deliveryimages.acm.org/10.1145/3190000/3185973/images/www18companion-34-graphic16.jpg [following]
--2018-05-16 15:30:43--  https://deliveryimages.acm.org/10.1145/3190000/3185973/images/www18companion-34-graphic16.jpg
Connecting to deliveryimages.acm.org (deliveryimages.acm.org)|104.17.80.191|:443... connected.
HTTP request sent, awaiting response... 200 OK
Length: 20943 (20K) [image/jpeg]
Saving to: ‘../data/deliveryimages.acm.org/10.1145/3190000/3185973/images/www18companion-34-graphic16.jpg’

     0K .......... ..........                                 100%  768K=0.03s

2018-05-16 15:30:43 (768 KB/s) - ‘../data/deliveryimages.acm.org/10.1145/3190000/3185973/images/www18companion-34-graphic16.jpg’ saved [20943/20943]

--2018-05-16 15:30:43--  http://deliveryimages.acm.org/10.1145/3190000/3185973/images/www18companion-34-fig4.jpg
Connecting to deliveryimages.acm.org (deliveryimages.acm.org)|104.17.80.191|:80... connected.
HTTP request sent, awaiting response... 301 Moved Permanently
Location: https://deliveryimages.acm.org/10.1145/3190000/3185973/images/www18companion-34-fig4.jpg [following]
--2018-05-16 15:30:43--  https://deliveryimages.acm.org/10.1145/3190000/3185973/images/www18companion-34-fig4.jpg
Connecting to deliveryimages.acm.org (deliveryimages.acm.org)|104.17.80.191|:443... connected.
HTTP request sent, awaiting response... 200 OK
Length: 24876 (24K) [image/jpeg]
Saving to: ‘../data/deliveryimages.acm.org/10.1145/3190000/3185973/images/www18companion-34-fig4.jpg’

     0K .......... .......... ....                            100% 1.21M=0.02s

2018-05-16 15:30:43 (1.21 MB/s) - ‘../data/deliveryimages.acm.org/10.1145/3190000/3185973/images/www18companion-34-fig4.jpg’ saved [24876/24876]

--2018-05-16 15:30:43--  http://deliveryimages.acm.org/10.1145/3190000/3185973/images/www18companion-34-graphic18.jpg
Connecting to deliveryimages.acm.org (deliveryimages.acm.org)|104.17.80.191|:80... connected.
HTTP request sent, awaiting response... 301 Moved Permanently
Location: https://deliveryimages.acm.org/10.1145/3190000/3185973/images/www18companion-34-graphic18.jpg [following]
--2018-05-16 15:30:43--  https://deliveryimages.acm.org/10.1145/3190000/3185973/images/www18companion-34-graphic18.jpg
Connecting to deliveryimages.acm.org (deliveryimages.acm.org)|104.17.80.191|:443... connected.
HTTP request sent, awaiting response... 200 OK
Length: 14019 (14K) [image/jpeg]
Saving to: ‘../data/deliveryimages.acm.org/10.1145/3190000/3185973/images/www18companion-34-graphic18.jpg’

     0K .......... ...                                        100% 1.28M=0.01s

2018-05-16 15:30:43 (1.28 MB/s) - ‘../data/deliveryimages.acm.org/10.1145/3190000/3185973/images/www18companion-34-graphic18.jpg’ saved [14019/14019]

--2018-05-16 15:30:43--  http://deliveryimages.acm.org/10.1145/3190000/3185973/images/www18companion-34-graphic19.jpg
Connecting to deliveryimages.acm.org (deliveryimages.acm.org)|104.17.80.191|:80... connected.
HTTP request sent, awaiting response... 301 Moved Permanently
Location: https://deliveryimages.acm.org/10.1145/3190000/3185973/images/www18companion-34-graphic19.jpg [following]
--2018-05-16 15:30:44--  https://deliveryimages.acm.org/10.1145/3190000/3185973/images/www18companion-34-graphic19.jpg
Connecting to deliveryimages.acm.org (deliveryimages.acm.org)|104.17.80.191|:443... connected.
HTTP request sent, awaiting response... 200 OK
Length: 11348 (11K) [image/jpeg]
Saving to: ‘../data/deliveryimages.acm.org/10.1145/3190000/3185973/images/www18companion-34-graphic19.jpg’

     0K .......... .                                          100% 3.76M=0.003s

2018-05-16 15:30:44 (3.76 MB/s) - ‘../data/deliveryimages.acm.org/10.1145/3190000/3185973/images/www18companion-34-graphic19.jpg’ saved [11348/11348]

--2018-05-16 15:30:44--  http://deliveryimages.acm.org/10.1145/3190000/3185973/images/www18companion-34-graphic20.jpg
Connecting to deliveryimages.acm.org (deliveryimages.acm.org)|104.17.80.191|:80... connected.
HTTP request sent, awaiting response... 301 Moved Permanently
Location: https://deliveryimages.acm.org/10.1145/3190000/3185973/images/www18companion-34-graphic20.jpg [following]
--2018-05-16 15:30:44--  https://deliveryimages.acm.org/10.1145/3190000/3185973/images/www18companion-34-graphic20.jpg
Connecting to deliveryimages.acm.org (deliveryimages.acm.org)|104.17.80.191|:443... connected.
HTTP request sent, awaiting response... 200 OK
Length: 37153 (36K) [image/jpeg]
Saving to: ‘../data/deliveryimages.acm.org/10.1145/3190000/3185973/images/www18companion-34-graphic20.jpg’

     0K .......... .......... .......... ......               100% 1.43M=0.02s

2018-05-16 15:30:44 (1.43 MB/s) - ‘../data/deliveryimages.acm.org/10.1145/3190000/3185973/images/www18companion-34-graphic20.jpg’ saved [37153/37153]

--2018-05-16 15:30:44--  http://deliveryimages.acm.org/10.1145/3190000/3185973/images/www18companion-34-graphic21.jpg
Connecting to deliveryimages.acm.org (deliveryimages.acm.org)|104.17.80.191|:80... connected.
HTTP request sent, awaiting response... 301 Moved Permanently
Location: https://deliveryimages.acm.org/10.1145/3190000/3185973/images/www18companion-34-graphic21.jpg [following]
--2018-05-16 15:30:44--  https://deliveryimages.acm.org/10.1145/3190000/3185973/images/www18companion-34-graphic21.jpg
Connecting to deliveryimages.acm.org (deliveryimages.acm.org)|104.17.80.191|:443... connected.
HTTP request sent, awaiting response... 200 OK
Length: 20093 (20K) [image/jpeg]
Saving to: ‘../data/deliveryimages.acm.org/10.1145/3190000/3185973/images/www18companion-34-graphic21.jpg’

     0K .......... .........                                  100% 1.33M=0.01s

2018-05-16 15:30:44 (1.33 MB/s) - ‘../data/deliveryimages.acm.org/10.1145/3190000/3185973/images/www18companion-34-graphic21.jpg’ saved [20093/20093]

--2018-05-16 15:30:44--  http://deliveryimages.acm.org/10.1145/3190000/3185973/images/www18companion-34-graphic22.jpg
Connecting to deliveryimages.acm.org (deliveryimages.acm.org)|104.17.80.191|:80... connected.
HTTP request sent, awaiting response... 301 Moved Permanently
Location: https://deliveryimages.acm.org/10.1145/3190000/3185973/images/www18companion-34-graphic22.jpg [following]
--2018-05-16 15:30:44--  https://deliveryimages.acm.org/10.1145/3190000/3185973/images/www18companion-34-graphic22.jpg
Connecting to deliveryimages.acm.org (deliveryimages.acm.org)|104.17.80.191|:443... connected.
HTTP request sent, awaiting response... 200 OK
Length: 12841 (13K) [image/jpeg]
Saving to: ‘../data/deliveryimages.acm.org/10.1145/3190000/3185973/images/www18companion-34-graphic22.jpg’

     0K .......... ..                                         100% 4.14M=0.003s

2018-05-16 15:30:44 (4.14 MB/s) - ‘../data/deliveryimages.acm.org/10.1145/3190000/3185973/images/www18companion-34-graphic22.jpg’ saved [12841/12841]

--2018-05-16 15:30:44--  http://deliveryimages.acm.org/10.1145/3190000/3185973/images/www18companion-34-graphic23.jpg
Connecting to deliveryimages.acm.org (deliveryimages.acm.org)|104.17.80.191|:80... connected.
HTTP request sent, awaiting response... 301 Moved Permanently
Location: https://deliveryimages.acm.org/10.1145/3190000/3185973/images/www18companion-34-graphic23.jpg [following]
--2018-05-16 15:30:44--  https://deliveryimages.acm.org/10.1145/3190000/3185973/images/www18companion-34-graphic23.jpg
Connecting to deliveryimages.acm.org (deliveryimages.acm.org)|104.17.80.191|:443... connected.
HTTP request sent, awaiting response... 200 OK
Length: 11072 (11K) [image/jpeg]
Saving to: ‘../data/deliveryimages.acm.org/10.1145/3190000/3185973/images/www18companion-34-graphic23.jpg’

     0K ..........                                            100% 3.60M=0.003s

2018-05-16 15:30:44 (3.60 MB/s) - ‘../data/deliveryimages.acm.org/10.1145/3190000/3185973/images/www18companion-34-graphic23.jpg’ saved [11072/11072]

--2018-05-16 15:30:44--  http://deliveryimages.acm.org/10.1145/3190000/3185973/images/www18companion-34-graphic24.jpg
Connecting to deliveryimages.acm.org (deliveryimages.acm.org)|104.17.80.191|:80... connected.
HTTP request sent, awaiting response... 301 Moved Permanently
Location: https://deliveryimages.acm.org/10.1145/3190000/3185973/images/www18companion-34-graphic24.jpg [following]
--2018-05-16 15:30:44--  https://deliveryimages.acm.org/10.1145/3190000/3185973/images/www18companion-34-graphic24.jpg
Connecting to deliveryimages.acm.org (deliveryimages.acm.org)|104.17.80.191|:443... connected.
HTTP request sent, awaiting response... 200 OK
Length: 57490 (56K) [image/jpeg]
Saving to: ‘../data/deliveryimages.acm.org/10.1145/3190000/3185973/images/www18companion-34-graphic24.jpg’

     0K .......... .......... .......... .......... .......... 89% 1.75M 0s
    50K ......                                                100% 1.23M=0.03s

2018-05-16 15:30:44 (1.68 MB/s) - ‘../data/deliveryimages.acm.org/10.1145/3190000/3185973/images/www18companion-34-graphic24.jpg’ saved [57490/57490]

--2018-05-16 15:30:44--  http://deliveryimages.acm.org/10.1145/3190000/3185973/images/www18companion-34-graphic25.jpg
Connecting to deliveryimages.acm.org (deliveryimages.acm.org)|104.17.80.191|:80... connected.
HTTP request sent, awaiting response... 301 Moved Permanently
Location: https://deliveryimages.acm.org/10.1145/3190000/3185973/images/www18companion-34-graphic25.jpg [following]
--2018-05-16 15:30:44--  https://deliveryimages.acm.org/10.1145/3190000/3185973/images/www18companion-34-graphic25.jpg
Connecting to deliveryimages.acm.org (deliveryimages.acm.org)|104.17.80.191|:443... connected.
HTTP request sent, awaiting response... 200 OK
Length: 51264 (50K) [image/jpeg]
Saving to: ‘../data/deliveryimages.acm.org/10.1145/3190000/3185973/images/www18companion-34-graphic25.jpg’

     0K .......... .......... .......... .......... .......... 99% 1.44M 0s
    50K                                                       100%  119G=0.03s

2018-05-16 15:30:45 (1.44 MB/s) - ‘../data/deliveryimages.acm.org/10.1145/3190000/3185973/images/www18companion-34-graphic25.jpg’ saved [51264/51264]

--2018-05-16 15:30:45--  http://deliveryimages.acm.org/10.1145/3190000/3185973/images/www18companion-34-graphic26.jpg
Connecting to deliveryimages.acm.org (deliveryimages.acm.org)|104.17.80.191|:80... connected.
HTTP request sent, awaiting response... 301 Moved Permanently
Location: https://deliveryimages.acm.org/10.1145/3190000/3185973/images/www18companion-34-graphic26.jpg [following]
--2018-05-16 15:30:45--  https://deliveryimages.acm.org/10.1145/3190000/3185973/images/www18companion-34-graphic26.jpg
Connecting to deliveryimages.acm.org (deliveryimages.acm.org)|104.17.80.191|:443... connected.
HTTP request sent, awaiting response... 200 OK
Length: 33949 (33K) [image/jpeg]
Saving to: ‘../data/deliveryimages.acm.org/10.1145/3190000/3185973/images/www18companion-34-graphic26.jpg’

     0K .......... .......... .......... ...                  100% 1.08M=0.03s

2018-05-16 15:30:45 (1.08 MB/s) - ‘../data/deliveryimages.acm.org/10.1145/3190000/3185973/images/www18companion-34-graphic26.jpg’ saved [33949/33949]

--2018-05-16 15:30:45--  http://deliveryimages.acm.org/10.1145/3190000/3185973/images/www18companion-34-graphic27.jpg
Connecting to deliveryimages.acm.org (deliveryimages.acm.org)|104.17.80.191|:80... connected.
HTTP request sent, awaiting response... 301 Moved Permanently
Location: https://deliveryimages.acm.org/10.1145/3190000/3185973/images/www18companion-34-graphic27.jpg [following]
--2018-05-16 15:30:45--  https://deliveryimages.acm.org/10.1145/3190000/3185973/images/www18companion-34-graphic27.jpg
Connecting to deliveryimages.acm.org (deliveryimages.acm.org)|104.17.80.191|:443... connected.
HTTP request sent, awaiting response... 200 OK
Length: 65465 (64K) [image/jpeg]
Saving to: ‘../data/deliveryimages.acm.org/10.1145/3190000/3185973/images/www18companion-34-graphic27.jpg’

     0K .......... .......... .......... .......... .......... 78% 1.74M 0s
    50K .......... ...                                        100% 2.75M=0.03s

2018-05-16 15:30:45 (1.89 MB/s) - ‘../data/deliveryimages.acm.org/10.1145/3190000/3185973/images/www18companion-34-graphic27.jpg’ saved [65465/65465]

--2018-05-16 15:30:45--  http://deliveryimages.acm.org/10.1145/3190000/3185973/images/www18companion-34-graphic28.jpg
Connecting to deliveryimages.acm.org (deliveryimages.acm.org)|104.17.80.191|:80... connected.
HTTP request sent, awaiting response... 301 Moved Permanently
Location: https://deliveryimages.acm.org/10.1145/3190000/3185973/images/www18companion-34-graphic28.jpg [following]
--2018-05-16 15:30:45--  https://deliveryimages.acm.org/10.1145/3190000/3185973/images/www18companion-34-graphic28.jpg
Connecting to deliveryimages.acm.org (deliveryimages.acm.org)|104.17.80.191|:443... connected.
HTTP request sent, awaiting response... 200 OK
Length: 28822 (28K) [image/jpeg]
Saving to: ‘../data/deliveryimages.acm.org/10.1145/3190000/3185973/images/www18companion-34-graphic28.jpg’

     0K .......... .......... ........                        100% 1.26M=0.02s

2018-05-16 15:30:45 (1.26 MB/s) - ‘../data/deliveryimages.acm.org/10.1145/3190000/3185973/images/www18companion-34-graphic28.jpg’ saved [28822/28822]

--2018-05-16 15:30:45--  http://deliveryimages.acm.org/10.1145/3190000/3185973/images/www18companion-34-graphic29.jpg
Connecting to deliveryimages.acm.org (deliveryimages.acm.org)|104.17.80.191|:80... connected.
HTTP request sent, awaiting response... 301 Moved Permanently
Location: https://deliveryimages.acm.org/10.1145/3190000/3185973/images/www18companion-34-graphic29.jpg [following]
--2018-05-16 15:30:45--  https://deliveryimages.acm.org/10.1145/3190000/3185973/images/www18companion-34-graphic29.jpg
Connecting to deliveryimages.acm.org (deliveryimages.acm.org)|104.17.80.191|:443... connected.
HTTP request sent, awaiting response... 200 OK
Length: 47901 (47K) [image/jpeg]
Saving to: ‘../data/deliveryimages.acm.org/10.1145/3190000/3185973/images/www18companion-34-graphic29.jpg’

     0K .......... .......... .......... .......... ......    100% 1.53M=0.03s

2018-05-16 15:30:45 (1.53 MB/s) - ‘../data/deliveryimages.acm.org/10.1145/3190000/3185973/images/www18companion-34-graphic29.jpg’ saved [47901/47901]

--2018-05-16 15:30:45--  http://deliveryimages.acm.org/10.1145/3190000/3185973/images/www18companion-34-graphic30.jpg
Connecting to deliveryimages.acm.org (deliveryimages.acm.org)|104.17.80.191|:80... connected.
HTTP request sent, awaiting response... 301 Moved Permanently
Location: https://deliveryimages.acm.org/10.1145/3190000/3185973/images/www18companion-34-graphic30.jpg [following]
--2018-05-16 15:30:45--  https://deliveryimages.acm.org/10.1145/3190000/3185973/images/www18companion-34-graphic30.jpg
Connecting to deliveryimages.acm.org (deliveryimages.acm.org)|104.17.80.191|:443... connected.
HTTP request sent, awaiting response... 200 OK
Length: 134093 (131K) [image/jpeg]
Saving to: ‘../data/deliveryimages.acm.org/10.1145/3190000/3185973/images/www18companion-34-graphic30.jpg’

     0K .......... .......... .......... .......... .......... 38% 1.38M 0s
    50K .......... .......... .......... .......... .......... 76% 2.41M 0s
   100K .......... .......... ..........                      100% 9.27M=0.06s

2018-05-16 15:30:46 (2.17 MB/s) - ‘../data/deliveryimages.acm.org/10.1145/3190000/3185973/images/www18companion-34-graphic30.jpg’ saved [134093/134093]

--2018-05-16 15:30:46--  http://deliveryimages.acm.org/10.1145/3190000/3185973/images/www18companion-34-graphic31.jpg
Connecting to deliveryimages.acm.org (deliveryimages.acm.org)|104.17.80.191|:80... connected.
HTTP request sent, awaiting response... 301 Moved Permanently
Location: https://deliveryimages.acm.org/10.1145/3190000/3185973/images/www18companion-34-graphic31.jpg [following]
--2018-05-16 15:30:46--  https://deliveryimages.acm.org/10.1145/3190000/3185973/images/www18companion-34-graphic31.jpg
Connecting to deliveryimages.acm.org (deliveryimages.acm.org)|104.17.80.191|:443... connected.
HTTP request sent, awaiting response... 200 OK
Length: 135121 (132K) [image/jpeg]
Saving to: ‘../data/deliveryimages.acm.org/10.1145/3190000/3185973/images/www18companion-34-graphic31.jpg’

     0K .......... .......... .......... .......... .......... 37% 1.69M 0s
    50K .......... .......... .......... .......... .......... 75% 3.62M 0s
   100K .......... .......... .......... .                    100% 7.55M=0.05s

2018-05-16 15:30:46 (2.77 MB/s) - ‘../data/deliveryimages.acm.org/10.1145/3190000/3185973/images/www18companion-34-graphic31.jpg’ saved [135121/135121]

--2018-05-16 15:30:46--  http://deliveryimages.acm.org/10.1145/3190000/3185973/images/www18companion-34-graphic32.jpg
Connecting to deliveryimages.acm.org (deliveryimages.acm.org)|104.17.80.191|:80... connected.
HTTP request sent, awaiting response... 301 Moved Permanently
Location: https://deliveryimages.acm.org/10.1145/3190000/3185973/images/www18companion-34-graphic32.jpg [following]
--2018-05-16 15:30:46--  https://deliveryimages.acm.org/10.1145/3190000/3185973/images/www18companion-34-graphic32.jpg
Connecting to deliveryimages.acm.org (deliveryimages.acm.org)|104.17.80.191|:443... connected.
HTTP request sent, awaiting response... 200 OK
Length: 306954 (300K) [image/jpeg]
Saving to: ‘../data/deliveryimages.acm.org/10.1145/3190000/3185973/images/www18companion-34-graphic32.jpg’

     0K .......... .......... .......... .......... .......... 16% 1.58M 0s
    50K .......... .......... .......... .......... .......... 33% 2.28M 0s
   100K .......... .......... .......... .......... .......... 50% 12.2M 0s
   150K .......... .......... .......... .......... .......... 66% 4.52M 0s
   200K .......... .......... .......... .......... .......... 83% 3.41M 0s
   250K .......... .......... .......... .......... ......... 100% 5.23M=0.09s

2018-05-16 15:30:46 (3.23 MB/s) - ‘../data/deliveryimages.acm.org/10.1145/3190000/3185973/images/www18companion-34-graphic32.jpg’ saved [306954/306954]

--2018-05-16 15:30:46--  http://deliveryimages.acm.org/10.1145/3190000/3185973/images/www18companion-34-graphic33.jpg
Connecting to deliveryimages.acm.org (deliveryimages.acm.org)|104.17.80.191|:80... connected.
HTTP request sent, awaiting response... 301 Moved Permanently
Location: https://deliveryimages.acm.org/10.1145/3190000/3185973/images/www18companion-34-graphic33.jpg [following]
--2018-05-16 15:30:46--  https://deliveryimages.acm.org/10.1145/3190000/3185973/images/www18companion-34-graphic33.jpg
Connecting to deliveryimages.acm.org (deliveryimages.acm.org)|104.17.80.191|:443... connected.
HTTP request sent, awaiting response... 200 OK
Length: 23221 (23K) [image/jpeg]
Saving to: ‘../data/deliveryimages.acm.org/10.1145/3190000/3185973/images/www18companion-34-graphic33.jpg’

     0K .......... .......... ..                              100%  789K=0.03s

2018-05-16 15:30:46 (789 KB/s) - ‘../data/deliveryimages.acm.org/10.1145/3190000/3185973/images/www18companion-34-graphic33.jpg’ saved [23221/23221]

--2018-05-16 15:30:46--  http://deliveryimages.acm.org/10.1145/3190000/3185973/images/www18companion-34-graphic34.jpg
Connecting to deliveryimages.acm.org (deliveryimages.acm.org)|104.17.80.191|:80... connected.
HTTP request sent, awaiting response... 301 Moved Permanently
Location: https://deliveryimages.acm.org/10.1145/3190000/3185973/images/www18companion-34-graphic34.jpg [following]
--2018-05-16 15:30:46--  https://deliveryimages.acm.org/10.1145/3190000/3185973/images/www18companion-34-graphic34.jpg
Connecting to deliveryimages.acm.org (deliveryimages.acm.org)|104.17.80.191|:443... connected.
HTTP request sent, awaiting response... 200 OK
Length: 28179 (28K) [image/jpeg]
Saving to: ‘../data/deliveryimages.acm.org/10.1145/3190000/3185973/images/www18companion-34-graphic34.jpg’

     0K .......... .......... .......                         100%  877K=0.03s

2018-05-16 15:30:46 (877 KB/s) - ‘../data/deliveryimages.acm.org/10.1145/3190000/3185973/images/www18companion-34-graphic34.jpg’ saved [28179/28179]

FINISHED --2018-05-16 15:30:46--
Total wall clock time: 6.6s
Downloaded: 35 files, 2.0M in 1.1s (1.75 MB/s)
Converting links in ../data/delivery.acm.org/10.1145/3190000/3185973/p711-benzaken.html?ip=24.48.71.56&id=3185973&acc=OPENTOC&key=4D4702B0C3E38B35.4D4702B0C3E38B35.4D4702B0C3E38B35.4DD68F0663C025AA&__acm__=1526499340_85d17452a9b2fc56448d2b5ba976982e... 85-0
Converted links in 1 files in 0.002 seconds.
