--2018-05-16 15:11:27--  http://delivery.acm.org/10.1145/3200000/3191631/p1713-albishry.html?ip=24.48.71.56&id=3191631&acc=OPENTOC&key=4D4702B0C3E38B35%2E4D4702B0C3E38B35%2E4D4702B0C3E38B35%2E4DD68F0663C025AA&__acm__=1526498187_3e4ecbd715222c1616fdbcb0af9e38cc
Resolving delivery.acm.org (delivery.acm.org)... 24.200.120.90, 24.200.120.82
Connecting to delivery.acm.org (delivery.acm.org)|24.200.120.90|:80... connected.
HTTP request sent, awaiting response... 200 OK
Length: 63574 (62K) [text/html]
Saving to: ‘../data/delivery.acm.org/10.1145/3200000/3191631/p1713-albishry.html?ip=24.48.71.56&id=3191631&acc=OPENTOC&key=4D4702B0C3E38B35.4D4702B0C3E38B35.4D4702B0C3E38B35.4DD68F0663C025AA&__acm__=1526498187_3e4ecbd715222c1616fdbcb0af9e38cc’

     0K .......... .......... .......... .......... .......... 80%  113K 0s
    50K .......... ..                                         100% 19.3K=1.1s

2018-05-16 15:11:29 (58.0 KB/s) - ‘../data/delivery.acm.org/10.1145/3200000/3191631/p1713-albishry.html?ip=24.48.71.56&id=3191631&acc=OPENTOC&key=4D4702B0C3E38B35.4D4702B0C3E38B35.4D4702B0C3E38B35.4DD68F0663C025AA&__acm__=1526498187_3e4ecbd715222c1616fdbcb0af9e38cc’ saved [63574/63574]

--2018-05-16 15:11:29--  http://deliveryimages.acm.org/10.1145/3200000/3191631/images/www18companion-370-fig1.jpg
Resolving deliveryimages.acm.org (deliveryimages.acm.org)... 104.17.79.191, 104.17.80.191
Connecting to deliveryimages.acm.org (deliveryimages.acm.org)|104.17.79.191|:80... connected.
HTTP request sent, awaiting response... 301 Moved Permanently
Location: https://deliveryimages.acm.org/10.1145/3200000/3191631/images/www18companion-370-fig1.jpg [following]
--2018-05-16 15:11:29--  https://deliveryimages.acm.org/10.1145/3200000/3191631/images/www18companion-370-fig1.jpg
Connecting to deliveryimages.acm.org (deliveryimages.acm.org)|104.17.79.191|:443... connected.
HTTP request sent, awaiting response... 200 OK
Length: 56982 (56K) [image/jpeg]
Saving to: ‘../data/deliveryimages.acm.org/10.1145/3200000/3191631/images/www18companion-370-fig1.jpg’

     0K .......... .......... .......... .......... .......... 89% 1.10M 0s
    50K .....                                                 100%  107M=0.04s

2018-05-16 15:11:29 (1.22 MB/s) - ‘../data/deliveryimages.acm.org/10.1145/3200000/3191631/images/www18companion-370-fig1.jpg’ saved [56982/56982]

--2018-05-16 15:11:29--  http://deliveryimages.acm.org/10.1145/3200000/3191631/images/www18companion-370-fig2.jpg
Connecting to deliveryimages.acm.org (deliveryimages.acm.org)|104.17.79.191|:80... connected.
HTTP request sent, awaiting response... 301 Moved Permanently
Location: https://deliveryimages.acm.org/10.1145/3200000/3191631/images/www18companion-370-fig2.jpg [following]
--2018-05-16 15:11:29--  https://deliveryimages.acm.org/10.1145/3200000/3191631/images/www18companion-370-fig2.jpg
Connecting to deliveryimages.acm.org (deliveryimages.acm.org)|104.17.79.191|:443... connected.
HTTP request sent, awaiting response... 200 OK
Length: 22446 (22K) [image/jpeg]
Saving to: ‘../data/deliveryimages.acm.org/10.1145/3200000/3191631/images/www18companion-370-fig2.jpg’

     0K .......... .......... .                               100% 1.08M=0.02s

2018-05-16 15:11:29 (1.08 MB/s) - ‘../data/deliveryimages.acm.org/10.1145/3200000/3191631/images/www18companion-370-fig2.jpg’ saved [22446/22446]

--2018-05-16 15:11:29--  http://deliveryimages.acm.org/10.1145/3200000/3191631/images/www18companion-370-fig3.jpg
Connecting to deliveryimages.acm.org (deliveryimages.acm.org)|104.17.79.191|:80... connected.
HTTP request sent, awaiting response... 301 Moved Permanently
Location: https://deliveryimages.acm.org/10.1145/3200000/3191631/images/www18companion-370-fig3.jpg [following]
--2018-05-16 15:11:29--  https://deliveryimages.acm.org/10.1145/3200000/3191631/images/www18companion-370-fig3.jpg
Connecting to deliveryimages.acm.org (deliveryimages.acm.org)|104.17.79.191|:443... connected.
HTTP request sent, awaiting response... 200 OK
Length: 62790 (61K) [image/jpeg]
Saving to: ‘../data/deliveryimages.acm.org/10.1145/3200000/3191631/images/www18companion-370-fig3.jpg’

     0K .......... .......... .......... .......... .......... 81% 1.57M 0s
    50K .......... .                                          100% 3.73M=0.03s

2018-05-16 15:11:30 (1.76 MB/s) - ‘../data/deliveryimages.acm.org/10.1145/3200000/3191631/images/www18companion-370-fig3.jpg’ saved [62790/62790]

--2018-05-16 15:11:30--  http://deliveryimages.acm.org/10.1145/3200000/3191631/images/www18companion-370-fig4.jpg
Connecting to deliveryimages.acm.org (deliveryimages.acm.org)|104.17.79.191|:80... connected.
HTTP request sent, awaiting response... 301 Moved Permanently
Location: https://deliveryimages.acm.org/10.1145/3200000/3191631/images/www18companion-370-fig4.jpg [following]
--2018-05-16 15:11:30--  https://deliveryimages.acm.org/10.1145/3200000/3191631/images/www18companion-370-fig4.jpg
Connecting to deliveryimages.acm.org (deliveryimages.acm.org)|104.17.79.191|:443... connected.
HTTP request sent, awaiting response... 200 OK
Length: 24495 (24K) [image/jpeg]
Saving to: ‘../data/deliveryimages.acm.org/10.1145/3200000/3191631/images/www18companion-370-fig4.jpg’

     0K .......... .......... ...                             100% 1.49M=0.02s

2018-05-16 15:11:30 (1.49 MB/s) - ‘../data/deliveryimages.acm.org/10.1145/3200000/3191631/images/www18companion-370-fig4.jpg’ saved [24495/24495]

--2018-05-16 15:11:30--  http://deliveryimages.acm.org/10.1145/3200000/3191631/images/www18companion-370-fig5.jpg
Connecting to deliveryimages.acm.org (deliveryimages.acm.org)|104.17.79.191|:80... connected.
HTTP request sent, awaiting response... 301 Moved Permanently
Location: https://deliveryimages.acm.org/10.1145/3200000/3191631/images/www18companion-370-fig5.jpg [following]
--2018-05-16 15:11:30--  https://deliveryimages.acm.org/10.1145/3200000/3191631/images/www18companion-370-fig5.jpg
Connecting to deliveryimages.acm.org (deliveryimages.acm.org)|104.17.79.191|:443... connected.
HTTP request sent, awaiting response... 200 OK
Length: 70168 (69K) [image/jpeg]
Saving to: ‘../data/deliveryimages.acm.org/10.1145/3200000/3191631/images/www18companion-370-fig5.jpg’

     0K .......... .......... .......... .......... .......... 72% 1.71M 0s
    50K .......... ........                                   100% 1.40M=0.04s

2018-05-16 15:11:30 (1.61 MB/s) - ‘../data/deliveryimages.acm.org/10.1145/3200000/3191631/images/www18companion-370-fig5.jpg’ saved [70168/70168]

--2018-05-16 15:11:30--  http://deliveryimages.acm.org/10.1145/3200000/3191631/images/www18companion-370-fig6.jpg
Connecting to deliveryimages.acm.org (deliveryimages.acm.org)|104.17.79.191|:80... connected.
HTTP request sent, awaiting response... 301 Moved Permanently
Location: https://deliveryimages.acm.org/10.1145/3200000/3191631/images/www18companion-370-fig6.jpg [following]
--2018-05-16 15:11:30--  https://deliveryimages.acm.org/10.1145/3200000/3191631/images/www18companion-370-fig6.jpg
Connecting to deliveryimages.acm.org (deliveryimages.acm.org)|104.17.79.191|:443... connected.
HTTP request sent, awaiting response... 200 OK
Length: 154099 (150K) [image/jpeg]
Saving to: ‘../data/deliveryimages.acm.org/10.1145/3200000/3191631/images/www18companion-370-fig6.jpg’

     0K .......... .......... .......... .......... .......... 33% 1.54M 0s
    50K .......... .......... .......... .......... .......... 66% 1.87M 0s
   100K .......... .......... .......... .......... .......... 99% 5.43M 0s
   150K                                                       100%  929G=0.07s

2018-05-16 15:11:31 (2.20 MB/s) - ‘../data/deliveryimages.acm.org/10.1145/3200000/3191631/images/www18companion-370-fig6.jpg’ saved [154099/154099]

--2018-05-16 15:11:31--  http://deliveryimages.acm.org/10.1145/3200000/3191631/images/www18companion-370-fig7.jpg
Connecting to deliveryimages.acm.org (deliveryimages.acm.org)|104.17.79.191|:80... connected.
HTTP request sent, awaiting response... 301 Moved Permanently
Location: https://deliveryimages.acm.org/10.1145/3200000/3191631/images/www18companion-370-fig7.jpg [following]
--2018-05-16 15:11:31--  https://deliveryimages.acm.org/10.1145/3200000/3191631/images/www18companion-370-fig7.jpg
Connecting to deliveryimages.acm.org (deliveryimages.acm.org)|104.17.79.191|:443... connected.
HTTP request sent, awaiting response... 200 OK
Length: 112237 (110K) [image/jpeg]
Saving to: ‘../data/deliveryimages.acm.org/10.1145/3200000/3191631/images/www18companion-370-fig7.jpg’

     0K .......... .......... .......... .......... .......... 45% 1.71M 0s
    50K .......... .......... .......... .......... .......... 91% 3.44M 0s
   100K .........                                             100% 11.5M=0.04s

2018-05-16 15:11:31 (2.46 MB/s) - ‘../data/deliveryimages.acm.org/10.1145/3200000/3191631/images/www18companion-370-fig7.jpg’ saved [112237/112237]

--2018-05-16 15:11:31--  http://deliveryimages.acm.org/10.1145/3200000/3191631/images/www18companion-370-fig8.jpg
Connecting to deliveryimages.acm.org (deliveryimages.acm.org)|104.17.79.191|:80... connected.
HTTP request sent, awaiting response... 301 Moved Permanently
Location: https://deliveryimages.acm.org/10.1145/3200000/3191631/images/www18companion-370-fig8.jpg [following]
--2018-05-16 15:11:31--  https://deliveryimages.acm.org/10.1145/3200000/3191631/images/www18companion-370-fig8.jpg
Connecting to deliveryimages.acm.org (deliveryimages.acm.org)|104.17.79.191|:443... connected.
HTTP request sent, awaiting response... 200 OK
Length: 53040 (52K) [image/jpeg]
Saving to: ‘../data/deliveryimages.acm.org/10.1145/3200000/3191631/images/www18companion-370-fig8.jpg’

     0K .......... .......... .......... .......... .......... 96% 1.40M 0s
    50K .                                                     100% 1.40M=0.04s

2018-05-16 15:11:31 (1.40 MB/s) - ‘../data/deliveryimages.acm.org/10.1145/3200000/3191631/images/www18companion-370-fig8.jpg’ saved [53040/53040]

--2018-05-16 15:11:31--  http://deliveryimages.acm.org/10.1145/3200000/3191631/images/www18companion-370-fig9.jpg
Connecting to deliveryimages.acm.org (deliveryimages.acm.org)|104.17.79.191|:80... connected.
HTTP request sent, awaiting response... 301 Moved Permanently
Location: https://deliveryimages.acm.org/10.1145/3200000/3191631/images/www18companion-370-fig9.jpg [following]
--2018-05-16 15:11:32--  https://deliveryimages.acm.org/10.1145/3200000/3191631/images/www18companion-370-fig9.jpg
Connecting to deliveryimages.acm.org (deliveryimages.acm.org)|104.17.79.191|:443... connected.
HTTP request sent, awaiting response... 200 OK
Length: 50612 (49K) [image/jpeg]
Saving to: ‘../data/deliveryimages.acm.org/10.1145/3200000/3191631/images/www18companion-370-fig9.jpg’

     0K .......... .......... .......... .......... ......... 100% 1.48M=0.03s

2018-05-16 15:11:32 (1.48 MB/s) - ‘../data/deliveryimages.acm.org/10.1145/3200000/3191631/images/www18companion-370-fig9.jpg’ saved [50612/50612]

FINISHED --2018-05-16 15:11:32--
Total wall clock time: 4.4s
Downloaded: 10 files, 655K in 1.4s (466 KB/s)
Converting links in ../data/delivery.acm.org/10.1145/3200000/3191631/p1713-albishry.html?ip=24.48.71.56&id=3191631&acc=OPENTOC&key=4D4702B0C3E38B35.4D4702B0C3E38B35.4D4702B0C3E38B35.4DD68F0663C025AA&__acm__=1526498187_3e4ecbd715222c1616fdbcb0af9e38cc... 70-0
Converted links in 1 files in 0.002 seconds.
