--2018-05-16 14:42:04--  http://delivery.acm.org/10.1145/3190000/3186963/p139-doleschal.html?ip=24.48.71.56&id=3186963&acc=OPENTOC&key=4D4702B0C3E38B35%2E4D4702B0C3E38B35%2E4D4702B0C3E38B35%2E4DD68F0663C025AA&__acm__=1526496424_39b2eb4db3a10e94a2a953d2338be32f
Resolving delivery.acm.org (delivery.acm.org)... 24.200.120.82, 24.200.120.90
Connecting to delivery.acm.org (delivery.acm.org)|24.200.120.82|:80... connected.
HTTP request sent, awaiting response... 200 OK
Length: 34751 (34K) [text/html]
Saving to: ‘../data/delivery.acm.org/10.1145/3190000/3186963/p139-doleschal.html?ip=24.48.71.56&id=3186963&acc=OPENTOC&key=4D4702B0C3E38B35.4D4702B0C3E38B35.4D4702B0C3E38B35.4DD68F0663C025AA&__acm__=1526496424_39b2eb4db3a10e94a2a953d2338be32f’

     0K .......... .......... .......... ...                  100%  868K=0.04s

2018-05-16 14:42:04 (868 KB/s) - ‘../data/delivery.acm.org/10.1145/3190000/3186963/p139-doleschal.html?ip=24.48.71.56&id=3186963&acc=OPENTOC&key=4D4702B0C3E38B35.4D4702B0C3E38B35.4D4702B0C3E38B35.4DD68F0663C025AA&__acm__=1526496424_39b2eb4db3a10e94a2a953d2338be32f’ saved [34751/34751]

--2018-05-16 14:42:04--  http://deliveryimages.acm.org/10.1145/3190000/3186963/images/www18companion-203-fig1.jpg
Resolving deliveryimages.acm.org (deliveryimages.acm.org)... 104.17.80.191, 104.17.79.191
Connecting to deliveryimages.acm.org (deliveryimages.acm.org)|104.17.80.191|:80... connected.
HTTP request sent, awaiting response... 301 Moved Permanently
Location: https://deliveryimages.acm.org/10.1145/3190000/3186963/images/www18companion-203-fig1.jpg [following]
--2018-05-16 14:42:04--  https://deliveryimages.acm.org/10.1145/3190000/3186963/images/www18companion-203-fig1.jpg
Connecting to deliveryimages.acm.org (deliveryimages.acm.org)|104.17.80.191|:443... connected.
HTTP request sent, awaiting response... 200 OK
Length: 169214 (165K) [image/jpeg]
Saving to: ‘../data/deliveryimages.acm.org/10.1145/3190000/3186963/images/www18companion-203-fig1.jpg’

     0K .......... .......... .......... .......... .......... 30% 1.63M 0s
    50K .......... .......... .......... .......... .......... 60% 2.54M 0s
   100K .......... .......... .......... .......... .......... 90% 4.67M 0s
   150K .......... .....                                      100% 4.33M=0.06s

2018-05-16 14:42:05 (2.56 MB/s) - ‘../data/deliveryimages.acm.org/10.1145/3190000/3186963/images/www18companion-203-fig1.jpg’ saved [169214/169214]

--2018-05-16 14:42:05--  http://deliveryimages.acm.org/10.1145/3190000/3186963/images/www18companion-203-img1.jpg
Connecting to deliveryimages.acm.org (deliveryimages.acm.org)|104.17.80.191|:80... connected.
HTTP request sent, awaiting response... 301 Moved Permanently
Location: https://deliveryimages.acm.org/10.1145/3190000/3186963/images/www18companion-203-img1.jpg [following]
--2018-05-16 14:42:05--  https://deliveryimages.acm.org/10.1145/3190000/3186963/images/www18companion-203-img1.jpg
Connecting to deliveryimages.acm.org (deliveryimages.acm.org)|104.17.80.191|:443... connected.
HTTP request sent, awaiting response... 200 OK
Length: 96502 (94K) [image/jpeg]
Saving to: ‘../data/deliveryimages.acm.org/10.1145/3190000/3186963/images/www18companion-203-img1.jpg’

     0K .......... .......... .......... .......... .......... 53% 1.50M 0s
    50K .......... .......... .......... .......... ....      100% 2.81M=0.05s

2018-05-16 14:42:05 (1.92 MB/s) - ‘../data/deliveryimages.acm.org/10.1145/3190000/3186963/images/www18companion-203-img1.jpg’ saved [96502/96502]

--2018-05-16 14:42:05--  http://deliveryimages.acm.org/10.1145/3190000/3186963/images/www18companion-203-fig2.jpg
Connecting to deliveryimages.acm.org (deliveryimages.acm.org)|104.17.80.191|:80... connected.
HTTP request sent, awaiting response... 301 Moved Permanently
Location: https://deliveryimages.acm.org/10.1145/3190000/3186963/images/www18companion-203-fig2.jpg [following]
--2018-05-16 14:42:05--  https://deliveryimages.acm.org/10.1145/3190000/3186963/images/www18companion-203-fig2.jpg
Connecting to deliveryimages.acm.org (deliveryimages.acm.org)|104.17.80.191|:443... connected.
HTTP request sent, awaiting response... 200 OK
Length: 174936 (171K) [image/jpeg]
Saving to: ‘../data/deliveryimages.acm.org/10.1145/3190000/3186963/images/www18companion-203-fig2.jpg’

     0K .......... .......... .......... .......... .......... 29% 1.57M 0s
    50K .......... .......... .......... .......... .......... 58% 3.54M 0s
   100K .......... .......... .......... .......... .......... 87% 4.06M 0s
   150K .......... ..........                                 100% 3.76M=0.06s

2018-05-16 14:42:05 (2.68 MB/s) - ‘../data/deliveryimages.acm.org/10.1145/3190000/3186963/images/www18companion-203-fig2.jpg’ saved [174936/174936]

--2018-05-16 14:42:05--  http://deliveryimages.acm.org/10.1145/3190000/3186963/images/www18companion-203-fig3.jpg
Connecting to deliveryimages.acm.org (deliveryimages.acm.org)|104.17.80.191|:80... connected.
HTTP request sent, awaiting response... 301 Moved Permanently
Location: https://deliveryimages.acm.org/10.1145/3190000/3186963/images/www18companion-203-fig3.jpg [following]
--2018-05-16 14:42:05--  https://deliveryimages.acm.org/10.1145/3190000/3186963/images/www18companion-203-fig3.jpg
Connecting to deliveryimages.acm.org (deliveryimages.acm.org)|104.17.80.191|:443... connected.
HTTP request sent, awaiting response... 200 OK
Length: 204832 (200K) [image/jpeg]
Saving to: ‘../data/deliveryimages.acm.org/10.1145/3190000/3186963/images/www18companion-203-fig3.jpg’

     0K .......... .......... .......... .......... .......... 24%  815K 0s
    50K .......... .......... .......... .......... .......... 49%  857K 0s
   100K .......... .......... .......... .......... .......... 74% 1.11M 0s
   150K .......... .......... .......... .......... .......... 99% 1.37M 0s
   200K                                                       100% 59.6G=0.2s

2018-05-16 14:42:06 (1003 KB/s) - ‘../data/deliveryimages.acm.org/10.1145/3190000/3186963/images/www18companion-203-fig3.jpg’ saved [204832/204832]

--2018-05-16 14:42:06--  http://deliveryimages.acm.org/10.1145/3190000/3186963/images/www18companion-203-img2.jpg
Connecting to deliveryimages.acm.org (deliveryimages.acm.org)|104.17.80.191|:80... connected.
HTTP request sent, awaiting response... 301 Moved Permanently
Location: https://deliveryimages.acm.org/10.1145/3190000/3186963/images/www18companion-203-img2.jpg [following]
--2018-05-16 14:42:06--  https://deliveryimages.acm.org/10.1145/3190000/3186963/images/www18companion-203-img2.jpg
Connecting to deliveryimages.acm.org (deliveryimages.acm.org)|104.17.80.191|:443... connected.
HTTP request sent, awaiting response... 200 OK
Length: 110088 (108K) [image/jpeg]
Saving to: ‘../data/deliveryimages.acm.org/10.1145/3190000/3186963/images/www18companion-203-img2.jpg’

     0K .......... .......... .......... .......... .......... 46% 1.23M 0s
    50K .......... .......... .......... .......... .......... 93% 3.22M 0s
   100K .......                                               100% 5.83M=0.06s

2018-05-16 14:42:06 (1.88 MB/s) - ‘../data/deliveryimages.acm.org/10.1145/3190000/3186963/images/www18companion-203-img2.jpg’ saved [110088/110088]

--2018-05-16 14:42:06--  http://deliveryimages.acm.org/10.1145/3190000/3186963/images/www18companion-203-fig4.jpg
Connecting to deliveryimages.acm.org (deliveryimages.acm.org)|104.17.80.191|:80... connected.
HTTP request sent, awaiting response... 301 Moved Permanently
Location: https://deliveryimages.acm.org/10.1145/3190000/3186963/images/www18companion-203-fig4.jpg [following]
--2018-05-16 14:42:06--  https://deliveryimages.acm.org/10.1145/3190000/3186963/images/www18companion-203-fig4.jpg
Connecting to deliveryimages.acm.org (deliveryimages.acm.org)|104.17.80.191|:443... connected.
HTTP request sent, awaiting response... 200 OK
Length: 306318 (299K) [image/jpeg]
Saving to: ‘../data/deliveryimages.acm.org/10.1145/3190000/3186963/images/www18companion-203-fig4.jpg’

     0K .......... .......... .......... .......... .......... 16% 1.68M 0s
    50K .......... .......... .......... .......... .......... 33% 2.97M 0s
   100K .......... .......... .......... .......... .......... 50% 4.77M 0s
   150K .......... .......... .......... .......... .......... 66% 1.56M 0s
   200K .......... .......... .......... .......... .......... 83% 90.7M 0s
   250K .......... .......... .......... .......... ......... 100% 3.68M=0.1s

2018-05-16 14:42:07 (2.91 MB/s) - ‘../data/deliveryimages.acm.org/10.1145/3190000/3186963/images/www18companion-203-fig4.jpg’ saved [306318/306318]

--2018-05-16 14:42:07--  http://deliveryimages.acm.org/10.1145/3190000/3186963/images/www18companion-203-graphic5.jpg
Connecting to deliveryimages.acm.org (deliveryimages.acm.org)|104.17.80.191|:80... connected.
HTTP request sent, awaiting response... 301 Moved Permanently
Location: https://deliveryimages.acm.org/10.1145/3190000/3186963/images/www18companion-203-graphic5.jpg [following]
--2018-05-16 14:42:07--  https://deliveryimages.acm.org/10.1145/3190000/3186963/images/www18companion-203-graphic5.jpg
Connecting to deliveryimages.acm.org (deliveryimages.acm.org)|104.17.80.191|:443... connected.
HTTP request sent, awaiting response... 200 OK
Length: 54414 (53K) [image/jpeg]
Saving to: ‘../data/deliveryimages.acm.org/10.1145/3190000/3186963/images/www18companion-203-graphic5.jpg’

     0K .......... .......... .......... .......... .......... 94% 1.81M 0s
    50K ...                                                   100% 3.34M=0.03s

2018-05-16 14:42:07 (1.86 MB/s) - ‘../data/deliveryimages.acm.org/10.1145/3190000/3186963/images/www18companion-203-graphic5.jpg’ saved [54414/54414]

--2018-05-16 14:42:07--  http://deliveryimages.acm.org/10.1145/3190000/3186963/images/www18companion-203-graphic6.jpg
Connecting to deliveryimages.acm.org (deliveryimages.acm.org)|104.17.80.191|:80... connected.
HTTP request sent, awaiting response... 301 Moved Permanently
Location: https://deliveryimages.acm.org/10.1145/3190000/3186963/images/www18companion-203-graphic6.jpg [following]
--2018-05-16 14:42:07--  https://deliveryimages.acm.org/10.1145/3190000/3186963/images/www18companion-203-graphic6.jpg
Connecting to deliveryimages.acm.org (deliveryimages.acm.org)|104.17.80.191|:443... connected.
HTTP request sent, awaiting response... 200 OK
Length: 280399 (274K) [image/jpeg]
Saving to: ‘../data/deliveryimages.acm.org/10.1145/3190000/3186963/images/www18companion-203-graphic6.jpg’

     0K .......... .......... .......... .......... .......... 18%  612K 0s
    50K .......... .......... .......... .......... .......... 36% 2.13M 0s
   100K .......... .......... .......... .......... .......... 54% 5.46M 0s
   150K .......... .......... .......... .......... .......... 73% 4.05M 0s
   200K .......... .......... .......... .......... .......... 91% 2.83M 0s
   250K .......... .......... ...                             100% 9.92M=0.1s

2018-05-16 14:42:07 (1.84 MB/s) - ‘../data/deliveryimages.acm.org/10.1145/3190000/3186963/images/www18companion-203-graphic6.jpg’ saved [280399/280399]

--2018-05-16 14:42:07--  http://deliveryimages.acm.org/10.1145/3190000/3186963/images/www18companion-203-graphic7.jpg
Connecting to deliveryimages.acm.org (deliveryimages.acm.org)|104.17.80.191|:80... connected.
HTTP request sent, awaiting response... 301 Moved Permanently
Location: https://deliveryimages.acm.org/10.1145/3190000/3186963/images/www18companion-203-graphic7.jpg [following]
--2018-05-16 14:42:07--  https://deliveryimages.acm.org/10.1145/3190000/3186963/images/www18companion-203-graphic7.jpg
Connecting to deliveryimages.acm.org (deliveryimages.acm.org)|104.17.80.191|:443... connected.
HTTP request sent, awaiting response... 200 OK
Length: 68264 (67K) [image/jpeg]
Saving to: ‘../data/deliveryimages.acm.org/10.1145/3190000/3186963/images/www18companion-203-graphic7.jpg’

     0K .......... .......... .......... .......... .......... 75%  780K 0s
    50K .......... ......                                     100%  818K=0.08s

2018-05-16 14:42:08 (789 KB/s) - ‘../data/deliveryimages.acm.org/10.1145/3190000/3186963/images/www18companion-203-graphic7.jpg’ saved [68264/68264]

--2018-05-16 14:42:08--  http://deliveryimages.acm.org/10.1145/3190000/3186963/images/www18companion-203-graphic8.jpg
Connecting to deliveryimages.acm.org (deliveryimages.acm.org)|104.17.80.191|:80... connected.
HTTP request sent, awaiting response... 301 Moved Permanently
Location: https://deliveryimages.acm.org/10.1145/3190000/3186963/images/www18companion-203-graphic8.jpg [following]
--2018-05-16 14:42:08--  https://deliveryimages.acm.org/10.1145/3190000/3186963/images/www18companion-203-graphic8.jpg
Connecting to deliveryimages.acm.org (deliveryimages.acm.org)|104.17.80.191|:443... connected.
HTTP request sent, awaiting response... 200 OK
Length: 211043 (206K) [image/jpeg]
Saving to: ‘../data/deliveryimages.acm.org/10.1145/3190000/3186963/images/www18companion-203-graphic8.jpg’

     0K .......... .......... .......... .......... .......... 24% 1.64M 0s
    50K .......... .......... .......... .......... .......... 48% 3.97M 0s
   100K .......... .......... .......... .......... .......... 72% 3.02M 0s
   150K .......... .......... .......... .......... .......... 97% 5.06M 0s
   200K ......                                                100% 77.1M=0.07s

2018-05-16 14:42:08 (2.96 MB/s) - ‘../data/deliveryimages.acm.org/10.1145/3190000/3186963/images/www18companion-203-graphic8.jpg’ saved [211043/211043]

FINISHED --2018-05-16 14:42:08--
Total wall clock time: 4.1s
Downloaded: 11 files, 1.6M in 0.9s (1.83 MB/s)
Converting links in ../data/delivery.acm.org/10.1145/3190000/3186963/p139-doleschal.html?ip=24.48.71.56&id=3186963&acc=OPENTOC&key=4D4702B0C3E38B35.4D4702B0C3E38B35.4D4702B0C3E38B35.4DD68F0663C025AA&__acm__=1526496424_39b2eb4db3a10e94a2a953d2338be32f... 59-0
Converted links in 1 files in 0.002 seconds.
