--2018-05-16 15:19:10--  http://delivery.acm.org/10.1145/3200000/3191827/p1961-jangid.html?ip=24.48.71.56&id=3191827&acc=OPENTOC&key=4D4702B0C3E38B35%2E4D4702B0C3E38B35%2E4D4702B0C3E38B35%2E4DD68F0663C025AA&__acm__=1526498650_a722b98dbd8b1f4b99a3b774f6560f86
Resolving delivery.acm.org (delivery.acm.org)... 24.200.120.82, 24.200.120.90
Connecting to delivery.acm.org (delivery.acm.org)|24.200.120.82|:80... connected.
HTTP request sent, awaiting response... 200 OK
Length: 43457 (42K) [text/html]
Saving to: ‘../data/delivery.acm.org/10.1145/3200000/3191827/p1961-jangid.html?ip=24.48.71.56&id=3191827&acc=OPENTOC&key=4D4702B0C3E38B35.4D4702B0C3E38B35.4D4702B0C3E38B35.4DD68F0663C025AA&__acm__=1526498650_a722b98dbd8b1f4b99a3b774f6560f86’

     0K .......... .......... .......... .......... ..        100% 1.11M=0.04s

2018-05-16 15:19:10 (1.11 MB/s) - ‘../data/delivery.acm.org/10.1145/3200000/3191827/p1961-jangid.html?ip=24.48.71.56&id=3191827&acc=OPENTOC&key=4D4702B0C3E38B35.4D4702B0C3E38B35.4D4702B0C3E38B35.4DD68F0663C025AA&__acm__=1526498650_a722b98dbd8b1f4b99a3b774f6560f86’ saved [43457/43457]

--2018-05-16 15:19:10--  http://deliveryimages.acm.org/10.1145/3200000/3191827/images/www18companion-404-fig1.jpg
Resolving deliveryimages.acm.org (deliveryimages.acm.org)... 104.17.79.191, 104.17.80.191
Connecting to deliveryimages.acm.org (deliveryimages.acm.org)|104.17.79.191|:80... connected.
HTTP request sent, awaiting response... 301 Moved Permanently
Location: https://deliveryimages.acm.org/10.1145/3200000/3191827/images/www18companion-404-fig1.jpg [following]
--2018-05-16 15:19:10--  https://deliveryimages.acm.org/10.1145/3200000/3191827/images/www18companion-404-fig1.jpg
Connecting to deliveryimages.acm.org (deliveryimages.acm.org)|104.17.79.191|:443... connected.
HTTP request sent, awaiting response... 200 OK
Length: 139028 (136K) [image/jpeg]
Saving to: ‘../data/deliveryimages.acm.org/10.1145/3200000/3191827/images/www18companion-404-fig1.jpg’

     0K .......... .......... .......... .......... .......... 36% 1.14M 0s
    50K .......... .......... .......... .......... .......... 73% 1.32M 0s
   100K .......... .......... .......... .....                100% 1.32M=0.1s

2018-05-16 15:19:11 (1.25 MB/s) - ‘../data/deliveryimages.acm.org/10.1145/3200000/3191827/images/www18companion-404-fig1.jpg’ saved [139028/139028]

--2018-05-16 15:19:11--  http://deliveryimages.acm.org/10.1145/3200000/3191827/images/www18companion-404-img1.jpg
Connecting to deliveryimages.acm.org (deliveryimages.acm.org)|104.17.79.191|:80... connected.
HTTP request sent, awaiting response... 301 Moved Permanently
Location: https://deliveryimages.acm.org/10.1145/3200000/3191827/images/www18companion-404-img1.jpg [following]
--2018-05-16 15:19:11--  https://deliveryimages.acm.org/10.1145/3200000/3191827/images/www18companion-404-img1.jpg
Connecting to deliveryimages.acm.org (deliveryimages.acm.org)|104.17.79.191|:443... connected.
HTTP request sent, awaiting response... 200 OK
Length: 58767 (57K) [image/jpeg]
Saving to: ‘../data/deliveryimages.acm.org/10.1145/3200000/3191827/images/www18companion-404-img1.jpg’

     0K .......... .......... .......... .......... .......... 87% 1.21M 0s
    50K .......                                               100% 4.55M=0.04s

2018-05-16 15:19:11 (1.34 MB/s) - ‘../data/deliveryimages.acm.org/10.1145/3200000/3191827/images/www18companion-404-img1.jpg’ saved [58767/58767]

--2018-05-16 15:19:11--  http://deliveryimages.acm.org/10.1145/3200000/3191827/images/www18companion-404-fig2.jpg
Connecting to deliveryimages.acm.org (deliveryimages.acm.org)|104.17.79.191|:80... connected.
HTTP request sent, awaiting response... 301 Moved Permanently
Location: https://deliveryimages.acm.org/10.1145/3200000/3191827/images/www18companion-404-fig2.jpg [following]
--2018-05-16 15:19:11--  https://deliveryimages.acm.org/10.1145/3200000/3191827/images/www18companion-404-fig2.jpg
Connecting to deliveryimages.acm.org (deliveryimages.acm.org)|104.17.79.191|:443... connected.
HTTP request sent, awaiting response... 200 OK
Length: 169808 (166K) [image/jpeg]
Saving to: ‘../data/deliveryimages.acm.org/10.1145/3200000/3191827/images/www18companion-404-fig2.jpg’

     0K .......... .......... .......... .......... .......... 30% 1000K 0s
    50K .......... .......... .......... .......... .......... 60%  988K 0s
   100K .......... .......... .......... .......... .......... 90% 1.12M 0s
   150K .......... .....                                      100% 1.43M=0.2s

2018-05-16 15:19:12 (1.04 MB/s) - ‘../data/deliveryimages.acm.org/10.1145/3200000/3191827/images/www18companion-404-fig2.jpg’ saved [169808/169808]

--2018-05-16 15:19:12--  http://deliveryimages.acm.org/10.1145/3200000/3191827/images/www18companion-404-fig3.jpg
Connecting to deliveryimages.acm.org (deliveryimages.acm.org)|104.17.79.191|:80... connected.
HTTP request sent, awaiting response... 301 Moved Permanently
Location: https://deliveryimages.acm.org/10.1145/3200000/3191827/images/www18companion-404-fig3.jpg [following]
--2018-05-16 15:19:12--  https://deliveryimages.acm.org/10.1145/3200000/3191827/images/www18companion-404-fig3.jpg
Connecting to deliveryimages.acm.org (deliveryimages.acm.org)|104.17.79.191|:443... connected.
HTTP request sent, awaiting response... 200 OK
Length: 160 [image/jpeg]
Saving to: ‘../data/deliveryimages.acm.org/10.1145/3200000/3191827/images/www18companion-404-fig3.jpg’

     0K                                                       100% 13.4M=0s

2018-05-16 15:19:12 (13.4 MB/s) - ‘../data/deliveryimages.acm.org/10.1145/3200000/3191827/images/www18companion-404-fig3.jpg’ saved [160/160]

--2018-05-16 15:19:12--  http://deliveryimages.acm.org/10.1145/3200000/3191827/images/www18companion-404-fig4.jpg
Connecting to deliveryimages.acm.org (deliveryimages.acm.org)|104.17.79.191|:80... connected.
HTTP request sent, awaiting response... 301 Moved Permanently
Location: https://deliveryimages.acm.org/10.1145/3200000/3191827/images/www18companion-404-fig4.jpg [following]
--2018-05-16 15:19:12--  https://deliveryimages.acm.org/10.1145/3200000/3191827/images/www18companion-404-fig4.jpg
Connecting to deliveryimages.acm.org (deliveryimages.acm.org)|104.17.79.191|:443... connected.
HTTP request sent, awaiting response... 200 OK
Length: 105227 (103K) [image/jpeg]
Saving to: ‘../data/deliveryimages.acm.org/10.1145/3200000/3191827/images/www18companion-404-fig4.jpg’

     0K .......... .......... .......... .......... .......... 48% 1.79M 0s
    50K .......... .......... .......... .......... .......... 97% 3.92M 0s
   100K ..                                                    100% 5266G=0.04s

2018-05-16 15:19:12 (2.53 MB/s) - ‘../data/deliveryimages.acm.org/10.1145/3200000/3191827/images/www18companion-404-fig4.jpg’ saved [105227/105227]

--2018-05-16 15:19:12--  http://deliveryimages.acm.org/10.1145/3200000/3191827/images/www18companion-404-fig5.jpg
Connecting to deliveryimages.acm.org (deliveryimages.acm.org)|104.17.79.191|:80... connected.
HTTP request sent, awaiting response... 301 Moved Permanently
Location: https://deliveryimages.acm.org/10.1145/3200000/3191827/images/www18companion-404-fig5.jpg [following]
--2018-05-16 15:19:12--  https://deliveryimages.acm.org/10.1145/3200000/3191827/images/www18companion-404-fig5.jpg
Connecting to deliveryimages.acm.org (deliveryimages.acm.org)|104.17.79.191|:443... connected.
HTTP request sent, awaiting response... 200 OK
Length: 107280 (105K) [image/jpeg]
Saving to: ‘../data/deliveryimages.acm.org/10.1145/3200000/3191827/images/www18companion-404-fig5.jpg’

     0K .......... .......... .......... .......... .......... 47% 1.68M 0s
    50K .......... .......... .......... .......... .......... 95% 2.94M 0s
   100K ....                                                  100% 74.2M=0.05s

2018-05-16 15:19:12 (2.24 MB/s) - ‘../data/deliveryimages.acm.org/10.1145/3200000/3191827/images/www18companion-404-fig5.jpg’ saved [107280/107280]

FINISHED --2018-05-16 15:19:12--
Total wall clock time: 2.4s
Downloaded: 7 files, 609K in 0.4s (1.40 MB/s)
Converting links in ../data/delivery.acm.org/10.1145/3200000/3191827/p1961-jangid.html?ip=24.48.71.56&id=3191827&acc=OPENTOC&key=4D4702B0C3E38B35.4D4702B0C3E38B35.4D4702B0C3E38B35.4DD68F0663C025AA&__acm__=1526498650_a722b98dbd8b1f4b99a3b774f6560f86... 52-0
Converted links in 1 files in 0.002 seconds.
