--2018-05-16 14:27:35--  http://delivery.acm.org/10.1145/3190000/3186001/p1023-liu.html?ip=24.48.71.56&id=3186001&acc=OPENTOC&key=4D4702B0C3E38B35%2E4D4702B0C3E38B35%2E4D4702B0C3E38B35%2E4DD68F0663C025AA&__acm__=1526495553_659529eba3ff0ea220b406c4fe7f0fa7
Resolving delivery.acm.org (delivery.acm.org)... 24.200.120.90, 24.200.120.82
Connecting to delivery.acm.org (delivery.acm.org)|24.200.120.90|:80... connected.
HTTP request sent, awaiting response... 200 OK
Length: 111206 (109K) [text/html]
Saving to: ‘../data/delivery.acm.org/10.1145/3190000/3186001/p1023-liu.html?ip=24.48.71.56&id=3186001&acc=OPENTOC&key=4D4702B0C3E38B35.4D4702B0C3E38B35.4D4702B0C3E38B35.4DD68F0663C025AA&__acm__=1526495553_659529eba3ff0ea220b406c4fe7f0fa7’

     0K .......... .......... .......... .......... .......... 46%  127K 0s
    50K .......... .......... .......... .......... .......... 92%  928K 0s
   100K ........                                              100% 1.21M=0.5s

2018-05-16 14:27:36 (240 KB/s) - ‘../data/delivery.acm.org/10.1145/3190000/3186001/p1023-liu.html?ip=24.48.71.56&id=3186001&acc=OPENTOC&key=4D4702B0C3E38B35.4D4702B0C3E38B35.4D4702B0C3E38B35.4DD68F0663C025AA&__acm__=1526495553_659529eba3ff0ea220b406c4fe7f0fa7’ saved [111206/111206]

--2018-05-16 14:27:36--  http://deliveryimages.acm.org/10.1145/3190000/3186001/images/www2018-10-fig1.jpg
Resolving deliveryimages.acm.org (deliveryimages.acm.org)... 104.17.80.191, 104.17.79.191
Connecting to deliveryimages.acm.org (deliveryimages.acm.org)|104.17.80.191|:80... connected.
HTTP request sent, awaiting response... 301 Moved Permanently
Location: https://deliveryimages.acm.org/10.1145/3190000/3186001/images/www2018-10-fig1.jpg [following]
--2018-05-16 14:27:36--  https://deliveryimages.acm.org/10.1145/3190000/3186001/images/www2018-10-fig1.jpg
Connecting to deliveryimages.acm.org (deliveryimages.acm.org)|104.17.80.191|:443... connected.
HTTP request sent, awaiting response... 200 OK
Length: 170091 (166K) [image/jpeg]
Saving to: ‘../data/deliveryimages.acm.org/10.1145/3190000/3186001/images/www2018-10-fig1.jpg’

     0K .......... .......... .......... .......... .......... 30% 1.70M 0s
    50K .......... .......... .......... .......... .......... 60% 3.64M 0s
   100K .......... .......... .......... .......... .......... 90% 3.13M 0s
   150K .......... ......                                     100% 14.0M=0.06s

2018-05-16 14:27:36 (2.75 MB/s) - ‘../data/deliveryimages.acm.org/10.1145/3190000/3186001/images/www2018-10-fig1.jpg’ saved [170091/170091]

--2018-05-16 14:27:36--  http://deliveryimages.acm.org/10.1145/3190000/3186001/images/www2018-10-fig2.jpg
Connecting to deliveryimages.acm.org (deliveryimages.acm.org)|104.17.80.191|:80... connected.
HTTP request sent, awaiting response... 301 Moved Permanently
Location: https://deliveryimages.acm.org/10.1145/3190000/3186001/images/www2018-10-fig2.jpg [following]
--2018-05-16 14:27:36--  https://deliveryimages.acm.org/10.1145/3190000/3186001/images/www2018-10-fig2.jpg
Connecting to deliveryimages.acm.org (deliveryimages.acm.org)|104.17.80.191|:443... connected.
HTTP request sent, awaiting response... 200 OK
Length: 94083 (92K) [image/jpeg]
Saving to: ‘../data/deliveryimages.acm.org/10.1145/3190000/3186001/images/www2018-10-fig2.jpg’

     0K .......... .......... .......... .......... .......... 54%  260K 0s
    50K .......... .......... .......... .......... .         100%  217K=0.4s

2018-05-16 14:27:37 (238 KB/s) - ‘../data/deliveryimages.acm.org/10.1145/3190000/3186001/images/www2018-10-fig2.jpg’ saved [94083/94083]

--2018-05-16 14:27:37--  http://deliveryimages.acm.org/10.1145/3190000/3186001/images/www2018-10-fig3.jpg
Connecting to deliveryimages.acm.org (deliveryimages.acm.org)|104.17.80.191|:80... connected.
HTTP request sent, awaiting response... 301 Moved Permanently
Location: https://deliveryimages.acm.org/10.1145/3190000/3186001/images/www2018-10-fig3.jpg [following]
--2018-05-16 14:27:38--  https://deliveryimages.acm.org/10.1145/3190000/3186001/images/www2018-10-fig3.jpg
Connecting to deliveryimages.acm.org (deliveryimages.acm.org)|104.17.80.191|:443... connected.
HTTP request sent, awaiting response... 200 OK
Length: 106395 (104K) [image/jpeg]
Saving to: ‘../data/deliveryimages.acm.org/10.1145/3190000/3186001/images/www2018-10-fig3.jpg’

     0K .......... .......... .......... .......... .......... 48%  135K 0s
    50K .......... .......... .......... .......... .......... 96% 72.7K 0s
   100K ...                                                   100%  171M=1.1s

2018-05-16 14:27:39 (98.2 KB/s) - ‘../data/deliveryimages.acm.org/10.1145/3190000/3186001/images/www2018-10-fig3.jpg’ saved [106395/106395]

--2018-05-16 14:27:39--  http://deliveryimages.acm.org/10.1145/3190000/3186001/images/www2018-10-fig4.jpg
Connecting to deliveryimages.acm.org (deliveryimages.acm.org)|104.17.80.191|:80... connected.
HTTP request sent, awaiting response... 301 Moved Permanently
Location: https://deliveryimages.acm.org/10.1145/3190000/3186001/images/www2018-10-fig4.jpg [following]
--2018-05-16 14:27:39--  https://deliveryimages.acm.org/10.1145/3190000/3186001/images/www2018-10-fig4.jpg
Connecting to deliveryimages.acm.org (deliveryimages.acm.org)|104.17.80.191|:443... connected.
HTTP request sent, awaiting response... 200 OK
Length: 90487 (88K) [image/jpeg]
Saving to: ‘../data/deliveryimages.acm.org/10.1145/3190000/3186001/images/www2018-10-fig4.jpg’

     0K .......... .......... .......... .......... .......... 56% 1.67M 0s
    50K .......... .......... .......... ........             100% 1.84M=0.05s

2018-05-16 14:27:39 (1.74 MB/s) - ‘../data/deliveryimages.acm.org/10.1145/3190000/3186001/images/www2018-10-fig4.jpg’ saved [90487/90487]

--2018-05-16 14:27:39--  http://deliveryimages.acm.org/10.1145/3190000/3186001/images/www2018-10-fig5.jpg
Connecting to deliveryimages.acm.org (deliveryimages.acm.org)|104.17.80.191|:80... connected.
HTTP request sent, awaiting response... 301 Moved Permanently
Location: https://deliveryimages.acm.org/10.1145/3190000/3186001/images/www2018-10-fig5.jpg [following]
--2018-05-16 14:27:40--  https://deliveryimages.acm.org/10.1145/3190000/3186001/images/www2018-10-fig5.jpg
Connecting to deliveryimages.acm.org (deliveryimages.acm.org)|104.17.80.191|:443... connected.
HTTP request sent, awaiting response... 200 OK
Length: 102552 (100K) [image/jpeg]
Saving to: ‘../data/deliveryimages.acm.org/10.1145/3190000/3186001/images/www2018-10-fig5.jpg’

     0K .......... .......... .......... .......... .......... 49%  126K 0s
    50K .......... .......... .......... .......... .......... 99%  424K 0s
   100K                                                       100%  283G=0.5s

2018-05-16 14:27:41 (195 KB/s) - ‘../data/deliveryimages.acm.org/10.1145/3190000/3186001/images/www2018-10-fig5.jpg’ saved [102552/102552]

--2018-05-16 14:27:41--  http://deliveryimages.acm.org/10.1145/3190000/3186001/images/www2018-10-fig6.jpg
Connecting to deliveryimages.acm.org (deliveryimages.acm.org)|104.17.80.191|:80... connected.
HTTP request sent, awaiting response... 301 Moved Permanently
Location: https://deliveryimages.acm.org/10.1145/3190000/3186001/images/www2018-10-fig6.jpg [following]
--2018-05-16 14:27:41--  https://deliveryimages.acm.org/10.1145/3190000/3186001/images/www2018-10-fig6.jpg
Connecting to deliveryimages.acm.org (deliveryimages.acm.org)|104.17.80.191|:443... connected.
HTTP request sent, awaiting response... 200 OK
Length: 122225 (119K) [image/jpeg]
Saving to: ‘../data/deliveryimages.acm.org/10.1145/3190000/3186001/images/www2018-10-fig6.jpg’

     0K .......... .......... .......... .......... .......... 41%  270K 0s
    50K .......... .......... .......... .......... .......... 83%  186K 0s
   100K .......... .........                                  100% 35.9K=1.0s

2018-05-16 14:27:43 (120 KB/s) - ‘../data/deliveryimages.acm.org/10.1145/3190000/3186001/images/www2018-10-fig6.jpg’ saved [122225/122225]

--2018-05-16 14:27:43--  http://deliveryimages.acm.org/10.1145/3190000/3186001/images/www2018-10-fig7.jpg
Connecting to deliveryimages.acm.org (deliveryimages.acm.org)|104.17.80.191|:80... connected.
HTTP request sent, awaiting response... 301 Moved Permanently
Location: https://deliveryimages.acm.org/10.1145/3190000/3186001/images/www2018-10-fig7.jpg [following]
--2018-05-16 14:27:43--  https://deliveryimages.acm.org/10.1145/3190000/3186001/images/www2018-10-fig7.jpg
Connecting to deliveryimages.acm.org (deliveryimages.acm.org)|104.17.80.191|:443... connected.
HTTP request sent, awaiting response... 200 OK
Length: 79946 (78K) [image/jpeg]
Saving to: ‘../data/deliveryimages.acm.org/10.1145/3190000/3186001/images/www2018-10-fig7.jpg’

     0K .......... .......... .......... .......... .......... 64% 42.8K 1s
    50K .......... .......... ........                        100% 2.05M=1.2s

2018-05-16 14:27:45 (66.0 KB/s) - ‘../data/deliveryimages.acm.org/10.1145/3190000/3186001/images/www2018-10-fig7.jpg’ saved [79946/79946]

--2018-05-16 14:27:45--  http://deliveryimages.acm.org/10.1145/3190000/3186001/images/www2018-10-fig8.jpg
Connecting to deliveryimages.acm.org (deliveryimages.acm.org)|104.17.80.191|:80... connected.
HTTP request sent, awaiting response... 301 Moved Permanently
Location: https://deliveryimages.acm.org/10.1145/3190000/3186001/images/www2018-10-fig8.jpg [following]
--2018-05-16 14:27:45--  https://deliveryimages.acm.org/10.1145/3190000/3186001/images/www2018-10-fig8.jpg
Connecting to deliveryimages.acm.org (deliveryimages.acm.org)|104.17.80.191|:443... connected.
HTTP request sent, awaiting response... 200 OK
Length: 16209 (16K) [image/jpeg]
Saving to: ‘../data/deliveryimages.acm.org/10.1145/3190000/3186001/images/www2018-10-fig8.jpg’

     0K .......... .....                                      100%  763K=0.02s

2018-05-16 14:27:45 (763 KB/s) - ‘../data/deliveryimages.acm.org/10.1145/3190000/3186001/images/www2018-10-fig8.jpg’ saved [16209/16209]

--2018-05-16 14:27:45--  http://deliveryimages.acm.org/10.1145/3190000/3186001/images/www2018-10-fig9.jpg
Connecting to deliveryimages.acm.org (deliveryimages.acm.org)|104.17.80.191|:80... connected.
HTTP request sent, awaiting response... 301 Moved Permanently
Location: https://deliveryimages.acm.org/10.1145/3190000/3186001/images/www2018-10-fig9.jpg [following]
--2018-05-16 14:27:45--  https://deliveryimages.acm.org/10.1145/3190000/3186001/images/www2018-10-fig9.jpg
Connecting to deliveryimages.acm.org (deliveryimages.acm.org)|104.17.80.191|:443... connected.
HTTP request sent, awaiting response... 200 OK
Length: 30360 (30K) [image/jpeg]
Saving to: ‘../data/deliveryimages.acm.org/10.1145/3190000/3186001/images/www2018-10-fig9.jpg’

     0K .......... .......... .........                       100%  968K=0.03s

2018-05-16 14:27:45 (968 KB/s) - ‘../data/deliveryimages.acm.org/10.1145/3190000/3186001/images/www2018-10-fig9.jpg’ saved [30360/30360]

FINISHED --2018-05-16 14:27:45--
Total wall clock time: 9.9s
Downloaded: 10 files, 902K in 4.7s (190 KB/s)
Converting links in ../data/delivery.acm.org/10.1145/3190000/3186001/p1023-liu.html?ip=24.48.71.56&id=3186001&acc=OPENTOC&key=4D4702B0C3E38B35.4D4702B0C3E38B35.4D4702B0C3E38B35.4DD68F0663C025AA&__acm__=1526495553_659529eba3ff0ea220b406c4fe7f0fa7... 123-0
Converted links in 1 files in 0.002 seconds.
