--2018-05-16 14:29:28--  http://delivery.acm.org/10.1145/3190000/3186018/p1195-schneider.html?ip=24.48.71.56&id=3186018&acc=OPENTOC&key=4D4702B0C3E38B35%2E4D4702B0C3E38B35%2E4D4702B0C3E38B35%2E4DD68F0663C025AA&__acm__=1526495668_ba6170dd83263e8c56fd8420454f1a85
Resolving delivery.acm.org (delivery.acm.org)... 24.200.120.82, 24.200.120.90
Connecting to delivery.acm.org (delivery.acm.org)|24.200.120.82|:80... connected.
HTTP request sent, awaiting response... 200 OK
Length: 102308 (100K) [text/html]
Saving to: ‘../data/delivery.acm.org/10.1145/3190000/3186018/p1195-schneider.html?ip=24.48.71.56&id=3186018&acc=OPENTOC&key=4D4702B0C3E38B35.4D4702B0C3E38B35.4D4702B0C3E38B35.4DD68F0663C025AA&__acm__=1526495668_ba6170dd83263e8c56fd8420454f1a85’

     0K .......... .......... .......... .......... .......... 50% 1.06M 0s
    50K .......... .......... .......... .......... ......... 100% 1.10M=0.09s

2018-05-16 14:29:28 (1.08 MB/s) - ‘../data/delivery.acm.org/10.1145/3190000/3186018/p1195-schneider.html?ip=24.48.71.56&id=3186018&acc=OPENTOC&key=4D4702B0C3E38B35.4D4702B0C3E38B35.4D4702B0C3E38B35.4DD68F0663C025AA&__acm__=1526495668_ba6170dd83263e8c56fd8420454f1a85’ saved [102308/102308]

--2018-05-16 14:29:28--  http://deliveryimages.acm.org/10.1145/3190000/3186018/images/www2018-27-fig1.jpg
Resolving deliveryimages.acm.org (deliveryimages.acm.org)... 104.17.80.191, 104.17.79.191
Connecting to deliveryimages.acm.org (deliveryimages.acm.org)|104.17.80.191|:80... connected.
HTTP request sent, awaiting response... 301 Moved Permanently
Location: https://deliveryimages.acm.org/10.1145/3190000/3186018/images/www2018-27-fig1.jpg [following]
--2018-05-16 14:29:28--  https://deliveryimages.acm.org/10.1145/3190000/3186018/images/www2018-27-fig1.jpg
Connecting to deliveryimages.acm.org (deliveryimages.acm.org)|104.17.80.191|:443... connected.
HTTP request sent, awaiting response... 200 OK
Length: 242586 (237K) [image/jpeg]
Saving to: ‘../data/deliveryimages.acm.org/10.1145/3190000/3186018/images/www2018-27-fig1.jpg’

     0K .......... .......... .......... .......... .......... 21% 1.66M 0s
    50K .......... .......... .......... .......... .......... 42% 2.83M 0s
   100K .......... .......... .......... .......... .......... 63% 4.74M 0s
   150K .......... .......... .......... .......... .......... 84% 3.79M 0s
   200K .......... .......... .......... ......               100% 4.79M=0.08s

2018-05-16 14:29:29 (2.99 MB/s) - ‘../data/deliveryimages.acm.org/10.1145/3190000/3186018/images/www2018-27-fig1.jpg’ saved [242586/242586]

--2018-05-16 14:29:29--  http://deliveryimages.acm.org/10.1145/3190000/3186018/images/www2018-27-graphic2.jpg
Connecting to deliveryimages.acm.org (deliveryimages.acm.org)|104.17.80.191|:80... connected.
HTTP request sent, awaiting response... 301 Moved Permanently
Location: https://deliveryimages.acm.org/10.1145/3190000/3186018/images/www2018-27-graphic2.jpg [following]
--2018-05-16 14:29:29--  https://deliveryimages.acm.org/10.1145/3190000/3186018/images/www2018-27-graphic2.jpg
Connecting to deliveryimages.acm.org (deliveryimages.acm.org)|104.17.80.191|:443... connected.
HTTP request sent, awaiting response... 200 OK
Length: 219547 (214K) [image/jpeg]
Saving to: ‘../data/deliveryimages.acm.org/10.1145/3190000/3186018/images/www2018-27-graphic2.jpg’

     0K .......... .......... .......... .......... .......... 23% 67.1K 2s
    50K .......... .......... .......... .......... .......... 46%  197K 1s
   100K .......... .......... .......... .......... .......... 69% 99.1K 1s
   150K .......... .......... .......... .......... .......... 93%  125K 0s
   200K .......... ....                                       100%  184M=1.9s

2018-05-16 14:29:31 (113 KB/s) - ‘../data/deliveryimages.acm.org/10.1145/3190000/3186018/images/www2018-27-graphic2.jpg’ saved [219547/219547]

--2018-05-16 14:29:31--  http://deliveryimages.acm.org/10.1145/3190000/3186018/images/www2018-27-graphic3.jpg
Connecting to deliveryimages.acm.org (deliveryimages.acm.org)|104.17.80.191|:80... connected.
HTTP request sent, awaiting response... 301 Moved Permanently
Location: https://deliveryimages.acm.org/10.1145/3190000/3186018/images/www2018-27-graphic3.jpg [following]
--2018-05-16 14:29:31--  https://deliveryimages.acm.org/10.1145/3190000/3186018/images/www2018-27-graphic3.jpg
Connecting to deliveryimages.acm.org (deliveryimages.acm.org)|104.17.80.191|:443... connected.
HTTP request sent, awaiting response... 200 OK
Length: 320710 (313K) [image/jpeg]
Saving to: ‘../data/deliveryimages.acm.org/10.1145/3190000/3186018/images/www2018-27-graphic3.jpg’

     0K .......... .......... .......... .......... .......... 15%  649K 0s
    50K .......... .......... .......... .......... .......... 31%  642K 0s
   100K .......... .......... .......... .......... .......... 47% 1011K 0s
   150K .......... .......... .......... .......... .......... 63% 1.35M 0s
   200K .......... .......... .......... .......... .......... 79% 1.48M 0s
   250K .......... .......... .......... .......... .......... 95% 1.61M 0s
   300K .......... ...                                        100% 2.50M=0.3s

2018-05-16 14:29:32 (1013 KB/s) - ‘../data/deliveryimages.acm.org/10.1145/3190000/3186018/images/www2018-27-graphic3.jpg’ saved [320710/320710]

--2018-05-16 14:29:32--  http://deliveryimages.acm.org/10.1145/3190000/3186018/images/www2018-27-fig2.jpg
Connecting to deliveryimages.acm.org (deliveryimages.acm.org)|104.17.80.191|:80... connected.
HTTP request sent, awaiting response... 301 Moved Permanently
Location: https://deliveryimages.acm.org/10.1145/3190000/3186018/images/www2018-27-fig2.jpg [following]
--2018-05-16 14:29:32--  https://deliveryimages.acm.org/10.1145/3190000/3186018/images/www2018-27-fig2.jpg
Connecting to deliveryimages.acm.org (deliveryimages.acm.org)|104.17.80.191|:443... connected.
HTTP request sent, awaiting response... 200 OK
Length: 28112 (27K) [image/jpeg]
Saving to: ‘../data/deliveryimages.acm.org/10.1145/3190000/3186018/images/www2018-27-fig2.jpg’

     0K .......... .......... .......                         100%  744K=0.04s

2018-05-16 14:29:32 (744 KB/s) - ‘../data/deliveryimages.acm.org/10.1145/3190000/3186018/images/www2018-27-fig2.jpg’ saved [28112/28112]

--2018-05-16 14:29:32--  http://deliveryimages.acm.org/10.1145/3190000/3186018/images/www2018-27-graphic5.jpg
Connecting to deliveryimages.acm.org (deliveryimages.acm.org)|104.17.80.191|:80... connected.
HTTP request sent, awaiting response... 301 Moved Permanently
Location: https://deliveryimages.acm.org/10.1145/3190000/3186018/images/www2018-27-graphic5.jpg [following]
--2018-05-16 14:29:32--  https://deliveryimages.acm.org/10.1145/3190000/3186018/images/www2018-27-graphic5.jpg
Connecting to deliveryimages.acm.org (deliveryimages.acm.org)|104.17.80.191|:443... connected.
HTTP request sent, awaiting response... 200 OK
Length: 114305 (112K) [image/jpeg]
Saving to: ‘../data/deliveryimages.acm.org/10.1145/3190000/3186018/images/www2018-27-graphic5.jpg’

     0K .......... .......... .......... .......... .......... 44% 86.1K 1s
    50K .......... .......... .......... .......... .......... 89%  103K 0s
   100K .......... .                                          100% 11.1M=1.1s

2018-05-16 14:29:35 (105 KB/s) - ‘../data/deliveryimages.acm.org/10.1145/3190000/3186018/images/www2018-27-graphic5.jpg’ saved [114305/114305]

FINISHED --2018-05-16 14:29:35--
Total wall clock time: 6.7s
Downloaded: 6 files, 1003K in 3.5s (288 KB/s)
Converting links in ../data/delivery.acm.org/10.1145/3190000/3186018/p1195-schneider.html?ip=24.48.71.56&id=3186018&acc=OPENTOC&key=4D4702B0C3E38B35.4D4702B0C3E38B35.4D4702B0C3E38B35.4DD68F0663C025AA&__acm__=1526495668_ba6170dd83263e8c56fd8420454f1a85... 117-0
Converted links in 1 files in 0.005 seconds.
