--2018-05-16 14:15:19--  http://delivery.acm.org/10.1145/3190000/3186032/p13-miao.html?ip=24.48.71.56&id=3186032&acc=OPENTOC&key=4D4702B0C3E38B35%2E4D4702B0C3E38B35%2E4D4702B0C3E38B35%2E4DD68F0663C025AA&__acm__=1526494819_1bb447e6d7d0475e836a9808f0535338
Resolving delivery.acm.org (delivery.acm.org)... 24.200.120.90, 24.200.120.82
Connecting to delivery.acm.org (delivery.acm.org)|24.200.120.90|:80... connected.
HTTP request sent, awaiting response... 200 OK
Length: 106431 (104K) [text/html]
Saving to: ‘../data/delivery.acm.org/10.1145/3190000/3186032/p13-miao.html?ip=24.48.71.56&id=3186032&acc=OPENTOC&key=4D4702B0C3E38B35.4D4702B0C3E38B35.4D4702B0C3E38B35.4DD68F0663C025AA&__acm__=1526494819_1bb447e6d7d0475e836a9808f0535338’

     0K .......... .......... .......... .......... .......... 48% 3.25M 0s
    50K .......... .......... .......... .......... .......... 96% 1.78M 0s
   100K ...                                                   100% 66.2M=0.04s

2018-05-16 14:15:19 (2.39 MB/s) - ‘../data/delivery.acm.org/10.1145/3190000/3186032/p13-miao.html?ip=24.48.71.56&id=3186032&acc=OPENTOC&key=4D4702B0C3E38B35.4D4702B0C3E38B35.4D4702B0C3E38B35.4DD68F0663C025AA&__acm__=1526494819_1bb447e6d7d0475e836a9808f0535338’ saved [106431/106431]

--2018-05-16 14:15:19--  http://deliveryimages.acm.org/10.1145/3190000/3186032/images/www2018-41-fig1.jpg
Resolving deliveryimages.acm.org (deliveryimages.acm.org)... 104.17.80.191, 104.17.79.191
Connecting to deliveryimages.acm.org (deliveryimages.acm.org)|104.17.80.191|:80... connected.
HTTP request sent, awaiting response... 301 Moved Permanently
Location: https://deliveryimages.acm.org/10.1145/3190000/3186032/images/www2018-41-fig1.jpg [following]
--2018-05-16 14:15:20--  https://deliveryimages.acm.org/10.1145/3190000/3186032/images/www2018-41-fig1.jpg
Connecting to deliveryimages.acm.org (deliveryimages.acm.org)|104.17.80.191|:443... connected.
HTTP request sent, awaiting response... 200 OK
Length: 761780 (744K) [image/jpeg]
Saving to: ‘../data/deliveryimages.acm.org/10.1145/3190000/3186032/images/www2018-41-fig1.jpg’

     0K .......... .......... .......... .......... ..........  6% 1.90M 0s
    50K .......... .......... .......... .......... .......... 13% 2.96M 0s
   100K .......... .......... .......... .......... .......... 20% 5.17M 0s
   150K .......... .......... .......... .......... .......... 26% 4.00M 0s
   200K .......... .......... .......... .......... .......... 33% 4.00M 0s
   250K .......... .......... .......... .......... .......... 40% 2.78M 0s
   300K .......... .......... .......... .......... .......... 47% 2.04M 0s
   350K .......... .......... .......... .......... .......... 53% 3.90M 0s
   400K .......... .......... .......... .......... .......... 60% 10.9M 0s
   450K .......... .......... .......... .......... .......... 67% 15.7M 0s
   500K .......... .......... .......... .......... .......... 73% 4.03M 0s
   550K .......... .......... .......... .......... .......... 80% 4.45M 0s
   600K .......... .......... .......... .......... .......... 87% 4.28M 0s
   650K .......... .......... .......... .......... .......... 94% 2.72M 0s
   700K .......... .......... .......... .......... ...       100% 6.03M=0.2s

2018-05-16 14:15:20 (3.68 MB/s) - ‘../data/deliveryimages.acm.org/10.1145/3190000/3186032/images/www2018-41-fig1.jpg’ saved [761780/761780]

--2018-05-16 14:15:20--  http://deliveryimages.acm.org/10.1145/3190000/3186032/images/www2018-41-fig2.jpg
Connecting to deliveryimages.acm.org (deliveryimages.acm.org)|104.17.80.191|:80... connected.
HTTP request sent, awaiting response... 301 Moved Permanently
Location: https://deliveryimages.acm.org/10.1145/3190000/3186032/images/www2018-41-fig2.jpg [following]
--2018-05-16 14:15:20--  https://deliveryimages.acm.org/10.1145/3190000/3186032/images/www2018-41-fig2.jpg
Connecting to deliveryimages.acm.org (deliveryimages.acm.org)|104.17.80.191|:443... connected.
HTTP request sent, awaiting response... 200 OK
Length: 606089 (592K) [image/jpeg]
Saving to: ‘../data/deliveryimages.acm.org/10.1145/3190000/3186032/images/www2018-41-fig2.jpg’

     0K .......... .......... .......... .......... ..........  8% 1.14M 0s
    50K .......... .......... .......... .......... .......... 16% 1.50M 0s
   100K .......... .......... .......... .......... .......... 25% 3.24M 0s
   150K .......... .......... .......... .......... .......... 33% 5.69M 0s
   200K .......... .......... .......... .......... .......... 42% 3.20M 0s
   250K .......... .......... .......... .......... .......... 50% 5.48M 0s
   300K .......... .......... .......... .......... .......... 59% 3.84M 0s
   350K .......... .......... .......... .......... .......... 67% 3.23M 0s
   400K .......... .......... .......... .......... .......... 76% 3.22M 0s
   450K .......... .......... .......... .......... .......... 84% 5.46M 0s
   500K .......... .......... .......... .......... .......... 92% 4.05M 0s
   550K .......... .......... .......... .......... .         100% 7.26M=0.2s

2018-05-16 14:15:21 (3.00 MB/s) - ‘../data/deliveryimages.acm.org/10.1145/3190000/3186032/images/www2018-41-fig2.jpg’ saved [606089/606089]

--2018-05-16 14:15:21--  http://deliveryimages.acm.org/10.1145/3190000/3186032/images/www2018-41-img1.svg
Connecting to deliveryimages.acm.org (deliveryimages.acm.org)|104.17.80.191|:80... connected.
HTTP request sent, awaiting response... 301 Moved Permanently
Location: https://deliveryimages.acm.org/10.1145/3190000/3186032/images/www2018-41-img1.svg [following]
--2018-05-16 14:15:21--  https://deliveryimages.acm.org/10.1145/3190000/3186032/images/www2018-41-img1.svg
Connecting to deliveryimages.acm.org (deliveryimages.acm.org)|104.17.80.191|:443... connected.
HTTP request sent, awaiting response... 200 OK
Length: 140189 (137K) [image/svg+xml]
Saving to: ‘../data/deliveryimages.acm.org/10.1145/3190000/3186032/images/www2018-41-img1.svg’

     0K .......... .......... .......... .......... .......... 36% 1.68M 0s
    50K .......... .......... .......... .......... .......... 73% 3.42M 0s
   100K .......... .......... .......... ......               100% 4.02M=0.05s

2018-05-16 14:15:21 (2.56 MB/s) - ‘../data/deliveryimages.acm.org/10.1145/3190000/3186032/images/www2018-41-img1.svg’ saved [140189/140189]

--2018-05-16 14:15:21--  http://deliveryimages.acm.org/10.1145/3190000/3186032/images/www2018-41-fig3.jpg
Connecting to deliveryimages.acm.org (deliveryimages.acm.org)|104.17.80.191|:80... connected.
HTTP request sent, awaiting response... 301 Moved Permanently
Location: https://deliveryimages.acm.org/10.1145/3190000/3186032/images/www2018-41-fig3.jpg [following]
--2018-05-16 14:15:21--  https://deliveryimages.acm.org/10.1145/3190000/3186032/images/www2018-41-fig3.jpg
Connecting to deliveryimages.acm.org (deliveryimages.acm.org)|104.17.80.191|:443... connected.
HTTP request sent, awaiting response... 200 OK
Length: 826081 (807K) [image/jpeg]
Saving to: ‘../data/deliveryimages.acm.org/10.1145/3190000/3186032/images/www2018-41-fig3.jpg’

     0K .......... .......... .......... .......... ..........  6% 1.62M 0s
    50K .......... .......... .......... .......... .......... 12% 3.18M 0s
   100K .......... .......... .......... .......... .......... 18% 4.74M 0s
   150K .......... .......... .......... .......... .......... 24% 3.34M 0s
   200K .......... .......... .......... .......... .......... 30% 4.89M 0s
   250K .......... .......... .......... .......... .......... 37% 3.95M 0s
   300K .......... .......... .......... .......... .......... 43% 3.13M 0s
   350K .......... .......... .......... .......... .......... 49% 4.39M 0s
   400K .......... .......... .......... .......... .......... 55% 4.24M 0s
   450K .......... .......... .......... .......... .......... 61% 4.08M 0s
   500K .......... .......... .......... .......... .......... 68% 4.39M 0s
   550K .......... .......... .......... .......... .......... 74% 3.95M 0s
   600K .......... .......... .......... .......... .......... 80% 4.46M 0s
   650K .......... .......... .......... .......... .......... 86% 4.35M 0s
   700K .......... .......... .......... .......... .......... 92% 2.22M 0s
   750K .......... .......... .......... .......... .......... 99% 13.9M 0s
   800K ......                                                100% 12817G=0.2s

2018-05-16 14:15:21 (3.68 MB/s) - ‘../data/deliveryimages.acm.org/10.1145/3190000/3186032/images/www2018-41-fig3.jpg’ saved [826081/826081]

--2018-05-16 14:15:21--  http://deliveryimages.acm.org/10.1145/3190000/3186032/images/www2018-41-fig4.jpg
Connecting to deliveryimages.acm.org (deliveryimages.acm.org)|104.17.80.191|:80... connected.
HTTP request sent, awaiting response... 301 Moved Permanently
Location: https://deliveryimages.acm.org/10.1145/3190000/3186032/images/www2018-41-fig4.jpg [following]
--2018-05-16 14:15:21--  https://deliveryimages.acm.org/10.1145/3190000/3186032/images/www2018-41-fig4.jpg
Connecting to deliveryimages.acm.org (deliveryimages.acm.org)|104.17.80.191|:443... connected.
HTTP request sent, awaiting response... 200 OK
Length: 801864 (783K) [image/jpeg]
Saving to: ‘../data/deliveryimages.acm.org/10.1145/3190000/3186032/images/www2018-41-fig4.jpg’

     0K .......... .......... .......... .......... ..........  6% 1.74M 0s
    50K .......... .......... .......... .......... .......... 12% 3.99M 0s
   100K .......... .......... .......... .......... .......... 19% 4.31M 0s
   150K .......... .......... .......... .......... .......... 25% 3.77M 0s
   200K .......... .......... .......... .......... .......... 31% 3.65M 0s
   250K .......... .......... .......... .......... .......... 38% 4.13M 0s
   300K .......... .......... .......... .......... .......... 44% 3.51M 0s
   350K .......... .......... .......... .......... .......... 51% 4.09M 0s
   400K .......... .......... .......... .......... .......... 57% 3.45M 0s
   450K .......... .......... .......... .......... .......... 63% 3.96M 0s
   500K .......... .......... .......... .......... .......... 70% 5.66M 0s
   550K .......... .......... .......... .......... .......... 76% 4.51M 0s
   600K .......... .......... .......... .......... .......... 83% 4.08M 0s
   650K .......... .......... .......... .......... .......... 89% 3.61M 0s
   700K .......... .......... .......... .......... .......... 95% 2.24M 0s
   750K .......... .......... .......... ...                  100% 15.0M=0.2s

2018-05-16 14:15:22 (3.62 MB/s) - ‘../data/deliveryimages.acm.org/10.1145/3190000/3186032/images/www2018-41-fig4.jpg’ saved [801864/801864]

--2018-05-16 14:15:22--  http://deliveryimages.acm.org/10.1145/3190000/3186032/images/www2018-41-fig5.jpg
Connecting to deliveryimages.acm.org (deliveryimages.acm.org)|104.17.80.191|:80... connected.
HTTP request sent, awaiting response... 301 Moved Permanently
Location: https://deliveryimages.acm.org/10.1145/3190000/3186032/images/www2018-41-fig5.jpg [following]
--2018-05-16 14:15:22--  https://deliveryimages.acm.org/10.1145/3190000/3186032/images/www2018-41-fig5.jpg
Connecting to deliveryimages.acm.org (deliveryimages.acm.org)|104.17.80.191|:443... connected.
HTTP request sent, awaiting response... 200 OK
Length: 1082513 (1.0M) [image/jpeg]
Saving to: ‘../data/deliveryimages.acm.org/10.1145/3190000/3186032/images/www2018-41-fig5.jpg’

     0K .......... .......... .......... .......... ..........  4% 1.55M 1s
    50K .......... .......... .......... .......... ..........  9% 4.16M 0s
   100K .......... .......... .......... .......... .......... 14% 3.38M 0s
   150K .......... .......... .......... .......... .......... 18% 4.81M 0s
   200K .......... .......... .......... .......... .......... 23% 3.99M 0s
   250K .......... .......... .......... .......... .......... 28% 3.09M 0s
   300K .......... .......... .......... .......... .......... 33% 6.98M 0s
   350K .......... .......... .......... .......... .......... 37% 2.98M 0s
   400K .......... .......... .......... .......... .......... 42% 4.61M 0s
   450K .......... .......... .......... .......... .......... 47% 2.96M 0s
   500K .......... .......... .......... .......... .......... 52% 6.61M 0s
   550K .......... .......... .......... .......... .......... 56% 4.21M 0s
   600K .......... .......... .......... .......... .......... 61% 4.53M 0s
   650K .......... .......... .......... .......... .......... 66% 3.12M 0s
   700K .......... .......... .......... .......... .......... 70% 6.19M 0s
   750K .......... .......... .......... .......... .......... 75% 3.03M 0s
   800K .......... .......... .......... .......... .......... 80% 4.83M 0s
   850K .......... .......... .......... .......... .......... 85% 4.09M 0s
   900K .......... .......... .......... .......... .......... 89% 4.16M 0s
   950K .......... .......... .......... .......... .......... 94% 3.52M 0s
  1000K .......... .......... .......... .......... .......... 99% 4.89M 0s
  1050K .......                                               100% 85.8M=0.3s

2018-05-16 14:15:22 (3.78 MB/s) - ‘../data/deliveryimages.acm.org/10.1145/3190000/3186032/images/www2018-41-fig5.jpg’ saved [1082513/1082513]

--2018-05-16 14:15:22--  http://deliveryimages.acm.org/10.1145/3190000/3186032/images/www2018-41-fig6.jpg
Connecting to deliveryimages.acm.org (deliveryimages.acm.org)|104.17.80.191|:80... connected.
HTTP request sent, awaiting response... 301 Moved Permanently
Location: https://deliveryimages.acm.org/10.1145/3190000/3186032/images/www2018-41-fig6.jpg [following]
--2018-05-16 14:15:22--  https://deliveryimages.acm.org/10.1145/3190000/3186032/images/www2018-41-fig6.jpg
Connecting to deliveryimages.acm.org (deliveryimages.acm.org)|104.17.80.191|:443... connected.
HTTP request sent, awaiting response... 200 OK
Length: 1160065 (1.1M) [image/jpeg]
Saving to: ‘../data/deliveryimages.acm.org/10.1145/3190000/3186032/images/www2018-41-fig6.jpg’

     0K .......... .......... .......... .......... ..........  4% 2.27M 0s
    50K .......... .......... .......... .......... ..........  8% 3.03M 0s
   100K .......... .......... .......... .......... .......... 13% 4.05M 0s
   150K .......... .......... .......... .......... .......... 17% 2.16M 0s
   200K .......... .......... .......... .......... .......... 22% 5.98M 0s
   250K .......... .......... .......... .......... .......... 26% 3.33M 0s
   300K .......... .......... .......... .......... .......... 30% 4.82M 0s
   350K .......... .......... .......... .......... .......... 35% 1.09M 0s
   400K .......... .......... .......... .......... .......... 39% 4.63M 0s
   450K .......... .......... .......... .......... .......... 44% 1.63M 0s
   500K .......... .......... .......... .......... .......... 48% 5.22M 0s
   550K .......... .......... .......... .......... .......... 52% 3.08M 0s
   600K .......... .......... .......... .......... .......... 57% 4.60M 0s
   650K .......... .......... .......... .......... .......... 61% 40.5M 0s
   700K .......... .......... .......... .......... .......... 66% 5.21M 0s
   750K .......... .......... .......... .......... .......... 70% 3.34M 0s
   800K .......... .......... .......... .......... .......... 75% 3.83M 0s
   850K .......... .......... .......... .......... .......... 79% 10.1M 0s
   900K .......... .......... .......... .......... .......... 83% 3.41M 0s
   950K .......... .......... .......... .......... .......... 88% 5.65M 0s
  1000K .......... .......... .......... .......... .......... 92% 3.76M 0s
  1050K .......... .......... .......... .......... .......... 97% 4.07M 0s
  1100K .......... .......... .......... ..                   100% 3.24M=0.3s

2018-05-16 14:15:23 (3.38 MB/s) - ‘../data/deliveryimages.acm.org/10.1145/3190000/3186032/images/www2018-41-fig6.jpg’ saved [1160065/1160065]

--2018-05-16 14:15:23--  http://deliveryimages.acm.org/10.1145/3190000/3186032/images/www2018-41-fig7.jpg
Connecting to deliveryimages.acm.org (deliveryimages.acm.org)|104.17.80.191|:80... connected.
HTTP request sent, awaiting response... 301 Moved Permanently
Location: https://deliveryimages.acm.org/10.1145/3190000/3186032/images/www2018-41-fig7.jpg [following]
--2018-05-16 14:15:23--  https://deliveryimages.acm.org/10.1145/3190000/3186032/images/www2018-41-fig7.jpg
Connecting to deliveryimages.acm.org (deliveryimages.acm.org)|104.17.80.191|:443... connected.
HTTP request sent, awaiting response... 200 OK
Length: 1091905 (1.0M) [image/jpeg]
Saving to: ‘../data/deliveryimages.acm.org/10.1145/3190000/3186032/images/www2018-41-fig7.jpg’

     0K .......... .......... .......... .......... ..........  4% 1.95M 1s
    50K .......... .......... .......... .......... ..........  9% 3.52M 0s
   100K .......... .......... .......... .......... .......... 14% 3.35M 0s
   150K .......... .......... .......... .......... .......... 18% 5.50M 0s
   200K .......... .......... .......... .......... .......... 23% 2.46M 0s
   250K .......... .......... .......... .......... .......... 28% 6.58M 0s
   300K .......... .......... .......... .......... .......... 32% 5.82M 0s
   350K .......... .......... .......... .......... .......... 37% 3.22M 0s
   400K .......... .......... .......... .......... .......... 42% 4.17M 0s
   450K .......... .......... .......... .......... .......... 46% 4.45M 0s
   500K .......... .......... .......... .......... .......... 51% 3.95M 0s
   550K .......... .......... .......... .......... .......... 56% 3.53M 0s
   600K .......... .......... .......... .......... .......... 60% 5.52M 0s
   650K .......... .......... .......... .......... .......... 65% 3.27M 0s
   700K .......... .......... .......... .......... .......... 70% 5.29M 0s
   750K .......... .......... .......... .......... .......... 75% 2.29M 0s
   800K .......... .......... .......... .......... .......... 79% 9.07M 0s
   850K .......... .......... .......... .......... .......... 84% 4.01M 0s
   900K .......... .......... .......... .......... .......... 89% 3.85M 0s
   950K .......... .......... .......... .......... .......... 93% 5.42M 0s
  1000K .......... .......... .......... .......... .......... 98% 3.91M 0s
  1050K .......... ......                                     100% 7.33M=0.3s

2018-05-16 14:15:23 (3.85 MB/s) - ‘../data/deliveryimages.acm.org/10.1145/3190000/3186032/images/www2018-41-fig7.jpg’ saved [1091905/1091905]

--2018-05-16 14:15:23--  http://deliveryimages.acm.org/10.1145/3190000/3186032/images/www2018-41-fig8.jpg
Connecting to deliveryimages.acm.org (deliveryimages.acm.org)|104.17.80.191|:80... connected.
HTTP request sent, awaiting response... 301 Moved Permanently
Location: https://deliveryimages.acm.org/10.1145/3190000/3186032/images/www2018-41-fig8.jpg [following]
--2018-05-16 14:15:23--  https://deliveryimages.acm.org/10.1145/3190000/3186032/images/www2018-41-fig8.jpg
Connecting to deliveryimages.acm.org (deliveryimages.acm.org)|104.17.80.191|:443... connected.
HTTP request sent, awaiting response... 200 OK
Length: 840850 (821K) [image/jpeg]
Saving to: ‘../data/deliveryimages.acm.org/10.1145/3190000/3186032/images/www2018-41-fig8.jpg’

     0K .......... .......... .......... .......... ..........  6% 1.24M 1s
    50K .......... .......... .......... .......... .......... 12% 3.79M 0s
   100K .......... .......... .......... .......... .......... 18% 4.02M 0s
   150K .......... .......... .......... .......... .......... 24% 3.04M 0s
   200K .......... .......... .......... .......... .......... 30% 6.00M 0s
   250K .......... .......... .......... .......... .......... 36% 3.87M 0s
   300K .......... .......... .......... .......... .......... 42% 4.16M 0s
   350K .......... .......... .......... .......... .......... 48% 2.80M 0s
   400K .......... .......... .......... .......... .......... 54% 5.93M 0s
   450K .......... .......... .......... .......... .......... 60% 4.14M 0s
   500K .......... .......... .......... .......... .......... 66% 3.98M 0s
   550K .......... .......... .......... .......... .......... 73% 4.09M 0s
   600K .......... .......... .......... .......... .......... 79% 4.63M 0s
   650K .......... .......... .......... .......... .......... 85% 4.42M 0s
   700K .......... .......... .......... .......... .......... 91% 3.96M 0s
   750K .......... .......... .......... .......... .......... 97% 2.71M 0s
   800K .......... .......... .                               100%  252M=0.2s

2018-05-16 14:15:24 (3.54 MB/s) - ‘../data/deliveryimages.acm.org/10.1145/3190000/3186032/images/www2018-41-fig8.jpg’ saved [840850/840850]

--2018-05-16 14:15:24--  http://deliveryimages.acm.org/10.1145/3190000/3186032/images/www2018-41-fig9.jpg
Connecting to deliveryimages.acm.org (deliveryimages.acm.org)|104.17.80.191|:80... connected.
HTTP request sent, awaiting response... 301 Moved Permanently
Location: https://deliveryimages.acm.org/10.1145/3190000/3186032/images/www2018-41-fig9.jpg [following]
--2018-05-16 14:15:24--  https://deliveryimages.acm.org/10.1145/3190000/3186032/images/www2018-41-fig9.jpg
Connecting to deliveryimages.acm.org (deliveryimages.acm.org)|104.17.80.191|:443... connected.
HTTP request sent, awaiting response... 200 OK
Length: 1062409 (1.0M) [image/jpeg]
Saving to: ‘../data/deliveryimages.acm.org/10.1145/3190000/3186032/images/www2018-41-fig9.jpg’

     0K .......... .......... .......... .......... ..........  4% 1.52M 1s
    50K .......... .......... .......... .......... ..........  9% 3.18M 0s
   100K .......... .......... .......... .......... .......... 14% 1.54M 0s
   150K .......... .......... .......... .......... .......... 19% 28.6M 0s
   200K .......... .......... .......... .......... .......... 24% 16.3M 0s
   250K .......... .......... .......... .......... .......... 28% 3.21M 0s
   300K .......... .......... .......... .......... .......... 33% 3.49M 0s
   350K .......... .......... .......... .......... .......... 38% 5.51M 0s
   400K .......... .......... .......... .......... .......... 43% 4.32M 0s
   450K .......... .......... .......... .......... .......... 48% 3.81M 0s
   500K .......... .......... .......... .......... .......... 53% 3.16M 0s
   550K .......... .......... .......... .......... .......... 57% 6.12M 0s
   600K .......... .......... .......... .......... .......... 62% 3.91M 0s
   650K .......... .......... .......... .......... .......... 67% 4.63M 0s
   700K .......... .......... .......... .......... .......... 72% 4.59M 0s
   750K .......... .......... .......... .......... .......... 77% 3.13M 0s
   800K .......... .......... .......... .......... .......... 81% 3.84M 0s
   850K .......... .......... .......... .......... .......... 86% 4.43M 0s
   900K .......... .......... .......... .......... .......... 91% 4.49M 0s
   950K .......... .......... .......... .......... .......... 96% 2.61M 0s
  1000K .......... .......... .......... .......              100% 7.66M=0.3s

2018-05-16 14:15:24 (3.66 MB/s) - ‘../data/deliveryimages.acm.org/10.1145/3190000/3186032/images/www2018-41-fig9.jpg’ saved [1062409/1062409]

FINISHED --2018-05-16 14:15:24--
Total wall clock time: 4.7s
Downloaded: 11 files, 8.1M in 2.3s (3.54 MB/s)
Converting links in ../data/delivery.acm.org/10.1145/3190000/3186032/p13-miao.html?ip=24.48.71.56&id=3186032&acc=OPENTOC&key=4D4702B0C3E38B35.4D4702B0C3E38B35.4D4702B0C3E38B35.4DD68F0663C025AA&__acm__=1526494819_1bb447e6d7d0475e836a9808f0535338... 105-0
Converted links in 1 files in 0.003 seconds.
