--2018-05-16 15:27:17--  http://delivery.acm.org/10.1145/3190000/3188724/p535-bourgeois.html?ip=24.48.71.56&id=3188724&acc=OPENTOC&key=4D4702B0C3E38B35%2E4D4702B0C3E38B35%2E4D4702B0C3E38B35%2E4DD68F0663C025AA&__acm__=1526499137_94ac6852b9c443dbff62da5df5908496
Resolving delivery.acm.org (delivery.acm.org)... 24.200.120.82, 24.200.120.90
Connecting to delivery.acm.org (delivery.acm.org)|24.200.120.82|:80... connected.
HTTP request sent, awaiting response... 200 OK
Length: 71835 (70K) [text/html]
Saving to: ‘../data/delivery.acm.org/10.1145/3190000/3188724/p535-bourgeois.html?ip=24.48.71.56&id=3188724&acc=OPENTOC&key=4D4702B0C3E38B35.4D4702B0C3E38B35.4D4702B0C3E38B35.4DD68F0663C025AA&__acm__=1526499137_94ac6852b9c443dbff62da5df5908496’

     0K .......... .......... .......... .......... .......... 71% 2.65M 0s
    50K .......... ..........                                 100% 2.84M=0.03s

2018-05-16 15:27:17 (2.70 MB/s) - ‘../data/delivery.acm.org/10.1145/3190000/3188724/p535-bourgeois.html?ip=24.48.71.56&id=3188724&acc=OPENTOC&key=4D4702B0C3E38B35.4D4702B0C3E38B35.4D4702B0C3E38B35.4DD68F0663C025AA&__acm__=1526499137_94ac6852b9c443dbff62da5df5908496’ saved [71835/71835]

--2018-05-16 15:27:17--  http://deliveryimages.acm.org/10.1145/3190000/3188724/images/www18companion-232-fig1.jpg
Resolving deliveryimages.acm.org (deliveryimages.acm.org)... 104.17.80.191, 104.17.79.191
Connecting to deliveryimages.acm.org (deliveryimages.acm.org)|104.17.80.191|:80... connected.
HTTP request sent, awaiting response... 301 Moved Permanently
Location: https://deliveryimages.acm.org/10.1145/3190000/3188724/images/www18companion-232-fig1.jpg [following]
--2018-05-16 15:27:17--  https://deliveryimages.acm.org/10.1145/3190000/3188724/images/www18companion-232-fig1.jpg
Connecting to deliveryimages.acm.org (deliveryimages.acm.org)|104.17.80.191|:443... connected.
HTTP request sent, awaiting response... 200 OK
Length: 108495 (106K) [image/jpeg]
Saving to: ‘../data/deliveryimages.acm.org/10.1145/3190000/3188724/images/www18companion-232-fig1.jpg’

     0K .......... .......... .......... .......... .......... 47% 1.42M 0s
    50K .......... .......... .......... .......... .......... 94% 2.74M 0s
   100K .....                                                 100%  114M=0.05s

2018-05-16 15:27:18 (1.98 MB/s) - ‘../data/deliveryimages.acm.org/10.1145/3190000/3188724/images/www18companion-232-fig1.jpg’ saved [108495/108495]

--2018-05-16 15:27:18--  http://deliveryimages.acm.org/10.1145/3190000/3188724/images/www18companion-232-fig2.jpg
Connecting to deliveryimages.acm.org (deliveryimages.acm.org)|104.17.80.191|:80... connected.
HTTP request sent, awaiting response... 301 Moved Permanently
Location: https://deliveryimages.acm.org/10.1145/3190000/3188724/images/www18companion-232-fig2.jpg [following]
--2018-05-16 15:27:18--  https://deliveryimages.acm.org/10.1145/3190000/3188724/images/www18companion-232-fig2.jpg
Connecting to deliveryimages.acm.org (deliveryimages.acm.org)|104.17.80.191|:443... connected.
HTTP request sent, awaiting response... 200 OK
Length: 113763 (111K) [image/jpeg]
Saving to: ‘../data/deliveryimages.acm.org/10.1145/3190000/3188724/images/www18companion-232-fig2.jpg’

     0K .......... .......... .......... .......... .......... 45% 1.24M 0s
    50K .......... .......... .......... .......... .......... 90% 3.72M 0s
   100K .......... .                                          100% 25.1M=0.05s

2018-05-16 15:27:18 (2.05 MB/s) - ‘../data/deliveryimages.acm.org/10.1145/3190000/3188724/images/www18companion-232-fig2.jpg’ saved [113763/113763]

--2018-05-16 15:27:18--  http://deliveryimages.acm.org/10.1145/3190000/3188724/images/www18companion-232-fig3.jpg
Connecting to deliveryimages.acm.org (deliveryimages.acm.org)|104.17.80.191|:80... connected.
HTTP request sent, awaiting response... 301 Moved Permanently
Location: https://deliveryimages.acm.org/10.1145/3190000/3188724/images/www18companion-232-fig3.jpg [following]
--2018-05-16 15:27:18--  https://deliveryimages.acm.org/10.1145/3190000/3188724/images/www18companion-232-fig3.jpg
Connecting to deliveryimages.acm.org (deliveryimages.acm.org)|104.17.80.191|:443... connected.
HTTP request sent, awaiting response... 200 OK
Length: 213480 (208K) [image/jpeg]
Saving to: ‘../data/deliveryimages.acm.org/10.1145/3190000/3188724/images/www18companion-232-fig3.jpg’

     0K .......... .......... .......... .......... .......... 23% 1.01M 0s
    50K .......... .......... .......... .......... .......... 47% 1.58M 0s
   100K .......... .......... .......... .......... .......... 71% 5.31M 0s
   150K .......... .......... .......... .......... .......... 95% 4.86M 0s
   200K ........                                              100% 6.85M=0.1s

2018-05-16 15:27:18 (2.04 MB/s) - ‘../data/deliveryimages.acm.org/10.1145/3190000/3188724/images/www18companion-232-fig3.jpg’ saved [213480/213480]

--2018-05-16 15:27:18--  http://deliveryimages.acm.org/10.1145/3190000/3188724/images/www18companion-232-fig4.jpg
Connecting to deliveryimages.acm.org (deliveryimages.acm.org)|104.17.80.191|:80... connected.
HTTP request sent, awaiting response... 301 Moved Permanently
Location: https://deliveryimages.acm.org/10.1145/3190000/3188724/images/www18companion-232-fig4.jpg [following]
--2018-05-16 15:27:18--  https://deliveryimages.acm.org/10.1145/3190000/3188724/images/www18companion-232-fig4.jpg
Connecting to deliveryimages.acm.org (deliveryimages.acm.org)|104.17.80.191|:443... connected.
HTTP request sent, awaiting response... 200 OK
Length: 118579 (116K) [image/jpeg]
Saving to: ‘../data/deliveryimages.acm.org/10.1145/3190000/3188724/images/www18companion-232-fig4.jpg’

     0K .......... .......... .......... .......... .......... 43% 1.72M 0s
    50K .......... .......... .......... .......... .......... 86% 3.30M 0s
   100K .......... .....                                      100% 8.54M=0.05s

2018-05-16 15:27:19 (2.51 MB/s) - ‘../data/deliveryimages.acm.org/10.1145/3190000/3188724/images/www18companion-232-fig4.jpg’ saved [118579/118579]

--2018-05-16 15:27:19--  http://deliveryimages.acm.org/10.1145/3190000/3188724/images/www18companion-232-fig5.jpg
Connecting to deliveryimages.acm.org (deliveryimages.acm.org)|104.17.80.191|:80... connected.
HTTP request sent, awaiting response... 301 Moved Permanently
Location: https://deliveryimages.acm.org/10.1145/3190000/3188724/images/www18companion-232-fig5.jpg [following]
--2018-05-16 15:27:19--  https://deliveryimages.acm.org/10.1145/3190000/3188724/images/www18companion-232-fig5.jpg
Connecting to deliveryimages.acm.org (deliveryimages.acm.org)|104.17.80.191|:443... connected.
HTTP request sent, awaiting response... 200 OK
Length: 219039 (214K) [image/jpeg]
Saving to: ‘../data/deliveryimages.acm.org/10.1145/3190000/3188724/images/www18companion-232-fig5.jpg’

     0K .......... .......... .......... .......... .......... 23% 1.25M 0s
    50K .......... .......... .......... .......... .......... 46% 2.67M 0s
   100K .......... .......... .......... .......... .......... 70% 4.29M 0s
   150K .......... .......... .......... .......... .......... 93% 4.62M 0s
   200K .......... ...                                        100% 5.09M=0.08s

2018-05-16 15:27:19 (2.55 MB/s) - ‘../data/deliveryimages.acm.org/10.1145/3190000/3188724/images/www18companion-232-fig5.jpg’ saved [219039/219039]

FINISHED --2018-05-16 15:27:19--
Total wall clock time: 1.8s
Downloaded: 6 files, 825K in 0.4s (2.26 MB/s)
Converting links in ../data/delivery.acm.org/10.1145/3190000/3188724/p535-bourgeois.html?ip=24.48.71.56&id=3188724&acc=OPENTOC&key=4D4702B0C3E38B35.4D4702B0C3E38B35.4D4702B0C3E38B35.4DD68F0663C025AA&__acm__=1526499137_94ac6852b9c443dbff62da5df5908496... 88-0
Converted links in 1 files in 0.002 seconds.
