--2018-05-16 15:05:11--  http://delivery.acm.org/10.1145/3200000/3191580/p1381-zanitti.html?ip=24.48.71.56&id=3191580&acc=OPENTOC&key=4D4702B0C3E38B35%2E4D4702B0C3E38B35%2E4D4702B0C3E38B35%2E4DD68F0663C025AA&__acm__=1526497810_a6e60b236fde9240bcbdfcfe82ebed3d
Resolving delivery.acm.org (delivery.acm.org)... 24.200.120.90, 24.200.120.82
Connecting to delivery.acm.org (delivery.acm.org)|24.200.120.90|:80... connected.
HTTP request sent, awaiting response... 200 OK
Length: 78136 (76K) [text/html]
Saving to: ‘../data/delivery.acm.org/10.1145/3200000/3191580/p1381-zanitti.html?ip=24.48.71.56&id=3191580&acc=OPENTOC&key=4D4702B0C3E38B35.4D4702B0C3E38B35.4D4702B0C3E38B35.4DD68F0663C025AA&__acm__=1526497810_a6e60b236fde9240bcbdfcfe82ebed3d’

     0K .......... .......... .......... .......... .......... 65% 2.14M 0s
    50K .......... .......... ......                          100% 6.58M=0.03s

2018-05-16 15:05:11 (2.79 MB/s) - ‘../data/delivery.acm.org/10.1145/3200000/3191580/p1381-zanitti.html?ip=24.48.71.56&id=3191580&acc=OPENTOC&key=4D4702B0C3E38B35.4D4702B0C3E38B35.4D4702B0C3E38B35.4DD68F0663C025AA&__acm__=1526497810_a6e60b236fde9240bcbdfcfe82ebed3d’ saved [78136/78136]

--2018-05-16 15:05:11--  http://deliveryimages.acm.org/10.1145/3200000/3191580/images/www18companion-319-fig1.jpg
Resolving deliveryimages.acm.org (deliveryimages.acm.org)... 104.17.79.191, 104.17.80.191
Connecting to deliveryimages.acm.org (deliveryimages.acm.org)|104.17.79.191|:80... connected.
HTTP request sent, awaiting response... 301 Moved Permanently
Location: https://deliveryimages.acm.org/10.1145/3200000/3191580/images/www18companion-319-fig1.jpg [following]
--2018-05-16 15:05:11--  https://deliveryimages.acm.org/10.1145/3200000/3191580/images/www18companion-319-fig1.jpg
Connecting to deliveryimages.acm.org (deliveryimages.acm.org)|104.17.79.191|:443... connected.
HTTP request sent, awaiting response... 200 OK
Length: 74512 (73K) [image/jpeg]
Saving to: ‘../data/deliveryimages.acm.org/10.1145/3200000/3191580/images/www18companion-319-fig1.jpg’

     0K .......... .......... .......... .......... .......... 68% 1.40M 0s
    50K .......... .......... ..                              100% 5.23M=0.04s

2018-05-16 15:05:11 (1.82 MB/s) - ‘../data/deliveryimages.acm.org/10.1145/3200000/3191580/images/www18companion-319-fig1.jpg’ saved [74512/74512]

--2018-05-16 15:05:11--  http://deliveryimages.acm.org/10.1145/3200000/3191580/images/www18companion-319-fig2.jpg
Connecting to deliveryimages.acm.org (deliveryimages.acm.org)|104.17.79.191|:80... connected.
HTTP request sent, awaiting response... 301 Moved Permanently
Location: https://deliveryimages.acm.org/10.1145/3200000/3191580/images/www18companion-319-fig2.jpg [following]
--2018-05-16 15:05:11--  https://deliveryimages.acm.org/10.1145/3200000/3191580/images/www18companion-319-fig2.jpg
Connecting to deliveryimages.acm.org (deliveryimages.acm.org)|104.17.79.191|:443... connected.
HTTP request sent, awaiting response... 200 OK
Length: 49131 (48K) [image/jpeg]
Saving to: ‘../data/deliveryimages.acm.org/10.1145/3200000/3191580/images/www18companion-319-fig2.jpg’

     0K .......... .......... .......... .......... .......   100% 1.78M=0.03s

2018-05-16 15:05:12 (1.78 MB/s) - ‘../data/deliveryimages.acm.org/10.1145/3200000/3191580/images/www18companion-319-fig2.jpg’ saved [49131/49131]

--2018-05-16 15:05:12--  http://deliveryimages.acm.org/10.1145/3200000/3191580/images/www18companion-319-fig3.jpg
Connecting to deliveryimages.acm.org (deliveryimages.acm.org)|104.17.79.191|:80... connected.
HTTP request sent, awaiting response... 301 Moved Permanently
Location: https://deliveryimages.acm.org/10.1145/3200000/3191580/images/www18companion-319-fig3.jpg [following]
--2018-05-16 15:05:12--  https://deliveryimages.acm.org/10.1145/3200000/3191580/images/www18companion-319-fig3.jpg
Connecting to deliveryimages.acm.org (deliveryimages.acm.org)|104.17.79.191|:443... connected.
HTTP request sent, awaiting response... 200 OK
Length: 32844 (32K) [image/jpeg]
Saving to: ‘../data/deliveryimages.acm.org/10.1145/3200000/3191580/images/www18companion-319-fig3.jpg’

     0K .......... .......... .......... ..                   100% 1.57M=0.02s

2018-05-16 15:05:12 (1.57 MB/s) - ‘../data/deliveryimages.acm.org/10.1145/3200000/3191580/images/www18companion-319-fig3.jpg’ saved [32844/32844]

--2018-05-16 15:05:12--  http://deliveryimages.acm.org/10.1145/3200000/3191580/images/www18companion-319-fig4.jpg
Connecting to deliveryimages.acm.org (deliveryimages.acm.org)|104.17.79.191|:80... connected.
HTTP request sent, awaiting response... 301 Moved Permanently
Location: https://deliveryimages.acm.org/10.1145/3200000/3191580/images/www18companion-319-fig4.jpg [following]
--2018-05-16 15:05:12--  https://deliveryimages.acm.org/10.1145/3200000/3191580/images/www18companion-319-fig4.jpg
Connecting to deliveryimages.acm.org (deliveryimages.acm.org)|104.17.79.191|:443... connected.
HTTP request sent, awaiting response... 200 OK
Length: 35906 (35K) [image/jpeg]
Saving to: ‘../data/deliveryimages.acm.org/10.1145/3200000/3191580/images/www18companion-319-fig4.jpg’

     0K .......... .......... .......... .....                100% 1.77M=0.02s

2018-05-16 15:05:12 (1.77 MB/s) - ‘../data/deliveryimages.acm.org/10.1145/3200000/3191580/images/www18companion-319-fig4.jpg’ saved [35906/35906]

--2018-05-16 15:05:12--  http://deliveryimages.acm.org/10.1145/3200000/3191580/images/www18companion-319-fig5.jpg
Connecting to deliveryimages.acm.org (deliveryimages.acm.org)|104.17.79.191|:80... connected.
HTTP request sent, awaiting response... 301 Moved Permanently
Location: https://deliveryimages.acm.org/10.1145/3200000/3191580/images/www18companion-319-fig5.jpg [following]
--2018-05-16 15:05:12--  https://deliveryimages.acm.org/10.1145/3200000/3191580/images/www18companion-319-fig5.jpg
Connecting to deliveryimages.acm.org (deliveryimages.acm.org)|104.17.79.191|:443... connected.
HTTP request sent, awaiting response... 200 OK
Length: 28618 (28K) [image/jpeg]
Saving to: ‘../data/deliveryimages.acm.org/10.1145/3200000/3191580/images/www18companion-319-fig5.jpg’

     0K .......... .......... .......                         100%  853K=0.03s

2018-05-16 15:05:12 (853 KB/s) - ‘../data/deliveryimages.acm.org/10.1145/3200000/3191580/images/www18companion-319-fig5.jpg’ saved [28618/28618]

--2018-05-16 15:05:12--  http://deliveryimages.acm.org/10.1145/3200000/3191580/images/www18companion-319-fig6.jpg
Connecting to deliveryimages.acm.org (deliveryimages.acm.org)|104.17.79.191|:80... connected.
HTTP request sent, awaiting response... 301 Moved Permanently
Location: https://deliveryimages.acm.org/10.1145/3200000/3191580/images/www18companion-319-fig6.jpg [following]
--2018-05-16 15:05:12--  https://deliveryimages.acm.org/10.1145/3200000/3191580/images/www18companion-319-fig6.jpg
Connecting to deliveryimages.acm.org (deliveryimages.acm.org)|104.17.79.191|:443... connected.
HTTP request sent, awaiting response... 200 OK
Length: 23838 (23K) [image/jpeg]
Saving to: ‘../data/deliveryimages.acm.org/10.1145/3200000/3191580/images/www18companion-319-fig6.jpg’

     0K .......... .......... ...                             100% 1.32M=0.02s

2018-05-16 15:05:13 (1.32 MB/s) - ‘../data/deliveryimages.acm.org/10.1145/3200000/3191580/images/www18companion-319-fig6.jpg’ saved [23838/23838]

--2018-05-16 15:05:13--  http://deliveryimages.acm.org/10.1145/3200000/3191580/images/www18companion-319-fig7.jpg
Connecting to deliveryimages.acm.org (deliveryimages.acm.org)|104.17.79.191|:80... connected.
HTTP request sent, awaiting response... 301 Moved Permanently
Location: https://deliveryimages.acm.org/10.1145/3200000/3191580/images/www18companion-319-fig7.jpg [following]
--2018-05-16 15:05:13--  https://deliveryimages.acm.org/10.1145/3200000/3191580/images/www18companion-319-fig7.jpg
Connecting to deliveryimages.acm.org (deliveryimages.acm.org)|104.17.79.191|:443... connected.
HTTP request sent, awaiting response... 200 OK
Length: 29767 (29K) [image/jpeg]
Saving to: ‘../data/deliveryimages.acm.org/10.1145/3200000/3191580/images/www18companion-319-fig7.jpg’

     0K .......... .......... .........                       100% 1.40M=0.02s

2018-05-16 15:05:13 (1.40 MB/s) - ‘../data/deliveryimages.acm.org/10.1145/3200000/3191580/images/www18companion-319-fig7.jpg’ saved [29767/29767]

--2018-05-16 15:05:13--  http://deliveryimages.acm.org/10.1145/3200000/3191580/images/www18companion-319-fig8.jpg
Connecting to deliveryimages.acm.org (deliveryimages.acm.org)|104.17.79.191|:80... connected.
HTTP request sent, awaiting response... 301 Moved Permanently
Location: https://deliveryimages.acm.org/10.1145/3200000/3191580/images/www18companion-319-fig8.jpg [following]
--2018-05-16 15:05:13--  https://deliveryimages.acm.org/10.1145/3200000/3191580/images/www18companion-319-fig8.jpg
Connecting to deliveryimages.acm.org (deliveryimages.acm.org)|104.17.79.191|:443... connected.
HTTP request sent, awaiting response... 200 OK
Length: 51774 (51K) [image/jpeg]
Saving to: ‘../data/deliveryimages.acm.org/10.1145/3200000/3191580/images/www18companion-319-fig8.jpg’

     0K .......... .......... .......... .......... .......... 98% 1.26M 0s
    50K                                                       100% 4.24M=0.04s

2018-05-16 15:05:13 (1.27 MB/s) - ‘../data/deliveryimages.acm.org/10.1145/3200000/3191580/images/www18companion-319-fig8.jpg’ saved [51774/51774]

--2018-05-16 15:05:13--  http://deliveryimages.acm.org/10.1145/3200000/3191580/images/www18companion-319-fig9.jpg
Connecting to deliveryimages.acm.org (deliveryimages.acm.org)|104.17.79.191|:80... connected.
HTTP request sent, awaiting response... 301 Moved Permanently
Location: https://deliveryimages.acm.org/10.1145/3200000/3191580/images/www18companion-319-fig9.jpg [following]
--2018-05-16 15:05:13--  https://deliveryimages.acm.org/10.1145/3200000/3191580/images/www18companion-319-fig9.jpg
Connecting to deliveryimages.acm.org (deliveryimages.acm.org)|104.17.79.191|:443... connected.
HTTP request sent, awaiting response... 200 OK
Length: 68282 (67K) [image/jpeg]
Saving to: ‘../data/deliveryimages.acm.org/10.1145/3200000/3191580/images/www18companion-319-fig9.jpg’

     0K .......... .......... .......... .......... .......... 74% 1.16M 0s
    50K .......... ......                                     100% 1.54M=0.05s

2018-05-16 15:05:14 (1.23 MB/s) - ‘../data/deliveryimages.acm.org/10.1145/3200000/3191580/images/www18companion-319-fig9.jpg’ saved [68282/68282]

--2018-05-16 15:05:14--  http://deliveryimages.acm.org/10.1145/3200000/3191580/images/www18companion-319-fig10.jpg
Connecting to deliveryimages.acm.org (deliveryimages.acm.org)|104.17.79.191|:80... connected.
HTTP request sent, awaiting response... 301 Moved Permanently
Location: https://deliveryimages.acm.org/10.1145/3200000/3191580/images/www18companion-319-fig10.jpg [following]
--2018-05-16 15:05:14--  https://deliveryimages.acm.org/10.1145/3200000/3191580/images/www18companion-319-fig10.jpg
Connecting to deliveryimages.acm.org (deliveryimages.acm.org)|104.17.79.191|:443... connected.
HTTP request sent, awaiting response... 200 OK
Length: 83948 (82K) [image/jpeg]
Saving to: ‘../data/deliveryimages.acm.org/10.1145/3200000/3191580/images/www18companion-319-fig10.jpg’

     0K .......... .......... .......... .......... .......... 60% 1.65M 0s
    50K .......... .......... .......... .                    100% 2.63M=0.04s

2018-05-16 15:05:14 (1.93 MB/s) - ‘../data/deliveryimages.acm.org/10.1145/3200000/3191580/images/www18companion-319-fig10.jpg’ saved [83948/83948]

FINISHED --2018-05-16 15:05:14--
Total wall clock time: 3.2s
Downloaded: 11 files, 544K in 0.3s (1.59 MB/s)
Converting links in ../data/delivery.acm.org/10.1145/3200000/3191580/p1381-zanitti.html?ip=24.48.71.56&id=3191580&acc=OPENTOC&key=4D4702B0C3E38B35.4D4702B0C3E38B35.4D4702B0C3E38B35.4DD68F0663C025AA&__acm__=1526497810_a6e60b236fde9240bcbdfcfe82ebed3d... 98-0
Converted links in 1 files in 0.004 seconds.
