--2018-05-16 14:35:52--  http://delivery.acm.org/10.1145/3190000/3186068/p1563-wu.html?ip=24.48.71.56&id=3186068&acc=OPENTOC&key=4D4702B0C3E38B35%2E4D4702B0C3E38B35%2E4D4702B0C3E38B35%2E4DD68F0663C025AA&__acm__=1526496051_6a0b64b5ea7a536440f2a9cf36360dea
Resolving delivery.acm.org (delivery.acm.org)... 24.200.120.82, 24.200.120.90
Connecting to delivery.acm.org (delivery.acm.org)|24.200.120.82|:80... connected.
HTTP request sent, awaiting response... 200 OK
Length: 86824 (85K) [text/html]
Saving to: ‘../data/delivery.acm.org/10.1145/3190000/3186068/p1563-wu.html?ip=24.48.71.56&id=3186068&acc=OPENTOC&key=4D4702B0C3E38B35.4D4702B0C3E38B35.4D4702B0C3E38B35.4DD68F0663C025AA&__acm__=1526496051_6a0b64b5ea7a536440f2a9cf36360dea’

     0K .......... .......... .......... .......... .......... 58% 1.39M 0s
    50K .......... .......... .......... ....                 100% 12.1M=0.04s

2018-05-16 14:35:52 (2.19 MB/s) - ‘../data/delivery.acm.org/10.1145/3190000/3186068/p1563-wu.html?ip=24.48.71.56&id=3186068&acc=OPENTOC&key=4D4702B0C3E38B35.4D4702B0C3E38B35.4D4702B0C3E38B35.4DD68F0663C025AA&__acm__=1526496051_6a0b64b5ea7a536440f2a9cf36360dea’ saved [86824/86824]

--2018-05-16 14:35:52--  http://deliveryimages.acm.org/10.1145/3190000/3186068/images/www2018-77-fig1.jpg
Resolving deliveryimages.acm.org (deliveryimages.acm.org)... 104.17.80.191, 104.17.79.191
Connecting to deliveryimages.acm.org (deliveryimages.acm.org)|104.17.80.191|:80... connected.
HTTP request sent, awaiting response... 301 Moved Permanently
Location: https://deliveryimages.acm.org/10.1145/3190000/3186068/images/www2018-77-fig1.jpg [following]
--2018-05-16 14:35:52--  https://deliveryimages.acm.org/10.1145/3190000/3186068/images/www2018-77-fig1.jpg
Connecting to deliveryimages.acm.org (deliveryimages.acm.org)|104.17.80.191|:443... connected.
HTTP request sent, awaiting response... 200 OK
Length: 18924 (18K) [image/jpeg]
Saving to: ‘../data/deliveryimages.acm.org/10.1145/3190000/3186068/images/www2018-77-fig1.jpg’

     0K .......... ........                                   100% 1.24M=0.01s

2018-05-16 14:35:52 (1.24 MB/s) - ‘../data/deliveryimages.acm.org/10.1145/3190000/3186068/images/www2018-77-fig1.jpg’ saved [18924/18924]

--2018-05-16 14:35:52--  http://deliveryimages.acm.org/10.1145/3190000/3186068/images/www2018-77-fig2.jpg
Connecting to deliveryimages.acm.org (deliveryimages.acm.org)|104.17.80.191|:80... connected.
HTTP request sent, awaiting response... 301 Moved Permanently
Location: https://deliveryimages.acm.org/10.1145/3190000/3186068/images/www2018-77-fig2.jpg [following]
--2018-05-16 14:35:52--  https://deliveryimages.acm.org/10.1145/3190000/3186068/images/www2018-77-fig2.jpg
Connecting to deliveryimages.acm.org (deliveryimages.acm.org)|104.17.80.191|:443... connected.
HTTP request sent, awaiting response... 200 OK
Length: 167029 (163K) [image/jpeg]
Saving to: ‘../data/deliveryimages.acm.org/10.1145/3190000/3186068/images/www2018-77-fig2.jpg’

     0K .......... .......... .......... .......... .......... 30% 1.35M 0s
    50K .......... .......... .......... .......... .......... 61% 2.72M 0s
   100K .......... .......... .......... .......... .......... 91% 2.51M 0s
   150K .......... ...                                        100% 16.7M=0.07s

2018-05-16 14:35:53 (2.14 MB/s) - ‘../data/deliveryimages.acm.org/10.1145/3190000/3186068/images/www2018-77-fig2.jpg’ saved [167029/167029]

--2018-05-16 14:35:53--  http://deliveryimages.acm.org/10.1145/3190000/3186068/images/www2018-77-fig3.jpg
Connecting to deliveryimages.acm.org (deliveryimages.acm.org)|104.17.80.191|:80... connected.
HTTP request sent, awaiting response... 301 Moved Permanently
Location: https://deliveryimages.acm.org/10.1145/3190000/3186068/images/www2018-77-fig3.jpg [following]
--2018-05-16 14:35:53--  https://deliveryimages.acm.org/10.1145/3190000/3186068/images/www2018-77-fig3.jpg
Connecting to deliveryimages.acm.org (deliveryimages.acm.org)|104.17.80.191|:443... connected.
HTTP request sent, awaiting response... 200 OK
Length: 120024 (117K) [image/jpeg]
Saving to: ‘../data/deliveryimages.acm.org/10.1145/3190000/3186068/images/www2018-77-fig3.jpg’

     0K .......... .......... .......... .......... .......... 42% 1.41M 0s
    50K .......... .......... .......... .......... .......... 85% 3.13M 0s
   100K .......... .......                                    100% 3.96M=0.05s

2018-05-16 14:35:53 (2.10 MB/s) - ‘../data/deliveryimages.acm.org/10.1145/3190000/3186068/images/www2018-77-fig3.jpg’ saved [120024/120024]

--2018-05-16 14:35:53--  http://deliveryimages.acm.org/10.1145/3190000/3186068/images/www2018-77-fig4.jpg
Connecting to deliveryimages.acm.org (deliveryimages.acm.org)|104.17.80.191|:80... connected.
HTTP request sent, awaiting response... 301 Moved Permanently
Location: https://deliveryimages.acm.org/10.1145/3190000/3186068/images/www2018-77-fig4.jpg [following]
--2018-05-16 14:35:53--  https://deliveryimages.acm.org/10.1145/3190000/3186068/images/www2018-77-fig4.jpg
Connecting to deliveryimages.acm.org (deliveryimages.acm.org)|104.17.80.191|:443... connected.
HTTP request sent, awaiting response... 200 OK
Length: 88521 (86K) [image/jpeg]
Saving to: ‘../data/deliveryimages.acm.org/10.1145/3190000/3186068/images/www2018-77-fig4.jpg’

     0K .......... .......... .......... .......... .......... 57%  938K 0s
    50K .......... .......... .......... ......               100% 3.15M=0.06s

2018-05-16 14:35:53 (1.31 MB/s) - ‘../data/deliveryimages.acm.org/10.1145/3190000/3186068/images/www2018-77-fig4.jpg’ saved [88521/88521]

--2018-05-16 14:35:53--  http://deliveryimages.acm.org/10.1145/3190000/3186068/images/www2018-77-fig5.jpg
Connecting to deliveryimages.acm.org (deliveryimages.acm.org)|104.17.80.191|:80... connected.
HTTP request sent, awaiting response... 301 Moved Permanently
Location: https://deliveryimages.acm.org/10.1145/3190000/3186068/images/www2018-77-fig5.jpg [following]
--2018-05-16 14:35:54--  https://deliveryimages.acm.org/10.1145/3190000/3186068/images/www2018-77-fig5.jpg
Connecting to deliveryimages.acm.org (deliveryimages.acm.org)|104.17.80.191|:443... connected.
HTTP request sent, awaiting response... 200 OK
Length: 105352 (103K) [image/jpeg]
Saving to: ‘../data/deliveryimages.acm.org/10.1145/3190000/3186068/images/www2018-77-fig5.jpg’

     0K .......... .......... .......... .......... .......... 48% 1.66M 0s
    50K .......... .......... .......... .......... .......... 97% 3.45M 0s
   100K ..                                                    100% 5499G=0.04s

2018-05-16 14:35:54 (2.30 MB/s) - ‘../data/deliveryimages.acm.org/10.1145/3190000/3186068/images/www2018-77-fig5.jpg’ saved [105352/105352]

--2018-05-16 14:35:54--  http://deliveryimages.acm.org/10.1145/3190000/3186068/images/www2018-77-fig6.jpg
Connecting to deliveryimages.acm.org (deliveryimages.acm.org)|104.17.80.191|:80... connected.
HTTP request sent, awaiting response... 301 Moved Permanently
Location: https://deliveryimages.acm.org/10.1145/3190000/3186068/images/www2018-77-fig6.jpg [following]
--2018-05-16 14:35:54--  https://deliveryimages.acm.org/10.1145/3190000/3186068/images/www2018-77-fig6.jpg
Connecting to deliveryimages.acm.org (deliveryimages.acm.org)|104.17.80.191|:443... connected.
HTTP request sent, awaiting response... 200 OK
Length: 20543 (20K) [image/jpeg]
Saving to: ‘../data/deliveryimages.acm.org/10.1145/3190000/3186068/images/www2018-77-fig6.jpg’

     0K .......... ..........                                 100% 1.30M=0.02s

2018-05-16 14:35:54 (1.30 MB/s) - ‘../data/deliveryimages.acm.org/10.1145/3190000/3186068/images/www2018-77-fig6.jpg’ saved [20543/20543]

FINISHED --2018-05-16 14:35:54--
Total wall clock time: 2.3s
Downloaded: 7 files, 593K in 0.3s (1.90 MB/s)
Converting links in ../data/delivery.acm.org/10.1145/3190000/3186068/p1563-wu.html?ip=24.48.71.56&id=3186068&acc=OPENTOC&key=4D4702B0C3E38B35.4D4702B0C3E38B35.4D4702B0C3E38B35.4DD68F0663C025AA&__acm__=1526496051_6a0b64b5ea7a536440f2a9cf36360dea... 85-0
Converted links in 1 files in 0.002 seconds.
