--2018-05-16 15:30:15--  http://delivery.acm.org/10.1145/3190000/3185970/p701-letz.html?ip=24.48.71.56&id=3185970&acc=OPENTOC&key=4D4702B0C3E38B35%2E4D4702B0C3E38B35%2E4D4702B0C3E38B35%2E4DD68F0663C025AA&__acm__=1526499314_d9b0099022409e5d39c02b7fe2d0e269
Resolving delivery.acm.org (delivery.acm.org)... 24.200.120.90, 24.200.120.82
Connecting to delivery.acm.org (delivery.acm.org)|24.200.120.90|:80... connected.
HTTP request sent, awaiting response... 200 OK
Length: 64468 (63K) [text/html]
Saving to: ‘../data/delivery.acm.org/10.1145/3190000/3185970/p701-letz.html?ip=24.48.71.56&id=3185970&acc=OPENTOC&key=4D4702B0C3E38B35.4D4702B0C3E38B35.4D4702B0C3E38B35.4DD68F0663C025AA&__acm__=1526499314_d9b0099022409e5d39c02b7fe2d0e269’

     0K .......... .......... .......... .......... .......... 79%  961K 0s
    50K .......... ..                                         100% 1.37M=0.06s

2018-05-16 15:30:16 (1.00 MB/s) - ‘../data/delivery.acm.org/10.1145/3190000/3185970/p701-letz.html?ip=24.48.71.56&id=3185970&acc=OPENTOC&key=4D4702B0C3E38B35.4D4702B0C3E38B35.4D4702B0C3E38B35.4DD68F0663C025AA&__acm__=1526499314_d9b0099022409e5d39c02b7fe2d0e269’ saved [64468/64468]

--2018-05-16 15:30:16--  http://deliveryimages.acm.org/10.1145/3190000/3185970/images/www18companion-31-fig1.jpg
Resolving deliveryimages.acm.org (deliveryimages.acm.org)... 104.17.80.191, 104.17.79.191
Connecting to deliveryimages.acm.org (deliveryimages.acm.org)|104.17.80.191|:80... connected.
HTTP request sent, awaiting response... 301 Moved Permanently
Location: https://deliveryimages.acm.org/10.1145/3190000/3185970/images/www18companion-31-fig1.jpg [following]
--2018-05-16 15:30:16--  https://deliveryimages.acm.org/10.1145/3190000/3185970/images/www18companion-31-fig1.jpg
Connecting to deliveryimages.acm.org (deliveryimages.acm.org)|104.17.80.191|:443... connected.
HTTP request sent, awaiting response... 200 OK
Length: 73169 (71K) [image/jpeg]
Saving to: ‘../data/deliveryimages.acm.org/10.1145/3190000/3185970/images/www18companion-31-fig1.jpg’

     0K .......... .......... .......... .......... .......... 69% 1.63M 0s
    50K .......... .......... .                               100% 2.58M=0.04s

2018-05-16 15:30:16 (1.83 MB/s) - ‘../data/deliveryimages.acm.org/10.1145/3190000/3185970/images/www18companion-31-fig1.jpg’ saved [73169/73169]

--2018-05-16 15:30:16--  http://deliveryimages.acm.org/10.1145/3190000/3185970/images/www18companion-31-fig2.jpg
Connecting to deliveryimages.acm.org (deliveryimages.acm.org)|104.17.80.191|:80... connected.
HTTP request sent, awaiting response... 301 Moved Permanently
Location: https://deliveryimages.acm.org/10.1145/3190000/3185970/images/www18companion-31-fig2.jpg [following]
--2018-05-16 15:30:16--  https://deliveryimages.acm.org/10.1145/3190000/3185970/images/www18companion-31-fig2.jpg
Connecting to deliveryimages.acm.org (deliveryimages.acm.org)|104.17.80.191|:443... connected.
HTTP request sent, awaiting response... 200 OK
Length: 396592 (387K) [image/jpeg]
Saving to: ‘../data/deliveryimages.acm.org/10.1145/3190000/3185970/images/www18companion-31-fig2.jpg’

     0K .......... .......... .......... .......... .......... 12% 1.59M 0s
    50K .......... .......... .......... .......... .......... 25% 2.19M 0s
   100K .......... .......... .......... .......... .......... 38% 5.01M 0s
   150K .......... .......... .......... .......... .......... 51% 3.90M 0s
   200K .......... .......... .......... .......... .......... 64% 3.71M 0s
   250K .......... .......... .......... .......... .......... 77% 3.74M 0s
   300K .......... .......... .......... .......... .......... 90% 8.80M 0s
   350K .......... .......... .......... .......              100% 4.54M=0.1s

2018-05-16 15:30:16 (3.29 MB/s) - ‘../data/deliveryimages.acm.org/10.1145/3190000/3185970/images/www18companion-31-fig2.jpg’ saved [396592/396592]

--2018-05-16 15:30:16--  http://deliveryimages.acm.org/10.1145/3190000/3185970/images/www18companion-31-fig3.jpg
Connecting to deliveryimages.acm.org (deliveryimages.acm.org)|104.17.80.191|:80... connected.
HTTP request sent, awaiting response... 301 Moved Permanently
Location: https://deliveryimages.acm.org/10.1145/3190000/3185970/images/www18companion-31-fig3.jpg [following]
--2018-05-16 15:30:16--  https://deliveryimages.acm.org/10.1145/3190000/3185970/images/www18companion-31-fig3.jpg
Connecting to deliveryimages.acm.org (deliveryimages.acm.org)|104.17.80.191|:443... connected.
HTTP request sent, awaiting response... 200 OK
Length: 83864 (82K) [image/jpeg]
Saving to: ‘../data/deliveryimages.acm.org/10.1145/3190000/3185970/images/www18companion-31-fig3.jpg’

     0K .......... .......... .......... .......... .......... 61%  743K 0s
    50K .......... .......... .......... .                    100% 1.95M=0.08s

2018-05-16 15:30:17 (984 KB/s) - ‘../data/deliveryimages.acm.org/10.1145/3190000/3185970/images/www18companion-31-fig3.jpg’ saved [83864/83864]

--2018-05-16 15:30:17--  http://deliveryimages.acm.org/10.1145/3190000/3185970/images/www18companion-31-fig4.jpg
Connecting to deliveryimages.acm.org (deliveryimages.acm.org)|104.17.80.191|:80... connected.
HTTP request sent, awaiting response... 301 Moved Permanently
Location: https://deliveryimages.acm.org/10.1145/3190000/3185970/images/www18companion-31-fig4.jpg [following]
--2018-05-16 15:30:17--  https://deliveryimages.acm.org/10.1145/3190000/3185970/images/www18companion-31-fig4.jpg
Connecting to deliveryimages.acm.org (deliveryimages.acm.org)|104.17.80.191|:443... connected.
HTTP request sent, awaiting response... 200 OK
Length: 531549 (519K) [image/jpeg]
Saving to: ‘../data/deliveryimages.acm.org/10.1145/3190000/3185970/images/www18companion-31-fig4.jpg’

     0K .......... .......... .......... .......... ..........  9% 1.27M 0s
    50K .......... .......... .......... .......... .......... 19% 1.82M 0s
   100K .......... .......... .......... .......... .......... 28% 2.07M 0s
   150K .......... .......... .......... .......... .......... 38% 2.68M 0s
   200K .......... .......... .......... .......... .......... 48% 4.72M 0s
   250K .......... .......... .......... .......... .......... 57% 3.24M 0s
   300K .......... .......... .......... .......... .......... 67% 9.64M 0s
   350K .......... .......... .......... .......... .......... 77% 2.35M 0s
   400K .......... .......... .......... .......... .......... 86% 6.66M 0s
   450K .......... .......... .......... .......... .......... 96% 6.30M 0s
   500K .......... .........                                  100% 67.2M=0.2s

2018-05-16 15:30:18 (2.92 MB/s) - ‘../data/deliveryimages.acm.org/10.1145/3190000/3185970/images/www18companion-31-fig4.jpg’ saved [531549/531549]

--2018-05-16 15:30:18--  http://deliveryimages.acm.org/10.1145/3190000/3185970/images/www18companion-31-fig5.jpg
Connecting to deliveryimages.acm.org (deliveryimages.acm.org)|104.17.80.191|:80... connected.
HTTP request sent, awaiting response... 301 Moved Permanently
Location: https://deliveryimages.acm.org/10.1145/3190000/3185970/images/www18companion-31-fig5.jpg [following]
--2018-05-16 15:30:18--  https://deliveryimages.acm.org/10.1145/3190000/3185970/images/www18companion-31-fig5.jpg
Connecting to deliveryimages.acm.org (deliveryimages.acm.org)|104.17.80.191|:443... connected.
HTTP request sent, awaiting response... 200 OK
Length: 73962 (72K) [image/jpeg]
Saving to: ‘../data/deliveryimages.acm.org/10.1145/3190000/3185970/images/www18companion-31-fig5.jpg’

     0K .......... .......... .......... .......... .......... 69% 1.14M 0s
    50K .......... .......... ..                              100% 3.84M=0.05s

2018-05-16 15:30:19 (1.45 MB/s) - ‘../data/deliveryimages.acm.org/10.1145/3190000/3185970/images/www18companion-31-fig5.jpg’ saved [73962/73962]

--2018-05-16 15:30:19--  http://deliveryimages.acm.org/10.1145/3190000/3185970/images/www18companion-31-fig6.jpg
Connecting to deliveryimages.acm.org (deliveryimages.acm.org)|104.17.80.191|:80... connected.
HTTP request sent, awaiting response... 301 Moved Permanently
Location: https://deliveryimages.acm.org/10.1145/3190000/3185970/images/www18companion-31-fig6.jpg [following]
--2018-05-16 15:30:19--  https://deliveryimages.acm.org/10.1145/3190000/3185970/images/www18companion-31-fig6.jpg
Connecting to deliveryimages.acm.org (deliveryimages.acm.org)|104.17.80.191|:443... connected.
HTTP request sent, awaiting response... 200 OK
Length: 58452 (57K) [image/jpeg]
Saving to: ‘../data/deliveryimages.acm.org/10.1145/3190000/3185970/images/www18companion-31-fig6.jpg’

     0K .......... .......... .......... .......... .......... 87% 1.54M 0s
    50K .......                                               100% 15.7M=0.03s

2018-05-16 15:30:19 (1.73 MB/s) - ‘../data/deliveryimages.acm.org/10.1145/3190000/3185970/images/www18companion-31-fig6.jpg’ saved [58452/58452]

--2018-05-16 15:30:19--  http://deliveryimages.acm.org/10.1145/3190000/3185970/images/www18companion-31-fig7.jpg
Connecting to deliveryimages.acm.org (deliveryimages.acm.org)|104.17.80.191|:80... connected.
HTTP request sent, awaiting response... 301 Moved Permanently
Location: https://deliveryimages.acm.org/10.1145/3190000/3185970/images/www18companion-31-fig7.jpg [following]
--2018-05-16 15:30:19--  https://deliveryimages.acm.org/10.1145/3190000/3185970/images/www18companion-31-fig7.jpg
Connecting to deliveryimages.acm.org (deliveryimages.acm.org)|104.17.80.191|:443... connected.
HTTP request sent, awaiting response... 200 OK
Length: 90582 (88K) [image/jpeg]
Saving to: ‘../data/deliveryimages.acm.org/10.1145/3190000/3185970/images/www18companion-31-fig7.jpg’

     0K .......... .......... .......... .......... .......... 56% 1.46M 0s
    50K .......... .......... .......... ........             100% 4.10M=0.04s

2018-05-16 15:30:19 (2.03 MB/s) - ‘../data/deliveryimages.acm.org/10.1145/3190000/3185970/images/www18companion-31-fig7.jpg’ saved [90582/90582]

--2018-05-16 15:30:19--  http://deliveryimages.acm.org/10.1145/3190000/3185970/images/www18companion-31-img1.jpg
Connecting to deliveryimages.acm.org (deliveryimages.acm.org)|104.17.80.191|:80... connected.
HTTP request sent, awaiting response... 301 Moved Permanently
Location: https://deliveryimages.acm.org/10.1145/3190000/3185970/images/www18companion-31-img1.jpg [following]
--2018-05-16 15:30:19--  https://deliveryimages.acm.org/10.1145/3190000/3185970/images/www18companion-31-img1.jpg
Connecting to deliveryimages.acm.org (deliveryimages.acm.org)|104.17.80.191|:443... connected.
HTTP request sent, awaiting response... 200 OK
Length: 28879 (28K) [image/jpeg]
Saving to: ‘../data/deliveryimages.acm.org/10.1145/3190000/3185970/images/www18companion-31-img1.jpg’

     0K .......... .......... ........                        100% 1.02M=0.03s

2018-05-16 15:30:20 (1.02 MB/s) - ‘../data/deliveryimages.acm.org/10.1145/3190000/3185970/images/www18companion-31-img1.jpg’ saved [28879/28879]

--2018-05-16 15:30:20--  http://deliveryimages.acm.org/10.1145/3190000/3185970/images/www18companion-31-img2.jpg
Connecting to deliveryimages.acm.org (deliveryimages.acm.org)|104.17.80.191|:80... connected.
HTTP request sent, awaiting response... 301 Moved Permanently
Location: https://deliveryimages.acm.org/10.1145/3190000/3185970/images/www18companion-31-img2.jpg [following]
--2018-05-16 15:30:20--  https://deliveryimages.acm.org/10.1145/3190000/3185970/images/www18companion-31-img2.jpg
Connecting to deliveryimages.acm.org (deliveryimages.acm.org)|104.17.80.191|:443... connected.
HTTP request sent, awaiting response... 200 OK
Length: 27185 (27K) [image/jpeg]
Saving to: ‘../data/deliveryimages.acm.org/10.1145/3190000/3185970/images/www18companion-31-img2.jpg’

     0K .......... .......... ......                          100%  951K=0.03s

2018-05-16 15:30:20 (951 KB/s) - ‘../data/deliveryimages.acm.org/10.1145/3190000/3185970/images/www18companion-31-img2.jpg’ saved [27185/27185]

--2018-05-16 15:30:20--  http://deliveryimages.acm.org/10.1145/3190000/3185970/images/www18companion-31-img3.jpg
Connecting to deliveryimages.acm.org (deliveryimages.acm.org)|104.17.80.191|:80... connected.
HTTP request sent, awaiting response... 301 Moved Permanently
Location: https://deliveryimages.acm.org/10.1145/3190000/3185970/images/www18companion-31-img3.jpg [following]
--2018-05-16 15:30:20--  https://deliveryimages.acm.org/10.1145/3190000/3185970/images/www18companion-31-img3.jpg
Connecting to deliveryimages.acm.org (deliveryimages.acm.org)|104.17.80.191|:443... connected.
HTTP request sent, awaiting response... 200 OK
Length: 37518 (37K) [image/jpeg]
Saving to: ‘../data/deliveryimages.acm.org/10.1145/3190000/3185970/images/www18companion-31-img3.jpg’

     0K .......... .......... .......... ......               100% 1.65M=0.02s

2018-05-16 15:30:20 (1.65 MB/s) - ‘../data/deliveryimages.acm.org/10.1145/3190000/3185970/images/www18companion-31-img3.jpg’ saved [37518/37518]

--2018-05-16 15:30:20--  http://deliveryimages.acm.org/10.1145/3190000/3185970/images/www18companion-31-fig8.jpg
Connecting to deliveryimages.acm.org (deliveryimages.acm.org)|104.17.80.191|:80... connected.
HTTP request sent, awaiting response... 301 Moved Permanently
Location: https://deliveryimages.acm.org/10.1145/3190000/3185970/images/www18companion-31-fig8.jpg [following]
--2018-05-16 15:30:20--  https://deliveryimages.acm.org/10.1145/3190000/3185970/images/www18companion-31-fig8.jpg
Connecting to deliveryimages.acm.org (deliveryimages.acm.org)|104.17.80.191|:443... connected.
HTTP request sent, awaiting response... 200 OK
Length: 51173 (50K) [image/jpeg]
Saving to: ‘../data/deliveryimages.acm.org/10.1145/3190000/3185970/images/www18companion-31-fig8.jpg’

     0K .......... .......... .......... .......... ......... 100% 1.77M=0.03s

2018-05-16 15:30:21 (1.77 MB/s) - ‘../data/deliveryimages.acm.org/10.1145/3190000/3185970/images/www18companion-31-fig8.jpg’ saved [51173/51173]

--2018-05-16 15:30:21--  http://deliveryimages.acm.org/10.1145/3190000/3185970/images/www18companion-31-fig9.jpg
Connecting to deliveryimages.acm.org (deliveryimages.acm.org)|104.17.80.191|:80... connected.
HTTP request sent, awaiting response... 301 Moved Permanently
Location: https://deliveryimages.acm.org/10.1145/3190000/3185970/images/www18companion-31-fig9.jpg [following]
--2018-05-16 15:30:21--  https://deliveryimages.acm.org/10.1145/3190000/3185970/images/www18companion-31-fig9.jpg
Connecting to deliveryimages.acm.org (deliveryimages.acm.org)|104.17.80.191|:443... connected.
HTTP request sent, awaiting response... 200 OK
Length: 86054 (84K) [image/jpeg]
Saving to: ‘../data/deliveryimages.acm.org/10.1145/3190000/3185970/images/www18companion-31-fig9.jpg’

     0K .......... .......... .......... .......... .......... 59% 1.30M 0s
    50K .......... .......... .......... ....                 100% 3.63M=0.05s

2018-05-16 15:30:21 (1.76 MB/s) - ‘../data/deliveryimages.acm.org/10.1145/3190000/3185970/images/www18companion-31-fig9.jpg’ saved [86054/86054]

--2018-05-16 15:30:21--  http://deliveryimages.acm.org/10.1145/3190000/3185970/images/www18companion-31-img4.jpg
Connecting to deliveryimages.acm.org (deliveryimages.acm.org)|104.17.80.191|:80... connected.
HTTP request sent, awaiting response... 301 Moved Permanently
Location: https://deliveryimages.acm.org/10.1145/3190000/3185970/images/www18companion-31-img4.jpg [following]
--2018-05-16 15:30:21--  https://deliveryimages.acm.org/10.1145/3190000/3185970/images/www18companion-31-img4.jpg
Connecting to deliveryimages.acm.org (deliveryimages.acm.org)|104.17.80.191|:443... connected.
HTTP request sent, awaiting response... 200 OK
Length: 28967 (28K) [image/jpeg]
Saving to: ‘../data/deliveryimages.acm.org/10.1145/3190000/3185970/images/www18companion-31-img4.jpg’

     0K .......... .......... ........                        100% 1009K=0.03s

2018-05-16 15:30:21 (1009 KB/s) - ‘../data/deliveryimages.acm.org/10.1145/3190000/3185970/images/www18companion-31-img4.jpg’ saved [28967/28967]

--2018-05-16 15:30:21--  http://deliveryimages.acm.org/10.1145/3190000/3185970/images/www18companion-31-img5.jpg
Connecting to deliveryimages.acm.org (deliveryimages.acm.org)|104.17.80.191|:80... connected.
HTTP request sent, awaiting response... 301 Moved Permanently
Location: https://deliveryimages.acm.org/10.1145/3190000/3185970/images/www18companion-31-img5.jpg [following]
--2018-05-16 15:30:21--  https://deliveryimages.acm.org/10.1145/3190000/3185970/images/www18companion-31-img5.jpg
Connecting to deliveryimages.acm.org (deliveryimages.acm.org)|104.17.80.191|:443... connected.
HTTP request sent, awaiting response... 200 OK
Length: 29574 (29K) [image/jpeg]
Saving to: ‘../data/deliveryimages.acm.org/10.1145/3190000/3185970/images/www18companion-31-img5.jpg’

     0K .......... .......... ........                        100% 1.09M=0.03s

2018-05-16 15:30:21 (1.09 MB/s) - ‘../data/deliveryimages.acm.org/10.1145/3190000/3185970/images/www18companion-31-img5.jpg’ saved [29574/29574]

--2018-05-16 15:30:21--  http://deliveryimages.acm.org/10.1145/3190000/3185970/images/www18companion-31-fig10.jpg
Connecting to deliveryimages.acm.org (deliveryimages.acm.org)|104.17.80.191|:80... connected.
HTTP request sent, awaiting response... 301 Moved Permanently
Location: https://deliveryimages.acm.org/10.1145/3190000/3185970/images/www18companion-31-fig10.jpg [following]
--2018-05-16 15:30:21--  https://deliveryimages.acm.org/10.1145/3190000/3185970/images/www18companion-31-fig10.jpg
Connecting to deliveryimages.acm.org (deliveryimages.acm.org)|104.17.80.191|:443... connected.
HTTP request sent, awaiting response... 200 OK
Length: 76364 (75K) [image/jpeg]
Saving to: ‘../data/deliveryimages.acm.org/10.1145/3190000/3185970/images/www18companion-31-fig10.jpg’

     0K .......... .......... .......... .......... .......... 67% 1.27M 0s
    50K .......... .......... ....                            100% 2.14M=0.05s

2018-05-16 15:30:22 (1.47 MB/s) - ‘../data/deliveryimages.acm.org/10.1145/3190000/3185970/images/www18companion-31-fig10.jpg’ saved [76364/76364]

--2018-05-16 15:30:22--  http://deliveryimages.acm.org/10.1145/3190000/3185970/images/www18companion-31-fig11.jpg
Connecting to deliveryimages.acm.org (deliveryimages.acm.org)|104.17.80.191|:80... connected.
HTTP request sent, awaiting response... 301 Moved Permanently
Location: https://deliveryimages.acm.org/10.1145/3190000/3185970/images/www18companion-31-fig11.jpg [following]
--2018-05-16 15:30:22--  https://deliveryimages.acm.org/10.1145/3190000/3185970/images/www18companion-31-fig11.jpg
Connecting to deliveryimages.acm.org (deliveryimages.acm.org)|104.17.80.191|:443... connected.
HTTP request sent, awaiting response... 200 OK
Length: 189413 (185K) [image/jpeg]
Saving to: ‘../data/deliveryimages.acm.org/10.1145/3190000/3185970/images/www18companion-31-fig11.jpg’

     0K .......... .......... .......... .......... .......... 27%  339K 0s
    50K .......... .......... .......... .......... .......... 54%  291K 0s
   100K .......... .......... .......... .......... .......... 81% 1.29M 0s
   150K .......... .......... .......... ....                 100% 2.38M=0.4s

2018-05-16 15:30:23 (497 KB/s) - ‘../data/deliveryimages.acm.org/10.1145/3190000/3185970/images/www18companion-31-fig11.jpg’ saved [189413/189413]

--2018-05-16 15:30:23--  http://deliveryimages.acm.org/10.1145/3190000/3185970/images/www18companion-31-fig12.jpg
Connecting to deliveryimages.acm.org (deliveryimages.acm.org)|104.17.80.191|:80... connected.
HTTP request sent, awaiting response... 301 Moved Permanently
Location: https://deliveryimages.acm.org/10.1145/3190000/3185970/images/www18companion-31-fig12.jpg [following]
--2018-05-16 15:30:23--  https://deliveryimages.acm.org/10.1145/3190000/3185970/images/www18companion-31-fig12.jpg
Connecting to deliveryimages.acm.org (deliveryimages.acm.org)|104.17.80.191|:443... connected.
HTTP request sent, awaiting response... 200 OK
Length: 274211 (268K) [image/jpeg]
Saving to: ‘../data/deliveryimages.acm.org/10.1145/3190000/3185970/images/www18companion-31-fig12.jpg’

     0K .......... .......... .......... .......... .......... 18% 1.73M 0s
    50K .......... .......... .......... .......... .......... 37% 3.20M 0s
   100K .......... .......... .......... .......... .......... 56% 1.48M 0s
   150K .......... .......... .......... .......... .......... 74% 3.78M 0s
   200K .......... .......... .......... .......... .......... 93% 1.78M 0s
   250K .......... .......                                    100% 8.12M=0.1s

2018-05-16 15:30:23 (2.20 MB/s) - ‘../data/deliveryimages.acm.org/10.1145/3190000/3185970/images/www18companion-31-fig12.jpg’ saved [274211/274211]

--2018-05-16 15:30:23--  http://deliveryimages.acm.org/10.1145/3190000/3185970/images/www18companion-31-fig13.jpg
Connecting to deliveryimages.acm.org (deliveryimages.acm.org)|104.17.80.191|:80... connected.
HTTP request sent, awaiting response... 301 Moved Permanently
Location: https://deliveryimages.acm.org/10.1145/3190000/3185970/images/www18companion-31-fig13.jpg [following]
--2018-05-16 15:30:23--  https://deliveryimages.acm.org/10.1145/3190000/3185970/images/www18companion-31-fig13.jpg
Connecting to deliveryimages.acm.org (deliveryimages.acm.org)|104.17.80.191|:443... connected.
HTTP request sent, awaiting response... 200 OK
Length: 148507 (145K) [image/jpeg]
Saving to: ‘../data/deliveryimages.acm.org/10.1145/3190000/3185970/images/www18companion-31-fig13.jpg’

     0K .......... .......... .......... .......... .......... 34% 1.66M 0s
    50K .......... .......... .......... .......... .......... 68% 3.36M 0s
   100K .......... .......... .......... .......... .....     100% 4.48M=0.05s

2018-05-16 15:30:23 (2.63 MB/s) - ‘../data/deliveryimages.acm.org/10.1145/3190000/3185970/images/www18companion-31-fig13.jpg’ saved [148507/148507]

--2018-05-16 15:30:23--  http://deliveryimages.acm.org/10.1145/3190000/3185970/images/www18companion-31-fig14.jpg
Connecting to deliveryimages.acm.org (deliveryimages.acm.org)|104.17.80.191|:80... connected.
HTTP request sent, awaiting response... 301 Moved Permanently
Location: https://deliveryimages.acm.org/10.1145/3190000/3185970/images/www18companion-31-fig14.jpg [following]
--2018-05-16 15:30:23--  https://deliveryimages.acm.org/10.1145/3190000/3185970/images/www18companion-31-fig14.jpg
Connecting to deliveryimages.acm.org (deliveryimages.acm.org)|104.17.80.191|:443... connected.
HTTP request sent, awaiting response... 200 OK
Length: 175167 (171K) [image/jpeg]
Saving to: ‘../data/deliveryimages.acm.org/10.1145/3190000/3185970/images/www18companion-31-fig14.jpg’

     0K .......... .......... .......... .......... .......... 29% 1.64M 0s
    50K .......... .......... .......... .......... .......... 58% 3.54M 0s
   100K .......... .......... .......... .......... .......... 87% 4.84M 0s
   150K .......... .......... .                               100% 3.66M=0.06s

2018-05-16 15:30:24 (2.82 MB/s) - ‘../data/deliveryimages.acm.org/10.1145/3190000/3185970/images/www18companion-31-fig14.jpg’ saved [175167/175167]

--2018-05-16 15:30:24--  http://deliveryimages.acm.org/10.1145/3190000/3185970/images/www18companion-31-fig15.jpg
Connecting to deliveryimages.acm.org (deliveryimages.acm.org)|104.17.80.191|:80... connected.
HTTP request sent, awaiting response... 301 Moved Permanently
Location: https://deliveryimages.acm.org/10.1145/3190000/3185970/images/www18companion-31-fig15.jpg [following]
--2018-05-16 15:30:24--  https://deliveryimages.acm.org/10.1145/3190000/3185970/images/www18companion-31-fig15.jpg
Connecting to deliveryimages.acm.org (deliveryimages.acm.org)|104.17.80.191|:443... connected.
HTTP request sent, awaiting response... 200 OK
Length: 137834 (135K) [image/jpeg]
Saving to: ‘../data/deliveryimages.acm.org/10.1145/3190000/3185970/images/www18companion-31-fig15.jpg’

     0K .......... .......... .......... .......... .......... 37% 1.68M 0s
    50K .......... .......... .......... .......... .......... 74% 3.03M 0s
   100K .......... .......... .......... ....                 100% 5.17M=0.05s

2018-05-16 15:30:24 (2.55 MB/s) - ‘../data/deliveryimages.acm.org/10.1145/3190000/3185970/images/www18companion-31-fig15.jpg’ saved [137834/137834]

--2018-05-16 15:30:24--  http://deliveryimages.acm.org/10.1145/3190000/3185970/images/www18companion-31-fig16.jpg
Connecting to deliveryimages.acm.org (deliveryimages.acm.org)|104.17.80.191|:80... connected.
HTTP request sent, awaiting response... 301 Moved Permanently
Location: https://deliveryimages.acm.org/10.1145/3190000/3185970/images/www18companion-31-fig16.jpg [following]
--2018-05-16 15:30:24--  https://deliveryimages.acm.org/10.1145/3190000/3185970/images/www18companion-31-fig16.jpg
Connecting to deliveryimages.acm.org (deliveryimages.acm.org)|104.17.80.191|:443... connected.
HTTP request sent, awaiting response... 200 OK
Length: 162511 (159K) [image/jpeg]
Saving to: ‘../data/deliveryimages.acm.org/10.1145/3190000/3185970/images/www18companion-31-fig16.jpg’

     0K .......... .......... .......... .......... .......... 31% 1.19M 0s
    50K .......... .......... .......... .......... .......... 63% 4.24M 0s
   100K .......... .......... .......... .......... .......... 94% 3.19M 0s
   150K ........                                              100% 11.6M=0.07s

2018-05-16 15:30:24 (2.26 MB/s) - ‘../data/deliveryimages.acm.org/10.1145/3190000/3185970/images/www18companion-31-fig16.jpg’ saved [162511/162511]

--2018-05-16 15:30:24--  http://deliveryimages.acm.org/10.1145/3190000/3185970/images/www18companion-31-fig17.jpg
Connecting to deliveryimages.acm.org (deliveryimages.acm.org)|104.17.80.191|:80... connected.
HTTP request sent, awaiting response... 301 Moved Permanently
Location: https://deliveryimages.acm.org/10.1145/3190000/3185970/images/www18companion-31-fig17.jpg [following]
--2018-05-16 15:30:24--  https://deliveryimages.acm.org/10.1145/3190000/3185970/images/www18companion-31-fig17.jpg
Connecting to deliveryimages.acm.org (deliveryimages.acm.org)|104.17.80.191|:443... connected.
HTTP request sent, awaiting response... 200 OK
Length: 163465 (160K) [image/jpeg]
Saving to: ‘../data/deliveryimages.acm.org/10.1145/3190000/3185970/images/www18companion-31-fig17.jpg’

     0K .......... .......... .......... .......... .......... 31% 1.39M 0s
    50K .......... .......... .......... .......... .......... 62% 3.48M 0s
   100K .......... .......... .......... .......... .......... 93% 3.16M 0s
   150K .........                                             100% 63.5M=0.06s

2018-05-16 15:30:25 (2.40 MB/s) - ‘../data/deliveryimages.acm.org/10.1145/3190000/3185970/images/www18companion-31-fig17.jpg’ saved [163465/163465]

--2018-05-16 15:30:25--  http://deliveryimages.acm.org/10.1145/3190000/3185970/images/www18companion-31-fig18.jpg
Connecting to deliveryimages.acm.org (deliveryimages.acm.org)|104.17.80.191|:80... connected.
HTTP request sent, awaiting response... 301 Moved Permanently
Location: https://deliveryimages.acm.org/10.1145/3190000/3185970/images/www18companion-31-fig18.jpg [following]
--2018-05-16 15:30:25--  https://deliveryimages.acm.org/10.1145/3190000/3185970/images/www18companion-31-fig18.jpg
Connecting to deliveryimages.acm.org (deliveryimages.acm.org)|104.17.80.191|:443... connected.
HTTP request sent, awaiting response... 200 OK
Length: 182957 (179K) [image/jpeg]
Saving to: ‘../data/deliveryimages.acm.org/10.1145/3190000/3185970/images/www18companion-31-fig18.jpg’

     0K .......... .......... .......... .......... .......... 27% 1.17M 0s
    50K .......... .......... .......... .......... .......... 55% 1.80M 0s
   100K .......... .......... .......... .......... .......... 83% 31.2M 0s
   150K .......... .......... ........                        100% 9.96M=0.07s

2018-05-16 15:30:25 (2.38 MB/s) - ‘../data/deliveryimages.acm.org/10.1145/3190000/3185970/images/www18companion-31-fig18.jpg’ saved [182957/182957]

--2018-05-16 15:30:25--  http://deliveryimages.acm.org/10.1145/3190000/3185970/images/www18companion-31-fig19.jpg
Connecting to deliveryimages.acm.org (deliveryimages.acm.org)|104.17.80.191|:80... connected.
HTTP request sent, awaiting response... 301 Moved Permanently
Location: https://deliveryimages.acm.org/10.1145/3190000/3185970/images/www18companion-31-fig19.jpg [following]
--2018-05-16 15:30:25--  https://deliveryimages.acm.org/10.1145/3190000/3185970/images/www18companion-31-fig19.jpg
Connecting to deliveryimages.acm.org (deliveryimages.acm.org)|104.17.80.191|:443... connected.
HTTP request sent, awaiting response... 200 OK
Length: 177762 (174K) [image/jpeg]
Saving to: ‘../data/deliveryimages.acm.org/10.1145/3190000/3185970/images/www18companion-31-fig19.jpg’

     0K .......... .......... .......... .......... .......... 28% 1.82M 0s
    50K .......... .......... .......... .......... .......... 57% 2.24M 0s
   100K .......... .......... .......... .......... .......... 86% 2.46M 0s
   150K .......... .......... ...                             100% 8.56M=0.07s

2018-05-16 15:30:25 (2.38 MB/s) - ‘../data/deliveryimages.acm.org/10.1145/3190000/3185970/images/www18companion-31-fig19.jpg’ saved [177762/177762]

FINISHED --2018-05-16 15:30:25--
Total wall clock time: 9.8s
Downloaded: 25 files, 3.2M in 1.8s (1.79 MB/s)
Converting links in ../data/delivery.acm.org/10.1145/3190000/3185970/p701-letz.html?ip=24.48.71.56&id=3185970&acc=OPENTOC&key=4D4702B0C3E38B35.4D4702B0C3E38B35.4D4702B0C3E38B35.4DD68F0663C025AA&__acm__=1526499314_d9b0099022409e5d39c02b7fe2d0e269... 117-0
Converted links in 1 files in 0.003 seconds.
