--2018-05-16 14:32:20--  http://delivery.acm.org/10.1145/3190000/3186046/p1409-chen.html?ip=24.48.71.56&id=3186046&acc=OPENTOC&key=4D4702B0C3E38B35%2E4D4702B0C3E38B35%2E4D4702B0C3E38B35%2E4DD68F0663C025AA&__acm__=1526495839_154bf860580a4264d7b90eb7a1e07726
Resolving delivery.acm.org (delivery.acm.org)... 24.200.120.82, 24.200.120.90
Connecting to delivery.acm.org (delivery.acm.org)|24.200.120.82|:80... connected.
HTTP request sent, awaiting response... 200 OK
Length: 87304 (85K) [text/html]
Saving to: ‘../data/delivery.acm.org/10.1145/3190000/3186046/p1409-chen.html?ip=24.48.71.56&id=3186046&acc=OPENTOC&key=4D4702B0C3E38B35.4D4702B0C3E38B35.4D4702B0C3E38B35.4DD68F0663C025AA&__acm__=1526495839_154bf860580a4264d7b90eb7a1e07726’

     0K .......... .......... .......... .......... .......... 58% 2.38M 0s
    50K .......... .......... .......... .....                100% 5.51M=0.03s

2018-05-16 14:32:20 (3.11 MB/s) - ‘../data/delivery.acm.org/10.1145/3190000/3186046/p1409-chen.html?ip=24.48.71.56&id=3186046&acc=OPENTOC&key=4D4702B0C3E38B35.4D4702B0C3E38B35.4D4702B0C3E38B35.4DD68F0663C025AA&__acm__=1526495839_154bf860580a4264d7b90eb7a1e07726’ saved [87304/87304]

--2018-05-16 14:32:20--  http://deliveryimages.acm.org/10.1145/3190000/3186046/images/www2018-55-fig1.jpg
Resolving deliveryimages.acm.org (deliveryimages.acm.org)... 104.17.79.191, 104.17.80.191
Connecting to deliveryimages.acm.org (deliveryimages.acm.org)|104.17.79.191|:80... connected.
HTTP request sent, awaiting response... 301 Moved Permanently
Location: https://deliveryimages.acm.org/10.1145/3190000/3186046/images/www2018-55-fig1.jpg [following]
--2018-05-16 14:32:20--  https://deliveryimages.acm.org/10.1145/3190000/3186046/images/www2018-55-fig1.jpg
Connecting to deliveryimages.acm.org (deliveryimages.acm.org)|104.17.79.191|:443... connected.
HTTP request sent, awaiting response... 200 OK
Length: 48555 (47K) [image/jpeg]
Saving to: ‘../data/deliveryimages.acm.org/10.1145/3190000/3186046/images/www2018-55-fig1.jpg’

     0K .......... .......... .......... .......... .......   100% 1.23M=0.04s

2018-05-16 14:32:20 (1.23 MB/s) - ‘../data/deliveryimages.acm.org/10.1145/3190000/3186046/images/www2018-55-fig1.jpg’ saved [48555/48555]

--2018-05-16 14:32:20--  http://deliveryimages.acm.org/10.1145/3190000/3186046/images/www2018-55-fig2.jpg
Connecting to deliveryimages.acm.org (deliveryimages.acm.org)|104.17.79.191|:80... connected.
HTTP request sent, awaiting response... 301 Moved Permanently
Location: https://deliveryimages.acm.org/10.1145/3190000/3186046/images/www2018-55-fig2.jpg [following]
--2018-05-16 14:32:20--  https://deliveryimages.acm.org/10.1145/3190000/3186046/images/www2018-55-fig2.jpg
Connecting to deliveryimages.acm.org (deliveryimages.acm.org)|104.17.79.191|:443... connected.
HTTP request sent, awaiting response... 200 OK
Length: 37316 (36K) [image/jpeg]
Saving to: ‘../data/deliveryimages.acm.org/10.1145/3190000/3186046/images/www2018-55-fig2.jpg’

     0K .......... .......... .......... ......               100% 1.64M=0.02s

2018-05-16 14:32:21 (1.64 MB/s) - ‘../data/deliveryimages.acm.org/10.1145/3190000/3186046/images/www2018-55-fig2.jpg’ saved [37316/37316]

--2018-05-16 14:32:21--  http://deliveryimages.acm.org/10.1145/3190000/3186046/images/www2018-55-img1.jpg
Connecting to deliveryimages.acm.org (deliveryimages.acm.org)|104.17.79.191|:80... connected.
HTTP request sent, awaiting response... 301 Moved Permanently
Location: https://deliveryimages.acm.org/10.1145/3190000/3186046/images/www2018-55-img1.jpg [following]
--2018-05-16 14:32:21--  https://deliveryimages.acm.org/10.1145/3190000/3186046/images/www2018-55-img1.jpg
Connecting to deliveryimages.acm.org (deliveryimages.acm.org)|104.17.79.191|:443... connected.
HTTP request sent, awaiting response... 200 OK
Length: 386408 (377K) [image/jpeg]
Saving to: ‘../data/deliveryimages.acm.org/10.1145/3190000/3186046/images/www2018-55-img1.jpg’

     0K .......... .......... .......... .......... .......... 13% 1.63M 0s
    50K .......... .......... .......... .......... .......... 26% 3.25M 0s
   100K .......... .......... .......... .......... .......... 39% 2.60M 0s
   150K .......... .......... .......... .......... .......... 53% 8.25M 0s
   200K .......... .......... .......... .......... .......... 66% 3.89M 0s
   250K .......... .......... .......... .......... .......... 79% 4.36M 0s
   300K .......... .......... .......... .......... .......... 92% 4.86M 0s
   350K .......... .......... .......                         100% 4.63M=0.1s

2018-05-16 14:32:21 (3.37 MB/s) - ‘../data/deliveryimages.acm.org/10.1145/3190000/3186046/images/www2018-55-img1.jpg’ saved [386408/386408]

--2018-05-16 14:32:21--  http://deliveryimages.acm.org/10.1145/3190000/3186046/images/www2018-55-fig3.jpg
Connecting to deliveryimages.acm.org (deliveryimages.acm.org)|104.17.79.191|:80... connected.
HTTP request sent, awaiting response... 301 Moved Permanently
Location: https://deliveryimages.acm.org/10.1145/3190000/3186046/images/www2018-55-fig3.jpg [following]
--2018-05-16 14:32:21--  https://deliveryimages.acm.org/10.1145/3190000/3186046/images/www2018-55-fig3.jpg
Connecting to deliveryimages.acm.org (deliveryimages.acm.org)|104.17.79.191|:443... connected.
HTTP request sent, awaiting response... 200 OK
Length: 187260 (183K) [image/jpeg]
Saving to: ‘../data/deliveryimages.acm.org/10.1145/3190000/3186046/images/www2018-55-fig3.jpg’

     0K .......... .......... .......... .......... .......... 27% 1.76M 0s
    50K .......... .......... .......... .......... .......... 54% 2.91M 0s
   100K .......... .......... .......... .......... .......... 82% 6.72M 0s
   150K .......... .......... .......... ..                   100% 3.52M=0.06s

2018-05-16 14:32:21 (2.93 MB/s) - ‘../data/deliveryimages.acm.org/10.1145/3190000/3186046/images/www2018-55-fig3.jpg’ saved [187260/187260]

--2018-05-16 14:32:21--  http://deliveryimages.acm.org/10.1145/3190000/3186046/images/www2018-55-fig4.jpg
Connecting to deliveryimages.acm.org (deliveryimages.acm.org)|104.17.79.191|:80... connected.
HTTP request sent, awaiting response... 301 Moved Permanently
Location: https://deliveryimages.acm.org/10.1145/3190000/3186046/images/www2018-55-fig4.jpg [following]
--2018-05-16 14:32:21--  https://deliveryimages.acm.org/10.1145/3190000/3186046/images/www2018-55-fig4.jpg
Connecting to deliveryimages.acm.org (deliveryimages.acm.org)|104.17.79.191|:443... connected.
HTTP request sent, awaiting response... 200 OK
Length: 285947 (279K) [image/jpeg]
Saving to: ‘../data/deliveryimages.acm.org/10.1145/3190000/3186046/images/www2018-55-fig4.jpg’

     0K .......... .......... .......... .......... .......... 17% 1.32M 0s
    50K .......... .......... .......... .......... .......... 35% 2.78M 0s
   100K .......... .......... .......... .......... .......... 53% 3.25M 0s
   150K .......... .......... .......... .......... .......... 71% 6.03M 0s
   200K .......... .......... .......... .......... .......... 89% 3.27M 0s
   250K .......... .......... .........                       100% 6.05M=0.1s

2018-05-16 14:32:22 (2.80 MB/s) - ‘../data/deliveryimages.acm.org/10.1145/3190000/3186046/images/www2018-55-fig4.jpg’ saved [285947/285947]

--2018-05-16 14:32:22--  http://deliveryimages.acm.org/10.1145/3190000/3186046/images/www2018-55-fig5.jpg
Connecting to deliveryimages.acm.org (deliveryimages.acm.org)|104.17.79.191|:80... connected.
HTTP request sent, awaiting response... 301 Moved Permanently
Location: https://deliveryimages.acm.org/10.1145/3190000/3186046/images/www2018-55-fig5.jpg [following]
--2018-05-16 14:32:22--  https://deliveryimages.acm.org/10.1145/3190000/3186046/images/www2018-55-fig5.jpg
Connecting to deliveryimages.acm.org (deliveryimages.acm.org)|104.17.79.191|:443... connected.
HTTP request sent, awaiting response... 200 OK
Length: 304656 (298K) [image/jpeg]
Saving to: ‘../data/deliveryimages.acm.org/10.1145/3190000/3186046/images/www2018-55-fig5.jpg’

     0K .......... .......... .......... .......... .......... 16% 1.39M 0s
    50K .......... .......... .......... .......... .......... 33% 3.13M 0s
   100K .......... .......... .......... .......... .......... 50% 4.60M 0s
   150K .......... .......... .......... .......... .......... 67% 4.36M 0s
   200K .......... .......... .......... .......... .......... 84% 2.10M 0s
   250K .......... .......... .......... .......... .......   100% 8.58M=0.1s

2018-05-16 14:32:22 (2.87 MB/s) - ‘../data/deliveryimages.acm.org/10.1145/3190000/3186046/images/www2018-55-fig5.jpg’ saved [304656/304656]

--2018-05-16 14:32:22--  http://deliveryimages.acm.org/10.1145/3190000/3186046/images/www2018-55-fig6.jpg
Connecting to deliveryimages.acm.org (deliveryimages.acm.org)|104.17.79.191|:80... connected.
HTTP request sent, awaiting response... 301 Moved Permanently
Location: https://deliveryimages.acm.org/10.1145/3190000/3186046/images/www2018-55-fig6.jpg [following]
--2018-05-16 14:32:22--  https://deliveryimages.acm.org/10.1145/3190000/3186046/images/www2018-55-fig6.jpg
Connecting to deliveryimages.acm.org (deliveryimages.acm.org)|104.17.79.191|:443... connected.
HTTP request sent, awaiting response... 200 OK
Length: 28603 (28K) [image/jpeg]
Saving to: ‘../data/deliveryimages.acm.org/10.1145/3190000/3186046/images/www2018-55-fig6.jpg’

     0K .......... .......... .......                         100% 1.26M=0.02s

2018-05-16 14:32:22 (1.26 MB/s) - ‘../data/deliveryimages.acm.org/10.1145/3190000/3186046/images/www2018-55-fig6.jpg’ saved [28603/28603]

--2018-05-16 14:32:22--  http://deliveryimages.acm.org/10.1145/3190000/3186046/images/www2018-55-fig7.jpg
Connecting to deliveryimages.acm.org (deliveryimages.acm.org)|104.17.79.191|:80... connected.
HTTP request sent, awaiting response... 301 Moved Permanently
Location: https://deliveryimages.acm.org/10.1145/3190000/3186046/images/www2018-55-fig7.jpg [following]
--2018-05-16 14:32:22--  https://deliveryimages.acm.org/10.1145/3190000/3186046/images/www2018-55-fig7.jpg
Connecting to deliveryimages.acm.org (deliveryimages.acm.org)|104.17.79.191|:443... connected.
HTTP request sent, awaiting response... 200 OK
Length: 20632 (20K) [image/jpeg]
Saving to: ‘../data/deliveryimages.acm.org/10.1145/3190000/3186046/images/www2018-55-fig7.jpg’

     0K .......... ..........                                 100% 1.01M=0.02s

2018-05-16 14:32:23 (1.01 MB/s) - ‘../data/deliveryimages.acm.org/10.1145/3190000/3186046/images/www2018-55-fig7.jpg’ saved [20632/20632]

--2018-05-16 14:32:23--  http://deliveryimages.acm.org/10.1145/3190000/3186046/ibase.site/scamedb
Connecting to deliveryimages.acm.org (deliveryimages.acm.org)|104.17.79.191|:80... connected.
HTTP request sent, awaiting response... 301 Moved Permanently
Location: https://deliveryimages.acm.org/10.1145/3190000/3186046/ibase.site/scamedb [following]
--2018-05-16 14:32:23--  https://deliveryimages.acm.org/10.1145/3190000/3186046/ibase.site/scamedb
Connecting to deliveryimages.acm.org (deliveryimages.acm.org)|104.17.79.191|:443... connected.
HTTP request sent, awaiting response... 403 Forbidden
2018-05-16 14:32:23 ERROR 403: Forbidden.

FINISHED --2018-05-16 14:32:23--
Total wall clock time: 3.0s
Downloaded: 9 files, 1.3M in 0.5s (2.67 MB/s)
Converting links in ../data/delivery.acm.org/10.1145/3190000/3186046/p1409-chen.html?ip=24.48.71.56&id=3186046&acc=OPENTOC&key=4D4702B0C3E38B35.4D4702B0C3E38B35.4D4702B0C3E38B35.4DD68F0663C025AA&__acm__=1526495839_154bf860580a4264d7b90eb7a1e07726... 127-0
Converted links in 1 files in 0.003 seconds.
