--2018-05-16 14:47:08--  http://delivery.acm.org/10.1145/3190000/3186971/p171-zhang.html?ip=24.48.71.56&id=3186971&acc=OPENTOC&key=4D4702B0C3E38B35%2E4D4702B0C3E38B35%2E4D4702B0C3E38B35%2E4DD68F0663C025AA&__acm__=1526496727_dcce85d59b63eff26ddbb7d702f3b764
Resolving delivery.acm.org (delivery.acm.org)... 24.200.120.90, 24.200.120.82
Connecting to delivery.acm.org (delivery.acm.org)|24.200.120.90|:80... connected.
HTTP request sent, awaiting response... 200 OK
Length: 32639 (32K) [text/html]
Saving to: ‘../data/delivery.acm.org/10.1145/3190000/3186971/p171-zhang.html?ip=24.48.71.56&id=3186971&acc=OPENTOC&key=4D4702B0C3E38B35.4D4702B0C3E38B35.4D4702B0C3E38B35.4DD68F0663C025AA&__acm__=1526496727_dcce85d59b63eff26ddbb7d702f3b764’

     0K .......... .......... .......... .                    100% 1.68M=0.02s

2018-05-16 14:47:08 (1.68 MB/s) - ‘../data/delivery.acm.org/10.1145/3190000/3186971/p171-zhang.html?ip=24.48.71.56&id=3186971&acc=OPENTOC&key=4D4702B0C3E38B35.4D4702B0C3E38B35.4D4702B0C3E38B35.4DD68F0663C025AA&__acm__=1526496727_dcce85d59b63eff26ddbb7d702f3b764’ saved [32639/32639]

--2018-05-16 14:47:08--  http://deliveryimages.acm.org/10.1145/3190000/3186971/images/www18companion-211-fig1.jpg
Resolving deliveryimages.acm.org (deliveryimages.acm.org)... 104.17.80.191, 104.17.79.191
Connecting to deliveryimages.acm.org (deliveryimages.acm.org)|104.17.80.191|:80... connected.
HTTP request sent, awaiting response... 301 Moved Permanently
Location: https://deliveryimages.acm.org/10.1145/3190000/3186971/images/www18companion-211-fig1.jpg [following]
--2018-05-16 14:47:09--  https://deliveryimages.acm.org/10.1145/3190000/3186971/images/www18companion-211-fig1.jpg
Connecting to deliveryimages.acm.org (deliveryimages.acm.org)|104.17.80.191|:443... connected.
HTTP request sent, awaiting response... 200 OK
Length: 479376 (468K) [image/jpeg]
Saving to: ‘../data/deliveryimages.acm.org/10.1145/3190000/3186971/images/www18companion-211-fig1.jpg’

     0K .......... .......... .......... .......... .......... 10% 1.75M 0s
    50K .......... .......... .......... .......... .......... 21% 2.95M 0s
   100K .......... .......... .......... .......... .......... 32% 3.05M 0s
   150K .......... .......... .......... .......... .......... 42% 4.08M 0s
   200K .......... .......... .......... .......... .......... 53% 5.35M 0s
   250K .......... .......... .......... .......... .......... 64% 4.69M 0s
   300K .......... .......... .......... .......... .......... 74% 3.69M 0s
   350K .......... .......... .......... .......... .......... 85% 3.18M 0s
   400K .......... .......... .......... .......... .......... 96% 3.55M 0s
   450K .......... ........                                   100% 78.4M=0.1s

2018-05-16 14:47:09 (3.40 MB/s) - ‘../data/deliveryimages.acm.org/10.1145/3190000/3186971/images/www18companion-211-fig1.jpg’ saved [479376/479376]

--2018-05-16 14:47:09--  http://deliveryimages.acm.org/10.1145/3190000/3186971/images/www18companion-211-fig2.jpg
Connecting to deliveryimages.acm.org (deliveryimages.acm.org)|104.17.80.191|:80... connected.
HTTP request sent, awaiting response... 301 Moved Permanently
Location: https://deliveryimages.acm.org/10.1145/3190000/3186971/images/www18companion-211-fig2.jpg [following]
--2018-05-16 14:47:09--  https://deliveryimages.acm.org/10.1145/3190000/3186971/images/www18companion-211-fig2.jpg
Connecting to deliveryimages.acm.org (deliveryimages.acm.org)|104.17.80.191|:443... connected.
HTTP request sent, awaiting response... 200 OK
Length: 416898 (407K) [image/jpeg]
Saving to: ‘../data/deliveryimages.acm.org/10.1145/3190000/3186971/images/www18companion-211-fig2.jpg’

     0K .......... .......... .......... .......... .......... 12% 91.4K 4s
    50K .......... .......... .......... .......... .......... 24% 88.4K 3s
   100K .......... .......... .......... .......... .......... 36%  488K 2s
   150K .......... .......... .......... .......... .......... 49% 76.8K 2s
   200K .......... .......... .......... .......... .......... 61%  156K 1s
   250K .......... .......... .......... .......... .......... 73% 66.1K 1s
   300K .......... .......... .......... .......... .......... 85% 55.2K 1s
   350K .......... .......... .......... .......... .......... 98% 2.50M 0s
   400K .......                                               100% 57.5M=3.9s

2018-05-16 14:47:14 (105 KB/s) - ‘../data/deliveryimages.acm.org/10.1145/3190000/3186971/images/www18companion-211-fig2.jpg’ saved [416898/416898]

--2018-05-16 14:47:14--  http://deliveryimages.acm.org/10.1145/3190000/3186971/images/www18companion-211-fig3.jpg
Connecting to deliveryimages.acm.org (deliveryimages.acm.org)|104.17.80.191|:80... connected.
HTTP request sent, awaiting response... 301 Moved Permanently
Location: https://deliveryimages.acm.org/10.1145/3190000/3186971/images/www18companion-211-fig3.jpg [following]
--2018-05-16 14:47:14--  https://deliveryimages.acm.org/10.1145/3190000/3186971/images/www18companion-211-fig3.jpg
Connecting to deliveryimages.acm.org (deliveryimages.acm.org)|104.17.80.191|:443... connected.
HTTP request sent, awaiting response... 200 OK
Length: 375870 (367K) [image/jpeg]
Saving to: ‘../data/deliveryimages.acm.org/10.1145/3190000/3186971/images/www18companion-211-fig3.jpg’

     0K .......... .......... .......... .......... .......... 13% 1.70M 0s
    50K .......... .......... .......... .......... .......... 27% 3.13M 0s
   100K .......... .......... .......... .......... .......... 40% 4.04M 0s
   150K .......... .......... .......... .......... .......... 54% 4.19M 0s
   200K .......... .......... .......... .......... .......... 68% 2.93M 0s
   250K .......... .......... .......... .......... .......... 81% 6.17M 0s
   300K .......... .......... .......... .......... .......... 95% 4.10M 0s
   350K .......... .......                                    100% 5.23M=0.1s

2018-05-16 14:47:14 (3.33 MB/s) - ‘../data/deliveryimages.acm.org/10.1145/3190000/3186971/images/www18companion-211-fig3.jpg’ saved [375870/375870]

--2018-05-16 14:47:14--  http://deliveryimages.acm.org/10.1145/3190000/3186971/images/www18companion-211-fig4.jpg
Connecting to deliveryimages.acm.org (deliveryimages.acm.org)|104.17.80.191|:80... connected.
HTTP request sent, awaiting response... 301 Moved Permanently
Location: https://deliveryimages.acm.org/10.1145/3190000/3186971/images/www18companion-211-fig4.jpg [following]
--2018-05-16 14:47:15--  https://deliveryimages.acm.org/10.1145/3190000/3186971/images/www18companion-211-fig4.jpg
Connecting to deliveryimages.acm.org (deliveryimages.acm.org)|104.17.80.191|:443... connected.
HTTP request sent, awaiting response... 200 OK
Length: 255982 (250K) [image/jpeg]
Saving to: ‘../data/deliveryimages.acm.org/10.1145/3190000/3186971/images/www18companion-211-fig4.jpg’

     0K .......... .......... .......... .......... .......... 20%  169K 1s
    50K .......... .......... .......... .......... .......... 40%  272K 1s
   100K .......... .......... .......... .......... .......... 60% 55.3K 1s
   150K .......... .......... .......... .......... .......... 80%  145K 0s
   200K .......... .......... .......... .......... ......... 100% 68.5K=2.5s

2018-05-16 14:47:17 (102 KB/s) - ‘../data/deliveryimages.acm.org/10.1145/3190000/3186971/images/www18companion-211-fig4.jpg’ saved [255982/255982]

--2018-05-16 14:47:17--  http://deliveryimages.acm.org/10.1145/3190000/3186971/images/www18companion-211-fig5.jpg
Connecting to deliveryimages.acm.org (deliveryimages.acm.org)|104.17.80.191|:80... connected.
HTTP request sent, awaiting response... 301 Moved Permanently
Location: https://deliveryimages.acm.org/10.1145/3190000/3186971/images/www18companion-211-fig5.jpg [following]
--2018-05-16 14:47:17--  https://deliveryimages.acm.org/10.1145/3190000/3186971/images/www18companion-211-fig5.jpg
Connecting to deliveryimages.acm.org (deliveryimages.acm.org)|104.17.80.191|:443... connected.
HTTP request sent, awaiting response... 200 OK
Length: 256317 (250K) [image/jpeg]
Saving to: ‘../data/deliveryimages.acm.org/10.1145/3190000/3186971/images/www18companion-211-fig5.jpg’

     0K .......... .......... .......... .......... .......... 19%  436K 0s
    50K .......... .......... .......... .......... .......... 39%  150K 1s
   100K .......... .......... .......... .......... .......... 59% 77.0K 1s
   150K .......... .......... .......... .......... .......... 79% 77.0K 0s
   200K .......... .......... .......... .......... .......... 99%  134K 0s
   250K                                                       100%  590G=2.1s

2018-05-16 14:47:21 (118 KB/s) - ‘../data/deliveryimages.acm.org/10.1145/3190000/3186971/images/www18companion-211-fig5.jpg’ saved [256317/256317]

FINISHED --2018-05-16 14:47:21--
Total wall clock time: 13s
Downloaded: 6 files, 1.7M in 8.7s (204 KB/s)
Converting links in ../data/delivery.acm.org/10.1145/3190000/3186971/p171-zhang.html?ip=24.48.71.56&id=3186971&acc=OPENTOC&key=4D4702B0C3E38B35.4D4702B0C3E38B35.4D4702B0C3E38B35.4DD68F0663C025AA&__acm__=1526496727_dcce85d59b63eff26ddbb7d702f3b764... 33-0
Converted links in 1 files in 0.001 seconds.
