--2018-05-16 14:17:28--  http://delivery.acm.org/10.1145/3190000/3185993/p157-li.html?ip=24.48.71.56&id=3185993&acc=OPENTOC&key=4D4702B0C3E38B35%2E4D4702B0C3E38B35%2E4D4702B0C3E38B35%2E4DD68F0663C025AA&__acm__=1526494948_35fd5ea52f5b1f0c126ad89e142fb5ac
Resolving delivery.acm.org (delivery.acm.org)... 24.200.120.90, 24.200.120.82
Connecting to delivery.acm.org (delivery.acm.org)|24.200.120.90|:80... connected.
HTTP request sent, awaiting response... 200 OK
Length: 112519 (110K) [text/html]
Saving to: ‘../data/delivery.acm.org/10.1145/3190000/3185993/p157-li.html?ip=24.48.71.56&id=3185993&acc=OPENTOC&key=4D4702B0C3E38B35.4D4702B0C3E38B35.4D4702B0C3E38B35.4DD68F0663C025AA&__acm__=1526494948_35fd5ea52f5b1f0c126ad89e142fb5ac’

     0K .......... .......... .......... .......... .......... 45% 1.77M 0s
    50K .......... .......... .......... .......... .......... 91% 4.31M 0s
   100K .........                                             100% 27.3M=0.04s

2018-05-16 14:17:28 (2.73 MB/s) - ‘../data/delivery.acm.org/10.1145/3190000/3185993/p157-li.html?ip=24.48.71.56&id=3185993&acc=OPENTOC&key=4D4702B0C3E38B35.4D4702B0C3E38B35.4D4702B0C3E38B35.4DD68F0663C025AA&__acm__=1526494948_35fd5ea52f5b1f0c126ad89e142fb5ac’ saved [112519/112519]

--2018-05-16 14:17:28--  http://deliveryimages.acm.org/10.1145/3190000/3185993/images/www2018-2-fig1.jpg
Resolving deliveryimages.acm.org (deliveryimages.acm.org)... 104.17.79.191, 104.17.80.191
Connecting to deliveryimages.acm.org (deliveryimages.acm.org)|104.17.79.191|:80... connected.
HTTP request sent, awaiting response... 301 Moved Permanently
Location: https://deliveryimages.acm.org/10.1145/3190000/3185993/images/www2018-2-fig1.jpg [following]
--2018-05-16 14:17:28--  https://deliveryimages.acm.org/10.1145/3190000/3185993/images/www2018-2-fig1.jpg
Connecting to deliveryimages.acm.org (deliveryimages.acm.org)|104.17.79.191|:443... connected.
HTTP request sent, awaiting response... 200 OK
Length: 76667 (75K) [image/jpeg]
Saving to: ‘../data/deliveryimages.acm.org/10.1145/3190000/3185993/images/www2018-2-fig1.jpg’

     0K .......... .......... .......... .......... .......... 66% 1.18M 0s
    50K .......... .......... ....                            100% 4.85M=0.05s

2018-05-16 14:17:29 (1.58 MB/s) - ‘../data/deliveryimages.acm.org/10.1145/3190000/3185993/images/www2018-2-fig1.jpg’ saved [76667/76667]

--2018-05-16 14:17:29--  http://deliveryimages.acm.org/10.1145/3190000/3185993/images/www2018-2-fig2.jpg
Connecting to deliveryimages.acm.org (deliveryimages.acm.org)|104.17.79.191|:80... connected.
HTTP request sent, awaiting response... 301 Moved Permanently
Location: https://deliveryimages.acm.org/10.1145/3190000/3185993/images/www2018-2-fig2.jpg [following]
--2018-05-16 14:17:29--  https://deliveryimages.acm.org/10.1145/3190000/3185993/images/www2018-2-fig2.jpg
Connecting to deliveryimages.acm.org (deliveryimages.acm.org)|104.17.79.191|:443... connected.
HTTP request sent, awaiting response... 200 OK
Length: 28879 (28K) [image/jpeg]
Saving to: ‘../data/deliveryimages.acm.org/10.1145/3190000/3185993/images/www2018-2-fig2.jpg’

     0K .......... .......... ........                        100% 1.44M=0.02s

2018-05-16 14:17:29 (1.44 MB/s) - ‘../data/deliveryimages.acm.org/10.1145/3190000/3185993/images/www2018-2-fig2.jpg’ saved [28879/28879]

--2018-05-16 14:17:29--  http://deliveryimages.acm.org/10.1145/3190000/3185993/images/www2018-2-img1.svg
Connecting to deliveryimages.acm.org (deliveryimages.acm.org)|104.17.79.191|:80... connected.
HTTP request sent, awaiting response... 301 Moved Permanently
Location: https://deliveryimages.acm.org/10.1145/3190000/3185993/images/www2018-2-img1.svg [following]
--2018-05-16 14:17:29--  https://deliveryimages.acm.org/10.1145/3190000/3185993/images/www2018-2-img1.svg
Connecting to deliveryimages.acm.org (deliveryimages.acm.org)|104.17.79.191|:443... connected.
HTTP request sent, awaiting response... 200 OK
Length: 122133 (119K) [image/svg+xml]
Saving to: ‘../data/deliveryimages.acm.org/10.1145/3190000/3185993/images/www2018-2-img1.svg’

     0K .......... .......... .......... .......... .......... 41% 1.52M 0s
    50K .......... .......... .......... .......... .......... 83% 2.41M 0s
   100K .......... .........                                  100% 3.86M=0.06s

2018-05-16 14:17:29 (2.04 MB/s) - ‘../data/deliveryimages.acm.org/10.1145/3190000/3185993/images/www2018-2-img1.svg’ saved [122133/122133]

--2018-05-16 14:17:29--  http://deliveryimages.acm.org/10.1145/3190000/3185993/images/www2018-2-fig3.jpg
Connecting to deliveryimages.acm.org (deliveryimages.acm.org)|104.17.79.191|:80... connected.
HTTP request sent, awaiting response... 301 Moved Permanently
Location: https://deliveryimages.acm.org/10.1145/3190000/3185993/images/www2018-2-fig3.jpg [following]
--2018-05-16 14:17:29--  https://deliveryimages.acm.org/10.1145/3190000/3185993/images/www2018-2-fig3.jpg
Connecting to deliveryimages.acm.org (deliveryimages.acm.org)|104.17.79.191|:443... connected.
HTTP request sent, awaiting response... 200 OK
Length: 67968 (66K) [image/jpeg]
Saving to: ‘../data/deliveryimages.acm.org/10.1145/3190000/3185993/images/www2018-2-fig3.jpg’

     0K .......... .......... .......... .......... .......... 75% 1.53M 0s
    50K .......... ......                                     100% 14.6M=0.03s

2018-05-16 14:17:29 (1.96 MB/s) - ‘../data/deliveryimages.acm.org/10.1145/3190000/3185993/images/www2018-2-fig3.jpg’ saved [67968/67968]

--2018-05-16 14:17:29--  http://deliveryimages.acm.org/10.1145/3190000/3185993/images/www2018-2-fig4.jpg
Connecting to deliveryimages.acm.org (deliveryimages.acm.org)|104.17.79.191|:80... connected.
HTTP request sent, awaiting response... 301 Moved Permanently
Location: https://deliveryimages.acm.org/10.1145/3190000/3185993/images/www2018-2-fig4.jpg [following]
--2018-05-16 14:17:29--  https://deliveryimages.acm.org/10.1145/3190000/3185993/images/www2018-2-fig4.jpg
Connecting to deliveryimages.acm.org (deliveryimages.acm.org)|104.17.79.191|:443... connected.
HTTP request sent, awaiting response... 200 OK
Length: 75407 (74K) [image/jpeg]
Saving to: ‘../data/deliveryimages.acm.org/10.1145/3190000/3185993/images/www2018-2-fig4.jpg’

     0K .......... .......... .......... .......... .......... 67% 1.94M 0s
    50K .......... .......... ...                             100% 3.98M=0.03s

2018-05-16 14:17:30 (2.32 MB/s) - ‘../data/deliveryimages.acm.org/10.1145/3190000/3185993/images/www2018-2-fig4.jpg’ saved [75407/75407]

--2018-05-16 14:17:30--  http://deliveryimages.acm.org/10.1145/3190000/3185993/images/www2018-2-fig5.jpg
Connecting to deliveryimages.acm.org (deliveryimages.acm.org)|104.17.79.191|:80... connected.
HTTP request sent, awaiting response... 301 Moved Permanently
Location: https://deliveryimages.acm.org/10.1145/3190000/3185993/images/www2018-2-fig5.jpg [following]
--2018-05-16 14:17:30--  https://deliveryimages.acm.org/10.1145/3190000/3185993/images/www2018-2-fig5.jpg
Connecting to deliveryimages.acm.org (deliveryimages.acm.org)|104.17.79.191|:443... connected.
HTTP request sent, awaiting response... 200 OK
Length: 49205 (48K) [image/jpeg]
Saving to: ‘../data/deliveryimages.acm.org/10.1145/3190000/3185993/images/www2018-2-fig5.jpg’

     0K .......... .......... .......... .......... ........  100% 1.17M=0.04s

2018-05-16 14:17:30 (1.17 MB/s) - ‘../data/deliveryimages.acm.org/10.1145/3190000/3185993/images/www2018-2-fig5.jpg’ saved [49205/49205]

--2018-05-16 14:17:30--  http://deliveryimages.acm.org/10.1145/3190000/3185993/images/www2018-2-fig6.jpg
Connecting to deliveryimages.acm.org (deliveryimages.acm.org)|104.17.79.191|:80... connected.
HTTP request sent, awaiting response... 301 Moved Permanently
Location: https://deliveryimages.acm.org/10.1145/3190000/3185993/images/www2018-2-fig6.jpg [following]
--2018-05-16 14:17:30--  https://deliveryimages.acm.org/10.1145/3190000/3185993/images/www2018-2-fig6.jpg
Connecting to deliveryimages.acm.org (deliveryimages.acm.org)|104.17.79.191|:443... connected.
HTTP request sent, awaiting response... 200 OK
Length: 49933 (49K) [image/jpeg]
Saving to: ‘../data/deliveryimages.acm.org/10.1145/3190000/3185993/images/www2018-2-fig6.jpg’

     0K .......... .......... .......... .......... ........  100% 1.67M=0.03s

2018-05-16 14:17:30 (1.67 MB/s) - ‘../data/deliveryimages.acm.org/10.1145/3190000/3185993/images/www2018-2-fig6.jpg’ saved [49933/49933]

--2018-05-16 14:17:30--  http://deliveryimages.acm.org/10.1145/3190000/3185993/images/www2018-2-fig7.jpg
Connecting to deliveryimages.acm.org (deliveryimages.acm.org)|104.17.79.191|:80... connected.
HTTP request sent, awaiting response... 301 Moved Permanently
Location: https://deliveryimages.acm.org/10.1145/3190000/3185993/images/www2018-2-fig7.jpg [following]
--2018-05-16 14:17:30--  https://deliveryimages.acm.org/10.1145/3190000/3185993/images/www2018-2-fig7.jpg
Connecting to deliveryimages.acm.org (deliveryimages.acm.org)|104.17.79.191|:443... connected.
HTTP request sent, awaiting response... 200 OK
Length: 49109 (48K) [image/jpeg]
Saving to: ‘../data/deliveryimages.acm.org/10.1145/3190000/3185993/images/www2018-2-fig7.jpg’

     0K .......... .......... .......... .......... .......   100%  196K=0.2s

2018-05-16 14:17:31 (196 KB/s) - ‘../data/deliveryimages.acm.org/10.1145/3190000/3185993/images/www2018-2-fig7.jpg’ saved [49109/49109]

--2018-05-16 14:17:31--  http://deliveryimages.acm.org/10.1145/3190000/3185993/images/www2018-2-fig8.jpg
Connecting to deliveryimages.acm.org (deliveryimages.acm.org)|104.17.79.191|:80... connected.
HTTP request sent, awaiting response... 301 Moved Permanently
Location: https://deliveryimages.acm.org/10.1145/3190000/3185993/images/www2018-2-fig8.jpg [following]
--2018-05-16 14:17:31--  https://deliveryimages.acm.org/10.1145/3190000/3185993/images/www2018-2-fig8.jpg
Connecting to deliveryimages.acm.org (deliveryimages.acm.org)|104.17.79.191|:443... connected.
HTTP request sent, awaiting response... 200 OK
Length: 52847 (52K) [image/jpeg]
Saving to: ‘../data/deliveryimages.acm.org/10.1145/3190000/3185993/images/www2018-2-fig8.jpg’

     0K .......... .......... .......... .......... .......... 96% 1.27M 0s
    50K .                                                     100% 36.0M=0.04s

2018-05-16 14:17:31 (1.31 MB/s) - ‘../data/deliveryimages.acm.org/10.1145/3190000/3185993/images/www2018-2-fig8.jpg’ saved [52847/52847]

--2018-05-16 14:17:31--  http://deliveryimages.acm.org/10.1145/3190000/3185993/images/www2018-2-fig16.jpg
Connecting to deliveryimages.acm.org (deliveryimages.acm.org)|104.17.79.191|:80... connected.
HTTP request sent, awaiting response... 301 Moved Permanently
Location: https://deliveryimages.acm.org/10.1145/3190000/3185993/images/www2018-2-fig16.jpg [following]
--2018-05-16 14:17:31--  https://deliveryimages.acm.org/10.1145/3190000/3185993/images/www2018-2-fig16.jpg
Connecting to deliveryimages.acm.org (deliveryimages.acm.org)|104.17.79.191|:443... connected.
HTTP request sent, awaiting response... 200 OK
Length: 27258 (27K) [image/jpeg]
Saving to: ‘../data/deliveryimages.acm.org/10.1145/3190000/3185993/images/www2018-2-fig16.jpg’

     0K .......... .......... ......                          100% 1.06M=0.02s

2018-05-16 14:17:31 (1.06 MB/s) - ‘../data/deliveryimages.acm.org/10.1145/3190000/3185993/images/www2018-2-fig16.jpg’ saved [27258/27258]

--2018-05-16 14:17:31--  http://deliveryimages.acm.org/10.1145/3190000/3185993/images/COIL20_den.jpg
Connecting to deliveryimages.acm.org (deliveryimages.acm.org)|104.17.79.191|:80... connected.
HTTP request sent, awaiting response... 301 Moved Permanently
Location: https://deliveryimages.acm.org/10.1145/3190000/3185993/images/COIL20_den.jpg [following]
--2018-05-16 14:17:31--  https://deliveryimages.acm.org/10.1145/3190000/3185993/images/COIL20_den.jpg
Connecting to deliveryimages.acm.org (deliveryimages.acm.org)|104.17.79.191|:443... connected.
HTTP request sent, awaiting response... 200 OK
Length: 26056 (25K) [image/jpeg]
Saving to: ‘../data/deliveryimages.acm.org/10.1145/3190000/3185993/images/COIL20_den.jpg’

     0K .......... .......... .....                           100% 1.44M=0.02s

2018-05-16 14:17:32 (1.44 MB/s) - ‘../data/deliveryimages.acm.org/10.1145/3190000/3185993/images/COIL20_den.jpg’ saved [26056/26056]

--2018-05-16 14:17:32--  http://deliveryimages.acm.org/10.1145/3190000/3185993/images/www2018-2-fig17.jpg
Connecting to deliveryimages.acm.org (deliveryimages.acm.org)|104.17.79.191|:80... connected.
HTTP request sent, awaiting response... 301 Moved Permanently
Location: https://deliveryimages.acm.org/10.1145/3190000/3185993/images/www2018-2-fig17.jpg [following]
--2018-05-16 14:17:32--  https://deliveryimages.acm.org/10.1145/3190000/3185993/images/www2018-2-fig17.jpg
Connecting to deliveryimages.acm.org (deliveryimages.acm.org)|104.17.79.191|:443... connected.
HTTP request sent, awaiting response... 200 OK
Length: 21465 (21K) [image/jpeg]
Saving to: ‘../data/deliveryimages.acm.org/10.1145/3190000/3185993/images/www2018-2-fig17.jpg’

     0K .......... ..........                                 100% 1.34M=0.02s

2018-05-16 14:17:32 (1.34 MB/s) - ‘../data/deliveryimages.acm.org/10.1145/3190000/3185993/images/www2018-2-fig17.jpg’ saved [21465/21465]

--2018-05-16 14:17:32--  http://deliveryimages.acm.org/10.1145/3190000/3185993/images/seg_den.jpg
Connecting to deliveryimages.acm.org (deliveryimages.acm.org)|104.17.79.191|:80... connected.
HTTP request sent, awaiting response... 301 Moved Permanently
Location: https://deliveryimages.acm.org/10.1145/3190000/3185993/images/seg_den.jpg [following]
--2018-05-16 14:17:32--  https://deliveryimages.acm.org/10.1145/3190000/3185993/images/seg_den.jpg
Connecting to deliveryimages.acm.org (deliveryimages.acm.org)|104.17.79.191|:443... connected.
HTTP request sent, awaiting response... 200 OK
Length: 23514 (23K) [image/jpeg]
Saving to: ‘../data/deliveryimages.acm.org/10.1145/3190000/3185993/images/seg_den.jpg’

     0K .......... .......... ..                              100% 1.15M=0.02s

2018-05-16 14:17:32 (1.15 MB/s) - ‘../data/deliveryimages.acm.org/10.1145/3190000/3185993/images/seg_den.jpg’ saved [23514/23514]

--2018-05-16 14:17:32--  http://deliveryimages.acm.org/10.1145/3190000/3185993/images/www2018-2-fig18.jpg
Connecting to deliveryimages.acm.org (deliveryimages.acm.org)|104.17.79.191|:80... connected.
HTTP request sent, awaiting response... 301 Moved Permanently
Location: https://deliveryimages.acm.org/10.1145/3190000/3185993/images/www2018-2-fig18.jpg [following]
--2018-05-16 14:17:32--  https://deliveryimages.acm.org/10.1145/3190000/3185993/images/www2018-2-fig18.jpg
Connecting to deliveryimages.acm.org (deliveryimages.acm.org)|104.17.79.191|:443... connected.
HTTP request sent, awaiting response... 200 OK
Length: 22042 (22K) [image/jpeg]
Saving to: ‘../data/deliveryimages.acm.org/10.1145/3190000/3185993/images/www2018-2-fig18.jpg’

     0K .......... .......... .                               100%  815K=0.03s

2018-05-16 14:17:32 (815 KB/s) - ‘../data/deliveryimages.acm.org/10.1145/3190000/3185993/images/www2018-2-fig18.jpg’ saved [22042/22042]

--2018-05-16 14:17:32--  http://deliveryimages.acm.org/10.1145/3190000/3185993/images/glass_den.jpg
Connecting to deliveryimages.acm.org (deliveryimages.acm.org)|104.17.79.191|:80... connected.
HTTP request sent, awaiting response... 301 Moved Permanently
Location: https://deliveryimages.acm.org/10.1145/3190000/3185993/images/glass_den.jpg [following]
--2018-05-16 14:17:32--  https://deliveryimages.acm.org/10.1145/3190000/3185993/images/glass_den.jpg
Connecting to deliveryimages.acm.org (deliveryimages.acm.org)|104.17.79.191|:443... connected.
HTTP request sent, awaiting response... 200 OK
Length: 22667 (22K) [image/jpeg]
Saving to: ‘../data/deliveryimages.acm.org/10.1145/3190000/3185993/images/glass_den.jpg’

     0K .......... .......... ..                              100% 1.30M=0.02s

2018-05-16 14:17:33 (1.30 MB/s) - ‘../data/deliveryimages.acm.org/10.1145/3190000/3185993/images/glass_den.jpg’ saved [22667/22667]

--2018-05-16 14:17:33--  http://deliveryimages.acm.org/10.1145/3190000/3185993/images/www2018-2-fig19.jpg
Connecting to deliveryimages.acm.org (deliveryimages.acm.org)|104.17.79.191|:80... connected.
HTTP request sent, awaiting response... 301 Moved Permanently
Location: https://deliveryimages.acm.org/10.1145/3190000/3185993/images/www2018-2-fig19.jpg [following]
--2018-05-16 14:17:33--  https://deliveryimages.acm.org/10.1145/3190000/3185993/images/www2018-2-fig19.jpg
Connecting to deliveryimages.acm.org (deliveryimages.acm.org)|104.17.79.191|:443... connected.
HTTP request sent, awaiting response... 200 OK
Length: 20825 (20K) [image/jpeg]
Saving to: ‘../data/deliveryimages.acm.org/10.1145/3190000/3185993/images/www2018-2-fig19.jpg’

     0K .......... ..........                                 100%  850K=0.02s

2018-05-16 14:17:34 (850 KB/s) - ‘../data/deliveryimages.acm.org/10.1145/3190000/3185993/images/www2018-2-fig19.jpg’ saved [20825/20825]

--2018-05-16 14:17:34--  http://deliveryimages.acm.org/10.1145/3190000/3185993/images/mnist_den.jpg
Connecting to deliveryimages.acm.org (deliveryimages.acm.org)|104.17.79.191|:80... connected.
HTTP request sent, awaiting response... 301 Moved Permanently
Location: https://deliveryimages.acm.org/10.1145/3190000/3185993/images/mnist_den.jpg [following]
--2018-05-16 14:17:34--  https://deliveryimages.acm.org/10.1145/3190000/3185993/images/mnist_den.jpg
Connecting to deliveryimages.acm.org (deliveryimages.acm.org)|104.17.79.191|:443... connected.
HTTP request sent, awaiting response... 200 OK
Length: 20449 (20K) [image/jpeg]
Saving to: ‘../data/deliveryimages.acm.org/10.1145/3190000/3185993/images/mnist_den.jpg’

     0K .......... .........                                  100%  813K=0.02s

2018-05-16 14:17:34 (813 KB/s) - ‘../data/deliveryimages.acm.org/10.1145/3190000/3185993/images/mnist_den.jpg’ saved [20449/20449]

--2018-05-16 14:17:34--  http://deliveryimages.acm.org/10.1145/3190000/3185993/images/www2018-2-fig20.jpg
Connecting to deliveryimages.acm.org (deliveryimages.acm.org)|104.17.79.191|:80... connected.
HTTP request sent, awaiting response... 301 Moved Permanently
Location: https://deliveryimages.acm.org/10.1145/3190000/3185993/images/www2018-2-fig20.jpg [following]
--2018-05-16 14:17:34--  https://deliveryimages.acm.org/10.1145/3190000/3185993/images/www2018-2-fig20.jpg
Connecting to deliveryimages.acm.org (deliveryimages.acm.org)|104.17.79.191|:443... connected.
HTTP request sent, awaiting response... 200 OK
Length: 21683 (21K) [image/jpeg]
Saving to: ‘../data/deliveryimages.acm.org/10.1145/3190000/3185993/images/www2018-2-fig20.jpg’

     0K .......... .......... .                               100%  805K=0.03s

2018-05-16 14:17:34 (805 KB/s) - ‘../data/deliveryimages.acm.org/10.1145/3190000/3185993/images/www2018-2-fig20.jpg’ saved [21683/21683]

--2018-05-16 14:17:34--  http://deliveryimages.acm.org/10.1145/3190000/3185993/images/isolet_den.jpg
Connecting to deliveryimages.acm.org (deliveryimages.acm.org)|104.17.79.191|:80... connected.
HTTP request sent, awaiting response... 301 Moved Permanently
Location: https://deliveryimages.acm.org/10.1145/3190000/3185993/images/isolet_den.jpg [following]
--2018-05-16 14:17:34--  https://deliveryimages.acm.org/10.1145/3190000/3185993/images/isolet_den.jpg
Connecting to deliveryimages.acm.org (deliveryimages.acm.org)|104.17.79.191|:443... connected.
HTTP request sent, awaiting response... 200 OK
Length: 22889 (22K) [image/jpeg]
Saving to: ‘../data/deliveryimages.acm.org/10.1145/3190000/3185993/images/isolet_den.jpg’

     0K .......... .......... ..                              100%  906K=0.02s

2018-05-16 14:17:34 (906 KB/s) - ‘../data/deliveryimages.acm.org/10.1145/3190000/3185993/images/isolet_den.jpg’ saved [22889/22889]

--2018-05-16 14:17:34--  http://deliveryimages.acm.org/10.1145/3190000/3185993/images/www2018-2-fig21.jpg
Connecting to deliveryimages.acm.org (deliveryimages.acm.org)|104.17.79.191|:80... connected.
HTTP request sent, awaiting response... 301 Moved Permanently
Location: https://deliveryimages.acm.org/10.1145/3190000/3185993/images/www2018-2-fig21.jpg [following]
--2018-05-16 14:17:34--  https://deliveryimages.acm.org/10.1145/3190000/3185993/images/www2018-2-fig21.jpg
Connecting to deliveryimages.acm.org (deliveryimages.acm.org)|104.17.79.191|:443... connected.
HTTP request sent, awaiting response... 200 OK
Length: 20619 (20K) [image/jpeg]
Saving to: ‘../data/deliveryimages.acm.org/10.1145/3190000/3185993/images/www2018-2-fig21.jpg’

     0K .......... ..........                                 100% 1010K=0.02s

2018-05-16 14:17:35 (1010 KB/s) - ‘../data/deliveryimages.acm.org/10.1145/3190000/3185993/images/www2018-2-fig21.jpg’ saved [20619/20619]

--2018-05-16 14:17:35--  http://deliveryimages.acm.org/10.1145/3190000/3185993/images/yeast_den.jpg
Connecting to deliveryimages.acm.org (deliveryimages.acm.org)|104.17.79.191|:80... connected.
HTTP request sent, awaiting response... 301 Moved Permanently
Location: https://deliveryimages.acm.org/10.1145/3190000/3185993/images/yeast_den.jpg [following]
--2018-05-16 14:17:35--  https://deliveryimages.acm.org/10.1145/3190000/3185993/images/yeast_den.jpg
Connecting to deliveryimages.acm.org (deliveryimages.acm.org)|104.17.79.191|:443... connected.
HTTP request sent, awaiting response... 200 OK
Length: 20843 (20K) [image/jpeg]
Saving to: ‘../data/deliveryimages.acm.org/10.1145/3190000/3185993/images/yeast_den.jpg’

     0K .......... ..........                                 100% 1.65M=0.01s

2018-05-16 14:17:35 (1.65 MB/s) - ‘../data/deliveryimages.acm.org/10.1145/3190000/3185993/images/yeast_den.jpg’ saved [20843/20843]

--2018-05-16 14:17:35--  http://deliveryimages.acm.org/10.1145/3190000/3185993/images/www2018-2-fig22.jpg
Connecting to deliveryimages.acm.org (deliveryimages.acm.org)|104.17.79.191|:80... connected.
HTTP request sent, awaiting response... 301 Moved Permanently
Location: https://deliveryimages.acm.org/10.1145/3190000/3185993/images/www2018-2-fig22.jpg [following]
--2018-05-16 14:17:35--  https://deliveryimages.acm.org/10.1145/3190000/3185993/images/www2018-2-fig22.jpg
Connecting to deliveryimages.acm.org (deliveryimages.acm.org)|104.17.79.191|:443... connected.
HTTP request sent, awaiting response... 200 OK
Length: 22990 (22K) [image/jpeg]
Saving to: ‘../data/deliveryimages.acm.org/10.1145/3190000/3185993/images/www2018-2-fig22.jpg’

     0K .......... .......... ..                              100%  956K=0.02s

2018-05-16 14:17:35 (956 KB/s) - ‘../data/deliveryimages.acm.org/10.1145/3190000/3185993/images/www2018-2-fig22.jpg’ saved [22990/22990]

--2018-05-16 14:17:35--  http://deliveryimages.acm.org/10.1145/3190000/3185993/images/yale_den.jpg
Connecting to deliveryimages.acm.org (deliveryimages.acm.org)|104.17.79.191|:80... connected.
HTTP request sent, awaiting response... 301 Moved Permanently
Location: https://deliveryimages.acm.org/10.1145/3190000/3185993/images/yale_den.jpg [following]
--2018-05-16 14:17:35--  https://deliveryimages.acm.org/10.1145/3190000/3185993/images/yale_den.jpg
Connecting to deliveryimages.acm.org (deliveryimages.acm.org)|104.17.79.191|:443... connected.
HTTP request sent, awaiting response... 200 OK
Length: 21641 (21K) [image/jpeg]
Saving to: ‘../data/deliveryimages.acm.org/10.1145/3190000/3185993/images/yale_den.jpg’

     0K .......... .......... .                               100%  965K=0.02s

2018-05-16 14:17:35 (965 KB/s) - ‘../data/deliveryimages.acm.org/10.1145/3190000/3185993/images/yale_den.jpg’ saved [21641/21641]

--2018-05-16 14:17:35--  http://deliveryimages.acm.org/10.1145/3190000/3185993/images/www2018-2-fig9.jpg
Connecting to deliveryimages.acm.org (deliveryimages.acm.org)|104.17.79.191|:80... connected.
HTTP request sent, awaiting response... 301 Moved Permanently
Location: https://deliveryimages.acm.org/10.1145/3190000/3185993/images/www2018-2-fig9.jpg [following]
--2018-05-16 14:17:36--  https://deliveryimages.acm.org/10.1145/3190000/3185993/images/www2018-2-fig9.jpg
Connecting to deliveryimages.acm.org (deliveryimages.acm.org)|104.17.79.191|:443... connected.
HTTP request sent, awaiting response... 200 OK
Length: 24114 (24K) [image/jpeg]
Saving to: ‘../data/deliveryimages.acm.org/10.1145/3190000/3185993/images/www2018-2-fig9.jpg’

     0K .......... .......... ...                             100% 1.30M=0.02s

2018-05-16 14:17:36 (1.30 MB/s) - ‘../data/deliveryimages.acm.org/10.1145/3190000/3185993/images/www2018-2-fig9.jpg’ saved [24114/24114]

--2018-05-16 14:17:36--  http://deliveryimages.acm.org/10.1145/3190000/3185993/images/www2018-2-fig10.jpg
Connecting to deliveryimages.acm.org (deliveryimages.acm.org)|104.17.79.191|:80... connected.
HTTP request sent, awaiting response... 301 Moved Permanently
Location: https://deliveryimages.acm.org/10.1145/3190000/3185993/images/www2018-2-fig10.jpg [following]
--2018-05-16 14:17:36--  https://deliveryimages.acm.org/10.1145/3190000/3185993/images/www2018-2-fig10.jpg
Connecting to deliveryimages.acm.org (deliveryimages.acm.org)|104.17.79.191|:443... connected.
HTTP request sent, awaiting response... 200 OK
Length: 42194 (41K) [image/jpeg]
Saving to: ‘../data/deliveryimages.acm.org/10.1145/3190000/3185993/images/www2018-2-fig10.jpg’

     0K .......... .......... .......... .......... .         100% 1.15M=0.04s

2018-05-16 14:17:36 (1.15 MB/s) - ‘../data/deliveryimages.acm.org/10.1145/3190000/3185993/images/www2018-2-fig10.jpg’ saved [42194/42194]

FINISHED --2018-05-16 14:17:36--
Total wall clock time: 8.1s
Downloaded: 26 files, 1.0M in 0.9s (1.10 MB/s)
Converting links in ../data/delivery.acm.org/10.1145/3190000/3185993/p157-li.html?ip=24.48.71.56&id=3185993&acc=OPENTOC&key=4D4702B0C3E38B35.4D4702B0C3E38B35.4D4702B0C3E38B35.4DD68F0663C025AA&__acm__=1526494948_35fd5ea52f5b1f0c126ad89e142fb5ac... 151-0
Converted links in 1 files in 0.002 seconds.
