--2018-05-16 15:15:01--  http://delivery.acm.org/10.1145/3200000/3192293/p943-tang.pdf?ip=24.48.71.56&id=3192293&acc=OPENTOC&key=4D4702B0C3E38B35%2E4D4702B0C3E38B35%2E4D4702B0C3E38B35%2E4DD68F0663C025AA&__acm__=1526498400_a7ab7ab566046385c7b945f772415cce
Resolving delivery.acm.org (delivery.acm.org)... 24.200.120.82, 24.200.120.90
Connecting to delivery.acm.org (delivery.acm.org)|24.200.120.82|:80... connected.
HTTP request sent, awaiting response... 200 OK
Length: 847237 (827K) [application/pdf]
Saving to: ‘../data/delivery.acm.org/10.1145/3200000/3192293/p943-tang.pdf?ip=24.48.71.56&id=3192293&acc=OPENTOC&key=4D4702B0C3E38B35.4D4702B0C3E38B35.4D4702B0C3E38B35.4DD68F0663C025AA&__acm__=1526498400_a7ab7ab566046385c7b945f772415cce’

     0K .......... .......... .......... .......... ..........  6% 1.57M 0s
    50K .......... .......... .......... .......... .......... 12% 1.62M 0s
   100K .......... .......... .......... .......... .......... 18% 3.70M 0s
   150K .......... .......... .......... .......... .......... 24%  793K 0s
   200K .......... .......... .......... .......... .......... 30% 1.26M 0s
   250K .......... .......... .......... .......... .......... 36% 7.08M 0s
   300K .......... .......... .......... .......... .......... 42% 2.07M 0s
   350K .......... .......... .......... .......... .......... 48% 8.80M 0s
   400K .......... .......... .......... .......... .......... 54% 2.85M 0s
   450K .......... .......... .......... .......... .......... 60%  492M 0s
   500K .......... .......... .......... .......... .......... 66% 5.20M 0s
   550K .......... .......... .......... .......... .......... 72% 13.1M 0s
   600K .......... .......... .......... .......... .......... 78% 2.98M 0s
   650K .......... .......... .......... .......... .......... 84%  593M 0s
   700K .......... .......... .......... .......... .......... 90% 2.42M 0s
   750K .......... .......... .......... .......... .......... 96% 17.3M 0s
   800K .......... .......... .......                         100%  356M=0.3s

2018-05-16 15:15:01 (2.87 MB/s) - ‘../data/delivery.acm.org/10.1145/3200000/3192293/p943-tang.pdf?ip=24.48.71.56&id=3192293&acc=OPENTOC&key=4D4702B0C3E38B35.4D4702B0C3E38B35.4D4702B0C3E38B35.4DD68F0663C025AA&__acm__=1526498400_a7ab7ab566046385c7b945f772415cce’ saved [847237/847237]

FINISHED --2018-05-16 15:15:01--
Total wall clock time: 0.4s
Downloaded: 1 files, 827K in 0.3s (2.87 MB/s)
Converted links in 0 files in 0 seconds.
