--2018-05-16 14:23:03--  http://delivery.acm.org/10.1145/3190000/3186114/p479-xu.html?ip=24.48.71.56&id=3186114&acc=OPENTOC&key=4D4702B0C3E38B35%2E4D4702B0C3E38B35%2E4D4702B0C3E38B35%2E4DD68F0663C025AA&__acm__=1526495283_87b60da4718aee2541e8f180dfb1d6bf
Resolving delivery.acm.org (delivery.acm.org)... 24.200.120.82, 24.200.120.90
Connecting to delivery.acm.org (delivery.acm.org)|24.200.120.82|:80... connected.
HTTP request sent, awaiting response... 200 OK
Length: 109858 (107K) [text/html]
Saving to: ‘../data/delivery.acm.org/10.1145/3190000/3186114/p479-xu.html?ip=24.48.71.56&id=3186114&acc=OPENTOC&key=4D4702B0C3E38B35.4D4702B0C3E38B35.4D4702B0C3E38B35.4DD68F0663C025AA&__acm__=1526495283_87b60da4718aee2541e8f180dfb1d6bf’

     0K .......... .......... .......... .......... .......... 46% 1.56M 0s
    50K .......... .......... .......... .......... .......... 93% 1.90M 0s
   100K .......                                               100% 3.01M=0.06s

2018-05-16 14:23:03 (1.77 MB/s) - ‘../data/delivery.acm.org/10.1145/3190000/3186114/p479-xu.html?ip=24.48.71.56&id=3186114&acc=OPENTOC&key=4D4702B0C3E38B35.4D4702B0C3E38B35.4D4702B0C3E38B35.4DD68F0663C025AA&__acm__=1526495283_87b60da4718aee2541e8f180dfb1d6bf’ saved [109858/109858]

--2018-05-16 14:23:03--  http://deliveryimages.acm.org/10.1145/3190000/3186114/images/www2018-123-fig1.jpg
Resolving deliveryimages.acm.org (deliveryimages.acm.org)... 104.17.79.191, 104.17.80.191
Connecting to deliveryimages.acm.org (deliveryimages.acm.org)|104.17.79.191|:80... connected.
HTTP request sent, awaiting response... 301 Moved Permanently
Location: https://deliveryimages.acm.org/10.1145/3190000/3186114/images/www2018-123-fig1.jpg [following]
--2018-05-16 14:23:03--  https://deliveryimages.acm.org/10.1145/3190000/3186114/images/www2018-123-fig1.jpg
Connecting to deliveryimages.acm.org (deliveryimages.acm.org)|104.17.79.191|:443... connected.
HTTP request sent, awaiting response... 200 OK
Length: 21055 (21K) [image/jpeg]
Saving to: ‘../data/deliveryimages.acm.org/10.1145/3190000/3186114/images/www2018-123-fig1.jpg’

     0K .......... ..........                                 100%  756K=0.03s

2018-05-16 14:23:03 (756 KB/s) - ‘../data/deliveryimages.acm.org/10.1145/3190000/3186114/images/www2018-123-fig1.jpg’ saved [21055/21055]

--2018-05-16 14:23:03--  http://deliveryimages.acm.org/10.1145/3190000/3186114/images/www2018-123-fig2.jpg
Connecting to deliveryimages.acm.org (deliveryimages.acm.org)|104.17.79.191|:80... connected.
HTTP request sent, awaiting response... 301 Moved Permanently
Location: https://deliveryimages.acm.org/10.1145/3190000/3186114/images/www2018-123-fig2.jpg [following]
--2018-05-16 14:23:04--  https://deliveryimages.acm.org/10.1145/3190000/3186114/images/www2018-123-fig2.jpg
Connecting to deliveryimages.acm.org (deliveryimages.acm.org)|104.17.79.191|:443... connected.
HTTP request sent, awaiting response... 200 OK
Length: 23257 (23K) [image/jpeg]
Saving to: ‘../data/deliveryimages.acm.org/10.1145/3190000/3186114/images/www2018-123-fig2.jpg’

     0K .......... .......... ..                              100%  843K=0.03s

2018-05-16 14:23:04 (843 KB/s) - ‘../data/deliveryimages.acm.org/10.1145/3190000/3186114/images/www2018-123-fig2.jpg’ saved [23257/23257]

--2018-05-16 14:23:04--  http://deliveryimages.acm.org/10.1145/3190000/3186114/images/www2018-123-fig3.jpg
Connecting to deliveryimages.acm.org (deliveryimages.acm.org)|104.17.79.191|:80... connected.
HTTP request sent, awaiting response... 301 Moved Permanently
Location: https://deliveryimages.acm.org/10.1145/3190000/3186114/images/www2018-123-fig3.jpg [following]
--2018-05-16 14:23:04--  https://deliveryimages.acm.org/10.1145/3190000/3186114/images/www2018-123-fig3.jpg
Connecting to deliveryimages.acm.org (deliveryimages.acm.org)|104.17.79.191|:443... connected.
HTTP request sent, awaiting response... 200 OK
Length: 99623 (97K) [image/jpeg]
Saving to: ‘../data/deliveryimages.acm.org/10.1145/3190000/3186114/images/www2018-123-fig3.jpg’

     0K .......... .......... .......... .......... .......... 51% 1.17M 0s
    50K .......... .......... .......... .......... .......   100% 3.47M=0.06s

2018-05-16 14:23:04 (1.73 MB/s) - ‘../data/deliveryimages.acm.org/10.1145/3190000/3186114/images/www2018-123-fig3.jpg’ saved [99623/99623]

--2018-05-16 14:23:04--  http://deliveryimages.acm.org/10.1145/3190000/3186114/images/www2018-123-img1.svg
Connecting to deliveryimages.acm.org (deliveryimages.acm.org)|104.17.79.191|:80... connected.
HTTP request sent, awaiting response... 301 Moved Permanently
Location: https://deliveryimages.acm.org/10.1145/3190000/3186114/images/www2018-123-img1.svg [following]
--2018-05-16 14:23:04--  https://deliveryimages.acm.org/10.1145/3190000/3186114/images/www2018-123-img1.svg
Connecting to deliveryimages.acm.org (deliveryimages.acm.org)|104.17.79.191|:443... connected.
HTTP request sent, awaiting response... 200 OK
Length: 97466 (95K) [image/svg+xml]
Saving to: ‘../data/deliveryimages.acm.org/10.1145/3190000/3186114/images/www2018-123-img1.svg’

     0K .......... .......... .......... .......... .......... 52% 1.25M 0s
    50K .......... .......... .......... .......... .....     100% 3.58M=0.05s

2018-05-16 14:23:04 (1.81 MB/s) - ‘../data/deliveryimages.acm.org/10.1145/3190000/3186114/images/www2018-123-img1.svg’ saved [97466/97466]

--2018-05-16 14:23:04--  http://deliveryimages.acm.org/10.1145/3190000/3186114/images/www2018-123-fig4.jpg
Connecting to deliveryimages.acm.org (deliveryimages.acm.org)|104.17.79.191|:80... connected.
HTTP request sent, awaiting response... 301 Moved Permanently
Location: https://deliveryimages.acm.org/10.1145/3190000/3186114/images/www2018-123-fig4.jpg [following]
--2018-05-16 14:23:04--  https://deliveryimages.acm.org/10.1145/3190000/3186114/images/www2018-123-fig4.jpg
Connecting to deliveryimages.acm.org (deliveryimages.acm.org)|104.17.79.191|:443... connected.
HTTP request sent, awaiting response... 200 OK
Length: 18719 (18K) [image/jpeg]
Saving to: ‘../data/deliveryimages.acm.org/10.1145/3190000/3186114/images/www2018-123-fig4.jpg’

     0K .......... ........                                   100% 1.53M=0.01s

2018-05-16 14:23:05 (1.53 MB/s) - ‘../data/deliveryimages.acm.org/10.1145/3190000/3186114/images/www2018-123-fig4.jpg’ saved [18719/18719]

--2018-05-16 14:23:05--  http://deliveryimages.acm.org/10.1145/3190000/3186114/images/www2018-123-fig5.jpg
Connecting to deliveryimages.acm.org (deliveryimages.acm.org)|104.17.79.191|:80... connected.
HTTP request sent, awaiting response... 301 Moved Permanently
Location: https://deliveryimages.acm.org/10.1145/3190000/3186114/images/www2018-123-fig5.jpg [following]
--2018-05-16 14:23:05--  https://deliveryimages.acm.org/10.1145/3190000/3186114/images/www2018-123-fig5.jpg
Connecting to deliveryimages.acm.org (deliveryimages.acm.org)|104.17.79.191|:443... connected.
HTTP request sent, awaiting response... 200 OK
Length: 356163 (348K) [image/jpeg]
Saving to: ‘../data/deliveryimages.acm.org/10.1145/3190000/3186114/images/www2018-123-fig5.jpg’

     0K .......... .......... .......... .......... .......... 14% 1.53M 0s
    50K .......... .......... .......... .......... .......... 28% 2.57M 0s
   100K .......... .......... .......... .......... .......... 43% 4.74M 0s
   150K .......... .......... .......... .......... .......... 57% 1.99M 0s
   200K .......... .......... .......... .......... .......... 71% 4.79M 0s
   250K .......... .......... .......... .......... .......... 86% 15.7M 0s
   300K .......... .......... .......... .......... .......   100% 4.52M=0.1s

2018-05-16 14:23:05 (3.10 MB/s) - ‘../data/deliveryimages.acm.org/10.1145/3190000/3186114/images/www2018-123-fig5.jpg’ saved [356163/356163]

--2018-05-16 14:23:05--  http://deliveryimages.acm.org/10.1145/3190000/3186114/images/www2018-123-fig6.jpg
Connecting to deliveryimages.acm.org (deliveryimages.acm.org)|104.17.79.191|:80... connected.
HTTP request sent, awaiting response... 301 Moved Permanently
Location: https://deliveryimages.acm.org/10.1145/3190000/3186114/images/www2018-123-fig6.jpg [following]
--2018-05-16 14:23:05--  https://deliveryimages.acm.org/10.1145/3190000/3186114/images/www2018-123-fig6.jpg
Connecting to deliveryimages.acm.org (deliveryimages.acm.org)|104.17.79.191|:443... connected.
HTTP request sent, awaiting response... 200 OK
Length: 42541 (42K) [image/jpeg]
Saving to: ‘../data/deliveryimages.acm.org/10.1145/3190000/3186114/images/www2018-123-fig6.jpg’

     0K .......... .......... .......... .......... .         100% 1.10M=0.04s

2018-05-16 14:23:05 (1.10 MB/s) - ‘../data/deliveryimages.acm.org/10.1145/3190000/3186114/images/www2018-123-fig6.jpg’ saved [42541/42541]

--2018-05-16 14:23:05--  http://deliveryimages.acm.org/10.1145/3190000/3186114/images/www2018-123-fig7.jpg
Connecting to deliveryimages.acm.org (deliveryimages.acm.org)|104.17.79.191|:80... connected.
HTTP request sent, awaiting response... 301 Moved Permanently
Location: https://deliveryimages.acm.org/10.1145/3190000/3186114/images/www2018-123-fig7.jpg [following]
--2018-05-16 14:23:06--  https://deliveryimages.acm.org/10.1145/3190000/3186114/images/www2018-123-fig7.jpg
Connecting to deliveryimages.acm.org (deliveryimages.acm.org)|104.17.79.191|:443... connected.
HTTP request sent, awaiting response... 200 OK
Length: 79194 (77K) [image/jpeg]
Saving to: ‘../data/deliveryimages.acm.org/10.1145/3190000/3186114/images/www2018-123-fig7.jpg’

     0K .......... .......... .......... .......... .......... 64% 1.22M 0s
    50K .......... .......... .......                         100% 4.27M=0.05s

2018-05-16 14:23:06 (1.64 MB/s) - ‘../data/deliveryimages.acm.org/10.1145/3190000/3186114/images/www2018-123-fig7.jpg’ saved [79194/79194]

FINISHED --2018-05-16 14:23:06--
Total wall clock time: 3.0s
Downloaded: 9 files, 828K in 0.4s (1.91 MB/s)
Converting links in ../data/delivery.acm.org/10.1145/3190000/3186114/p479-xu.html?ip=24.48.71.56&id=3186114&acc=OPENTOC&key=4D4702B0C3E38B35.4D4702B0C3E38B35.4D4702B0C3E38B35.4DD68F0663C025AA&__acm__=1526495283_87b60da4718aee2541e8f180dfb1d6bf... 116-0
Converted links in 1 files in 0.003 seconds.
