--2018-05-16 15:26:25--  http://delivery.acm.org/10.1145/3190000/3188722/p517-tschiatschek.html?ip=24.48.71.56&id=3188722&acc=OPENTOC&key=4D4702B0C3E38B35%2E4D4702B0C3E38B35%2E4D4702B0C3E38B35%2E4DD68F0663C025AA&__acm__=1526499085_d1056331a038db33f04da63aae1d74d8
Resolving delivery.acm.org (delivery.acm.org)... 24.200.120.90, 24.200.120.82
Connecting to delivery.acm.org (delivery.acm.org)|24.200.120.90|:80... connected.
HTTP request sent, awaiting response... 200 OK
Length: 74736 (73K) [text/html]
Saving to: ‘../data/delivery.acm.org/10.1145/3190000/3188722/p517-tschiatschek.html?ip=24.48.71.56&id=3188722&acc=OPENTOC&key=4D4702B0C3E38B35.4D4702B0C3E38B35.4D4702B0C3E38B35.4DD68F0663C025AA&__acm__=1526499085_d1056331a038db33f04da63aae1d74d8’

     0K .......... .......... .......... .......... .......... 68% 1.05M 0s
    50K .......... .......... ..                              100%  662K=0.08s

2018-05-16 15:26:25 (899 KB/s) - ‘../data/delivery.acm.org/10.1145/3190000/3188722/p517-tschiatschek.html?ip=24.48.71.56&id=3188722&acc=OPENTOC&key=4D4702B0C3E38B35.4D4702B0C3E38B35.4D4702B0C3E38B35.4DD68F0663C025AA&__acm__=1526499085_d1056331a038db33f04da63aae1d74d8’ saved [74736/74736]

--2018-05-16 15:26:25--  http://deliveryimages.acm.org/10.1145/3190000/3188722/images/www18companion-230-fig1.jpg
Resolving deliveryimages.acm.org (deliveryimages.acm.org)... 104.17.80.191, 104.17.79.191
Connecting to deliveryimages.acm.org (deliveryimages.acm.org)|104.17.80.191|:80... connected.
HTTP request sent, awaiting response... 301 Moved Permanently
Location: https://deliveryimages.acm.org/10.1145/3190000/3188722/images/www18companion-230-fig1.jpg [following]
--2018-05-16 15:26:25--  https://deliveryimages.acm.org/10.1145/3190000/3188722/images/www18companion-230-fig1.jpg
Connecting to deliveryimages.acm.org (deliveryimages.acm.org)|104.17.80.191|:443... connected.
HTTP request sent, awaiting response... 200 OK
Length: 72767 (71K) [image/jpeg]
Saving to: ‘../data/deliveryimages.acm.org/10.1145/3190000/3188722/images/www18companion-230-fig1.jpg’

     0K .......... .......... .......... .......... .......... 70% 1.36M 0s
    50K .......... .......... .                               100% 5.03M=0.04s

2018-05-16 15:26:25 (1.73 MB/s) - ‘../data/deliveryimages.acm.org/10.1145/3190000/3188722/images/www18companion-230-fig1.jpg’ saved [72767/72767]

--2018-05-16 15:26:25--  http://deliveryimages.acm.org/10.1145/3190000/3188722/images/www18companion-230-img1.jpg
Connecting to deliveryimages.acm.org (deliveryimages.acm.org)|104.17.80.191|:80... connected.
HTTP request sent, awaiting response... 301 Moved Permanently
Location: https://deliveryimages.acm.org/10.1145/3190000/3188722/images/www18companion-230-img1.jpg [following]
--2018-05-16 15:26:25--  https://deliveryimages.acm.org/10.1145/3190000/3188722/images/www18companion-230-img1.jpg
Connecting to deliveryimages.acm.org (deliveryimages.acm.org)|104.17.80.191|:443... connected.
HTTP request sent, awaiting response... 200 OK
Length: 148249 (145K) [image/jpeg]
Saving to: ‘../data/deliveryimages.acm.org/10.1145/3190000/3188722/images/www18companion-230-img1.jpg’

     0K .......... .......... .......... .......... .......... 34% 1.95M 0s
    50K .......... .......... .......... .......... .......... 69% 3.56M 0s
   100K .......... .......... .......... .......... ....      100% 4.34M=0.05s

2018-05-16 15:26:26 (2.89 MB/s) - ‘../data/deliveryimages.acm.org/10.1145/3190000/3188722/images/www18companion-230-img1.jpg’ saved [148249/148249]

--2018-05-16 15:26:26--  http://deliveryimages.acm.org/10.1145/3190000/3188722/images/www18companion-230-img2.svg
Connecting to deliveryimages.acm.org (deliveryimages.acm.org)|104.17.80.191|:80... connected.
HTTP request sent, awaiting response... 301 Moved Permanently
Location: https://deliveryimages.acm.org/10.1145/3190000/3188722/images/www18companion-230-img2.svg [following]
--2018-05-16 15:26:26--  https://deliveryimages.acm.org/10.1145/3190000/3188722/images/www18companion-230-img2.svg
Connecting to deliveryimages.acm.org (deliveryimages.acm.org)|104.17.80.191|:443... connected.
HTTP request sent, awaiting response... 200 OK
Length: 104320 (102K) [image/svg+xml]
Saving to: ‘../data/deliveryimages.acm.org/10.1145/3190000/3188722/images/www18companion-230-img2.svg’

     0K .......... .......... .......... .......... .......... 49% 1.51M 0s
    50K .......... .......... .......... .......... .......... 98% 1.51M 0s
   100K .                                                     100% 3576G=0.06s

2018-05-16 15:26:26 (1.54 MB/s) - ‘../data/deliveryimages.acm.org/10.1145/3190000/3188722/images/www18companion-230-img2.svg’ saved [104320/104320]

--2018-05-16 15:26:26--  http://deliveryimages.acm.org/10.1145/3190000/3188722/images/www18companion-230-img3.svg
Connecting to deliveryimages.acm.org (deliveryimages.acm.org)|104.17.80.191|:80... connected.
HTTP request sent, awaiting response... 301 Moved Permanently
Location: https://deliveryimages.acm.org/10.1145/3190000/3188722/images/www18companion-230-img3.svg [following]
--2018-05-16 15:26:26--  https://deliveryimages.acm.org/10.1145/3190000/3188722/images/www18companion-230-img3.svg
Connecting to deliveryimages.acm.org (deliveryimages.acm.org)|104.17.80.191|:443... connected.
HTTP request sent, awaiting response... 200 OK
Length: 79727 (78K) [image/svg+xml]
Saving to: ‘../data/deliveryimages.acm.org/10.1145/3190000/3188722/images/www18companion-230-img3.svg’

     0K .......... .......... .......... .......... .......... 64% 1.04M 0s
    50K .......... .......... .......                         100% 8.76M=0.05s

2018-05-16 15:26:26 (1.52 MB/s) - ‘../data/deliveryimages.acm.org/10.1145/3190000/3188722/images/www18companion-230-img3.svg’ saved [79727/79727]

--2018-05-16 15:26:26--  http://deliveryimages.acm.org/10.1145/3190000/3188722/images/www18companion-230-fig2.jpg
Connecting to deliveryimages.acm.org (deliveryimages.acm.org)|104.17.80.191|:80... connected.
HTTP request sent, awaiting response... 301 Moved Permanently
Location: https://deliveryimages.acm.org/10.1145/3190000/3188722/images/www18companion-230-fig2.jpg [following]
--2018-05-16 15:26:26--  https://deliveryimages.acm.org/10.1145/3190000/3188722/images/www18companion-230-fig2.jpg
Connecting to deliveryimages.acm.org (deliveryimages.acm.org)|104.17.80.191|:443... connected.
HTTP request sent, awaiting response... 200 OK
Length: 125551 (123K) [image/jpeg]
Saving to: ‘../data/deliveryimages.acm.org/10.1145/3190000/3188722/images/www18companion-230-fig2.jpg’

     0K .......... .......... .......... .......... .......... 40% 1.39M 0s
    50K .......... .......... .......... .......... .......... 81% 3.01M 0s
   100K .......... .......... ..                              100% 5.01M=0.06s

2018-05-16 15:26:27 (2.15 MB/s) - ‘../data/deliveryimages.acm.org/10.1145/3190000/3188722/images/www18companion-230-fig2.jpg’ saved [125551/125551]

FINISHED --2018-05-16 15:26:27--
Total wall clock time: 1.9s
Downloaded: 6 files, 591K in 0.3s (1.70 MB/s)
Converting links in ../data/delivery.acm.org/10.1145/3190000/3188722/p517-tschiatschek.html?ip=24.48.71.56&id=3188722&acc=OPENTOC&key=4D4702B0C3E38B35.4D4702B0C3E38B35.4D4702B0C3E38B35.4DD68F0663C025AA&__acm__=1526499085_d1056331a038db33f04da63aae1d74d8... 80-0
Converted links in 1 files in 0.003 seconds.
