--2018-05-16 14:39:58--  http://delivery.acm.org/10.1145/3190000/3186142/p945-tan.html?ip=24.48.71.56&id=3186142&acc=OPENTOC&key=4D4702B0C3E38B35%2E4D4702B0C3E38B35%2E4D4702B0C3E38B35%2E4DD68F0663C025AA&__acm__=1526496297_b19dc45e010e591e8bc63ce5ca61a1a0
Resolving delivery.acm.org (delivery.acm.org)... 24.200.120.90, 24.200.120.82
Connecting to delivery.acm.org (delivery.acm.org)|24.200.120.90|:80... connected.
HTTP request sent, awaiting response... 200 OK
Length: 98816 (96K) [text/html]
Saving to: ‘../data/delivery.acm.org/10.1145/3190000/3186142/p945-tan.html?ip=24.48.71.56&id=3186142&acc=OPENTOC&key=4D4702B0C3E38B35.4D4702B0C3E38B35.4D4702B0C3E38B35.4DD68F0663C025AA&__acm__=1526496297_b19dc45e010e591e8bc63ce5ca61a1a0’

     0K .......... .......... .......... .......... .......... 51%  345K 0s
    50K .......... .......... .......... .......... ......    100% 54.7K=1.0s

2018-05-16 14:39:59 (97.0 KB/s) - ‘../data/delivery.acm.org/10.1145/3190000/3186142/p945-tan.html?ip=24.48.71.56&id=3186142&acc=OPENTOC&key=4D4702B0C3E38B35.4D4702B0C3E38B35.4D4702B0C3E38B35.4DD68F0663C025AA&__acm__=1526496297_b19dc45e010e591e8bc63ce5ca61a1a0’ saved [98816/98816]

--2018-05-16 14:39:59--  http://deliveryimages.acm.org/10.1145/3190000/3186142/images/www2018-151-fig1.svg
Resolving deliveryimages.acm.org (deliveryimages.acm.org)... 104.17.80.191, 104.17.79.191
Connecting to deliveryimages.acm.org (deliveryimages.acm.org)|104.17.80.191|:80... connected.
HTTP request sent, awaiting response... 301 Moved Permanently
Location: https://deliveryimages.acm.org/10.1145/3190000/3186142/images/www2018-151-fig1.svg [following]
--2018-05-16 14:39:59--  https://deliveryimages.acm.org/10.1145/3190000/3186142/images/www2018-151-fig1.svg
Connecting to deliveryimages.acm.org (deliveryimages.acm.org)|104.17.80.191|:443... connected.
HTTP request sent, awaiting response... 200 OK
Length: 88526 (86K) [image/svg+xml]
Saving to: ‘../data/deliveryimages.acm.org/10.1145/3190000/3186142/images/www2018-151-fig1.svg’

     0K .......... .......... .......... .......... .......... 57% 1.14M 0s
    50K .......... .......... .......... ......               100% 4.97M=0.05s

2018-05-16 14:39:59 (1.69 MB/s) - ‘../data/deliveryimages.acm.org/10.1145/3190000/3186142/images/www2018-151-fig1.svg’ saved [88526/88526]

--2018-05-16 14:39:59--  http://deliveryimages.acm.org/10.1145/3190000/3186142/images/www2018-151-fig2.jpg
Connecting to deliveryimages.acm.org (deliveryimages.acm.org)|104.17.80.191|:80... connected.
HTTP request sent, awaiting response... 301 Moved Permanently
Location: https://deliveryimages.acm.org/10.1145/3190000/3186142/images/www2018-151-fig2.jpg [following]
--2018-05-16 14:40:00--  https://deliveryimages.acm.org/10.1145/3190000/3186142/images/www2018-151-fig2.jpg
Connecting to deliveryimages.acm.org (deliveryimages.acm.org)|104.17.80.191|:443... connected.
HTTP request sent, awaiting response... 200 OK
Length: 118333 (116K) [image/jpeg]
Saving to: ‘../data/deliveryimages.acm.org/10.1145/3190000/3186142/images/www2018-151-fig2.jpg’

     0K .......... .......... .......... .......... .......... 43%  687K 0s
    50K .......... .......... .......... .......... .......... 86% 3.18M 0s
   100K .......... .....                                      100% 5.85M=0.09s

2018-05-16 14:40:00 (1.24 MB/s) - ‘../data/deliveryimages.acm.org/10.1145/3190000/3186142/images/www2018-151-fig2.jpg’ saved [118333/118333]

--2018-05-16 14:40:00--  http://deliveryimages.acm.org/10.1145/3190000/3186142/images/www2018-151-fig3.jpg
Connecting to deliveryimages.acm.org (deliveryimages.acm.org)|104.17.80.191|:80... connected.
HTTP request sent, awaiting response... 301 Moved Permanently
Location: https://deliveryimages.acm.org/10.1145/3190000/3186142/images/www2018-151-fig3.jpg [following]
--2018-05-16 14:40:00--  https://deliveryimages.acm.org/10.1145/3190000/3186142/images/www2018-151-fig3.jpg
Connecting to deliveryimages.acm.org (deliveryimages.acm.org)|104.17.80.191|:443... connected.
HTTP request sent, awaiting response... 200 OK
Length: 73927 (72K) [image/jpeg]
Saving to: ‘../data/deliveryimages.acm.org/10.1145/3190000/3186142/images/www2018-151-fig3.jpg’

     0K .......... .......... .......... .......... .......... 69% 1.58M 0s
    50K .......... .......... ..                              100% 2.48M=0.04s

2018-05-16 14:40:00 (1.78 MB/s) - ‘../data/deliveryimages.acm.org/10.1145/3190000/3186142/images/www2018-151-fig3.jpg’ saved [73927/73927]

--2018-05-16 14:40:00--  http://deliveryimages.acm.org/10.1145/3190000/3186142/images/www2018-151-fig4.jpg
Connecting to deliveryimages.acm.org (deliveryimages.acm.org)|104.17.80.191|:80... connected.
HTTP request sent, awaiting response... 301 Moved Permanently
Location: https://deliveryimages.acm.org/10.1145/3190000/3186142/images/www2018-151-fig4.jpg [following]
--2018-05-16 14:40:00--  https://deliveryimages.acm.org/10.1145/3190000/3186142/images/www2018-151-fig4.jpg
Connecting to deliveryimages.acm.org (deliveryimages.acm.org)|104.17.80.191|:443... connected.
HTTP request sent, awaiting response... 200 OK
Length: 124064 (121K) [image/jpeg]
Saving to: ‘../data/deliveryimages.acm.org/10.1145/3190000/3186142/images/www2018-151-fig4.jpg’

     0K .......... .......... .......... .......... .......... 41% 1.15M 0s
    50K .......... .......... .......... .......... .......... 82% 5.57M 0s
   100K .......... .......... .                               100% 4.48M=0.06s

2018-05-16 14:40:00 (2.12 MB/s) - ‘../data/deliveryimages.acm.org/10.1145/3190000/3186142/images/www2018-151-fig4.jpg’ saved [124064/124064]

--2018-05-16 14:40:00--  http://deliveryimages.acm.org/10.1145/3190000/3186142/images/www2018-151-fig5.jpg
Connecting to deliveryimages.acm.org (deliveryimages.acm.org)|104.17.80.191|:80... connected.
HTTP request sent, awaiting response... 301 Moved Permanently
Location: https://deliveryimages.acm.org/10.1145/3190000/3186142/images/www2018-151-fig5.jpg [following]
--2018-05-16 14:40:00--  https://deliveryimages.acm.org/10.1145/3190000/3186142/images/www2018-151-fig5.jpg
Connecting to deliveryimages.acm.org (deliveryimages.acm.org)|104.17.80.191|:443... connected.
HTTP request sent, awaiting response... 200 OK
Length: 67667 (66K) [image/jpeg]
Saving to: ‘../data/deliveryimages.acm.org/10.1145/3190000/3186142/images/www2018-151-fig5.jpg’

     0K .......... .......... .......... .......... .......... 75% 1.60M 0s
    50K .......... ......                                     100% 1.52M=0.04s

2018-05-16 14:40:01 (1.58 MB/s) - ‘../data/deliveryimages.acm.org/10.1145/3190000/3186142/images/www2018-151-fig5.jpg’ saved [67667/67667]

--2018-05-16 14:40:01--  http://deliveryimages.acm.org/10.1145/3190000/3186142/images/www2018-151-fig6.jpg
Connecting to deliveryimages.acm.org (deliveryimages.acm.org)|104.17.80.191|:80... connected.
HTTP request sent, awaiting response... 301 Moved Permanently
Location: https://deliveryimages.acm.org/10.1145/3190000/3186142/images/www2018-151-fig6.jpg [following]
--2018-05-16 14:40:01--  https://deliveryimages.acm.org/10.1145/3190000/3186142/images/www2018-151-fig6.jpg
Connecting to deliveryimages.acm.org (deliveryimages.acm.org)|104.17.80.191|:443... connected.
HTTP request sent, awaiting response... 200 OK
Length: 122071 (119K) [image/jpeg]
Saving to: ‘../data/deliveryimages.acm.org/10.1145/3190000/3186142/images/www2018-151-fig6.jpg’

     0K .......... .......... .......... .......... .......... 41% 1.25M 0s
    50K .......... .......... .......... .......... .......... 83% 2.82M 0s
   100K .......... .........                                  100% 5.79M=0.06s

2018-05-16 14:40:01 (1.95 MB/s) - ‘../data/deliveryimages.acm.org/10.1145/3190000/3186142/images/www2018-151-fig6.jpg’ saved [122071/122071]

FINISHED --2018-05-16 14:40:01--
Total wall clock time: 3.3s
Downloaded: 7 files, 677K in 1.3s (509 KB/s)
Converting links in ../data/delivery.acm.org/10.1145/3190000/3186142/p945-tan.html?ip=24.48.71.56&id=3186142&acc=OPENTOC&key=4D4702B0C3E38B35.4D4702B0C3E38B35.4D4702B0C3E38B35.4DD68F0663C025AA&__acm__=1526496297_b19dc45e010e591e8bc63ce5ca61a1a0... 140-0
Converted links in 1 files in 0.002 seconds.
