--2018-05-16 14:29:08--  http://delivery.acm.org/10.1145/3190000/3186028/p1297-tempelmeier.html?ip=24.48.71.56&id=3186028&acc=OPENTOC&key=4D4702B0C3E38B35%2E4D4702B0C3E38B35%2E4D4702B0C3E38B35%2E4DD68F0663C025AA&__acm__=1526495646_eb7e931944f199f5390ec4eb07c51edd
Resolving delivery.acm.org (delivery.acm.org)... 24.200.120.90, 24.200.120.82
Connecting to delivery.acm.org (delivery.acm.org)|24.200.120.90|:80... connected.
HTTP request sent, awaiting response... 200 OK
Length: 109498 (107K) [text/html]
Saving to: ‘../data/delivery.acm.org/10.1145/3190000/3186028/p1297-tempelmeier.html?ip=24.48.71.56&id=3186028&acc=OPENTOC&key=4D4702B0C3E38B35.4D4702B0C3E38B35.4D4702B0C3E38B35.4DD68F0663C025AA&__acm__=1526495646_eb7e931944f199f5390ec4eb07c51edd’

     0K .......... .......... .......... .......... .......... 46% 1.86M 0s
    50K .......... .......... .......... .......... .......... 93% 4.17M 0s
   100K ......                                                100% 3.20M=0.04s

2018-05-16 14:29:08 (2.61 MB/s) - ‘../data/delivery.acm.org/10.1145/3190000/3186028/p1297-tempelmeier.html?ip=24.48.71.56&id=3186028&acc=OPENTOC&key=4D4702B0C3E38B35.4D4702B0C3E38B35.4D4702B0C3E38B35.4DD68F0663C025AA&__acm__=1526495646_eb7e931944f199f5390ec4eb07c51edd’ saved [109498/109498]

--2018-05-16 14:29:08--  http://deliveryimages.acm.org/10.1145/3190000/3186028/images/www2018-37-fig1.jpg
Resolving deliveryimages.acm.org (deliveryimages.acm.org)... 104.17.80.191, 104.17.79.191
Connecting to deliveryimages.acm.org (deliveryimages.acm.org)|104.17.80.191|:80... connected.
HTTP request sent, awaiting response... 301 Moved Permanently
Location: https://deliveryimages.acm.org/10.1145/3190000/3186028/images/www2018-37-fig1.jpg [following]
--2018-05-16 14:29:08--  https://deliveryimages.acm.org/10.1145/3190000/3186028/images/www2018-37-fig1.jpg
Connecting to deliveryimages.acm.org (deliveryimages.acm.org)|104.17.80.191|:443... connected.
HTTP request sent, awaiting response... 200 OK
Length: 224483 (219K) [image/jpeg]
Saving to: ‘../data/deliveryimages.acm.org/10.1145/3190000/3186028/images/www2018-37-fig1.jpg’

     0K .......... .......... .......... .......... .......... 22% 1.60M 0s
    50K .......... .......... .......... .......... .......... 45% 3.44M 0s
   100K .......... .......... .......... .......... .......... 68% 2.80M 0s
   150K .......... .......... .......... .......... .......... 91% 4.79M 0s
   200K .......... .........                                  100% 68.2M=0.07s

2018-05-16 14:29:08 (2.94 MB/s) - ‘../data/deliveryimages.acm.org/10.1145/3190000/3186028/images/www2018-37-fig1.jpg’ saved [224483/224483]

--2018-05-16 14:29:08--  http://deliveryimages.acm.org/10.1145/3190000/3186028/images/www2018-37-fig2.jpg
Connecting to deliveryimages.acm.org (deliveryimages.acm.org)|104.17.80.191|:80... connected.
HTTP request sent, awaiting response... 301 Moved Permanently
Location: https://deliveryimages.acm.org/10.1145/3190000/3186028/images/www2018-37-fig2.jpg [following]
--2018-05-16 14:29:08--  https://deliveryimages.acm.org/10.1145/3190000/3186028/images/www2018-37-fig2.jpg
Connecting to deliveryimages.acm.org (deliveryimages.acm.org)|104.17.80.191|:443... connected.
HTTP request sent, awaiting response... 200 OK
Length: 242411 (237K) [image/jpeg]
Saving to: ‘../data/deliveryimages.acm.org/10.1145/3190000/3186028/images/www2018-37-fig2.jpg’

     0K .......... .......... .......... .......... .......... 21%  136K 1s
    50K .......... .......... .......... .......... .......... 42%  237K 1s
   100K .......... .......... .......... .......... .......... 63%  184K 0s
   150K .......... .......... .......... .......... .......... 84% 99.2K 0s
   200K .......... .......... .......... ......               100% 1.95M=1.4s

2018-05-16 14:29:10 (172 KB/s) - ‘../data/deliveryimages.acm.org/10.1145/3190000/3186028/images/www2018-37-fig2.jpg’ saved [242411/242411]

--2018-05-16 14:29:10--  http://deliveryimages.acm.org/10.1145/3190000/3186028/images/www2018-37-fig3.jpg
Connecting to deliveryimages.acm.org (deliveryimages.acm.org)|104.17.80.191|:80... connected.
HTTP request sent, awaiting response... 301 Moved Permanently
Location: https://deliveryimages.acm.org/10.1145/3190000/3186028/images/www2018-37-fig3.jpg [following]
--2018-05-16 14:29:11--  https://deliveryimages.acm.org/10.1145/3190000/3186028/images/www2018-37-fig3.jpg
Connecting to deliveryimages.acm.org (deliveryimages.acm.org)|104.17.80.191|:443... connected.
HTTP request sent, awaiting response... 200 OK
Length: 310316 (303K) [image/jpeg]
Saving to: ‘../data/deliveryimages.acm.org/10.1145/3190000/3186028/images/www2018-37-fig3.jpg’

     0K .......... .......... .......... .......... .......... 16% 1.14M 0s
    50K .......... .......... .......... .......... .......... 32% 2.96M 0s
   100K .......... .......... .......... .......... .......... 49% 3.57M 0s
   150K .......... .......... .......... .......... .......... 65% 6.30M 0s
   200K .......... .......... .......... .......... .......... 82% 4.46M 0s
   250K .......... .......... .......... .......... .......... 98% 3.12M 0s
   300K ...                                                   100% 66.7M=0.1s

2018-05-16 14:29:11 (2.75 MB/s) - ‘../data/deliveryimages.acm.org/10.1145/3190000/3186028/images/www2018-37-fig3.jpg’ saved [310316/310316]

--2018-05-16 14:29:11--  http://deliveryimages.acm.org/10.1145/3190000/3186028/images/www2018-37-fig4.jpg
Connecting to deliveryimages.acm.org (deliveryimages.acm.org)|104.17.80.191|:80... connected.
HTTP request sent, awaiting response... 301 Moved Permanently
Location: https://deliveryimages.acm.org/10.1145/3190000/3186028/images/www2018-37-fig4.jpg [following]
--2018-05-16 14:29:11--  https://deliveryimages.acm.org/10.1145/3190000/3186028/images/www2018-37-fig4.jpg
Connecting to deliveryimages.acm.org (deliveryimages.acm.org)|104.17.80.191|:443... connected.
HTTP request sent, awaiting response... 200 OK
Length: 209314 (204K) [image/jpeg]
Saving to: ‘../data/deliveryimages.acm.org/10.1145/3190000/3186028/images/www2018-37-fig4.jpg’

     0K .......... .......... .......... .......... .......... 24% 1.66M 0s
    50K .......... .......... .......... .......... .......... 48% 3.01M 0s
   100K .......... .......... .......... .......... .......... 73% 4.73M 0s
   150K .......... .......... .......... .......... .......... 97% 3.60M 0s
   200K ....                                                  100% 85.7M=0.07s

2018-05-16 14:29:11 (2.86 MB/s) - ‘../data/deliveryimages.acm.org/10.1145/3190000/3186028/images/www2018-37-fig4.jpg’ saved [209314/209314]

FINISHED --2018-05-16 14:29:11--
Total wall clock time: 3.7s
Downloaded: 5 files, 1.0M in 1.7s (644 KB/s)
Converting links in ../data/delivery.acm.org/10.1145/3190000/3186028/p1297-tempelmeier.html?ip=24.48.71.56&id=3186028&acc=OPENTOC&key=4D4702B0C3E38B35.4D4702B0C3E38B35.4D4702B0C3E38B35.4DD68F0663C025AA&__acm__=1526495646_eb7e931944f199f5390ec4eb07c51edd... 110-0
Converted links in 1 files in 0.004 seconds.
