--2018-05-16 14:15:46--  http://delivery.acm.org/10.1145/3190000/3186036/p55-krivosheev.html?ip=24.48.71.56&id=3186036&acc=OPENTOC&key=4D4702B0C3E38B35%2E4D4702B0C3E38B35%2E4D4702B0C3E38B35%2E4DD68F0663C025AA&__acm__=1526494846_5e3833c176fe5f3face2b152cbfb8dd8
Resolving delivery.acm.org (delivery.acm.org)... 24.200.120.82, 24.200.120.90
Connecting to delivery.acm.org (delivery.acm.org)|24.200.120.82|:80... connected.
HTTP request sent, awaiting response... 200 OK
Length: 85062 (83K) [text/html]
Saving to: ‘../data/delivery.acm.org/10.1145/3190000/3186036/p55-krivosheev.html?ip=24.48.71.56&id=3186036&acc=OPENTOC&key=4D4702B0C3E38B35.4D4702B0C3E38B35.4D4702B0C3E38B35.4DD68F0663C025AA&__acm__=1526494846_5e3833c176fe5f3face2b152cbfb8dd8’

     0K .......... .......... .......... .......... .......... 60% 2.05M 0s
    50K .......... .......... .......... ...                  100% 3.68M=0.03s

2018-05-16 14:15:46 (2.49 MB/s) - ‘../data/delivery.acm.org/10.1145/3190000/3186036/p55-krivosheev.html?ip=24.48.71.56&id=3186036&acc=OPENTOC&key=4D4702B0C3E38B35.4D4702B0C3E38B35.4D4702B0C3E38B35.4DD68F0663C025AA&__acm__=1526494846_5e3833c176fe5f3face2b152cbfb8dd8’ saved [85062/85062]

--2018-05-16 14:15:46--  http://deliveryimages.acm.org/10.1145/3190000/3186036/images/www2018-45-fig1.jpg
Resolving deliveryimages.acm.org (deliveryimages.acm.org)... 104.17.79.191, 104.17.80.191
Connecting to deliveryimages.acm.org (deliveryimages.acm.org)|104.17.79.191|:80... connected.
HTTP request sent, awaiting response... 301 Moved Permanently
Location: https://deliveryimages.acm.org/10.1145/3190000/3186036/images/www2018-45-fig1.jpg [following]
--2018-05-16 14:15:46--  https://deliveryimages.acm.org/10.1145/3190000/3186036/images/www2018-45-fig1.jpg
Connecting to deliveryimages.acm.org (deliveryimages.acm.org)|104.17.79.191|:443... connected.
HTTP request sent, awaiting response... 200 OK
Length: 294935 (288K) [image/jpeg]
Saving to: ‘../data/deliveryimages.acm.org/10.1145/3190000/3186036/images/www2018-45-fig1.jpg’

     0K .......... .......... .......... .......... .......... 17% 1.08M 0s
    50K .......... .......... .......... .......... .......... 34% 2.29M 0s
   100K .......... .......... .......... .......... .......... 52% 4.81M 0s
   150K .......... .......... .......... .......... .......... 69% 2.17M 0s
   200K .......... .......... .......... .......... .......... 86% 9.76M 0s
   250K .......... .......... .......... ........             100% 4.18M=0.1s

2018-05-16 14:15:47 (2.48 MB/s) - ‘../data/deliveryimages.acm.org/10.1145/3190000/3186036/images/www2018-45-fig1.jpg’ saved [294935/294935]

--2018-05-16 14:15:47--  http://deliveryimages.acm.org/10.1145/3190000/3186036/images/www2018-45-img1.svg
Connecting to deliveryimages.acm.org (deliveryimages.acm.org)|104.17.79.191|:80... connected.
HTTP request sent, awaiting response... 301 Moved Permanently
Location: https://deliveryimages.acm.org/10.1145/3190000/3186036/images/www2018-45-img1.svg [following]
--2018-05-16 14:15:47--  https://deliveryimages.acm.org/10.1145/3190000/3186036/images/www2018-45-img1.svg
Connecting to deliveryimages.acm.org (deliveryimages.acm.org)|104.17.79.191|:443... connected.
HTTP request sent, awaiting response... 200 OK
Length: 162114 (158K) [image/svg+xml]
Saving to: ‘../data/deliveryimages.acm.org/10.1145/3190000/3186036/images/www2018-45-img1.svg’

     0K .......... .......... .......... .......... .......... 31% 1.24M 0s
    50K .......... .......... .......... .......... .......... 63% 2.88M 0s
   100K .......... .......... .......... .......... .......... 94% 5.39M 0s
   150K ........                                              100% 1.44M=0.07s

2018-05-16 14:15:47 (2.18 MB/s) - ‘../data/deliveryimages.acm.org/10.1145/3190000/3186036/images/www2018-45-img1.svg’ saved [162114/162114]

--2018-05-16 14:15:47--  http://deliveryimages.acm.org/10.1145/3190000/3186036/images/www2018-45-img2.svg
Connecting to deliveryimages.acm.org (deliveryimages.acm.org)|104.17.79.191|:80... connected.
HTTP request sent, awaiting response... 301 Moved Permanently
Location: https://deliveryimages.acm.org/10.1145/3190000/3186036/images/www2018-45-img2.svg [following]
--2018-05-16 14:15:47--  https://deliveryimages.acm.org/10.1145/3190000/3186036/images/www2018-45-img2.svg
Connecting to deliveryimages.acm.org (deliveryimages.acm.org)|104.17.79.191|:443... connected.
HTTP request sent, awaiting response... 200 OK
Length: 170045 (166K) [image/svg+xml]
Saving to: ‘../data/deliveryimages.acm.org/10.1145/3190000/3186036/images/www2018-45-img2.svg’

     0K .......... .......... .......... .......... .......... 30% 1.77M 0s
    50K .......... .......... .......... .......... .......... 60% 2.83M 0s
   100K .......... .......... .......... .......... .......... 90% 1.75M 0s
   150K .......... ......                                     100% 1.29M=0.08s

2018-05-16 14:15:47 (1.91 MB/s) - ‘../data/deliveryimages.acm.org/10.1145/3190000/3186036/images/www2018-45-img2.svg’ saved [170045/170045]

--2018-05-16 14:15:47--  http://deliveryimages.acm.org/10.1145/3190000/3186036/images/www2018-45-fig2.jpg
Connecting to deliveryimages.acm.org (deliveryimages.acm.org)|104.17.79.191|:80... connected.
HTTP request sent, awaiting response... 301 Moved Permanently
Location: https://deliveryimages.acm.org/10.1145/3190000/3186036/images/www2018-45-fig2.jpg [following]
--2018-05-16 14:15:47--  https://deliveryimages.acm.org/10.1145/3190000/3186036/images/www2018-45-fig2.jpg
Connecting to deliveryimages.acm.org (deliveryimages.acm.org)|104.17.79.191|:443... connected.
HTTP request sent, awaiting response... 200 OK
Length: 590057 (576K) [image/jpeg]
Saving to: ‘../data/deliveryimages.acm.org/10.1145/3190000/3186036/images/www2018-45-fig2.jpg’

     0K .......... .......... .......... .......... ..........  8%  758K 1s
    50K .......... .......... .......... .......... .......... 17% 2.06M 0s
   100K .......... .......... .......... .......... .......... 26% 3.79M 0s
   150K .......... .......... .......... .......... .......... 34% 4.34M 0s
   200K .......... .......... .......... .......... .......... 43% 2.65M 0s
   250K .......... .......... .......... .......... .......... 52% 3.28M 0s
   300K .......... .......... .......... .......... .......... 60% 3.88M 0s
   350K .......... .......... .......... .......... .......... 69% 2.67M 0s
   400K .......... .......... .......... .......... .......... 78% 4.46M 0s
   450K .......... .......... .......... .......... .......... 86% 1.09M 0s
   500K .......... .......... .......... .......... .......... 95% 1.97M 0s
   550K .......... .......... ......                          100% 3.28M=0.3s

2018-05-16 14:15:48 (2.11 MB/s) - ‘../data/deliveryimages.acm.org/10.1145/3190000/3186036/images/www2018-45-fig2.jpg’ saved [590057/590057]

--2018-05-16 14:15:48--  http://deliveryimages.acm.org/10.1145/3190000/3186036/images/www2018-45-fig3.jpg
Connecting to deliveryimages.acm.org (deliveryimages.acm.org)|104.17.79.191|:80... connected.
HTTP request sent, awaiting response... 301 Moved Permanently
Location: https://deliveryimages.acm.org/10.1145/3190000/3186036/images/www2018-45-fig3.jpg [following]
--2018-05-16 14:15:48--  https://deliveryimages.acm.org/10.1145/3190000/3186036/images/www2018-45-fig3.jpg
Connecting to deliveryimages.acm.org (deliveryimages.acm.org)|104.17.79.191|:443... connected.
HTTP request sent, awaiting response... 200 OK
Length: 304197 (297K) [image/jpeg]
Saving to: ‘../data/deliveryimages.acm.org/10.1145/3190000/3186036/images/www2018-45-fig3.jpg’

     0K .......... .......... .......... .......... .......... 16% 1.47M 0s
    50K .......... .......... .......... .......... .......... 33% 2.35M 0s
   100K .......... .......... .......... .......... .......... 50% 2.87M 0s
   150K .......... .......... .......... .......... .......... 67% 3.19M 0s
   200K .......... .......... .......... .......... .......... 84% 3.33M 0s
   250K .......... .......... .......... .......... .......   100% 3.36M=0.1s

2018-05-16 14:15:48 (2.53 MB/s) - ‘../data/deliveryimages.acm.org/10.1145/3190000/3186036/images/www2018-45-fig3.jpg’ saved [304197/304197]

--2018-05-16 14:15:48--  http://deliveryimages.acm.org/10.1145/3190000/3186036/images/www2018-45-fig4.jpg
Connecting to deliveryimages.acm.org (deliveryimages.acm.org)|104.17.79.191|:80... connected.
HTTP request sent, awaiting response... 301 Moved Permanently
Location: https://deliveryimages.acm.org/10.1145/3190000/3186036/images/www2018-45-fig4.jpg [following]
--2018-05-16 14:15:48--  https://deliveryimages.acm.org/10.1145/3190000/3186036/images/www2018-45-fig4.jpg
Connecting to deliveryimages.acm.org (deliveryimages.acm.org)|104.17.79.191|:443... connected.
HTTP request sent, awaiting response... 200 OK
Length: 241684 (236K) [image/jpeg]
Saving to: ‘../data/deliveryimages.acm.org/10.1145/3190000/3186036/images/www2018-45-fig4.jpg’

     0K .......... .......... .......... .......... .......... 21% 1.71M 0s
    50K .......... .......... .......... .......... .......... 42% 2.05M 0s
   100K .......... .......... .......... .......... .......... 63% 4.64M 0s
   150K .......... .......... .......... .......... .......... 84% 2.10M 0s
   200K .......... .......... .......... ......               100% 98.7M=0.09s

2018-05-16 14:15:48 (2.67 MB/s) - ‘../data/deliveryimages.acm.org/10.1145/3190000/3186036/images/www2018-45-fig4.jpg’ saved [241684/241684]

FINISHED --2018-05-16 14:15:48--
Total wall clock time: 2.5s
Downloaded: 7 files, 1.8M in 0.8s (2.29 MB/s)
Converting links in ../data/delivery.acm.org/10.1145/3190000/3186036/p55-krivosheev.html?ip=24.48.71.56&id=3186036&acc=OPENTOC&key=4D4702B0C3E38B35.4D4702B0C3E38B35.4D4702B0C3E38B35.4DD68F0663C025AA&__acm__=1526494846_5e3833c176fe5f3face2b152cbfb8dd8... 104-0
Converted links in 1 files in 0.003 seconds.
