--2018-05-16 14:37:30--  http://delivery.acm.org/10.1145/3190000/3186143/p955-robertson.html?ip=24.48.71.56&id=3186143&acc=OPENTOC&key=4D4702B0C3E38B35%2E4D4702B0C3E38B35%2E4D4702B0C3E38B35%2E4DD68F0663C025AA&__acm__=1526496150_d4b1698b0ad0bc0adde1bad6f7ccf3c4
Resolving delivery.acm.org (delivery.acm.org)... 24.200.120.82, 24.200.120.90
Connecting to delivery.acm.org (delivery.acm.org)|24.200.120.82|:80... connected.
HTTP request sent, awaiting response... 200 OK
Length: 107068 (105K) [text/html]
Saving to: ‘../data/delivery.acm.org/10.1145/3190000/3186143/p955-robertson.html?ip=24.48.71.56&id=3186143&acc=OPENTOC&key=4D4702B0C3E38B35.4D4702B0C3E38B35.4D4702B0C3E38B35.4DD68F0663C025AA&__acm__=1526496150_d4b1698b0ad0bc0adde1bad6f7ccf3c4’

     0K .......... .......... .......... .......... .......... 47% 1.81M 0s
    50K .......... .......... .......... .......... .......... 95% 3.74M 0s
   100K ....                                                  100% 8.48M=0.04s

2018-05-16 14:37:30 (2.52 MB/s) - ‘../data/delivery.acm.org/10.1145/3190000/3186143/p955-robertson.html?ip=24.48.71.56&id=3186143&acc=OPENTOC&key=4D4702B0C3E38B35.4D4702B0C3E38B35.4D4702B0C3E38B35.4DD68F0663C025AA&__acm__=1526496150_d4b1698b0ad0bc0adde1bad6f7ccf3c4’ saved [107068/107068]

--2018-05-16 14:37:30--  http://deliveryimages.acm.org/10.1145/3190000/3186143/images/www18companion-1-fig1.jpg
Resolving deliveryimages.acm.org (deliveryimages.acm.org)... 104.17.80.191, 104.17.79.191
Connecting to deliveryimages.acm.org (deliveryimages.acm.org)|104.17.80.191|:80... connected.
HTTP request sent, awaiting response... 301 Moved Permanently
Location: https://deliveryimages.acm.org/10.1145/3190000/3186143/images/www18companion-1-fig1.jpg [following]
--2018-05-16 14:37:30--  https://deliveryimages.acm.org/10.1145/3190000/3186143/images/www18companion-1-fig1.jpg
Connecting to deliveryimages.acm.org (deliveryimages.acm.org)|104.17.80.191|:443... connected.
HTTP request sent, awaiting response... 200 OK
Length: 243605 (238K) [image/jpeg]
Saving to: ‘../data/deliveryimages.acm.org/10.1145/3190000/3186143/images/www18companion-1-fig1.jpg’

     0K .......... .......... .......... .......... .......... 21% 1.50M 0s
    50K .......... .......... .......... .......... .......... 42% 3.49M 0s
   100K .......... .......... .......... .......... .......... 63% 4.10M 0s
   150K .......... .......... .......... .......... .......... 84% 3.32M 0s
   200K .......... .......... .......... .......              100% 6.01M=0.08s

2018-05-16 14:37:31 (2.93 MB/s) - ‘../data/deliveryimages.acm.org/10.1145/3190000/3186143/images/www18companion-1-fig1.jpg’ saved [243605/243605]

--2018-05-16 14:37:31--  http://deliveryimages.acm.org/10.1145/3190000/3186143/images/www18companion-1-fig9.jpg
Connecting to deliveryimages.acm.org (deliveryimages.acm.org)|104.17.80.191|:80... connected.
HTTP request sent, awaiting response... 301 Moved Permanently
Location: https://deliveryimages.acm.org/10.1145/3190000/3186143/images/www18companion-1-fig9.jpg [following]
--2018-05-16 14:37:31--  https://deliveryimages.acm.org/10.1145/3190000/3186143/images/www18companion-1-fig9.jpg
Connecting to deliveryimages.acm.org (deliveryimages.acm.org)|104.17.80.191|:443... connected.
HTTP request sent, awaiting response... 200 OK
Length: 81278 (79K) [image/jpeg]
Saving to: ‘../data/deliveryimages.acm.org/10.1145/3190000/3186143/images/www18companion-1-fig9.jpg’

     0K .......... .......... .......... .......... .......... 62% 1.33M 0s
    50K .......... .......... .........                       100% 3.56M=0.04s

2018-05-16 14:37:31 (1.73 MB/s) - ‘../data/deliveryimages.acm.org/10.1145/3190000/3186143/images/www18companion-1-fig9.jpg’ saved [81278/81278]

--2018-05-16 14:37:31--  http://deliveryimages.acm.org/10.1145/3190000/3186143/images/www18companion-1-fig10.jpg
Connecting to deliveryimages.acm.org (deliveryimages.acm.org)|104.17.80.191|:80... connected.
HTTP request sent, awaiting response... 301 Moved Permanently
Location: https://deliveryimages.acm.org/10.1145/3190000/3186143/images/www18companion-1-fig10.jpg [following]
--2018-05-16 14:37:31--  https://deliveryimages.acm.org/10.1145/3190000/3186143/images/www18companion-1-fig10.jpg
Connecting to deliveryimages.acm.org (deliveryimages.acm.org)|104.17.80.191|:443... connected.
HTTP request sent, awaiting response... 200 OK
Length: 89476 (87K) [image/jpeg]
Saving to: ‘../data/deliveryimages.acm.org/10.1145/3190000/3186143/images/www18companion-1-fig10.jpg’

     0K .......... .......... .......... .......... .......... 57% 75.1K 0s
    50K .......... .......... .......... .......              100% 4.30M=0.7s

2018-05-16 14:37:33 (130 KB/s) - ‘../data/deliveryimages.acm.org/10.1145/3190000/3186143/images/www18companion-1-fig10.jpg’ saved [89476/89476]

--2018-05-16 14:37:33--  http://deliveryimages.acm.org/10.1145/3190000/3186143/images/www18companion-1-fig11.jpg
Connecting to deliveryimages.acm.org (deliveryimages.acm.org)|104.17.80.191|:80... connected.
HTTP request sent, awaiting response... 301 Moved Permanently
Location: https://deliveryimages.acm.org/10.1145/3190000/3186143/images/www18companion-1-fig11.jpg [following]
--2018-05-16 14:37:33--  https://deliveryimages.acm.org/10.1145/3190000/3186143/images/www18companion-1-fig11.jpg
Connecting to deliveryimages.acm.org (deliveryimages.acm.org)|104.17.80.191|:443... connected.
HTTP request sent, awaiting response... 200 OK
Length: 17762 (17K) [image/jpeg]
Saving to: ‘../data/deliveryimages.acm.org/10.1145/3190000/3186143/images/www18companion-1-fig11.jpg’

     0K .......... .......                                    100% 1.09M=0.02s

2018-05-16 14:37:33 (1.09 MB/s) - ‘../data/deliveryimages.acm.org/10.1145/3190000/3186143/images/www18companion-1-fig11.jpg’ saved [17762/17762]

--2018-05-16 14:37:33--  http://deliveryimages.acm.org/10.1145/3190000/3186143/images/www18companion-1-fig12.jpg
Connecting to deliveryimages.acm.org (deliveryimages.acm.org)|104.17.80.191|:80... connected.
HTTP request sent, awaiting response... 301 Moved Permanently
Location: https://deliveryimages.acm.org/10.1145/3190000/3186143/images/www18companion-1-fig12.jpg [following]
--2018-05-16 14:37:33--  https://deliveryimages.acm.org/10.1145/3190000/3186143/images/www18companion-1-fig12.jpg
Connecting to deliveryimages.acm.org (deliveryimages.acm.org)|104.17.80.191|:443... connected.
HTTP request sent, awaiting response... 200 OK
Length: 54762 (53K) [image/jpeg]
Saving to: ‘../data/deliveryimages.acm.org/10.1145/3190000/3186143/images/www18companion-1-fig12.jpg’

     0K .......... .......... .......... .......... .......... 93%  369K 0s
    50K ...                                                   100% 29.9M=0.1s

2018-05-16 14:37:33 (394 KB/s) - ‘../data/deliveryimages.acm.org/10.1145/3190000/3186143/images/www18companion-1-fig12.jpg’ saved [54762/54762]

--2018-05-16 14:37:33--  http://deliveryimages.acm.org/10.1145/3190000/3186143/images/www18companion-1-fig13.jpg
Connecting to deliveryimages.acm.org (deliveryimages.acm.org)|104.17.80.191|:80... connected.
HTTP request sent, awaiting response... 301 Moved Permanently
Location: https://deliveryimages.acm.org/10.1145/3190000/3186143/images/www18companion-1-fig13.jpg [following]
--2018-05-16 14:37:33--  https://deliveryimages.acm.org/10.1145/3190000/3186143/images/www18companion-1-fig13.jpg
Connecting to deliveryimages.acm.org (deliveryimages.acm.org)|104.17.80.191|:443... connected.
HTTP request sent, awaiting response... 200 OK
Length: 55676 (54K) [image/jpeg]
Saving to: ‘../data/deliveryimages.acm.org/10.1145/3190000/3186143/images/www18companion-1-fig13.jpg’

     0K .......... .......... .......... .......... .......... 91% 1.51M 0s
    50K ....                                                  100% 22.3M=0.03s

2018-05-16 14:37:34 (1.63 MB/s) - ‘../data/deliveryimages.acm.org/10.1145/3190000/3186143/images/www18companion-1-fig13.jpg’ saved [55676/55676]

--2018-05-16 14:37:34--  http://deliveryimages.acm.org/10.1145/3190000/3186143/images/www18companion-1-fig14.jpg
Connecting to deliveryimages.acm.org (deliveryimages.acm.org)|104.17.80.191|:80... connected.
HTTP request sent, awaiting response... 301 Moved Permanently
Location: https://deliveryimages.acm.org/10.1145/3190000/3186143/images/www18companion-1-fig14.jpg [following]
--2018-05-16 14:37:34--  https://deliveryimages.acm.org/10.1145/3190000/3186143/images/www18companion-1-fig14.jpg
Connecting to deliveryimages.acm.org (deliveryimages.acm.org)|104.17.80.191|:443... connected.
HTTP request sent, awaiting response... 200 OK
Length: 97341 (95K) [image/jpeg]
Saving to: ‘../data/deliveryimages.acm.org/10.1145/3190000/3186143/images/www18companion-1-fig14.jpg’

     0K .......... .......... .......... .......... .......... 52%  780K 0s
    50K .......... .......... .......... .......... .....     100%  928K=0.1s

2018-05-16 14:37:34 (844 KB/s) - ‘../data/deliveryimages.acm.org/10.1145/3190000/3186143/images/www18companion-1-fig14.jpg’ saved [97341/97341]

--2018-05-16 14:37:34--  http://deliveryimages.acm.org/10.1145/3190000/3186143/images/www18companion-1-fig15.jpg
Connecting to deliveryimages.acm.org (deliveryimages.acm.org)|104.17.80.191|:80... connected.
HTTP request sent, awaiting response... 301 Moved Permanently
Location: https://deliveryimages.acm.org/10.1145/3190000/3186143/images/www18companion-1-fig15.jpg [following]
--2018-05-16 14:37:34--  https://deliveryimages.acm.org/10.1145/3190000/3186143/images/www18companion-1-fig15.jpg
Connecting to deliveryimages.acm.org (deliveryimages.acm.org)|104.17.80.191|:443... connected.
HTTP request sent, awaiting response... 200 OK
Length: 57505 (56K) [image/jpeg]
Saving to: ‘../data/deliveryimages.acm.org/10.1145/3190000/3186143/images/www18companion-1-fig15.jpg’

     0K .......... .......... .......... .......... .......... 89% 1.32M 0s
    50K ......                                                100% 2.84M=0.04s

2018-05-16 14:37:34 (1.40 MB/s) - ‘../data/deliveryimages.acm.org/10.1145/3190000/3186143/images/www18companion-1-fig15.jpg’ saved [57505/57505]

FINISHED --2018-05-16 14:37:34--
Total wall clock time: 4.2s
Downloaded: 9 files, 786K in 1.2s (669 KB/s)
Converting links in ../data/delivery.acm.org/10.1145/3190000/3186143/p955-robertson.html?ip=24.48.71.56&id=3186143&acc=OPENTOC&key=4D4702B0C3E38B35.4D4702B0C3E38B35.4D4702B0C3E38B35.4DD68F0663C025AA&__acm__=1526496150_d4b1698b0ad0bc0adde1bad6f7ccf3c4... 196-0
Converted links in 1 files in 0.006 seconds.
