--2018-05-16 15:08:37--  http://delivery.acm.org/10.1145/3200000/3192316/p1479-koesten.pdf?ip=24.48.71.56&id=3192316&acc=OPENTOC&key=4D4702B0C3E38B35%2E4D4702B0C3E38B35%2E4D4702B0C3E38B35%2E4DD68F0663C025AA&__acm__=1526498017_77eb1a9700e0754c18dd88009f1bd34c
Resolving delivery.acm.org (delivery.acm.org)... 24.200.120.82, 24.200.120.90
Connecting to delivery.acm.org (delivery.acm.org)|24.200.120.82|:80... connected.
HTTP request sent, awaiting response... 200 OK
Length: 1200892 (1.1M) [application/pdf]
Saving to: ‘../data/delivery.acm.org/10.1145/3200000/3192316/p1479-koesten.pdf?ip=24.48.71.56&id=3192316&acc=OPENTOC&key=4D4702B0C3E38B35.4D4702B0C3E38B35.4D4702B0C3E38B35.4DD68F0663C025AA&__acm__=1526498017_77eb1a9700e0754c18dd88009f1bd34c’

     0K .......... .......... .......... .......... ..........  4% 3.18M 0s
    50K .......... .......... .......... .......... ..........  8%  924K 1s
   100K .......... .......... .......... .......... .......... 12% 4.17M 1s
   150K .......... .......... .......... .......... .......... 17% 3.21M 0s
   200K .......... .......... .......... .......... .......... 21% 5.48M 0s
   250K .......... .......... .......... .......... .......... 25%  637K 1s
   300K .......... .......... .......... .......... .......... 29%  186M 0s
   350K .......... .......... .......... .......... .......... 34% 1.89M 0s
   400K .......... .......... .......... .......... .......... 38% 23.7M 0s
   450K .......... .......... .......... .......... .......... 42% 4.37M 0s
   500K .......... .......... .......... .......... .......... 46% 4.49M 0s
   550K .......... .......... .......... .......... .......... 51% 11.2M 0s
   600K .......... .......... .......... .......... .......... 55% 1.44M 0s
   650K .......... .......... .......... .......... .......... 59% 8.74M 0s
   700K .......... .......... .......... .......... .......... 63% 3.18M 0s
   750K .......... .......... .......... .......... .......... 68% 3.00M 0s
   800K .......... .......... .......... .......... .......... 72% 3.82M 0s
   850K .......... .......... .......... .......... .......... 76%  147M 0s
   900K .......... .......... .......... .......... .......... 81% 3.15M 0s
   950K .......... .......... .......... .......... .......... 85%  130M 0s
  1000K .......... .......... .......... .......... .......... 89% 3.86M 0s
  1050K .......... .......... .......... .......... .......... 93% 2.00M 0s
  1100K .......... .......... .......... .......... .......... 98%  621K 0s
  1150K .......... .......... ..                              100% 3.41M=0.5s

2018-05-16 15:08:38 (2.48 MB/s) - ‘../data/delivery.acm.org/10.1145/3200000/3192316/p1479-koesten.pdf?ip=24.48.71.56&id=3192316&acc=OPENTOC&key=4D4702B0C3E38B35.4D4702B0C3E38B35.4D4702B0C3E38B35.4DD68F0663C025AA&__acm__=1526498017_77eb1a9700e0754c18dd88009f1bd34c’ saved [1200892/1200892]

FINISHED --2018-05-16 15:08:38--
Total wall clock time: 0.8s
Downloaded: 1 files, 1.1M in 0.5s (2.48 MB/s)
Converted links in 0 files in 0 seconds.
