--2018-05-16 14:16:13--  http://delivery.acm.org/10.1145/3190000/3186034/p33-ma.html?ip=24.48.71.56&id=3186034&acc=OPENTOC&key=4D4702B0C3E38B35%2E4D4702B0C3E38B35%2E4D4702B0C3E38B35%2E4DD68F0663C025AA&__acm__=1526494873_4f2fdd64a7a29344b9b28664cfe01800
Resolving delivery.acm.org (delivery.acm.org)... 24.200.120.90, 24.200.120.82
Connecting to delivery.acm.org (delivery.acm.org)|24.200.120.90|:80... connected.
HTTP request sent, awaiting response... 200 OK
Length: 108661 (106K) [text/html]
Saving to: ‘../data/delivery.acm.org/10.1145/3190000/3186034/p33-ma.html?ip=24.48.71.56&id=3186034&acc=OPENTOC&key=4D4702B0C3E38B35.4D4702B0C3E38B35.4D4702B0C3E38B35.4DD68F0663C025AA&__acm__=1526494873_4f2fdd64a7a29344b9b28664cfe01800’

     0K .......... .......... .......... .......... .......... 47% 2.50M 0s
    50K .......... .......... .......... .......... .......... 94% 2.04M 0s
   100K ......                                                100%  106M=0.04s

2018-05-16 14:16:13 (2.38 MB/s) - ‘../data/delivery.acm.org/10.1145/3190000/3186034/p33-ma.html?ip=24.48.71.56&id=3186034&acc=OPENTOC&key=4D4702B0C3E38B35.4D4702B0C3E38B35.4D4702B0C3E38B35.4DD68F0663C025AA&__acm__=1526494873_4f2fdd64a7a29344b9b28664cfe01800’ saved [108661/108661]

--2018-05-16 14:16:13--  http://deliveryimages.acm.org/10.1145/3190000/3186034/images/www2018-43-fig1.jpg
Resolving deliveryimages.acm.org (deliveryimages.acm.org)... 104.17.79.191, 104.17.80.191
Connecting to deliveryimages.acm.org (deliveryimages.acm.org)|104.17.79.191|:80... connected.
HTTP request sent, awaiting response... 301 Moved Permanently
Location: https://deliveryimages.acm.org/10.1145/3190000/3186034/images/www2018-43-fig1.jpg [following]
--2018-05-16 14:16:13--  https://deliveryimages.acm.org/10.1145/3190000/3186034/images/www2018-43-fig1.jpg
Connecting to deliveryimages.acm.org (deliveryimages.acm.org)|104.17.79.191|:443... connected.
HTTP request sent, awaiting response... 200 OK
Length: 58438 (57K) [image/jpeg]
Saving to: ‘../data/deliveryimages.acm.org/10.1145/3190000/3186034/images/www2018-43-fig1.jpg’

     0K .......... .......... .......... .......... .......... 87%  931K 0s
    50K .......                                               100% 2.19M=0.06s

2018-05-16 14:16:14 (1003 KB/s) - ‘../data/deliveryimages.acm.org/10.1145/3190000/3186034/images/www2018-43-fig1.jpg’ saved [58438/58438]

--2018-05-16 14:16:14--  http://deliveryimages.acm.org/10.1145/3190000/3186034/images/www2018-43-graphic2.jpg
Connecting to deliveryimages.acm.org (deliveryimages.acm.org)|104.17.79.191|:80... connected.
HTTP request sent, awaiting response... 301 Moved Permanently
Location: https://deliveryimages.acm.org/10.1145/3190000/3186034/images/www2018-43-graphic2.jpg [following]
--2018-05-16 14:16:14--  https://deliveryimages.acm.org/10.1145/3190000/3186034/images/www2018-43-graphic2.jpg
Connecting to deliveryimages.acm.org (deliveryimages.acm.org)|104.17.79.191|:443... connected.
HTTP request sent, awaiting response... 200 OK
Length: 5349 (5.2K) [image/jpeg]
Saving to: ‘../data/deliveryimages.acm.org/10.1145/3190000/3186034/images/www2018-43-graphic2.jpg’

     0K .....                                                 100% 2.95M=0.002s

2018-05-16 14:16:14 (2.95 MB/s) - ‘../data/deliveryimages.acm.org/10.1145/3190000/3186034/images/www2018-43-graphic2.jpg’ saved [5349/5349]

--2018-05-16 14:16:14--  http://deliveryimages.acm.org/10.1145/3190000/3186034/images/www2018-43-graphic6.jpg
Connecting to deliveryimages.acm.org (deliveryimages.acm.org)|104.17.79.191|:80... connected.
HTTP request sent, awaiting response... 301 Moved Permanently
Location: https://deliveryimages.acm.org/10.1145/3190000/3186034/images/www2018-43-graphic6.jpg [following]
--2018-05-16 14:16:14--  https://deliveryimages.acm.org/10.1145/3190000/3186034/images/www2018-43-graphic6.jpg
Connecting to deliveryimages.acm.org (deliveryimages.acm.org)|104.17.79.191|:443... connected.
HTTP request sent, awaiting response... 200 OK
Length: 24042 (23K) [image/jpeg]
Saving to: ‘../data/deliveryimages.acm.org/10.1145/3190000/3186034/images/www2018-43-graphic6.jpg’

     0K .......... .......... ...                             100%  916K=0.03s

2018-05-16 14:16:14 (916 KB/s) - ‘../data/deliveryimages.acm.org/10.1145/3190000/3186034/images/www2018-43-graphic6.jpg’ saved [24042/24042]

--2018-05-16 14:16:14--  http://deliveryimages.acm.org/10.1145/3190000/3186034/images/www2018-43-graphic7.jpg
Connecting to deliveryimages.acm.org (deliveryimages.acm.org)|104.17.79.191|:80... connected.
HTTP request sent, awaiting response... 301 Moved Permanently
Location: https://deliveryimages.acm.org/10.1145/3190000/3186034/images/www2018-43-graphic7.jpg [following]
--2018-05-16 14:16:14--  https://deliveryimages.acm.org/10.1145/3190000/3186034/images/www2018-43-graphic7.jpg
Connecting to deliveryimages.acm.org (deliveryimages.acm.org)|104.17.79.191|:443... connected.
HTTP request sent, awaiting response... 200 OK
Length: 24469 (24K) [image/jpeg]
Saving to: ‘../data/deliveryimages.acm.org/10.1145/3190000/3186034/images/www2018-43-graphic7.jpg’

     0K .......... .......... ...                             100% 1.26M=0.02s

2018-05-16 14:16:15 (1.26 MB/s) - ‘../data/deliveryimages.acm.org/10.1145/3190000/3186034/images/www2018-43-graphic7.jpg’ saved [24469/24469]

--2018-05-16 14:16:15--  http://deliveryimages.acm.org/10.1145/3190000/3186034/images/www2018-43-fig2.jpg
Connecting to deliveryimages.acm.org (deliveryimages.acm.org)|104.17.79.191|:80... connected.
HTTP request sent, awaiting response... 301 Moved Permanently
Location: https://deliveryimages.acm.org/10.1145/3190000/3186034/images/www2018-43-fig2.jpg [following]
--2018-05-16 14:16:15--  https://deliveryimages.acm.org/10.1145/3190000/3186034/images/www2018-43-fig2.jpg
Connecting to deliveryimages.acm.org (deliveryimages.acm.org)|104.17.79.191|:443... connected.
HTTP request sent, awaiting response... 200 OK
Length: 91935 (90K) [image/jpeg]
Saving to: ‘../data/deliveryimages.acm.org/10.1145/3190000/3186034/images/www2018-43-fig2.jpg’

     0K .......... .......... .......... .......... .......... 55% 1.75M 0s
    50K .......... .......... .......... .........            100% 3.71M=0.04s

2018-05-16 14:16:15 (2.28 MB/s) - ‘../data/deliveryimages.acm.org/10.1145/3190000/3186034/images/www2018-43-fig2.jpg’ saved [91935/91935]

--2018-05-16 14:16:15--  http://deliveryimages.acm.org/10.1145/3190000/3186034/images/www2018-43-fig3.jpg
Connecting to deliveryimages.acm.org (deliveryimages.acm.org)|104.17.79.191|:80... connected.
HTTP request sent, awaiting response... 301 Moved Permanently
Location: https://deliveryimages.acm.org/10.1145/3190000/3186034/images/www2018-43-fig3.jpg [following]
--2018-05-16 14:16:15--  https://deliveryimages.acm.org/10.1145/3190000/3186034/images/www2018-43-fig3.jpg
Connecting to deliveryimages.acm.org (deliveryimages.acm.org)|104.17.79.191|:443... connected.
HTTP request sent, awaiting response... 200 OK
Length: 23167 (23K) [image/jpeg]
Saving to: ‘../data/deliveryimages.acm.org/10.1145/3190000/3186034/images/www2018-43-fig3.jpg’

     0K .......... .......... ..                              100%  813K=0.03s

2018-05-16 14:16:15 (813 KB/s) - ‘../data/deliveryimages.acm.org/10.1145/3190000/3186034/images/www2018-43-fig3.jpg’ saved [23167/23167]

--2018-05-16 14:16:15--  http://deliveryimages.acm.org/10.1145/3190000/3186034/images/www2018-43-fig4.jpg
Connecting to deliveryimages.acm.org (deliveryimages.acm.org)|104.17.79.191|:80... connected.
HTTP request sent, awaiting response... 301 Moved Permanently
Location: https://deliveryimages.acm.org/10.1145/3190000/3186034/images/www2018-43-fig4.jpg [following]
--2018-05-16 14:16:15--  https://deliveryimages.acm.org/10.1145/3190000/3186034/images/www2018-43-fig4.jpg
Connecting to deliveryimages.acm.org (deliveryimages.acm.org)|104.17.79.191|:443... connected.
HTTP request sent, awaiting response... 200 OK
Length: 27858 (27K) [image/jpeg]
Saving to: ‘../data/deliveryimages.acm.org/10.1145/3190000/3186034/images/www2018-43-fig4.jpg’

     0K .......... .......... .......                         100% 1.65M=0.02s

2018-05-16 14:16:16 (1.65 MB/s) - ‘../data/deliveryimages.acm.org/10.1145/3190000/3186034/images/www2018-43-fig4.jpg’ saved [27858/27858]

FINISHED --2018-05-16 14:16:16--
Total wall clock time: 2.6s
Downloaded: 8 files, 355K in 0.2s (1.52 MB/s)
Converting links in ../data/delivery.acm.org/10.1145/3190000/3186034/p33-ma.html?ip=24.48.71.56&id=3186034&acc=OPENTOC&key=4D4702B0C3E38B35.4D4702B0C3E38B35.4D4702B0C3E38B35.4DD68F0663C025AA&__acm__=1526494873_4f2fdd64a7a29344b9b28664cfe01800... 176-0
Converted links in 1 files in 0.004 seconds.
