--2018-05-16 15:22:51--  http://delivery.acm.org/10.1145/3190000/3186346/p343-chen.html?ip=24.48.71.56&id=3186346&acc=OPENTOC&key=4D4702B0C3E38B35%2E4D4702B0C3E38B35%2E4D4702B0C3E38B35%2E4DD68F0663C025AA&__acm__=1526498870_27f6093a3e57b01acdf502b35f657a75
Resolving delivery.acm.org (delivery.acm.org)... 24.200.120.90, 24.200.120.82
Connecting to delivery.acm.org (delivery.acm.org)|24.200.120.90|:80... connected.
HTTP request sent, awaiting response... 200 OK
Length: 71724 (70K) [text/html]
Saving to: ‘../data/delivery.acm.org/10.1145/3190000/3186346/p343-chen.html?ip=24.48.71.56&id=3186346&acc=OPENTOC&key=4D4702B0C3E38B35.4D4702B0C3E38B35.4D4702B0C3E38B35.4DD68F0663C025AA&__acm__=1526498870_27f6093a3e57b01acdf502b35f657a75’

     0K .......... .......... .......... .......... .......... 71% 2.21M 0s
    50K .......... ..........                                 100%  103M=0.02s

2018-05-16 15:22:51 (3.07 MB/s) - ‘../data/delivery.acm.org/10.1145/3190000/3186346/p343-chen.html?ip=24.48.71.56&id=3186346&acc=OPENTOC&key=4D4702B0C3E38B35.4D4702B0C3E38B35.4D4702B0C3E38B35.4DD68F0663C025AA&__acm__=1526498870_27f6093a3e57b01acdf502b35f657a75’ saved [71724/71724]

--2018-05-16 15:22:51--  http://deliveryimages.acm.org/10.1145/3190000/3186346/images/www18companion-108-fig1.jpg
Resolving deliveryimages.acm.org (deliveryimages.acm.org)... 104.17.80.191, 104.17.79.191
Connecting to deliveryimages.acm.org (deliveryimages.acm.org)|104.17.80.191|:80... connected.
HTTP request sent, awaiting response... 301 Moved Permanently
Location: https://deliveryimages.acm.org/10.1145/3190000/3186346/images/www18companion-108-fig1.jpg [following]
--2018-05-16 15:22:51--  https://deliveryimages.acm.org/10.1145/3190000/3186346/images/www18companion-108-fig1.jpg
Connecting to deliveryimages.acm.org (deliveryimages.acm.org)|104.17.80.191|:443... connected.
HTTP request sent, awaiting response... 200 OK
Length: 91510 (89K) [image/jpeg]
Saving to: ‘../data/deliveryimages.acm.org/10.1145/3190000/3186346/images/www18companion-108-fig1.jpg’

     0K .......... .......... .......... .......... .......... 55% 1.48M 0s
    50K .......... .......... .......... .........            100% 3.88M=0.04s

2018-05-16 15:22:51 (2.04 MB/s) - ‘../data/deliveryimages.acm.org/10.1145/3190000/3186346/images/www18companion-108-fig1.jpg’ saved [91510/91510]

--2018-05-16 15:22:51--  http://deliveryimages.acm.org/10.1145/3190000/3186346/images/www18companion-108-fig2.jpg
Connecting to deliveryimages.acm.org (deliveryimages.acm.org)|104.17.80.191|:80... connected.
HTTP request sent, awaiting response... 301 Moved Permanently
Location: https://deliveryimages.acm.org/10.1145/3190000/3186346/images/www18companion-108-fig2.jpg [following]
--2018-05-16 15:22:51--  https://deliveryimages.acm.org/10.1145/3190000/3186346/images/www18companion-108-fig2.jpg
Connecting to deliveryimages.acm.org (deliveryimages.acm.org)|104.17.80.191|:443... connected.
HTTP request sent, awaiting response... 200 OK
Length: 179566 (175K) [image/jpeg]
Saving to: ‘../data/deliveryimages.acm.org/10.1145/3190000/3186346/images/www18companion-108-fig2.jpg’

     0K .......... .......... .......... .......... .......... 28% 1.01M 0s
    50K .......... .......... .......... .......... .......... 57% 3.93M 0s
   100K .......... .......... .......... .......... .......... 85% 3.87M 0s
   150K .......... .......... .....                           100% 2.95M=0.08s

2018-05-16 15:22:51 (2.09 MB/s) - ‘../data/deliveryimages.acm.org/10.1145/3190000/3186346/images/www18companion-108-fig2.jpg’ saved [179566/179566]

--2018-05-16 15:22:51--  http://deliveryimages.acm.org/10.1145/3190000/3186346/images/www18companion-108-fig3.jpg
Connecting to deliveryimages.acm.org (deliveryimages.acm.org)|104.17.80.191|:80... connected.
HTTP request sent, awaiting response... 301 Moved Permanently
Location: https://deliveryimages.acm.org/10.1145/3190000/3186346/images/www18companion-108-fig3.jpg [following]
--2018-05-16 15:22:51--  https://deliveryimages.acm.org/10.1145/3190000/3186346/images/www18companion-108-fig3.jpg
Connecting to deliveryimages.acm.org (deliveryimages.acm.org)|104.17.80.191|:443... connected.
HTTP request sent, awaiting response... 200 OK
Length: 82496 (81K) [image/jpeg]
Saving to: ‘../data/deliveryimages.acm.org/10.1145/3190000/3186346/images/www18companion-108-fig3.jpg’

     0K .......... .......... .......... .......... .......... 62% 1.45M 0s
    50K .......... .......... ..........                      100% 4.03M=0.04s

2018-05-16 15:22:52 (1.91 MB/s) - ‘../data/deliveryimages.acm.org/10.1145/3190000/3186346/images/www18companion-108-fig3.jpg’ saved [82496/82496]

--2018-05-16 15:22:52--  http://deliveryimages.acm.org/10.1145/3190000/3186346/images/www18companion-108-fig4.jpg
Connecting to deliveryimages.acm.org (deliveryimages.acm.org)|104.17.80.191|:80... connected.
HTTP request sent, awaiting response... 301 Moved Permanently
Location: https://deliveryimages.acm.org/10.1145/3190000/3186346/images/www18companion-108-fig4.jpg [following]
--2018-05-16 15:22:52--  https://deliveryimages.acm.org/10.1145/3190000/3186346/images/www18companion-108-fig4.jpg
Connecting to deliveryimages.acm.org (deliveryimages.acm.org)|104.17.80.191|:443... connected.
HTTP request sent, awaiting response... 200 OK
Length: 192919 (188K) [image/jpeg]
Saving to: ‘../data/deliveryimages.acm.org/10.1145/3190000/3186346/images/www18companion-108-fig4.jpg’

     0K .......... .......... .......... .......... .......... 26% 1.17M 0s
    50K .......... .......... .......... .......... .......... 53% 4.05M 0s
   100K .......... .......... .......... .......... .......... 79% 3.46M 0s
   150K .......... .......... .......... ........             100% 1.69M=0.09s

2018-05-16 15:22:52 (2.04 MB/s) - ‘../data/deliveryimages.acm.org/10.1145/3190000/3186346/images/www18companion-108-fig4.jpg’ saved [192919/192919]

--2018-05-16 15:22:52--  http://deliveryimages.acm.org/10.1145/3190000/3186346/images/www18companion-108-fig5.jpg
Connecting to deliveryimages.acm.org (deliveryimages.acm.org)|104.17.80.191|:80... connected.
HTTP request sent, awaiting response... 301 Moved Permanently
Location: https://deliveryimages.acm.org/10.1145/3190000/3186346/images/www18companion-108-fig5.jpg [following]
--2018-05-16 15:22:52--  https://deliveryimages.acm.org/10.1145/3190000/3186346/images/www18companion-108-fig5.jpg
Connecting to deliveryimages.acm.org (deliveryimages.acm.org)|104.17.80.191|:443... connected.
HTTP request sent, awaiting response... 200 OK
Length: 105812 (103K) [image/jpeg]
Saving to: ‘../data/deliveryimages.acm.org/10.1145/3190000/3186346/images/www18companion-108-fig5.jpg’

     0K .......... .......... .......... .......... .......... 48% 1.70M 0s
    50K .......... .......... .......... .......... .......... 96% 2.68M 0s
   100K ...                                                   100% 6355G=0.05s

2018-05-16 15:22:52 (2.15 MB/s) - ‘../data/deliveryimages.acm.org/10.1145/3190000/3186346/images/www18companion-108-fig5.jpg’ saved [105812/105812]

--2018-05-16 15:22:52--  http://deliveryimages.acm.org/10.1145/3190000/3186346/images/www18companion-108-fig6.jpg
Connecting to deliveryimages.acm.org (deliveryimages.acm.org)|104.17.80.191|:80... connected.
HTTP request sent, awaiting response... 301 Moved Permanently
Location: https://deliveryimages.acm.org/10.1145/3190000/3186346/images/www18companion-108-fig6.jpg [following]
--2018-05-16 15:22:52--  https://deliveryimages.acm.org/10.1145/3190000/3186346/images/www18companion-108-fig6.jpg
Connecting to deliveryimages.acm.org (deliveryimages.acm.org)|104.17.80.191|:443... connected.
HTTP request sent, awaiting response... 200 OK
Length: 488518 (477K) [image/jpeg]
Saving to: ‘../data/deliveryimages.acm.org/10.1145/3190000/3186346/images/www18companion-108-fig6.jpg’

     0K .......... .......... .......... .......... .......... 10% 1.39M 0s
    50K .......... .......... .......... .......... .......... 20% 3.18M 0s
   100K .......... .......... .......... .......... .......... 31% 2.40M 0s
   150K .......... .......... .......... .......... .......... 41% 1.90M 0s
   200K .......... .......... .......... .......... .......... 52%  166M 0s
   250K .......... .......... .......... .......... .......... 62% 4.78M 0s
   300K .......... .......... .......... .......... .......... 73% 4.21M 0s
   350K .......... .......... .......... .......... .......... 83% 3.02M 0s
   400K .......... .......... .......... .......... .......... 94% 5.51M 0s
   450K .......... .......... .......                         100% 7.28M=0.1s

2018-05-16 15:22:53 (3.16 MB/s) - ‘../data/deliveryimages.acm.org/10.1145/3190000/3186346/images/www18companion-108-fig6.jpg’ saved [488518/488518]

FINISHED --2018-05-16 15:22:53--
Total wall clock time: 2.3s
Downloaded: 7 files, 1.2M in 0.5s (2.45 MB/s)
Converting links in ../data/delivery.acm.org/10.1145/3190000/3186346/p343-chen.html?ip=24.48.71.56&id=3186346&acc=OPENTOC&key=4D4702B0C3E38B35.4D4702B0C3E38B35.4D4702B0C3E38B35.4DD68F0663C025AA&__acm__=1526498870_27f6093a3e57b01acdf502b35f657a75... 61-0
Converted links in 1 files in 0.002 seconds.
