--2018-05-16 14:30:12--  http://delivery.acm.org/10.1145/3190000/3186016/p1175-gonzalez.html?ip=24.48.71.56&id=3186016&acc=OPENTOC&key=4D4702B0C3E38B35%2E4D4702B0C3E38B35%2E4D4702B0C3E38B35%2E4DD68F0663C025AA&__acm__=1526495712_8c1fdec72c9f5dc4b173126881d75e58
Resolving delivery.acm.org (delivery.acm.org)... 24.200.120.82, 24.200.120.90
Connecting to delivery.acm.org (delivery.acm.org)|24.200.120.82|:80... connected.
HTTP request sent, awaiting response... 200 OK
Length: 109558 (107K) [text/html]
Saving to: ‘../data/delivery.acm.org/10.1145/3190000/3186016/p1175-gonzalez.html?ip=24.48.71.56&id=3186016&acc=OPENTOC&key=4D4702B0C3E38B35.4D4702B0C3E38B35.4D4702B0C3E38B35.4DD68F0663C025AA&__acm__=1526495712_8c1fdec72c9f5dc4b173126881d75e58’

     0K .......... .......... .......... .......... .......... 46% 1.89M 0s
    50K .......... .......... .......... .......... .......... 93% 3.02M 0s
   100K ......                                                100% 2.16M=0.05s

2018-05-16 14:30:13 (2.31 MB/s) - ‘../data/delivery.acm.org/10.1145/3190000/3186016/p1175-gonzalez.html?ip=24.48.71.56&id=3186016&acc=OPENTOC&key=4D4702B0C3E38B35.4D4702B0C3E38B35.4D4702B0C3E38B35.4DD68F0663C025AA&__acm__=1526495712_8c1fdec72c9f5dc4b173126881d75e58’ saved [109558/109558]

--2018-05-16 14:30:13--  http://deliveryimages.acm.org/10.1145/3190000/3186016/images/www2018-25-fig1.jpg
Resolving deliveryimages.acm.org (deliveryimages.acm.org)... 104.17.80.191, 104.17.79.191
Connecting to deliveryimages.acm.org (deliveryimages.acm.org)|104.17.80.191|:80... connected.
HTTP request sent, awaiting response... 301 Moved Permanently
Location: https://deliveryimages.acm.org/10.1145/3190000/3186016/images/www2018-25-fig1.jpg [following]
--2018-05-16 14:30:13--  https://deliveryimages.acm.org/10.1145/3190000/3186016/images/www2018-25-fig1.jpg
Connecting to deliveryimages.acm.org (deliveryimages.acm.org)|104.17.80.191|:443... connected.
HTTP request sent, awaiting response... 200 OK
Length: 115669 (113K) [image/jpeg]
Saving to: ‘../data/deliveryimages.acm.org/10.1145/3190000/3186016/images/www2018-25-fig1.jpg’

     0K .......... .......... .......... .......... .......... 44%  843K 0s
    50K .......... .......... .......... .......... .......... 88%  809K 0s
   100K .......... ..                                         100% 1.45M=0.1s

2018-05-16 14:30:13 (870 KB/s) - ‘../data/deliveryimages.acm.org/10.1145/3190000/3186016/images/www2018-25-fig1.jpg’ saved [115669/115669]

--2018-05-16 14:30:13--  http://deliveryimages.acm.org/10.1145/3190000/3186016/images/www2018-25-fig2.jpg
Connecting to deliveryimages.acm.org (deliveryimages.acm.org)|104.17.80.191|:80... connected.
HTTP request sent, awaiting response... 301 Moved Permanently
Location: https://deliveryimages.acm.org/10.1145/3190000/3186016/images/www2018-25-fig2.jpg [following]
--2018-05-16 14:30:13--  https://deliveryimages.acm.org/10.1145/3190000/3186016/images/www2018-25-fig2.jpg
Connecting to deliveryimages.acm.org (deliveryimages.acm.org)|104.17.80.191|:443... connected.
HTTP request sent, awaiting response... 200 OK
Length: 56652 (55K) [image/jpeg]
Saving to: ‘../data/deliveryimages.acm.org/10.1145/3190000/3186016/images/www2018-25-fig2.jpg’

     0K .......... .......... .......... .......... .......... 90%  751K 0s
    50K .....                                                 100% 1.11M=0.07s

2018-05-16 14:30:13 (776 KB/s) - ‘../data/deliveryimages.acm.org/10.1145/3190000/3186016/images/www2018-25-fig2.jpg’ saved [56652/56652]

--2018-05-16 14:30:13--  http://deliveryimages.acm.org/10.1145/3190000/3186016/images/www2018-25-fig3.jpg
Connecting to deliveryimages.acm.org (deliveryimages.acm.org)|104.17.80.191|:80... connected.
HTTP request sent, awaiting response... 301 Moved Permanently
Location: https://deliveryimages.acm.org/10.1145/3190000/3186016/images/www2018-25-fig3.jpg [following]
--2018-05-16 14:30:13--  https://deliveryimages.acm.org/10.1145/3190000/3186016/images/www2018-25-fig3.jpg
Connecting to deliveryimages.acm.org (deliveryimages.acm.org)|104.17.80.191|:443... connected.
HTTP request sent, awaiting response... 200 OK
Length: 75112 (73K) [image/jpeg]
Saving to: ‘../data/deliveryimages.acm.org/10.1145/3190000/3186016/images/www2018-25-fig3.jpg’

     0K .......... .......... .......... .......... .......... 68% 1.42M 0s
    50K .......... .......... ...                             100% 5.99M=0.04s

2018-05-16 14:30:14 (1.87 MB/s) - ‘../data/deliveryimages.acm.org/10.1145/3190000/3186016/images/www2018-25-fig3.jpg’ saved [75112/75112]

--2018-05-16 14:30:14--  http://deliveryimages.acm.org/10.1145/3190000/3186016/images/www2018-25-fig4.jpg
Connecting to deliveryimages.acm.org (deliveryimages.acm.org)|104.17.80.191|:80... connected.
HTTP request sent, awaiting response... 301 Moved Permanently
Location: https://deliveryimages.acm.org/10.1145/3190000/3186016/images/www2018-25-fig4.jpg [following]
--2018-05-16 14:30:14--  https://deliveryimages.acm.org/10.1145/3190000/3186016/images/www2018-25-fig4.jpg
Connecting to deliveryimages.acm.org (deliveryimages.acm.org)|104.17.80.191|:443... connected.
HTTP request sent, awaiting response... 200 OK
Length: 69864 (68K) [image/jpeg]
Saving to: ‘../data/deliveryimages.acm.org/10.1145/3190000/3186016/images/www2018-25-fig4.jpg’

     0K .......... .......... .......... .......... .......... 73% 1.67M 0s
    50K .......... ........                                   100% 5.00M=0.03s

2018-05-16 14:30:14 (2.03 MB/s) - ‘../data/deliveryimages.acm.org/10.1145/3190000/3186016/images/www2018-25-fig4.jpg’ saved [69864/69864]

--2018-05-16 14:30:14--  http://deliveryimages.acm.org/10.1145/3190000/3186016/images/www2018-25-fig5.jpg
Connecting to deliveryimages.acm.org (deliveryimages.acm.org)|104.17.80.191|:80... connected.
HTTP request sent, awaiting response... 301 Moved Permanently
Location: https://deliveryimages.acm.org/10.1145/3190000/3186016/images/www2018-25-fig5.jpg [following]
--2018-05-16 14:30:14--  https://deliveryimages.acm.org/10.1145/3190000/3186016/images/www2018-25-fig5.jpg
Connecting to deliveryimages.acm.org (deliveryimages.acm.org)|104.17.80.191|:443... connected.
HTTP request sent, awaiting response... 200 OK
Length: 69918 (68K) [image/jpeg]
Saving to: ‘../data/deliveryimages.acm.org/10.1145/3190000/3186016/images/www2018-25-fig5.jpg’

     0K .......... .......... .......... .......... .......... 73% 41.2K 0s
    50K .......... ........                                   100% 12.1M=1.2s

2018-05-16 14:30:16 (56.2 KB/s) - ‘../data/deliveryimages.acm.org/10.1145/3190000/3186016/images/www2018-25-fig5.jpg’ saved [69918/69918]

--2018-05-16 14:30:16--  http://deliveryimages.acm.org/10.1145/3190000/3186016/images/www2018-25-img1.svg
Connecting to deliveryimages.acm.org (deliveryimages.acm.org)|104.17.80.191|:80... connected.
HTTP request sent, awaiting response... 301 Moved Permanently
Location: https://deliveryimages.acm.org/10.1145/3190000/3186016/images/www2018-25-img1.svg [following]
--2018-05-16 14:30:16--  https://deliveryimages.acm.org/10.1145/3190000/3186016/images/www2018-25-img1.svg
Connecting to deliveryimages.acm.org (deliveryimages.acm.org)|104.17.80.191|:443... connected.
HTTP request sent, awaiting response... 200 OK
Length: 161471 (158K) [image/svg+xml]
Saving to: ‘../data/deliveryimages.acm.org/10.1145/3190000/3186016/images/www2018-25-img1.svg’

     0K .......... .......... .......... .......... .......... 31% 1.61M 0s
    50K .......... .......... .......... .......... .......... 63% 3.14M 0s
   100K .......... .......... .......... .......... .......... 95% 3.56M 0s
   150K .......                                               100% 4.73M=0.06s

2018-05-16 14:30:16 (2.52 MB/s) - ‘../data/deliveryimages.acm.org/10.1145/3190000/3186016/images/www2018-25-img1.svg’ saved [161471/161471]

--2018-05-16 14:30:16--  http://deliveryimages.acm.org/10.1145/3190000/3186016/images/www2018-25-fig6.jpg
Connecting to deliveryimages.acm.org (deliveryimages.acm.org)|104.17.80.191|:80... connected.
HTTP request sent, awaiting response... 301 Moved Permanently
Location: https://deliveryimages.acm.org/10.1145/3190000/3186016/images/www2018-25-fig6.jpg [following]
--2018-05-16 14:30:16--  https://deliveryimages.acm.org/10.1145/3190000/3186016/images/www2018-25-fig6.jpg
Connecting to deliveryimages.acm.org (deliveryimages.acm.org)|104.17.80.191|:443... connected.
HTTP request sent, awaiting response... 200 OK
Length: 97736 (95K) [image/jpeg]
Saving to: ‘../data/deliveryimages.acm.org/10.1145/3190000/3186016/images/www2018-25-fig6.jpg’

     0K .......... .......... .......... .......... .......... 52% 1.05M 0s
    50K .......... .......... .......... .......... .....     100% 1.38M=0.08s

2018-05-16 14:30:16 (1.19 MB/s) - ‘../data/deliveryimages.acm.org/10.1145/3190000/3186016/images/www2018-25-fig6.jpg’ saved [97736/97736]

FINISHED --2018-05-16 14:30:16--
Total wall clock time: 4.2s
Downloaded: 8 files, 738K in 1.7s (441 KB/s)
Converting links in ../data/delivery.acm.org/10.1145/3190000/3186016/p1175-gonzalez.html?ip=24.48.71.56&id=3186016&acc=OPENTOC&key=4D4702B0C3E38B35.4D4702B0C3E38B35.4D4702B0C3E38B35.4DD68F0663C025AA&__acm__=1526495712_8c1fdec72c9f5dc4b173126881d75e58... 99-0
Converted links in 1 files in 0.001 seconds.
