--2018-05-16 14:56:48--  http://delivery.acm.org/10.1145/3200000/3191571/p1309-wei.html?ip=24.48.71.56&id=3191571&acc=OPENTOC&key=4D4702B0C3E38B35%2E4D4702B0C3E38B35%2E4D4702B0C3E38B35%2E4DD68F0663C025AA&__acm__=1526497308_24fd045cfd8f609515226205f90e529d
Resolving delivery.acm.org (delivery.acm.org)... 24.200.120.82, 24.200.120.90
Connecting to delivery.acm.org (delivery.acm.org)|24.200.120.82|:80... connected.
HTTP request sent, awaiting response... 200 OK
Length: 77740 (76K) [text/html]
Saving to: ‘../data/delivery.acm.org/10.1145/3200000/3191571/p1309-wei.html?ip=24.48.71.56&id=3191571&acc=OPENTOC&key=4D4702B0C3E38B35.4D4702B0C3E38B35.4D4702B0C3E38B35.4DD68F0663C025AA&__acm__=1526497308_24fd045cfd8f609515226205f90e529d’

     0K .......... .......... .......... .......... .......... 65% 1.92M 0s
    50K .......... .......... .....                           100% 5.64M=0.03s

2018-05-16 14:56:48 (2.48 MB/s) - ‘../data/delivery.acm.org/10.1145/3200000/3191571/p1309-wei.html?ip=24.48.71.56&id=3191571&acc=OPENTOC&key=4D4702B0C3E38B35.4D4702B0C3E38B35.4D4702B0C3E38B35.4DD68F0663C025AA&__acm__=1526497308_24fd045cfd8f609515226205f90e529d’ saved [77740/77740]

--2018-05-16 14:56:48--  http://deliveryimages.acm.org/10.1145/3200000/3191571/images/www18companion-310-fig1.jpg
Resolving deliveryimages.acm.org (deliveryimages.acm.org)... 104.17.80.191, 104.17.79.191
Connecting to deliveryimages.acm.org (deliveryimages.acm.org)|104.17.80.191|:80... connected.
HTTP request sent, awaiting response... 301 Moved Permanently
Location: https://deliveryimages.acm.org/10.1145/3200000/3191571/images/www18companion-310-fig1.jpg [following]
--2018-05-16 14:56:48--  https://deliveryimages.acm.org/10.1145/3200000/3191571/images/www18companion-310-fig1.jpg
Connecting to deliveryimages.acm.org (deliveryimages.acm.org)|104.17.80.191|:443... connected.
HTTP request sent, awaiting response... 200 OK
Length: 402368 (393K) [image/jpeg]
Saving to: ‘../data/deliveryimages.acm.org/10.1145/3200000/3191571/images/www18companion-310-fig1.jpg’

     0K .......... .......... .......... .......... .......... 12%  847K 0s
    50K .......... .......... .......... .......... .......... 25% 1.07M 0s
   100K .......... .......... .......... .......... .......... 38% 1.36M 0s
   150K .......... .......... .......... .......... .......... 50% 1.45M 0s
   200K .......... .......... .......... .......... .......... 63% 1.57M 0s
   250K .......... .......... .......... .......... .......... 76% 1.83M 0s
   300K .......... .......... .......... .......... .......... 89% 2.15M 0s
   350K .......... .......... .......... .......... ..        100% 2.50M=0.3s

2018-05-16 14:56:49 (1.41 MB/s) - ‘../data/deliveryimages.acm.org/10.1145/3200000/3191571/images/www18companion-310-fig1.jpg’ saved [402368/402368]

--2018-05-16 14:56:49--  http://deliveryimages.acm.org/10.1145/3200000/3191571/images/www18companion-310-fig2.jpg
Connecting to deliveryimages.acm.org (deliveryimages.acm.org)|104.17.80.191|:80... connected.
HTTP request sent, awaiting response... 301 Moved Permanently
Location: https://deliveryimages.acm.org/10.1145/3200000/3191571/images/www18companion-310-fig2.jpg [following]
--2018-05-16 14:56:49--  https://deliveryimages.acm.org/10.1145/3200000/3191571/images/www18companion-310-fig2.jpg
Connecting to deliveryimages.acm.org (deliveryimages.acm.org)|104.17.80.191|:443... connected.
HTTP request sent, awaiting response... 200 OK
Length: 270002 (264K) [image/jpeg]
Saving to: ‘../data/deliveryimages.acm.org/10.1145/3200000/3191571/images/www18companion-310-fig2.jpg’

     0K .......... .......... .......... .......... .......... 18%  251K 1s
    50K .......... .......... .......... .......... .......... 37%  275K 1s
   100K .......... .......... .......... .......... .......... 56%  514K 0s
   150K .......... .......... .......... .......... .......... 75%  552K 0s
   200K .......... .......... .......... .......... .......... 94%  584K 0s
   250K .......... ...                                        100% 10.5M=0.7s

2018-05-16 14:56:50 (402 KB/s) - ‘../data/deliveryimages.acm.org/10.1145/3200000/3191571/images/www18companion-310-fig2.jpg’ saved [270002/270002]

--2018-05-16 14:56:50--  http://deliveryimages.acm.org/10.1145/3200000/3191571/images/www18companion-310-fig3.jpg
Connecting to deliveryimages.acm.org (deliveryimages.acm.org)|104.17.80.191|:80... connected.
HTTP request sent, awaiting response... 301 Moved Permanently
Location: https://deliveryimages.acm.org/10.1145/3200000/3191571/images/www18companion-310-fig3.jpg [following]
--2018-05-16 14:56:50--  https://deliveryimages.acm.org/10.1145/3200000/3191571/images/www18companion-310-fig3.jpg
Connecting to deliveryimages.acm.org (deliveryimages.acm.org)|104.17.80.191|:443... connected.
HTTP request sent, awaiting response... 200 OK
Length: 149932 (146K) [image/jpeg]
Saving to: ‘../data/deliveryimages.acm.org/10.1145/3200000/3191571/images/www18companion-310-fig3.jpg’

     0K .......... .......... .......... .......... .......... 34%  535K 0s
    50K .......... .......... .......... .......... .......... 68%  877K 0s
   100K .......... .......... .......... .......... ......    100% 1.55M=0.2s

2018-05-16 14:56:50 (814 KB/s) - ‘../data/deliveryimages.acm.org/10.1145/3200000/3191571/images/www18companion-310-fig3.jpg’ saved [149932/149932]

--2018-05-16 14:56:50--  http://deliveryimages.acm.org/10.1145/3200000/3191571/images/www18companion-310-fig4.jpg
Connecting to deliveryimages.acm.org (deliveryimages.acm.org)|104.17.80.191|:80... connected.
HTTP request sent, awaiting response... 301 Moved Permanently
Location: https://deliveryimages.acm.org/10.1145/3200000/3191571/images/www18companion-310-fig4.jpg [following]
--2018-05-16 14:56:50--  https://deliveryimages.acm.org/10.1145/3200000/3191571/images/www18companion-310-fig4.jpg
Connecting to deliveryimages.acm.org (deliveryimages.acm.org)|104.17.80.191|:443... connected.
HTTP request sent, awaiting response... 200 OK
Length: 223806 (219K) [image/jpeg]
Saving to: ‘../data/deliveryimages.acm.org/10.1145/3200000/3191571/images/www18companion-310-fig4.jpg’

     0K .......... .......... .......... .......... .......... 22% 1.79M 0s
    50K .......... .......... .......... .......... .......... 45% 2.39M 0s
   100K .......... .......... .......... .......... .......... 68% 3.18M 0s
   150K .......... .......... .......... .......... .......... 91% 5.02M 0s
   200K .......... ........                                   100% 5.77M=0.08s

2018-05-16 14:56:51 (2.81 MB/s) - ‘../data/deliveryimages.acm.org/10.1145/3200000/3191571/images/www18companion-310-fig4.jpg’ saved [223806/223806]

--2018-05-16 14:56:51--  http://deliveryimages.acm.org/10.1145/3200000/3191571/images/www18companion-310-fig5.jpg
Connecting to deliveryimages.acm.org (deliveryimages.acm.org)|104.17.80.191|:80... connected.
HTTP request sent, awaiting response... 301 Moved Permanently
Location: https://deliveryimages.acm.org/10.1145/3200000/3191571/images/www18companion-310-fig5.jpg [following]
--2018-05-16 14:56:51--  https://deliveryimages.acm.org/10.1145/3200000/3191571/images/www18companion-310-fig5.jpg
Connecting to deliveryimages.acm.org (deliveryimages.acm.org)|104.17.80.191|:443... connected.
HTTP request sent, awaiting response... 200 OK
Length: 459665 (449K) [image/jpeg]
Saving to: ‘../data/deliveryimages.acm.org/10.1145/3200000/3191571/images/www18companion-310-fig5.jpg’

     0K .......... .......... .......... .......... .......... 11% 1.68M 0s
    50K .......... .......... .......... .......... .......... 22% 2.79M 0s
   100K .......... .......... .......... .......... .......... 33% 3.10M 0s
   150K .......... .......... .......... .......... .......... 44% 4.91M 0s
   200K .......... .......... .......... .......... .......... 55% 3.70M 0s
   250K .......... .......... .......... .......... .......... 66% 4.64M 0s
   300K .......... .......... .......... .......... .......... 77% 4.40M 0s
   350K .......... .......... .......... .......... .......... 89% 3.30M 0s
   400K .......... .......... .......... .......... ........  100% 1.82M=0.1s

2018-05-16 14:56:51 (2.96 MB/s) - ‘../data/deliveryimages.acm.org/10.1145/3200000/3191571/images/www18companion-310-fig5.jpg’ saved [459665/459665]

--2018-05-16 14:56:51--  http://deliveryimages.acm.org/10.1145/3200000/3191571/images/www18companion-310-fig6.jpg
Connecting to deliveryimages.acm.org (deliveryimages.acm.org)|104.17.80.191|:80... connected.
HTTP request sent, awaiting response... 301 Moved Permanently
Location: https://deliveryimages.acm.org/10.1145/3200000/3191571/images/www18companion-310-fig6.jpg [following]
--2018-05-16 14:56:51--  https://deliveryimages.acm.org/10.1145/3200000/3191571/images/www18companion-310-fig6.jpg
Connecting to deliveryimages.acm.org (deliveryimages.acm.org)|104.17.80.191|:443... connected.
HTTP request sent, awaiting response... 200 OK
Length: 74217 (72K) [image/jpeg]
Saving to: ‘../data/deliveryimages.acm.org/10.1145/3200000/3191571/images/www18companion-310-fig6.jpg’

     0K .......... .......... .......... .......... .......... 68% 1.84M 0s
    50K .......... .......... ..                              100% 1.71M=0.04s

2018-05-16 14:56:51 (1.80 MB/s) - ‘../data/deliveryimages.acm.org/10.1145/3200000/3191571/images/www18companion-310-fig6.jpg’ saved [74217/74217]

--2018-05-16 14:56:51--  http://deliveryimages.acm.org/10.1145/3200000/3191571/images/www18companion-310-fig7.jpg
Connecting to deliveryimages.acm.org (deliveryimages.acm.org)|104.17.80.191|:80... connected.
HTTP request sent, awaiting response... 301 Moved Permanently
Location: https://deliveryimages.acm.org/10.1145/3200000/3191571/images/www18companion-310-fig7.jpg [following]
--2018-05-16 14:56:51--  https://deliveryimages.acm.org/10.1145/3200000/3191571/images/www18companion-310-fig7.jpg
Connecting to deliveryimages.acm.org (deliveryimages.acm.org)|104.17.80.191|:443... connected.
HTTP request sent, awaiting response... 200 OK
Length: 553113 (540K) [image/jpeg]
Saving to: ‘../data/deliveryimages.acm.org/10.1145/3200000/3191571/images/www18companion-310-fig7.jpg’

     0K .......... .......... .......... .......... ..........  9%  720K 1s
    50K .......... .......... .......... .......... .......... 18%  873K 1s
   100K .......... .......... .......... .......... .......... 27%  390K 1s
   150K .......... .......... .......... .......... .......... 37%  359K 1s
   200K .......... .......... .......... .......... .......... 46%  338K 1s
   250K .......... .......... .......... .......... .......... 55%  611K 0s
   300K .......... .......... .......... .......... .......... 64%  504K 0s
   350K .......... .......... .......... .......... .......... 74%  662K 0s
   400K .......... .......... .......... .......... .......... 83%  264K 0s
   450K .......... .......... .......... .......... .......... 92% 1.64M 0s
   500K .......... .......... .......... ..........           100%  744K=1.1s

2018-05-16 14:56:53 (504 KB/s) - ‘../data/deliveryimages.acm.org/10.1145/3200000/3191571/images/www18companion-310-fig7.jpg’ saved [553113/553113]

--2018-05-16 14:56:53--  http://deliveryimages.acm.org/10.1145/3200000/3191571/images/www18companion-310-fig8.jpg
Connecting to deliveryimages.acm.org (deliveryimages.acm.org)|104.17.80.191|:80... connected.
HTTP request sent, awaiting response... 301 Moved Permanently
Location: https://deliveryimages.acm.org/10.1145/3200000/3191571/images/www18companion-310-fig8.jpg [following]
--2018-05-16 14:56:53--  https://deliveryimages.acm.org/10.1145/3200000/3191571/images/www18companion-310-fig8.jpg
Connecting to deliveryimages.acm.org (deliveryimages.acm.org)|104.17.80.191|:443... connected.
HTTP request sent, awaiting response... 200 OK
Length: 413324 (404K) [image/jpeg]
Saving to: ‘../data/deliveryimages.acm.org/10.1145/3200000/3191571/images/www18companion-310-fig8.jpg’

     0K .......... .......... .......... .......... .......... 12% 1.09M 0s
    50K .......... .......... .......... .......... .......... 24% 2.79M 0s
   100K .......... .......... .......... .......... .......... 37% 4.66M 0s
   150K .......... .......... .......... .......... .......... 49% 5.29M 0s
   200K .......... .......... .......... .......... .......... 61% 3.48M 0s
   250K .......... .......... .......... .......... .......... 74% 4.59M 0s
   300K .......... .......... .......... .......... .......... 86%  895K 0s
   350K .......... .......... .......... .......... .......... 99% 3.28M 0s
   400K ...                                                   100% 6936G=0.2s

2018-05-16 14:56:53 (2.22 MB/s) - ‘../data/deliveryimages.acm.org/10.1145/3200000/3191571/images/www18companion-310-fig8.jpg’ saved [413324/413324]

--2018-05-16 14:56:53--  http://deliveryimages.acm.org/10.1145/3200000/3191571/images/www18companion-310-fig9.jpg
Connecting to deliveryimages.acm.org (deliveryimages.acm.org)|104.17.80.191|:80... connected.
HTTP request sent, awaiting response... 301 Moved Permanently
Location: https://deliveryimages.acm.org/10.1145/3200000/3191571/images/www18companion-310-fig9.jpg [following]
--2018-05-16 14:56:53--  https://deliveryimages.acm.org/10.1145/3200000/3191571/images/www18companion-310-fig9.jpg
Connecting to deliveryimages.acm.org (deliveryimages.acm.org)|104.17.80.191|:443... connected.
HTTP request sent, awaiting response... 200 OK
Length: 149422 (146K) [image/jpeg]
Saving to: ‘../data/deliveryimages.acm.org/10.1145/3200000/3191571/images/www18companion-310-fig9.jpg’

     0K .......... .......... .......... .......... .......... 34% 1.42M 0s
    50K .......... .......... .......... .......... .......... 68% 3.06M 0s
   100K .......... .......... .......... .......... .....     100% 3.01M=0.07s

2018-05-16 14:56:54 (2.18 MB/s) - ‘../data/deliveryimages.acm.org/10.1145/3200000/3191571/images/www18companion-310-fig9.jpg’ saved [149422/149422]

--2018-05-16 14:56:54--  http://deliveryimages.acm.org/10.1145/3200000/3191571/images/www18companion-310-fig10.jpg
Connecting to deliveryimages.acm.org (deliveryimages.acm.org)|104.17.80.191|:80... connected.
HTTP request sent, awaiting response... 301 Moved Permanently
Location: https://deliveryimages.acm.org/10.1145/3200000/3191571/images/www18companion-310-fig10.jpg [following]
--2018-05-16 14:56:54--  https://deliveryimages.acm.org/10.1145/3200000/3191571/images/www18companion-310-fig10.jpg
Connecting to deliveryimages.acm.org (deliveryimages.acm.org)|104.17.80.191|:443... connected.
HTTP request sent, awaiting response... 200 OK
Length: 95682 (93K) [image/jpeg]
Saving to: ‘../data/deliveryimages.acm.org/10.1145/3200000/3191571/images/www18companion-310-fig10.jpg’

     0K .......... .......... .......... .......... .......... 53%  765K 0s
    50K .......... .......... .......... .......... ...       100% 1.03M=0.1s

2018-05-16 14:56:54 (876 KB/s) - ‘../data/deliveryimages.acm.org/10.1145/3200000/3191571/images/www18companion-310-fig10.jpg’ saved [95682/95682]

FINISHED --2018-05-16 14:56:54--
Total wall clock time: 5.9s
Downloaded: 11 files, 2.7M in 2.8s (993 KB/s)
Converting links in ../data/delivery.acm.org/10.1145/3200000/3191571/p1309-wei.html?ip=24.48.71.56&id=3191571&acc=OPENTOC&key=4D4702B0C3E38B35.4D4702B0C3E38B35.4D4702B0C3E38B35.4DD68F0663C025AA&__acm__=1526497308_24fd045cfd8f609515226205f90e529d... 112-0
Converted links in 1 files in 0.004 seconds.
