--2018-05-16 14:19:43--  http://delivery.acm.org/10.1145/3190000/3186086/p197-perino.html?ip=24.48.71.56&id=3186086&acc=OPENTOC&key=4D4702B0C3E38B35%2E4D4702B0C3E38B35%2E4D4702B0C3E38B35%2E4DD68F0663C025AA&__acm__=1526495083_90c38728d6bbe84650e98fbb63213efb
Resolving delivery.acm.org (delivery.acm.org)... 24.200.120.90, 24.200.120.82
Connecting to delivery.acm.org (delivery.acm.org)|24.200.120.90|:80... connected.
HTTP request sent, awaiting response... 200 OK
Length: 77958 (76K) [text/html]
Saving to: ‘../data/delivery.acm.org/10.1145/3190000/3186086/p197-perino.html?ip=24.48.71.56&id=3186086&acc=OPENTOC&key=4D4702B0C3E38B35.4D4702B0C3E38B35.4D4702B0C3E38B35.4DD68F0663C025AA&__acm__=1526495083_90c38728d6bbe84650e98fbb63213efb’

     0K .......... .......... .......... .......... .......... 65% 2.91M 0s
    50K .......... .......... ......                          100% 3.46M=0.02s

2018-05-16 14:19:43 (3.08 MB/s) - ‘../data/delivery.acm.org/10.1145/3190000/3186086/p197-perino.html?ip=24.48.71.56&id=3186086&acc=OPENTOC&key=4D4702B0C3E38B35.4D4702B0C3E38B35.4D4702B0C3E38B35.4DD68F0663C025AA&__acm__=1526495083_90c38728d6bbe84650e98fbb63213efb’ saved [77958/77958]

--2018-05-16 14:19:43--  http://deliveryimages.acm.org/10.1145/3190000/3186086/images/www2018-95-fig1.jpg
Resolving deliveryimages.acm.org (deliveryimages.acm.org)... 104.17.79.191, 104.17.80.191
Connecting to deliveryimages.acm.org (deliveryimages.acm.org)|104.17.79.191|:80... connected.
HTTP request sent, awaiting response... 301 Moved Permanently
Location: https://deliveryimages.acm.org/10.1145/3190000/3186086/images/www2018-95-fig1.jpg [following]
--2018-05-16 14:19:43--  https://deliveryimages.acm.org/10.1145/3190000/3186086/images/www2018-95-fig1.jpg
Connecting to deliveryimages.acm.org (deliveryimages.acm.org)|104.17.79.191|:443... connected.
HTTP request sent, awaiting response... 200 OK
Length: 170053 (166K) [image/jpeg]
Saving to: ‘../data/deliveryimages.acm.org/10.1145/3190000/3186086/images/www2018-95-fig1.jpg’

     0K .......... .......... .......... .......... .......... 30% 2.04M 0s
    50K .......... .......... .......... .......... .......... 60% 3.59M 0s
   100K .......... .......... .......... .......... .......... 90% 3.52M 0s
   150K .......... ......                                     100% 8.41M=0.05s

2018-05-16 14:19:44 (3.04 MB/s) - ‘../data/deliveryimages.acm.org/10.1145/3190000/3186086/images/www2018-95-fig1.jpg’ saved [170053/170053]

--2018-05-16 14:19:44--  http://deliveryimages.acm.org/10.1145/3190000/3186086/images/www2018-95-fig2.jpg
Connecting to deliveryimages.acm.org (deliveryimages.acm.org)|104.17.79.191|:80... connected.
HTTP request sent, awaiting response... 301 Moved Permanently
Location: https://deliveryimages.acm.org/10.1145/3190000/3186086/images/www2018-95-fig2.jpg [following]
--2018-05-16 14:19:44--  https://deliveryimages.acm.org/10.1145/3190000/3186086/images/www2018-95-fig2.jpg
Connecting to deliveryimages.acm.org (deliveryimages.acm.org)|104.17.79.191|:443... connected.
HTTP request sent, awaiting response... 200 OK
Length: 86411 (84K) [image/jpeg]
Saving to: ‘../data/deliveryimages.acm.org/10.1145/3190000/3186086/images/www2018-95-fig2.jpg’

     0K .......... .......... .......... .......... .......... 59% 1.31M 0s
    50K .......... .......... .......... ....                 100% 1.81M=0.06s

2018-05-16 14:19:44 (1.48 MB/s) - ‘../data/deliveryimages.acm.org/10.1145/3190000/3186086/images/www2018-95-fig2.jpg’ saved [86411/86411]

--2018-05-16 14:19:44--  http://deliveryimages.acm.org/10.1145/3190000/3186086/images/www2018-95-fig3.jpg
Connecting to deliveryimages.acm.org (deliveryimages.acm.org)|104.17.79.191|:80... connected.
HTTP request sent, awaiting response... 301 Moved Permanently
Location: https://deliveryimages.acm.org/10.1145/3190000/3186086/images/www2018-95-fig3.jpg [following]
--2018-05-16 14:19:44--  https://deliveryimages.acm.org/10.1145/3190000/3186086/images/www2018-95-fig3.jpg
Connecting to deliveryimages.acm.org (deliveryimages.acm.org)|104.17.79.191|:443... connected.
HTTP request sent, awaiting response... 200 OK
Length: 223145 (218K) [image/jpeg]
Saving to: ‘../data/deliveryimages.acm.org/10.1145/3190000/3186086/images/www2018-95-fig3.jpg’

     0K .......... .......... .......... .......... .......... 22% 1.48M 0s
    50K .......... .......... .......... .......... .......... 45% 3.72M 0s
   100K .......... .......... .......... .......... .......... 68% 4.49M 0s
   150K .......... .......... .......... .......... .......... 91% 2.11M 0s
   200K .......... .......                                    100% 19.4M=0.08s

2018-05-16 14:19:44 (2.62 MB/s) - ‘../data/deliveryimages.acm.org/10.1145/3190000/3186086/images/www2018-95-fig3.jpg’ saved [223145/223145]

--2018-05-16 14:19:44--  http://deliveryimages.acm.org/10.1145/3190000/3186086/images/www2018-95-fig4.jpg
Connecting to deliveryimages.acm.org (deliveryimages.acm.org)|104.17.79.191|:80... connected.
HTTP request sent, awaiting response... 301 Moved Permanently
Location: https://deliveryimages.acm.org/10.1145/3190000/3186086/images/www2018-95-fig4.jpg [following]
--2018-05-16 14:19:44--  https://deliveryimages.acm.org/10.1145/3190000/3186086/images/www2018-95-fig4.jpg
Connecting to deliveryimages.acm.org (deliveryimages.acm.org)|104.17.79.191|:443... connected.
HTTP request sent, awaiting response... 200 OK
Length: 664973 (649K) [image/jpeg]
Saving to: ‘../data/deliveryimages.acm.org/10.1145/3190000/3186086/images/www2018-95-fig4.jpg’

     0K .......... .......... .......... .......... ..........  7% 1.02M 1s
    50K .......... .......... .......... .......... .......... 15% 2.57M 0s
   100K .......... .......... .......... .......... .......... 23% 1.56M 0s
   150K .......... .......... .......... .......... .......... 30% 64.4M 0s
   200K .......... .......... .......... .......... .......... 38% 7.01M 0s
   250K .......... .......... .......... .......... .......... 46% 4.67M 0s
   300K .......... .......... .......... .......... .......... 53% 3.77M 0s
   350K .......... .......... .......... .......... .......... 61% 3.27M 0s
   400K .......... .......... .......... .......... .......... 69% 1.98M 0s
   450K .......... .......... .......... .......... .......... 76% 7.13M 0s
   500K .......... .......... .......... .......... .......... 84% 7.85M 0s
   550K .......... .......... .......... .......... .......... 92% 2.85M 0s
   600K .......... .......... .......... .......... ......... 100% 15.2M=0.2s

2018-05-16 14:19:45 (3.14 MB/s) - ‘../data/deliveryimages.acm.org/10.1145/3190000/3186086/images/www2018-95-fig4.jpg’ saved [664973/664973]

--2018-05-16 14:19:45--  http://deliveryimages.acm.org/10.1145/3190000/3186086/images/www2018-95-fig5.jpg
Connecting to deliveryimages.acm.org (deliveryimages.acm.org)|104.17.79.191|:80... connected.
HTTP request sent, awaiting response... 301 Moved Permanently
Location: https://deliveryimages.acm.org/10.1145/3190000/3186086/images/www2018-95-fig5.jpg [following]
--2018-05-16 14:19:45--  https://deliveryimages.acm.org/10.1145/3190000/3186086/images/www2018-95-fig5.jpg
Connecting to deliveryimages.acm.org (deliveryimages.acm.org)|104.17.79.191|:443... connected.
HTTP request sent, awaiting response... 200 OK
Length: 679704 (664K) [image/jpeg]
Saving to: ‘../data/deliveryimages.acm.org/10.1145/3190000/3186086/images/www2018-95-fig5.jpg’

     0K .......... .......... .......... .......... ..........  7% 1.57M 0s
    50K .......... .......... .......... .......... .......... 15% 3.37M 0s
   100K .......... .......... .......... .......... .......... 22% 3.53M 0s
   150K .......... .......... .......... .......... .......... 30% 6.33M 0s
   200K .......... .......... .......... .......... .......... 37% 4.19M 0s
   250K .......... .......... .......... .......... .......... 45% 2.71M 0s
   300K .......... .......... .......... .......... .......... 52% 8.96M 0s
   350K .......... .......... .......... .......... .......... 60% 2.71M 0s
   400K .......... .......... .......... .......... .......... 67% 4.98M 0s
   450K .......... .......... .......... .......... .......... 75% 4.79M 0s
   500K .......... .......... .......... .......... .......... 82% 3.98M 0s
   550K .......... .......... .......... .......... .......... 90% 3.82M 0s
   600K .......... .......... .......... .......... .......... 97% 4.00M 0s
   650K .......... ...                                        100% 10.2M=0.2s

2018-05-16 14:19:45 (3.62 MB/s) - ‘../data/deliveryimages.acm.org/10.1145/3190000/3186086/images/www2018-95-fig5.jpg’ saved [679704/679704]

--2018-05-16 14:19:45--  http://deliveryimages.acm.org/10.1145/3190000/3186086/images/www2018-95-fig6.jpg
Connecting to deliveryimages.acm.org (deliveryimages.acm.org)|104.17.79.191|:80... connected.
HTTP request sent, awaiting response... 301 Moved Permanently
Location: https://deliveryimages.acm.org/10.1145/3190000/3186086/images/www2018-95-fig6.jpg [following]
--2018-05-16 14:19:45--  https://deliveryimages.acm.org/10.1145/3190000/3186086/images/www2018-95-fig6.jpg
Connecting to deliveryimages.acm.org (deliveryimages.acm.org)|104.17.79.191|:443... connected.
HTTP request sent, awaiting response... 200 OK
Length: 164649 (161K) [image/jpeg]
Saving to: ‘../data/deliveryimages.acm.org/10.1145/3190000/3186086/images/www2018-95-fig6.jpg’

     0K .......... .......... .......... .......... .......... 31% 1.09M 0s
    50K .......... .......... .......... .......... .......... 62% 3.60M 0s
   100K .......... .......... .......... .......... .......... 93% 3.39M 0s
   150K ..........                                            100% 7.99M=0.07s

2018-05-16 14:19:46 (2.11 MB/s) - ‘../data/deliveryimages.acm.org/10.1145/3190000/3186086/images/www2018-95-fig6.jpg’ saved [164649/164649]

--2018-05-16 14:19:46--  http://deliveryimages.acm.org/10.1145/3190000/3186086/images/www2018-95-fig7.jpg
Connecting to deliveryimages.acm.org (deliveryimages.acm.org)|104.17.79.191|:80... connected.
HTTP request sent, awaiting response... 301 Moved Permanently
Location: https://deliveryimages.acm.org/10.1145/3190000/3186086/images/www2018-95-fig7.jpg [following]
--2018-05-16 14:19:46--  https://deliveryimages.acm.org/10.1145/3190000/3186086/images/www2018-95-fig7.jpg
Connecting to deliveryimages.acm.org (deliveryimages.acm.org)|104.17.79.191|:443... connected.
HTTP request sent, awaiting response... 200 OK
Length: 875548 (855K) [image/jpeg]
Saving to: ‘../data/deliveryimages.acm.org/10.1145/3190000/3186086/images/www2018-95-fig7.jpg’

     0K .......... .......... .......... .......... ..........  5% 1.61M 0s
    50K .......... .......... .......... .......... .......... 11% 3.68M 0s
   100K .......... .......... .......... .......... .......... 17% 4.07M 0s
   150K .......... .......... .......... .......... .......... 23% 3.77M 0s
   200K .......... .......... .......... .......... .......... 29% 4.54M 0s
   250K .......... .......... .......... .......... .......... 35% 4.51M 0s
   300K .......... .......... .......... .......... .......... 40% 2.34M 0s
   350K .......... .......... .......... .......... .......... 46% 3.63M 0s
   400K .......... .......... .......... .......... .......... 52% 4.99M 0s
   450K .......... .......... .......... .......... .......... 58% 7.88M 0s
   500K .......... .......... .......... .......... .......... 64% 4.29M 0s
   550K .......... .......... .......... .......... .......... 70% 3.56M 0s
   600K .......... .......... .......... .......... .......... 76% 5.19M 0s
   650K .......... .......... .......... .......... .......... 81% 3.12M 0s
   700K .......... .......... .......... .......... .......... 87% 4.91M 0s
   750K .......... .......... .......... .......... .......... 93% 3.28M 0s
   800K .......... .......... .......... .......... .......... 99% 5.99M 0s
   850K .....                                                 100% 42.7M=0.2s

2018-05-16 14:19:46 (3.73 MB/s) - ‘../data/deliveryimages.acm.org/10.1145/3190000/3186086/images/www2018-95-fig7.jpg’ saved [875548/875548]

--2018-05-16 14:19:46--  http://deliveryimages.acm.org/10.1145/3190000/3186086/images/www2018-95-fig8.jpg
Connecting to deliveryimages.acm.org (deliveryimages.acm.org)|104.17.79.191|:80... connected.
HTTP request sent, awaiting response... 301 Moved Permanently
Location: https://deliveryimages.acm.org/10.1145/3190000/3186086/images/www2018-95-fig8.jpg [following]
--2018-05-16 14:19:46--  https://deliveryimages.acm.org/10.1145/3190000/3186086/images/www2018-95-fig8.jpg
Connecting to deliveryimages.acm.org (deliveryimages.acm.org)|104.17.79.191|:443... connected.
HTTP request sent, awaiting response... 200 OK
Length: 778837 (761K) [image/jpeg]
Saving to: ‘../data/deliveryimages.acm.org/10.1145/3190000/3186086/images/www2018-95-fig8.jpg’

     0K .......... .......... .......... .......... ..........  6% 1.31M 1s
    50K .......... .......... .......... .......... .......... 13% 2.38M 0s
   100K .......... .......... .......... .......... .......... 19% 3.28M 0s
   150K .......... .......... .......... .......... .......... 26% 3.00M 0s
   200K .......... .......... .......... .......... .......... 32% 3.04M 0s
   250K .......... .......... .......... .......... .......... 39% 2.00M 0s
   300K .......... .......... .......... .......... .......... 46% 3.79M 0s
   350K .......... .......... .......... .......... .......... 52% 2.40M 0s
   400K .......... .......... .......... .......... .......... 59% 3.18M 0s
   450K .......... .......... .......... .......... .......... 65% 4.69M 0s
   500K .......... .......... .......... .......... .......... 72% 3.77M 0s
   550K .......... .......... .......... .......... .......... 78% 4.80M 0s
   600K .......... .......... .......... .......... .......... 85% 3.36M 0s
   650K .......... .......... .......... .......... .......... 92% 4.20M 0s
   700K .......... .......... .......... .......... .......... 98% 5.33M 0s
   750K ..........                                            100% 7.46M=0.2s

2018-05-16 14:19:47 (2.99 MB/s) - ‘../data/deliveryimages.acm.org/10.1145/3190000/3186086/images/www2018-95-fig8.jpg’ saved [778837/778837]

--2018-05-16 14:19:47--  http://deliveryimages.acm.org/10.1145/3190000/3186086/images/www2018-95-fig9.jpg
Connecting to deliveryimages.acm.org (deliveryimages.acm.org)|104.17.79.191|:80... connected.
HTTP request sent, awaiting response... 301 Moved Permanently
Location: https://deliveryimages.acm.org/10.1145/3190000/3186086/images/www2018-95-fig9.jpg [following]
--2018-05-16 14:19:47--  https://deliveryimages.acm.org/10.1145/3190000/3186086/images/www2018-95-fig9.jpg
Connecting to deliveryimages.acm.org (deliveryimages.acm.org)|104.17.79.191|:443... connected.
HTTP request sent, awaiting response... 200 OK
Length: 158501 (155K) [image/jpeg]
Saving to: ‘../data/deliveryimages.acm.org/10.1145/3190000/3186086/images/www2018-95-fig9.jpg’

     0K .......... .......... .......... .......... .......... 32% 1.55M 0s
    50K .......... .......... .......... .......... .......... 64% 1.63M 0s
   100K .......... .......... .......... .......... .......... 96% 82.0M 0s
   150K ....                                                  100% 85.9M=0.06s

2018-05-16 14:19:47 (2.43 MB/s) - ‘../data/deliveryimages.acm.org/10.1145/3190000/3186086/images/www2018-95-fig9.jpg’ saved [158501/158501]

--2018-05-16 14:19:47--  http://deliveryimages.acm.org/10.1145/3190000/3186086/images/www2018-95-fig10.jpg
Connecting to deliveryimages.acm.org (deliveryimages.acm.org)|104.17.79.191|:80... connected.
HTTP request sent, awaiting response... 301 Moved Permanently
Location: https://deliveryimages.acm.org/10.1145/3190000/3186086/images/www2018-95-fig10.jpg [following]
--2018-05-16 14:19:47--  https://deliveryimages.acm.org/10.1145/3190000/3186086/images/www2018-95-fig10.jpg
Connecting to deliveryimages.acm.org (deliveryimages.acm.org)|104.17.79.191|:443... connected.
HTTP request sent, awaiting response... 200 OK
Length: 2237862 (2.1M) [image/jpeg]
Saving to: ‘../data/deliveryimages.acm.org/10.1145/3190000/3186086/images/www2018-95-fig10.jpg’

     0K .......... .......... .......... .......... ..........  2% 1.65M 1s
    50K .......... .......... .......... .......... ..........  4% 3.19M 1s
   100K .......... .......... .......... .......... ..........  6% 3.25M 1s
   150K .......... .......... .......... .......... ..........  9% 4.32M 1s
   200K .......... .......... .......... .......... .......... 11% 3.55M 1s
   250K .......... .......... .......... .......... .......... 13% 5.86M 1s
   300K .......... .......... .......... .......... .......... 16% 4.06M 1s
   350K .......... .......... .......... .......... .......... 18% 3.05M 1s
   400K .......... .......... .......... .......... .......... 20% 3.46M 1s
   450K .......... .......... .......... .......... .......... 22% 6.11M 0s
   500K .......... .......... .......... .......... .......... 25% 3.18M 0s
   550K .......... .......... .......... .......... .......... 27% 5.45M 0s
   600K .......... .......... .......... .......... .......... 29% 5.05M 0s
   650K .......... .......... .......... .......... .......... 32% 3.29M 0s
   700K .......... .......... .......... .......... .......... 34% 5.68M 0s
   750K .......... .......... .......... .......... .......... 36% 2.54M 0s
   800K .......... .......... .......... .......... .......... 38% 3.42M 0s
   850K .......... .......... .......... .......... .......... 41% 7.04M 0s
   900K .......... .......... .......... .......... .......... 43% 4.10M 0s
   950K .......... .......... .......... .......... .......... 45% 2.91M 0s
  1000K .......... .......... .......... .......... .......... 48% 8.87M 0s
  1050K .......... .......... .......... .......... .......... 50% 4.35M 0s
  1100K .......... .......... .......... .......... .......... 52% 4.58M 0s
  1150K .......... .......... .......... .......... .......... 54% 3.21M 0s
  1200K .......... .......... .......... .......... .......... 57% 3.84M 0s
  1250K .......... .......... .......... .......... .......... 59% 2.39M 0s
  1300K .......... .......... .......... .......... .......... 61% 20.5M 0s
  1350K .......... .......... .......... .......... .......... 64% 3.23M 0s
  1400K .......... .......... .......... .......... .......... 66% 1.51M 0s
  1450K .......... .......... .......... .......... .......... 68% 1.61M 0s
  1500K .......... .......... .......... .......... .......... 70%  105M 0s
  1550K .......... .......... .......... .......... .......... 73% 4.62M 0s
  1600K .......... .......... .......... .......... .......... 75% 6.89M 0s
  1650K .......... .......... .......... .......... .......... 77% 5.68M 0s
  1700K .......... .......... .......... .......... .......... 80% 5.54M 0s
  1750K .......... .......... .......... .......... .......... 82% 7.37M 0s
  1800K .......... .......... .......... .......... .......... 84% 4.18M 0s
  1850K .......... .......... .......... .......... .......... 86% 4.01M 0s
  1900K .......... .......... .......... .......... .......... 89% 12.0M 0s
  1950K .......... .......... .......... .......... .......... 91% 5.29M 0s
  2000K .......... .......... .......... .......... .......... 93% 4.18M 0s
  2050K .......... .......... .......... .......... .......... 96% 4.29M 0s
  2100K .......... .......... .......... .......... .......... 98% 2.26M 0s
  2150K .......... .......... .......... .....                100% 7.48M=0.6s

2018-05-16 14:19:48 (3.85 MB/s) - ‘../data/deliveryimages.acm.org/10.1145/3190000/3186086/images/www2018-95-fig10.jpg’ saved [2237862/2237862]

--2018-05-16 14:19:48--  http://deliveryimages.acm.org/10.1145/3190000/3186086/images/www2018-95-fig11.jpg
Connecting to deliveryimages.acm.org (deliveryimages.acm.org)|104.17.79.191|:80... connected.
HTTP request sent, awaiting response... 301 Moved Permanently
Location: https://deliveryimages.acm.org/10.1145/3190000/3186086/images/www2018-95-fig11.jpg [following]
--2018-05-16 14:19:48--  https://deliveryimages.acm.org/10.1145/3190000/3186086/images/www2018-95-fig11.jpg
Connecting to deliveryimages.acm.org (deliveryimages.acm.org)|104.17.79.191|:443... connected.
HTTP request sent, awaiting response... 200 OK
Length: 157143 (153K) [image/jpeg]
Saving to: ‘../data/deliveryimages.acm.org/10.1145/3190000/3186086/images/www2018-95-fig11.jpg’

     0K .......... .......... .......... .......... .......... 32% 1.56M 0s
    50K .......... .......... .......... .......... .......... 65% 2.87M 0s
   100K .......... .......... .......... .......... .......... 97% 4.38M 0s
   150K ...                                                   100% 75.4M=0.06s

2018-05-16 14:19:48 (2.52 MB/s) - ‘../data/deliveryimages.acm.org/10.1145/3190000/3186086/images/www2018-95-fig11.jpg’ saved [157143/157143]

FINISHED --2018-05-16 14:19:48--
Total wall clock time: 4.9s
Downloaded: 12 files, 6.0M in 1.8s (3.29 MB/s)
Converting links in ../data/delivery.acm.org/10.1145/3190000/3186086/p197-perino.html?ip=24.48.71.56&id=3186086&acc=OPENTOC&key=4D4702B0C3E38B35.4D4702B0C3E38B35.4D4702B0C3E38B35.4DD68F0663C025AA&__acm__=1526495083_90c38728d6bbe84650e98fbb63213efb... 89-0
Converted links in 1 files in 0.002 seconds.
