--2018-05-16 14:28:01--  http://delivery.acm.org/10.1145/3190000/3185999/p1003-rudolph.html?ip=24.48.71.56&id=3185999&acc=OPENTOC&key=4D4702B0C3E38B35%2E4D4702B0C3E38B35%2E4D4702B0C3E38B35%2E4DD68F0663C025AA&__acm__=1526495581_4b762cfcbdbe73ccf8fc9ff47fdf1d5e
Resolving delivery.acm.org (delivery.acm.org)... 24.200.120.82, 24.200.120.90
Connecting to delivery.acm.org (delivery.acm.org)|24.200.120.82|:80... connected.
HTTP request sent, awaiting response... 200 OK
Length: 89500 (87K) [text/html]
Saving to: ‘../data/delivery.acm.org/10.1145/3190000/3185999/p1003-rudolph.html?ip=24.48.71.56&id=3185999&acc=OPENTOC&key=4D4702B0C3E38B35.4D4702B0C3E38B35.4D4702B0C3E38B35.4DD68F0663C025AA&__acm__=1526495581_4b762cfcbdbe73ccf8fc9ff47fdf1d5e’

     0K .......... .......... .......... .......... .......... 57% 2.40M 0s
    50K .......... .......... .......... .......              100% 4.75M=0.03s

2018-05-16 14:28:02 (3.05 MB/s) - ‘../data/delivery.acm.org/10.1145/3190000/3185999/p1003-rudolph.html?ip=24.48.71.56&id=3185999&acc=OPENTOC&key=4D4702B0C3E38B35.4D4702B0C3E38B35.4D4702B0C3E38B35.4DD68F0663C025AA&__acm__=1526495581_4b762cfcbdbe73ccf8fc9ff47fdf1d5e’ saved [89500/89500]

--2018-05-16 14:28:02--  http://deliveryimages.acm.org/10.1145/3190000/3185999/images/www2018-8-fig1.jpg
Resolving deliveryimages.acm.org (deliveryimages.acm.org)... 104.17.80.191, 104.17.79.191
Connecting to deliveryimages.acm.org (deliveryimages.acm.org)|104.17.80.191|:80... connected.
HTTP request sent, awaiting response... 301 Moved Permanently
Location: https://deliveryimages.acm.org/10.1145/3190000/3185999/images/www2018-8-fig1.jpg [following]
--2018-05-16 14:28:02--  https://deliveryimages.acm.org/10.1145/3190000/3185999/images/www2018-8-fig1.jpg
Connecting to deliveryimages.acm.org (deliveryimages.acm.org)|104.17.80.191|:443... connected.
HTTP request sent, awaiting response... 200 OK
Length: 547825 (535K) [image/jpeg]
Saving to: ‘../data/deliveryimages.acm.org/10.1145/3190000/3185999/images/www2018-8-fig1.jpg’

     0K .......... .......... .......... .......... ..........  9% 1.47M 0s
    50K .......... .......... .......... .......... .......... 18% 3.70M 0s
   100K .......... .......... .......... .......... .......... 28% 2.04M 0s
   150K .......... .......... .......... .......... .......... 37% 12.5M 0s
   200K .......... .......... .......... .......... .......... 46% 3.18M 0s
   250K .......... .......... .......... .......... .......... 56% 5.60M 0s
   300K .......... .......... .......... .......... .......... 65% 3.87M 0s
   350K .......... .......... .......... .......... .......... 74% 3.33M 0s
   400K .......... .......... .......... .......... .......... 84% 4.60M 0s
   450K .......... .......... .......... .......... .......... 93% 5.29M 0s
   500K .......... .......... .......... ....                 100% 4.43M=0.2s

2018-05-16 14:28:02 (3.41 MB/s) - ‘../data/deliveryimages.acm.org/10.1145/3190000/3185999/images/www2018-8-fig1.jpg’ saved [547825/547825]

--2018-05-16 14:28:02--  http://deliveryimages.acm.org/10.1145/3190000/3185999/images/www2018-8-fig2.jpg
Connecting to deliveryimages.acm.org (deliveryimages.acm.org)|104.17.80.191|:80... connected.
HTTP request sent, awaiting response... 301 Moved Permanently
Location: https://deliveryimages.acm.org/10.1145/3190000/3185999/images/www2018-8-fig2.jpg [following]
--2018-05-16 14:28:02--  https://deliveryimages.acm.org/10.1145/3190000/3185999/images/www2018-8-fig2.jpg
Connecting to deliveryimages.acm.org (deliveryimages.acm.org)|104.17.80.191|:443... connected.
HTTP request sent, awaiting response... 200 OK
Length: 94462 (92K) [image/jpeg]
Saving to: ‘../data/deliveryimages.acm.org/10.1145/3190000/3185999/images/www2018-8-fig2.jpg’

     0K .......... .......... .......... .......... .......... 54% 1.43M 0s
    50K .......... .......... .......... .......... ..        100% 2.84M=0.05s

2018-05-16 14:28:02 (1.85 MB/s) - ‘../data/deliveryimages.acm.org/10.1145/3190000/3185999/images/www2018-8-fig2.jpg’ saved [94462/94462]

--2018-05-16 14:28:02--  http://deliveryimages.acm.org/10.1145/3190000/3185999/images/www2018-8-img1.svg
Connecting to deliveryimages.acm.org (deliveryimages.acm.org)|104.17.80.191|:80... connected.
HTTP request sent, awaiting response... 301 Moved Permanently
Location: https://deliveryimages.acm.org/10.1145/3190000/3185999/images/www2018-8-img1.svg [following]
--2018-05-16 14:28:02--  https://deliveryimages.acm.org/10.1145/3190000/3185999/images/www2018-8-img1.svg
Connecting to deliveryimages.acm.org (deliveryimages.acm.org)|104.17.80.191|:443... connected.
HTTP request sent, awaiting response... 200 OK
Length: 155098 (151K) [image/svg+xml]
Saving to: ‘../data/deliveryimages.acm.org/10.1145/3190000/3185999/images/www2018-8-img1.svg’

     0K .......... .......... .......... .......... .......... 33% 1.66M 0s
    50K .......... .......... .......... .......... .......... 66% 1.76M 0s
   100K .......... .......... .......... .......... .......... 99% 4.32M 0s
   150K .                                                     100% 2790G=0.07s

2018-05-16 14:28:03 (2.16 MB/s) - ‘../data/deliveryimages.acm.org/10.1145/3190000/3185999/images/www2018-8-img1.svg’ saved [155098/155098]

--2018-05-16 14:28:03--  http://deliveryimages.acm.org/10.1145/3190000/3185999/images/www2018-8-fig3.jpg
Connecting to deliveryimages.acm.org (deliveryimages.acm.org)|104.17.80.191|:80... connected.
HTTP request sent, awaiting response... 301 Moved Permanently
Location: https://deliveryimages.acm.org/10.1145/3190000/3185999/images/www2018-8-fig3.jpg [following]
--2018-05-16 14:28:03--  https://deliveryimages.acm.org/10.1145/3190000/3185999/images/www2018-8-fig3.jpg
Connecting to deliveryimages.acm.org (deliveryimages.acm.org)|104.17.80.191|:443... connected.
HTTP request sent, awaiting response... 200 OK
Length: 220010 (215K) [image/jpeg]
Saving to: ‘../data/deliveryimages.acm.org/10.1145/3190000/3185999/images/www2018-8-fig3.jpg’

     0K .......... .......... .......... .......... .......... 23% 1.54M 0s
    50K .......... .......... .......... .......... .......... 46% 3.11M 0s
   100K .......... .......... .......... .......... .......... 69% 2.28M 0s
   150K .......... .......... .......... .......... .......... 93% 4.55M 0s
   200K .......... ....                                       100% 6.49M=0.08s

2018-05-16 14:28:03 (2.57 MB/s) - ‘../data/deliveryimages.acm.org/10.1145/3190000/3185999/images/www2018-8-fig3.jpg’ saved [220010/220010]

--2018-05-16 14:28:03--  http://deliveryimages.acm.org/10.1145/3190000/3185999/images/www2018-8-fig4.jpg
Connecting to deliveryimages.acm.org (deliveryimages.acm.org)|104.17.80.191|:80... connected.
HTTP request sent, awaiting response... 301 Moved Permanently
Location: https://deliveryimages.acm.org/10.1145/3190000/3185999/images/www2018-8-fig4.jpg [following]
--2018-05-16 14:28:03--  https://deliveryimages.acm.org/10.1145/3190000/3185999/images/www2018-8-fig4.jpg
Connecting to deliveryimages.acm.org (deliveryimages.acm.org)|104.17.80.191|:443... connected.
HTTP request sent, awaiting response... 200 OK
Length: 152234 (149K) [image/jpeg]
Saving to: ‘../data/deliveryimages.acm.org/10.1145/3190000/3185999/images/www2018-8-fig4.jpg’

     0K .......... .......... .......... .......... .......... 33% 1.53M 0s
    50K .......... .......... .......... .......... .......... 67% 2.14M 0s
   100K .......... .......... .......... .......... ........  100% 3.59M=0.07s

2018-05-16 14:28:03 (2.14 MB/s) - ‘../data/deliveryimages.acm.org/10.1145/3190000/3185999/images/www2018-8-fig4.jpg’ saved [152234/152234]

FINISHED --2018-05-16 14:28:03--
Total wall clock time: 1.9s
Downloaded: 6 files, 1.2M in 0.4s (2.68 MB/s)
Converting links in ../data/delivery.acm.org/10.1145/3190000/3185999/p1003-rudolph.html?ip=24.48.71.56&id=3185999&acc=OPENTOC&key=4D4702B0C3E38B35.4D4702B0C3E38B35.4D4702B0C3E38B35.4DD68F0663C025AA&__acm__=1526495581_4b762cfcbdbe73ccf8fc9ff47fdf1d5e... 141-0
Converted links in 1 files in 0.004 seconds.
