The name is too long, 180 chars total.
Trying to shorten...
New name is p65-dev.html?ip=84.92.48.26&id=3186037&acc=OPENTOC&key=4D4702B0C3E38B35%2E4D4702B0C3E38B35%2E4D4702B0C3E38B35%2E4DD68F0663C0.
--2018-05-16 19:35:33--  http://delivery.acm.org/10.1145/3190000/3186037/p65-dev.html?ip=84.92.48.26&id=3186037&acc=OPENTOC&key=4D4702B0C3E38B35%2E4D4702B0C3E38B35%2E4D4702B0C3E38B35%2E4DD68F0663C025AA&__acm__=1526496034_a3ba7cee7395ccbb3db136246f8738be
Resolving delivery.acm.org (delivery.acm.org)... 23.62.2.64, 23.62.2.59
Connecting to delivery.acm.org (delivery.acm.org)|23.62.2.64|:80... connected.
HTTP request sent, awaiting response... 200 OK
Length: 102790 (100K) [text/html]
Saving to: ‘../data/delivery.acm.org/10.1145/3190000/3186037/p65-dev.html?ip=84.92.48.26&id=3186037&acc=OPENTOC&key=4D4702B0C3E38B35%2E4D4702B0C3E38B35%2E4D4702B0C3E38B35%2E4DD68F0663C0’

     0K .......... .......... .......... .......... .......... 49%  561K 0s
    50K .......... .......... .......... .......... .......... 99%  567K 0s
   100K                                                       100%  726G=0.2s

2018-05-16 19:35:34 (566 KB/s) - ‘../data/delivery.acm.org/10.1145/3190000/3186037/p65-dev.html?ip=84.92.48.26&id=3186037&acc=OPENTOC&key=4D4702B0C3E38B35%2E4D4702B0C3E38B35%2E4D4702B0C3E38B35%2E4DD68F0663C0’ saved [102790/102790]

--2018-05-16 19:35:34--  http://deliveryimages.acm.org/10.1145/3190000/3186037/images/tab2-fig1.jpg
Resolving deliveryimages.acm.org (deliveryimages.acm.org)... 104.17.80.191, 104.17.79.191
Connecting to deliveryimages.acm.org (deliveryimages.acm.org)|104.17.80.191|:80... connected.
HTTP request sent, awaiting response... 301 Moved Permanently
Location: https://deliveryimages.acm.org/10.1145/3190000/3186037/images/tab2-fig1.jpg [following]
--2018-05-16 19:35:34--  https://deliveryimages.acm.org/10.1145/3190000/3186037/images/tab2-fig1.jpg
Connecting to deliveryimages.acm.org (deliveryimages.acm.org)|104.17.80.191|:443... connected.
HTTP request sent, awaiting response... 200 OK
Length: 51566 (50K) [image/jpeg]
Saving to: ‘../data/deliveryimages.acm.org/10.1145/3190000/3186037/images/tab2-fig1.jpg’

     0K .......... .......... .......... .......... .......... 99% 1.29M 0s
    50K                                                       100% 1.25M=0.04s

2018-05-16 19:35:34 (1.29 MB/s) - ‘../data/deliveryimages.acm.org/10.1145/3190000/3186037/images/tab2-fig1.jpg’ saved [51566/51566]

--2018-05-16 19:35:34--  http://deliveryimages.acm.org/10.1145/3190000/3186037/images/tab2-fig2.jpg
Connecting to deliveryimages.acm.org (deliveryimages.acm.org)|104.17.80.191|:80... connected.
HTTP request sent, awaiting response... 301 Moved Permanently
Location: https://deliveryimages.acm.org/10.1145/3190000/3186037/images/tab2-fig2.jpg [following]
--2018-05-16 19:35:34--  https://deliveryimages.acm.org/10.1145/3190000/3186037/images/tab2-fig2.jpg
Connecting to deliveryimages.acm.org (deliveryimages.acm.org)|104.17.80.191|:443... connected.
HTTP request sent, awaiting response... 200 OK
Length: 77502 (76K) [image/jpeg]
Saving to: ‘../data/deliveryimages.acm.org/10.1145/3190000/3186037/images/tab2-fig2.jpg’

     0K .......... .......... .......... .......... .......... 66% 1.32M 0s
    50K .......... .......... .....                           100% 4.88M=0.04s

2018-05-16 19:35:35 (1.75 MB/s) - ‘../data/deliveryimages.acm.org/10.1145/3190000/3186037/images/tab2-fig2.jpg’ saved [77502/77502]

--2018-05-16 19:35:35--  http://deliveryimages.acm.org/10.1145/3190000/3186037/images/tab2-fig3.jpg
Connecting to deliveryimages.acm.org (deliveryimages.acm.org)|104.17.80.191|:80... connected.
HTTP request sent, awaiting response... 301 Moved Permanently
Location: https://deliveryimages.acm.org/10.1145/3190000/3186037/images/tab2-fig3.jpg [following]
--2018-05-16 19:35:35--  https://deliveryimages.acm.org/10.1145/3190000/3186037/images/tab2-fig3.jpg
Connecting to deliveryimages.acm.org (deliveryimages.acm.org)|104.17.80.191|:443... connected.
HTTP request sent, awaiting response... 200 OK
Length: 57498 (56K) [image/jpeg]
Saving to: ‘../data/deliveryimages.acm.org/10.1145/3190000/3186037/images/tab2-fig3.jpg’

     0K .......... .......... .......... .......... .......... 89% 71.3K 0s
    50K ......                                                100% 17.7M=0.7s

2018-05-16 19:35:37 (80.0 KB/s) - ‘../data/deliveryimages.acm.org/10.1145/3190000/3186037/images/tab2-fig3.jpg’ saved [57498/57498]

--2018-05-16 19:35:37--  http://deliveryimages.acm.org/10.1145/3190000/3186037/images/tab2-fig4.jpg
Connecting to deliveryimages.acm.org (deliveryimages.acm.org)|104.17.80.191|:80... connected.
HTTP request sent, awaiting response... 301 Moved Permanently
Location: https://deliveryimages.acm.org/10.1145/3190000/3186037/images/tab2-fig4.jpg [following]
--2018-05-16 19:35:37--  https://deliveryimages.acm.org/10.1145/3190000/3186037/images/tab2-fig4.jpg
Connecting to deliveryimages.acm.org (deliveryimages.acm.org)|104.17.80.191|:443... connected.
HTTP request sent, awaiting response... 200 OK
Length: 64366 (63K) [image/jpeg]
Saving to: ‘../data/deliveryimages.acm.org/10.1145/3190000/3186037/images/tab2-fig4.jpg’

     0K .......... .......... .......... .......... .......... 79% 1.21M 0s
    50K .......... ..                                         100% 1.92M=0.05s

2018-05-16 19:35:37 (1.31 MB/s) - ‘../data/deliveryimages.acm.org/10.1145/3190000/3186037/images/tab2-fig4.jpg’ saved [64366/64366]

--2018-05-16 19:35:37--  http://deliveryimages.acm.org/10.1145/3190000/3186037/images/www2018-46-fig1.jpg
Connecting to deliveryimages.acm.org (deliveryimages.acm.org)|104.17.80.191|:80... connected.
HTTP request sent, awaiting response... 301 Moved Permanently
Location: https://deliveryimages.acm.org/10.1145/3190000/3186037/images/www2018-46-fig1.jpg [following]
--2018-05-16 19:35:37--  https://deliveryimages.acm.org/10.1145/3190000/3186037/images/www2018-46-fig1.jpg
Connecting to deliveryimages.acm.org (deliveryimages.acm.org)|104.17.80.191|:443... connected.
HTTP request sent, awaiting response... 200 OK
Length: 14904 (15K) [image/jpeg]
Saving to: ‘../data/deliveryimages.acm.org/10.1145/3190000/3186037/images/www2018-46-fig1.jpg’

     0K .......... ....                                       100%  840K=0.02s

2018-05-16 19:35:38 (840 KB/s) - ‘../data/deliveryimages.acm.org/10.1145/3190000/3186037/images/www2018-46-fig1.jpg’ saved [14904/14904]

--2018-05-16 19:35:38--  http://deliveryimages.acm.org/10.1145/3190000/3186037/images/www2018-46-fig2.jpg
Connecting to deliveryimages.acm.org (deliveryimages.acm.org)|104.17.80.191|:80... connected.
HTTP request sent, awaiting response... 301 Moved Permanently
Location: https://deliveryimages.acm.org/10.1145/3190000/3186037/images/www2018-46-fig2.jpg [following]
--2018-05-16 19:35:38--  https://deliveryimages.acm.org/10.1145/3190000/3186037/images/www2018-46-fig2.jpg
Connecting to deliveryimages.acm.org (deliveryimages.acm.org)|104.17.80.191|:443... connected.
HTTP request sent, awaiting response... 200 OK
Length: 15146 (15K) [image/jpeg]
Saving to: ‘../data/deliveryimages.acm.org/10.1145/3190000/3186037/images/www2018-46-fig2.jpg’

     0K .......... ....                                       100%  809K=0.02s

2018-05-16 19:35:38 (809 KB/s) - ‘../data/deliveryimages.acm.org/10.1145/3190000/3186037/images/www2018-46-fig2.jpg’ saved [15146/15146]

--2018-05-16 19:35:38--  http://deliveryimages.acm.org/10.1145/3190000/3186037/images/www2018-46-fig3.jpg
Connecting to deliveryimages.acm.org (deliveryimages.acm.org)|104.17.80.191|:80... connected.
HTTP request sent, awaiting response... 301 Moved Permanently
Location: https://deliveryimages.acm.org/10.1145/3190000/3186037/images/www2018-46-fig3.jpg [following]
--2018-05-16 19:35:38--  https://deliveryimages.acm.org/10.1145/3190000/3186037/images/www2018-46-fig3.jpg
Connecting to deliveryimages.acm.org (deliveryimages.acm.org)|104.17.80.191|:443... connected.
HTTP request sent, awaiting response... 200 OK
Length: 34872 (34K) [image/jpeg]
Saving to: ‘../data/deliveryimages.acm.org/10.1145/3190000/3186037/images/www2018-46-fig3.jpg’

     0K .......... .......... .......... ....                 100% 1.45M=0.02s

2018-05-16 19:35:38 (1.45 MB/s) - ‘../data/deliveryimages.acm.org/10.1145/3190000/3186037/images/www2018-46-fig3.jpg’ saved [34872/34872]

--2018-05-16 19:35:38--  http://deliveryimages.acm.org/10.1145/3190000/3186037/images/www2018-46-fig4.jpg
Connecting to deliveryimages.acm.org (deliveryimages.acm.org)|104.17.80.191|:80... connected.
HTTP request sent, awaiting response... 301 Moved Permanently
Location: https://deliveryimages.acm.org/10.1145/3190000/3186037/images/www2018-46-fig4.jpg [following]
--2018-05-16 19:35:38--  https://deliveryimages.acm.org/10.1145/3190000/3186037/images/www2018-46-fig4.jpg
Connecting to deliveryimages.acm.org (deliveryimages.acm.org)|104.17.80.191|:443... connected.
HTTP request sent, awaiting response... 200 OK
Length: 18014 (18K) [image/jpeg]
Saving to: ‘../data/deliveryimages.acm.org/10.1145/3190000/3186037/images/www2018-46-fig4.jpg’

     0K .......... .......                                    100%  946K=0.02s

2018-05-16 19:35:39 (946 KB/s) - ‘../data/deliveryimages.acm.org/10.1145/3190000/3186037/images/www2018-46-fig4.jpg’ saved [18014/18014]

--2018-05-16 19:35:39--  http://deliveryimages.acm.org/10.1145/3190000/3186037/images/www2018-46-fig5.jpg
Connecting to deliveryimages.acm.org (deliveryimages.acm.org)|104.17.80.191|:80... connected.
HTTP request sent, awaiting response... 301 Moved Permanently
Location: https://deliveryimages.acm.org/10.1145/3190000/3186037/images/www2018-46-fig5.jpg [following]
--2018-05-16 19:35:39--  https://deliveryimages.acm.org/10.1145/3190000/3186037/images/www2018-46-fig5.jpg
Connecting to deliveryimages.acm.org (deliveryimages.acm.org)|104.17.80.191|:443... connected.
HTTP request sent, awaiting response... 200 OK
Length: 39151 (38K) [image/jpeg]
Saving to: ‘../data/deliveryimages.acm.org/10.1145/3190000/3186037/images/www2018-46-fig5.jpg’

     0K .......... .......... .......... ........             100% 1.49M=0.03s

2018-05-16 19:35:39 (1.49 MB/s) - ‘../data/deliveryimages.acm.org/10.1145/3190000/3186037/images/www2018-46-fig5.jpg’ saved [39151/39151]

--2018-05-16 19:35:39--  http://deliveryimages.acm.org/10.1145/3190000/3186037/images/www2018-46-fig6.jpg
Connecting to deliveryimages.acm.org (deliveryimages.acm.org)|104.17.80.191|:80... connected.
HTTP request sent, awaiting response... 301 Moved Permanently
Location: https://deliveryimages.acm.org/10.1145/3190000/3186037/images/www2018-46-fig6.jpg [following]
--2018-05-16 19:35:39--  https://deliveryimages.acm.org/10.1145/3190000/3186037/images/www2018-46-fig6.jpg
Connecting to deliveryimages.acm.org (deliveryimages.acm.org)|104.17.80.191|:443... connected.
HTTP request sent, awaiting response... 200 OK
Length: 61483 (60K) [image/jpeg]
Saving to: ‘../data/deliveryimages.acm.org/10.1145/3190000/3186037/images/www2018-46-fig6.jpg’

     0K .......... .......... .......... .......... .......... 83% 1.26M 0s
    50K ..........                                            100% 4.28M=0.04s

2018-05-16 19:35:39 (1.43 MB/s) - ‘../data/deliveryimages.acm.org/10.1145/3190000/3186037/images/www2018-46-fig6.jpg’ saved [61483/61483]

--2018-05-16 19:35:39--  http://deliveryimages.acm.org/10.1145/3190000/3186037/images/www2018-46-fig7.jpg
Connecting to deliveryimages.acm.org (deliveryimages.acm.org)|104.17.80.191|:80... connected.
HTTP request sent, awaiting response... 301 Moved Permanently
Location: https://deliveryimages.acm.org/10.1145/3190000/3186037/images/www2018-46-fig7.jpg [following]
--2018-05-16 19:35:39--  https://deliveryimages.acm.org/10.1145/3190000/3186037/images/www2018-46-fig7.jpg
Connecting to deliveryimages.acm.org (deliveryimages.acm.org)|104.17.80.191|:443... connected.
HTTP request sent, awaiting response... 200 OK
Length: 63218 (62K) [image/jpeg]
Saving to: ‘../data/deliveryimages.acm.org/10.1145/3190000/3186037/images/www2018-46-fig7.jpg’

     0K .......... .......... .......... .......... .......... 80% 1.34M 0s
    50K .......... .                                          100% 3.90M=0.04s

2018-05-16 19:35:40 (1.53 MB/s) - ‘../data/deliveryimages.acm.org/10.1145/3190000/3186037/images/www2018-46-fig7.jpg’ saved [63218/63218]

FINISHED --2018-05-16 19:35:40--
Total wall clock time: 6.2s
Downloaded: 12 files, 586K in 1.2s (493 KB/s)
Converting links in ../data/delivery.acm.org/10.1145/3190000/3186037/p65-dev.html?ip=84.92.48.26&id=3186037&acc=OPENTOC&key=4D4702B0C3E38B35%2E4D4702B0C3E38B35%2E4D4702B0C3E38B35%2E4DD68F0663C0... 90-0
Converted links in 1 files in 0.004 seconds.
