--2018-05-16 14:24:32--  http://delivery.acm.org/10.1145/3190000/3186155/p741-li.html?ip=24.48.71.56&id=3186155&acc=OPENTOC&key=4D4702B0C3E38B35%2E4D4702B0C3E38B35%2E4D4702B0C3E38B35%2E4DD68F0663C025AA&__acm__=1526495372_a9c801c13ff783ee1d35d7e01a138d37
Resolving delivery.acm.org (delivery.acm.org)... 24.200.120.90, 24.200.120.82
Connecting to delivery.acm.org (delivery.acm.org)|24.200.120.90|:80... connected.
HTTP request sent, awaiting response... 200 OK
Length: 104253 (102K) [text/html]
Saving to: ‘../data/delivery.acm.org/10.1145/3190000/3186155/p741-li.html?ip=24.48.71.56&id=3186155&acc=OPENTOC&key=4D4702B0C3E38B35.4D4702B0C3E38B35.4D4702B0C3E38B35.4DD68F0663C025AA&__acm__=1526495372_a9c801c13ff783ee1d35d7e01a138d37’

     0K .......... .......... .......... .......... .......... 49% 2.00M 0s
    50K .......... .......... .......... .......... .......... 98% 2.96M 0s
   100K .                                                     100% 49.0M=0.04s

2018-05-16 14:24:32 (2.43 MB/s) - ‘../data/delivery.acm.org/10.1145/3190000/3186155/p741-li.html?ip=24.48.71.56&id=3186155&acc=OPENTOC&key=4D4702B0C3E38B35.4D4702B0C3E38B35.4D4702B0C3E38B35.4DD68F0663C025AA&__acm__=1526495372_a9c801c13ff783ee1d35d7e01a138d37’ saved [104253/104253]

--2018-05-16 14:24:32--  http://deliveryimages.acm.org/10.1145/3190000/3186155/images/www2018-164-fig1.jpg
Resolving deliveryimages.acm.org (deliveryimages.acm.org)... 104.17.80.191, 104.17.79.191
Connecting to deliveryimages.acm.org (deliveryimages.acm.org)|104.17.80.191|:80... connected.
HTTP request sent, awaiting response... 301 Moved Permanently
Location: https://deliveryimages.acm.org/10.1145/3190000/3186155/images/www2018-164-fig1.jpg [following]
--2018-05-16 14:24:32--  https://deliveryimages.acm.org/10.1145/3190000/3186155/images/www2018-164-fig1.jpg
Connecting to deliveryimages.acm.org (deliveryimages.acm.org)|104.17.80.191|:443... connected.
HTTP request sent, awaiting response... 200 OK
Length: 67367 (66K) [image/jpeg]
Saving to: ‘../data/deliveryimages.acm.org/10.1145/3190000/3186155/images/www2018-164-fig1.jpg’

     0K .......... .......... .......... .......... .......... 76% 1.19M 0s
    50K .......... .....                                      100% 1.87M=0.05s

2018-05-16 14:24:33 (1.31 MB/s) - ‘../data/deliveryimages.acm.org/10.1145/3190000/3186155/images/www2018-164-fig1.jpg’ saved [67367/67367]

--2018-05-16 14:24:33--  http://deliveryimages.acm.org/10.1145/3190000/3186155/images/www2018-164-img1.svg
Connecting to deliveryimages.acm.org (deliveryimages.acm.org)|104.17.80.191|:80... connected.
HTTP request sent, awaiting response... 301 Moved Permanently
Location: https://deliveryimages.acm.org/10.1145/3190000/3186155/images/www2018-164-img1.svg [following]
--2018-05-16 14:24:33--  https://deliveryimages.acm.org/10.1145/3190000/3186155/images/www2018-164-img1.svg
Connecting to deliveryimages.acm.org (deliveryimages.acm.org)|104.17.80.191|:443... connected.
HTTP request sent, awaiting response... 200 OK
Length: 107729 (105K) [image/svg+xml]
Saving to: ‘../data/deliveryimages.acm.org/10.1145/3190000/3186155/images/www2018-164-img1.svg’

     0K .......... .......... .......... .......... .......... 47%  963K 0s
    50K .......... .......... .......... .......... .......... 95%  901K 0s
   100K .....                                                 100% 2.39M=0.1s

2018-05-16 14:24:33 (961 KB/s) - ‘../data/deliveryimages.acm.org/10.1145/3190000/3186155/images/www2018-164-img1.svg’ saved [107729/107729]

--2018-05-16 14:24:33--  http://deliveryimages.acm.org/10.1145/3190000/3186155/images/www2018-164-img2.svg
Connecting to deliveryimages.acm.org (deliveryimages.acm.org)|104.17.80.191|:80... connected.
HTTP request sent, awaiting response... 301 Moved Permanently
Location: https://deliveryimages.acm.org/10.1145/3190000/3186155/images/www2018-164-img2.svg [following]
--2018-05-16 14:24:33--  https://deliveryimages.acm.org/10.1145/3190000/3186155/images/www2018-164-img2.svg
Connecting to deliveryimages.acm.org (deliveryimages.acm.org)|104.17.80.191|:443... connected.
HTTP request sent, awaiting response... 200 OK
Length: 116544 (114K) [image/svg+xml]
Saving to: ‘../data/deliveryimages.acm.org/10.1145/3190000/3186155/images/www2018-164-img2.svg’

     0K .......... .......... .......... .......... .......... 43% 1.56M 0s
    50K .......... .......... .......... .......... .......... 87% 2.82M 0s
   100K .......... ...                                        100% 10.7M=0.05s

2018-05-16 14:24:33 (2.23 MB/s) - ‘../data/deliveryimages.acm.org/10.1145/3190000/3186155/images/www2018-164-img2.svg’ saved [116544/116544]

--2018-05-16 14:24:33--  http://deliveryimages.acm.org/10.1145/3190000/3186155/images/www2018-164-fig2.jpg
Connecting to deliveryimages.acm.org (deliveryimages.acm.org)|104.17.80.191|:80... connected.
HTTP request sent, awaiting response... 301 Moved Permanently
Location: https://deliveryimages.acm.org/10.1145/3190000/3186155/images/www2018-164-fig2.jpg [following]
--2018-05-16 14:24:33--  https://deliveryimages.acm.org/10.1145/3190000/3186155/images/www2018-164-fig2.jpg
Connecting to deliveryimages.acm.org (deliveryimages.acm.org)|104.17.80.191|:443... connected.
HTTP request sent, awaiting response... 200 OK
Length: 100142 (98K) [image/jpeg]
Saving to: ‘../data/deliveryimages.acm.org/10.1145/3190000/3186155/images/www2018-164-fig2.jpg’

     0K .......... .......... .......... .......... .......... 51%  990K 0s
    50K .......... .......... .......... .......... .......   100% 1.08M=0.09s

2018-05-16 14:24:34 (1.02 MB/s) - ‘../data/deliveryimages.acm.org/10.1145/3190000/3186155/images/www2018-164-fig2.jpg’ saved [100142/100142]

--2018-05-16 14:24:34--  http://deliveryimages.acm.org/10.1145/3190000/3186155/images/www2018-164-fig3.jpg
Connecting to deliveryimages.acm.org (deliveryimages.acm.org)|104.17.80.191|:80... connected.
HTTP request sent, awaiting response... 301 Moved Permanently
Location: https://deliveryimages.acm.org/10.1145/3190000/3186155/images/www2018-164-fig3.jpg [following]
--2018-05-16 14:24:34--  https://deliveryimages.acm.org/10.1145/3190000/3186155/images/www2018-164-fig3.jpg
Connecting to deliveryimages.acm.org (deliveryimages.acm.org)|104.17.80.191|:443... connected.
HTTP request sent, awaiting response... 200 OK
Length: 80543 (79K) [image/jpeg]
Saving to: ‘../data/deliveryimages.acm.org/10.1145/3190000/3186155/images/www2018-164-fig3.jpg’

     0K .......... .......... .......... .......... .......... 63% 1.25M 0s
    50K .......... .......... ........                        100% 4.41M=0.05s

2018-05-16 14:24:34 (1.69 MB/s) - ‘../data/deliveryimages.acm.org/10.1145/3190000/3186155/images/www2018-164-fig3.jpg’ saved [80543/80543]

--2018-05-16 14:24:34--  http://deliveryimages.acm.org/10.1145/3190000/3186155/images/www2018-164-fig4.jpg
Connecting to deliveryimages.acm.org (deliveryimages.acm.org)|104.17.80.191|:80... connected.
HTTP request sent, awaiting response... 301 Moved Permanently
Location: https://deliveryimages.acm.org/10.1145/3190000/3186155/images/www2018-164-fig4.jpg [following]
--2018-05-16 14:24:34--  https://deliveryimages.acm.org/10.1145/3190000/3186155/images/www2018-164-fig4.jpg
Connecting to deliveryimages.acm.org (deliveryimages.acm.org)|104.17.80.191|:443... connected.
HTTP request sent, awaiting response... 200 OK
Length: 73293 (72K) [image/jpeg]
Saving to: ‘../data/deliveryimages.acm.org/10.1145/3190000/3186155/images/www2018-164-fig4.jpg’

     0K .......... .......... .......... .......... .......... 69% 1.58M 0s
    50K .......... .......... .                               100% 2.76M=0.04s

2018-05-16 14:24:34 (1.81 MB/s) - ‘../data/deliveryimages.acm.org/10.1145/3190000/3186155/images/www2018-164-fig4.jpg’ saved [73293/73293]

--2018-05-16 14:24:34--  http://deliveryimages.acm.org/10.1145/3190000/3186155/images/www2018-164-fig5.jpg
Connecting to deliveryimages.acm.org (deliveryimages.acm.org)|104.17.80.191|:80... connected.
HTTP request sent, awaiting response... 301 Moved Permanently
Location: https://deliveryimages.acm.org/10.1145/3190000/3186155/images/www2018-164-fig5.jpg [following]
--2018-05-16 14:24:35--  https://deliveryimages.acm.org/10.1145/3190000/3186155/images/www2018-164-fig5.jpg
Connecting to deliveryimages.acm.org (deliveryimages.acm.org)|104.17.80.191|:443... connected.
HTTP request sent, awaiting response... 200 OK
Length: 83261 (81K) [image/jpeg]
Saving to: ‘../data/deliveryimages.acm.org/10.1145/3190000/3186155/images/www2018-164-fig5.jpg’

     0K .......... .......... .......... .......... .......... 61% 1.50M 0s
    50K .......... .......... .......... .                    100% 7.93M=0.04s

2018-05-16 14:24:35 (2.18 MB/s) - ‘../data/deliveryimages.acm.org/10.1145/3190000/3186155/images/www2018-164-fig5.jpg’ saved [83261/83261]

--2018-05-16 14:24:35--  http://deliveryimages.acm.org/10.1145/3190000/3186155/images/www2018-164-fig6.jpg
Connecting to deliveryimages.acm.org (deliveryimages.acm.org)|104.17.80.191|:80... connected.
HTTP request sent, awaiting response... 301 Moved Permanently
Location: https://deliveryimages.acm.org/10.1145/3190000/3186155/images/www2018-164-fig6.jpg [following]
--2018-05-16 14:24:35--  https://deliveryimages.acm.org/10.1145/3190000/3186155/images/www2018-164-fig6.jpg
Connecting to deliveryimages.acm.org (deliveryimages.acm.org)|104.17.80.191|:443... connected.
HTTP request sent, awaiting response... 200 OK
Length: 78549 (77K) [image/jpeg]
Saving to: ‘../data/deliveryimages.acm.org/10.1145/3190000/3186155/images/www2018-164-fig6.jpg’

     0K .......... .......... .......... .......... .......... 65% 1.11M 0s
    50K .......... .......... ......                          100% 3.49M=0.05s

2018-05-16 14:24:35 (1.46 MB/s) - ‘../data/deliveryimages.acm.org/10.1145/3190000/3186155/images/www2018-164-fig6.jpg’ saved [78549/78549]

--2018-05-16 14:24:35--  http://deliveryimages.acm.org/10.1145/3190000/3186155/images/www2018-164-fig7.jpg
Connecting to deliveryimages.acm.org (deliveryimages.acm.org)|104.17.80.191|:80... connected.
HTTP request sent, awaiting response... 301 Moved Permanently
Location: https://deliveryimages.acm.org/10.1145/3190000/3186155/images/www2018-164-fig7.jpg [following]
--2018-05-16 14:24:35--  https://deliveryimages.acm.org/10.1145/3190000/3186155/images/www2018-164-fig7.jpg
Connecting to deliveryimages.acm.org (deliveryimages.acm.org)|104.17.80.191|:443... connected.
HTTP request sent, awaiting response... 200 OK
Length: 91223 (89K) [image/jpeg]
Saving to: ‘../data/deliveryimages.acm.org/10.1145/3190000/3186155/images/www2018-164-fig7.jpg’

     0K .......... .......... .......... .......... .......... 56% 1.17M 0s
    50K .......... .......... .......... .........            100% 1.93M=0.06s

2018-05-16 14:24:35 (1.41 MB/s) - ‘../data/deliveryimages.acm.org/10.1145/3190000/3186155/images/www2018-164-fig7.jpg’ saved [91223/91223]

FINISHED --2018-05-16 14:24:35--
Total wall clock time: 3.3s
Downloaded: 10 files, 882K in 0.6s (1.49 MB/s)
Converting links in ../data/delivery.acm.org/10.1145/3190000/3186155/p741-li.html?ip=24.48.71.56&id=3186155&acc=OPENTOC&key=4D4702B0C3E38B35.4D4702B0C3E38B35.4D4702B0C3E38B35.4DD68F0663C025AA&__acm__=1526495372_a9c801c13ff783ee1d35d7e01a138d37... 187-0
Converted links in 1 files in 0.006 seconds.
