--2018-05-16 14:54:20--  http://delivery.acm.org/10.1145/3200000/3192327/p887-al-masri.pdf?ip=24.48.71.56&id=3192327&acc=OPENTOC&key=4D4702B0C3E38B35%2E4D4702B0C3E38B35%2E4D4702B0C3E38B35%2E4DD68F0663C025AA&__acm__=1526497159_6f7149a9f90e88651a26a65b5d89162b
Resolving delivery.acm.org (delivery.acm.org)... 24.200.120.90, 24.200.120.82
Connecting to delivery.acm.org (delivery.acm.org)|24.200.120.90|:80... connected.
HTTP request sent, awaiting response... 200 OK
Length: 828117 (809K) [application/pdf]
Saving to: ‘../data/delivery.acm.org/10.1145/3200000/3192327/p887-al-masri.pdf?ip=24.48.71.56&id=3192327&acc=OPENTOC&key=4D4702B0C3E38B35.4D4702B0C3E38B35.4D4702B0C3E38B35.4DD68F0663C025AA&__acm__=1526497159_6f7149a9f90e88651a26a65b5d89162b’

     0K .......... .......... .......... .......... ..........  6% 2.53M 0s
    50K .......... .......... .......... .......... .......... 12% 4.02M 0s
   100K .......... .......... .......... .......... .......... 18% 2.54M 0s
   150K .......... .......... .......... .......... .......... 24% 9.42M 0s
   200K .......... .......... .......... .......... .......... 30% 5.04M 0s
   250K .......... .......... .......... .......... .......... 37% 3.67M 0s
   300K .......... .......... .......... .......... .......... 43% 4.43M 0s
   350K .......... .......... .......... .......... .......... 49% 3.43M 0s
   400K .......... .......... .......... .......... .......... 55% 4.76M 0s
   450K .......... .......... .......... .......... .......... 61% 2.95M 0s
   500K .......... .......... .......... .......... .......... 68% 6.21M 0s
   550K .......... .......... .......... .......... .......... 74% 3.83M 0s
   600K .......... .......... .......... .......... .......... 80% 3.71M 0s
   650K .......... .......... .......... .......... .......... 86% 4.12M 0s
   700K .......... .......... .......... .......... .......... 92% 4.60M 0s
   750K .......... .......... .......... .......... .......... 98% 3.16M 0s
   800K ........                                              100% 6.29M=0.2s

2018-05-16 14:54:20 (3.87 MB/s) - ‘../data/delivery.acm.org/10.1145/3200000/3192327/p887-al-masri.pdf?ip=24.48.71.56&id=3192327&acc=OPENTOC&key=4D4702B0C3E38B35.4D4702B0C3E38B35.4D4702B0C3E38B35.4DD68F0663C025AA&__acm__=1526497159_6f7149a9f90e88651a26a65b5d89162b’ saved [828117/828117]

FINISHED --2018-05-16 14:54:20--
Total wall clock time: 0.4s
Downloaded: 1 files, 809K in 0.2s (3.87 MB/s)
Converted links in 0 files in 0 seconds.
