--2018-05-16 15:13:10--  http://delivery.acm.org/10.1145/3200000/3191625/p1661-peng.html?ip=24.48.71.56&id=3191625&acc=OPENTOC&key=4D4702B0C3E38B35%2E4D4702B0C3E38B35%2E4D4702B0C3E38B35%2E4DD68F0663C025AA&__acm__=1526498289_3d17cb47bfcf024538287197273b27d7
Resolving delivery.acm.org (delivery.acm.org)... 24.200.120.90, 24.200.120.82
Connecting to delivery.acm.org (delivery.acm.org)|24.200.120.90|:80... connected.
HTTP request sent, awaiting response... 200 OK
Length: 93541 (91K) [text/html]
Saving to: ‘../data/delivery.acm.org/10.1145/3200000/3191625/p1661-peng.html?ip=24.48.71.56&id=3191625&acc=OPENTOC&key=4D4702B0C3E38B35.4D4702B0C3E38B35.4D4702B0C3E38B35.4DD68F0663C025AA&__acm__=1526498289_3d17cb47bfcf024538287197273b27d7’

     0K .......... .......... .......... .......... .......... 54% 87.6K 0s
    50K .......... .......... .......... .......... .         100%  102K=1.0s

2018-05-16 15:13:11 (93.5 KB/s) - ‘../data/delivery.acm.org/10.1145/3200000/3191625/p1661-peng.html?ip=24.48.71.56&id=3191625&acc=OPENTOC&key=4D4702B0C3E38B35.4D4702B0C3E38B35.4D4702B0C3E38B35.4DD68F0663C025AA&__acm__=1526498289_3d17cb47bfcf024538287197273b27d7’ saved [93541/93541]

--2018-05-16 15:13:11--  http://deliveryimages.acm.org/10.1145/3200000/3191625/images/image1.png
Resolving deliveryimages.acm.org (deliveryimages.acm.org)... 104.17.79.191, 104.17.80.191
Connecting to deliveryimages.acm.org (deliveryimages.acm.org)|104.17.79.191|:80... connected.
HTTP request sent, awaiting response... 301 Moved Permanently
Location: https://deliveryimages.acm.org/10.1145/3200000/3191625/images/image1.png [following]
--2018-05-16 15:13:11--  https://deliveryimages.acm.org/10.1145/3200000/3191625/images/image1.png
Connecting to deliveryimages.acm.org (deliveryimages.acm.org)|104.17.79.191|:443... connected.
HTTP request sent, awaiting response... 200 OK
Length: 90573 (88K) [image/png]
Saving to: ‘../data/deliveryimages.acm.org/10.1145/3200000/3191625/images/image1.png’

     0K .......... .......... .......... .......... .......... 56% 1.72M 0s
    50K .......... .......... .......... ........             100% 3.31M=0.04s

2018-05-16 15:13:11 (2.17 MB/s) - ‘../data/deliveryimages.acm.org/10.1145/3200000/3191625/images/image1.png’ saved [90573/90573]

--2018-05-16 15:13:11--  http://deliveryimages.acm.org/10.1145/3200000/3191625/images/image2.PNG
Connecting to deliveryimages.acm.org (deliveryimages.acm.org)|104.17.79.191|:80... connected.
HTTP request sent, awaiting response... 301 Moved Permanently
Location: https://deliveryimages.acm.org/10.1145/3200000/3191625/images/image2.PNG [following]
--2018-05-16 15:13:11--  https://deliveryimages.acm.org/10.1145/3200000/3191625/images/image2.PNG
Connecting to deliveryimages.acm.org (deliveryimages.acm.org)|104.17.79.191|:443... connected.
HTTP request sent, awaiting response... 200 OK
Length: 26765 (26K) [image/png]
Saving to: ‘../data/deliveryimages.acm.org/10.1145/3200000/3191625/images/image2.PNG’

     0K .......... .......... ......                          100% 1.64M=0.02s

2018-05-16 15:13:12 (1.64 MB/s) - ‘../data/deliveryimages.acm.org/10.1145/3200000/3191625/images/image2.PNG’ saved [26765/26765]

--2018-05-16 15:13:12--  http://deliveryimages.acm.org/10.1145/3200000/3191625/images/image3.PNG
Connecting to deliveryimages.acm.org (deliveryimages.acm.org)|104.17.79.191|:80... connected.
HTTP request sent, awaiting response... 301 Moved Permanently
Location: https://deliveryimages.acm.org/10.1145/3200000/3191625/images/image3.PNG [following]
--2018-05-16 15:13:12--  https://deliveryimages.acm.org/10.1145/3200000/3191625/images/image3.PNG
Connecting to deliveryimages.acm.org (deliveryimages.acm.org)|104.17.79.191|:443... connected.
HTTP request sent, awaiting response... 200 OK
Length: 154119 (151K) [image/png]
Saving to: ‘../data/deliveryimages.acm.org/10.1145/3200000/3191625/images/image3.PNG’

     0K .......... .......... .......... .......... .......... 33%  964K 0s
    50K .......... .......... .......... .......... .......... 66% 1.53M 0s
   100K .......... .......... .......... .......... .......... 99% 3.77M 0s
   150K                                                       100%  967G=0.1s

2018-05-16 15:13:12 (1.52 MB/s) - ‘../data/deliveryimages.acm.org/10.1145/3200000/3191625/images/image3.PNG’ saved [154119/154119]

--2018-05-16 15:13:12--  http://deliveryimages.acm.org/10.1145/3200000/3191625/images/image4.png
Connecting to deliveryimages.acm.org (deliveryimages.acm.org)|104.17.79.191|:80... connected.
HTTP request sent, awaiting response... 301 Moved Permanently
Location: https://deliveryimages.acm.org/10.1145/3200000/3191625/images/image4.png [following]
--2018-05-16 15:13:12--  https://deliveryimages.acm.org/10.1145/3200000/3191625/images/image4.png
Connecting to deliveryimages.acm.org (deliveryimages.acm.org)|104.17.79.191|:443... connected.
HTTP request sent, awaiting response... 200 OK
Length: 17697 (17K) [image/png]
Saving to: ‘../data/deliveryimages.acm.org/10.1145/3200000/3191625/images/image4.png’

     0K .......... .......                                    100% 1.33M=0.01s

2018-05-16 15:13:12 (1.33 MB/s) - ‘../data/deliveryimages.acm.org/10.1145/3200000/3191625/images/image4.png’ saved [17697/17697]

--2018-05-16 15:13:12--  http://deliveryimages.acm.org/10.1145/3200000/3191625/images/image5.png
Connecting to deliveryimages.acm.org (deliveryimages.acm.org)|104.17.79.191|:80... connected.
HTTP request sent, awaiting response... 301 Moved Permanently
Location: https://deliveryimages.acm.org/10.1145/3200000/3191625/images/image5.png [following]
--2018-05-16 15:13:12--  https://deliveryimages.acm.org/10.1145/3200000/3191625/images/image5.png
Connecting to deliveryimages.acm.org (deliveryimages.acm.org)|104.17.79.191|:443... connected.
HTTP request sent, awaiting response... 200 OK
Length: 130940 (128K) [image/png]
Saving to: ‘../data/deliveryimages.acm.org/10.1145/3200000/3191625/images/image5.png’

     0K .......... .......... .......... .......... .......... 39% 2.10M 0s
    50K .......... .......... .......... .......... .......... 78% 2.92M 0s
   100K .......... .......... .......                         100% 7.70M=0.04s

2018-05-16 15:13:13 (2.87 MB/s) - ‘../data/deliveryimages.acm.org/10.1145/3200000/3191625/images/image5.png’ saved [130940/130940]

--2018-05-16 15:13:13--  http://deliveryimages.acm.org/10.1145/3200000/3191625/images/image6.PNG
Connecting to deliveryimages.acm.org (deliveryimages.acm.org)|104.17.79.191|:80... connected.
HTTP request sent, awaiting response... 301 Moved Permanently
Location: https://deliveryimages.acm.org/10.1145/3200000/3191625/images/image6.PNG [following]
--2018-05-16 15:13:13--  https://deliveryimages.acm.org/10.1145/3200000/3191625/images/image6.PNG
Connecting to deliveryimages.acm.org (deliveryimages.acm.org)|104.17.79.191|:443... connected.
HTTP request sent, awaiting response... 200 OK
Length: 71056 (69K) [image/png]
Saving to: ‘../data/deliveryimages.acm.org/10.1145/3200000/3191625/images/image6.PNG’

     0K .......... .......... .......... .......... .......... 72%  534K 0s
    50K .......... .........                                  100% 50.7M=0.09s

2018-05-16 15:13:13 (738 KB/s) - ‘../data/deliveryimages.acm.org/10.1145/3200000/3191625/images/image6.PNG’ saved [71056/71056]

--2018-05-16 15:13:13--  http://deliveryimages.acm.org/10.1145/3200000/3191625/images/image7.PNG
Connecting to deliveryimages.acm.org (deliveryimages.acm.org)|104.17.79.191|:80... connected.
HTTP request sent, awaiting response... 301 Moved Permanently
Location: https://deliveryimages.acm.org/10.1145/3200000/3191625/images/image7.PNG [following]
--2018-05-16 15:13:13--  https://deliveryimages.acm.org/10.1145/3200000/3191625/images/image7.PNG
Connecting to deliveryimages.acm.org (deliveryimages.acm.org)|104.17.79.191|:443... connected.
HTTP request sent, awaiting response... 200 OK
Length: 72534 (71K) [image/png]
Saving to: ‘../data/deliveryimages.acm.org/10.1145/3200000/3191625/images/image7.PNG’

     0K .......... .......... .......... .......... .......... 70% 2.16M 0s
    50K .......... ..........                                 100% 2.25M=0.03s

2018-05-16 15:13:14 (2.18 MB/s) - ‘../data/deliveryimages.acm.org/10.1145/3200000/3191625/images/image7.PNG’ saved [72534/72534]

--2018-05-16 15:13:14--  http://deliveryimages.acm.org/10.1145/3200000/3191625/images/image8.PNG
Connecting to deliveryimages.acm.org (deliveryimages.acm.org)|104.17.79.191|:80... connected.
HTTP request sent, awaiting response... 301 Moved Permanently
Location: https://deliveryimages.acm.org/10.1145/3200000/3191625/images/image8.PNG [following]
--2018-05-16 15:13:14--  https://deliveryimages.acm.org/10.1145/3200000/3191625/images/image8.PNG
Connecting to deliveryimages.acm.org (deliveryimages.acm.org)|104.17.79.191|:443... connected.
HTTP request sent, awaiting response... 200 OK
Length: 68217 (67K) [image/png]
Saving to: ‘../data/deliveryimages.acm.org/10.1145/3200000/3191625/images/image8.PNG’

     0K .......... .......... .......... .......... .......... 75% 1.53M 0s
    50K .......... ......                                     100% 3.25M=0.04s

2018-05-16 15:13:14 (1.76 MB/s) - ‘../data/deliveryimages.acm.org/10.1145/3200000/3191625/images/image8.PNG’ saved [68217/68217]

--2018-05-16 15:13:14--  http://deliveryimages.acm.org/10.1145/3200000/3191625/images/image9.PNG
Connecting to deliveryimages.acm.org (deliveryimages.acm.org)|104.17.79.191|:80... connected.
HTTP request sent, awaiting response... 301 Moved Permanently
Location: https://deliveryimages.acm.org/10.1145/3200000/3191625/images/image9.PNG [following]
--2018-05-16 15:13:14--  https://deliveryimages.acm.org/10.1145/3200000/3191625/images/image9.PNG
Connecting to deliveryimages.acm.org (deliveryimages.acm.org)|104.17.79.191|:443... connected.
HTTP request sent, awaiting response... 200 OK
Length: 70418 (69K) [image/png]
Saving to: ‘../data/deliveryimages.acm.org/10.1145/3200000/3191625/images/image9.PNG’

     0K .......... .......... .......... .......... .......... 72% 1.19M 0s
    50K .......... ........                                   100% 2.34M=0.05s

2018-05-16 15:13:14 (1.37 MB/s) - ‘../data/deliveryimages.acm.org/10.1145/3200000/3191625/images/image9.PNG’ saved [70418/70418]

--2018-05-16 15:13:14--  http://deliveryimages.acm.org/10.1145/3200000/3191625/images/image10.PNG
Connecting to deliveryimages.acm.org (deliveryimages.acm.org)|104.17.79.191|:80... connected.
HTTP request sent, awaiting response... 301 Moved Permanently
Location: https://deliveryimages.acm.org/10.1145/3200000/3191625/images/image10.PNG [following]
--2018-05-16 15:13:14--  https://deliveryimages.acm.org/10.1145/3200000/3191625/images/image10.PNG
Connecting to deliveryimages.acm.org (deliveryimages.acm.org)|104.17.79.191|:443... connected.
HTTP request sent, awaiting response... 200 OK
Length: 59577 (58K) [image/png]
Saving to: ‘../data/deliveryimages.acm.org/10.1145/3200000/3191625/images/image10.PNG’

     0K .......... .......... .......... .......... .......... 85% 1.15M 0s
    50K ........                                              100% 39.2M=0.04s

2018-05-16 15:13:15 (1.33 MB/s) - ‘../data/deliveryimages.acm.org/10.1145/3200000/3191625/images/image10.PNG’ saved [59577/59577]

--2018-05-16 15:13:15--  http://deliveryimages.acm.org/10.1145/3200000/3191625/images/image11.PNG
Connecting to deliveryimages.acm.org (deliveryimages.acm.org)|104.17.79.191|:80... connected.
HTTP request sent, awaiting response... 301 Moved Permanently
Location: https://deliveryimages.acm.org/10.1145/3200000/3191625/images/image11.PNG [following]
--2018-05-16 15:13:15--  https://deliveryimages.acm.org/10.1145/3200000/3191625/images/image11.PNG
Connecting to deliveryimages.acm.org (deliveryimages.acm.org)|104.17.79.191|:443... connected.
HTTP request sent, awaiting response... 200 OK
Length: 112857 (110K) [image/png]
Saving to: ‘../data/deliveryimages.acm.org/10.1145/3200000/3191625/images/image11.PNG’

     0K .......... .......... .......... .......... .......... 45% 1.12M 0s
    50K .......... .......... .......... .......... .......... 90% 2.33M 0s
   100K ..........                                            100% 16.8M=0.07s

2018-05-16 15:13:15 (1.65 MB/s) - ‘../data/deliveryimages.acm.org/10.1145/3200000/3191625/images/image11.PNG’ saved [112857/112857]

--2018-05-16 15:13:15--  http://deliveryimages.acm.org/10.1145/3200000/3191625/images/image12.PNG
Connecting to deliveryimages.acm.org (deliveryimages.acm.org)|104.17.79.191|:80... connected.
HTTP request sent, awaiting response... 301 Moved Permanently
Location: https://deliveryimages.acm.org/10.1145/3200000/3191625/images/image12.PNG [following]
--2018-05-16 15:13:15--  https://deliveryimages.acm.org/10.1145/3200000/3191625/images/image12.PNG
Connecting to deliveryimages.acm.org (deliveryimages.acm.org)|104.17.79.191|:443... connected.
HTTP request sent, awaiting response... 200 OK
Length: 65671 (64K) [image/png]
Saving to: ‘../data/deliveryimages.acm.org/10.1145/3200000/3191625/images/image12.PNG’

     0K .......... .......... .......... .......... .......... 77% 1.36M 0s
    50K .......... ....                                       100% 3.82M=0.04s

2018-05-16 15:13:15 (1.58 MB/s) - ‘../data/deliveryimages.acm.org/10.1145/3200000/3191625/images/image12.PNG’ saved [65671/65671]

--2018-05-16 15:13:15--  http://deliveryimages.acm.org/10.1145/3200000/3191625/images/image13.PNG
Connecting to deliveryimages.acm.org (deliveryimages.acm.org)|104.17.79.191|:80... connected.
HTTP request sent, awaiting response... 301 Moved Permanently
Location: https://deliveryimages.acm.org/10.1145/3200000/3191625/images/image13.PNG [following]
--2018-05-16 15:13:15--  https://deliveryimages.acm.org/10.1145/3200000/3191625/images/image13.PNG
Connecting to deliveryimages.acm.org (deliveryimages.acm.org)|104.17.79.191|:443... connected.
HTTP request sent, awaiting response... 200 OK
Length: 123156 (120K) [image/png]
Saving to: ‘../data/deliveryimages.acm.org/10.1145/3200000/3191625/images/image13.PNG’

     0K .......... .......... .......... .......... .......... 41%  984K 0s
    50K .......... .......... .......... .......... .......... 83% 1004K 0s
   100K .......... ..........                                 100% 1.29M=0.1s

2018-05-16 15:13:16 (1.01 MB/s) - ‘../data/deliveryimages.acm.org/10.1145/3200000/3191625/images/image13.PNG’ saved [123156/123156]

FINISHED --2018-05-16 15:13:16--
Total wall clock time: 5.9s
Downloaded: 14 files, 1.1M in 1.7s (681 KB/s)
Converting links in ../data/delivery.acm.org/10.1145/3200000/3191625/p1661-peng.html?ip=24.48.71.56&id=3191625&acc=OPENTOC&key=4D4702B0C3E38B35.4D4702B0C3E38B35.4D4702B0C3E38B35.4DD68F0663C025AA&__acm__=1526498289_3d17cb47bfcf024538287197273b27d7... 77-0
Converted links in 1 files in 0.004 seconds.
