--2018-05-16 15:22:09--  http://delivery.acm.org/10.1145/3190000/3186354/p395-lin.html?ip=24.48.71.56&id=3186354&acc=OPENTOC&key=4D4702B0C3E38B35%2E4D4702B0C3E38B35%2E4D4702B0C3E38B35%2E4DD68F0663C025AA&__acm__=1526498828_a0781aeb3b1a062e62e884c69ee78540
Resolving delivery.acm.org (delivery.acm.org)... 24.200.120.82, 24.200.120.90
Connecting to delivery.acm.org (delivery.acm.org)|24.200.120.82|:80... connected.
HTTP request sent, awaiting response... 200 OK
Length: 80022 (78K) [text/html]
Saving to: ‘../data/delivery.acm.org/10.1145/3190000/3186354/p395-lin.html?ip=24.48.71.56&id=3186354&acc=OPENTOC&key=4D4702B0C3E38B35.4D4702B0C3E38B35.4D4702B0C3E38B35.4DD68F0663C025AA&__acm__=1526498828_a0781aeb3b1a062e62e884c69ee78540’

     0K .......... .......... .......... .......... .......... 63% 2.53M 0s
    50K .......... .......... ........                        100% 4.34M=0.03s

2018-05-16 15:22:09 (2.97 MB/s) - ‘../data/delivery.acm.org/10.1145/3190000/3186354/p395-lin.html?ip=24.48.71.56&id=3186354&acc=OPENTOC&key=4D4702B0C3E38B35.4D4702B0C3E38B35.4D4702B0C3E38B35.4DD68F0663C025AA&__acm__=1526498828_a0781aeb3b1a062e62e884c69ee78540’ saved [80022/80022]

--2018-05-16 15:22:09--  http://deliveryimages.acm.org/10.1145/3190000/3186354/images/www18companion-116-fig1.jpg
Resolving deliveryimages.acm.org (deliveryimages.acm.org)... 104.17.80.191, 104.17.79.191
Connecting to deliveryimages.acm.org (deliveryimages.acm.org)|104.17.80.191|:80... connected.
HTTP request sent, awaiting response... 301 Moved Permanently
Location: https://deliveryimages.acm.org/10.1145/3190000/3186354/images/www18companion-116-fig1.jpg [following]
--2018-05-16 15:22:09--  https://deliveryimages.acm.org/10.1145/3190000/3186354/images/www18companion-116-fig1.jpg
Connecting to deliveryimages.acm.org (deliveryimages.acm.org)|104.17.80.191|:443... connected.
HTTP request sent, awaiting response... 200 OK
Length: 101110 (99K) [image/jpeg]
Saving to: ‘../data/deliveryimages.acm.org/10.1145/3190000/3186354/images/www18companion-116-fig1.jpg’

     0K .......... .......... .......... .......... .......... 50% 1.08M 0s
    50K .......... .......... .......... .......... ........  100% 3.85M=0.06s

2018-05-16 15:22:10 (1.67 MB/s) - ‘../data/deliveryimages.acm.org/10.1145/3190000/3186354/images/www18companion-116-fig1.jpg’ saved [101110/101110]

--2018-05-16 15:22:10--  http://deliveryimages.acm.org/10.1145/3190000/3186354/images/www18companion-116-fig2.jpg
Connecting to deliveryimages.acm.org (deliveryimages.acm.org)|104.17.80.191|:80... connected.
HTTP request sent, awaiting response... 301 Moved Permanently
Location: https://deliveryimages.acm.org/10.1145/3190000/3186354/images/www18companion-116-fig2.jpg [following]
--2018-05-16 15:22:10--  https://deliveryimages.acm.org/10.1145/3190000/3186354/images/www18companion-116-fig2.jpg
Connecting to deliveryimages.acm.org (deliveryimages.acm.org)|104.17.80.191|:443... connected.
HTTP request sent, awaiting response... 200 OK
Length: 89050 (87K) [image/jpeg]
Saving to: ‘../data/deliveryimages.acm.org/10.1145/3190000/3186354/images/www18companion-116-fig2.jpg’

     0K .......... .......... .......... .......... .......... 57% 1.22M 0s
    50K .......... .......... .......... ......               100% 3.85M=0.05s

2018-05-16 15:22:10 (1.72 MB/s) - ‘../data/deliveryimages.acm.org/10.1145/3190000/3186354/images/www18companion-116-fig2.jpg’ saved [89050/89050]

--2018-05-16 15:22:10--  http://deliveryimages.acm.org/10.1145/3190000/3186354/images/www18companion-116-fig3.jpg
Connecting to deliveryimages.acm.org (deliveryimages.acm.org)|104.17.80.191|:80... connected.
HTTP request sent, awaiting response... 301 Moved Permanently
Location: https://deliveryimages.acm.org/10.1145/3190000/3186354/images/www18companion-116-fig3.jpg [following]
--2018-05-16 15:22:10--  https://deliveryimages.acm.org/10.1145/3190000/3186354/images/www18companion-116-fig3.jpg
Connecting to deliveryimages.acm.org (deliveryimages.acm.org)|104.17.80.191|:443... connected.
HTTP request sent, awaiting response... 200 OK
Length: 116688 (114K) [image/jpeg]
Saving to: ‘../data/deliveryimages.acm.org/10.1145/3190000/3186354/images/www18companion-116-fig3.jpg’

     0K .......... .......... .......... .......... .......... 43% 1.76M 0s
    50K .......... .......... .......... .......... .......... 87% 3.07M 0s
   100K .......... ...                                        100% 31.4M=0.04s

2018-05-16 15:22:10 (2.52 MB/s) - ‘../data/deliveryimages.acm.org/10.1145/3190000/3186354/images/www18companion-116-fig3.jpg’ saved [116688/116688]

--2018-05-16 15:22:10--  http://deliveryimages.acm.org/10.1145/3190000/3186354/images/www18companion-116-fig4.jpg
Connecting to deliveryimages.acm.org (deliveryimages.acm.org)|104.17.80.191|:80... connected.
HTTP request sent, awaiting response... 301 Moved Permanently
Location: https://deliveryimages.acm.org/10.1145/3190000/3186354/images/www18companion-116-fig4.jpg [following]
--2018-05-16 15:22:10--  https://deliveryimages.acm.org/10.1145/3190000/3186354/images/www18companion-116-fig4.jpg
Connecting to deliveryimages.acm.org (deliveryimages.acm.org)|104.17.80.191|:443... connected.
HTTP request sent, awaiting response... 200 OK
Length: 103492 (101K) [image/jpeg]
Saving to: ‘../data/deliveryimages.acm.org/10.1145/3190000/3186354/images/www18companion-116-fig4.jpg’

     0K .......... .......... .......... .......... .......... 49% 1.39M 0s
    50K .......... .......... .......... .......... .......... 98% 3.66M 0s
   100K .                                                     100% 2034G=0.05s

2018-05-16 15:22:10 (2.04 MB/s) - ‘../data/deliveryimages.acm.org/10.1145/3190000/3186354/images/www18companion-116-fig4.jpg’ saved [103492/103492]

--2018-05-16 15:22:10--  http://deliveryimages.acm.org/10.1145/3190000/3186354/images/www18companion-116-fig5.jpg
Connecting to deliveryimages.acm.org (deliveryimages.acm.org)|104.17.80.191|:80... connected.
HTTP request sent, awaiting response... 301 Moved Permanently
Location: https://deliveryimages.acm.org/10.1145/3190000/3186354/images/www18companion-116-fig5.jpg [following]
--2018-05-16 15:22:11--  https://deliveryimages.acm.org/10.1145/3190000/3186354/images/www18companion-116-fig5.jpg
Connecting to deliveryimages.acm.org (deliveryimages.acm.org)|104.17.80.191|:443... connected.
HTTP request sent, awaiting response... 200 OK
Length: 232676 (227K) [image/jpeg]
Saving to: ‘../data/deliveryimages.acm.org/10.1145/3190000/3186354/images/www18companion-116-fig5.jpg’

     0K .......... .......... .......... .......... .......... 22% 1.74M 0s
    50K .......... .......... .......... .......... .......... 44% 2.68M 0s
   100K .......... .......... .......... .......... .......... 66% 4.98M 0s
   150K .......... .......... .......... .......... .......... 88% 1.95M 0s
   200K .......... .......... .......                         100% 6.36M=0.09s

2018-05-16 15:22:11 (2.61 MB/s) - ‘../data/deliveryimages.acm.org/10.1145/3190000/3186354/images/www18companion-116-fig5.jpg’ saved [232676/232676]

FINISHED --2018-05-16 15:22:11--
Total wall clock time: 1.7s
Downloaded: 6 files, 706K in 0.3s (2.22 MB/s)
Converting links in ../data/delivery.acm.org/10.1145/3190000/3186354/p395-lin.html?ip=24.48.71.56&id=3186354&acc=OPENTOC&key=4D4702B0C3E38B35.4D4702B0C3E38B35.4D4702B0C3E38B35.4DD68F0663C025AA&__acm__=1526498828_a0781aeb3b1a062e62e884c69ee78540... 111-0
Converted links in 1 files in 0.003 seconds.
