--2018-05-16 14:17:19--  http://delivery.acm.org/10.1145/3190000/3185994/p167-zheng.html?ip=24.48.71.56&id=3185994&acc=OPENTOC&key=4D4702B0C3E38B35%2E4D4702B0C3E38B35%2E4D4702B0C3E38B35%2E4DD68F0663C025AA&__acm__=1526494939_70e578b84ff3a7f9c5171fb1868f864c
Resolving delivery.acm.org (delivery.acm.org)... 24.200.120.90, 24.200.120.82
Connecting to delivery.acm.org (delivery.acm.org)|24.200.120.90|:80... connected.
HTTP request sent, awaiting response... 200 OK
Length: 111962 (109K) [text/html]
Saving to: ‘../data/delivery.acm.org/10.1145/3190000/3185994/p167-zheng.html?ip=24.48.71.56&id=3185994&acc=OPENTOC&key=4D4702B0C3E38B35.4D4702B0C3E38B35.4D4702B0C3E38B35.4DD68F0663C025AA&__acm__=1526494939_70e578b84ff3a7f9c5171fb1868f864c’

     0K .......... .......... .......... .......... .......... 45% 1.51M 0s
    50K .......... .......... .......... .......... .......... 91% 3.93M 0s
   100K .........                                             100% 8.61M=0.05s

2018-05-16 14:17:19 (2.33 MB/s) - ‘../data/delivery.acm.org/10.1145/3190000/3185994/p167-zheng.html?ip=24.48.71.56&id=3185994&acc=OPENTOC&key=4D4702B0C3E38B35.4D4702B0C3E38B35.4D4702B0C3E38B35.4DD68F0663C025AA&__acm__=1526494939_70e578b84ff3a7f9c5171fb1868f864c’ saved [111962/111962]

--2018-05-16 14:17:19--  http://deliveryimages.acm.org/10.1145/3190000/3185994/images/www2018-3-fig1.jpg
Resolving deliveryimages.acm.org (deliveryimages.acm.org)... 104.17.79.191, 104.17.80.191
Connecting to deliveryimages.acm.org (deliveryimages.acm.org)|104.17.79.191|:80... connected.
HTTP request sent, awaiting response... 301 Moved Permanently
Location: https://deliveryimages.acm.org/10.1145/3190000/3185994/images/www2018-3-fig1.jpg [following]
--2018-05-16 14:17:19--  https://deliveryimages.acm.org/10.1145/3190000/3185994/images/www2018-3-fig1.jpg
Connecting to deliveryimages.acm.org (deliveryimages.acm.org)|104.17.79.191|:443... connected.
HTTP request sent, awaiting response... 200 OK
Length: 566534 (553K) [image/jpeg]
Saving to: ‘../data/deliveryimages.acm.org/10.1145/3190000/3185994/images/www2018-3-fig1.jpg’

     0K .......... .......... .......... .......... ..........  9% 1.49M 0s
    50K .......... .......... .......... .......... .......... 18% 1017K 0s
   100K .......... .......... .......... .......... .......... 27% 12.5M 0s
   150K .......... .......... .......... .......... .......... 36% 20.5M 0s
   200K .......... .......... .......... .......... .......... 45% 1.84M 0s
   250K .......... .......... .......... .......... .......... 54% 2.89M 0s
   300K .......... .......... .......... .......... .......... 63% 1.79M 0s
   350K .......... .......... .......... .......... .......... 72% 1.93M 0s
   400K .......... .......... .......... .......... .......... 81% 20.3M 0s
   450K .......... .......... .......... .......... .......... 90% 2.42M 0s
   500K .......... .......... .......... .......... .......... 99%  138M 0s
   550K ...                                                   100%  100M=0.2s

2018-05-16 14:17:19 (2.61 MB/s) - ‘../data/deliveryimages.acm.org/10.1145/3190000/3185994/images/www2018-3-fig1.jpg’ saved [566534/566534]

--2018-05-16 14:17:19--  http://deliveryimages.acm.org/10.1145/3190000/3185994/images/www2018-3-fig2.jpg
Connecting to deliveryimages.acm.org (deliveryimages.acm.org)|104.17.79.191|:80... connected.
HTTP request sent, awaiting response... 301 Moved Permanently
Location: https://deliveryimages.acm.org/10.1145/3190000/3185994/images/www2018-3-fig2.jpg [following]
--2018-05-16 14:17:20--  https://deliveryimages.acm.org/10.1145/3190000/3185994/images/www2018-3-fig2.jpg
Connecting to deliveryimages.acm.org (deliveryimages.acm.org)|104.17.79.191|:443... connected.
HTTP request sent, awaiting response... 200 OK
Length: 66897 (65K) [image/jpeg]
Saving to: ‘../data/deliveryimages.acm.org/10.1145/3190000/3185994/images/www2018-3-fig2.jpg’

     0K .......... .......... .......... .......... .......... 76% 1.76M 0s
    50K .......... .....                                      100% 3.31M=0.03s

2018-05-16 14:17:20 (1.98 MB/s) - ‘../data/deliveryimages.acm.org/10.1145/3190000/3185994/images/www2018-3-fig2.jpg’ saved [66897/66897]

--2018-05-16 14:17:20--  http://deliveryimages.acm.org/10.1145/3190000/3185994/images/www2018-3-fig3.jpg
Connecting to deliveryimages.acm.org (deliveryimages.acm.org)|104.17.79.191|:80... connected.
HTTP request sent, awaiting response... 301 Moved Permanently
Location: https://deliveryimages.acm.org/10.1145/3190000/3185994/images/www2018-3-fig3.jpg [following]
--2018-05-16 14:17:20--  https://deliveryimages.acm.org/10.1145/3190000/3185994/images/www2018-3-fig3.jpg
Connecting to deliveryimages.acm.org (deliveryimages.acm.org)|104.17.79.191|:443... connected.
HTTP request sent, awaiting response... 200 OK
Length: 167930 (164K) [image/jpeg]
Saving to: ‘../data/deliveryimages.acm.org/10.1145/3190000/3185994/images/www2018-3-fig3.jpg’

     0K .......... .......... .......... .......... .......... 30% 1.74M 0s
    50K .......... .......... .......... .......... .......... 60% 3.02M 0s
   100K .......... .......... .......... .......... .......... 91% 2.86M 0s
   150K .......... ...                                        100% 8.89M=0.06s

2018-05-16 14:17:20 (2.55 MB/s) - ‘../data/deliveryimages.acm.org/10.1145/3190000/3185994/images/www2018-3-fig3.jpg’ saved [167930/167930]

--2018-05-16 14:17:20--  http://deliveryimages.acm.org/10.1145/3190000/3185994/images/www2018-3-fig4.jpg
Connecting to deliveryimages.acm.org (deliveryimages.acm.org)|104.17.79.191|:80... connected.
HTTP request sent, awaiting response... 301 Moved Permanently
Location: https://deliveryimages.acm.org/10.1145/3190000/3185994/images/www2018-3-fig4.jpg [following]
--2018-05-16 14:17:20--  https://deliveryimages.acm.org/10.1145/3190000/3185994/images/www2018-3-fig4.jpg
Connecting to deliveryimages.acm.org (deliveryimages.acm.org)|104.17.79.191|:443... connected.
HTTP request sent, awaiting response... 200 OK
Length: 248889 (243K) [image/jpeg]
Saving to: ‘../data/deliveryimages.acm.org/10.1145/3190000/3185994/images/www2018-3-fig4.jpg’

     0K .......... .......... .......... .......... .......... 20% 1.39M 0s
    50K .......... .......... .......... .......... .......... 41% 2.82M 0s
   100K .......... .......... .......... .......... .......... 61% 3.14M 0s
   150K .......... .......... .......... .......... .......... 82% 2.30M 0s
   200K .......... .......... .......... .......... ...       100% 4.97M=0.1s

2018-05-16 14:17:20 (2.43 MB/s) - ‘../data/deliveryimages.acm.org/10.1145/3190000/3185994/images/www2018-3-fig4.jpg’ saved [248889/248889]

--2018-05-16 14:17:20--  http://deliveryimages.acm.org/10.1145/3190000/3185994/images/www2018-3-fig5.jpg
Connecting to deliveryimages.acm.org (deliveryimages.acm.org)|104.17.79.191|:80... connected.
HTTP request sent, awaiting response... 301 Moved Permanently
Location: https://deliveryimages.acm.org/10.1145/3190000/3185994/images/www2018-3-fig5.jpg [following]
--2018-05-16 14:17:21--  https://deliveryimages.acm.org/10.1145/3190000/3185994/images/www2018-3-fig5.jpg
Connecting to deliveryimages.acm.org (deliveryimages.acm.org)|104.17.79.191|:443... connected.
HTTP request sent, awaiting response... 200 OK
Length: 316933 (310K) [image/jpeg]
Saving to: ‘../data/deliveryimages.acm.org/10.1145/3190000/3185994/images/www2018-3-fig5.jpg’

     0K .......... .......... .......... .......... .......... 16% 1.37M 0s
    50K .......... .......... .......... .......... .......... 32% 2.72M 0s
   100K .......... .......... .......... .......... .......... 48% 5.75M 0s
   150K .......... .......... .......... .......... .......... 64% 4.33M 0s
   200K .......... .......... .......... .......... .......... 80% 3.55M 0s
   250K .......... .......... .......... .......... .......... 96% 3.25M 0s
   300K .........                                             100%  132M=0.1s

2018-05-16 14:17:21 (2.96 MB/s) - ‘../data/deliveryimages.acm.org/10.1145/3190000/3185994/images/www2018-3-fig5.jpg’ saved [316933/316933]

--2018-05-16 14:17:21--  http://deliveryimages.acm.org/10.1145/3190000/3185994/images/www2018-3-fig6.jpg
Connecting to deliveryimages.acm.org (deliveryimages.acm.org)|104.17.79.191|:80... connected.
HTTP request sent, awaiting response... 301 Moved Permanently
Location: https://deliveryimages.acm.org/10.1145/3190000/3185994/images/www2018-3-fig6.jpg [following]
--2018-05-16 14:17:21--  https://deliveryimages.acm.org/10.1145/3190000/3185994/images/www2018-3-fig6.jpg
Connecting to deliveryimages.acm.org (deliveryimages.acm.org)|104.17.79.191|:443... connected.
HTTP request sent, awaiting response... 200 OK
Length: 270520 (264K) [image/jpeg]
Saving to: ‘../data/deliveryimages.acm.org/10.1145/3190000/3185994/images/www2018-3-fig6.jpg’

     0K .......... .......... .......... .......... .......... 18% 1.02M 0s
    50K .......... .......... .......... .......... .......... 37% 3.14M 0s
   100K .......... .......... .......... .......... .......... 56% 4.79M 0s
   150K .......... .......... .......... .......... .......... 75% 3.65M 0s
   200K .......... .......... .......... .......... .......... 94% 2.58M 0s
   250K .......... ....                                       100%  249M=0.1s

2018-05-16 14:17:22 (2.43 MB/s) - ‘../data/deliveryimages.acm.org/10.1145/3190000/3185994/images/www2018-3-fig6.jpg’ saved [270520/270520]

--2018-05-16 14:17:22--  http://deliveryimages.acm.org/10.1145/3190000/3185994/images/www2018-3-fig7.jpg
Connecting to deliveryimages.acm.org (deliveryimages.acm.org)|104.17.79.191|:80... connected.
HTTP request sent, awaiting response... 301 Moved Permanently
Location: https://deliveryimages.acm.org/10.1145/3190000/3185994/images/www2018-3-fig7.jpg [following]
--2018-05-16 14:17:22--  https://deliveryimages.acm.org/10.1145/3190000/3185994/images/www2018-3-fig7.jpg
Connecting to deliveryimages.acm.org (deliveryimages.acm.org)|104.17.79.191|:443... connected.
HTTP request sent, awaiting response... 200 OK
Length: 100542 (98K) [image/jpeg]
Saving to: ‘../data/deliveryimages.acm.org/10.1145/3190000/3185994/images/www2018-3-fig7.jpg’

     0K .......... .......... .......... .......... .......... 50%  809K 0s
    50K .......... .......... .......... .......... ........  100% 1.92M=0.09s

2018-05-16 14:17:22 (1.11 MB/s) - ‘../data/deliveryimages.acm.org/10.1145/3190000/3185994/images/www2018-3-fig7.jpg’ saved [100542/100542]

--2018-05-16 14:17:22--  http://deliveryimages.acm.org/10.1145/3190000/3185994/images/www2018-3-fig9.jpg
Connecting to deliveryimages.acm.org (deliveryimages.acm.org)|104.17.79.191|:80... connected.
HTTP request sent, awaiting response... 301 Moved Permanently
Location: https://deliveryimages.acm.org/10.1145/3190000/3185994/images/www2018-3-fig9.jpg [following]
--2018-05-16 14:17:22--  https://deliveryimages.acm.org/10.1145/3190000/3185994/images/www2018-3-fig9.jpg
Connecting to deliveryimages.acm.org (deliveryimages.acm.org)|104.17.79.191|:443... connected.
HTTP request sent, awaiting response... 200 OK
Length: 36062 (35K) [image/jpeg]
Saving to: ‘../data/deliveryimages.acm.org/10.1145/3190000/3185994/images/www2018-3-fig9.jpg’

     0K .......... .......... .......... .....                100% 1.46M=0.02s

2018-05-16 14:17:22 (1.46 MB/s) - ‘../data/deliveryimages.acm.org/10.1145/3190000/3185994/images/www2018-3-fig9.jpg’ saved [36062/36062]

--2018-05-16 14:17:22--  http://deliveryimages.acm.org/10.1145/3190000/3185994/images/www2018-3-fig10.jpg
Connecting to deliveryimages.acm.org (deliveryimages.acm.org)|104.17.79.191|:80... connected.
HTTP request sent, awaiting response... 301 Moved Permanently
Location: https://deliveryimages.acm.org/10.1145/3190000/3185994/images/www2018-3-fig10.jpg [following]
--2018-05-16 14:17:22--  https://deliveryimages.acm.org/10.1145/3190000/3185994/images/www2018-3-fig10.jpg
Connecting to deliveryimages.acm.org (deliveryimages.acm.org)|104.17.79.191|:443... connected.
HTTP request sent, awaiting response... 200 OK
Length: 66593 (65K) [image/jpeg]
Saving to: ‘../data/deliveryimages.acm.org/10.1145/3190000/3185994/images/www2018-3-fig10.jpg’

     0K .......... .......... .......... .......... .......... 76% 1.26M 0s
    50K .......... .....                                      100% 4.27M=0.04s

2018-05-16 14:17:22 (1.51 MB/s) - ‘../data/deliveryimages.acm.org/10.1145/3190000/3185994/images/www2018-3-fig10.jpg’ saved [66593/66593]

FINISHED --2018-05-16 14:17:22--
Total wall clock time: 3.8s
Downloaded: 10 files, 1.9M in 0.8s (2.31 MB/s)
Converting links in ../data/delivery.acm.org/10.1145/3190000/3185994/p167-zheng.html?ip=24.48.71.56&id=3185994&acc=OPENTOC&key=4D4702B0C3E38B35.4D4702B0C3E38B35.4D4702B0C3E38B35.4DD68F0663C025AA&__acm__=1526494939_70e578b84ff3a7f9c5171fb1868f864c... 203-0
Converted links in 1 files in 0.006 seconds.
