--2018-05-16 15:26:32--  http://delivery.acm.org/10.1145/3190000/3188733/p621-morstatter.html?ip=24.48.71.56&id=3188733&acc=OPENTOC&key=4D4702B0C3E38B35%2E4D4702B0C3E38B35%2E4D4702B0C3E38B35%2E4DD68F0663C025AA&__acm__=1526499091_7a2012672e8635514013313efb36e4a3
Resolving delivery.acm.org (delivery.acm.org)... 24.200.120.90, 24.200.120.82
Connecting to delivery.acm.org (delivery.acm.org)|24.200.120.90|:80... connected.
HTTP request sent, awaiting response... 200 OK
Length: 65813 (64K) [text/html]
Saving to: ‘../data/delivery.acm.org/10.1145/3190000/3188733/p621-morstatter.html?ip=24.48.71.56&id=3188733&acc=OPENTOC&key=4D4702B0C3E38B35.4D4702B0C3E38B35.4D4702B0C3E38B35.4DD68F0663C025AA&__acm__=1526499091_7a2012672e8635514013313efb36e4a3’

     0K .......... .......... .......... .......... .......... 77% 1.86M 0s
    50K .......... ....                                       100%  928K=0.04s

2018-05-16 15:26:33 (1.51 MB/s) - ‘../data/delivery.acm.org/10.1145/3190000/3188733/p621-morstatter.html?ip=24.48.71.56&id=3188733&acc=OPENTOC&key=4D4702B0C3E38B35.4D4702B0C3E38B35.4D4702B0C3E38B35.4DD68F0663C025AA&__acm__=1526499091_7a2012672e8635514013313efb36e4a3’ saved [65813/65813]

--2018-05-16 15:26:33--  http://deliveryimages.acm.org/10.1145/3190000/3188733/images/www18companion-241-fig1.jpg
Resolving deliveryimages.acm.org (deliveryimages.acm.org)... 104.17.80.191, 104.17.79.191
Connecting to deliveryimages.acm.org (deliveryimages.acm.org)|104.17.80.191|:80... connected.
HTTP request sent, awaiting response... 301 Moved Permanently
Location: https://deliveryimages.acm.org/10.1145/3190000/3188733/images/www18companion-241-fig1.jpg [following]
--2018-05-16 15:26:33--  https://deliveryimages.acm.org/10.1145/3190000/3188733/images/www18companion-241-fig1.jpg
Connecting to deliveryimages.acm.org (deliveryimages.acm.org)|104.17.80.191|:443... connected.
HTTP request sent, awaiting response... 200 OK
Length: 193875 (189K) [image/jpeg]
Saving to: ‘../data/deliveryimages.acm.org/10.1145/3190000/3188733/images/www18companion-241-fig1.jpg’

     0K .......... .......... .......... .......... .......... 26%  885K 0s
    50K .......... .......... .......... .......... .......... 52% 2.58M 0s
   100K .......... .......... .......... .......... .......... 79% 2.85M 0s
   150K .......... .......... .......... .........            100% 6.24M=0.1s

2018-05-16 15:26:33 (1.87 MB/s) - ‘../data/deliveryimages.acm.org/10.1145/3190000/3188733/images/www18companion-241-fig1.jpg’ saved [193875/193875]

--2018-05-16 15:26:33--  http://deliveryimages.acm.org/10.1145/3190000/3188733/images/www18companion-241-fig2.jpg
Connecting to deliveryimages.acm.org (deliveryimages.acm.org)|104.17.80.191|:80... connected.
HTTP request sent, awaiting response... 301 Moved Permanently
Location: https://deliveryimages.acm.org/10.1145/3190000/3188733/images/www18companion-241-fig2.jpg [following]
--2018-05-16 15:26:33--  https://deliveryimages.acm.org/10.1145/3190000/3188733/images/www18companion-241-fig2.jpg
Connecting to deliveryimages.acm.org (deliveryimages.acm.org)|104.17.80.191|:443... connected.
HTTP request sent, awaiting response... 200 OK
Length: 254899 (249K) [image/jpeg]
Saving to: ‘../data/deliveryimages.acm.org/10.1145/3190000/3188733/images/www18companion-241-fig2.jpg’

     0K .......... .......... .......... .......... .......... 20% 1.36M 0s
    50K .......... .......... .......... .......... .......... 40% 4.41M 0s
   100K .......... .......... .......... .......... .......... 60% 2.99M 0s
   150K .......... .......... .......... .......... .......... 80% 4.67M 0s
   200K .......... .......... .......... .......... ........  100% 3.43M=0.09s

2018-05-16 15:26:33 (2.77 MB/s) - ‘../data/deliveryimages.acm.org/10.1145/3190000/3188733/images/www18companion-241-fig2.jpg’ saved [254899/254899]

--2018-05-16 15:26:33--  http://deliveryimages.acm.org/10.1145/3190000/3188733/images/www18companion-241-fig3.jpg
Connecting to deliveryimages.acm.org (deliveryimages.acm.org)|104.17.80.191|:80... connected.
HTTP request sent, awaiting response... 301 Moved Permanently
Location: https://deliveryimages.acm.org/10.1145/3190000/3188733/images/www18companion-241-fig3.jpg [following]
--2018-05-16 15:26:33--  https://deliveryimages.acm.org/10.1145/3190000/3188733/images/www18companion-241-fig3.jpg
Connecting to deliveryimages.acm.org (deliveryimages.acm.org)|104.17.80.191|:443... connected.
HTTP request sent, awaiting response... 200 OK
Length: 365955 (357K) [image/jpeg]
Saving to: ‘../data/deliveryimages.acm.org/10.1145/3190000/3188733/images/www18companion-241-fig3.jpg’

     0K .......... .......... .......... .......... .......... 13% 1.03M 0s
    50K .......... .......... .......... .......... .......... 27% 2.48M 0s
   100K .......... .......... .......... .......... .......... 41% 2.27M 0s
   150K .......... .......... .......... .......... .......... 55% 3.26M 0s
   200K .......... .......... .......... .......... .......... 69% 4.26M 0s
   250K .......... .......... .......... .......... .......... 83% 4.67M 0s
   300K .......... .......... .......... .......... .......... 97% 2.99M 0s
   350K .......                                               100% 57.9M=0.1s

2018-05-16 15:26:34 (2.45 MB/s) - ‘../data/deliveryimages.acm.org/10.1145/3190000/3188733/images/www18companion-241-fig3.jpg’ saved [365955/365955]

--2018-05-16 15:26:34--  http://deliveryimages.acm.org/10.1145/3190000/3188733/images/www18companion-241-fig4.jpg
Connecting to deliveryimages.acm.org (deliveryimages.acm.org)|104.17.80.191|:80... connected.
HTTP request sent, awaiting response... 301 Moved Permanently
Location: https://deliveryimages.acm.org/10.1145/3190000/3188733/images/www18companion-241-fig4.jpg [following]
--2018-05-16 15:26:34--  https://deliveryimages.acm.org/10.1145/3190000/3188733/images/www18companion-241-fig4.jpg
Connecting to deliveryimages.acm.org (deliveryimages.acm.org)|104.17.80.191|:443... connected.
HTTP request sent, awaiting response... 200 OK
Length: 56958 (56K) [image/jpeg]
Saving to: ‘../data/deliveryimages.acm.org/10.1145/3190000/3188733/images/www18companion-241-fig4.jpg’

     0K .......... .......... .......... .......... .......... 89% 1.14M 0s
    50K .....                                                 100% 8.76M=0.04s

2018-05-16 15:26:34 (1.26 MB/s) - ‘../data/deliveryimages.acm.org/10.1145/3190000/3188733/images/www18companion-241-fig4.jpg’ saved [56958/56958]

--2018-05-16 15:26:34--  http://deliveryimages.acm.org/10.1145/3190000/3188733/images/www18companion-241-fig5.jpg
Connecting to deliveryimages.acm.org (deliveryimages.acm.org)|104.17.80.191|:80... connected.
HTTP request sent, awaiting response... 301 Moved Permanently
Location: https://deliveryimages.acm.org/10.1145/3190000/3188733/images/www18companion-241-fig5.jpg [following]
--2018-05-16 15:26:34--  https://deliveryimages.acm.org/10.1145/3190000/3188733/images/www18companion-241-fig5.jpg
Connecting to deliveryimages.acm.org (deliveryimages.acm.org)|104.17.80.191|:443... connected.
HTTP request sent, awaiting response... 200 OK
Length: 34099 (33K) [image/jpeg]
Saving to: ‘../data/deliveryimages.acm.org/10.1145/3190000/3188733/images/www18companion-241-fig5.jpg’

     0K .......... .......... .......... ...                  100% 1.50M=0.02s

2018-05-16 15:26:34 (1.50 MB/s) - ‘../data/deliveryimages.acm.org/10.1145/3190000/3188733/images/www18companion-241-fig5.jpg’ saved [34099/34099]

FINISHED --2018-05-16 15:26:34--
Total wall clock time: 1.9s
Downloaded: 6 files, 949K in 0.4s (2.13 MB/s)
Converting links in ../data/delivery.acm.org/10.1145/3190000/3188733/p621-morstatter.html?ip=24.48.71.56&id=3188733&acc=OPENTOC&key=4D4702B0C3E38B35.4D4702B0C3E38B35.4D4702B0C3E38B35.4DD68F0663C025AA&__acm__=1526499091_7a2012672e8635514013313efb36e4a3... 78-0
Converted links in 1 files in 0.002 seconds.
