--2018-05-16 14:32:28--  http://delivery.acm.org/10.1145/3190000/3186041/p1359-mirrokni.html?ip=24.48.71.56&id=3186041&acc=OPENTOC&key=4D4702B0C3E38B35%2E4D4702B0C3E38B35%2E4D4702B0C3E38B35%2E4DD68F0663C025AA&__acm__=1526495847_ba3f8616133c3f4456e34b322e351033
Resolving delivery.acm.org (delivery.acm.org)... 24.200.120.90, 24.200.120.82
Connecting to delivery.acm.org (delivery.acm.org)|24.200.120.90|:80... connected.
HTTP request sent, awaiting response... 200 OK
Length: 94818 (93K) [text/html]
Saving to: ‘../data/delivery.acm.org/10.1145/3190000/3186041/p1359-mirrokni.html?ip=24.48.71.56&id=3186041&acc=OPENTOC&key=4D4702B0C3E38B35.4D4702B0C3E38B35.4D4702B0C3E38B35.4DD68F0663C025AA&__acm__=1526495847_ba3f8616133c3f4456e34b322e351033’

     0K .......... .......... .......... .......... .......... 53% 2.53M 0s
    50K .......... .......... .......... .......... ..        100% 2.96M=0.03s

2018-05-16 14:32:29 (2.71 MB/s) - ‘../data/delivery.acm.org/10.1145/3190000/3186041/p1359-mirrokni.html?ip=24.48.71.56&id=3186041&acc=OPENTOC&key=4D4702B0C3E38B35.4D4702B0C3E38B35.4D4702B0C3E38B35.4DD68F0663C025AA&__acm__=1526495847_ba3f8616133c3f4456e34b322e351033’ saved [94818/94818]

--2018-05-16 14:32:29--  http://deliveryimages.acm.org/10.1145/3190000/3186041/
Resolving deliveryimages.acm.org (deliveryimages.acm.org)... 104.17.79.191, 104.17.80.191
Connecting to deliveryimages.acm.org (deliveryimages.acm.org)|104.17.79.191|:80... connected.
HTTP request sent, awaiting response... 301 Moved Permanently
Location: https://deliveryimages.acm.org/10.1145/3190000/3186041/ [following]
--2018-05-16 14:32:29--  https://deliveryimages.acm.org/10.1145/3190000/3186041/
Connecting to deliveryimages.acm.org (deliveryimages.acm.org)|104.17.79.191|:443... connected.
HTTP request sent, awaiting response... 403 Forbidden
2018-05-16 14:32:29 ERROR 403: Forbidden.

--2018-05-16 14:32:29--  http://deliveryimages.acm.org/10.1145/3190000/3186041/images/www2018-50img1.svg
Connecting to deliveryimages.acm.org (deliveryimages.acm.org)|104.17.79.191|:80... connected.
HTTP request sent, awaiting response... 301 Moved Permanently
Location: https://deliveryimages.acm.org/10.1145/3190000/3186041/images/www2018-50img1.svg [following]
--2018-05-16 14:32:29--  https://deliveryimages.acm.org/10.1145/3190000/3186041/images/www2018-50img1.svg
Connecting to deliveryimages.acm.org (deliveryimages.acm.org)|104.17.79.191|:443... connected.
HTTP request sent, awaiting response... 404 Not Found
2018-05-16 14:32:29 ERROR 404: Not Found.

--2018-05-16 14:32:29--  http://deliveryimages.acm.org/10.1145/3190000/3186041/images/www2018-50-fig1.jpg
Connecting to deliveryimages.acm.org (deliveryimages.acm.org)|104.17.79.191|:80... connected.
HTTP request sent, awaiting response... 301 Moved Permanently
Location: https://deliveryimages.acm.org/10.1145/3190000/3186041/images/www2018-50-fig1.jpg [following]
--2018-05-16 14:32:29--  https://deliveryimages.acm.org/10.1145/3190000/3186041/images/www2018-50-fig1.jpg
Connecting to deliveryimages.acm.org (deliveryimages.acm.org)|104.17.79.191|:443... connected.
HTTP request sent, awaiting response... 200 OK
Length: 102441 (100K) [image/jpeg]
Saving to: ‘../data/deliveryimages.acm.org/10.1145/3190000/3186041/images/www2018-50-fig1.jpg’

     0K .......... .......... .......... .......... .......... 49% 1.05M 0s
    50K .......... .......... .......... .......... .......... 99% 4.71M 0s
   100K                                                       100% 76.4G=0.06s

2018-05-16 14:32:29 (1.72 MB/s) - ‘../data/deliveryimages.acm.org/10.1145/3190000/3186041/images/www2018-50-fig1.jpg’ saved [102441/102441]

--2018-05-16 14:32:29--  http://deliveryimages.acm.org/10.1145/3190000/3186041/images/www2018-50-fig2.jpg
Connecting to deliveryimages.acm.org (deliveryimages.acm.org)|104.17.79.191|:80... connected.
HTTP request sent, awaiting response... 301 Moved Permanently
Location: https://deliveryimages.acm.org/10.1145/3190000/3186041/images/www2018-50-fig2.jpg [following]
--2018-05-16 14:32:29--  https://deliveryimages.acm.org/10.1145/3190000/3186041/images/www2018-50-fig2.jpg
Connecting to deliveryimages.acm.org (deliveryimages.acm.org)|104.17.79.191|:443... connected.
HTTP request sent, awaiting response... 200 OK
Length: 100522 (98K) [image/jpeg]
Saving to: ‘../data/deliveryimages.acm.org/10.1145/3190000/3186041/images/www2018-50-fig2.jpg’

     0K .......... .......... .......... .......... .......... 50% 1.35M 0s
    50K .......... .......... .......... .......... ........  100% 1.91M=0.06s

2018-05-16 14:32:30 (1.58 MB/s) - ‘../data/deliveryimages.acm.org/10.1145/3190000/3186041/images/www2018-50-fig2.jpg’ saved [100522/100522]

--2018-05-16 14:32:30--  http://deliveryimages.acm.org/10.1145/3190000/3186041/images/www2018-50-fig3.jpg
Connecting to deliveryimages.acm.org (deliveryimages.acm.org)|104.17.79.191|:80... connected.
HTTP request sent, awaiting response... 301 Moved Permanently
Location: https://deliveryimages.acm.org/10.1145/3190000/3186041/images/www2018-50-fig3.jpg [following]
--2018-05-16 14:32:30--  https://deliveryimages.acm.org/10.1145/3190000/3186041/images/www2018-50-fig3.jpg
Connecting to deliveryimages.acm.org (deliveryimages.acm.org)|104.17.79.191|:443... connected.
HTTP request sent, awaiting response... 200 OK
Length: 102660 (100K) [image/jpeg]
Saving to: ‘../data/deliveryimages.acm.org/10.1145/3190000/3186041/images/www2018-50-fig3.jpg’

     0K .......... .......... .......... .......... .......... 49% 1.21M 0s
    50K .......... .......... .......... .......... .......... 99% 2.87M 0s
   100K                                                       100%  484G=0.06s

2018-05-16 14:32:30 (1.71 MB/s) - ‘../data/deliveryimages.acm.org/10.1145/3190000/3186041/images/www2018-50-fig3.jpg’ saved [102660/102660]

--2018-05-16 14:32:30--  http://deliveryimages.acm.org/10.1145/3190000/3186041/images/www2018-50-fig4.jpg
Connecting to deliveryimages.acm.org (deliveryimages.acm.org)|104.17.79.191|:80... connected.
HTTP request sent, awaiting response... 301 Moved Permanently
Location: https://deliveryimages.acm.org/10.1145/3190000/3186041/images/www2018-50-fig4.jpg [following]
--2018-05-16 14:32:30--  https://deliveryimages.acm.org/10.1145/3190000/3186041/images/www2018-50-fig4.jpg
Connecting to deliveryimages.acm.org (deliveryimages.acm.org)|104.17.79.191|:443... connected.
HTTP request sent, awaiting response... 200 OK
Length: 95467 (93K) [image/jpeg]
Saving to: ‘../data/deliveryimages.acm.org/10.1145/3190000/3186041/images/www2018-50-fig4.jpg’

     0K .......... .......... .......... .......... .......... 53% 1.10M 0s
    50K .......... .......... .......... .......... ...       100% 2.56M=0.06s

2018-05-16 14:32:30 (1.50 MB/s) - ‘../data/deliveryimages.acm.org/10.1145/3190000/3186041/images/www2018-50-fig4.jpg’ saved [95467/95467]

--2018-05-16 14:32:30--  http://deliveryimages.acm.org/10.1145/3190000/3186041/images/www2018-50-fig5.jpg
Connecting to deliveryimages.acm.org (deliveryimages.acm.org)|104.17.79.191|:80... connected.
HTTP request sent, awaiting response... 301 Moved Permanently
Location: https://deliveryimages.acm.org/10.1145/3190000/3186041/images/www2018-50-fig5.jpg [following]
--2018-05-16 14:32:31--  https://deliveryimages.acm.org/10.1145/3190000/3186041/images/www2018-50-fig5.jpg
Connecting to deliveryimages.acm.org (deliveryimages.acm.org)|104.17.79.191|:443... connected.
HTTP request sent, awaiting response... 200 OK
Length: 458639 (448K) [image/jpeg]
Saving to: ‘../data/deliveryimages.acm.org/10.1145/3190000/3186041/images/www2018-50-fig5.jpg’

     0K .......... .......... .......... .......... .......... 11% 1.87M 0s
    50K .......... .......... .......... .......... .......... 22% 2.77M 0s
   100K .......... .......... .......... .......... .......... 33% 3.50M 0s
   150K .......... .......... .......... .......... .......... 44% 2.95M 0s
   200K .......... .......... .......... .......... .......... 55% 4.78M 0s
   250K .......... .......... .......... .......... .......... 66% 3.04M 0s
   300K .......... .......... .......... .......... .......... 78% 3.34M 0s
   350K .......... .......... .......... .......... .......... 89% 10.6M 0s
   400K .......... .......... .......... .......... .......   100% 6.69M=0.1s

2018-05-16 14:32:31 (3.45 MB/s) - ‘../data/deliveryimages.acm.org/10.1145/3190000/3186041/images/www2018-50-fig5.jpg’ saved [458639/458639]

FINISHED --2018-05-16 14:32:31--
Total wall clock time: 2.5s
Downloaded: 6 files, 932K in 0.4s (2.30 MB/s)
Converting links in ../data/delivery.acm.org/10.1145/3190000/3186041/p1359-mirrokni.html?ip=24.48.71.56&id=3186041&acc=OPENTOC&key=4D4702B0C3E38B35.4D4702B0C3E38B35.4D4702B0C3E38B35.4DD68F0663C025AA&__acm__=1526495847_ba3f8616133c3f4456e34b322e351033... 117-0
Converted links in 1 files in 0.001 seconds.
