--2018-05-16 14:35:20--  http://delivery.acm.org/10.1145/3190000/3186070/p1583-chen.html?ip=24.48.71.56&id=3186070&acc=OPENTOC&key=4D4702B0C3E38B35%2E4D4702B0C3E38B35%2E4D4702B0C3E38B35%2E4DD68F0663C025AA&__acm__=1526496020_cb90a9b51351aceb3fd2a4623f79a709
Resolving delivery.acm.org (delivery.acm.org)... 24.200.120.90, 24.200.120.82
Connecting to delivery.acm.org (delivery.acm.org)|24.200.120.90|:80... connected.
HTTP request sent, awaiting response... 200 OK
Length: 110196 (108K) [text/html]
Saving to: ‘../data/delivery.acm.org/10.1145/3190000/3186070/p1583-chen.html?ip=24.48.71.56&id=3186070&acc=OPENTOC&key=4D4702B0C3E38B35.4D4702B0C3E38B35.4D4702B0C3E38B35.4DD68F0663C025AA&__acm__=1526496020_cb90a9b51351aceb3fd2a4623f79a709’

     0K .......... .......... .......... .......... .......... 46% 1.55M 0s
    50K .......... .......... .......... .......... .......... 92% 1.39M 0s
   100K .......                                               100%  151M=0.07s

2018-05-16 14:35:21 (1.58 MB/s) - ‘../data/delivery.acm.org/10.1145/3190000/3186070/p1583-chen.html?ip=24.48.71.56&id=3186070&acc=OPENTOC&key=4D4702B0C3E38B35.4D4702B0C3E38B35.4D4702B0C3E38B35.4DD68F0663C025AA&__acm__=1526496020_cb90a9b51351aceb3fd2a4623f79a709’ saved [110196/110196]

--2018-05-16 14:35:21--  http://deliveryimages.acm.org/10.1145/3190000/3186070/images/www2018-79-fig1.jpg
Resolving deliveryimages.acm.org (deliveryimages.acm.org)... 104.17.79.191, 104.17.80.191
Connecting to deliveryimages.acm.org (deliveryimages.acm.org)|104.17.79.191|:80... connected.
HTTP request sent, awaiting response... 301 Moved Permanently
Location: https://deliveryimages.acm.org/10.1145/3190000/3186070/images/www2018-79-fig1.jpg [following]
--2018-05-16 14:35:21--  https://deliveryimages.acm.org/10.1145/3190000/3186070/images/www2018-79-fig1.jpg
Connecting to deliveryimages.acm.org (deliveryimages.acm.org)|104.17.79.191|:443... connected.
HTTP request sent, awaiting response... 200 OK
Length: 120301 (117K) [image/jpeg]
Saving to: ‘../data/deliveryimages.acm.org/10.1145/3190000/3186070/images/www2018-79-fig1.jpg’

     0K .......... .......... .......... .......... .......... 42% 1.49M 0s
    50K .......... .......... .......... .......... .......... 85% 3.37M 0s
   100K .......... .......                                    100% 1.32M=0.06s

2018-05-16 14:35:21 (1.90 MB/s) - ‘../data/deliveryimages.acm.org/10.1145/3190000/3186070/images/www2018-79-fig1.jpg’ saved [120301/120301]

--2018-05-16 14:35:21--  http://deliveryimages.acm.org/10.1145/3190000/3186070/images/www2018-79-fig2.jpg
Connecting to deliveryimages.acm.org (deliveryimages.acm.org)|104.17.79.191|:80... connected.
HTTP request sent, awaiting response... 301 Moved Permanently
Location: https://deliveryimages.acm.org/10.1145/3190000/3186070/images/www2018-79-fig2.jpg [following]
--2018-05-16 14:35:21--  https://deliveryimages.acm.org/10.1145/3190000/3186070/images/www2018-79-fig2.jpg
Connecting to deliveryimages.acm.org (deliveryimages.acm.org)|104.17.79.191|:443... connected.
HTTP request sent, awaiting response... 200 OK
Length: 35275 (34K) [image/jpeg]
Saving to: ‘../data/deliveryimages.acm.org/10.1145/3190000/3186070/images/www2018-79-fig2.jpg’

     0K .......... .......... .......... ....                 100% 1.35M=0.02s

2018-05-16 14:35:22 (1.35 MB/s) - ‘../data/deliveryimages.acm.org/10.1145/3190000/3186070/images/www2018-79-fig2.jpg’ saved [35275/35275]

--2018-05-16 14:35:22--  http://deliveryimages.acm.org/10.1145/3190000/3186070/images/www2018-79-fig3.jpg
Connecting to deliveryimages.acm.org (deliveryimages.acm.org)|104.17.79.191|:80... connected.
HTTP request sent, awaiting response... 301 Moved Permanently
Location: https://deliveryimages.acm.org/10.1145/3190000/3186070/images/www2018-79-fig3.jpg [following]
--2018-05-16 14:35:22--  https://deliveryimages.acm.org/10.1145/3190000/3186070/images/www2018-79-fig3.jpg
Connecting to deliveryimages.acm.org (deliveryimages.acm.org)|104.17.79.191|:443... connected.
HTTP request sent, awaiting response... 200 OK
Length: 100271 (98K) [image/jpeg]
Saving to: ‘../data/deliveryimages.acm.org/10.1145/3190000/3186070/images/www2018-79-fig3.jpg’

     0K .......... .......... .......... .......... .......... 51% 1.03M 0s
    50K .......... .......... .......... .......... .......   100% 3.08M=0.06s

2018-05-16 14:35:22 (1.53 MB/s) - ‘../data/deliveryimages.acm.org/10.1145/3190000/3186070/images/www2018-79-fig3.jpg’ saved [100271/100271]

--2018-05-16 14:35:22--  http://deliveryimages.acm.org/10.1145/3190000/3186070/images/www2018-79-fig4.jpg
Connecting to deliveryimages.acm.org (deliveryimages.acm.org)|104.17.79.191|:80... connected.
HTTP request sent, awaiting response... 301 Moved Permanently
Location: https://deliveryimages.acm.org/10.1145/3190000/3186070/images/www2018-79-fig4.jpg [following]
--2018-05-16 14:35:22--  https://deliveryimages.acm.org/10.1145/3190000/3186070/images/www2018-79-fig4.jpg
Connecting to deliveryimages.acm.org (deliveryimages.acm.org)|104.17.79.191|:443... connected.
HTTP request sent, awaiting response... 200 OK
Length: 50642 (49K) [image/jpeg]
Saving to: ‘../data/deliveryimages.acm.org/10.1145/3190000/3186070/images/www2018-79-fig4.jpg’

     0K .......... .......... .......... .......... ......... 100%  849K=0.06s

2018-05-16 14:35:22 (849 KB/s) - ‘../data/deliveryimages.acm.org/10.1145/3190000/3186070/images/www2018-79-fig4.jpg’ saved [50642/50642]

--2018-05-16 14:35:22--  http://deliveryimages.acm.org/10.1145/3190000/3186070/images/www2018-79-fig5.jpg
Connecting to deliveryimages.acm.org (deliveryimages.acm.org)|104.17.79.191|:80... connected.
HTTP request sent, awaiting response... 301 Moved Permanently
Location: https://deliveryimages.acm.org/10.1145/3190000/3186070/images/www2018-79-fig5.jpg [following]
--2018-05-16 14:35:22--  https://deliveryimages.acm.org/10.1145/3190000/3186070/images/www2018-79-fig5.jpg
Connecting to deliveryimages.acm.org (deliveryimages.acm.org)|104.17.79.191|:443... connected.
HTTP request sent, awaiting response... 200 OK
Length: 43275 (42K) [image/jpeg]
Saving to: ‘../data/deliveryimages.acm.org/10.1145/3190000/3186070/images/www2018-79-fig5.jpg’

     0K .......... .......... .......... .......... ..        100% 1.32M=0.03s

2018-05-16 14:35:23 (1.32 MB/s) - ‘../data/deliveryimages.acm.org/10.1145/3190000/3186070/images/www2018-79-fig5.jpg’ saved [43275/43275]

--2018-05-16 14:35:23--  http://deliveryimages.acm.org/10.1145/3190000/3186070/images/www2018-79-fig6.jpg
Connecting to deliveryimages.acm.org (deliveryimages.acm.org)|104.17.79.191|:80... connected.
HTTP request sent, awaiting response... 301 Moved Permanently
Location: https://deliveryimages.acm.org/10.1145/3190000/3186070/images/www2018-79-fig6.jpg [following]
--2018-05-16 14:35:23--  https://deliveryimages.acm.org/10.1145/3190000/3186070/images/www2018-79-fig6.jpg
Connecting to deliveryimages.acm.org (deliveryimages.acm.org)|104.17.79.191|:443... connected.
HTTP request sent, awaiting response... 200 OK
Length: 26695 (26K) [image/jpeg]
Saving to: ‘../data/deliveryimages.acm.org/10.1145/3190000/3186070/images/www2018-79-fig6.jpg’

     0K .......... .......... ......                          100%  755K=0.03s

2018-05-16 14:35:23 (755 KB/s) - ‘../data/deliveryimages.acm.org/10.1145/3190000/3186070/images/www2018-79-fig6.jpg’ saved [26695/26695]

--2018-05-16 14:35:23--  http://deliveryimages.acm.org/10.1145/3190000/3186070/images/www2018-79-fig7.jpg
Connecting to deliveryimages.acm.org (deliveryimages.acm.org)|104.17.79.191|:80... connected.
HTTP request sent, awaiting response... 301 Moved Permanently
Location: https://deliveryimages.acm.org/10.1145/3190000/3186070/images/www2018-79-fig7.jpg [following]
--2018-05-16 14:35:23--  https://deliveryimages.acm.org/10.1145/3190000/3186070/images/www2018-79-fig7.jpg
Connecting to deliveryimages.acm.org (deliveryimages.acm.org)|104.17.79.191|:443... connected.
HTTP request sent, awaiting response... 200 OK
Length: 68992 (67K) [image/jpeg]
Saving to: ‘../data/deliveryimages.acm.org/10.1145/3190000/3186070/images/www2018-79-fig7.jpg’

     0K .......... .......... .......... .......... .......... 74%  666K 0s
    50K .......... .......                                    100% 1.60M=0.09s

2018-05-16 14:35:24 (786 KB/s) - ‘../data/deliveryimages.acm.org/10.1145/3190000/3186070/images/www2018-79-fig7.jpg’ saved [68992/68992]

--2018-05-16 14:35:24--  http://deliveryimages.acm.org/10.1145/3190000/3186070/images/www2018-79-fig8.jpg
Connecting to deliveryimages.acm.org (deliveryimages.acm.org)|104.17.79.191|:80... connected.
HTTP request sent, awaiting response... 301 Moved Permanently
Location: https://deliveryimages.acm.org/10.1145/3190000/3186070/images/www2018-79-fig8.jpg [following]
--2018-05-16 14:35:24--  https://deliveryimages.acm.org/10.1145/3190000/3186070/images/www2018-79-fig8.jpg
Connecting to deliveryimages.acm.org (deliveryimages.acm.org)|104.17.79.191|:443... connected.
HTTP request sent, awaiting response... 200 OK
Length: 33345 (33K) [image/jpeg]
Saving to: ‘../data/deliveryimages.acm.org/10.1145/3190000/3186070/images/www2018-79-fig8.jpg’

     0K .......... .......... .......... ..                   100% 1.52M=0.02s

2018-05-16 14:35:24 (1.52 MB/s) - ‘../data/deliveryimages.acm.org/10.1145/3190000/3186070/images/www2018-79-fig8.jpg’ saved [33345/33345]

--2018-05-16 14:35:24--  http://deliveryimages.acm.org/10.1145/3190000/3186070/images/www2018-79-fig9.jpg
Connecting to deliveryimages.acm.org (deliveryimages.acm.org)|104.17.79.191|:80... connected.
HTTP request sent, awaiting response... 301 Moved Permanently
Location: https://deliveryimages.acm.org/10.1145/3190000/3186070/images/www2018-79-fig9.jpg [following]
--2018-05-16 14:35:24--  https://deliveryimages.acm.org/10.1145/3190000/3186070/images/www2018-79-fig9.jpg
Connecting to deliveryimages.acm.org (deliveryimages.acm.org)|104.17.79.191|:443... connected.
HTTP request sent, awaiting response... 200 OK
Length: 54707 (53K) [image/jpeg]
Saving to: ‘../data/deliveryimages.acm.org/10.1145/3190000/3186070/images/www2018-79-fig9.jpg’

     0K .......... .......... .......... .......... .......... 93% 1.59M 0s
    50K ...                                                   100% 18.8M=0.03s

2018-05-16 14:35:24 (1.68 MB/s) - ‘../data/deliveryimages.acm.org/10.1145/3190000/3186070/images/www2018-79-fig9.jpg’ saved [54707/54707]

--2018-05-16 14:35:24--  http://deliveryimages.acm.org/10.1145/3190000/3186070/images/www2018-79-fig10.jpg
Connecting to deliveryimages.acm.org (deliveryimages.acm.org)|104.17.79.191|:80... connected.
HTTP request sent, awaiting response... 301 Moved Permanently
Location: https://deliveryimages.acm.org/10.1145/3190000/3186070/images/www2018-79-fig10.jpg [following]
--2018-05-16 14:35:25--  https://deliveryimages.acm.org/10.1145/3190000/3186070/images/www2018-79-fig10.jpg
Connecting to deliveryimages.acm.org (deliveryimages.acm.org)|104.17.79.191|:443... connected.
HTTP request sent, awaiting response... 200 OK
Length: 44491 (43K) [image/jpeg]
Saving to: ‘../data/deliveryimages.acm.org/10.1145/3190000/3186070/images/www2018-79-fig10.jpg’

     0K .......... .......... .......... .......... ...       100% 1.22M=0.03s

2018-05-16 14:35:25 (1.22 MB/s) - ‘../data/deliveryimages.acm.org/10.1145/3190000/3186070/images/www2018-79-fig10.jpg’ saved [44491/44491]

FINISHED --2018-05-16 14:35:25--
Total wall clock time: 5.1s
Downloaded: 11 files, 672K in 0.5s (1.28 MB/s)
Converting links in ../data/delivery.acm.org/10.1145/3190000/3186070/p1583-chen.html?ip=24.48.71.56&id=3186070&acc=OPENTOC&key=4D4702B0C3E38B35.4D4702B0C3E38B35.4D4702B0C3E38B35.4DD68F0663C025AA&__acm__=1526496020_cb90a9b51351aceb3fd2a4623f79a709... 164-0
Converted links in 1 files in 0.005 seconds.
