--2018-05-16 14:22:48--  http://delivery.acm.org/10.1145/3190000/3186112/p459-nikolakaki.html?ip=24.48.71.56&id=3186112&acc=OPENTOC&key=4D4702B0C3E38B35%2E4D4702B0C3E38B35%2E4D4702B0C3E38B35%2E4DD68F0663C025AA&__acm__=1526495268_4c56f749228d7b9f9cea3c05a4b78b9c
Resolving delivery.acm.org (delivery.acm.org)... 24.200.120.90, 24.200.120.82
Connecting to delivery.acm.org (delivery.acm.org)|24.200.120.90|:80... connected.
HTTP request sent, awaiting response... 200 OK
Length: 94658 (92K) [text/html]
Saving to: ‘../data/delivery.acm.org/10.1145/3190000/3186112/p459-nikolakaki.html?ip=24.48.71.56&id=3186112&acc=OPENTOC&key=4D4702B0C3E38B35.4D4702B0C3E38B35.4D4702B0C3E38B35.4DD68F0663C025AA&__acm__=1526495268_4c56f749228d7b9f9cea3c05a4b78b9c’

     0K .......... .......... .......... .......... .......... 54% 2.15M 0s
    50K .......... .......... .......... .......... ..        100% 3.44M=0.03s

2018-05-16 14:22:48 (2.60 MB/s) - ‘../data/delivery.acm.org/10.1145/3190000/3186112/p459-nikolakaki.html?ip=24.48.71.56&id=3186112&acc=OPENTOC&key=4D4702B0C3E38B35.4D4702B0C3E38B35.4D4702B0C3E38B35.4DD68F0663C025AA&__acm__=1526495268_4c56f749228d7b9f9cea3c05a4b78b9c’ saved [94658/94658]

--2018-05-16 14:22:48--  http://deliveryimages.acm.org/10.1145/3190000/3186112/images/www2018-121-fig1.jpg
Resolving deliveryimages.acm.org (deliveryimages.acm.org)... 104.17.79.191, 104.17.80.191
Connecting to deliveryimages.acm.org (deliveryimages.acm.org)|104.17.79.191|:80... connected.
HTTP request sent, awaiting response... 301 Moved Permanently
Location: https://deliveryimages.acm.org/10.1145/3190000/3186112/images/www2018-121-fig1.jpg [following]
--2018-05-16 14:22:48--  https://deliveryimages.acm.org/10.1145/3190000/3186112/images/www2018-121-fig1.jpg
Connecting to deliveryimages.acm.org (deliveryimages.acm.org)|104.17.79.191|:443... connected.
HTTP request sent, awaiting response... 200 OK
Length: 118021 (115K) [image/jpeg]
Saving to: ‘../data/deliveryimages.acm.org/10.1145/3190000/3186112/images/www2018-121-fig1.jpg’

     0K .......... .......... .......... .......... .......... 43% 1.38M 0s
    50K .......... .......... .......... .......... .......... 86% 1.97M 0s
   100K .......... .....                                      100% 4.75M=0.06s

2018-05-16 14:22:49 (1.78 MB/s) - ‘../data/deliveryimages.acm.org/10.1145/3190000/3186112/images/www2018-121-fig1.jpg’ saved [118021/118021]

--2018-05-16 14:22:49--  http://deliveryimages.acm.org/10.1145/3190000/3186112/images/www2018-121-fig2.jpg
Connecting to deliveryimages.acm.org (deliveryimages.acm.org)|104.17.79.191|:80... connected.
HTTP request sent, awaiting response... 301 Moved Permanently
Location: https://deliveryimages.acm.org/10.1145/3190000/3186112/images/www2018-121-fig2.jpg [following]
--2018-05-16 14:22:49--  https://deliveryimages.acm.org/10.1145/3190000/3186112/images/www2018-121-fig2.jpg
Connecting to deliveryimages.acm.org (deliveryimages.acm.org)|104.17.79.191|:443... connected.
HTTP request sent, awaiting response... 200 OK
Length: 105367 (103K) [image/jpeg]
Saving to: ‘../data/deliveryimages.acm.org/10.1145/3190000/3186112/images/www2018-121-fig2.jpg’

     0K .......... .......... .......... .......... .......... 48% 1.13M 0s
    50K .......... .......... .......... .......... .......... 97% 1.75M 0s
   100K ..                                                    100% 5526G=0.07s

2018-05-16 14:22:49 (1.41 MB/s) - ‘../data/deliveryimages.acm.org/10.1145/3190000/3186112/images/www2018-121-fig2.jpg’ saved [105367/105367]

--2018-05-16 14:22:49--  http://deliveryimages.acm.org/10.1145/3190000/3186112/images/www2018-121-fig3.jpg
Connecting to deliveryimages.acm.org (deliveryimages.acm.org)|104.17.79.191|:80... connected.
HTTP request sent, awaiting response... 301 Moved Permanently
Location: https://deliveryimages.acm.org/10.1145/3190000/3186112/images/www2018-121-fig3.jpg [following]
--2018-05-16 14:22:49--  https://deliveryimages.acm.org/10.1145/3190000/3186112/images/www2018-121-fig3.jpg
Connecting to deliveryimages.acm.org (deliveryimages.acm.org)|104.17.79.191|:443... connected.
HTTP request sent, awaiting response... 200 OK
Length: 207468 (203K) [image/jpeg]
Saving to: ‘../data/deliveryimages.acm.org/10.1145/3190000/3186112/images/www2018-121-fig3.jpg’

     0K .......... .......... .......... .......... .......... 24% 1.05M 0s
    50K .......... .......... .......... .......... .......... 49% 2.66M 0s
   100K .......... .......... .......... .......... .......... 74% 1.80M 0s
   150K .......... .......... .......... .......... .......... 98% 2.61M 0s
   200K ..                                                    100% 4970G=0.1s

2018-05-16 14:22:49 (1.79 MB/s) - ‘../data/deliveryimages.acm.org/10.1145/3190000/3186112/images/www2018-121-fig3.jpg’ saved [207468/207468]

--2018-05-16 14:22:49--  http://deliveryimages.acm.org/10.1145/3190000/3186112/images/www2018-121-fig4.jpg
Connecting to deliveryimages.acm.org (deliveryimages.acm.org)|104.17.79.191|:80... connected.
HTTP request sent, awaiting response... 301 Moved Permanently
Location: https://deliveryimages.acm.org/10.1145/3190000/3186112/images/www2018-121-fig4.jpg [following]
--2018-05-16 14:22:49--  https://deliveryimages.acm.org/10.1145/3190000/3186112/images/www2018-121-fig4.jpg
Connecting to deliveryimages.acm.org (deliveryimages.acm.org)|104.17.79.191|:443... connected.
HTTP request sent, awaiting response... 200 OK
Length: 10916 (11K) [image/jpeg]
Saving to: ‘../data/deliveryimages.acm.org/10.1145/3190000/3186112/images/www2018-121-fig4.jpg’

     0K ..........                                            100% 3.33M=0.003s

2018-05-16 14:22:50 (3.33 MB/s) - ‘../data/deliveryimages.acm.org/10.1145/3190000/3186112/images/www2018-121-fig4.jpg’ saved [10916/10916]

--2018-05-16 14:22:50--  http://deliveryimages.acm.org/10.1145/3190000/3186112/images/www2018-121-fig5.jpg
Connecting to deliveryimages.acm.org (deliveryimages.acm.org)|104.17.79.191|:80... connected.
HTTP request sent, awaiting response... 301 Moved Permanently
Location: https://deliveryimages.acm.org/10.1145/3190000/3186112/images/www2018-121-fig5.jpg [following]
--2018-05-16 14:22:50--  https://deliveryimages.acm.org/10.1145/3190000/3186112/images/www2018-121-fig5.jpg
Connecting to deliveryimages.acm.org (deliveryimages.acm.org)|104.17.79.191|:443... connected.
HTTP request sent, awaiting response... 200 OK
Length: 248676 (243K) [image/jpeg]
Saving to: ‘../data/deliveryimages.acm.org/10.1145/3190000/3186112/images/www2018-121-fig5.jpg’

     0K .......... .......... .......... .......... .......... 20% 1.27M 0s
    50K .......... .......... .......... .......... .......... 41% 3.46M 0s
   100K .......... .......... .......... .......... .......... 61% 2.82M 0s
   150K .......... .......... .......... .......... .......... 82% 5.35M 0s
   200K .......... .......... .......... .......... ..        100% 3.95M=0.09s

2018-05-16 14:22:50 (2.65 MB/s) - ‘../data/deliveryimages.acm.org/10.1145/3190000/3186112/images/www2018-121-fig5.jpg’ saved [248676/248676]

--2018-05-16 14:22:50--  http://deliveryimages.acm.org/10.1145/3190000/3186112/images/www2018-121-fig6.jpg
Connecting to deliveryimages.acm.org (deliveryimages.acm.org)|104.17.79.191|:80... connected.
HTTP request sent, awaiting response... 301 Moved Permanently
Location: https://deliveryimages.acm.org/10.1145/3190000/3186112/images/www2018-121-fig6.jpg [following]
--2018-05-16 14:22:50--  https://deliveryimages.acm.org/10.1145/3190000/3186112/images/www2018-121-fig6.jpg
Connecting to deliveryimages.acm.org (deliveryimages.acm.org)|104.17.79.191|:443... connected.
HTTP request sent, awaiting response... 200 OK
Length: 540723 (528K) [image/jpeg]
Saving to: ‘../data/deliveryimages.acm.org/10.1145/3190000/3186112/images/www2018-121-fig6.jpg’

     0K .......... .......... .......... .......... ..........  9% 1.63M 0s
    50K .......... .......... .......... .......... .......... 18% 4.13M 0s
   100K .......... .......... .......... .......... .......... 28% 3.06M 0s
   150K .......... .......... .......... .......... .......... 37% 5.00M 0s
   200K .......... .......... .......... .......... .......... 47% 4.82M 0s
   250K .......... .......... .......... .......... .......... 56% 3.17M 0s
   300K .......... .......... .......... .......... .......... 66% 5.67M 0s
   350K .......... .......... .......... .......... .......... 75% 2.37M 0s
   400K .......... .......... .......... .......... .......... 85% 7.67M 0s
   450K .......... .......... .......... .......... .......... 94% 3.08M 0s
   500K .......... .......... ........                        100% 11.6M=0.1s

2018-05-16 14:22:50 (3.51 MB/s) - ‘../data/deliveryimages.acm.org/10.1145/3190000/3186112/images/www2018-121-fig6.jpg’ saved [540723/540723]

--2018-05-16 14:22:50--  http://deliveryimages.acm.org/10.1145/3190000/3186112/images/www2018-121-fig7.jpg
Connecting to deliveryimages.acm.org (deliveryimages.acm.org)|104.17.79.191|:80... connected.
HTTP request sent, awaiting response... 301 Moved Permanently
Location: https://deliveryimages.acm.org/10.1145/3190000/3186112/images/www2018-121-fig7.jpg [following]
--2018-05-16 14:22:50--  https://deliveryimages.acm.org/10.1145/3190000/3186112/images/www2018-121-fig7.jpg
Connecting to deliveryimages.acm.org (deliveryimages.acm.org)|104.17.79.191|:443... connected.
HTTP request sent, awaiting response... 200 OK
Length: 243934 (238K) [image/jpeg]
Saving to: ‘../data/deliveryimages.acm.org/10.1145/3190000/3186112/images/www2018-121-fig7.jpg’

     0K .......... .......... .......... .......... .......... 20%  550K 0s
    50K .......... .......... .......... .......... .......... 41% 3.53M 0s
   100K .......... .......... .......... .......... .......... 62% 2.63M 0s
   150K .......... .......... .......... .......... .......... 83% 4.02M 0s
   200K .......... .......... .......... ........             100% 5.63M=0.1s

2018-05-16 14:22:51 (1.64 MB/s) - ‘../data/deliveryimages.acm.org/10.1145/3190000/3186112/images/www2018-121-fig7.jpg’ saved [243934/243934]

FINISHED --2018-05-16 14:22:51--
Total wall clock time: 2.8s
Downloaded: 8 files, 1.5M in 0.7s (2.26 MB/s)
Converting links in ../data/delivery.acm.org/10.1145/3190000/3186112/p459-nikolakaki.html?ip=24.48.71.56&id=3186112&acc=OPENTOC&key=4D4702B0C3E38B35.4D4702B0C3E38B35.4D4702B0C3E38B35.4DD68F0663C025AA&__acm__=1526495268_4c56f749228d7b9f9cea3c05a4b78b9c... 101-0
Converted links in 1 files in 0.003 seconds.
