--2018-05-16 14:36:00--  http://delivery.acm.org/10.1145/3190000/3186072/p1603-luo.html?ip=24.48.71.56&id=3186072&acc=OPENTOC&key=4D4702B0C3E38B35%2E4D4702B0C3E38B35%2E4D4702B0C3E38B35%2E4DD68F0663C025AA&__acm__=1526496059_808f641ddf5ae4d072310bdf963f33bc
Resolving delivery.acm.org (delivery.acm.org)... 24.200.120.90, 24.200.120.82
Connecting to delivery.acm.org (delivery.acm.org)|24.200.120.90|:80... connected.
HTTP request sent, awaiting response... 200 OK
Length: 110750 (108K) [text/html]
Saving to: ‘../data/delivery.acm.org/10.1145/3190000/3186072/p1603-luo.html?ip=24.48.71.56&id=3186072&acc=OPENTOC&key=4D4702B0C3E38B35.4D4702B0C3E38B35.4D4702B0C3E38B35.4DD68F0663C025AA&__acm__=1526496059_808f641ddf5ae4d072310bdf963f33bc’

     0K .......... .......... .......... .......... .......... 46% 2.68M 0s
    50K .......... .......... .......... .......... .......... 92% 3.67M 0s
   100K ........                                              100% 94.4M=0.03s

2018-05-16 14:36:00 (3.34 MB/s) - ‘../data/delivery.acm.org/10.1145/3190000/3186072/p1603-luo.html?ip=24.48.71.56&id=3186072&acc=OPENTOC&key=4D4702B0C3E38B35.4D4702B0C3E38B35.4D4702B0C3E38B35.4DD68F0663C025AA&__acm__=1526496059_808f641ddf5ae4d072310bdf963f33bc’ saved [110750/110750]

--2018-05-16 14:36:00--  http://deliveryimages.acm.org/10.1145/3190000/3186072/images/www2018-81-img1.svg
Resolving deliveryimages.acm.org (deliveryimages.acm.org)... 104.17.80.191, 104.17.79.191
Connecting to deliveryimages.acm.org (deliveryimages.acm.org)|104.17.80.191|:80... connected.
HTTP request sent, awaiting response... 301 Moved Permanently
Location: https://deliveryimages.acm.org/10.1145/3190000/3186072/images/www2018-81-img1.svg [following]
--2018-05-16 14:36:00--  https://deliveryimages.acm.org/10.1145/3190000/3186072/images/www2018-81-img1.svg
Connecting to deliveryimages.acm.org (deliveryimages.acm.org)|104.17.80.191|:443... connected.
HTTP request sent, awaiting response... 200 OK
Length: 108227 (106K) [image/svg+xml]
Saving to: ‘../data/deliveryimages.acm.org/10.1145/3190000/3186072/images/www2018-81-img1.svg’

     0K .......... .......... .......... .......... .......... 47% 1.93M 0s
    50K .......... .......... .......... .......... .......... 94% 2.23M 0s
   100K .....                                                 100% 83.0M=0.05s

2018-05-16 14:36:00 (2.19 MB/s) - ‘../data/deliveryimages.acm.org/10.1145/3190000/3186072/images/www2018-81-img1.svg’ saved [108227/108227]

--2018-05-16 14:36:00--  http://deliveryimages.acm.org/10.1145/3190000/3186072/images/www2018-81-fig1.jpg
Connecting to deliveryimages.acm.org (deliveryimages.acm.org)|104.17.80.191|:80... connected.
HTTP request sent, awaiting response... 301 Moved Permanently
Location: https://deliveryimages.acm.org/10.1145/3190000/3186072/images/www2018-81-fig1.jpg [following]
--2018-05-16 14:36:00--  https://deliveryimages.acm.org/10.1145/3190000/3186072/images/www2018-81-fig1.jpg
Connecting to deliveryimages.acm.org (deliveryimages.acm.org)|104.17.80.191|:443... connected.
HTTP request sent, awaiting response... 200 OK
Length: 872244 (852K) [image/jpeg]
Saving to: ‘../data/deliveryimages.acm.org/10.1145/3190000/3186072/images/www2018-81-fig1.jpg’

     0K .......... .......... .......... .......... ..........  5% 1.14M 1s
    50K .......... .......... .......... .......... .......... 11% 5.70M 0s
   100K .......... .......... .......... .......... .......... 17% 4.01M 0s
   150K .......... .......... .......... .......... .......... 23% 3.88M 0s
   200K .......... .......... .......... .......... .......... 29% 3.86M 0s
   250K .......... .......... .......... .......... .......... 35% 2.99M 0s
   300K .......... .......... .......... .......... .......... 41% 7.31M 0s
   350K .......... .......... .......... .......... .......... 46% 3.13M 0s
   400K .......... .......... .......... .......... .......... 52% 3.35M 0s
   450K .......... .......... .......... .......... .......... 58% 5.55M 0s
   500K .......... .......... .......... .......... .......... 64% 3.67M 0s
   550K .......... .......... .......... .......... .......... 70% 2.23M 0s
   600K .......... .......... .......... .......... .......... 76% 10.4M 0s
   650K .......... .......... .......... .......... .......... 82% 4.23M 0s
   700K .......... .......... .......... .......... .......... 88% 3.83M 0s
   750K .......... .......... .......... .......... .......... 93% 4.42M 0s
   800K .......... .......... .......... .......... .......... 99% 6.52M 0s
   850K .                                                     100% 3435G=0.2s

2018-05-16 14:36:01 (3.56 MB/s) - ‘../data/deliveryimages.acm.org/10.1145/3190000/3186072/images/www2018-81-fig1.jpg’ saved [872244/872244]

--2018-05-16 14:36:01--  http://deliveryimages.acm.org/10.1145/3190000/3186072/images/www2018-81-fig2.jpg
Connecting to deliveryimages.acm.org (deliveryimages.acm.org)|104.17.80.191|:80... connected.
HTTP request sent, awaiting response... 301 Moved Permanently
Location: https://deliveryimages.acm.org/10.1145/3190000/3186072/images/www2018-81-fig2.jpg [following]
--2018-05-16 14:36:01--  https://deliveryimages.acm.org/10.1145/3190000/3186072/images/www2018-81-fig2.jpg
Connecting to deliveryimages.acm.org (deliveryimages.acm.org)|104.17.80.191|:443... connected.
HTTP request sent, awaiting response... 200 OK
Length: 800472 (782K) [image/jpeg]
Saving to: ‘../data/deliveryimages.acm.org/10.1145/3190000/3186072/images/www2018-81-fig2.jpg’

     0K .......... .......... .......... .......... ..........  6% 1.46M 0s
    50K .......... .......... .......... .......... .......... 12% 3.47M 0s
   100K .......... .......... .......... .......... .......... 19% 3.15M 0s
   150K .......... .......... .......... .......... .......... 25% 4.99M 0s
   200K .......... .......... .......... .......... .......... 31% 2.10M 0s
   250K .......... .......... .......... .......... .......... 38% 21.2M 0s
   300K .......... .......... .......... .......... .......... 44% 5.49M 0s
   350K .......... .......... .......... .......... .......... 51% 2.80M 0s
   400K .......... .......... .......... .......... .......... 57% 5.21M 0s
   450K .......... .......... .......... .......... .......... 63% 4.29M 0s
   500K .......... .......... .......... .......... .......... 70% 3.68M 0s
   550K .......... .......... .......... .......... .......... 76% 3.09M 0s
   600K .......... .......... .......... .......... .......... 83% 3.78M 0s
   650K .......... .......... .......... .......... .......... 89% 3.00M 0s
   700K .......... .......... .......... .......... .......... 95% 5.46M 0s
   750K .......... .......... .......... .                    100% 3.53M=0.2s

2018-05-16 14:36:01 (3.45 MB/s) - ‘../data/deliveryimages.acm.org/10.1145/3190000/3186072/images/www2018-81-fig2.jpg’ saved [800472/800472]

FINISHED --2018-05-16 14:36:01--
Total wall clock time: 1.5s
Downloaded: 4 files, 1.8M in 0.5s (3.38 MB/s)
Converting links in ../data/delivery.acm.org/10.1145/3190000/3186072/p1603-luo.html?ip=24.48.71.56&id=3186072&acc=OPENTOC&key=4D4702B0C3E38B35.4D4702B0C3E38B35.4D4702B0C3E38B35.4DD68F0663C025AA&__acm__=1526496059_808f641ddf5ae4d072310bdf963f33bc... 136-0
Converted links in 1 files in 0.005 seconds.
