--2018-05-16 14:32:45--  http://delivery.acm.org/10.1145/3190000/3186002/p1033-grubenmann.html?ip=24.48.71.56&id=3186002&acc=OPENTOC&key=4D4702B0C3E38B35%2E4D4702B0C3E38B35%2E4D4702B0C3E38B35%2E4DD68F0663C025AA&__acm__=1526495865_9e95a7e1a266c9047a2267a0cf1eb369
Resolving delivery.acm.org (delivery.acm.org)... 24.200.120.90, 24.200.120.82
Connecting to delivery.acm.org (delivery.acm.org)|24.200.120.90|:80... connected.
HTTP request sent, awaiting response... 200 OK
Length: 87708 (86K) [text/html]
Saving to: ‘../data/delivery.acm.org/10.1145/3190000/3186002/p1033-grubenmann.html?ip=24.48.71.56&id=3186002&acc=OPENTOC&key=4D4702B0C3E38B35.4D4702B0C3E38B35.4D4702B0C3E38B35.4DD68F0663C025AA&__acm__=1526495865_9e95a7e1a266c9047a2267a0cf1eb369’

     0K .......... .......... .......... .......... .......... 58% 2.93M 0s
    50K .......... .......... .......... .....                100% 5.12M=0.02s

2018-05-16 14:32:46 (3.57 MB/s) - ‘../data/delivery.acm.org/10.1145/3190000/3186002/p1033-grubenmann.html?ip=24.48.71.56&id=3186002&acc=OPENTOC&key=4D4702B0C3E38B35.4D4702B0C3E38B35.4D4702B0C3E38B35.4DD68F0663C025AA&__acm__=1526495865_9e95a7e1a266c9047a2267a0cf1eb369’ saved [87708/87708]

--2018-05-16 14:32:46--  http://deliveryimages.acm.org/10.1145/3190000/3186002/images/www2018-11-img1.svg
Resolving deliveryimages.acm.org (deliveryimages.acm.org)... 104.17.79.191, 104.17.80.191
Connecting to deliveryimages.acm.org (deliveryimages.acm.org)|104.17.79.191|:80... connected.
HTTP request sent, awaiting response... 301 Moved Permanently
Location: https://deliveryimages.acm.org/10.1145/3190000/3186002/images/www2018-11-img1.svg [following]
--2018-05-16 14:32:46--  https://deliveryimages.acm.org/10.1145/3190000/3186002/images/www2018-11-img1.svg
Connecting to deliveryimages.acm.org (deliveryimages.acm.org)|104.17.79.191|:443... connected.
HTTP request sent, awaiting response... 200 OK
Length: 79336 (77K) [image/svg+xml]
Saving to: ‘../data/deliveryimages.acm.org/10.1145/3190000/3186002/images/www2018-11-img1.svg’

     0K .......... .......... .......... .......... .......... 64% 1.03M 0s
    50K .......... .......... .......                         100% 5.50M=0.05s

2018-05-16 14:32:46 (1.44 MB/s) - ‘../data/deliveryimages.acm.org/10.1145/3190000/3186002/images/www2018-11-img1.svg’ saved [79336/79336]

--2018-05-16 14:32:46--  http://deliveryimages.acm.org/10.1145/3190000/3186002/images/www2018-11-fig1.jpg
Connecting to deliveryimages.acm.org (deliveryimages.acm.org)|104.17.79.191|:80... connected.
HTTP request sent, awaiting response... 301 Moved Permanently
Location: https://deliveryimages.acm.org/10.1145/3190000/3186002/images/www2018-11-fig1.jpg [following]
--2018-05-16 14:32:46--  https://deliveryimages.acm.org/10.1145/3190000/3186002/images/www2018-11-fig1.jpg
Connecting to deliveryimages.acm.org (deliveryimages.acm.org)|104.17.79.191|:443... connected.
HTTP request sent, awaiting response... 200 OK
Length: 36554 (36K) [image/jpeg]
Saving to: ‘../data/deliveryimages.acm.org/10.1145/3190000/3186002/images/www2018-11-fig1.jpg’

     0K .......... .......... .......... .....                100%  936K=0.04s

2018-05-16 14:32:47 (936 KB/s) - ‘../data/deliveryimages.acm.org/10.1145/3190000/3186002/images/www2018-11-fig1.jpg’ saved [36554/36554]

--2018-05-16 14:32:47--  http://deliveryimages.acm.org/10.1145/3190000/3186002/images/www2018-11-fig2.jpg
Connecting to deliveryimages.acm.org (deliveryimages.acm.org)|104.17.79.191|:80... connected.
HTTP request sent, awaiting response... 301 Moved Permanently
Location: https://deliveryimages.acm.org/10.1145/3190000/3186002/images/www2018-11-fig2.jpg [following]
--2018-05-16 14:32:47--  https://deliveryimages.acm.org/10.1145/3190000/3186002/images/www2018-11-fig2.jpg
Connecting to deliveryimages.acm.org (deliveryimages.acm.org)|104.17.79.191|:443... connected.
HTTP request sent, awaiting response... 200 OK
Length: 38602 (38K) [image/jpeg]
Saving to: ‘../data/deliveryimages.acm.org/10.1145/3190000/3186002/images/www2018-11-fig2.jpg’

     0K .......... .......... .......... .......              100% 1.08M=0.03s

2018-05-16 14:32:47 (1.08 MB/s) - ‘../data/deliveryimages.acm.org/10.1145/3190000/3186002/images/www2018-11-fig2.jpg’ saved [38602/38602]

--2018-05-16 14:32:47--  http://deliveryimages.acm.org/10.1145/3190000/3186002/images/www2018-11-fig3.jpg
Connecting to deliveryimages.acm.org (deliveryimages.acm.org)|104.17.79.191|:80... connected.
HTTP request sent, awaiting response... 301 Moved Permanently
Location: https://deliveryimages.acm.org/10.1145/3190000/3186002/images/www2018-11-fig3.jpg [following]
--2018-05-16 14:32:48--  https://deliveryimages.acm.org/10.1145/3190000/3186002/images/www2018-11-fig3.jpg
Connecting to deliveryimages.acm.org (deliveryimages.acm.org)|104.17.79.191|:443... connected.
HTTP request sent, awaiting response... 200 OK
Length: 31738 (31K) [image/jpeg]
Saving to: ‘../data/deliveryimages.acm.org/10.1145/3190000/3186002/images/www2018-11-fig3.jpg’

     0K .......... .......... ..........                      100% 1.80M=0.02s

2018-05-16 14:32:48 (1.80 MB/s) - ‘../data/deliveryimages.acm.org/10.1145/3190000/3186002/images/www2018-11-fig3.jpg’ saved [31738/31738]

--2018-05-16 14:32:48--  http://deliveryimages.acm.org/10.1145/3190000/3186002/images/www2018-11-fig4.jpg
Connecting to deliveryimages.acm.org (deliveryimages.acm.org)|104.17.79.191|:80... connected.
HTTP request sent, awaiting response... 301 Moved Permanently
Location: https://deliveryimages.acm.org/10.1145/3190000/3186002/images/www2018-11-fig4.jpg [following]
--2018-05-16 14:32:48--  https://deliveryimages.acm.org/10.1145/3190000/3186002/images/www2018-11-fig4.jpg
Connecting to deliveryimages.acm.org (deliveryimages.acm.org)|104.17.79.191|:443... connected.
HTTP request sent, awaiting response... 200 OK
Length: 29682 (29K) [image/jpeg]
Saving to: ‘../data/deliveryimages.acm.org/10.1145/3190000/3186002/images/www2018-11-fig4.jpg’

     0K .......... .......... ........                        100% 1.40M=0.02s

2018-05-16 14:32:48 (1.40 MB/s) - ‘../data/deliveryimages.acm.org/10.1145/3190000/3186002/images/www2018-11-fig4.jpg’ saved [29682/29682]

--2018-05-16 14:32:48--  http://deliveryimages.acm.org/10.1145/3190000/3186002/images/www2018-11-fig5.jpg
Connecting to deliveryimages.acm.org (deliveryimages.acm.org)|104.17.79.191|:80... connected.
HTTP request sent, awaiting response... 301 Moved Permanently
Location: https://deliveryimages.acm.org/10.1145/3190000/3186002/images/www2018-11-fig5.jpg [following]
--2018-05-16 14:32:48--  https://deliveryimages.acm.org/10.1145/3190000/3186002/images/www2018-11-fig5.jpg
Connecting to deliveryimages.acm.org (deliveryimages.acm.org)|104.17.79.191|:443... connected.
HTTP request sent, awaiting response... 200 OK
Length: 25704 (25K) [image/jpeg]
Saving to: ‘../data/deliveryimages.acm.org/10.1145/3190000/3186002/images/www2018-11-fig5.jpg’

     0K .......... .......... .....                           100% 1.30M=0.02s

2018-05-16 14:32:48 (1.30 MB/s) - ‘../data/deliveryimages.acm.org/10.1145/3190000/3186002/images/www2018-11-fig5.jpg’ saved [25704/25704]

--2018-05-16 14:32:48--  http://deliveryimages.acm.org/10.1145/3190000/3186002/images/www2018-11-fig6.jpg
Connecting to deliveryimages.acm.org (deliveryimages.acm.org)|104.17.79.191|:80... connected.
HTTP request sent, awaiting response... 301 Moved Permanently
Location: https://deliveryimages.acm.org/10.1145/3190000/3186002/images/www2018-11-fig6.jpg [following]
--2018-05-16 14:32:49--  https://deliveryimages.acm.org/10.1145/3190000/3186002/images/www2018-11-fig6.jpg
Connecting to deliveryimages.acm.org (deliveryimages.acm.org)|104.17.79.191|:443... connected.
HTTP request sent, awaiting response... 200 OK
Length: 25352 (25K) [image/jpeg]
Saving to: ‘../data/deliveryimages.acm.org/10.1145/3190000/3186002/images/www2018-11-fig6.jpg’

     0K .......... .......... ....                            100% 1.01M=0.02s

2018-05-16 14:32:49 (1.01 MB/s) - ‘../data/deliveryimages.acm.org/10.1145/3190000/3186002/images/www2018-11-fig6.jpg’ saved [25352/25352]

--2018-05-16 14:32:49--  http://deliveryimages.acm.org/10.1145/3190000/3186002/images/www2018-11-fig7.jpg
Connecting to deliveryimages.acm.org (deliveryimages.acm.org)|104.17.79.191|:80... connected.
HTTP request sent, awaiting response... 301 Moved Permanently
Location: https://deliveryimages.acm.org/10.1145/3190000/3186002/images/www2018-11-fig7.jpg [following]
--2018-05-16 14:32:49--  https://deliveryimages.acm.org/10.1145/3190000/3186002/images/www2018-11-fig7.jpg
Connecting to deliveryimages.acm.org (deliveryimages.acm.org)|104.17.79.191|:443... connected.
HTTP request sent, awaiting response... 200 OK
Length: 36743 (36K) [image/jpeg]
Saving to: ‘../data/deliveryimages.acm.org/10.1145/3190000/3186002/images/www2018-11-fig7.jpg’

     0K .......... .......... .......... .....                100% 1.58M=0.02s

2018-05-16 14:32:49 (1.58 MB/s) - ‘../data/deliveryimages.acm.org/10.1145/3190000/3186002/images/www2018-11-fig7.jpg’ saved [36743/36743]

FINISHED --2018-05-16 14:32:49--
Total wall clock time: 3.8s
Downloaded: 9 files, 382K in 0.3s (1.49 MB/s)
Converting links in ../data/delivery.acm.org/10.1145/3190000/3186002/p1033-grubenmann.html?ip=24.48.71.56&id=3186002&acc=OPENTOC&key=4D4702B0C3E38B35.4D4702B0C3E38B35.4D4702B0C3E38B35.4DD68F0663C025AA&__acm__=1526495865_9e95a7e1a266c9047a2267a0cf1eb369... 74-0
Converted links in 1 files in 0.003 seconds.
