--2018-05-16 15:15:58--  http://delivery.acm.org/10.1145/3200000/3191653/p1857-le-phuoc.html?ip=24.48.71.56&id=3191653&acc=OPENTOC&key=4D4702B0C3E38B35%2E4D4702B0C3E38B35%2E4D4702B0C3E38B35%2E4DD68F0663C025AA&__acm__=1526498458_4e899ca14bb242f07f7a07308284c351
Resolving delivery.acm.org (delivery.acm.org)... 24.200.120.82, 24.200.120.90
Connecting to delivery.acm.org (delivery.acm.org)|24.200.120.82|:80... connected.
HTTP request sent, awaiting response... 200 OK
Length: 80887 (79K) [text/html]
Saving to: ‘../data/delivery.acm.org/10.1145/3200000/3191653/p1857-le-phuoc.html?ip=24.48.71.56&id=3191653&acc=OPENTOC&key=4D4702B0C3E38B35.4D4702B0C3E38B35.4D4702B0C3E38B35.4DD68F0663C025AA&__acm__=1526498458_4e899ca14bb242f07f7a07308284c351’

     0K .......... .......... .......... .......... .......... 63% 3.56M 0s
    50K .......... .......... ........                        100% 4.22M=0.02s

2018-05-16 15:15:58 (3.78 MB/s) - ‘../data/delivery.acm.org/10.1145/3200000/3191653/p1857-le-phuoc.html?ip=24.48.71.56&id=3191653&acc=OPENTOC&key=4D4702B0C3E38B35.4D4702B0C3E38B35.4D4702B0C3E38B35.4DD68F0663C025AA&__acm__=1526498458_4e899ca14bb242f07f7a07308284c351’ saved [80887/80887]

--2018-05-16 15:15:58--  http://deliveryimages.acm.org/10.1145/3200000/3191653/images/www18companion-392-fig1.jpg
Resolving deliveryimages.acm.org (deliveryimages.acm.org)... 104.17.79.191, 104.17.80.191
Connecting to deliveryimages.acm.org (deliveryimages.acm.org)|104.17.79.191|:80... connected.
HTTP request sent, awaiting response... 301 Moved Permanently
Location: https://deliveryimages.acm.org/10.1145/3200000/3191653/images/www18companion-392-fig1.jpg [following]
--2018-05-16 15:15:59--  https://deliveryimages.acm.org/10.1145/3200000/3191653/images/www18companion-392-fig1.jpg
Connecting to deliveryimages.acm.org (deliveryimages.acm.org)|104.17.79.191|:443... connected.
HTTP request sent, awaiting response... 200 OK
Length: 50548 (49K) [image/jpeg]
Saving to: ‘../data/deliveryimages.acm.org/10.1145/3200000/3191653/images/www18companion-392-fig1.jpg’

     0K .......... .......... .......... .......... ......... 100% 1.48M=0.03s

2018-05-16 15:15:59 (1.48 MB/s) - ‘../data/deliveryimages.acm.org/10.1145/3200000/3191653/images/www18companion-392-fig1.jpg’ saved [50548/50548]

--2018-05-16 15:15:59--  http://deliveryimages.acm.org/10.1145/3200000/3191653/images/www18companion-392-graphic2.jpg
Connecting to deliveryimages.acm.org (deliveryimages.acm.org)|104.17.79.191|:80... connected.
HTTP request sent, awaiting response... 301 Moved Permanently
Location: https://deliveryimages.acm.org/10.1145/3200000/3191653/images/www18companion-392-graphic2.jpg [following]
--2018-05-16 15:15:59--  https://deliveryimages.acm.org/10.1145/3200000/3191653/images/www18companion-392-graphic2.jpg
Connecting to deliveryimages.acm.org (deliveryimages.acm.org)|104.17.79.191|:443... connected.
HTTP request sent, awaiting response... 200 OK
Length: 44550 (44K) [image/jpeg]
Saving to: ‘../data/deliveryimages.acm.org/10.1145/3200000/3191653/images/www18companion-392-graphic2.jpg’

     0K .......... .......... .......... .......... ...       100% 1.24M=0.03s

2018-05-16 15:15:59 (1.24 MB/s) - ‘../data/deliveryimages.acm.org/10.1145/3200000/3191653/images/www18companion-392-graphic2.jpg’ saved [44550/44550]

--2018-05-16 15:15:59--  http://deliveryimages.acm.org/10.1145/3200000/3191653/images/www18companion-392-graphic3.jpg
Connecting to deliveryimages.acm.org (deliveryimages.acm.org)|104.17.79.191|:80... connected.
HTTP request sent, awaiting response... 301 Moved Permanently
Location: https://deliveryimages.acm.org/10.1145/3200000/3191653/images/www18companion-392-graphic3.jpg [following]
--2018-05-16 15:15:59--  https://deliveryimages.acm.org/10.1145/3200000/3191653/images/www18companion-392-graphic3.jpg
Connecting to deliveryimages.acm.org (deliveryimages.acm.org)|104.17.79.191|:443... connected.
HTTP request sent, awaiting response... 200 OK
Length: 44369 (43K) [image/jpeg]
Saving to: ‘../data/deliveryimages.acm.org/10.1145/3200000/3191653/images/www18companion-392-graphic3.jpg’

     0K .......... .......... .......... .......... ...       100%  697K=0.06s

2018-05-16 15:15:59 (697 KB/s) - ‘../data/deliveryimages.acm.org/10.1145/3200000/3191653/images/www18companion-392-graphic3.jpg’ saved [44369/44369]

--2018-05-16 15:15:59--  http://deliveryimages.acm.org/10.1145/3200000/3191653/images/www18companion-392-graphic4.jpg
Connecting to deliveryimages.acm.org (deliveryimages.acm.org)|104.17.79.191|:80... connected.
HTTP request sent, awaiting response... 301 Moved Permanently
Location: https://deliveryimages.acm.org/10.1145/3200000/3191653/images/www18companion-392-graphic4.jpg [following]
--2018-05-16 15:15:59--  https://deliveryimages.acm.org/10.1145/3200000/3191653/images/www18companion-392-graphic4.jpg
Connecting to deliveryimages.acm.org (deliveryimages.acm.org)|104.17.79.191|:443... connected.
HTTP request sent, awaiting response... 200 OK
Length: 58133 (57K) [image/jpeg]
Saving to: ‘../data/deliveryimages.acm.org/10.1145/3200000/3191653/images/www18companion-392-graphic4.jpg’

     0K .......... .......... .......... .......... .......... 88% 1.75M 0s
    50K ......                                                100% 57.1M=0.03s

2018-05-16 15:16:00 (1.98 MB/s) - ‘../data/deliveryimages.acm.org/10.1145/3200000/3191653/images/www18companion-392-graphic4.jpg’ saved [58133/58133]

--2018-05-16 15:16:00--  http://deliveryimages.acm.org/10.1145/3200000/3191653/images/www18companion-392-fig2.jpg
Connecting to deliveryimages.acm.org (deliveryimages.acm.org)|104.17.79.191|:80... connected.
HTTP request sent, awaiting response... 301 Moved Permanently
Location: https://deliveryimages.acm.org/10.1145/3200000/3191653/images/www18companion-392-fig2.jpg [following]
--2018-05-16 15:16:00--  https://deliveryimages.acm.org/10.1145/3200000/3191653/images/www18companion-392-fig2.jpg
Connecting to deliveryimages.acm.org (deliveryimages.acm.org)|104.17.79.191|:443... connected.
HTTP request sent, awaiting response... 200 OK
Length: 21196 (21K) [image/jpeg]
Saving to: ‘../data/deliveryimages.acm.org/10.1145/3200000/3191653/images/www18companion-392-fig2.jpg’

     0K .......... ..........                                 100% 1.61M=0.01s

2018-05-16 15:16:00 (1.61 MB/s) - ‘../data/deliveryimages.acm.org/10.1145/3200000/3191653/images/www18companion-392-fig2.jpg’ saved [21196/21196]

--2018-05-16 15:16:00--  http://deliveryimages.acm.org/10.1145/3200000/3191653/images/www18companion-392-graphic9.jpg
Connecting to deliveryimages.acm.org (deliveryimages.acm.org)|104.17.79.191|:80... connected.
HTTP request sent, awaiting response... 301 Moved Permanently
Location: https://deliveryimages.acm.org/10.1145/3200000/3191653/images/www18companion-392-graphic9.jpg [following]
--2018-05-16 15:16:00--  https://deliveryimages.acm.org/10.1145/3200000/3191653/images/www18companion-392-graphic9.jpg
Connecting to deliveryimages.acm.org (deliveryimages.acm.org)|104.17.79.191|:443... connected.
HTTP request sent, awaiting response... 200 OK
Length: 76607 (75K) [image/jpeg]
Saving to: ‘../data/deliveryimages.acm.org/10.1145/3200000/3191653/images/www18companion-392-graphic9.jpg’

     0K .......... .......... .......... .......... .......... 66% 2.51M 0s
    50K .......... .......... ....                            100% 3.98M=0.03s

2018-05-16 15:16:00 (2.86 MB/s) - ‘../data/deliveryimages.acm.org/10.1145/3200000/3191653/images/www18companion-392-graphic9.jpg’ saved [76607/76607]

--2018-05-16 15:16:00--  http://deliveryimages.acm.org/10.1145/3200000/3191653/images/www18companion-392-graphic10.jpg
Connecting to deliveryimages.acm.org (deliveryimages.acm.org)|104.17.79.191|:80... connected.
HTTP request sent, awaiting response... 301 Moved Permanently
Location: https://deliveryimages.acm.org/10.1145/3200000/3191653/images/www18companion-392-graphic10.jpg [following]
--2018-05-16 15:16:00--  https://deliveryimages.acm.org/10.1145/3200000/3191653/images/www18companion-392-graphic10.jpg
Connecting to deliveryimages.acm.org (deliveryimages.acm.org)|104.17.79.191|:443... connected.
HTTP request sent, awaiting response... 200 OK
Length: 122936 (120K) [image/jpeg]
Saving to: ‘../data/deliveryimages.acm.org/10.1145/3200000/3191653/images/www18companion-392-graphic10.jpg’

     0K .......... .......... .......... .......... .......... 41% 1.41M 0s
    50K .......... .......... .......... .......... .......... 83% 3.09M 0s
   100K .......... ..........                                 100% 7.03M=0.05s

2018-05-16 15:16:01 (2.21 MB/s) - ‘../data/deliveryimages.acm.org/10.1145/3200000/3191653/images/www18companion-392-graphic10.jpg’ saved [122936/122936]

--2018-05-16 15:16:01--  http://deliveryimages.acm.org/10.1145/3200000/3191653/images/www18companion-392-fig3.jpg
Connecting to deliveryimages.acm.org (deliveryimages.acm.org)|104.17.79.191|:80... connected.
HTTP request sent, awaiting response... 301 Moved Permanently
Location: https://deliveryimages.acm.org/10.1145/3200000/3191653/images/www18companion-392-fig3.jpg [following]
--2018-05-16 15:16:01--  https://deliveryimages.acm.org/10.1145/3200000/3191653/images/www18companion-392-fig3.jpg
Connecting to deliveryimages.acm.org (deliveryimages.acm.org)|104.17.79.191|:443... connected.
HTTP request sent, awaiting response... 200 OK
Length: 37615 (37K) [image/jpeg]
Saving to: ‘../data/deliveryimages.acm.org/10.1145/3200000/3191653/images/www18companion-392-fig3.jpg’

     0K .......... .......... .......... ......               100% 1.10M=0.03s

2018-05-16 15:16:01 (1.10 MB/s) - ‘../data/deliveryimages.acm.org/10.1145/3200000/3191653/images/www18companion-392-fig3.jpg’ saved [37615/37615]

--2018-05-16 15:16:01--  http://deliveryimages.acm.org/10.1145/3200000/3191653/images/www18companion-392-fig4.jpg
Connecting to deliveryimages.acm.org (deliveryimages.acm.org)|104.17.79.191|:80... connected.
HTTP request sent, awaiting response... 301 Moved Permanently
Location: https://deliveryimages.acm.org/10.1145/3200000/3191653/images/www18companion-392-fig4.jpg [following]
--2018-05-16 15:16:01--  https://deliveryimages.acm.org/10.1145/3200000/3191653/images/www18companion-392-fig4.jpg
Connecting to deliveryimages.acm.org (deliveryimages.acm.org)|104.17.79.191|:443... connected.
HTTP request sent, awaiting response... 200 OK
Length: 29061 (28K) [image/jpeg]
Saving to: ‘../data/deliveryimages.acm.org/10.1145/3200000/3191653/images/www18companion-392-fig4.jpg’

     0K .......... .......... ........                        100%  832K=0.03s

2018-05-16 15:16:02 (832 KB/s) - ‘../data/deliveryimages.acm.org/10.1145/3200000/3191653/images/www18companion-392-fig4.jpg’ saved [29061/29061]

--2018-05-16 15:16:02--  http://deliveryimages.acm.org/10.1145/3200000/3191653/images/www18companion-392-graphic13.jpg
Connecting to deliveryimages.acm.org (deliveryimages.acm.org)|104.17.79.191|:80... connected.
HTTP request sent, awaiting response... 301 Moved Permanently
Location: https://deliveryimages.acm.org/10.1145/3200000/3191653/images/www18companion-392-graphic13.jpg [following]
--2018-05-16 15:16:02--  https://deliveryimages.acm.org/10.1145/3200000/3191653/images/www18companion-392-graphic13.jpg
Connecting to deliveryimages.acm.org (deliveryimages.acm.org)|104.17.79.191|:443... connected.
HTTP request sent, awaiting response... 200 OK
Length: 104240 (102K) [image/jpeg]
Saving to: ‘../data/deliveryimages.acm.org/10.1145/3200000/3191653/images/www18companion-392-graphic13.jpg’

     0K .......... .......... .......... .......... .......... 49%  693K 0s
    50K .......... .......... .......... .......... .......... 98% 2.66M 0s
   100K .                                                     100% 3427G=0.09s

2018-05-16 15:16:02 (1.10 MB/s) - ‘../data/deliveryimages.acm.org/10.1145/3200000/3191653/images/www18companion-392-graphic13.jpg’ saved [104240/104240]

--2018-05-16 15:16:02--  http://deliveryimages.acm.org/10.1145/3200000/3191653/images/www18companion-392-fig5.jpg
Connecting to deliveryimages.acm.org (deliveryimages.acm.org)|104.17.79.191|:80... connected.
HTTP request sent, awaiting response... 301 Moved Permanently
Location: https://deliveryimages.acm.org/10.1145/3200000/3191653/images/www18companion-392-fig5.jpg [following]
--2018-05-16 15:16:02--  https://deliveryimages.acm.org/10.1145/3200000/3191653/images/www18companion-392-fig5.jpg
Connecting to deliveryimages.acm.org (deliveryimages.acm.org)|104.17.79.191|:443... connected.
HTTP request sent, awaiting response... 200 OK
Length: 21465 (21K) [image/jpeg]
Saving to: ‘../data/deliveryimages.acm.org/10.1145/3200000/3191653/images/www18companion-392-fig5.jpg’

     0K .......... ..........                                 100% 1.07M=0.02s

2018-05-16 15:16:03 (1.07 MB/s) - ‘../data/deliveryimages.acm.org/10.1145/3200000/3191653/images/www18companion-392-fig5.jpg’ saved [21465/21465]

--2018-05-16 15:16:03--  http://deliveryimages.acm.org/10.1145/3200000/3191653/images/www18companion-392-fig6.jpg
Connecting to deliveryimages.acm.org (deliveryimages.acm.org)|104.17.79.191|:80... connected.
HTTP request sent, awaiting response... 301 Moved Permanently
Location: https://deliveryimages.acm.org/10.1145/3200000/3191653/images/www18companion-392-fig6.jpg [following]
--2018-05-16 15:16:03--  https://deliveryimages.acm.org/10.1145/3200000/3191653/images/www18companion-392-fig6.jpg
Connecting to deliveryimages.acm.org (deliveryimages.acm.org)|104.17.79.191|:443... connected.
HTTP request sent, awaiting response... 200 OK
Length: 195478 (191K) [image/jpeg]
Saving to: ‘../data/deliveryimages.acm.org/10.1145/3200000/3191653/images/www18companion-392-fig6.jpg’

     0K .......... .......... .......... .......... .......... 26% 1.95M 0s
    50K .......... .......... .......... .......... .......... 52% 3.37M 0s
   100K .......... .......... .......... .......... .......... 78% 2.44M 0s
   150K .......... .......... .......... ..........           100% 17.7M=0.06s

2018-05-16 15:16:03 (3.02 MB/s) - ‘../data/deliveryimages.acm.org/10.1145/3200000/3191653/images/www18companion-392-fig6.jpg’ saved [195478/195478]

--2018-05-16 15:16:03--  http://deliveryimages.acm.org/10.1145/3200000/3191653/images/www18companion-392-fig7.jpg
Connecting to deliveryimages.acm.org (deliveryimages.acm.org)|104.17.79.191|:80... connected.
HTTP request sent, awaiting response... 301 Moved Permanently
Location: https://deliveryimages.acm.org/10.1145/3200000/3191653/images/www18companion-392-fig7.jpg [following]
--2018-05-16 15:16:03--  https://deliveryimages.acm.org/10.1145/3200000/3191653/images/www18companion-392-fig7.jpg
Connecting to deliveryimages.acm.org (deliveryimages.acm.org)|104.17.79.191|:443... connected.
HTTP request sent, awaiting response... 200 OK
Length: 130283 (127K) [image/jpeg]
Saving to: ‘../data/deliveryimages.acm.org/10.1145/3200000/3191653/images/www18companion-392-fig7.jpg’

     0K .......... .......... .......... .......... .......... 39% 1.78M 0s
    50K .......... .......... .......... .......... .......... 78% 3.53M 0s
   100K .......... .......... .......                         100% 2.20M=0.05s

2018-05-16 15:16:03 (2.33 MB/s) - ‘../data/deliveryimages.acm.org/10.1145/3200000/3191653/images/www18companion-392-fig7.jpg’ saved [130283/130283]

FINISHED --2018-05-16 15:16:03--
Total wall clock time: 5.0s
Downloaded: 14 files, 994K in 0.6s (1.73 MB/s)
Converting links in ../data/delivery.acm.org/10.1145/3200000/3191653/p1857-le-phuoc.html?ip=24.48.71.56&id=3191653&acc=OPENTOC&key=4D4702B0C3E38B35.4D4702B0C3E38B35.4D4702B0C3E38B35.4DD68F0663C025AA&__acm__=1526498458_4e899ca14bb242f07f7a07308284c351... 121-0
Converted links in 1 files in 0.001 seconds.
