--2018-05-16 14:22:24--  http://delivery.acm.org/10.1145/3190000/3186127/p609-laishram.html?ip=24.48.71.56&id=3186127&acc=OPENTOC&key=4D4702B0C3E38B35%2E4D4702B0C3E38B35%2E4D4702B0C3E38B35%2E4DD68F0663C025AA&__acm__=1526495244_7c33e0bcf9583d1c33da1807baf9ea0c
Resolving delivery.acm.org (delivery.acm.org)... 24.200.120.90, 24.200.120.82
Connecting to delivery.acm.org (delivery.acm.org)|24.200.120.90|:80... connected.
HTTP request sent, awaiting response... 200 OK
Length: 97120 (95K) [text/html]
Saving to: ‘../data/delivery.acm.org/10.1145/3190000/3186127/p609-laishram.html?ip=24.48.71.56&id=3186127&acc=OPENTOC&key=4D4702B0C3E38B35.4D4702B0C3E38B35.4D4702B0C3E38B35.4DD68F0663C025AA&__acm__=1526495244_7c33e0bcf9583d1c33da1807baf9ea0c’

     0K .......... .......... .......... .......... .......... 52% 2.28M 0s
    50K .......... .......... .......... .......... ....      100% 6.09M=0.03s

2018-05-16 14:22:24 (3.24 MB/s) - ‘../data/delivery.acm.org/10.1145/3190000/3186127/p609-laishram.html?ip=24.48.71.56&id=3186127&acc=OPENTOC&key=4D4702B0C3E38B35.4D4702B0C3E38B35.4D4702B0C3E38B35.4DD68F0663C025AA&__acm__=1526495244_7c33e0bcf9583d1c33da1807baf9ea0c’ saved [97120/97120]

--2018-05-16 14:22:24--  http://deliveryimages.acm.org/10.1145/3190000/3186127/images/www2018-136-fig1.jpg
Resolving deliveryimages.acm.org (deliveryimages.acm.org)... 104.17.79.191, 104.17.80.191
Connecting to deliveryimages.acm.org (deliveryimages.acm.org)|104.17.79.191|:80... connected.
HTTP request sent, awaiting response... 301 Moved Permanently
Location: https://deliveryimages.acm.org/10.1145/3190000/3186127/images/www2018-136-fig1.jpg [following]
--2018-05-16 14:22:24--  https://deliveryimages.acm.org/10.1145/3190000/3186127/images/www2018-136-fig1.jpg
Connecting to deliveryimages.acm.org (deliveryimages.acm.org)|104.17.79.191|:443... connected.
HTTP request sent, awaiting response... 200 OK
Length: 354734 (346K) [image/jpeg]
Saving to: ‘../data/deliveryimages.acm.org/10.1145/3190000/3186127/images/www2018-136-fig1.jpg’

     0K .......... .......... .......... .......... .......... 14% 1.26M 0s
    50K .......... .......... .......... .......... .......... 28% 2.39M 0s
   100K .......... .......... .......... .......... .......... 43% 2.37M 0s
   150K .......... .......... .......... .......... .......... 57% 2.43M 0s
   200K .......... .......... .......... .......... .......... 72% 3.87M 0s
   250K .......... .......... .......... .......... .......... 86% 6.25M 0s
   300K .......... .......... .......... .......... ......    100% 5.45M=0.1s

2018-05-16 14:22:25 (2.63 MB/s) - ‘../data/deliveryimages.acm.org/10.1145/3190000/3186127/images/www2018-136-fig1.jpg’ saved [354734/354734]

--2018-05-16 14:22:25--  http://deliveryimages.acm.org/10.1145/3190000/3186127/images/www2018-136-fig2.jpg
Connecting to deliveryimages.acm.org (deliveryimages.acm.org)|104.17.79.191|:80... connected.
HTTP request sent, awaiting response... 301 Moved Permanently
Location: https://deliveryimages.acm.org/10.1145/3190000/3186127/images/www2018-136-fig2.jpg [following]
--2018-05-16 14:22:25--  https://deliveryimages.acm.org/10.1145/3190000/3186127/images/www2018-136-fig2.jpg
Connecting to deliveryimages.acm.org (deliveryimages.acm.org)|104.17.79.191|:443... connected.
HTTP request sent, awaiting response... 200 OK
Length: 194693 (190K) [image/jpeg]
Saving to: ‘../data/deliveryimages.acm.org/10.1145/3190000/3186127/images/www2018-136-fig2.jpg’

     0K .......... .......... .......... .......... .......... 26% 1.36M 0s
    50K .......... .......... .......... .......... .......... 52% 2.13M 0s
   100K .......... .......... .......... .......... .......... 78% 4.52M 0s
   150K .......... .......... .......... ..........           100% 3.10M=0.08s

2018-05-16 14:22:25 (2.26 MB/s) - ‘../data/deliveryimages.acm.org/10.1145/3190000/3186127/images/www2018-136-fig2.jpg’ saved [194693/194693]

--2018-05-16 14:22:25--  http://deliveryimages.acm.org/10.1145/3190000/3186127/images/www2018-136-fig3.jpg
Connecting to deliveryimages.acm.org (deliveryimages.acm.org)|104.17.79.191|:80... connected.
HTTP request sent, awaiting response... 301 Moved Permanently
Location: https://deliveryimages.acm.org/10.1145/3190000/3186127/images/www2018-136-fig3.jpg [following]
--2018-05-16 14:22:25--  https://deliveryimages.acm.org/10.1145/3190000/3186127/images/www2018-136-fig3.jpg
Connecting to deliveryimages.acm.org (deliveryimages.acm.org)|104.17.79.191|:443... connected.
HTTP request sent, awaiting response... 200 OK
Length: 187401 (183K) [image/jpeg]
Saving to: ‘../data/deliveryimages.acm.org/10.1145/3190000/3186127/images/www2018-136-fig3.jpg’

     0K .......... .......... .......... .......... .......... 27%  949K 0s
    50K .......... .......... .......... .......... .......... 54% 3.89M 0s
   100K .......... .......... .......... .......... .......... 81% 3.32M 0s
   150K .......... .......... .......... ...                  100% 5.84M=0.09s

2018-05-16 14:22:25 (2.09 MB/s) - ‘../data/deliveryimages.acm.org/10.1145/3190000/3186127/images/www2018-136-fig3.jpg’ saved [187401/187401]

--2018-05-16 14:22:25--  http://deliveryimages.acm.org/10.1145/3190000/3186127/images/www2018-136-fig4.jpg
Connecting to deliveryimages.acm.org (deliveryimages.acm.org)|104.17.79.191|:80... connected.
HTTP request sent, awaiting response... 301 Moved Permanently
Location: https://deliveryimages.acm.org/10.1145/3190000/3186127/images/www2018-136-fig4.jpg [following]
--2018-05-16 14:22:26--  https://deliveryimages.acm.org/10.1145/3190000/3186127/images/www2018-136-fig4.jpg
Connecting to deliveryimages.acm.org (deliveryimages.acm.org)|104.17.79.191|:443... connected.
HTTP request sent, awaiting response... 200 OK
Length: 1132110 (1.1M) [image/jpeg]
Saving to: ‘../data/deliveryimages.acm.org/10.1145/3190000/3186127/images/www2018-136-fig4.jpg’

     0K .......... .......... .......... .......... ..........  4% 1.60M 1s
    50K .......... .......... .......... .......... ..........  9% 4.10M 0s
   100K .......... .......... .......... .......... .......... 13% 3.79M 0s
   150K .......... .......... .......... .......... .......... 18% 4.10M 0s
   200K .......... .......... .......... .......... .......... 22% 2.66M 0s
   250K .......... .......... .......... .......... .......... 27% 4.22M 0s
   300K .......... .......... .......... .......... .......... 31% 4.22M 0s
   350K .......... .......... .......... .......... .......... 36% 3.28M 0s
   400K .......... .......... .......... .......... .......... 40% 3.54M 0s
   450K .......... .......... .......... .......... .......... 45% 5.09M 0s
   500K .......... .......... .......... .......... .......... 49% 4.15M 0s
   550K .......... .......... .......... .......... .......... 54% 4.60M 0s
   600K .......... .......... .......... .......... .......... 58% 2.17M 0s
   650K .......... .......... .......... .......... .......... 63% 6.46M 0s
   700K .......... .......... .......... .......... .......... 67% 5.01M 0s
   750K .......... .......... .......... .......... .......... 72% 1.83M 0s
   800K .......... .......... .......... .......... .......... 76% 2.17M 0s
   850K .......... .......... .......... .......... .......... 81% 82.7M 0s
   900K .......... .......... .......... .......... .......... 85% 5.29M 0s
   950K .......... .......... .......... .......... .......... 90% 6.28M 0s
  1000K .......... .......... .......... .......... .......... 94% 2.54M 0s
  1050K .......... .......... .......... .......... .......... 99% 24.7M 0s
  1100K .....                                                 100% 56.7M=0.3s

2018-05-16 14:22:26 (3.63 MB/s) - ‘../data/deliveryimages.acm.org/10.1145/3190000/3186127/images/www2018-136-fig4.jpg’ saved [1132110/1132110]

--2018-05-16 14:22:26--  http://deliveryimages.acm.org/10.1145/3190000/3186127/images/www2018-136-fig5.jpg
Connecting to deliveryimages.acm.org (deliveryimages.acm.org)|104.17.79.191|:80... connected.
HTTP request sent, awaiting response... 301 Moved Permanently
Location: https://deliveryimages.acm.org/10.1145/3190000/3186127/images/www2018-136-fig5.jpg [following]
--2018-05-16 14:22:26--  https://deliveryimages.acm.org/10.1145/3190000/3186127/images/www2018-136-fig5.jpg
Connecting to deliveryimages.acm.org (deliveryimages.acm.org)|104.17.79.191|:443... connected.
HTTP request sent, awaiting response... 200 OK
Length: 151994 (148K) [image/jpeg]
Saving to: ‘../data/deliveryimages.acm.org/10.1145/3190000/3186127/images/www2018-136-fig5.jpg’

     0K .......... .......... .......... .......... .......... 33% 1.57M 0s
    50K .......... .......... .......... .......... .......... 67% 2.97M 0s
   100K .......... .......... .......... .......... ........  100% 3.12M=0.06s

2018-05-16 14:22:26 (2.31 MB/s) - ‘../data/deliveryimages.acm.org/10.1145/3190000/3186127/images/www2018-136-fig5.jpg’ saved [151994/151994]

FINISHED --2018-05-16 14:22:26--
Total wall clock time: 2.4s
Downloaded: 6 files, 2.0M in 0.7s (2.95 MB/s)
Converting links in ../data/delivery.acm.org/10.1145/3190000/3186127/p609-laishram.html?ip=24.48.71.56&id=3186127&acc=OPENTOC&key=4D4702B0C3E38B35.4D4702B0C3E38B35.4D4702B0C3E38B35.4DD68F0663C025AA&__acm__=1526495244_7c33e0bcf9583d1c33da1807baf9ea0c... 68-0
Converted links in 1 files in 0.004 seconds.
