--2018-05-16 14:40:59--  http://delivery.acm.org/10.1145/3190000/3186057/p1449-rula.html?ip=24.48.71.56&id=3186057&acc=OPENTOC&key=4D4702B0C3E38B35%2E4D4702B0C3E38B35%2E4D4702B0C3E38B35%2E4DD68F0663C025AA&__acm__=1526496358_660a408426149520cd5605cfa5ad7004
Resolving delivery.acm.org (delivery.acm.org)... 24.200.120.82, 24.200.120.90
Connecting to delivery.acm.org (delivery.acm.org)|24.200.120.82|:80... connected.
HTTP request sent, awaiting response... 200 OK
Length: 72687 (71K) [text/html]
Saving to: ‘../data/delivery.acm.org/10.1145/3190000/3186057/p1449-rula.html?ip=24.48.71.56&id=3186057&acc=OPENTOC&key=4D4702B0C3E38B35.4D4702B0C3E38B35.4D4702B0C3E38B35.4DD68F0663C025AA&__acm__=1526496358_660a408426149520cd5605cfa5ad7004’

     0K .......... .......... .......... .......... .......... 70%  417K 0s
    50K .......... ..........                                 100%  837K=0.1s

2018-05-16 14:40:59 (489 KB/s) - ‘../data/delivery.acm.org/10.1145/3190000/3186057/p1449-rula.html?ip=24.48.71.56&id=3186057&acc=OPENTOC&key=4D4702B0C3E38B35.4D4702B0C3E38B35.4D4702B0C3E38B35.4DD68F0663C025AA&__acm__=1526496358_660a408426149520cd5605cfa5ad7004’ saved [72687/72687]

--2018-05-16 14:40:59--  http://deliveryimages.acm.org/10.1145/3190000/3186057/images/www2018-66-fig1.jpg
Resolving deliveryimages.acm.org (deliveryimages.acm.org)... 104.17.80.191, 104.17.79.191
Connecting to deliveryimages.acm.org (deliveryimages.acm.org)|104.17.80.191|:80... connected.
HTTP request sent, awaiting response... 301 Moved Permanently
Location: https://deliveryimages.acm.org/10.1145/3190000/3186057/images/www2018-66-fig1.jpg [following]
--2018-05-16 14:40:59--  https://deliveryimages.acm.org/10.1145/3190000/3186057/images/www2018-66-fig1.jpg
Connecting to deliveryimages.acm.org (deliveryimages.acm.org)|104.17.80.191|:443... connected.
HTTP request sent, awaiting response... 200 OK
Length: 102683 (100K) [image/jpeg]
Saving to: ‘../data/deliveryimages.acm.org/10.1145/3190000/3186057/images/www2018-66-fig1.jpg’

     0K .......... .......... .......... .......... .......... 49% 1.62M 0s
    50K .......... .......... .......... .......... .......... 99% 3.85M 0s
   100K                                                       100%  527G=0.04s

2018-05-16 14:40:59 (2.29 MB/s) - ‘../data/deliveryimages.acm.org/10.1145/3190000/3186057/images/www2018-66-fig1.jpg’ saved [102683/102683]

--2018-05-16 14:40:59--  http://deliveryimages.acm.org/10.1145/3190000/3186057/images/www2018-66-fig2.jpg
Connecting to deliveryimages.acm.org (deliveryimages.acm.org)|104.17.80.191|:80... connected.
HTTP request sent, awaiting response... 301 Moved Permanently
Location: https://deliveryimages.acm.org/10.1145/3190000/3186057/images/www2018-66-fig2.jpg [following]
--2018-05-16 14:41:00--  https://deliveryimages.acm.org/10.1145/3190000/3186057/images/www2018-66-fig2.jpg
Connecting to deliveryimages.acm.org (deliveryimages.acm.org)|104.17.80.191|:443... connected.
HTTP request sent, awaiting response... 200 OK
Length: 75403 (74K) [image/jpeg]
Saving to: ‘../data/deliveryimages.acm.org/10.1145/3190000/3186057/images/www2018-66-fig2.jpg’

     0K .......... .......... .......... .......... .......... 67% 1.41M 0s
    50K .......... .......... ...                             100% 6.56M=0.04s

2018-05-16 14:41:00 (1.88 MB/s) - ‘../data/deliveryimages.acm.org/10.1145/3190000/3186057/images/www2018-66-fig2.jpg’ saved [75403/75403]

--2018-05-16 14:41:00--  http://deliveryimages.acm.org/10.1145/3190000/3186057/images/www2018-66-fig3.jpg
Connecting to deliveryimages.acm.org (deliveryimages.acm.org)|104.17.80.191|:80... connected.
HTTP request sent, awaiting response... 301 Moved Permanently
Location: https://deliveryimages.acm.org/10.1145/3190000/3186057/images/www2018-66-fig3.jpg [following]
--2018-05-16 14:41:00--  https://deliveryimages.acm.org/10.1145/3190000/3186057/images/www2018-66-fig3.jpg
Connecting to deliveryimages.acm.org (deliveryimages.acm.org)|104.17.80.191|:443... connected.
HTTP request sent, awaiting response... 200 OK
Length: 52117 (51K) [image/jpeg]
Saving to: ‘../data/deliveryimages.acm.org/10.1145/3190000/3186057/images/www2018-66-fig3.jpg’

     0K .......... .......... .......... .......... .......... 98% 1.23M 0s
    50K                                                       100% 26.1M=0.04s

2018-05-16 14:41:00 (1.25 MB/s) - ‘../data/deliveryimages.acm.org/10.1145/3190000/3186057/images/www2018-66-fig3.jpg’ saved [52117/52117]

--2018-05-16 14:41:00--  http://deliveryimages.acm.org/10.1145/3190000/3186057/images/www2018-66-fig4.jpg
Connecting to deliveryimages.acm.org (deliveryimages.acm.org)|104.17.80.191|:80... connected.
HTTP request sent, awaiting response... 301 Moved Permanently
Location: https://deliveryimages.acm.org/10.1145/3190000/3186057/images/www2018-66-fig4.jpg [following]
--2018-05-16 14:41:00--  https://deliveryimages.acm.org/10.1145/3190000/3186057/images/www2018-66-fig4.jpg
Connecting to deliveryimages.acm.org (deliveryimages.acm.org)|104.17.80.191|:443... connected.
HTTP request sent, awaiting response... 200 OK
Length: 71644 (70K) [image/jpeg]
Saving to: ‘../data/deliveryimages.acm.org/10.1145/3190000/3186057/images/www2018-66-fig4.jpg’

     0K .......... .......... .......... .......... .......... 71% 1.26M 0s
    50K .......... .........                                  100% 4.58M=0.04s

2018-05-16 14:41:00 (1.59 MB/s) - ‘../data/deliveryimages.acm.org/10.1145/3190000/3186057/images/www2018-66-fig4.jpg’ saved [71644/71644]

--2018-05-16 14:41:00--  http://deliveryimages.acm.org/10.1145/3190000/3186057/images/www2018-66-fig5.jpg
Connecting to deliveryimages.acm.org (deliveryimages.acm.org)|104.17.80.191|:80... connected.
HTTP request sent, awaiting response... 301 Moved Permanently
Location: https://deliveryimages.acm.org/10.1145/3190000/3186057/images/www2018-66-fig5.jpg [following]
--2018-05-16 14:41:00--  https://deliveryimages.acm.org/10.1145/3190000/3186057/images/www2018-66-fig5.jpg
Connecting to deliveryimages.acm.org (deliveryimages.acm.org)|104.17.80.191|:443... connected.
HTTP request sent, awaiting response... 200 OK
Length: 67479 (66K) [image/jpeg]
Saving to: ‘../data/deliveryimages.acm.org/10.1145/3190000/3186057/images/www2018-66-fig5.jpg’

     0K .......... .......... .......... .......... .......... 75% 1.79M 0s
    50K .......... .....                                      100% 2.06M=0.03s

2018-05-16 14:41:01 (1.85 MB/s) - ‘../data/deliveryimages.acm.org/10.1145/3190000/3186057/images/www2018-66-fig5.jpg’ saved [67479/67479]

--2018-05-16 14:41:01--  http://deliveryimages.acm.org/10.1145/3190000/3186057/images/www2018-66-fig6.jpg
Connecting to deliveryimages.acm.org (deliveryimages.acm.org)|104.17.80.191|:80... connected.
HTTP request sent, awaiting response... 301 Moved Permanently
Location: https://deliveryimages.acm.org/10.1145/3190000/3186057/images/www2018-66-fig6.jpg [following]
--2018-05-16 14:41:01--  https://deliveryimages.acm.org/10.1145/3190000/3186057/images/www2018-66-fig6.jpg
Connecting to deliveryimages.acm.org (deliveryimages.acm.org)|104.17.80.191|:443... connected.
HTTP request sent, awaiting response... 200 OK
Length: 103960 (102K) [image/jpeg]
Saving to: ‘../data/deliveryimages.acm.org/10.1145/3190000/3186057/images/www2018-66-fig6.jpg’

     0K .......... .......... .......... .......... .......... 49% 1.34M 0s
    50K .......... .......... .......... .......... .......... 98% 5.21M 0s
   100K .                                                     100% 2906G=0.05s

2018-05-16 14:41:01 (2.16 MB/s) - ‘../data/deliveryimages.acm.org/10.1145/3190000/3186057/images/www2018-66-fig6.jpg’ saved [103960/103960]

--2018-05-16 14:41:01--  http://deliveryimages.acm.org/10.1145/3190000/3186057/images/www2018-66-fig7.jpg
Connecting to deliveryimages.acm.org (deliveryimages.acm.org)|104.17.80.191|:80... connected.
HTTP request sent, awaiting response... 301 Moved Permanently
Location: https://deliveryimages.acm.org/10.1145/3190000/3186057/images/www2018-66-fig7.jpg [following]
--2018-05-16 14:41:01--  https://deliveryimages.acm.org/10.1145/3190000/3186057/images/www2018-66-fig7.jpg
Connecting to deliveryimages.acm.org (deliveryimages.acm.org)|104.17.80.191|:443... connected.
HTTP request sent, awaiting response... 200 OK
Length: 87024 (85K) [image/jpeg]
Saving to: ‘../data/deliveryimages.acm.org/10.1145/3190000/3186057/images/www2018-66-fig7.jpg’

     0K .......... .......... .......... .......... .......... 58% 1.36M 0s
    50K .......... .......... .......... ....                 100% 3.36M=0.05s

2018-05-16 14:41:01 (1.80 MB/s) - ‘../data/deliveryimages.acm.org/10.1145/3190000/3186057/images/www2018-66-fig7.jpg’ saved [87024/87024]

--2018-05-16 14:41:01--  http://deliveryimages.acm.org/10.1145/3190000/3186057/images/www2018-66-fig8.jpg
Connecting to deliveryimages.acm.org (deliveryimages.acm.org)|104.17.80.191|:80... connected.
HTTP request sent, awaiting response... 301 Moved Permanently
Location: https://deliveryimages.acm.org/10.1145/3190000/3186057/images/www2018-66-fig8.jpg [following]
--2018-05-16 14:41:01--  https://deliveryimages.acm.org/10.1145/3190000/3186057/images/www2018-66-fig8.jpg
Connecting to deliveryimages.acm.org (deliveryimages.acm.org)|104.17.80.191|:443... connected.
HTTP request sent, awaiting response... 200 OK
Length: 29923 (29K) [image/jpeg]
Saving to: ‘../data/deliveryimages.acm.org/10.1145/3190000/3186057/images/www2018-66-fig8.jpg’

     0K .......... .......... .........                       100% 1.51M=0.02s

2018-05-16 14:41:01 (1.51 MB/s) - ‘../data/deliveryimages.acm.org/10.1145/3190000/3186057/images/www2018-66-fig8.jpg’ saved [29923/29923]

--2018-05-16 14:41:01--  http://deliveryimages.acm.org/10.1145/3190000/3186057/images/www2018-66-fig10.jpg
Connecting to deliveryimages.acm.org (deliveryimages.acm.org)|104.17.80.191|:80... connected.
HTTP request sent, awaiting response... 301 Moved Permanently
Location: https://deliveryimages.acm.org/10.1145/3190000/3186057/images/www2018-66-fig10.jpg [following]
--2018-05-16 14:41:02--  https://deliveryimages.acm.org/10.1145/3190000/3186057/images/www2018-66-fig10.jpg
Connecting to deliveryimages.acm.org (deliveryimages.acm.org)|104.17.80.191|:443... connected.
HTTP request sent, awaiting response... 200 OK
Length: 136111 (133K) [image/jpeg]
Saving to: ‘../data/deliveryimages.acm.org/10.1145/3190000/3186057/images/www2018-66-fig10.jpg’

     0K .......... .......... .......... .......... .......... 37% 1.34M 0s
    50K .......... .......... .......... .......... .......... 75% 1.74M 0s
   100K .......... .......... .......... ..                   100%  724K=0.1s

2018-05-16 14:41:02 (1.18 MB/s) - ‘../data/deliveryimages.acm.org/10.1145/3190000/3186057/images/www2018-66-fig10.jpg’ saved [136111/136111]

--2018-05-16 14:41:02--  http://deliveryimages.acm.org/10.1145/3190000/3186057/images/www2018-66-fig11.jpg
Connecting to deliveryimages.acm.org (deliveryimages.acm.org)|104.17.80.191|:80... connected.
HTTP request sent, awaiting response... 301 Moved Permanently
Location: https://deliveryimages.acm.org/10.1145/3190000/3186057/images/www2018-66-fig11.jpg [following]
--2018-05-16 14:41:02--  https://deliveryimages.acm.org/10.1145/3190000/3186057/images/www2018-66-fig11.jpg
Connecting to deliveryimages.acm.org (deliveryimages.acm.org)|104.17.80.191|:443... connected.
HTTP request sent, awaiting response... 200 OK
Length: 86823 (85K) [image/jpeg]
Saving to: ‘../data/deliveryimages.acm.org/10.1145/3190000/3186057/images/www2018-66-fig11.jpg’

     0K .......... .......... .......... .......... .......... 58% 1.82M 0s
    50K .......... .......... .......... ....                 100% 3.33M=0.04s

2018-05-16 14:41:02 (2.24 MB/s) - ‘../data/deliveryimages.acm.org/10.1145/3190000/3186057/images/www2018-66-fig11.jpg’ saved [86823/86823]

--2018-05-16 14:41:02--  http://deliveryimages.acm.org/10.1145/3190000/3186057/images/www2018-66-fig12.jpg
Connecting to deliveryimages.acm.org (deliveryimages.acm.org)|104.17.80.191|:80... connected.
HTTP request sent, awaiting response... 301 Moved Permanently
Location: https://deliveryimages.acm.org/10.1145/3190000/3186057/images/www2018-66-fig12.jpg [following]
--2018-05-16 14:41:02--  https://deliveryimages.acm.org/10.1145/3190000/3186057/images/www2018-66-fig12.jpg
Connecting to deliveryimages.acm.org (deliveryimages.acm.org)|104.17.80.191|:443... connected.
HTTP request sent, awaiting response... 200 OK
Length: 119233 (116K) [image/jpeg]
Saving to: ‘../data/deliveryimages.acm.org/10.1145/3190000/3186057/images/www2018-66-fig12.jpg’

     0K .......... .......... .......... .......... .......... 42% 1.46M 0s
    50K .......... .......... .......... .......... .......... 85% 3.83M 0s
   100K .......... ......                                     100% 5.01M=0.05s

2018-05-16 14:41:03 (2.30 MB/s) - ‘../data/deliveryimages.acm.org/10.1145/3190000/3186057/images/www2018-66-fig12.jpg’ saved [119233/119233]

--2018-05-16 14:41:03--  http://deliveryimages.acm.org/10.1145/3190000/3186057/images/www2018-66-fig13.jpg
Connecting to deliveryimages.acm.org (deliveryimages.acm.org)|104.17.80.191|:80... connected.
HTTP request sent, awaiting response... 301 Moved Permanently
Location: https://deliveryimages.acm.org/10.1145/3190000/3186057/images/www2018-66-fig13.jpg [following]
--2018-05-16 14:41:03--  https://deliveryimages.acm.org/10.1145/3190000/3186057/images/www2018-66-fig13.jpg
Connecting to deliveryimages.acm.org (deliveryimages.acm.org)|104.17.80.191|:443... connected.
HTTP request sent, awaiting response... 200 OK
Length: 66328 (65K) [image/jpeg]
Saving to: ‘../data/deliveryimages.acm.org/10.1145/3190000/3186057/images/www2018-66-fig13.jpg’

     0K .......... .......... .......... .......... .......... 77%  817K 0s
    50K .......... ....                                       100% 4.55M=0.06s

2018-05-16 14:41:03 (1006 KB/s) - ‘../data/deliveryimages.acm.org/10.1145/3190000/3186057/images/www2018-66-fig13.jpg’ saved [66328/66328]

--2018-05-16 14:41:03--  http://deliveryimages.acm.org/10.1145/3190000/3186057/images/www2018-66-fig14.jpg
Connecting to deliveryimages.acm.org (deliveryimages.acm.org)|104.17.80.191|:80... connected.
HTTP request sent, awaiting response... 301 Moved Permanently
Location: https://deliveryimages.acm.org/10.1145/3190000/3186057/images/www2018-66-fig14.jpg [following]
--2018-05-16 14:41:03--  https://deliveryimages.acm.org/10.1145/3190000/3186057/images/www2018-66-fig14.jpg
Connecting to deliveryimages.acm.org (deliveryimages.acm.org)|104.17.80.191|:443... connected.
HTTP request sent, awaiting response... 200 OK
Length: 172340 (168K) [image/jpeg]
Saving to: ‘../data/deliveryimages.acm.org/10.1145/3190000/3186057/images/www2018-66-fig14.jpg’

     0K .......... .......... .......... .......... .......... 29% 1.43M 0s
    50K .......... .......... .......... .......... .......... 59% 3.39M 0s
   100K .......... .......... .......... .......... .......... 89% 5.37M 0s
   150K .......... ........                                   100% 3.94M=0.06s

2018-05-16 14:41:04 (2.64 MB/s) - ‘../data/deliveryimages.acm.org/10.1145/3190000/3186057/images/www2018-66-fig14.jpg’ saved [172340/172340]

--2018-05-16 14:41:04--  http://deliveryimages.acm.org/10.1145/3190000/3186057/images/www2018-66-fig16.jpg
Connecting to deliveryimages.acm.org (deliveryimages.acm.org)|104.17.80.191|:80... connected.
HTTP request sent, awaiting response... 301 Moved Permanently
Location: https://deliveryimages.acm.org/10.1145/3190000/3186057/images/www2018-66-fig16.jpg [following]
--2018-05-16 14:41:04--  https://deliveryimages.acm.org/10.1145/3190000/3186057/images/www2018-66-fig16.jpg
Connecting to deliveryimages.acm.org (deliveryimages.acm.org)|104.17.80.191|:443... connected.
HTTP request sent, awaiting response... 200 OK
Length: 81580 (80K) [image/jpeg]
Saving to: ‘../data/deliveryimages.acm.org/10.1145/3190000/3186057/images/www2018-66-fig16.jpg’

     0K .......... .......... .......... .......... .......... 62% 1.28M 0s
    50K .......... .......... .........                       100% 2.72M=0.05s

2018-05-16 14:41:04 (1.59 MB/s) - ‘../data/deliveryimages.acm.org/10.1145/3190000/3186057/images/www2018-66-fig16.jpg’ saved [81580/81580]

FINISHED --2018-05-16 14:41:04--
Total wall clock time: 5.2s
Downloaded: 15 files, 1.3M in 0.8s (1.53 MB/s)
Converting links in ../data/delivery.acm.org/10.1145/3190000/3186057/p1449-rula.html?ip=24.48.71.56&id=3186057&acc=OPENTOC&key=4D4702B0C3E38B35.4D4702B0C3E38B35.4D4702B0C3E38B35.4DD68F0663C025AA&__acm__=1526496358_660a408426149520cd5605cfa5ad7004... 75-0
Converted links in 1 files in 0.003 seconds.
