--2018-05-16 14:20:00--  http://delivery.acm.org/10.1145/3190000/3186095/p287-zhang.html?ip=24.48.71.56&id=3186095&acc=OPENTOC&key=4D4702B0C3E38B35%2E4D4702B0C3E38B35%2E4D4702B0C3E38B35%2E4DD68F0663C025AA&__acm__=1526495099_dec9b76625a4ae000041df3283baa0c8
Resolving delivery.acm.org (delivery.acm.org)... 24.200.120.82, 24.200.120.90
Connecting to delivery.acm.org (delivery.acm.org)|24.200.120.82|:80... connected.
HTTP request sent, awaiting response... 200 OK
Length: 96150 (94K) [text/html]
Saving to: ‘../data/delivery.acm.org/10.1145/3190000/3186095/p287-zhang.html?ip=24.48.71.56&id=3186095&acc=OPENTOC&key=4D4702B0C3E38B35.4D4702B0C3E38B35.4D4702B0C3E38B35.4DD68F0663C025AA&__acm__=1526495099_dec9b76625a4ae000041df3283baa0c8’

     0K .......... .......... .......... .......... .......... 53% 1.84M 0s
    50K .......... .......... .......... .......... ...       100% 3.20M=0.04s

2018-05-16 14:20:01 (2.30 MB/s) - ‘../data/delivery.acm.org/10.1145/3190000/3186095/p287-zhang.html?ip=24.48.71.56&id=3186095&acc=OPENTOC&key=4D4702B0C3E38B35.4D4702B0C3E38B35.4D4702B0C3E38B35.4DD68F0663C025AA&__acm__=1526495099_dec9b76625a4ae000041df3283baa0c8’ saved [96150/96150]

--2018-05-16 14:20:01--  http://deliveryimages.acm.org/10.1145/3190000/3186095/images/www2018-104-fig1.jpg
Resolving deliveryimages.acm.org (deliveryimages.acm.org)... 104.17.79.191, 104.17.80.191
Connecting to deliveryimages.acm.org (deliveryimages.acm.org)|104.17.79.191|:80... connected.
HTTP request sent, awaiting response... 301 Moved Permanently
Location: https://deliveryimages.acm.org/10.1145/3190000/3186095/images/www2018-104-fig1.jpg [following]
--2018-05-16 14:20:01--  https://deliveryimages.acm.org/10.1145/3190000/3186095/images/www2018-104-fig1.jpg
Connecting to deliveryimages.acm.org (deliveryimages.acm.org)|104.17.79.191|:443... connected.
HTTP request sent, awaiting response... 200 OK
Length: 857829 (838K) [image/jpeg]
Saving to: ‘../data/deliveryimages.acm.org/10.1145/3190000/3186095/images/www2018-104-fig1.jpg’

     0K .......... .......... .......... .......... ..........  5% 1.84M 0s
    50K .......... .......... .......... .......... .......... 11% 2.82M 0s
   100K .......... .......... .......... .......... .......... 17% 6.23M 0s
   150K .......... .......... .......... .......... .......... 23% 4.09M 0s
   200K .......... .......... .......... .......... .......... 29% 2.48M 0s
   250K .......... .......... .......... .......... .......... 35% 3.52M 0s
   300K .......... .......... .......... .......... .......... 41% 5.84M 0s
   350K .......... .......... .......... .......... .......... 47% 3.42M 0s
   400K .......... .......... .......... .......... .......... 53% 4.46M 0s
   450K .......... .......... .......... .......... .......... 59% 2.36M 0s
   500K .......... .......... .......... .......... .......... 65% 5.40M 0s
   550K .......... .......... .......... .......... .......... 71% 11.5M 0s
   600K .......... .......... .......... .......... .......... 77% 1.79M 0s
   650K .......... .......... .......... .......... .......... 83%  106M 0s
   700K .......... .......... .......... .......... .......... 89% 3.74M 0s
   750K .......... .......... .......... .......... .......... 95% 4.84M 0s
   800K .......... .......... .......... .......              100% 19.5M=0.2s

2018-05-16 14:20:01 (3.76 MB/s) - ‘../data/deliveryimages.acm.org/10.1145/3190000/3186095/images/www2018-104-fig1.jpg’ saved [857829/857829]

--2018-05-16 14:20:01--  http://deliveryimages.acm.org/10.1145/3190000/3186095/images/www2018-104-fig2.jpg
Connecting to deliveryimages.acm.org (deliveryimages.acm.org)|104.17.79.191|:80... connected.
HTTP request sent, awaiting response... 301 Moved Permanently
Location: https://deliveryimages.acm.org/10.1145/3190000/3186095/images/www2018-104-fig2.jpg [following]
--2018-05-16 14:20:01--  https://deliveryimages.acm.org/10.1145/3190000/3186095/images/www2018-104-fig2.jpg
Connecting to deliveryimages.acm.org (deliveryimages.acm.org)|104.17.79.191|:443... connected.
HTTP request sent, awaiting response... 200 OK
Length: 1237935 (1.2M) [image/jpeg]
Saving to: ‘../data/deliveryimages.acm.org/10.1145/3190000/3186095/images/www2018-104-fig2.jpg’

     0K .......... .......... .......... .......... ..........  4% 1.99M 1s
    50K .......... .......... .......... .......... ..........  8% 2.78M 0s
   100K .......... .......... .......... .......... .......... 12% 4.80M 0s
   150K .......... .......... .......... .......... .......... 16% 4.16M 0s
   200K .......... .......... .......... .......... .......... 20% 3.88M 0s
   250K .......... .......... .......... .......... .......... 24% 2.58M 0s
   300K .......... .......... .......... .......... .......... 28% 12.0M 0s
   350K .......... .......... .......... .......... .......... 33% 2.71M 0s
   400K .......... .......... .......... .......... .......... 37% 5.43M 0s
   450K .......... .......... .......... .......... .......... 41% 2.87M 0s
   500K .......... .......... .......... .......... .......... 45% 7.07M 0s
   550K .......... .......... .......... .......... .......... 49% 3.93M 0s
   600K .......... .......... .......... .......... .......... 53% 5.03M 0s
   650K .......... .......... .......... .......... .......... 57% 4.16M 0s
   700K .......... .......... .......... .......... .......... 62% 3.16M 0s
   750K .......... .......... .......... .......... .......... 66% 4.15M 0s
   800K .......... .......... .......... .......... .......... 70% 2.93M 0s
   850K .......... .......... .......... .......... .......... 74% 6.00M 0s
   900K .......... .......... .......... .......... .......... 78% 4.79M 0s
   950K .......... .......... .......... .......... .......... 82% 4.21M 0s
  1000K .......... .......... .......... .......... .......... 86% 4.45M 0s
  1050K .......... .......... .......... .......... .......... 90% 4.23M 0s
  1100K .......... .......... .......... .......... .......... 95% 3.27M 0s
  1150K .......... .......... .......... .......... .......... 99% 4.47M 0s
  1200K ........                                              100% 90.5M=0.3s

2018-05-16 14:20:02 (3.85 MB/s) - ‘../data/deliveryimages.acm.org/10.1145/3190000/3186095/images/www2018-104-fig2.jpg’ saved [1237935/1237935]

--2018-05-16 14:20:02--  http://deliveryimages.acm.org/10.1145/3190000/3186095/images/www2018-104-fig3.jpg
Connecting to deliveryimages.acm.org (deliveryimages.acm.org)|104.17.79.191|:80... connected.
HTTP request sent, awaiting response... 301 Moved Permanently
Location: https://deliveryimages.acm.org/10.1145/3190000/3186095/images/www2018-104-fig3.jpg [following]
--2018-05-16 14:20:02--  https://deliveryimages.acm.org/10.1145/3190000/3186095/images/www2018-104-fig3.jpg
Connecting to deliveryimages.acm.org (deliveryimages.acm.org)|104.17.79.191|:443... connected.
HTTP request sent, awaiting response... 200 OK
Length: 1512020 (1.4M) [image/jpeg]
Saving to: ‘../data/deliveryimages.acm.org/10.1145/3190000/3186095/images/www2018-104-fig3.jpg’

     0K .......... .......... .......... .......... ..........  3% 1.87M 1s
    50K .......... .......... .......... .......... ..........  6% 4.15M 1s
   100K .......... .......... .......... .......... .......... 10% 2.98M 0s
   150K .......... .......... .......... .......... .......... 13% 5.48M 0s
   200K .......... .......... .......... .......... .......... 16% 3.71M 0s
   250K .......... .......... .......... .......... .......... 20% 4.06M 0s
   300K .......... .......... .......... .......... .......... 23% 1.34M 0s
   350K .......... .......... .......... .......... .......... 27% 77.5M 0s
   400K .......... .......... .......... .......... .......... 30% 6.44M 0s
   450K .......... .......... .......... .......... .......... 33% 5.41M 0s
   500K .......... .......... .......... .......... .......... 37% 4.70M 0s
   550K .......... .......... .......... .......... .......... 40% 5.59M 0s
   600K .......... .......... .......... .......... .......... 44% 1.90M 0s
   650K .......... .......... .......... .......... .......... 47% 9.58M 0s
   700K .......... .......... .......... .......... .......... 50% 11.2M 0s
   750K .......... .......... .......... .......... .......... 54% 3.22M 0s
   800K .......... .......... .......... .......... .......... 57% 4.68M 0s
   850K .......... .......... .......... .......... .......... 60% 4.62M 0s
   900K .......... .......... .......... .......... .......... 64% 2.75M 0s
   950K .......... .......... .......... .......... .......... 67% 7.11M 0s
  1000K .......... .......... .......... .......... .......... 71% 4.30M 0s
  1050K .......... .......... .......... .......... .......... 74% 3.47M 0s
  1100K .......... .......... .......... .......... .......... 77% 5.45M 0s
  1150K .......... .......... .......... .......... .......... 81% 3.17M 0s
  1200K .......... .......... .......... .......... .......... 84% 4.49M 0s
  1250K .......... .......... .......... .......... .......... 88% 4.27M 0s
  1300K .......... .......... .......... .......... .......... 91% 3.10M 0s
  1350K .......... .......... .......... .......... .......... 94% 3.11M 0s
  1400K .......... .......... .......... .......... .......... 98% 4.69M 0s
  1450K .......... .......... ......                          100% 17.0M=0.4s

2018-05-16 14:20:02 (3.87 MB/s) - ‘../data/deliveryimages.acm.org/10.1145/3190000/3186095/images/www2018-104-fig3.jpg’ saved [1512020/1512020]

--2018-05-16 14:20:02--  http://deliveryimages.acm.org/10.1145/3190000/3186095/images/www2018-104-fig4.jpg
Connecting to deliveryimages.acm.org (deliveryimages.acm.org)|104.17.79.191|:80... connected.
HTTP request sent, awaiting response... 301 Moved Permanently
Location: https://deliveryimages.acm.org/10.1145/3190000/3186095/images/www2018-104-fig4.jpg [following]
--2018-05-16 14:20:02--  https://deliveryimages.acm.org/10.1145/3190000/3186095/images/www2018-104-fig4.jpg
Connecting to deliveryimages.acm.org (deliveryimages.acm.org)|104.17.79.191|:443... connected.
HTTP request sent, awaiting response... 200 OK
Length: 1479824 (1.4M) [image/jpeg]
Saving to: ‘../data/deliveryimages.acm.org/10.1145/3190000/3186095/images/www2018-104-fig4.jpg’

     0K .......... .......... .......... .......... ..........  3% 1.48M 1s
    50K .......... .......... .......... .......... ..........  6% 3.28M 1s
   100K .......... .......... .......... .......... .......... 10% 3.00M 1s
   150K .......... .......... .......... .......... .......... 13% 2.18M 1s
   200K .......... .......... .......... .......... .......... 17% 6.18M 0s
   250K .......... .......... .......... .......... .......... 20% 12.0M 0s
   300K .......... .......... .......... .......... .......... 24% 2.14M 0s
   350K .......... .......... .......... .......... .......... 27% 2.21M 0s
   400K .......... .......... .......... .......... .......... 31% 4.44M 0s
   450K .......... .......... .......... .......... .......... 34% 2.31M 0s
   500K .......... .......... .......... .......... .......... 38%  115M 0s
   550K .......... .......... .......... .......... .......... 41% 2.36M 0s
   600K .......... .......... .......... .......... .......... 44%  125M 0s
   650K .......... .......... .......... .......... .......... 48% 6.20M 0s
   700K .......... .......... .......... .......... .......... 51% 16.1M 0s
   750K .......... .......... .......... .......... .......... 55% 4.27M 0s
   800K .......... .......... .......... .......... .......... 58% 5.49M 0s
   850K .......... .......... .......... .......... .......... 62% 4.14M 0s
   900K .......... .......... .......... .......... .......... 65% 4.12M 0s
   950K .......... .......... .......... .......... .......... 69% 4.11M 0s
  1000K .......... .......... .......... .......... .......... 72% 3.64M 0s
  1050K .......... .......... .......... .......... .......... 76% 4.66M 0s
  1100K .......... .......... .......... .......... .......... 79% 3.92M 0s
  1150K .......... .......... .......... .......... .......... 83% 3.25M 0s
  1200K .......... .......... .......... .......... .......... 86% 4.77M 0s
  1250K .......... .......... .......... .......... .......... 89% 3.60M 0s
  1300K .......... .......... .......... .......... .......... 93% 4.31M 0s
  1350K .......... .......... .......... .......... .......... 96% 3.89M 0s
  1400K .......... .......... .......... .......... .....     100% 3.16M=0.4s

2018-05-16 14:20:03 (3.74 MB/s) - ‘../data/deliveryimages.acm.org/10.1145/3190000/3186095/images/www2018-104-fig4.jpg’ saved [1479824/1479824]

--2018-05-16 14:20:03--  http://deliveryimages.acm.org/10.1145/3190000/3186095/images/www2018-104-fig5.jpg
Connecting to deliveryimages.acm.org (deliveryimages.acm.org)|104.17.79.191|:80... connected.
HTTP request sent, awaiting response... 301 Moved Permanently
Location: https://deliveryimages.acm.org/10.1145/3190000/3186095/images/www2018-104-fig5.jpg [following]
--2018-05-16 14:20:03--  https://deliveryimages.acm.org/10.1145/3190000/3186095/images/www2018-104-fig5.jpg
Connecting to deliveryimages.acm.org (deliveryimages.acm.org)|104.17.79.191|:443... connected.
HTTP request sent, awaiting response... 200 OK
Length: 1666027 (1.6M) [image/jpeg]
Saving to: ‘../data/deliveryimages.acm.org/10.1145/3190000/3186095/images/www2018-104-fig5.jpg’

     0K .......... .......... .......... .......... ..........  3% 1.45M 1s
    50K .......... .......... .......... .......... ..........  6% 3.27M 1s
   100K .......... .......... .......... .......... ..........  9% 3.24M 1s
   150K .......... .......... .......... .......... .......... 12% 7.43M 1s
   200K .......... .......... .......... .......... .......... 15% 3.50M 0s
   250K .......... .......... .......... .......... .......... 18% 5.53M 0s
   300K .......... .......... .......... .......... .......... 21% 3.06M 0s
   350K .......... .......... .......... .......... .......... 24% 4.49M 0s
   400K .......... .......... .......... .......... .......... 27% 4.51M 0s
   450K .......... .......... .......... .......... .......... 30% 3.62M 0s
   500K .......... .......... .......... .......... .......... 33% 2.63M 0s
   550K .......... .......... .......... .......... .......... 36% 6.73M 0s
   600K .......... .......... .......... .......... .......... 39% 2.19M 0s
   650K .......... .......... .......... .......... .......... 43% 1.70M 0s
   700K .......... .......... .......... .......... .......... 46% 4.82M 0s
   750K .......... .......... .......... .......... .......... 49% 9.90M 0s
   800K .......... .......... .......... .......... .......... 52% 1.75M 0s
   850K .......... .......... .......... .......... .......... 55% 4.24M 0s
   900K .......... .......... .......... .......... .......... 58%  157M 0s
   950K .......... .......... .......... .......... .......... 61% 3.44M 0s
  1000K .......... .......... .......... .......... .......... 64% 3.40M 0s
  1050K .......... .......... .......... .......... .......... 67% 4.01M 0s
  1100K .......... .......... .......... .......... .......... 70% 2.21M 0s
  1150K .......... .......... .......... .......... .......... 73% 93.5M 0s
  1200K .......... .......... .......... .......... .......... 76% 2.16M 0s
  1250K .......... .......... .......... .......... .......... 79%  101M 0s
  1300K .......... .......... .......... .......... .......... 82% 5.16M 0s
  1350K .......... .......... .......... .......... .......... 86% 4.72M 0s
  1400K .......... .......... .......... .......... .......... 89% 5.31M 0s
  1450K .......... .......... .......... .......... .......... 92% 2.88M 0s
  1500K .......... .......... .......... .......... .......... 95% 6.81M 0s
  1550K .......... .......... .......... .......... .......... 98% 5.30M 0s
  1600K .......... .......... ......                          100%  106M=0.4s

2018-05-16 14:20:04 (3.74 MB/s) - ‘../data/deliveryimages.acm.org/10.1145/3190000/3186095/images/www2018-104-fig5.jpg’ saved [1666027/1666027]

FINISHED --2018-05-16 14:20:04--
Total wall clock time: 3.3s
Downloaded: 6 files, 6.5M in 1.7s (3.76 MB/s)
Converting links in ../data/delivery.acm.org/10.1145/3190000/3186095/p287-zhang.html?ip=24.48.71.56&id=3186095&acc=OPENTOC&key=4D4702B0C3E38B35.4D4702B0C3E38B35.4D4702B0C3E38B35.4DD68F0663C025AA&__acm__=1526495099_dec9b76625a4ae000041df3283baa0c8... 103-0
Converted links in 1 files in 0.003 seconds.
