--2018-05-16 15:20:30--  http://delivery.acm.org/10.1145/3190000/3186344/p327-zhao.html?ip=24.48.71.56&id=3186344&acc=OPENTOC&key=4D4702B0C3E38B35%2E4D4702B0C3E38B35%2E4D4702B0C3E38B35%2E4DD68F0663C025AA&__acm__=1526498729_6a89ed6c11d9d75c3f624aba9de51cf1
Resolving delivery.acm.org (delivery.acm.org)... 24.200.120.90, 24.200.120.82
Connecting to delivery.acm.org (delivery.acm.org)|24.200.120.90|:80... connected.
HTTP request sent, awaiting response... 200 OK
Length: 70714 (69K) [text/html]
Saving to: ‘../data/delivery.acm.org/10.1145/3190000/3186344/p327-zhao.html?ip=24.48.71.56&id=3186344&acc=OPENTOC&key=4D4702B0C3E38B35.4D4702B0C3E38B35.4D4702B0C3E38B35.4DD68F0663C025AA&__acm__=1526498729_6a89ed6c11d9d75c3f624aba9de51cf1’

     0K .......... .......... .......... .......... .......... 72% 2.41M 0s
    50K .......... .........                                  100% 2.81M=0.03s

2018-05-16 15:20:31 (2.51 MB/s) - ‘../data/delivery.acm.org/10.1145/3190000/3186344/p327-zhao.html?ip=24.48.71.56&id=3186344&acc=OPENTOC&key=4D4702B0C3E38B35.4D4702B0C3E38B35.4D4702B0C3E38B35.4DD68F0663C025AA&__acm__=1526498729_6a89ed6c11d9d75c3f624aba9de51cf1’ saved [70714/70714]

--2018-05-16 15:20:31--  http://deliveryimages.acm.org/10.1145/3190000/3186344/images/www18companion-106-fig1.jpg
Resolving deliveryimages.acm.org (deliveryimages.acm.org)... 104.17.79.191, 104.17.80.191
Connecting to deliveryimages.acm.org (deliveryimages.acm.org)|104.17.79.191|:80... connected.
HTTP request sent, awaiting response... 301 Moved Permanently
Location: https://deliveryimages.acm.org/10.1145/3190000/3186344/images/www18companion-106-fig1.jpg [following]
--2018-05-16 15:20:31--  https://deliveryimages.acm.org/10.1145/3190000/3186344/images/www18companion-106-fig1.jpg
Connecting to deliveryimages.acm.org (deliveryimages.acm.org)|104.17.79.191|:443... connected.
HTTP request sent, awaiting response... 200 OK
Length: 164613 (161K) [image/jpeg]
Saving to: ‘../data/deliveryimages.acm.org/10.1145/3190000/3186344/images/www18companion-106-fig1.jpg’

     0K .......... .......... .......... .......... .......... 31% 1.16M 0s
    50K .......... .......... .......... .......... .......... 62% 3.57M 0s
   100K .......... .......... .......... .......... .......... 93% 3.12M 0s
   150K ..........                                            100% 66.8M=0.07s

2018-05-16 15:20:31 (2.19 MB/s) - ‘../data/deliveryimages.acm.org/10.1145/3190000/3186344/images/www18companion-106-fig1.jpg’ saved [164613/164613]

--2018-05-16 15:20:31--  http://deliveryimages.acm.org/10.1145/3190000/3186344/images/www18companion-106-fig2.jpg
Connecting to deliveryimages.acm.org (deliveryimages.acm.org)|104.17.79.191|:80... connected.
HTTP request sent, awaiting response... 301 Moved Permanently
Location: https://deliveryimages.acm.org/10.1145/3190000/3186344/images/www18companion-106-fig2.jpg [following]
--2018-05-16 15:20:31--  https://deliveryimages.acm.org/10.1145/3190000/3186344/images/www18companion-106-fig2.jpg
Connecting to deliveryimages.acm.org (deliveryimages.acm.org)|104.17.79.191|:443... connected.
HTTP request sent, awaiting response... 200 OK
Length: 199895 (195K) [image/jpeg]
Saving to: ‘../data/deliveryimages.acm.org/10.1145/3190000/3186344/images/www18companion-106-fig2.jpg’

     0K .......... .......... .......... .......... .......... 25% 1.29M 0s
    50K .......... .......... .......... .......... .......... 51% 4.62M 0s
   100K .......... .......... .......... .......... .......... 76% 5.31M 0s
   150K .......... .......... .......... .......... .....     100% 2.96M=0.07s

2018-05-16 15:20:31 (2.63 MB/s) - ‘../data/deliveryimages.acm.org/10.1145/3190000/3186344/images/www18companion-106-fig2.jpg’ saved [199895/199895]

--2018-05-16 15:20:31--  http://deliveryimages.acm.org/10.1145/3190000/3186344/images/www18companion-106-fig3.jpg
Connecting to deliveryimages.acm.org (deliveryimages.acm.org)|104.17.79.191|:80... connected.
HTTP request sent, awaiting response... 301 Moved Permanently
Location: https://deliveryimages.acm.org/10.1145/3190000/3186344/images/www18companion-106-fig3.jpg [following]
--2018-05-16 15:20:31--  https://deliveryimages.acm.org/10.1145/3190000/3186344/images/www18companion-106-fig3.jpg
Connecting to deliveryimages.acm.org (deliveryimages.acm.org)|104.17.79.191|:443... connected.
HTTP request sent, awaiting response... 200 OK
Length: 90461 (88K) [image/jpeg]
Saving to: ‘../data/deliveryimages.acm.org/10.1145/3190000/3186344/images/www18companion-106-fig3.jpg’

     0K .......... .......... .......... .......... .......... 56%  858K 0s
    50K .......... .......... .......... ........             100% 1.13M=0.09s

2018-05-16 15:20:32 (966 KB/s) - ‘../data/deliveryimages.acm.org/10.1145/3190000/3186344/images/www18companion-106-fig3.jpg’ saved [90461/90461]

--2018-05-16 15:20:32--  http://deliveryimages.acm.org/10.1145/3190000/3186344/images/www18companion-106-fig4.jpg
Connecting to deliveryimages.acm.org (deliveryimages.acm.org)|104.17.79.191|:80... connected.
HTTP request sent, awaiting response... 301 Moved Permanently
Location: https://deliveryimages.acm.org/10.1145/3190000/3186344/images/www18companion-106-fig4.jpg [following]
--2018-05-16 15:20:32--  https://deliveryimages.acm.org/10.1145/3190000/3186344/images/www18companion-106-fig4.jpg
Connecting to deliveryimages.acm.org (deliveryimages.acm.org)|104.17.79.191|:443... connected.
HTTP request sent, awaiting response... 200 OK
Length: 184233 (180K) [image/jpeg]
Saving to: ‘../data/deliveryimages.acm.org/10.1145/3190000/3186344/images/www18companion-106-fig4.jpg’

     0K .......... .......... .......... .......... .......... 27% 1.40M 0s
    50K .......... .......... .......... .......... .......... 55% 3.26M 0s
   100K .......... .......... .......... .......... .......... 83% 3.84M 0s
   150K .......... .......... .........                       100% 5.31M=0.07s

2018-05-16 15:20:32 (2.58 MB/s) - ‘../data/deliveryimages.acm.org/10.1145/3190000/3186344/images/www18companion-106-fig4.jpg’ saved [184233/184233]

--2018-05-16 15:20:32--  http://deliveryimages.acm.org/10.1145/3190000/3186344/images/www18companion-106-img1.svg
Connecting to deliveryimages.acm.org (deliveryimages.acm.org)|104.17.79.191|:80... connected.
HTTP request sent, awaiting response... 301 Moved Permanently
Location: https://deliveryimages.acm.org/10.1145/3190000/3186344/images/www18companion-106-img1.svg [following]
--2018-05-16 15:20:32--  https://deliveryimages.acm.org/10.1145/3190000/3186344/images/www18companion-106-img1.svg
Connecting to deliveryimages.acm.org (deliveryimages.acm.org)|104.17.79.191|:443... connected.
HTTP request sent, awaiting response... 404 Not Found
2018-05-16 15:20:32 ERROR 404: Not Found.

--2018-05-16 15:20:32--  http://deliveryimages.acm.org/10.1145/3190000/3186344/images/www18companion-106-img2.svg
Connecting to deliveryimages.acm.org (deliveryimages.acm.org)|104.17.79.191|:80... connected.
HTTP request sent, awaiting response... 301 Moved Permanently
Location: https://deliveryimages.acm.org/10.1145/3190000/3186344/images/www18companion-106-img2.svg [following]
--2018-05-16 15:20:33--  https://deliveryimages.acm.org/10.1145/3190000/3186344/images/www18companion-106-img2.svg
Connecting to deliveryimages.acm.org (deliveryimages.acm.org)|104.17.79.191|:443... connected.
HTTP request sent, awaiting response... 404 Not Found
2018-05-16 15:20:33 ERROR 404: Not Found.

--2018-05-16 15:20:33--  http://deliveryimages.acm.org/10.1145/3190000/3186344/images/www18companion-106-graphic14.jpg
Connecting to deliveryimages.acm.org (deliveryimages.acm.org)|104.17.79.191|:80... connected.
HTTP request sent, awaiting response... 301 Moved Permanently
Location: https://deliveryimages.acm.org/10.1145/3190000/3186344/images/www18companion-106-graphic14.jpg [following]
--2018-05-16 15:20:33--  https://deliveryimages.acm.org/10.1145/3190000/3186344/images/www18companion-106-graphic14.jpg
Connecting to deliveryimages.acm.org (deliveryimages.acm.org)|104.17.79.191|:443... connected.
HTTP request sent, awaiting response... 200 OK
Length: 8058 (7.9K) [image/jpeg]
Saving to: ‘../data/deliveryimages.acm.org/10.1145/3190000/3186344/images/www18companion-106-graphic14.jpg’

     0K .......                                               100% 55.4M=0s

2018-05-16 15:20:33 (55.4 MB/s) - ‘../data/deliveryimages.acm.org/10.1145/3190000/3186344/images/www18companion-106-graphic14.jpg’ saved [8058/8058]

--2018-05-16 15:20:33--  http://deliveryimages.acm.org/10.1145/3190000/3186344/images/www18companion-106-graphic15.jpg
Connecting to deliveryimages.acm.org (deliveryimages.acm.org)|104.17.79.191|:80... connected.
HTTP request sent, awaiting response... 301 Moved Permanently
Location: https://deliveryimages.acm.org/10.1145/3190000/3186344/images/www18companion-106-graphic15.jpg [following]
--2018-05-16 15:20:33--  https://deliveryimages.acm.org/10.1145/3190000/3186344/images/www18companion-106-graphic15.jpg
Connecting to deliveryimages.acm.org (deliveryimages.acm.org)|104.17.79.191|:443... connected.
HTTP request sent, awaiting response... 200 OK
Length: 6087 (5.9K) [image/jpeg]
Saving to: ‘../data/deliveryimages.acm.org/10.1145/3190000/3186344/images/www18companion-106-graphic15.jpg’

     0K .....                                                 100% 1.89M=0.003s

2018-05-16 15:20:33 (1.89 MB/s) - ‘../data/deliveryimages.acm.org/10.1145/3190000/3186344/images/www18companion-106-graphic15.jpg’ saved [6087/6087]

--2018-05-16 15:20:33--  http://deliveryimages.acm.org/10.1145/3190000/3186344/images/www18companion-106-graphic16.jpg
Connecting to deliveryimages.acm.org (deliveryimages.acm.org)|104.17.79.191|:80... connected.
HTTP request sent, awaiting response... 301 Moved Permanently
Location: https://deliveryimages.acm.org/10.1145/3190000/3186344/images/www18companion-106-graphic16.jpg [following]
--2018-05-16 15:20:33--  https://deliveryimages.acm.org/10.1145/3190000/3186344/images/www18companion-106-graphic16.jpg
Connecting to deliveryimages.acm.org (deliveryimages.acm.org)|104.17.79.191|:443... connected.
HTTP request sent, awaiting response... 200 OK
Length: 3362 (3.3K) [image/jpeg]
Saving to: ‘../data/deliveryimages.acm.org/10.1145/3190000/3186344/images/www18companion-106-graphic16.jpg’

     0K ...                                                   100% 1.95M=0.002s

2018-05-16 15:20:34 (1.95 MB/s) - ‘../data/deliveryimages.acm.org/10.1145/3190000/3186344/images/www18companion-106-graphic16.jpg’ saved [3362/3362]

--2018-05-16 15:20:34--  http://deliveryimages.acm.org/10.1145/3190000/3186344/images/www18companion-106-graphic17.jpg
Connecting to deliveryimages.acm.org (deliveryimages.acm.org)|104.17.79.191|:80... connected.
HTTP request sent, awaiting response... 301 Moved Permanently
Location: https://deliveryimages.acm.org/10.1145/3190000/3186344/images/www18companion-106-graphic17.jpg [following]
--2018-05-16 15:20:34--  https://deliveryimages.acm.org/10.1145/3190000/3186344/images/www18companion-106-graphic17.jpg
Connecting to deliveryimages.acm.org (deliveryimages.acm.org)|104.17.79.191|:443... connected.
HTTP request sent, awaiting response... 200 OK
Length: 3642 (3.6K) [image/jpeg]
Saving to: ‘../data/deliveryimages.acm.org/10.1145/3190000/3186344/images/www18companion-106-graphic17.jpg’

     0K ...                                                   100% 1.45M=0.002s

2018-05-16 15:20:34 (1.45 MB/s) - ‘../data/deliveryimages.acm.org/10.1145/3190000/3186344/images/www18companion-106-graphic17.jpg’ saved [3642/3642]

--2018-05-16 15:20:34--  http://deliveryimages.acm.org/10.1145/3190000/3186344/images/www18companion-106-graphic18.jpg
Connecting to deliveryimages.acm.org (deliveryimages.acm.org)|104.17.79.191|:80... connected.
HTTP request sent, awaiting response... 301 Moved Permanently
Location: https://deliveryimages.acm.org/10.1145/3190000/3186344/images/www18companion-106-graphic18.jpg [following]
--2018-05-16 15:20:34--  https://deliveryimages.acm.org/10.1145/3190000/3186344/images/www18companion-106-graphic18.jpg
Connecting to deliveryimages.acm.org (deliveryimages.acm.org)|104.17.79.191|:443... connected.
HTTP request sent, awaiting response... 200 OK
Length: 4304 (4.2K) [image/jpeg]
Saving to: ‘../data/deliveryimages.acm.org/10.1145/3190000/3186344/images/www18companion-106-graphic18.jpg’

     0K ....                                                  100% 26.4M=0s

2018-05-16 15:20:34 (26.4 MB/s) - ‘../data/deliveryimages.acm.org/10.1145/3190000/3186344/images/www18companion-106-graphic18.jpg’ saved [4304/4304]

--2018-05-16 15:20:34--  http://deliveryimages.acm.org/10.1145/3190000/3186344/images/www18companion-106-graphic19.jpg
Connecting to deliveryimages.acm.org (deliveryimages.acm.org)|104.17.79.191|:80... connected.
HTTP request sent, awaiting response... 301 Moved Permanently
Location: https://deliveryimages.acm.org/10.1145/3190000/3186344/images/www18companion-106-graphic19.jpg [following]
--2018-05-16 15:20:34--  https://deliveryimages.acm.org/10.1145/3190000/3186344/images/www18companion-106-graphic19.jpg
Connecting to deliveryimages.acm.org (deliveryimages.acm.org)|104.17.79.191|:443... connected.
HTTP request sent, awaiting response... 200 OK
Length: 7538 (7.4K) [image/jpeg]
Saving to: ‘../data/deliveryimages.acm.org/10.1145/3190000/3186344/images/www18companion-106-graphic19.jpg’

     0K .......                                               100% 1.17M=0.006s

2018-05-16 15:20:35 (1.17 MB/s) - ‘../data/deliveryimages.acm.org/10.1145/3190000/3186344/images/www18companion-106-graphic19.jpg’ saved [7538/7538]

--2018-05-16 15:20:35--  http://deliveryimages.acm.org/10.1145/3190000/3186344/images/www18companion-106-graphic20.jpg
Connecting to deliveryimages.acm.org (deliveryimages.acm.org)|104.17.79.191|:80... connected.
HTTP request sent, awaiting response... 301 Moved Permanently
Location: https://deliveryimages.acm.org/10.1145/3190000/3186344/images/www18companion-106-graphic20.jpg [following]
--2018-05-16 15:20:35--  https://deliveryimages.acm.org/10.1145/3190000/3186344/images/www18companion-106-graphic20.jpg
Connecting to deliveryimages.acm.org (deliveryimages.acm.org)|104.17.79.191|:443... connected.
HTTP request sent, awaiting response... 200 OK
Length: 6841 (6.7K) [image/jpeg]
Saving to: ‘../data/deliveryimages.acm.org/10.1145/3190000/3186344/images/www18companion-106-graphic20.jpg’

     0K ......                                                100% 89.5M=0s

2018-05-16 15:20:35 (89.5 MB/s) - ‘../data/deliveryimages.acm.org/10.1145/3190000/3186344/images/www18companion-106-graphic20.jpg’ saved [6841/6841]

--2018-05-16 15:20:35--  http://deliveryimages.acm.org/10.1145/3190000/3186344/images/www18companion-106-graphic21.jpg
Connecting to deliveryimages.acm.org (deliveryimages.acm.org)|104.17.79.191|:80... connected.
HTTP request sent, awaiting response... 301 Moved Permanently
Location: https://deliveryimages.acm.org/10.1145/3190000/3186344/images/www18companion-106-graphic21.jpg [following]
--2018-05-16 15:20:35--  https://deliveryimages.acm.org/10.1145/3190000/3186344/images/www18companion-106-graphic21.jpg
Connecting to deliveryimages.acm.org (deliveryimages.acm.org)|104.17.79.191|:443... connected.
HTTP request sent, awaiting response... 200 OK
Length: 6970 (6.8K) [image/jpeg]
Saving to: ‘../data/deliveryimages.acm.org/10.1145/3190000/3186344/images/www18companion-106-graphic21.jpg’

     0K ......                                                100% 90.2M=0s

2018-05-16 15:20:35 (90.2 MB/s) - ‘../data/deliveryimages.acm.org/10.1145/3190000/3186344/images/www18companion-106-graphic21.jpg’ saved [6970/6970]

--2018-05-16 15:20:35--  http://deliveryimages.acm.org/10.1145/3190000/3186344/images/www18companion-106-graphic22.jpg
Connecting to deliveryimages.acm.org (deliveryimages.acm.org)|104.17.79.191|:80... connected.
HTTP request sent, awaiting response... 301 Moved Permanently
Location: https://deliveryimages.acm.org/10.1145/3190000/3186344/images/www18companion-106-graphic22.jpg [following]
--2018-05-16 15:20:35--  https://deliveryimages.acm.org/10.1145/3190000/3186344/images/www18companion-106-graphic22.jpg
Connecting to deliveryimages.acm.org (deliveryimages.acm.org)|104.17.79.191|:443... connected.
HTTP request sent, awaiting response... 200 OK
Length: 6688 (6.5K) [image/jpeg]
Saving to: ‘../data/deliveryimages.acm.org/10.1145/3190000/3186344/images/www18companion-106-graphic22.jpg’

     0K ......                                                100% 2.28M=0.003s

2018-05-16 15:20:35 (2.28 MB/s) - ‘../data/deliveryimages.acm.org/10.1145/3190000/3186344/images/www18companion-106-graphic22.jpg’ saved [6688/6688]

--2018-05-16 15:20:35--  http://deliveryimages.acm.org/10.1145/3190000/3186344/images/www18companion-106-graphic23.jpg
Connecting to deliveryimages.acm.org (deliveryimages.acm.org)|104.17.79.191|:80... connected.
HTTP request sent, awaiting response... 301 Moved Permanently
Location: https://deliveryimages.acm.org/10.1145/3190000/3186344/images/www18companion-106-graphic23.jpg [following]
--2018-05-16 15:20:35--  https://deliveryimages.acm.org/10.1145/3190000/3186344/images/www18companion-106-graphic23.jpg
Connecting to deliveryimages.acm.org (deliveryimages.acm.org)|104.17.79.191|:443... connected.
HTTP request sent, awaiting response... 200 OK
Length: 6831 (6.7K) [image/jpeg]
Saving to: ‘../data/deliveryimages.acm.org/10.1145/3190000/3186344/images/www18companion-106-graphic23.jpg’

     0K ......                                                100% 87.1M=0s

2018-05-16 15:20:35 (87.1 MB/s) - ‘../data/deliveryimages.acm.org/10.1145/3190000/3186344/images/www18companion-106-graphic23.jpg’ saved [6831/6831]

--2018-05-16 15:20:35--  http://deliveryimages.acm.org/10.1145/3190000/3186344/images/www18companion-106-fig5.jpg
Connecting to deliveryimages.acm.org (deliveryimages.acm.org)|104.17.79.191|:80... connected.
HTTP request sent, awaiting response... 301 Moved Permanently
Location: https://deliveryimages.acm.org/10.1145/3190000/3186344/images/www18companion-106-fig5.jpg [following]
--2018-05-16 15:20:36--  https://deliveryimages.acm.org/10.1145/3190000/3186344/images/www18companion-106-fig5.jpg
Connecting to deliveryimages.acm.org (deliveryimages.acm.org)|104.17.79.191|:443... connected.
HTTP request sent, awaiting response... 200 OK
Length: 123159 (120K) [image/jpeg]
Saving to: ‘../data/deliveryimages.acm.org/10.1145/3190000/3186344/images/www18companion-106-fig5.jpg’

     0K .......... .......... .......... .......... .......... 41% 1.11M 0s
    50K .......... .......... .......... .......... .......... 83% 2.60M 0s
   100K .......... ..........                                 100% 5.15M=0.07s

2018-05-16 15:20:36 (1.76 MB/s) - ‘../data/deliveryimages.acm.org/10.1145/3190000/3186344/images/www18companion-106-fig5.jpg’ saved [123159/123159]

FINISHED --2018-05-16 15:20:36--
Total wall clock time: 5.4s
Downloaded: 16 files, 872K in 0.4s (2.06 MB/s)
Converting links in ../data/delivery.acm.org/10.1145/3190000/3186344/p327-zhao.html?ip=24.48.71.56&id=3186344&acc=OPENTOC&key=4D4702B0C3E38B35.4D4702B0C3E38B35.4D4702B0C3E38B35.4DD68F0663C025AA&__acm__=1526498729_6a89ed6c11d9d75c3f624aba9de51cf1... 66-0
Converted links in 1 files in 0.001 seconds.
