--2018-05-16 14:44:20--  http://delivery.acm.org/10.1145/3190000/3186978/p199-behrens.html?ip=24.48.71.56&id=3186978&acc=OPENTOC&key=4D4702B0C3E38B35%2E4D4702B0C3E38B35%2E4D4702B0C3E38B35%2E4DD68F0663C025AA&__acm__=1526496560_e081b340b14b3c4ed174009cf120310c
Resolving delivery.acm.org (delivery.acm.org)... 24.200.120.82, 24.200.120.90
Connecting to delivery.acm.org (delivery.acm.org)|24.200.120.82|:80... connected.
HTTP request sent, awaiting response... 200 OK
Length: 32808 (32K) [text/html]
Saving to: ‘../data/delivery.acm.org/10.1145/3190000/3186978/p199-behrens.html?ip=24.48.71.56&id=3186978&acc=OPENTOC&key=4D4702B0C3E38B35.4D4702B0C3E38B35.4D4702B0C3E38B35.4DD68F0663C025AA&__acm__=1526496560_e081b340b14b3c4ed174009cf120310c’

     0K .......... .......... .......... ..                   100%  550K=0.06s

2018-05-16 14:44:20 (550 KB/s) - ‘../data/delivery.acm.org/10.1145/3190000/3186978/p199-behrens.html?ip=24.48.71.56&id=3186978&acc=OPENTOC&key=4D4702B0C3E38B35.4D4702B0C3E38B35.4D4702B0C3E38B35.4DD68F0663C025AA&__acm__=1526496560_e081b340b14b3c4ed174009cf120310c’ saved [32808/32808]

--2018-05-16 14:44:20--  http://deliveryimages.acm.org/10.1145/3190000/3186978/images/www18companion-218-fig1.jpg
Resolving deliveryimages.acm.org (deliveryimages.acm.org)... 104.17.80.191, 104.17.79.191
Connecting to deliveryimages.acm.org (deliveryimages.acm.org)|104.17.80.191|:80... connected.
HTTP request sent, awaiting response... 301 Moved Permanently
Location: https://deliveryimages.acm.org/10.1145/3190000/3186978/images/www18companion-218-fig1.jpg [following]
--2018-05-16 14:44:21--  https://deliveryimages.acm.org/10.1145/3190000/3186978/images/www18companion-218-fig1.jpg
Connecting to deliveryimages.acm.org (deliveryimages.acm.org)|104.17.80.191|:443... connected.
HTTP request sent, awaiting response... 200 OK
Length: 375908 (367K) [image/jpeg]
Saving to: ‘../data/deliveryimages.acm.org/10.1145/3190000/3186978/images/www18companion-218-fig1.jpg’

     0K .......... .......... .......... .......... .......... 13% 1.47M 0s
    50K .......... .......... .......... .......... .......... 27% 1.36M 0s
   100K .......... .......... .......... .......... .......... 40% 3.22M 0s
   150K .......... .......... .......... .......... .......... 54%  906K 0s
   200K .......... .......... .......... .......... .......... 68% 3.70M 0s
   250K .......... .......... .......... .......... .......... 81% 6.55M 0s
   300K .......... .......... .......... .......... .......... 95% 6.28M 0s
   350K .......... .......                                    100% 11.9M=0.2s

2018-05-16 14:44:21 (2.12 MB/s) - ‘../data/deliveryimages.acm.org/10.1145/3190000/3186978/images/www18companion-218-fig1.jpg’ saved [375908/375908]

--2018-05-16 14:44:21--  http://deliveryimages.acm.org/10.1145/3190000/3186978/images/www18companion-218-fig2.jpg
Connecting to deliveryimages.acm.org (deliveryimages.acm.org)|104.17.80.191|:80... connected.
HTTP request sent, awaiting response... 301 Moved Permanently
Location: https://deliveryimages.acm.org/10.1145/3190000/3186978/images/www18companion-218-fig2.jpg [following]
--2018-05-16 14:44:21--  https://deliveryimages.acm.org/10.1145/3190000/3186978/images/www18companion-218-fig2.jpg
Connecting to deliveryimages.acm.org (deliveryimages.acm.org)|104.17.80.191|:443... connected.
HTTP request sent, awaiting response... 200 OK
Length: 224121 (219K) [image/jpeg]
Saving to: ‘../data/deliveryimages.acm.org/10.1145/3190000/3186978/images/www18companion-218-fig2.jpg’

     0K .......... .......... .......... .......... .......... 22% 1.00M 0s
    50K .......... .......... .......... .......... .......... 45%  560K 0s
   100K .......... .......... .......... .......... .......... 68% 24.7K 1s
   150K .......... .......... .......... .......... .......... 91% 80.0K 0s
   200K .......... ........                                   100% 5.49M=2.8s

2018-05-16 14:44:25 (78.5 KB/s) - ‘../data/deliveryimages.acm.org/10.1145/3190000/3186978/images/www18companion-218-fig2.jpg’ saved [224121/224121]

--2018-05-16 14:44:25--  http://deliveryimages.acm.org/10.1145/3190000/3186978/images/www18companion-218-fig3.jpg
Connecting to deliveryimages.acm.org (deliveryimages.acm.org)|104.17.80.191|:80... connected.
HTTP request sent, awaiting response... 301 Moved Permanently
Location: https://deliveryimages.acm.org/10.1145/3190000/3186978/images/www18companion-218-fig3.jpg [following]
--2018-05-16 14:44:25--  https://deliveryimages.acm.org/10.1145/3190000/3186978/images/www18companion-218-fig3.jpg
Connecting to deliveryimages.acm.org (deliveryimages.acm.org)|104.17.80.191|:443... connected.
HTTP request sent, awaiting response... 200 OK
Length: 461649 (451K) [image/jpeg]
Saving to: ‘../data/deliveryimages.acm.org/10.1145/3190000/3186978/images/www18companion-218-fig3.jpg’

     0K .......... .......... .......... .......... .......... 11% 1.65M 0s
    50K .......... .......... .......... .......... .......... 22% 3.05M 0s
   100K .......... .......... .......... .......... .......... 33% 5.04M 0s
   150K .......... .......... .......... .......... .......... 44% 1.45M 0s
   200K .......... .......... .......... .......... .......... 55% 2.65M 0s
   250K .......... .......... .......... .......... .......... 66% 4.95M 0s
   300K .......... .......... .......... .......... .......... 77% 3.45M 0s
   350K .......... .......... .......... .......... .......... 88% 52.1K 0s
   400K .......... .......... .......... .......... .......... 99%  223K 0s
   450K                                                       100% 1581G=1.3s

2018-05-16 14:44:26 (343 KB/s) - ‘../data/deliveryimages.acm.org/10.1145/3190000/3186978/images/www18companion-218-fig3.jpg’ saved [461649/461649]

FINISHED --2018-05-16 14:44:26--
Total wall clock time: 6.0s
Downloaded: 4 files, 1.0M in 4.3s (247 KB/s)
Converting links in ../data/delivery.acm.org/10.1145/3190000/3186978/p199-behrens.html?ip=24.48.71.56&id=3186978&acc=OPENTOC&key=4D4702B0C3E38B35.4D4702B0C3E38B35.4D4702B0C3E38B35.4DD68F0663C025AA&__acm__=1526496560_e081b340b14b3c4ed174009cf120310c... 22-0
Converted links in 1 files in 0 seconds.
