--2018-05-16 14:42:15--  http://delivery.acm.org/10.1145/3190000/3186967/p155-popat.html?ip=24.48.71.56&id=3186967&acc=OPENTOC&key=4D4702B0C3E38B35%2E4D4702B0C3E38B35%2E4D4702B0C3E38B35%2E4DD68F0663C025AA&__acm__=1526496433_e78fcf67b342316f77ce8a33e999d85b
Resolving delivery.acm.org (delivery.acm.org)... 24.200.120.82, 24.200.120.90
Connecting to delivery.acm.org (delivery.acm.org)|24.200.120.82|:80... connected.
HTTP request sent, awaiting response... 200 OK
Length: 33064 (32K) [text/html]
Saving to: ‘../data/delivery.acm.org/10.1145/3190000/3186967/p155-popat.html?ip=24.48.71.56&id=3186967&acc=OPENTOC&key=4D4702B0C3E38B35.4D4702B0C3E38B35.4D4702B0C3E38B35.4DD68F0663C025AA&__acm__=1526496433_e78fcf67b342316f77ce8a33e999d85b’

     0K .......... .......... .......... ..                   100%  761K=0.04s

2018-05-16 14:42:15 (761 KB/s) - ‘../data/delivery.acm.org/10.1145/3190000/3186967/p155-popat.html?ip=24.48.71.56&id=3186967&acc=OPENTOC&key=4D4702B0C3E38B35.4D4702B0C3E38B35.4D4702B0C3E38B35.4DD68F0663C025AA&__acm__=1526496433_e78fcf67b342316f77ce8a33e999d85b’ saved [33064/33064]

--2018-05-16 14:42:15--  http://deliveryimages.acm.org/10.1145/3190000/3186967/images/www18companion-207-fig1.jpg
Resolving deliveryimages.acm.org (deliveryimages.acm.org)... 104.17.80.191, 104.17.79.191
Connecting to deliveryimages.acm.org (deliveryimages.acm.org)|104.17.80.191|:80... connected.
HTTP request sent, awaiting response... 301 Moved Permanently
Location: https://deliveryimages.acm.org/10.1145/3190000/3186967/images/www18companion-207-fig1.jpg [following]
--2018-05-16 14:42:15--  https://deliveryimages.acm.org/10.1145/3190000/3186967/images/www18companion-207-fig1.jpg
Connecting to deliveryimages.acm.org (deliveryimages.acm.org)|104.17.80.191|:443... connected.
HTTP request sent, awaiting response... 200 OK
Length: 59969 (59K) [image/jpeg]
Saving to: ‘../data/deliveryimages.acm.org/10.1145/3190000/3186967/images/www18companion-207-fig1.jpg’

     0K .......... .......... .......... .......... .......... 85% 1.16M 0s
    50K ........                                              100% 6.70M=0.04s

2018-05-16 14:42:15 (1.31 MB/s) - ‘../data/deliveryimages.acm.org/10.1145/3190000/3186967/images/www18companion-207-fig1.jpg’ saved [59969/59969]

--2018-05-16 14:42:15--  http://deliveryimages.acm.org/10.1145/3190000/3186967/images/www18companion-207-fig2.jpg
Connecting to deliveryimages.acm.org (deliveryimages.acm.org)|104.17.80.191|:80... connected.
HTTP request sent, awaiting response... 301 Moved Permanently
Location: https://deliveryimages.acm.org/10.1145/3190000/3186967/images/www18companion-207-fig2.jpg [following]
--2018-05-16 14:42:15--  https://deliveryimages.acm.org/10.1145/3190000/3186967/images/www18companion-207-fig2.jpg
Connecting to deliveryimages.acm.org (deliveryimages.acm.org)|104.17.80.191|:443... connected.
HTTP request sent, awaiting response... 200 OK
Length: 290966 (284K) [image/jpeg]
Saving to: ‘../data/deliveryimages.acm.org/10.1145/3190000/3186967/images/www18companion-207-fig2.jpg’

     0K .......... .......... .......... .......... .......... 17%  585K 0s
    50K .......... .......... .......... .......... .......... 35%  770K 0s
   100K .......... .......... .......... .......... .......... 52% 4.81M 0s
   150K .......... .......... .......... .......... .......... 70%  616K 0s
   200K .......... .......... .......... .......... .......... 87% 6.13M 0s
   250K .......... .......... .......... ....                 100% 4.54M=0.3s

2018-05-16 14:42:16 (1.08 MB/s) - ‘../data/deliveryimages.acm.org/10.1145/3190000/3186967/images/www18companion-207-fig2.jpg’ saved [290966/290966]

--2018-05-16 14:42:16--  http://deliveryimages.acm.org/10.1145/3190000/3186967/images/www18companion-207-fig3.jpg
Connecting to deliveryimages.acm.org (deliveryimages.acm.org)|104.17.80.191|:80... connected.
HTTP request sent, awaiting response... 301 Moved Permanently
Location: https://deliveryimages.acm.org/10.1145/3190000/3186967/images/www18companion-207-fig3.jpg [following]
--2018-05-16 14:42:16--  https://deliveryimages.acm.org/10.1145/3190000/3186967/images/www18companion-207-fig3.jpg
Connecting to deliveryimages.acm.org (deliveryimages.acm.org)|104.17.80.191|:443... connected.
HTTP request sent, awaiting response... 200 OK
Length: 425589 (416K) [image/jpeg]
Saving to: ‘../data/deliveryimages.acm.org/10.1145/3190000/3186967/images/www18companion-207-fig3.jpg’

     0K .......... .......... .......... .......... .......... 12% 1.72M 0s
    50K .......... .......... .......... .......... .......... 24% 2.52M 0s
   100K .......... .......... .......... .......... .......... 36% 4.64M 0s
   150K .......... .......... .......... .......... .......... 48% 3.44M 0s
   200K .......... .......... .......... .......... .......... 60% 3.32M 0s
   250K .......... .......... .......... .......... .......... 72% 4.76M 0s
   300K .......... .......... .......... .......... .......... 84% 4.12M 0s
   350K .......... .......... .......... .......... .......... 96% 4.02M 0s
   400K .......... .....                                      100% 71.4M=0.1s

2018-05-16 14:42:16 (3.34 MB/s) - ‘../data/deliveryimages.acm.org/10.1145/3190000/3186967/images/www18companion-207-fig3.jpg’ saved [425589/425589]

--2018-05-16 14:42:16--  http://deliveryimages.acm.org/10.1145/3190000/3186967/images/www18companion-207-fig4.jpg
Connecting to deliveryimages.acm.org (deliveryimages.acm.org)|104.17.80.191|:80... connected.
HTTP request sent, awaiting response... 301 Moved Permanently
Location: https://deliveryimages.acm.org/10.1145/3190000/3186967/images/www18companion-207-fig4.jpg [following]
--2018-05-16 14:42:16--  https://deliveryimages.acm.org/10.1145/3190000/3186967/images/www18companion-207-fig4.jpg
Connecting to deliveryimages.acm.org (deliveryimages.acm.org)|104.17.80.191|:443... connected.
HTTP request sent, awaiting response... 200 OK
Length: 423728 (414K) [image/jpeg]
Saving to: ‘../data/deliveryimages.acm.org/10.1145/3190000/3186967/images/www18companion-207-fig4.jpg’

     0K .......... .......... .......... .......... .......... 12%  424K 1s
    50K .......... .......... .......... .......... .......... 24% 88.5K 2s
   100K .......... .......... .......... .......... .......... 36%  147K 2s
   150K .......... .......... .......... .......... .......... 48%  124K 2s
   200K .......... .......... .......... .......... .......... 60% 33.7K 2s
   250K .......... .......... .......... .......... .......... 72% 65.3K 1s
   300K .......... .......... .......... .......... .......... 84%  156K 1s
   350K .......... .......... .......... .......... .......... 96% 34.8K 0s
   400K .......... ...                                        100% 1.72M=5.4s

2018-05-16 14:42:22 (76.1 KB/s) - ‘../data/deliveryimages.acm.org/10.1145/3190000/3186967/images/www18companion-207-fig4.jpg’ saved [423728/423728]

--2018-05-16 14:42:22--  http://deliveryimages.acm.org/10.1145/3190000/3186967/images/www18companion-207-fig5.jpg
Connecting to deliveryimages.acm.org (deliveryimages.acm.org)|104.17.80.191|:80... connected.
HTTP request sent, awaiting response... 301 Moved Permanently
Location: https://deliveryimages.acm.org/10.1145/3190000/3186967/images/www18companion-207-fig5.jpg [following]
--2018-05-16 14:42:22--  https://deliveryimages.acm.org/10.1145/3190000/3186967/images/www18companion-207-fig5.jpg
Connecting to deliveryimages.acm.org (deliveryimages.acm.org)|104.17.80.191|:443... connected.
HTTP request sent, awaiting response... 200 OK
Length: 418561 (409K) [image/jpeg]
Saving to: ‘../data/deliveryimages.acm.org/10.1145/3190000/3186967/images/www18companion-207-fig5.jpg’

     0K .......... .......... .......... .......... .......... 12% 48.3K 7s
    50K .......... .......... .......... .......... .......... 24% 60.4K 6s
   100K .......... .......... .......... .......... .......... 36% 59.5K 5s
   150K .......... .......... .......... .......... .......... 48% 59.0K 4s
   200K .......... .......... .......... .......... .......... 61%  630K 2s
   250K .......... .......... .......... .......... .......... 73%  114K 1s
   300K .......... .......... .......... .......... .......... 85% 70.0K 1s
   350K .......... .......... .......... .......... .......... 97%  204K 0s
   400K ........                                              100% 4.81M=5.0s

2018-05-16 14:42:28 (81.3 KB/s) - ‘../data/deliveryimages.acm.org/10.1145/3190000/3186967/images/www18companion-207-fig5.jpg’ saved [418561/418561]

--2018-05-16 14:42:28--  http://deliveryimages.acm.org/10.1145/3190000/3186967/images/www18companion-207-fig6.jpg
Connecting to deliveryimages.acm.org (deliveryimages.acm.org)|104.17.80.191|:80... connected.
HTTP request sent, awaiting response... 301 Moved Permanently
Location: https://deliveryimages.acm.org/10.1145/3190000/3186967/images/www18companion-207-fig6.jpg [following]
--2018-05-16 14:42:28--  https://deliveryimages.acm.org/10.1145/3190000/3186967/images/www18companion-207-fig6.jpg
Connecting to deliveryimages.acm.org (deliveryimages.acm.org)|104.17.80.191|:443... connected.
HTTP request sent, awaiting response... 200 OK
Length: 493787 (482K) [image/jpeg]
Saving to: ‘../data/deliveryimages.acm.org/10.1145/3190000/3186967/images/www18companion-207-fig6.jpg’

     0K .......... .......... .......... .......... .......... 10%  184K 2s
    50K .......... .......... .......... .......... .......... 20% 80.9K 3s
   100K .......... .......... .......... .......... .......... 31% 70.4K 4s
   150K .......... .......... .......... .......... .......... 41% 81.0K 3s
   200K .......... .......... .......... .......... .......... 51% 84.1K 3s
   250K .......... .......... .......... .......... .......... 62%  135K 2s
   300K .......... .......... .......... .......... .......... 72% 74.7K 1s
   350K .......... .......... .......... .......... .......... 82% 58.7K 1s
   400K .......... .......... .......... .......... .......... 93%  105K 0s
   450K .......... .......... .......... ..                   100% 2.07M=5.2s

2018-05-16 14:42:34 (92.8 KB/s) - ‘../data/deliveryimages.acm.org/10.1145/3190000/3186967/images/www18companion-207-fig6.jpg’ saved [493787/493787]

FINISHED --2018-05-16 14:42:34--
Total wall clock time: 19s
Downloaded: 7 files, 2.0M in 16s (130 KB/s)
Converting links in ../data/delivery.acm.org/10.1145/3190000/3186967/p155-popat.html?ip=24.48.71.56&id=3186967&acc=OPENTOC&key=4D4702B0C3E38B35.4D4702B0C3E38B35.4D4702B0C3E38B35.4DD68F0663C025AA&__acm__=1526496433_e78fcf67b342316f77ce8a33e999d85b... 33-0
Converted links in 1 files in 0.002 seconds.
