--2018-05-16 14:33:10--  http://delivery.acm.org/10.1145/3190000/3186045/p1399-constantin.pdf?ip=24.48.71.56&id=3186045&acc=OPENTOC&key=4D4702B0C3E38B35%2E4D4702B0C3E38B35%2E4D4702B0C3E38B35%2E4DD68F0663C025AA&__acm__=1526495889_056cebd15ba401fbf7429008093b33b3
Resolving delivery.acm.org (delivery.acm.org)... 24.200.120.90, 24.200.120.82
Connecting to delivery.acm.org (delivery.acm.org)|24.200.120.90|:80... connected.
HTTP request sent, awaiting response... 200 OK
Length: 2125364 (2.0M) [application/pdf]
Saving to: ‘../data/delivery.acm.org/10.1145/3190000/3186045/p1399-constantin.pdf?ip=24.48.71.56&id=3186045&acc=OPENTOC&key=4D4702B0C3E38B35.4D4702B0C3E38B35.4D4702B0C3E38B35.4DD68F0663C025AA&__acm__=1526495889_056cebd15ba401fbf7429008093b33b3’

     0K .......... .......... .......... .......... ..........  2% 1.73M 1s
    50K .......... .......... .......... .......... ..........  4% 3.84M 1s
   100K .......... .......... .......... .......... ..........  7% 6.26M 1s
   150K .......... .......... .......... .......... ..........  9% 4.21M 1s
   200K .......... .......... .......... .......... .......... 12% 1.35M 1s
   250K .......... .......... .......... .......... .......... 14% 4.80M 1s
   300K .......... .......... .......... .......... .......... 16% 1.54M 1s
   350K .......... .......... .......... .......... .......... 19% 2.31M 1s
   400K .......... .......... .......... .......... .......... 21% 4.36M 1s
   450K .......... .......... .......... .......... .......... 24% 4.39M 1s
   500K .......... .......... .......... .......... .......... 26% 6.76M 1s
   550K .......... .......... .......... .......... .......... 28% 5.12M 0s
   600K .......... .......... .......... .......... .......... 31% 6.63M 0s
   650K .......... .......... .......... .......... .......... 33% 6.66M 0s
   700K .......... .......... .......... .......... .......... 36% 4.47M 0s
   750K .......... .......... .......... .......... .......... 38% 4.13M 0s
   800K .......... .......... .......... .......... .......... 40% 2.88M 0s
   850K .......... .......... .......... .......... .......... 43% 6.39M 0s
   900K .......... .......... .......... .......... .......... 45% 2.12M 0s
   950K .......... .......... .......... .......... .......... 48% 3.35M 0s
  1000K .......... .......... .......... .......... .......... 50% 4.61M 0s
  1050K .......... .......... .......... .......... .......... 52% 2.06M 0s
  1100K .......... .......... .......... .......... .......... 55% 3.42M 0s
  1150K .......... .......... .......... .......... .......... 57% 51.4M 0s
  1200K .......... .......... .......... .......... .......... 60% 5.29M 0s
  1250K .......... .......... .......... .......... .......... 62% 3.94M 0s
  1300K .......... .......... .......... .......... .......... 65% 2.30M 0s
  1350K .......... .......... .......... .......... .......... 67% 7.82M 0s
  1400K .......... .......... .......... .......... .......... 69% 5.83M 0s
  1450K .......... .......... .......... .......... .......... 72% 3.53M 0s
  1500K .......... .......... .......... .......... .......... 74% 1.54M 0s
  1550K .......... .......... .......... .......... .......... 77% 1.31M 0s
  1600K .......... .......... .......... .......... .......... 79% 16.9M 0s
  1650K .......... .......... .......... .......... .......... 81% 2.29M 0s
  1700K .......... .......... .......... .......... .......... 84% 4.32M 0s
  1750K .......... .......... .......... .......... .......... 86% 6.08M 0s
  1800K .......... .......... .......... .......... .......... 89%  606M 0s
  1850K .......... .......... .......... .......... .......... 91% 4.73M 0s
  1900K .......... .......... .......... .......... .......... 93% 8.65M 0s
  1950K .......... .......... .......... .......... .......... 96% 3.47M 0s
  2000K .......... .......... .......... .......... .......... 98% 8.94M 0s
  2050K .......... .......... .....                           100% 5.48M=0.6s

2018-05-16 14:33:11 (3.54 MB/s) - ‘../data/delivery.acm.org/10.1145/3190000/3186045/p1399-constantin.pdf?ip=24.48.71.56&id=3186045&acc=OPENTOC&key=4D4702B0C3E38B35.4D4702B0C3E38B35.4D4702B0C3E38B35.4DD68F0663C025AA&__acm__=1526495889_056cebd15ba401fbf7429008093b33b3’ saved [2125364/2125364]

FINISHED --2018-05-16 14:33:11--
Total wall clock time: 0.7s
Downloaded: 1 files, 2.0M in 0.6s (3.54 MB/s)
Converted links in 0 files in 0 seconds.
