--2018-05-16 15:05:05--  http://delivery.acm.org/10.1145/3200000/3192329/p1867-wilde.pdf?ip=24.48.71.56&id=3192329&acc=OPENTOC&key=4D4702B0C3E38B35%2E4D4702B0C3E38B35%2E4D4702B0C3E38B35%2E4DD68F0663C025AA&__acm__=1526497805_8fef306ea85c32bba362b3a5be134437
Resolving delivery.acm.org (delivery.acm.org)... 24.200.120.82, 24.200.120.90
Connecting to delivery.acm.org (delivery.acm.org)|24.200.120.82|:80... connected.
HTTP request sent, awaiting response... 200 OK
Length: 924300 (903K) [application/pdf]
Saving to: ‘../data/delivery.acm.org/10.1145/3200000/3192329/p1867-wilde.pdf?ip=24.48.71.56&id=3192329&acc=OPENTOC&key=4D4702B0C3E38B35.4D4702B0C3E38B35.4D4702B0C3E38B35.4DD68F0663C025AA&__acm__=1526497805_8fef306ea85c32bba362b3a5be134437’

     0K .......... .......... .......... .......... ..........  5% 1.83M 0s
    50K .......... .......... .......... .......... .......... 11% 3.58M 0s
   100K .......... .......... .......... .......... .......... 16% 3.45M 0s
   150K .......... .......... .......... .......... .......... 22% 5.11M 0s
   200K .......... .......... .......... .......... .......... 27% 4.38M 0s
   250K .......... .......... .......... .......... .......... 33% 4.05M 0s
   300K .......... .......... .......... .......... .......... 38% 2.85M 0s
   350K .......... .......... .......... .......... .......... 44% 6.30M 0s
   400K .......... .......... .......... .......... .......... 49% 2.30M 0s
   450K .......... .......... .......... .......... .......... 55% 16.0M 0s
   500K .......... .......... .......... .......... .......... 60% 3.66M 0s
   550K .......... .......... .......... .......... .......... 66% 5.67M 0s
   600K .......... .......... .......... .......... .......... 72% 2.70M 0s
   650K .......... .......... .......... .......... .......... 77% 8.55M 0s
   700K .......... .......... .......... .......... .......... 83% 3.87M 0s
   750K .......... .......... .......... .......... .......... 88% 2.42M 0s
   800K .......... .......... .......... .......... .......... 94% 3.02M 0s
   850K .......... .......... .......... .......... .......... 99% 18.6M 0s
   900K ..                                                    100% 33.6M=0.2s

2018-05-16 15:05:05 (3.77 MB/s) - ‘../data/delivery.acm.org/10.1145/3200000/3192329/p1867-wilde.pdf?ip=24.48.71.56&id=3192329&acc=OPENTOC&key=4D4702B0C3E38B35.4D4702B0C3E38B35.4D4702B0C3E38B35.4DD68F0663C025AA&__acm__=1526497805_8fef306ea85c32bba362b3a5be134437’ saved [924300/924300]

FINISHED --2018-05-16 15:05:05--
Total wall clock time: 0.4s
Downloaded: 1 files, 903K in 0.2s (3.77 MB/s)
Converted links in 0 files in 0 seconds.
