--2018-05-16 15:29:24--  http://delivery.acm.org/10.1145/3190000/3186581/p647-wang.html?ip=24.48.71.56&id=3186581&acc=OPENTOC&key=4D4702B0C3E38B35%2E4D4702B0C3E38B35%2E4D4702B0C3E38B35%2E4DD68F0663C025AA&__acm__=1526499264_3bdbd974e32ef1f7bc26c2c0511d6db4
Resolving delivery.acm.org (delivery.acm.org)... 24.200.120.90, 24.200.120.82
Connecting to delivery.acm.org (delivery.acm.org)|24.200.120.90|:80... connected.
HTTP request sent, awaiting response... 200 OK
Length: 69109 (67K) [text/html]
Saving to: ‘../data/delivery.acm.org/10.1145/3190000/3186581/p647-wang.html?ip=24.48.71.56&id=3186581&acc=OPENTOC&key=4D4702B0C3E38B35.4D4702B0C3E38B35.4D4702B0C3E38B35.4DD68F0663C025AA&__acm__=1526499264_3bdbd974e32ef1f7bc26c2c0511d6db4’

     0K .......... .......... .......... .......... .......... 74% 1.99M 0s
    50K .......... .......                                    100%  136M=0.02s

2018-05-16 15:29:24 (2.68 MB/s) - ‘../data/delivery.acm.org/10.1145/3190000/3186581/p647-wang.html?ip=24.48.71.56&id=3186581&acc=OPENTOC&key=4D4702B0C3E38B35.4D4702B0C3E38B35.4D4702B0C3E38B35.4DD68F0663C025AA&__acm__=1526499264_3bdbd974e32ef1f7bc26c2c0511d6db4’ saved [69109/69109]

--2018-05-16 15:29:24--  http://deliveryimages.acm.org/10.1145/3190000/3186581/images/www18companion-135-fig1.jpg
Resolving deliveryimages.acm.org (deliveryimages.acm.org)... 104.17.80.191, 104.17.79.191
Connecting to deliveryimages.acm.org (deliveryimages.acm.org)|104.17.80.191|:80... connected.
HTTP request sent, awaiting response... 301 Moved Permanently
Location: https://deliveryimages.acm.org/10.1145/3190000/3186581/images/www18companion-135-fig1.jpg [following]
--2018-05-16 15:29:24--  https://deliveryimages.acm.org/10.1145/3190000/3186581/images/www18companion-135-fig1.jpg
Connecting to deliveryimages.acm.org (deliveryimages.acm.org)|104.17.80.191|:443... connected.
HTTP request sent, awaiting response... 200 OK
Length: 76287 (74K) [image/jpeg]
Saving to: ‘../data/deliveryimages.acm.org/10.1145/3190000/3186581/images/www18companion-135-fig1.jpg’

     0K .......... .......... .......... .......... .......... 67% 1.16M 0s
    50K .......... .......... ....                            100% 2.47M=0.05s

2018-05-16 15:29:24 (1.40 MB/s) - ‘../data/deliveryimages.acm.org/10.1145/3190000/3186581/images/www18companion-135-fig1.jpg’ saved [76287/76287]

--2018-05-16 15:29:24--  http://deliveryimages.acm.org/10.1145/3190000/3186581/images/www18companion-135-fig2.jpg
Connecting to deliveryimages.acm.org (deliveryimages.acm.org)|104.17.80.191|:80... connected.
HTTP request sent, awaiting response... 301 Moved Permanently
Location: https://deliveryimages.acm.org/10.1145/3190000/3186581/images/www18companion-135-fig2.jpg [following]
--2018-05-16 15:29:24--  https://deliveryimages.acm.org/10.1145/3190000/3186581/images/www18companion-135-fig2.jpg
Connecting to deliveryimages.acm.org (deliveryimages.acm.org)|104.17.80.191|:443... connected.
HTTP request sent, awaiting response... 200 OK
Length: 206183 (201K) [image/jpeg]
Saving to: ‘../data/deliveryimages.acm.org/10.1145/3190000/3186581/images/www18companion-135-fig2.jpg’

     0K .......... .......... .......... .......... .......... 24% 1.02M 0s
    50K .......... .......... .......... .......... .......... 49% 3.19M 0s
   100K .......... .......... .......... .......... .......... 74% 1.10M 0s
   150K .......... .......... .......... .......... .......... 99% 1.67M 0s
   200K .                                                     100% 2576G=0.1s

2018-05-16 15:29:25 (1.44 MB/s) - ‘../data/deliveryimages.acm.org/10.1145/3190000/3186581/images/www18companion-135-fig2.jpg’ saved [206183/206183]

--2018-05-16 15:29:25--  http://deliveryimages.acm.org/10.1145/3190000/3186581/images/www18companion-135-fig3.jpg
Connecting to deliveryimages.acm.org (deliveryimages.acm.org)|104.17.80.191|:80... connected.
HTTP request sent, awaiting response... 301 Moved Permanently
Location: https://deliveryimages.acm.org/10.1145/3190000/3186581/images/www18companion-135-fig3.jpg [following]
--2018-05-16 15:29:25--  https://deliveryimages.acm.org/10.1145/3190000/3186581/images/www18companion-135-fig3.jpg
Connecting to deliveryimages.acm.org (deliveryimages.acm.org)|104.17.80.191|:443... connected.
HTTP request sent, awaiting response... 200 OK
Length: 150327 (147K) [image/jpeg]
Saving to: ‘../data/deliveryimages.acm.org/10.1145/3190000/3186581/images/www18companion-135-fig3.jpg’

     0K .......... .......... .......... .......... .......... 34% 1.31M 0s
    50K .......... .......... .......... .......... .......... 68% 5.64M 0s
   100K .......... .......... .......... .......... ......    100% 3.87M=0.06s

2018-05-16 15:29:25 (2.49 MB/s) - ‘../data/deliveryimages.acm.org/10.1145/3190000/3186581/images/www18companion-135-fig3.jpg’ saved [150327/150327]

--2018-05-16 15:29:25--  http://deliveryimages.acm.org/10.1145/3190000/3186581/images/www18companion-135-fig4.jpg
Connecting to deliveryimages.acm.org (deliveryimages.acm.org)|104.17.80.191|:80... connected.
HTTP request sent, awaiting response... 301 Moved Permanently
Location: https://deliveryimages.acm.org/10.1145/3190000/3186581/images/www18companion-135-fig4.jpg [following]
--2018-05-16 15:29:25--  https://deliveryimages.acm.org/10.1145/3190000/3186581/images/www18companion-135-fig4.jpg
Connecting to deliveryimages.acm.org (deliveryimages.acm.org)|104.17.80.191|:443... connected.
HTTP request sent, awaiting response... 200 OK
Length: 271097 (265K) [image/jpeg]
Saving to: ‘../data/deliveryimages.acm.org/10.1145/3190000/3186581/images/www18companion-135-fig4.jpg’

     0K .......... .......... .......... .......... .......... 18% 1.32M 0s
    50K .......... .......... .......... .......... .......... 37% 2.09M 0s
   100K .......... .......... .......... .......... .......... 56% 6.31M 0s
   150K .......... .......... .......... .......... .......... 75% 1.60M 0s
   200K .......... .......... .......... .......... .......... 94%  142M 0s
   250K .......... ....                                       100%  148M=0.1s

2018-05-16 15:29:26 (2.62 MB/s) - ‘../data/deliveryimages.acm.org/10.1145/3190000/3186581/images/www18companion-135-fig4.jpg’ saved [271097/271097]

--2018-05-16 15:29:26--  http://deliveryimages.acm.org/10.1145/3190000/3186581/images/www18companion-135-fig5.jpg
Connecting to deliveryimages.acm.org (deliveryimages.acm.org)|104.17.80.191|:80... connected.
HTTP request sent, awaiting response... 301 Moved Permanently
Location: https://deliveryimages.acm.org/10.1145/3190000/3186581/images/www18companion-135-fig5.jpg [following]
--2018-05-16 15:29:26--  https://deliveryimages.acm.org/10.1145/3190000/3186581/images/www18companion-135-fig5.jpg
Connecting to deliveryimages.acm.org (deliveryimages.acm.org)|104.17.80.191|:443... connected.
HTTP request sent, awaiting response... 200 OK
Length: 549616 (537K) [image/jpeg]
Saving to: ‘../data/deliveryimages.acm.org/10.1145/3190000/3186581/images/www18companion-135-fig5.jpg’

     0K .......... .......... .......... .......... ..........  9% 1.25M 0s
    50K .......... .......... .......... .......... .......... 18% 3.27M 0s
   100K .......... .......... .......... .......... .......... 27% 3.86M 0s
   150K .......... .......... .......... .......... .......... 37% 4.26M 0s
   200K .......... .......... .......... .......... .......... 46% 4.14M 0s
   250K .......... .......... .......... .......... .......... 55% 4.11M 0s
   300K .......... .......... .......... .......... .......... 65% 3.48M 0s
   350K .......... .......... .......... .......... .......... 74% 3.03M 0s
   400K .......... .......... .......... .......... .......... 83% 5.03M 0s
   450K .......... .......... .......... .......... .......... 93% 4.90M 0s
   500K .......... .......... .......... ......               100% 4.59M=0.2s

2018-05-16 15:29:26 (3.29 MB/s) - ‘../data/deliveryimages.acm.org/10.1145/3190000/3186581/images/www18companion-135-fig5.jpg’ saved [549616/549616]

--2018-05-16 15:29:26--  http://deliveryimages.acm.org/10.1145/3190000/3186581/images/www18companion-135-fig6.jpg
Connecting to deliveryimages.acm.org (deliveryimages.acm.org)|104.17.80.191|:80... connected.
HTTP request sent, awaiting response... 301 Moved Permanently
Location: https://deliveryimages.acm.org/10.1145/3190000/3186581/images/www18companion-135-fig6.jpg [following]
--2018-05-16 15:29:26--  https://deliveryimages.acm.org/10.1145/3190000/3186581/images/www18companion-135-fig6.jpg
Connecting to deliveryimages.acm.org (deliveryimages.acm.org)|104.17.80.191|:443... connected.
HTTP request sent, awaiting response... 200 OK
Length: 588135 (574K) [image/jpeg]
Saving to: ‘../data/deliveryimages.acm.org/10.1145/3190000/3186581/images/www18companion-135-fig6.jpg’

     0K .......... .......... .......... .......... ..........  8% 1.26M 0s
    50K .......... .......... .......... .......... .......... 17% 3.50M 0s
   100K .......... .......... .......... .......... .......... 26% 4.04M 0s
   150K .......... .......... .......... .......... .......... 34% 4.26M 0s
   200K .......... .......... .......... .......... .......... 43% 2.84M 0s
   250K .......... .......... .......... .......... .......... 52% 5.33M 0s
   300K .......... .......... .......... .......... .......... 60% 5.27M 0s
   350K .......... .......... .......... .......... .......... 69% 2.65M 0s
   400K .......... .......... .......... .......... .......... 78% 4.46M 0s
   450K .......... .......... .......... .......... .......... 87% 2.86M 0s
   500K .......... .......... .......... .......... .......... 95% 8.19M 0s
   550K .......... .......... ....                            100% 3.71M=0.2s

2018-05-16 15:29:26 (3.29 MB/s) - ‘../data/deliveryimages.acm.org/10.1145/3190000/3186581/images/www18companion-135-fig6.jpg’ saved [588135/588135]

FINISHED --2018-05-16 15:29:26--
Total wall clock time: 2.6s
Downloaded: 7 files, 1.8M in 0.7s (2.60 MB/s)
Converting links in ../data/delivery.acm.org/10.1145/3190000/3186581/p647-wang.html?ip=24.48.71.56&id=3186581&acc=OPENTOC&key=4D4702B0C3E38B35.4D4702B0C3E38B35.4D4702B0C3E38B35.4DD68F0663C025AA&__acm__=1526499264_3bdbd974e32ef1f7bc26c2c0511d6db4... 78-0
Converted links in 1 files in 0.002 seconds.
