The name is too long, 181 chars total.
Trying to shorten...
New name is p23-yang.html?ip=84.92.48.26&id=3186033&acc=OPENTOC&key=4D4702B0C3E38B35%2E4D4702B0C3E38B35%2E4D4702B0C3E38B35%2E4DD68F0663C.
--2018-05-16 19:34:07--  http://delivery.acm.org/10.1145/3190000/3186033/p23-yang.html?ip=84.92.48.26&id=3186033&acc=OPENTOC&key=4D4702B0C3E38B35%2E4D4702B0C3E38B35%2E4D4702B0C3E38B35%2E4DD68F0663C025AA&__acm__=1526495947_165ff3813b9f8ec485eae8cfc14860f1
Resolving delivery.acm.org (delivery.acm.org)... 23.62.2.59, 23.62.2.64
Connecting to delivery.acm.org (delivery.acm.org)|23.62.2.59|:80... connected.
HTTP request sent, awaiting response... 200 OK
Length: 103983 (102K) [text/html]
Saving to: ‘../data/delivery.acm.org/10.1145/3190000/3186033/p23-yang.html?ip=84.92.48.26&id=3186033&acc=OPENTOC&key=4D4702B0C3E38B35%2E4D4702B0C3E38B35%2E4D4702B0C3E38B35%2E4DD68F0663C’

     0K .......... .......... .......... .......... .......... 49% 2.19M 0s
    50K .......... .......... .......... .......... .......... 98%  775K 0s
   100K .                                                     100% 2949G=0.09s

2018-05-16 19:34:08 (1.14 MB/s) - ‘../data/delivery.acm.org/10.1145/3190000/3186033/p23-yang.html?ip=84.92.48.26&id=3186033&acc=OPENTOC&key=4D4702B0C3E38B35%2E4D4702B0C3E38B35%2E4D4702B0C3E38B35%2E4DD68F0663C’ saved [103983/103983]

--2018-05-16 19:34:08--  http://deliveryimages.acm.org/10.1145/3190000/3186033/images/www2018-42-fig1.svg
Resolving deliveryimages.acm.org (deliveryimages.acm.org)... 104.17.79.191, 104.17.80.191
Connecting to deliveryimages.acm.org (deliveryimages.acm.org)|104.17.79.191|:80... connected.
HTTP request sent, awaiting response... 301 Moved Permanently
Location: https://deliveryimages.acm.org/10.1145/3190000/3186033/images/www2018-42-fig1.svg [following]
--2018-05-16 19:34:08--  https://deliveryimages.acm.org/10.1145/3190000/3186033/images/www2018-42-fig1.svg
Connecting to deliveryimages.acm.org (deliveryimages.acm.org)|104.17.79.191|:443... connected.
HTTP request sent, awaiting response... 200 OK
Length: 19696 (19K) [image/svg+xml]
Saving to: ‘../data/deliveryimages.acm.org/10.1145/3190000/3186033/images/www2018-42-fig1.svg’

     0K .......... .........                                  100% 1.08M=0.02s

2018-05-16 19:34:08 (1.08 MB/s) - ‘../data/deliveryimages.acm.org/10.1145/3190000/3186033/images/www2018-42-fig1.svg’ saved [19696/19696]

--2018-05-16 19:34:08--  http://deliveryimages.acm.org/10.1145/3190000/3186033/images/www2018-42-img1.svg
Connecting to deliveryimages.acm.org (deliveryimages.acm.org)|104.17.79.191|:80... connected.
HTTP request sent, awaiting response... 301 Moved Permanently
Location: https://deliveryimages.acm.org/10.1145/3190000/3186033/images/www2018-42-img1.svg [following]
--2018-05-16 19:34:08--  https://deliveryimages.acm.org/10.1145/3190000/3186033/images/www2018-42-img1.svg
Connecting to deliveryimages.acm.org (deliveryimages.acm.org)|104.17.79.191|:443... connected.
HTTP request sent, awaiting response... 200 OK
Length: 114614 (112K) [image/svg+xml]
Saving to: ‘../data/deliveryimages.acm.org/10.1145/3190000/3186033/images/www2018-42-img1.svg’

     0K .......... .......... .......... .......... .......... 44% 16.1K 4s
    50K .......... .......... .......... .......... .......... 89% 27.7K 1s
   100K .......... .                                          100% 2.01M=4.9s

2018-05-16 19:34:14 (22.8 KB/s) - ‘../data/deliveryimages.acm.org/10.1145/3190000/3186033/images/www2018-42-img1.svg’ saved [114614/114614]

--2018-05-16 19:34:14--  http://deliveryimages.acm.org/10.1145/3190000/3186033/images/www2018-42-img2.svg
Connecting to deliveryimages.acm.org (deliveryimages.acm.org)|104.17.79.191|:80... connected.
HTTP request sent, awaiting response... 301 Moved Permanently
Location: https://deliveryimages.acm.org/10.1145/3190000/3186033/images/www2018-42-img2.svg [following]
--2018-05-16 19:34:14--  https://deliveryimages.acm.org/10.1145/3190000/3186033/images/www2018-42-img2.svg
Connecting to deliveryimages.acm.org (deliveryimages.acm.org)|104.17.79.191|:443... connected.
HTTP request sent, awaiting response... 200 OK
Length: 119483 (117K) [image/svg+xml]
Saving to: ‘../data/deliveryimages.acm.org/10.1145/3190000/3186033/images/www2018-42-img2.svg’

     0K .......... .......... .......... .......... .......... 42% 1.38M 0s
    50K .......... .......... .......... .......... .......... 85% 2.77M 0s
   100K .......... ......                                     100% 5.25M=0.06s

2018-05-16 19:34:14 (2.03 MB/s) - ‘../data/deliveryimages.acm.org/10.1145/3190000/3186033/images/www2018-42-img2.svg’ saved [119483/119483]

--2018-05-16 19:34:14--  http://deliveryimages.acm.org/10.1145/3190000/3186033/images/www2018-42-fig2.jpg
Connecting to deliveryimages.acm.org (deliveryimages.acm.org)|104.17.79.191|:80... connected.
HTTP request sent, awaiting response... 301 Moved Permanently
Location: https://deliveryimages.acm.org/10.1145/3190000/3186033/images/www2018-42-fig2.jpg [following]
--2018-05-16 19:34:15--  https://deliveryimages.acm.org/10.1145/3190000/3186033/images/www2018-42-fig2.jpg
Connecting to deliveryimages.acm.org (deliveryimages.acm.org)|104.17.79.191|:443... connected.
HTTP request sent, awaiting response... 200 OK
Length: 1020625 (997K) [image/jpeg]
Saving to: ‘../data/deliveryimages.acm.org/10.1145/3190000/3186033/images/www2018-42-fig2.jpg’

     0K .......... .......... .......... .......... ..........  5% 45.9K 21s
    50K .......... .......... .......... .......... .......... 10% 27.3K 26s
   100K .......... .......... .......... .......... .......... 15% 77.4K 20s
   150K .......... .......... .......... .......... .......... 20% 17.3K 26s
   200K .......... .......... .......... .......... .......... 25% 29.1K 24s
   250K .......... .......... .......... .......... .......... 30% 22.5K 24s
   300K .......... .......... .......... .......... .......... 35% 36.5K 22s
   350K .......... .......... .......... .......... .......... 40% 16.8K 22s
   400K .......... .......... .......... .......... .......... 45% 30.8K 20s
   450K .......... .......... .......... .......... .......... 50% 49.2K 17s
   500K .......... .......... .......... .......... .......... 55% 16.9K 17s
   550K .......... .......... .......... .......... .......... 60% 12.0K 16s
   600K .......... .......... .......... .......... .......... 65% 40.9K 14s
   650K .......... .......... .......... .......... .......... 70% 43.9K 11s
   700K .......... .......... .......... .......... .......... 75% 42.5K 9s
   750K .......... .......... .......... .......... .......... 80% 18.5K 8s
   800K .......... .......... .......... .......... .......... 85% 27.2K 6s
   850K .......... .......... .......... .......... .......... 90% 61.2K 4s
   900K .......... .......... .......... .......... .......... 95% 25.8K 2s
   950K .......... .......... .......... .......... ......    100% 20.0K=38s

2018-05-16 19:34:54 (26.5 KB/s) - ‘../data/deliveryimages.acm.org/10.1145/3190000/3186033/images/www2018-42-fig2.jpg’ saved [1020625/1020625]

--2018-05-16 19:34:54--  http://deliveryimages.acm.org/10.1145/3190000/3186033/images/www2018-42-fig3.jpg
Connecting to deliveryimages.acm.org (deliveryimages.acm.org)|104.17.79.191|:80... connected.
HTTP request sent, awaiting response... 301 Moved Permanently
Location: https://deliveryimages.acm.org/10.1145/3190000/3186033/images/www2018-42-fig3.jpg [following]
--2018-05-16 19:34:54--  https://deliveryimages.acm.org/10.1145/3190000/3186033/images/www2018-42-fig3.jpg
Connecting to deliveryimages.acm.org (deliveryimages.acm.org)|104.17.79.191|:443... connected.
HTTP request sent, awaiting response... 200 OK
Length: 673337 (658K) [image/jpeg]
Saving to: ‘../data/deliveryimages.acm.org/10.1145/3190000/3186033/images/www2018-42-fig3.jpg’

     0K .......... .......... .......... .......... ..........  7% 1.23M 0s
    50K .......... .......... .......... .......... .......... 15% 1.66M 0s
   100K .......... .......... .......... .......... .......... 22% 4.11M 0s
   150K .......... .......... .......... .......... .......... 30% 3.57M 0s
   200K .......... .......... .......... .......... .......... 38% 4.48M 0s
   250K .......... .......... .......... .......... .......... 45% 3.81M 0s
   300K .......... .......... .......... .......... .......... 53% 3.98M 0s
   350K .......... .......... .......... .......... .......... 60% 4.03M 0s
   400K .......... .......... .......... .......... .......... 68% 5.06M 0s
   450K .......... .......... .......... .......... .......... 76% 3.75M 0s
   500K .......... .......... .......... .......... .......... 83% 4.33M 0s
   550K .......... .......... .......... .......... .......... 91% 4.90M 0s
   600K .......... .......... .......... .......... .......... 98% 4.13M 0s
   650K .......                                               100% 8.90M=0.2s

2018-05-16 19:34:54 (3.22 MB/s) - ‘../data/deliveryimages.acm.org/10.1145/3190000/3186033/images/www2018-42-fig3.jpg’ saved [673337/673337]

--2018-05-16 19:34:54--  http://deliveryimages.acm.org/10.1145/3190000/3186033/images/www2018-42-fig4.jpg
Connecting to deliveryimages.acm.org (deliveryimages.acm.org)|104.17.79.191|:80... connected.
HTTP request sent, awaiting response... 301 Moved Permanently
Location: https://deliveryimages.acm.org/10.1145/3190000/3186033/images/www2018-42-fig4.jpg [following]
--2018-05-16 19:34:54--  https://deliveryimages.acm.org/10.1145/3190000/3186033/images/www2018-42-fig4.jpg
Connecting to deliveryimages.acm.org (deliveryimages.acm.org)|104.17.79.191|:443... connected.
HTTP request sent, awaiting response... 200 OK
Length: 820404 (801K) [image/jpeg]
Saving to: ‘../data/deliveryimages.acm.org/10.1145/3190000/3186033/images/www2018-42-fig4.jpg’

     0K .......... .......... .......... .......... ..........  6% 1.37M 1s
    50K .......... .......... .......... .......... .......... 12% 2.67M 0s
   100K .......... .......... .......... .......... .......... 18% 3.05M 0s
   150K .......... .......... .......... .......... .......... 24% 2.67M 0s
   200K .......... .......... .......... .......... .......... 31% 3.53M 0s
   250K .......... .......... .......... .......... .......... 37% 3.08M 0s
   300K .......... .......... .......... .......... .......... 43% 3.89M 0s
   350K .......... .......... .......... .......... .......... 49% 2.65M 0s
   400K .......... .......... .......... .......... .......... 56% 3.75M 0s
   450K .......... .......... .......... .......... .......... 62% 3.90M 0s
   500K .......... .......... .......... .......... .......... 68% 3.92M 0s
   550K .......... .......... .......... .......... .......... 74% 3.90M 0s
   600K .......... .......... .......... .......... .......... 81% 4.08M 0s
   650K .......... .......... .......... .......... .......... 87% 4.15M 0s
   700K .......... .......... .......... .......... .......... 93% 5.05M 0s
   750K .......... .......... .......... .......... .......... 99% 4.56M 0s
   800K .                                                     100% 2243G=0.2s

2018-05-16 19:34:55 (3.21 MB/s) - ‘../data/deliveryimages.acm.org/10.1145/3190000/3186033/images/www2018-42-fig4.jpg’ saved [820404/820404]

--2018-05-16 19:34:55--  http://deliveryimages.acm.org/10.1145/3190000/3186033/images/www2018-42-fig5.jpg
Connecting to deliveryimages.acm.org (deliveryimages.acm.org)|104.17.79.191|:80... connected.
HTTP request sent, awaiting response... 301 Moved Permanently
Location: https://deliveryimages.acm.org/10.1145/3190000/3186033/images/www2018-42-fig5.jpg [following]
--2018-05-16 19:34:55--  https://deliveryimages.acm.org/10.1145/3190000/3186033/images/www2018-42-fig5.jpg
Connecting to deliveryimages.acm.org (deliveryimages.acm.org)|104.17.79.191|:443... connected.
HTTP request sent, awaiting response... 200 OK
Length: 866429 (846K) [image/jpeg]
Saving to: ‘../data/deliveryimages.acm.org/10.1145/3190000/3186033/images/www2018-42-fig5.jpg’

     0K .......... .......... .......... .......... ..........  5% 20.9K 38s
    50K .......... .......... .......... .......... .......... 11% 85.3K 22s
   100K .......... .......... .......... .......... .......... 17% 25.2K 23s
   150K .......... .......... .......... .......... .......... 23% 24.0K 23s
   200K .......... .......... .......... .......... .......... 29% 36.1K 20s
   250K .......... .......... .......... .......... .......... 35% 22.8K 19s
   300K .......... .......... .......... .......... .......... 41% 3.41M 15s
   350K .......... .......... .......... .......... .......... 47% 21.2K 15s
   400K .......... .......... .......... .......... .......... 53% 18.6K 14s
   450K .......... .......... .......... .......... .......... 59% 18.9K 13s
   500K .......... .......... .......... .......... .......... 65% 22.9K 11s
   550K .......... .......... .......... .......... .......... 70% 40.3K 9s
   600K .......... .......... .......... .......... .......... 76% 36.5K 7s
   650K .......... .......... .......... .......... .......... 82% 35.8K 5s
   700K .......... .......... .......... .......... .......... 88% 16.8K 4s
   750K .......... .......... .......... .......... .......... 94% 13.7K 2s
   800K .......... .......... .......... .......... ......    100%  200K=31s

2018-05-16 19:35:27 (27.0 KB/s) - ‘../data/deliveryimages.acm.org/10.1145/3190000/3186033/images/www2018-42-fig5.jpg’ saved [866429/866429]

FINISHED --2018-05-16 19:35:27--
Total wall clock time: 1m 20s
Downloaded: 8 files, 3.6M in 1m 15s (49.0 KB/s)
Converting links in ../data/delivery.acm.org/10.1145/3190000/3186033/p23-yang.html?ip=84.92.48.26&id=3186033&acc=OPENTOC&key=4D4702B0C3E38B35%2E4D4702B0C3E38B35%2E4D4702B0C3E38B35%2E4DD68F0663C... 120-0
Converted links in 1 files in 0.005 seconds.
