--2018-05-16 14:31:43--  http://delivery.acm.org/10.1145/3190000/3186026/p1277-zhang.html?ip=24.48.71.56&id=3186026&acc=OPENTOC&key=4D4702B0C3E38B35%2E4D4702B0C3E38B35%2E4D4702B0C3E38B35%2E4DD68F0663C025AA&__acm__=1526495803_b813b7f8a6456bbf2bf5df6157a0dd83
Resolving delivery.acm.org (delivery.acm.org)... 24.200.120.90, 24.200.120.82
Connecting to delivery.acm.org (delivery.acm.org)|24.200.120.90|:80... connected.
HTTP request sent, awaiting response... 200 OK
Length: 91783 (90K) [text/html]
Saving to: ‘../data/delivery.acm.org/10.1145/3190000/3186026/p1277-zhang.html?ip=24.48.71.56&id=3186026&acc=OPENTOC&key=4D4702B0C3E38B35.4D4702B0C3E38B35.4D4702B0C3E38B35.4DD68F0663C025AA&__acm__=1526495803_b813b7f8a6456bbf2bf5df6157a0dd83’

     0K .......... .......... .......... .......... .......... 55% 2.15M 0s
    50K .......... .......... .......... .........            100% 4.75M=0.03s

2018-05-16 14:31:44 (2.83 MB/s) - ‘../data/delivery.acm.org/10.1145/3190000/3186026/p1277-zhang.html?ip=24.48.71.56&id=3186026&acc=OPENTOC&key=4D4702B0C3E38B35.4D4702B0C3E38B35.4D4702B0C3E38B35.4DD68F0663C025AA&__acm__=1526495803_b813b7f8a6456bbf2bf5df6157a0dd83’ saved [91783/91783]

--2018-05-16 14:31:44--  http://deliveryimages.acm.org/10.1145/3190000/3186026/images/www2018-35-fig1.jpg
Resolving deliveryimages.acm.org (deliveryimages.acm.org)... 104.17.79.191, 104.17.80.191
Connecting to deliveryimages.acm.org (deliveryimages.acm.org)|104.17.79.191|:80... connected.
HTTP request sent, awaiting response... 301 Moved Permanently
Location: https://deliveryimages.acm.org/10.1145/3190000/3186026/images/www2018-35-fig1.jpg [following]
--2018-05-16 14:31:44--  https://deliveryimages.acm.org/10.1145/3190000/3186026/images/www2018-35-fig1.jpg
Connecting to deliveryimages.acm.org (deliveryimages.acm.org)|104.17.79.191|:443... connected.
HTTP request sent, awaiting response... 200 OK
Length: 86658 (85K) [image/jpeg]
Saving to: ‘../data/deliveryimages.acm.org/10.1145/3190000/3186026/images/www2018-35-fig1.jpg’

     0K .......... .......... .......... .......... .......... 59% 1.43M 0s
    50K .......... .......... .......... ....                 100% 3.97M=0.04s

2018-05-16 14:31:44 (1.94 MB/s) - ‘../data/deliveryimages.acm.org/10.1145/3190000/3186026/images/www2018-35-fig1.jpg’ saved [86658/86658]

--2018-05-16 14:31:44--  http://deliveryimages.acm.org/10.1145/3190000/3186026/images/www2018-35-fig2.jpg
Connecting to deliveryimages.acm.org (deliveryimages.acm.org)|104.17.79.191|:80... connected.
HTTP request sent, awaiting response... 301 Moved Permanently
Location: https://deliveryimages.acm.org/10.1145/3190000/3186026/images/www2018-35-fig2.jpg [following]
--2018-05-16 14:31:44--  https://deliveryimages.acm.org/10.1145/3190000/3186026/images/www2018-35-fig2.jpg
Connecting to deliveryimages.acm.org (deliveryimages.acm.org)|104.17.79.191|:443... connected.
HTTP request sent, awaiting response... 200 OK
Length: 153345 (150K) [image/jpeg]
Saving to: ‘../data/deliveryimages.acm.org/10.1145/3190000/3186026/images/www2018-35-fig2.jpg’

     0K .......... .......... .......... .......... .......... 33%  836K 0s
    50K .......... .......... .......... .......... .......... 66% 2.36M 0s
   100K .......... .......... .......... .......... ......... 100% 5.28M=0.09s

2018-05-16 14:31:44 (1.63 MB/s) - ‘../data/deliveryimages.acm.org/10.1145/3190000/3186026/images/www2018-35-fig2.jpg’ saved [153345/153345]

--2018-05-16 14:31:44--  http://deliveryimages.acm.org/10.1145/3190000/3186026/images/www2018-35-fig3.jpg
Connecting to deliveryimages.acm.org (deliveryimages.acm.org)|104.17.79.191|:80... connected.
HTTP request sent, awaiting response... 301 Moved Permanently
Location: https://deliveryimages.acm.org/10.1145/3190000/3186026/images/www2018-35-fig3.jpg [following]
--2018-05-16 14:31:44--  https://deliveryimages.acm.org/10.1145/3190000/3186026/images/www2018-35-fig3.jpg
Connecting to deliveryimages.acm.org (deliveryimages.acm.org)|104.17.79.191|:443... connected.
HTTP request sent, awaiting response... 200 OK
Length: 121432 (119K) [image/jpeg]
Saving to: ‘../data/deliveryimages.acm.org/10.1145/3190000/3186026/images/www2018-35-fig3.jpg’

     0K .......... .......... .......... .......... .......... 42%  780K 0s
    50K .......... .......... .......... .......... .......... 84% 1.69M 0s
   100K .......... ........                                   100% 5.12M=0.1s

2018-05-16 14:31:45 (1.20 MB/s) - ‘../data/deliveryimages.acm.org/10.1145/3190000/3186026/images/www2018-35-fig3.jpg’ saved [121432/121432]

--2018-05-16 14:31:45--  http://deliveryimages.acm.org/10.1145/3190000/3186026/images/www2018-35-fig4.jpg
Connecting to deliveryimages.acm.org (deliveryimages.acm.org)|104.17.79.191|:80... connected.
HTTP request sent, awaiting response... 301 Moved Permanently
Location: https://deliveryimages.acm.org/10.1145/3190000/3186026/images/www2018-35-fig4.jpg [following]
--2018-05-16 14:31:45--  https://deliveryimages.acm.org/10.1145/3190000/3186026/images/www2018-35-fig4.jpg
Connecting to deliveryimages.acm.org (deliveryimages.acm.org)|104.17.79.191|:443... connected.
HTTP request sent, awaiting response... 200 OK
Length: 210077 (205K) [image/jpeg]
Saving to: ‘../data/deliveryimages.acm.org/10.1145/3190000/3186026/images/www2018-35-fig4.jpg’

     0K .......... .......... .......... .......... .......... 24% 1.56M 0s
    50K .......... .......... .......... .......... .......... 48% 3.47M 0s
   100K .......... .......... .......... .......... .......... 73% 3.64M 0s
   150K .......... .......... .......... .......... .......... 97% 5.76M 0s
   200K .....                                                 100% 11.1M=0.07s

2018-05-16 14:31:45 (2.96 MB/s) - ‘../data/deliveryimages.acm.org/10.1145/3190000/3186026/images/www2018-35-fig4.jpg’ saved [210077/210077]

--2018-05-16 14:31:45--  http://deliveryimages.acm.org/10.1145/3190000/3186026/images/www2018-35-fig5.jpg
Connecting to deliveryimages.acm.org (deliveryimages.acm.org)|104.17.79.191|:80... connected.
HTTP request sent, awaiting response... 301 Moved Permanently
Location: https://deliveryimages.acm.org/10.1145/3190000/3186026/images/www2018-35-fig5.jpg [following]
--2018-05-16 14:31:45--  https://deliveryimages.acm.org/10.1145/3190000/3186026/images/www2018-35-fig5.jpg
Connecting to deliveryimages.acm.org (deliveryimages.acm.org)|104.17.79.191|:443... connected.
HTTP request sent, awaiting response... 200 OK
Length: 214736 (210K) [image/jpeg]
Saving to: ‘../data/deliveryimages.acm.org/10.1145/3190000/3186026/images/www2018-35-fig5.jpg’

     0K .......... .......... .......... .......... .......... 23% 1.23M 0s
    50K .......... .......... .......... .......... .......... 47% 2.42M 0s
   100K .......... .......... .......... .......... .......... 71% 2.08M 0s
   150K .......... .......... .......... .......... .......... 95% 4.32M 0s
   200K .........                                             100% 32.6M=0.1s

2018-05-16 14:31:46 (2.15 MB/s) - ‘../data/deliveryimages.acm.org/10.1145/3190000/3186026/images/www2018-35-fig5.jpg’ saved [214736/214736]

--2018-05-16 14:31:46--  http://deliveryimages.acm.org/10.1145/3190000/3186026/images/www2018-35-fig6.jpg
Connecting to deliveryimages.acm.org (deliveryimages.acm.org)|104.17.79.191|:80... connected.
HTTP request sent, awaiting response... 301 Moved Permanently
Location: https://deliveryimages.acm.org/10.1145/3190000/3186026/images/www2018-35-fig6.jpg [following]
--2018-05-16 14:31:46--  https://deliveryimages.acm.org/10.1145/3190000/3186026/images/www2018-35-fig6.jpg
Connecting to deliveryimages.acm.org (deliveryimages.acm.org)|104.17.79.191|:443... connected.
HTTP request sent, awaiting response... 200 OK
Length: 118689 (116K) [image/jpeg]
Saving to: ‘../data/deliveryimages.acm.org/10.1145/3190000/3186026/images/www2018-35-fig6.jpg’

     0K .......... .......... .......... .......... .......... 43% 1.49M 0s
    50K .......... .......... .......... .......... .......... 86% 2.23M 0s
   100K .......... .....                                      100% 3.16M=0.06s

2018-05-16 14:31:46 (1.90 MB/s) - ‘../data/deliveryimages.acm.org/10.1145/3190000/3186026/images/www2018-35-fig6.jpg’ saved [118689/118689]

FINISHED --2018-05-16 14:31:46--
Total wall clock time: 2.5s
Downloaded: 7 files, 973K in 0.5s (1.97 MB/s)
Converting links in ../data/delivery.acm.org/10.1145/3190000/3186026/p1277-zhang.html?ip=24.48.71.56&id=3186026&acc=OPENTOC&key=4D4702B0C3E38B35.4D4702B0C3E38B35.4D4702B0C3E38B35.4DD68F0663C025AA&__acm__=1526495803_b813b7f8a6456bbf2bf5df6157a0dd83... 110-0
Converted links in 1 files in 0.004 seconds.
