--2018-05-16 14:33:49--  http://delivery.acm.org/10.1145/3190000/3186069/p1573-rakesh.html?ip=24.48.71.56&id=3186069&acc=OPENTOC&key=4D4702B0C3E38B35%2E4D4702B0C3E38B35%2E4D4702B0C3E38B35%2E4DD68F0663C025AA&__acm__=1526495928_7a5026ba1c2e0701ca571039697d602d
Resolving delivery.acm.org (delivery.acm.org)... 24.200.120.90, 24.200.120.82
Connecting to delivery.acm.org (delivery.acm.org)|24.200.120.90|:80... connected.
HTTP request sent, awaiting response... 200 OK
Length: 112252 (110K) [text/html]
Saving to: ‘../data/delivery.acm.org/10.1145/3190000/3186069/p1573-rakesh.html?ip=24.48.71.56&id=3186069&acc=OPENTOC&key=4D4702B0C3E38B35.4D4702B0C3E38B35.4D4702B0C3E38B35.4DD68F0663C025AA&__acm__=1526495928_7a5026ba1c2e0701ca571039697d602d’

     0K .......... .......... .......... .......... .......... 45% 1.79M 0s
    50K .......... .......... .......... .......... .......... 91% 6.12M 0s
   100K .........                                             100% 9.92M=0.04s

2018-05-16 14:33:49 (2.95 MB/s) - ‘../data/delivery.acm.org/10.1145/3190000/3186069/p1573-rakesh.html?ip=24.48.71.56&id=3186069&acc=OPENTOC&key=4D4702B0C3E38B35.4D4702B0C3E38B35.4D4702B0C3E38B35.4DD68F0663C025AA&__acm__=1526495928_7a5026ba1c2e0701ca571039697d602d’ saved [112252/112252]

--2018-05-16 14:33:49--  http://deliveryimages.acm.org/10.1145/3190000/3186069/images/www2018-78-fig1.jpg
Resolving deliveryimages.acm.org (deliveryimages.acm.org)... 104.17.79.191, 104.17.80.191
Connecting to deliveryimages.acm.org (deliveryimages.acm.org)|104.17.79.191|:80... connected.
HTTP request sent, awaiting response... 301 Moved Permanently
Location: https://deliveryimages.acm.org/10.1145/3190000/3186069/images/www2018-78-fig1.jpg [following]
--2018-05-16 14:33:50--  https://deliveryimages.acm.org/10.1145/3190000/3186069/images/www2018-78-fig1.jpg
Connecting to deliveryimages.acm.org (deliveryimages.acm.org)|104.17.79.191|:443... connected.
HTTP request sent, awaiting response... 200 OK
Length: 154105 (150K) [image/jpeg]
Saving to: ‘../data/deliveryimages.acm.org/10.1145/3190000/3186069/images/www2018-78-fig1.jpg’

     0K .......... .......... .......... .......... .......... 33% 1.22M 0s
    50K .......... .......... .......... .......... .......... 66% 3.60M 0s
   100K .......... .......... .......... .......... .......... 99% 4.43M 0s
   150K                                                       100%  941G=0.06s

2018-05-16 14:33:50 (2.28 MB/s) - ‘../data/deliveryimages.acm.org/10.1145/3190000/3186069/images/www2018-78-fig1.jpg’ saved [154105/154105]

--2018-05-16 14:33:50--  http://deliveryimages.acm.org/10.1145/3190000/3186069/images/www2018-78-fig2.jpg
Connecting to deliveryimages.acm.org (deliveryimages.acm.org)|104.17.79.191|:80... connected.
HTTP request sent, awaiting response... 301 Moved Permanently
Location: https://deliveryimages.acm.org/10.1145/3190000/3186069/images/www2018-78-fig2.jpg [following]
--2018-05-16 14:33:50--  https://deliveryimages.acm.org/10.1145/3190000/3186069/images/www2018-78-fig2.jpg
Connecting to deliveryimages.acm.org (deliveryimages.acm.org)|104.17.79.191|:443... connected.
HTTP request sent, awaiting response... 200 OK
Length: 650350 (635K) [image/jpeg]
Saving to: ‘../data/deliveryimages.acm.org/10.1145/3190000/3186069/images/www2018-78-fig2.jpg’

     0K .......... .......... .......... .......... ..........  7% 1.67M 0s
    50K .......... .......... .......... .......... .......... 15% 2.81M 0s
   100K .......... .......... .......... .......... .......... 23% 3.24M 0s
   150K .......... .......... .......... .......... .......... 31% 2.42M 0s
   200K .......... .......... .......... .......... .......... 39% 9.54M 0s
   250K .......... .......... .......... .......... .......... 47% 3.53M 0s
   300K .......... .......... .......... .......... .......... 55% 5.27M 0s
   350K .......... .......... .......... .......... .......... 62% 3.43M 0s
   400K .......... .......... .......... .......... .......... 70% 3.35M 0s
   450K .......... .......... .......... .......... .......... 78% 4.68M 0s
   500K .......... .......... .......... .......... .......... 86% 5.06M 0s
   550K .......... .......... .......... .......... .......... 94% 4.54M 0s
   600K .......... .......... .......... .....                100% 5.60M=0.2s

2018-05-16 14:33:50 (3.53 MB/s) - ‘../data/deliveryimages.acm.org/10.1145/3190000/3186069/images/www2018-78-fig2.jpg’ saved [650350/650350]

--2018-05-16 14:33:50--  http://deliveryimages.acm.org/10.1145/3190000/3186069/images/www2018-78-img1.svg
Connecting to deliveryimages.acm.org (deliveryimages.acm.org)|104.17.79.191|:80... connected.
HTTP request sent, awaiting response... 301 Moved Permanently
Location: https://deliveryimages.acm.org/10.1145/3190000/3186069/images/www2018-78-img1.svg [following]
--2018-05-16 14:33:50--  https://deliveryimages.acm.org/10.1145/3190000/3186069/images/www2018-78-img1.svg
Connecting to deliveryimages.acm.org (deliveryimages.acm.org)|104.17.79.191|:443... connected.
HTTP request sent, awaiting response... 200 OK
Length: 132144 (129K) [image/svg+xml]
Saving to: ‘../data/deliveryimages.acm.org/10.1145/3190000/3186069/images/www2018-78-img1.svg’

     0K .......... .......... .......... .......... .......... 38% 1.80M 0s
    50K .......... .......... .......... .......... .......... 77% 3.29M 0s
   100K .......... .......... .........                       100% 4.89M=0.05s

2018-05-16 14:33:51 (2.64 MB/s) - ‘../data/deliveryimages.acm.org/10.1145/3190000/3186069/images/www2018-78-img1.svg’ saved [132144/132144]

--2018-05-16 14:33:51--  http://deliveryimages.acm.org/10.1145/3190000/3186069/images/www2018-78-fig3.jpg
Connecting to deliveryimages.acm.org (deliveryimages.acm.org)|104.17.79.191|:80... connected.
HTTP request sent, awaiting response... 301 Moved Permanently
Location: https://deliveryimages.acm.org/10.1145/3190000/3186069/images/www2018-78-fig3.jpg [following]
--2018-05-16 14:33:51--  https://deliveryimages.acm.org/10.1145/3190000/3186069/images/www2018-78-fig3.jpg
Connecting to deliveryimages.acm.org (deliveryimages.acm.org)|104.17.79.191|:443... connected.
HTTP request sent, awaiting response... 200 OK
Length: 707333 (691K) [image/jpeg]
Saving to: ‘../data/deliveryimages.acm.org/10.1145/3190000/3186069/images/www2018-78-fig3.jpg’

     0K .......... .......... .......... .......... ..........  7%  824K 1s
    50K .......... .......... .......... .......... .......... 14% 2.78M 0s
   100K .......... .......... .......... .......... .......... 21% 4.23M 0s
   150K .......... .......... .......... .......... .......... 28% 5.66M 0s
   200K .......... .......... .......... .......... .......... 36% 3.34M 0s
   250K .......... .......... .......... .......... .......... 43% 4.40M 0s
   300K .......... .......... .......... .......... .......... 50% 4.73M 0s
   350K .......... .......... .......... .......... .......... 57% 2.57M 0s
   400K .......... .......... .......... .......... .......... 65% 3.11M 0s
   450K .......... .......... .......... .......... .......... 72% 4.95M 0s
   500K .......... .......... .......... .......... .......... 79% 3.31M 0s
   550K .......... .......... .......... .......... .......... 86% 10.6M 0s
   600K .......... .......... .......... .......... .......... 94% 3.24M 0s
   650K .......... .......... .......... ..........           100% 12.9M=0.2s

2018-05-16 14:33:51 (3.12 MB/s) - ‘../data/deliveryimages.acm.org/10.1145/3190000/3186069/images/www2018-78-fig3.jpg’ saved [707333/707333]

--2018-05-16 14:33:51--  http://deliveryimages.acm.org/10.1145/3190000/3186069/images/www2018-78-fig4.jpg
Connecting to deliveryimages.acm.org (deliveryimages.acm.org)|104.17.79.191|:80... connected.
HTTP request sent, awaiting response... 301 Moved Permanently
Location: https://deliveryimages.acm.org/10.1145/3190000/3186069/images/www2018-78-fig4.jpg [following]
--2018-05-16 14:33:51--  https://deliveryimages.acm.org/10.1145/3190000/3186069/images/www2018-78-fig4.jpg
Connecting to deliveryimages.acm.org (deliveryimages.acm.org)|104.17.79.191|:443... connected.
HTTP request sent, awaiting response... 200 OK
Length: 389589 (380K) [image/jpeg]
Saving to: ‘../data/deliveryimages.acm.org/10.1145/3190000/3186069/images/www2018-78-fig4.jpg’

     0K .......... .......... .......... .......... .......... 13% 1.08M 0s
    50K .......... .......... .......... .......... .......... 26% 4.13M 0s
   100K .......... .......... .......... .......... .......... 39% 4.44M 0s
   150K .......... .......... .......... .......... .......... 52% 4.30M 0s
   200K .......... .......... .......... .......... .......... 65% 3.51M 0s
   250K .......... .......... .......... .......... .......... 78% 4.08M 0s
   300K .......... .......... .......... .......... .......... 91% 3.37M 0s
   350K .......... .......... ..........                      100% 8.44M=0.1s

2018-05-16 14:33:52 (3.01 MB/s) - ‘../data/deliveryimages.acm.org/10.1145/3190000/3186069/images/www2018-78-fig4.jpg’ saved [389589/389589]

--2018-05-16 14:33:52--  http://deliveryimages.acm.org/10.1145/3190000/3186069/images/www2018-78-fig5.jpg
Connecting to deliveryimages.acm.org (deliveryimages.acm.org)|104.17.79.191|:80... connected.
HTTP request sent, awaiting response... 301 Moved Permanently
Location: https://deliveryimages.acm.org/10.1145/3190000/3186069/images/www2018-78-fig5.jpg [following]
--2018-05-16 14:33:52--  https://deliveryimages.acm.org/10.1145/3190000/3186069/images/www2018-78-fig5.jpg
Connecting to deliveryimages.acm.org (deliveryimages.acm.org)|104.17.79.191|:443... connected.
HTTP request sent, awaiting response... 200 OK
Length: 857189 (837K) [image/jpeg]
Saving to: ‘../data/deliveryimages.acm.org/10.1145/3190000/3186069/images/www2018-78-fig5.jpg’

     0K .......... .......... .......... .......... ..........  5% 1.21M 1s
    50K .......... .......... .......... .......... .......... 11% 4.01M 0s
   100K .......... .......... .......... .......... .......... 17% 2.05M 0s
   150K .......... .......... .......... .......... .......... 23% 6.03M 0s
   200K .......... .......... .......... .......... .......... 29% 14.3M 0s
   250K .......... .......... .......... .......... .......... 35% 2.10M 0s
   300K .......... .......... .......... .......... .......... 41% 4.28M 0s
   350K .......... .......... .......... .......... .......... 47% 2.91M 0s
   400K .......... .......... .......... .......... .......... 53% 4.74M 0s
   450K .......... .......... .......... .......... .......... 59% 3.12M 0s
   500K .......... .......... .......... .......... .......... 65% 6.34M 0s
   550K .......... .......... .......... .......... .......... 71% 3.88M 0s
   600K .......... .......... .......... .......... .......... 77% 3.09M 0s
   650K .......... .......... .......... .......... .......... 83% 7.64M 0s
   700K .......... .......... .......... .......... .......... 89% 4.14M 0s
   750K .......... .......... .......... .......... .......... 95% 2.57M 0s
   800K .......... .......... .......... .......              100% 21.2M=0.2s

2018-05-16 14:33:52 (3.40 MB/s) - ‘../data/deliveryimages.acm.org/10.1145/3190000/3186069/images/www2018-78-fig5.jpg’ saved [857189/857189]

FINISHED --2018-05-16 14:33:52--
Total wall clock time: 2.7s
Downloaded: 7 files, 2.9M in 0.9s (3.17 MB/s)
Converting links in ../data/delivery.acm.org/10.1145/3190000/3186069/p1573-rakesh.html?ip=24.48.71.56&id=3186069&acc=OPENTOC&key=4D4702B0C3E38B35.4D4702B0C3E38B35.4D4702B0C3E38B35.4DD68F0663C025AA&__acm__=1526495928_7a5026ba1c2e0701ca571039697d602d... 90-0
Converted links in 1 files in 0.002 seconds.
