--2018-05-16 15:07:17--  http://delivery.acm.org/10.1145/3200000/3191592/p1451-ying.html?ip=24.48.71.56&id=3191592&acc=OPENTOC&key=4D4702B0C3E38B35%2E4D4702B0C3E38B35%2E4D4702B0C3E38B35%2E4DD68F0663C025AA&__acm__=1526497937_27fe7c615ecccdc98c3459eec81e0a13
Resolving delivery.acm.org (delivery.acm.org)... 24.200.120.90, 24.200.120.82
Connecting to delivery.acm.org (delivery.acm.org)|24.200.120.90|:80... connected.
HTTP request sent, awaiting response... 200 OK
Length: 49439 (48K) [text/html]
Saving to: ‘../data/delivery.acm.org/10.1145/3200000/3191592/p1451-ying.html?ip=24.48.71.56&id=3191592&acc=OPENTOC&key=4D4702B0C3E38B35.4D4702B0C3E38B35.4D4702B0C3E38B35.4DD68F0663C025AA&__acm__=1526497937_27fe7c615ecccdc98c3459eec81e0a13’

     0K .......... .......... .......... .......... ........  100% 1.53M=0.03s

2018-05-16 15:07:17 (1.53 MB/s) - ‘../data/delivery.acm.org/10.1145/3200000/3191592/p1451-ying.html?ip=24.48.71.56&id=3191592&acc=OPENTOC&key=4D4702B0C3E38B35.4D4702B0C3E38B35.4D4702B0C3E38B35.4DD68F0663C025AA&__acm__=1526497937_27fe7c615ecccdc98c3459eec81e0a13’ saved [49439/49439]

--2018-05-16 15:07:17--  http://deliveryimages.acm.org/10.1145/3200000/3191592/images/www18companion-331-fig1.jpg
Resolving deliveryimages.acm.org (deliveryimages.acm.org)... 104.17.80.191, 104.17.79.191
Connecting to deliveryimages.acm.org (deliveryimages.acm.org)|104.17.80.191|:80... connected.
HTTP request sent, awaiting response... 301 Moved Permanently
Location: https://deliveryimages.acm.org/10.1145/3200000/3191592/images/www18companion-331-fig1.jpg [following]
--2018-05-16 15:07:17--  https://deliveryimages.acm.org/10.1145/3200000/3191592/images/www18companion-331-fig1.jpg
Connecting to deliveryimages.acm.org (deliveryimages.acm.org)|104.17.80.191|:443... connected.
HTTP request sent, awaiting response... 200 OK
Length: 28991 (28K) [image/jpeg]
Saving to: ‘../data/deliveryimages.acm.org/10.1145/3200000/3191592/images/www18companion-331-fig1.jpg’

     0K .......... .......... ........                        100% 1.56M=0.02s

2018-05-16 15:07:17 (1.56 MB/s) - ‘../data/deliveryimages.acm.org/10.1145/3200000/3191592/images/www18companion-331-fig1.jpg’ saved [28991/28991]

--2018-05-16 15:07:17--  http://deliveryimages.acm.org/10.1145/3200000/3191592/images/www18companion-331-fig2.jpg
Connecting to deliveryimages.acm.org (deliveryimages.acm.org)|104.17.80.191|:80... connected.
HTTP request sent, awaiting response... 301 Moved Permanently
Location: https://deliveryimages.acm.org/10.1145/3200000/3191592/images/www18companion-331-fig2.jpg [following]
--2018-05-16 15:07:17--  https://deliveryimages.acm.org/10.1145/3200000/3191592/images/www18companion-331-fig2.jpg
Connecting to deliveryimages.acm.org (deliveryimages.acm.org)|104.17.80.191|:443... connected.
HTTP request sent, awaiting response... 200 OK
Length: 36601 (36K) [image/jpeg]
Saving to: ‘../data/deliveryimages.acm.org/10.1145/3200000/3191592/images/www18companion-331-fig2.jpg’

     0K .......... .......... .......... .....                100% 1.57M=0.02s

2018-05-16 15:07:18 (1.57 MB/s) - ‘../data/deliveryimages.acm.org/10.1145/3200000/3191592/images/www18companion-331-fig2.jpg’ saved [36601/36601]

--2018-05-16 15:07:18--  http://deliveryimages.acm.org/10.1145/3200000/3191592/images/www18companion-331-fig3.jpg
Connecting to deliveryimages.acm.org (deliveryimages.acm.org)|104.17.80.191|:80... connected.
HTTP request sent, awaiting response... 301 Moved Permanently
Location: https://deliveryimages.acm.org/10.1145/3200000/3191592/images/www18companion-331-fig3.jpg [following]
--2018-05-16 15:07:18--  https://deliveryimages.acm.org/10.1145/3200000/3191592/images/www18companion-331-fig3.jpg
Connecting to deliveryimages.acm.org (deliveryimages.acm.org)|104.17.80.191|:443... connected.
HTTP request sent, awaiting response... 200 OK
Length: 54812 (54K) [image/jpeg]
Saving to: ‘../data/deliveryimages.acm.org/10.1145/3200000/3191592/images/www18companion-331-fig3.jpg’

     0K .......... .......... .......... .......... .......... 93% 1.93M 0s
    50K ...                                                   100% 20.4M=0.03s

2018-05-16 15:07:18 (2.05 MB/s) - ‘../data/deliveryimages.acm.org/10.1145/3200000/3191592/images/www18companion-331-fig3.jpg’ saved [54812/54812]

--2018-05-16 15:07:18--  http://deliveryimages.acm.org/10.1145/3200000/3191592/images/www18companion-331-fig4.jpg
Connecting to deliveryimages.acm.org (deliveryimages.acm.org)|104.17.80.191|:80... connected.
HTTP request sent, awaiting response... 301 Moved Permanently
Location: https://deliveryimages.acm.org/10.1145/3200000/3191592/images/www18companion-331-fig4.jpg [following]
--2018-05-16 15:07:18--  https://deliveryimages.acm.org/10.1145/3200000/3191592/images/www18companion-331-fig4.jpg
Connecting to deliveryimages.acm.org (deliveryimages.acm.org)|104.17.80.191|:443... connected.
HTTP request sent, awaiting response... 200 OK
Length: 37922 (37K) [image/jpeg]
Saving to: ‘../data/deliveryimages.acm.org/10.1145/3200000/3191592/images/www18companion-331-fig4.jpg’

     0K .......... .......... .......... .......              100% 1.48M=0.02s

2018-05-16 15:07:18 (1.48 MB/s) - ‘../data/deliveryimages.acm.org/10.1145/3200000/3191592/images/www18companion-331-fig4.jpg’ saved [37922/37922]

--2018-05-16 15:07:18--  http://deliveryimages.acm.org/10.1145/3200000/3191592/images/www18companion-331-fig5.jpg
Connecting to deliveryimages.acm.org (deliveryimages.acm.org)|104.17.80.191|:80... connected.
HTTP request sent, awaiting response... 301 Moved Permanently
Location: https://deliveryimages.acm.org/10.1145/3200000/3191592/images/www18companion-331-fig5.jpg [following]
--2018-05-16 15:07:18--  https://deliveryimages.acm.org/10.1145/3200000/3191592/images/www18companion-331-fig5.jpg
Connecting to deliveryimages.acm.org (deliveryimages.acm.org)|104.17.80.191|:443... connected.
HTTP request sent, awaiting response... 200 OK
Length: 39234 (38K) [image/jpeg]
Saving to: ‘../data/deliveryimages.acm.org/10.1145/3200000/3191592/images/www18companion-331-fig5.jpg’

     0K .......... .......... .......... ........             100% 1.30M=0.03s

2018-05-16 15:07:19 (1.30 MB/s) - ‘../data/deliveryimages.acm.org/10.1145/3200000/3191592/images/www18companion-331-fig5.jpg’ saved [39234/39234]

--2018-05-16 15:07:19--  http://deliveryimages.acm.org/10.1145/3200000/3191592/images/www18companion-331-fig6.jpg
Connecting to deliveryimages.acm.org (deliveryimages.acm.org)|104.17.80.191|:80... connected.
HTTP request sent, awaiting response... 301 Moved Permanently
Location: https://deliveryimages.acm.org/10.1145/3200000/3191592/images/www18companion-331-fig6.jpg [following]
--2018-05-16 15:07:19--  https://deliveryimages.acm.org/10.1145/3200000/3191592/images/www18companion-331-fig6.jpg
Connecting to deliveryimages.acm.org (deliveryimages.acm.org)|104.17.80.191|:443... connected.
HTTP request sent, awaiting response... 200 OK
Length: 18867 (18K) [image/jpeg]
Saving to: ‘../data/deliveryimages.acm.org/10.1145/3200000/3191592/images/www18companion-331-fig6.jpg’

     0K .......... ........                                   100% 1.27M=0.01s

2018-05-16 15:07:19 (1.27 MB/s) - ‘../data/deliveryimages.acm.org/10.1145/3200000/3191592/images/www18companion-331-fig6.jpg’ saved [18867/18867]

--2018-05-16 15:07:19--  http://deliveryimages.acm.org/10.1145/3200000/3191592/images/www18companion-331-fig7.jpg
Connecting to deliveryimages.acm.org (deliveryimages.acm.org)|104.17.80.191|:80... connected.
HTTP request sent, awaiting response... 301 Moved Permanently
Location: https://deliveryimages.acm.org/10.1145/3200000/3191592/images/www18companion-331-fig7.jpg [following]
--2018-05-16 15:07:19--  https://deliveryimages.acm.org/10.1145/3200000/3191592/images/www18companion-331-fig7.jpg
Connecting to deliveryimages.acm.org (deliveryimages.acm.org)|104.17.80.191|:443... connected.
HTTP request sent, awaiting response... 200 OK
Length: 14246 (14K) [image/jpeg]
Saving to: ‘../data/deliveryimages.acm.org/10.1145/3200000/3191592/images/www18companion-331-fig7.jpg’

     0K .......... ...                                        100%  843K=0.02s

2018-05-16 15:07:19 (843 KB/s) - ‘../data/deliveryimages.acm.org/10.1145/3200000/3191592/images/www18companion-331-fig7.jpg’ saved [14246/14246]

--2018-05-16 15:07:19--  http://deliveryimages.acm.org/10.1145/3200000/3191592/images/www18companion-331-fig8.jpg
Connecting to deliveryimages.acm.org (deliveryimages.acm.org)|104.17.80.191|:80... connected.
HTTP request sent, awaiting response... 301 Moved Permanently
Location: https://deliveryimages.acm.org/10.1145/3200000/3191592/images/www18companion-331-fig8.jpg [following]
--2018-05-16 15:07:19--  https://deliveryimages.acm.org/10.1145/3200000/3191592/images/www18companion-331-fig8.jpg
Connecting to deliveryimages.acm.org (deliveryimages.acm.org)|104.17.80.191|:443... connected.
HTTP request sent, awaiting response... 200 OK
Length: 47314 (46K) [image/jpeg]
Saving to: ‘../data/deliveryimages.acm.org/10.1145/3200000/3191592/images/www18companion-331-fig8.jpg’

     0K .......... .......... .......... .......... ......    100% 1.39M=0.03s

2018-05-16 15:07:20 (1.39 MB/s) - ‘../data/deliveryimages.acm.org/10.1145/3200000/3191592/images/www18companion-331-fig8.jpg’ saved [47314/47314]

--2018-05-16 15:07:20--  http://deliveryimages.acm.org/10.1145/3200000/3191592/images/www18companion-331-fig9.jpg
Connecting to deliveryimages.acm.org (deliveryimages.acm.org)|104.17.80.191|:80... connected.
HTTP request sent, awaiting response... 301 Moved Permanently
Location: https://deliveryimages.acm.org/10.1145/3200000/3191592/images/www18companion-331-fig9.jpg [following]
--2018-05-16 15:07:20--  https://deliveryimages.acm.org/10.1145/3200000/3191592/images/www18companion-331-fig9.jpg
Connecting to deliveryimages.acm.org (deliveryimages.acm.org)|104.17.80.191|:443... connected.
HTTP request sent, awaiting response... 200 OK
Length: 31414 (31K) [image/jpeg]
Saving to: ‘../data/deliveryimages.acm.org/10.1145/3200000/3191592/images/www18companion-331-fig9.jpg’

     0K .......... .......... ..........                      100%  855K=0.04s

2018-05-16 15:07:20 (855 KB/s) - ‘../data/deliveryimages.acm.org/10.1145/3200000/3191592/images/www18companion-331-fig9.jpg’ saved [31414/31414]

FINISHED --2018-05-16 15:07:20--
Total wall clock time: 3.3s
Downloaded: 10 files, 350K in 0.2s (1.38 MB/s)
Converting links in ../data/delivery.acm.org/10.1145/3200000/3191592/p1451-ying.html?ip=24.48.71.56&id=3191592&acc=OPENTOC&key=4D4702B0C3E38B35.4D4702B0C3E38B35.4D4702B0C3E38B35.4DD68F0663C025AA&__acm__=1526497937_27fe7c615ecccdc98c3459eec81e0a13... 51-0
Converted links in 1 files in 0.002 seconds.
