--2018-05-16 15:01:08--  http://delivery.acm.org/10.1145/3200000/3192321/p1609-moens.pdf?ip=24.48.71.56&id=3192321&acc=OPENTOC&key=4D4702B0C3E38B35%2E4D4702B0C3E38B35%2E4D4702B0C3E38B35%2E4DD68F0663C025AA&__acm__=1526497567_443e34aea4f484bfb0f87c02e3738c55
Resolving delivery.acm.org (delivery.acm.org)... 24.200.120.82, 24.200.120.90
Connecting to delivery.acm.org (delivery.acm.org)|24.200.120.82|:80... connected.
HTTP request sent, awaiting response... 200 OK
Length: 1313730 (1.3M) [application/pdf]
Saving to: ‘../data/delivery.acm.org/10.1145/3200000/3192321/p1609-moens.pdf?ip=24.48.71.56&id=3192321&acc=OPENTOC&key=4D4702B0C3E38B35.4D4702B0C3E38B35.4D4702B0C3E38B35.4DD68F0663C025AA&__acm__=1526497567_443e34aea4f484bfb0f87c02e3738c55’

     0K .......... .......... .......... .......... ..........  3% 2.25M 1s
    50K .......... .......... .......... .......... ..........  7% 3.85M 0s
   100K .......... .......... .......... .......... .......... 11% 4.65M 0s
   150K .......... .......... .......... .......... .......... 15% 3.35M 0s
   200K .......... .......... .......... .......... .......... 19% 2.19M 0s
   250K .......... .......... .......... .......... .......... 23% 4.49M 0s
   300K .......... .......... .......... .......... .......... 27% 13.3M 0s
   350K .......... .......... .......... .......... .......... 31% 3.48M 0s
   400K .......... .......... .......... .......... .......... 35% 5.06M 0s
   450K .......... .......... .......... .......... .......... 38% 4.27M 0s
   500K .......... .......... .......... .......... .......... 42% 4.40M 0s
   550K .......... .......... .......... .......... .......... 46% 2.39M 0s
   600K .......... .......... .......... .......... .......... 50% 11.5M 0s
   650K .......... .......... .......... .......... .......... 54% 3.28M 0s
   700K .......... .......... .......... .......... .......... 58% 6.50M 0s
   750K .......... .......... .......... .......... .......... 62% 2.79M 0s
   800K .......... .......... .......... .......... .......... 66% 4.79M 0s
   850K .......... .......... .......... .......... .......... 70% 3.84M 0s
   900K .......... .......... .......... .......... .......... 74% 3.83M 0s
   950K .......... .......... .......... .......... .......... 77% 5.67M 0s
  1000K .......... .......... .......... .......... .......... 81% 4.68M 0s
  1050K .......... .......... .......... .......... .......... 85% 3.53M 0s
  1100K .......... .......... .......... .......... .......... 89% 4.08M 0s
  1150K .......... .......... .......... .......... .......... 93% 4.93M 0s
  1200K .......... .......... .......... .......... .......... 97% 3.81M 0s
  1250K .......... .......... .......... ..                   100% 3.67M=0.3s

2018-05-16 15:01:08 (3.93 MB/s) - ‘../data/delivery.acm.org/10.1145/3200000/3192321/p1609-moens.pdf?ip=24.48.71.56&id=3192321&acc=OPENTOC&key=4D4702B0C3E38B35.4D4702B0C3E38B35.4D4702B0C3E38B35.4DD68F0663C025AA&__acm__=1526497567_443e34aea4f484bfb0f87c02e3738c55’ saved [1313730/1313730]

FINISHED --2018-05-16 15:01:08--
Total wall clock time: 0.5s
Downloaded: 1 files, 1.3M in 0.3s (3.93 MB/s)
Converted links in 0 files in 0 seconds.
