The name is too long, 184 chars total.
Trying to shorten...
New name is p45-almeida.html?ip=84.92.48.26&id=3186035&acc=OPENTOC&key=4D4702B0C3E38B35%2E4D4702B0C3E38B35%2E4D4702B0C3E38B35%2E4DD68F06.
--2018-05-16 19:32:00--  http://delivery.acm.org/10.1145/3190000/3186035/p45-almeida.html?ip=84.92.48.26&id=3186035&acc=OPENTOC&key=4D4702B0C3E38B35%2E4D4702B0C3E38B35%2E4D4702B0C3E38B35%2E4DD68F0663C025AA&__acm__=1526495820_3f6db4480eb2f68591e1506a8502913d
Resolving delivery.acm.org (delivery.acm.org)... 23.62.2.64, 23.62.2.59
Connecting to delivery.acm.org (delivery.acm.org)|23.62.2.64|:80... connected.
HTTP request sent, awaiting response... 200 OK
Length: 102610 (100K) [text/html]
Saving to: ‘../data/delivery.acm.org/10.1145/3190000/3186035/p45-almeida.html?ip=84.92.48.26&id=3186035&acc=OPENTOC&key=4D4702B0C3E38B35%2E4D4702B0C3E38B35%2E4D4702B0C3E38B35%2E4DD68F06’

     0K .......... .......... .......... .......... .......... 49%  558K 0s
    50K .......... .......... .......... .......... .......... 99%  553K 0s
   100K                                                       100%  391G=0.2s

2018-05-16 19:32:01 (557 KB/s) - ‘../data/delivery.acm.org/10.1145/3190000/3186035/p45-almeida.html?ip=84.92.48.26&id=3186035&acc=OPENTOC&key=4D4702B0C3E38B35%2E4D4702B0C3E38B35%2E4D4702B0C3E38B35%2E4DD68F06’ saved [102610/102610]

--2018-05-16 19:32:01--  http://deliveryimages.acm.org/10.1145/3190000/3186035/images/www2018-44-fig1.jpg
Resolving deliveryimages.acm.org (deliveryimages.acm.org)... 104.17.79.191, 104.17.80.191
Connecting to deliveryimages.acm.org (deliveryimages.acm.org)|104.17.79.191|:80... connected.
HTTP request sent, awaiting response... 301 Moved Permanently
Location: https://deliveryimages.acm.org/10.1145/3190000/3186035/images/www2018-44-fig1.jpg [following]
--2018-05-16 19:32:01--  https://deliveryimages.acm.org/10.1145/3190000/3186035/images/www2018-44-fig1.jpg
Connecting to deliveryimages.acm.org (deliveryimages.acm.org)|104.17.79.191|:443... connected.
HTTP request sent, awaiting response... 200 OK
Length: 381990 (373K) [image/jpeg]
Saving to: ‘../data/deliveryimages.acm.org/10.1145/3190000/3186035/images/www2018-44-fig1.jpg’

     0K .......... .......... .......... .......... .......... 13% 28.3K 11s
    50K .......... .......... .......... .......... .......... 26% 53.9K 7s
   100K .......... .......... .......... .......... .......... 40% 83.2K 5s
   150K .......... .......... .......... .......... .......... 53% 35.8K 4s
   200K .......... .......... .......... .......... .......... 67% 72.2K 3s
   250K .......... .......... .......... .......... .......... 80% 13.1K 2s
   300K .......... .......... .......... .......... .......... 93% 35.5K 1s
   350K .......... .......... ...                             100% 25.9K=11s

2018-05-16 19:32:13 (32.5 KB/s) - ‘../data/deliveryimages.acm.org/10.1145/3190000/3186035/images/www2018-44-fig1.jpg’ saved [381990/381990]

--2018-05-16 19:32:13--  http://deliveryimages.acm.org/10.1145/3190000/3186035/images/www2018-44-fig2.jpg
Connecting to deliveryimages.acm.org (deliveryimages.acm.org)|104.17.79.191|:80... connected.
HTTP request sent, awaiting response... 301 Moved Permanently
Location: https://deliveryimages.acm.org/10.1145/3190000/3186035/images/www2018-44-fig2.jpg [following]
--2018-05-16 19:32:13--  https://deliveryimages.acm.org/10.1145/3190000/3186035/images/www2018-44-fig2.jpg
Connecting to deliveryimages.acm.org (deliveryimages.acm.org)|104.17.79.191|:443... connected.
HTTP request sent, awaiting response... 200 OK
Length: 409606 (400K) [image/jpeg]
Saving to: ‘../data/deliveryimages.acm.org/10.1145/3190000/3186035/images/www2018-44-fig2.jpg’

     0K .......... .......... .......... .......... .......... 12% 1.29M 0s
    50K .......... .......... .......... .......... .......... 24%  853K 0s
   100K .......... .......... .......... .......... .......... 37%  445K 0s
   150K .......... .......... .......... .......... .......... 49% 5.28M 0s
   200K .......... .......... .......... .......... .......... 62% 10.3M 0s
   250K .......... .......... .......... .......... .......... 74%  297K 0s
   300K .......... .......... .......... .......... .......... 87% 7.11M 0s
   350K .......... .......... .......... .......... .......... 99% 5.07M 0s
   400K                                                       100% 11.2G=0.4s

2018-05-16 19:32:14 (981 KB/s) - ‘../data/deliveryimages.acm.org/10.1145/3190000/3186035/images/www2018-44-fig2.jpg’ saved [409606/409606]

--2018-05-16 19:32:14--  http://deliveryimages.acm.org/10.1145/3190000/3186035/images/www2018-44-fig3.jpg
Connecting to deliveryimages.acm.org (deliveryimages.acm.org)|104.17.79.191|:80... connected.
HTTP request sent, awaiting response... 301 Moved Permanently
Location: https://deliveryimages.acm.org/10.1145/3190000/3186035/images/www2018-44-fig3.jpg [following]
--2018-05-16 19:32:14--  https://deliveryimages.acm.org/10.1145/3190000/3186035/images/www2018-44-fig3.jpg
Connecting to deliveryimages.acm.org (deliveryimages.acm.org)|104.17.79.191|:443... connected.
HTTP request sent, awaiting response... 200 OK
Length: 61449 (60K) [image/jpeg]
Saving to: ‘../data/deliveryimages.acm.org/10.1145/3190000/3186035/images/www2018-44-fig3.jpg’

     0K .......... .......... .......... .......... .......... 83% 20.5K 0s
    50K ..........                                            100% 3.15M=2.4s

2018-05-16 19:32:18 (24.6 KB/s) - ‘../data/deliveryimages.acm.org/10.1145/3190000/3186035/images/www2018-44-fig3.jpg’ saved [61449/61449]

--2018-05-16 19:32:18--  http://deliveryimages.acm.org/10.1145/3190000/3186035/images/www2018-44-fig4.jpg
Connecting to deliveryimages.acm.org (deliveryimages.acm.org)|104.17.79.191|:80... connected.
HTTP request sent, awaiting response... 301 Moved Permanently
Location: https://deliveryimages.acm.org/10.1145/3190000/3186035/images/www2018-44-fig4.jpg [following]
--2018-05-16 19:32:18--  https://deliveryimages.acm.org/10.1145/3190000/3186035/images/www2018-44-fig4.jpg
Connecting to deliveryimages.acm.org (deliveryimages.acm.org)|104.17.79.191|:443... connected.
HTTP request sent, awaiting response... 200 OK
Length: 163786 (160K) [image/jpeg]
Saving to: ‘../data/deliveryimages.acm.org/10.1145/3190000/3186035/images/www2018-44-fig4.jpg’

     0K .......... .......... .......... .......... .......... 31% 43.3K 3s
    50K .......... .......... .......... .......... .......... 62% 47.5K 1s
   100K .......... .......... .......... .......... .......... 93% 22.5K 0s
   150K .........                                             100% 3.66M=4.4s

2018-05-16 19:32:23 (36.1 KB/s) - ‘../data/deliveryimages.acm.org/10.1145/3190000/3186035/images/www2018-44-fig4.jpg’ saved [163786/163786]

--2018-05-16 19:32:23--  http://deliveryimages.acm.org/10.1145/3190000/3186035/images/www2018-44-fig5.jpg
Connecting to deliveryimages.acm.org (deliveryimages.acm.org)|104.17.79.191|:80... connected.
HTTP request sent, awaiting response... 301 Moved Permanently
Location: https://deliveryimages.acm.org/10.1145/3190000/3186035/images/www2018-44-fig5.jpg [following]
--2018-05-16 19:32:23--  https://deliveryimages.acm.org/10.1145/3190000/3186035/images/www2018-44-fig5.jpg
Connecting to deliveryimages.acm.org (deliveryimages.acm.org)|104.17.79.191|:443... connected.
HTTP request sent, awaiting response... 200 OK
Length: 108855 (106K) [image/jpeg]
Saving to: ‘../data/deliveryimages.acm.org/10.1145/3190000/3186035/images/www2018-44-fig5.jpg’

     0K .......... .......... .......... .......... .......... 47% 30.7K 2s
    50K .......... .......... .......... .......... .......... 94% 86.3K 0s
   100K ......                                                100% 2.52M=2.2s

2018-05-16 19:32:27 (48.1 KB/s) - ‘../data/deliveryimages.acm.org/10.1145/3190000/3186035/images/www2018-44-fig5.jpg’ saved [108855/108855]

--2018-05-16 19:32:27--  http://deliveryimages.acm.org/10.1145/3190000/3186035/images/www2018-44-fig6.jpg
Connecting to deliveryimages.acm.org (deliveryimages.acm.org)|104.17.79.191|:80... connected.
HTTP request sent, awaiting response... 301 Moved Permanently
Location: https://deliveryimages.acm.org/10.1145/3190000/3186035/images/www2018-44-fig6.jpg [following]
--2018-05-16 19:32:27--  https://deliveryimages.acm.org/10.1145/3190000/3186035/images/www2018-44-fig6.jpg
Connecting to deliveryimages.acm.org (deliveryimages.acm.org)|104.17.79.191|:443... connected.
HTTP request sent, awaiting response... 200 OK
Length: 121510 (119K) [image/jpeg]
Saving to: ‘../data/deliveryimages.acm.org/10.1145/3190000/3186035/images/www2018-44-fig6.jpg’

     0K .......... .......... .......... .......... .......... 42% 26.1K 3s
    50K .......... .......... .......... .......... .......... 84% 53.9K 1s
   100K .......... ........                                   100% 3.93M=2.9s

2018-05-16 19:32:31 (41.6 KB/s) - ‘../data/deliveryimages.acm.org/10.1145/3190000/3186035/images/www2018-44-fig6.jpg’ saved [121510/121510]

--2018-05-16 19:32:31--  http://deliveryimages.acm.org/10.1145/3190000/3186035/images/www2018-44-fig7.jpg
Connecting to deliveryimages.acm.org (deliveryimages.acm.org)|104.17.79.191|:80... connected.
HTTP request sent, awaiting response... 301 Moved Permanently
Location: https://deliveryimages.acm.org/10.1145/3190000/3186035/images/www2018-44-fig7.jpg [following]
--2018-05-16 19:32:31--  https://deliveryimages.acm.org/10.1145/3190000/3186035/images/www2018-44-fig7.jpg
Connecting to deliveryimages.acm.org (deliveryimages.acm.org)|104.17.79.191|:443... connected.
HTTP request sent, awaiting response... 200 OK
Length: 31374 (31K) [image/jpeg]
Saving to: ‘../data/deliveryimages.acm.org/10.1145/3190000/3186035/images/www2018-44-fig7.jpg’

     0K .......... .......... ..........                      100% 1017K=0.03s

2018-05-16 19:32:32 (1017 KB/s) - ‘../data/deliveryimages.acm.org/10.1145/3190000/3186035/images/www2018-44-fig7.jpg’ saved [31374/31374]

--2018-05-16 19:32:32--  http://deliveryimages.acm.org/10.1145/3190000/3186035/images/www2018-44-fig8.jpg
Connecting to deliveryimages.acm.org (deliveryimages.acm.org)|104.17.79.191|:80... connected.
HTTP request sent, awaiting response... 301 Moved Permanently
Location: https://deliveryimages.acm.org/10.1145/3190000/3186035/images/www2018-44-fig8.jpg [following]
--2018-05-16 19:32:32--  https://deliveryimages.acm.org/10.1145/3190000/3186035/images/www2018-44-fig8.jpg
Connecting to deliveryimages.acm.org (deliveryimages.acm.org)|104.17.79.191|:443... connected.
HTTP request sent, awaiting response... 200 OK
Length: 45494 (44K) [image/jpeg]
Saving to: ‘../data/deliveryimages.acm.org/10.1145/3190000/3186035/images/www2018-44-fig8.jpg’

     0K .......... .......... .......... .......... ....      100% 96.8K=0.5s

2018-05-16 19:32:34 (96.8 KB/s) - ‘../data/deliveryimages.acm.org/10.1145/3190000/3186035/images/www2018-44-fig8.jpg’ saved [45494/45494]

--2018-05-16 19:32:34--  http://deliveryimages.acm.org/10.1145/3190000/3186035/images/www2018-44-fig9.jpg
Connecting to deliveryimages.acm.org (deliveryimages.acm.org)|104.17.79.191|:80... connected.
HTTP request sent, awaiting response... 301 Moved Permanently
Location: https://deliveryimages.acm.org/10.1145/3190000/3186035/images/www2018-44-fig9.jpg [following]
--2018-05-16 19:32:34--  https://deliveryimages.acm.org/10.1145/3190000/3186035/images/www2018-44-fig9.jpg
Connecting to deliveryimages.acm.org (deliveryimages.acm.org)|104.17.79.191|:443... connected.
HTTP request sent, awaiting response... 200 OK
Length: 108300 (106K) [image/jpeg]
Saving to: ‘../data/deliveryimages.acm.org/10.1145/3190000/3186035/images/www2018-44-fig9.jpg’

     0K .......... .......... .......... .......... .......... 47% 86.1K 1s
    50K .......... .......... .......... .......... .......... 94% 33.8K 0s
   100K .....                                                 100% 7.71M=2.1s

2018-05-16 19:32:37 (51.3 KB/s) - ‘../data/deliveryimages.acm.org/10.1145/3190000/3186035/images/www2018-44-fig9.jpg’ saved [108300/108300]

--2018-05-16 19:32:37--  http://deliveryimages.acm.org/10.1145/3190000/3186035/images/www2018-44-fig10.jpg
Connecting to deliveryimages.acm.org (deliveryimages.acm.org)|104.17.79.191|:80... connected.
HTTP request sent, awaiting response... 301 Moved Permanently
Location: https://deliveryimages.acm.org/10.1145/3190000/3186035/images/www2018-44-fig10.jpg [following]
--2018-05-16 19:32:37--  https://deliveryimages.acm.org/10.1145/3190000/3186035/images/www2018-44-fig10.jpg
Connecting to deliveryimages.acm.org (deliveryimages.acm.org)|104.17.79.191|:443... connected.
HTTP request sent, awaiting response... 200 OK
Length: 220934 (216K) [image/jpeg]
Saving to: ‘../data/deliveryimages.acm.org/10.1145/3190000/3186035/images/www2018-44-fig10.jpg’

     0K .......... .......... .......... .......... .......... 23% 21.2K 8s
    50K .......... .......... .......... .......... .......... 46% 42.2K 4s
   100K .......... .......... .......... .......... .......... 69% 13.5K 3s
   150K .......... .......... .......... .......... .......... 92% 16.1K 1s
   200K .......... .....                                      100% 2.91M=10s

2018-05-16 19:32:48 (20.8 KB/s) - ‘../data/deliveryimages.acm.org/10.1145/3190000/3186035/images/www2018-44-fig10.jpg’ saved [220934/220934]

FINISHED --2018-05-16 19:32:48--
Total wall clock time: 48s
Downloaded: 11 files, 1.7M in 37s (46.4 KB/s)
Converting links in ../data/delivery.acm.org/10.1145/3190000/3186035/p45-almeida.html?ip=84.92.48.26&id=3186035&acc=OPENTOC&key=4D4702B0C3E38B35%2E4D4702B0C3E38B35%2E4D4702B0C3E38B35%2E4DD68F06... 140-0
Converted links in 1 files in 0.005 seconds.
