--2018-05-16 15:29:52--  http://delivery.acm.org/10.1145/3190000/3185980/p741-brucker.html?ip=24.48.71.56&id=3185980&acc=OPENTOC&key=4D4702B0C3E38B35%2E4D4702B0C3E38B35%2E4D4702B0C3E38B35%2E4DD68F0663C025AA&__acm__=1526499291_1c8dcb06583bba5925abe69afa87e96f
Resolving delivery.acm.org (delivery.acm.org)... 24.200.120.90, 24.200.120.82
Connecting to delivery.acm.org (delivery.acm.org)|24.200.120.90|:80... connected.
HTTP request sent, awaiting response... 200 OK
Length: 70884 (69K) [text/html]
Saving to: ‘../data/delivery.acm.org/10.1145/3190000/3185980/p741-brucker.html?ip=24.48.71.56&id=3185980&acc=OPENTOC&key=4D4702B0C3E38B35.4D4702B0C3E38B35.4D4702B0C3E38B35.4DD68F0663C025AA&__acm__=1526499291_1c8dcb06583bba5925abe69afa87e96f’

     0K .......... .......... .......... .......... .......... 72%  117K 0s
    50K .......... .........                                  100%  221K=0.5s

2018-05-16 15:29:52 (135 KB/s) - ‘../data/delivery.acm.org/10.1145/3190000/3185980/p741-brucker.html?ip=24.48.71.56&id=3185980&acc=OPENTOC&key=4D4702B0C3E38B35.4D4702B0C3E38B35.4D4702B0C3E38B35.4DD68F0663C025AA&__acm__=1526499291_1c8dcb06583bba5925abe69afa87e96f’ saved [70884/70884]

--2018-05-16 15:29:52--  http://deliveryimages.acm.org/10.1145/3190000/3185980/images/www18companion-41-graphic3.jpg
Resolving deliveryimages.acm.org (deliveryimages.acm.org)... 104.17.80.191, 104.17.79.191
Connecting to deliveryimages.acm.org (deliveryimages.acm.org)|104.17.80.191|:80... connected.
HTTP request sent, awaiting response... 301 Moved Permanently
Location: https://deliveryimages.acm.org/10.1145/3190000/3185980/images/www18companion-41-graphic3.jpg [following]
--2018-05-16 15:29:52--  https://deliveryimages.acm.org/10.1145/3190000/3185980/images/www18companion-41-graphic3.jpg
Connecting to deliveryimages.acm.org (deliveryimages.acm.org)|104.17.80.191|:443... connected.
HTTP request sent, awaiting response... 200 OK
Length: 36718 (36K) [image/jpeg]
Saving to: ‘../data/deliveryimages.acm.org/10.1145/3190000/3185980/images/www18companion-41-graphic3.jpg’

     0K .......... .......... .......... .....                100% 1.08M=0.03s

2018-05-16 15:29:53 (1.08 MB/s) - ‘../data/deliveryimages.acm.org/10.1145/3190000/3185980/images/www18companion-41-graphic3.jpg’ saved [36718/36718]

--2018-05-16 15:29:53--  http://deliveryimages.acm.org/10.1145/3190000/3185980/images/www18companion-41-fig1.jpg
Connecting to deliveryimages.acm.org (deliveryimages.acm.org)|104.17.80.191|:80... connected.
HTTP request sent, awaiting response... 301 Moved Permanently
Location: https://deliveryimages.acm.org/10.1145/3190000/3185980/images/www18companion-41-fig1.jpg [following]
--2018-05-16 15:29:53--  https://deliveryimages.acm.org/10.1145/3190000/3185980/images/www18companion-41-fig1.jpg
Connecting to deliveryimages.acm.org (deliveryimages.acm.org)|104.17.80.191|:443... connected.
HTTP request sent, awaiting response... 200 OK
Length: 118222 (115K) [image/jpeg]
Saving to: ‘../data/deliveryimages.acm.org/10.1145/3190000/3185980/images/www18companion-41-fig1.jpg’

     0K .......... .......... .......... .......... .......... 43% 1.64M 0s
    50K .......... .......... .......... .......... .......... 86% 2.80M 0s
   100K .......... .....                                      100% 99.7M=0.05s

2018-05-16 15:29:53 (2.38 MB/s) - ‘../data/deliveryimages.acm.org/10.1145/3190000/3185980/images/www18companion-41-fig1.jpg’ saved [118222/118222]

--2018-05-16 15:29:53--  http://deliveryimages.acm.org/10.1145/3190000/3185980/images/www18companion-41-graphic5.jpg
Connecting to deliveryimages.acm.org (deliveryimages.acm.org)|104.17.80.191|:80... connected.
HTTP request sent, awaiting response... 301 Moved Permanently
Location: https://deliveryimages.acm.org/10.1145/3190000/3185980/images/www18companion-41-graphic5.jpg [following]
--2018-05-16 15:29:53--  https://deliveryimages.acm.org/10.1145/3190000/3185980/images/www18companion-41-graphic5.jpg
Connecting to deliveryimages.acm.org (deliveryimages.acm.org)|104.17.80.191|:443... connected.
HTTP request sent, awaiting response... 200 OK
Length: 116520 (114K) [image/jpeg]
Saving to: ‘../data/deliveryimages.acm.org/10.1145/3190000/3185980/images/www18companion-41-graphic5.jpg’

     0K .......... .......... .......... .......... .......... 43%  373K 0s
    50K .......... .......... .......... .......... .......... 87% 2.91M 0s
   100K .......... ...                                        100% 2.65M=0.2s

2018-05-16 15:29:53 (730 KB/s) - ‘../data/deliveryimages.acm.org/10.1145/3190000/3185980/images/www18companion-41-graphic5.jpg’ saved [116520/116520]

--2018-05-16 15:29:53--  http://deliveryimages.acm.org/10.1145/3190000/3185980/images/www18companion-41-fig2.jpg
Connecting to deliveryimages.acm.org (deliveryimages.acm.org)|104.17.80.191|:80... connected.
HTTP request sent, awaiting response... 301 Moved Permanently
Location: https://deliveryimages.acm.org/10.1145/3190000/3185980/images/www18companion-41-fig2.jpg [following]
--2018-05-16 15:29:54--  https://deliveryimages.acm.org/10.1145/3190000/3185980/images/www18companion-41-fig2.jpg
Connecting to deliveryimages.acm.org (deliveryimages.acm.org)|104.17.80.191|:443... connected.
HTTP request sent, awaiting response... 200 OK
Length: 250011 (244K) [image/jpeg]
Saving to: ‘../data/deliveryimages.acm.org/10.1145/3190000/3185980/images/www18companion-41-fig2.jpg’

     0K .......... .......... .......... .......... .......... 20% 1.99M 0s
    50K .......... .......... .......... .......... .......... 40% 3.88M 0s
   100K .......... .......... .......... .......... .......... 61% 4.14M 0s
   150K .......... .......... .......... .......... .......... 81% 3.50M 0s
   200K .......... .......... .......... .......... ....      100% 4.84M=0.07s

2018-05-16 15:29:54 (3.32 MB/s) - ‘../data/deliveryimages.acm.org/10.1145/3190000/3185980/images/www18companion-41-fig2.jpg’ saved [250011/250011]

--2018-05-16 15:29:54--  http://deliveryimages.acm.org/10.1145/3190000/3185980/images/www18companion-41-graphic7.jpg
Connecting to deliveryimages.acm.org (deliveryimages.acm.org)|104.17.80.191|:80... connected.
HTTP request sent, awaiting response... 301 Moved Permanently
Location: https://deliveryimages.acm.org/10.1145/3190000/3185980/images/www18companion-41-graphic7.jpg [following]
--2018-05-16 15:29:54--  https://deliveryimages.acm.org/10.1145/3190000/3185980/images/www18companion-41-graphic7.jpg
Connecting to deliveryimages.acm.org (deliveryimages.acm.org)|104.17.80.191|:443... connected.
HTTP request sent, awaiting response... 200 OK
Length: 44787 (44K) [image/jpeg]
Saving to: ‘../data/deliveryimages.acm.org/10.1145/3190000/3185980/images/www18companion-41-graphic7.jpg’

     0K .......... .......... .......... .......... ...       100% 1.55M=0.03s

2018-05-16 15:29:54 (1.55 MB/s) - ‘../data/deliveryimages.acm.org/10.1145/3190000/3185980/images/www18companion-41-graphic7.jpg’ saved [44787/44787]

--2018-05-16 15:29:54--  http://deliveryimages.acm.org/10.1145/3190000/3185980/images/www18companion-41-graphic8.jpg
Connecting to deliveryimages.acm.org (deliveryimages.acm.org)|104.17.80.191|:80... connected.
HTTP request sent, awaiting response... 301 Moved Permanently
Location: https://deliveryimages.acm.org/10.1145/3190000/3185980/images/www18companion-41-graphic8.jpg [following]
--2018-05-16 15:29:54--  https://deliveryimages.acm.org/10.1145/3190000/3185980/images/www18companion-41-graphic8.jpg
Connecting to deliveryimages.acm.org (deliveryimages.acm.org)|104.17.80.191|:443... connected.
HTTP request sent, awaiting response... 200 OK
Length: 165282 (161K) [image/jpeg]
Saving to: ‘../data/deliveryimages.acm.org/10.1145/3190000/3185980/images/www18companion-41-graphic8.jpg’

     0K .......... .......... .......... .......... .......... 30% 1.59M 0s
    50K .......... .......... .......... .......... .......... 61% 3.47M 0s
   100K .......... .......... .......... .......... .......... 92% 3.97M 0s
   150K .......... .                                          100% 7.17M=0.06s

2018-05-16 15:29:55 (2.69 MB/s) - ‘../data/deliveryimages.acm.org/10.1145/3190000/3185980/images/www18companion-41-graphic8.jpg’ saved [165282/165282]

--2018-05-16 15:29:55--  http://deliveryimages.acm.org/10.1145/3190000/3185980/images/www18companion-41-graphic9.jpg
Connecting to deliveryimages.acm.org (deliveryimages.acm.org)|104.17.80.191|:80... connected.
HTTP request sent, awaiting response... 301 Moved Permanently
Location: https://deliveryimages.acm.org/10.1145/3190000/3185980/images/www18companion-41-graphic9.jpg [following]
--2018-05-16 15:29:55--  https://deliveryimages.acm.org/10.1145/3190000/3185980/images/www18companion-41-graphic9.jpg
Connecting to deliveryimages.acm.org (deliveryimages.acm.org)|104.17.80.191|:443... connected.
HTTP request sent, awaiting response... 200 OK
Length: 59465 (58K) [image/jpeg]
Saving to: ‘../data/deliveryimages.acm.org/10.1145/3190000/3185980/images/www18companion-41-graphic9.jpg’

     0K .......... .......... .......... .......... .......... 86% 1.08M 0s
    50K ........                                              100% 5.01M=0.05s

2018-05-16 15:29:55 (1.21 MB/s) - ‘../data/deliveryimages.acm.org/10.1145/3190000/3185980/images/www18companion-41-graphic9.jpg’ saved [59465/59465]

--2018-05-16 15:29:55--  http://deliveryimages.acm.org/10.1145/3190000/3185980/images/www18companion-41-graphic10.jpg
Connecting to deliveryimages.acm.org (deliveryimages.acm.org)|104.17.80.191|:80... connected.
HTTP request sent, awaiting response... 301 Moved Permanently
Location: https://deliveryimages.acm.org/10.1145/3190000/3185980/images/www18companion-41-graphic10.jpg [following]
--2018-05-16 15:29:55--  https://deliveryimages.acm.org/10.1145/3190000/3185980/images/www18companion-41-graphic10.jpg
Connecting to deliveryimages.acm.org (deliveryimages.acm.org)|104.17.80.191|:443... connected.
HTTP request sent, awaiting response... 200 OK
Length: 51263 (50K) [image/jpeg]
Saving to: ‘../data/deliveryimages.acm.org/10.1145/3190000/3185980/images/www18companion-41-graphic10.jpg’

     0K .......... .......... .......... .......... .......... 99% 1.49M 0s
    50K                                                       100%  117G=0.03s

2018-05-16 15:29:55 (1.50 MB/s) - ‘../data/deliveryimages.acm.org/10.1145/3190000/3185980/images/www18companion-41-graphic10.jpg’ saved [51263/51263]

--2018-05-16 15:29:55--  http://deliveryimages.acm.org/10.1145/3190000/3185980/images/www18companion-41-fig3.jpg
Connecting to deliveryimages.acm.org (deliveryimages.acm.org)|104.17.80.191|:80... connected.
HTTP request sent, awaiting response... 301 Moved Permanently
Location: https://deliveryimages.acm.org/10.1145/3190000/3185980/images/www18companion-41-fig3.jpg [following]
--2018-05-16 15:29:55--  https://deliveryimages.acm.org/10.1145/3190000/3185980/images/www18companion-41-fig3.jpg
Connecting to deliveryimages.acm.org (deliveryimages.acm.org)|104.17.80.191|:443... connected.
HTTP request sent, awaiting response... 200 OK
Length: 400693 (391K) [image/jpeg]
Saving to: ‘../data/deliveryimages.acm.org/10.1145/3190000/3185980/images/www18companion-41-fig3.jpg’

     0K .......... .......... .......... .......... .......... 12%  388K 1s
    50K .......... .......... .......... .......... .......... 25% 1.74M 0s
   100K .......... .......... .......... .......... .......... 38% 3.59M 0s
   150K .......... .......... .......... .......... .......... 51% 2.68M 0s
   200K .......... .......... .......... .......... .......... 63% 3.96M 0s
   250K .......... .......... .......... .......... .......... 76% 3.93M 0s
   300K .......... .......... .......... .......... .......... 89% 2.00M 0s
   350K .......... .......... .......... .......... .         100% 3.60M=0.2s

2018-05-16 15:29:56 (1.53 MB/s) - ‘../data/deliveryimages.acm.org/10.1145/3190000/3185980/images/www18companion-41-fig3.jpg’ saved [400693/400693]

--2018-05-16 15:29:56--  http://deliveryimages.acm.org/10.1145/3190000/3185980/images/www18companion-41-fig4.jpg
Connecting to deliveryimages.acm.org (deliveryimages.acm.org)|104.17.80.191|:80... connected.
HTTP request sent, awaiting response... 301 Moved Permanently
Location: https://deliveryimages.acm.org/10.1145/3190000/3185980/images/www18companion-41-fig4.jpg [following]
--2018-05-16 15:29:56--  https://deliveryimages.acm.org/10.1145/3190000/3185980/images/www18companion-41-fig4.jpg
Connecting to deliveryimages.acm.org (deliveryimages.acm.org)|104.17.80.191|:443... connected.
HTTP request sent, awaiting response... 200 OK
Length: 233746 (228K) [image/jpeg]
Saving to: ‘../data/deliveryimages.acm.org/10.1145/3190000/3185980/images/www18companion-41-fig4.jpg’

     0K .......... .......... .......... .......... .......... 21%  754K 0s
    50K .......... .......... .......... .......... .......... 43% 1.32M 0s
   100K .......... .......... .......... .......... .......... 65% 4.28M 0s
   150K .......... .......... .......... .......... .......... 87% 2.21M 0s
   200K .......... .......... ........                        100% 21.3M=0.1s

2018-05-16 15:29:57 (1.61 MB/s) - ‘../data/deliveryimages.acm.org/10.1145/3190000/3185980/images/www18companion-41-fig4.jpg’ saved [233746/233746]

--2018-05-16 15:29:57--  http://deliveryimages.acm.org/10.1145/3190000/3185980/images/www18companion-41-graphic12.jpg
Connecting to deliveryimages.acm.org (deliveryimages.acm.org)|104.17.80.191|:80... connected.
HTTP request sent, awaiting response... 301 Moved Permanently
Location: https://deliveryimages.acm.org/10.1145/3190000/3185980/images/www18companion-41-graphic12.jpg [following]
--2018-05-16 15:29:57--  https://deliveryimages.acm.org/10.1145/3190000/3185980/images/www18companion-41-graphic12.jpg
Connecting to deliveryimages.acm.org (deliveryimages.acm.org)|104.17.80.191|:443... connected.
HTTP request sent, awaiting response... 200 OK
Length: 60773 (59K) [image/jpeg]
Saving to: ‘../data/deliveryimages.acm.org/10.1145/3190000/3185980/images/www18companion-41-graphic12.jpg’

     0K .......... .......... .......... .......... .......... 84% 1.64M 0s
    50K .........                                             100% 3.32M=0.03s

2018-05-16 15:29:57 (1.78 MB/s) - ‘../data/deliveryimages.acm.org/10.1145/3190000/3185980/images/www18companion-41-graphic12.jpg’ saved [60773/60773]

--2018-05-16 15:29:57--  http://deliveryimages.acm.org/10.1145/3190000/3185980/images/www18companion-41-graphic14.jpg
Connecting to deliveryimages.acm.org (deliveryimages.acm.org)|104.17.80.191|:80... connected.
HTTP request sent, awaiting response... 301 Moved Permanently
Location: https://deliveryimages.acm.org/10.1145/3190000/3185980/images/www18companion-41-graphic14.jpg [following]
--2018-05-16 15:29:57--  https://deliveryimages.acm.org/10.1145/3190000/3185980/images/www18companion-41-graphic14.jpg
Connecting to deliveryimages.acm.org (deliveryimages.acm.org)|104.17.80.191|:443... connected.
HTTP request sent, awaiting response... 200 OK
Length: 153030 (149K) [image/jpeg]
Saving to: ‘../data/deliveryimages.acm.org/10.1145/3190000/3185980/images/www18companion-41-graphic14.jpg’

     0K .......... .......... .......... .......... .......... 33%  871K 0s
    50K .......... .......... .......... .......... .......... 66% 1.10M 0s
   100K .......... .......... .......... .......... ......... 100% 5.05M=0.1s

2018-05-16 15:29:57 (1.31 MB/s) - ‘../data/deliveryimages.acm.org/10.1145/3190000/3185980/images/www18companion-41-graphic14.jpg’ saved [153030/153030]

--2018-05-16 15:29:57--  http://deliveryimages.acm.org/10.1145/3190000/3185980/images/www18companion-41-graphic15.jpg
Connecting to deliveryimages.acm.org (deliveryimages.acm.org)|104.17.80.191|:80... connected.
HTTP request sent, awaiting response... 301 Moved Permanently
Location: https://deliveryimages.acm.org/10.1145/3190000/3185980/images/www18companion-41-graphic15.jpg [following]
--2018-05-16 15:29:57--  https://deliveryimages.acm.org/10.1145/3190000/3185980/images/www18companion-41-graphic15.jpg
Connecting to deliveryimages.acm.org (deliveryimages.acm.org)|104.17.80.191|:443... connected.
HTTP request sent, awaiting response... 200 OK
Length: 165318 (161K) [image/jpeg]
Saving to: ‘../data/deliveryimages.acm.org/10.1145/3190000/3185980/images/www18companion-41-graphic15.jpg’

     0K .......... .......... .......... .......... .......... 30% 1.10M 0s
    50K .......... .......... .......... .......... .......... 61% 3.87M 0s
   100K .......... .......... .......... .......... .......... 92% 3.98M 0s
   150K .......... .                                          100%  820K=0.08s

2018-05-16 15:29:58 (1.89 MB/s) - ‘../data/deliveryimages.acm.org/10.1145/3190000/3185980/images/www18companion-41-graphic15.jpg’ saved [165318/165318]

--2018-05-16 15:29:58--  http://deliveryimages.acm.org/10.1145/3190000/3185980/images/www18companion-41-fig5.jpg
Connecting to deliveryimages.acm.org (deliveryimages.acm.org)|104.17.80.191|:80... connected.
HTTP request sent, awaiting response... 301 Moved Permanently
Location: https://deliveryimages.acm.org/10.1145/3190000/3185980/images/www18companion-41-fig5.jpg [following]
--2018-05-16 15:29:58--  https://deliveryimages.acm.org/10.1145/3190000/3185980/images/www18companion-41-fig5.jpg
Connecting to deliveryimages.acm.org (deliveryimages.acm.org)|104.17.80.191|:443... connected.
HTTP request sent, awaiting response... 200 OK
Length: 95199 (93K) [image/jpeg]
Saving to: ‘../data/deliveryimages.acm.org/10.1145/3190000/3185980/images/www18companion-41-fig5.jpg’

     0K .......... .......... .......... .......... .......... 53%  944K 0s
    50K .......... .......... .......... .......... ..        100% 4.69M=0.06s

2018-05-16 15:29:58 (1.47 MB/s) - ‘../data/deliveryimages.acm.org/10.1145/3190000/3185980/images/www18companion-41-fig5.jpg’ saved [95199/95199]

--2018-05-16 15:29:58--  http://deliveryimages.acm.org/10.1145/3190000/3185980/images/www18companion-41-graphic17.jpg
Connecting to deliveryimages.acm.org (deliveryimages.acm.org)|104.17.80.191|:80... connected.
HTTP request sent, awaiting response... 301 Moved Permanently
Location: https://deliveryimages.acm.org/10.1145/3190000/3185980/images/www18companion-41-graphic17.jpg [following]
--2018-05-16 15:29:58--  https://deliveryimages.acm.org/10.1145/3190000/3185980/images/www18companion-41-graphic17.jpg
Connecting to deliveryimages.acm.org (deliveryimages.acm.org)|104.17.80.191|:443... connected.
HTTP request sent, awaiting response... 200 OK
Length: 128463 (125K) [image/jpeg]
Saving to: ‘../data/deliveryimages.acm.org/10.1145/3190000/3185980/images/www18companion-41-graphic17.jpg’

     0K .......... .......... .......... .......... .......... 39%  555K 0s
    50K .......... .......... .......... .......... .......... 79% 2.86M 0s
   100K .......... .......... .....                           100% 6.29M=0.1s

2018-05-16 15:29:58 (1.10 MB/s) - ‘../data/deliveryimages.acm.org/10.1145/3190000/3185980/images/www18companion-41-graphic17.jpg’ saved [128463/128463]

--2018-05-16 15:29:58--  http://deliveryimages.acm.org/10.1145/3190000/3185980/images/www18companion-41-graphic18.jpg
Connecting to deliveryimages.acm.org (deliveryimages.acm.org)|104.17.80.191|:80... connected.
HTTP request sent, awaiting response... 301 Moved Permanently
Location: https://deliveryimages.acm.org/10.1145/3190000/3185980/images/www18companion-41-graphic18.jpg [following]
--2018-05-16 15:29:58--  https://deliveryimages.acm.org/10.1145/3190000/3185980/images/www18companion-41-graphic18.jpg
Connecting to deliveryimages.acm.org (deliveryimages.acm.org)|104.17.80.191|:443... connected.
HTTP request sent, awaiting response... 200 OK
Length: 85940 (84K) [image/jpeg]
Saving to: ‘../data/deliveryimages.acm.org/10.1145/3190000/3185980/images/www18companion-41-graphic18.jpg’

     0K .......... .......... .......... .......... .......... 59% 1.76M 0s
    50K .......... .......... .......... ...                  100% 1.92M=0.05s

2018-05-16 15:29:59 (1.82 MB/s) - ‘../data/deliveryimages.acm.org/10.1145/3190000/3185980/images/www18companion-41-graphic18.jpg’ saved [85940/85940]

--2018-05-16 15:29:59--  http://deliveryimages.acm.org/10.1145/3190000/3185980/images/www18companion-41-graphic19.jpg
Connecting to deliveryimages.acm.org (deliveryimages.acm.org)|104.17.80.191|:80... connected.
HTTP request sent, awaiting response... 301 Moved Permanently
Location: https://deliveryimages.acm.org/10.1145/3190000/3185980/images/www18companion-41-graphic19.jpg [following]
--2018-05-16 15:29:59--  https://deliveryimages.acm.org/10.1145/3190000/3185980/images/www18companion-41-graphic19.jpg
Connecting to deliveryimages.acm.org (deliveryimages.acm.org)|104.17.80.191|:443... connected.
HTTP request sent, awaiting response... 200 OK
Length: 99194 (97K) [image/jpeg]
Saving to: ‘../data/deliveryimages.acm.org/10.1145/3190000/3185980/images/www18companion-41-graphic19.jpg’

     0K .......... .......... .......... .......... .......... 51% 1.45M 0s
    50K .......... .......... .......... .......... ......    100% 4.77M=0.04s

2018-05-16 15:29:59 (2.19 MB/s) - ‘../data/deliveryimages.acm.org/10.1145/3190000/3185980/images/www18companion-41-graphic19.jpg’ saved [99194/99194]

--2018-05-16 15:29:59--  http://deliveryimages.acm.org/10.1145/3190000/3185980/images/www18companion-41-graphic20.jpg
Connecting to deliveryimages.acm.org (deliveryimages.acm.org)|104.17.80.191|:80... connected.
HTTP request sent, awaiting response... 301 Moved Permanently
Location: https://deliveryimages.acm.org/10.1145/3190000/3185980/images/www18companion-41-graphic20.jpg [following]
--2018-05-16 15:29:59--  https://deliveryimages.acm.org/10.1145/3190000/3185980/images/www18companion-41-graphic20.jpg
Connecting to deliveryimages.acm.org (deliveryimages.acm.org)|104.17.80.191|:443... connected.
HTTP request sent, awaiting response... 200 OK
Length: 127235 (124K) [image/jpeg]
Saving to: ‘../data/deliveryimages.acm.org/10.1145/3190000/3185980/images/www18companion-41-graphic20.jpg’

     0K .......... .......... .......... .......... .......... 40%  646K 0s
    50K .......... .......... .......... .......... .......... 80% 1.61M 0s
   100K .......... .......... ....                            100%  126M=0.1s

2018-05-16 15:30:00 (1.12 MB/s) - ‘../data/deliveryimages.acm.org/10.1145/3190000/3185980/images/www18companion-41-graphic20.jpg’ saved [127235/127235]

--2018-05-16 15:30:00--  http://deliveryimages.acm.org/10.1145/3190000/3185980/images/www18companion-41-graphic21.jpg
Connecting to deliveryimages.acm.org (deliveryimages.acm.org)|104.17.80.191|:80... connected.
HTTP request sent, awaiting response... 301 Moved Permanently
Location: https://deliveryimages.acm.org/10.1145/3190000/3185980/images/www18companion-41-graphic21.jpg [following]
--2018-05-16 15:30:00--  https://deliveryimages.acm.org/10.1145/3190000/3185980/images/www18companion-41-graphic21.jpg
Connecting to deliveryimages.acm.org (deliveryimages.acm.org)|104.17.80.191|:443... connected.
HTTP request sent, awaiting response... 200 OK
Length: 85455 (83K) [image/jpeg]
Saving to: ‘../data/deliveryimages.acm.org/10.1145/3190000/3185980/images/www18companion-41-graphic21.jpg’

     0K .......... .......... .......... .......... .......... 59%  681K 0s
    50K .......... .......... .......... ...                  100% 1.35M=0.1s

2018-05-16 15:30:01 (855 KB/s) - ‘../data/deliveryimages.acm.org/10.1145/3190000/3185980/images/www18companion-41-graphic21.jpg’ saved [85455/85455]

--2018-05-16 15:30:01--  http://deliveryimages.acm.org/10.1145/3190000/3185980/images/www18companion-41-graphic22.jpg
Connecting to deliveryimages.acm.org (deliveryimages.acm.org)|104.17.80.191|:80... connected.
HTTP request sent, awaiting response... 301 Moved Permanently
Location: https://deliveryimages.acm.org/10.1145/3190000/3185980/images/www18companion-41-graphic22.jpg [following]
--2018-05-16 15:30:01--  https://deliveryimages.acm.org/10.1145/3190000/3185980/images/www18companion-41-graphic22.jpg
Connecting to deliveryimages.acm.org (deliveryimages.acm.org)|104.17.80.191|:443... connected.
HTTP request sent, awaiting response... 200 OK
Length: 116745 (114K) [image/jpeg]
Saving to: ‘../data/deliveryimages.acm.org/10.1145/3190000/3185980/images/www18companion-41-graphic22.jpg’

     0K .......... .......... .......... .......... .......... 43% 1015K 0s
    50K .......... .......... .......... .......... .......... 87% 2.20M 0s
   100K .......... ....                                       100% 13.9M=0.07s

2018-05-16 15:30:01 (1.54 MB/s) - ‘../data/deliveryimages.acm.org/10.1145/3190000/3185980/images/www18companion-41-graphic22.jpg’ saved [116745/116745]

--2018-05-16 15:30:01--  http://deliveryimages.acm.org/10.1145/3190000/3185980/images/www18companion-41-graphic23.jpg
Connecting to deliveryimages.acm.org (deliveryimages.acm.org)|104.17.80.191|:80... connected.
HTTP request sent, awaiting response... 301 Moved Permanently
Location: https://deliveryimages.acm.org/10.1145/3190000/3185980/images/www18companion-41-graphic23.jpg [following]
--2018-05-16 15:30:02--  https://deliveryimages.acm.org/10.1145/3190000/3185980/images/www18companion-41-graphic23.jpg
Connecting to deliveryimages.acm.org (deliveryimages.acm.org)|104.17.80.191|:443... connected.
HTTP request sent, awaiting response... 200 OK
Length: 108446 (106K) [image/jpeg]
Saving to: ‘../data/deliveryimages.acm.org/10.1145/3190000/3185980/images/www18companion-41-graphic23.jpg’

     0K .......... .......... .......... .......... .......... 47% 1.86M 0s
    50K .......... .......... .......... .......... .......... 94% 2.76M 0s
   100K .....                                                 100% 5.10M=0.05s

2018-05-16 15:30:02 (2.30 MB/s) - ‘../data/deliveryimages.acm.org/10.1145/3190000/3185980/images/www18companion-41-graphic23.jpg’ saved [108446/108446]

--2018-05-16 15:30:02--  http://deliveryimages.acm.org/10.1145/3190000/3185980/images/www18companion-41-graphic24.jpg
Connecting to deliveryimages.acm.org (deliveryimages.acm.org)|104.17.80.191|:80... connected.
HTTP request sent, awaiting response... 301 Moved Permanently
Location: https://deliveryimages.acm.org/10.1145/3190000/3185980/images/www18companion-41-graphic24.jpg [following]
--2018-05-16 15:30:02--  https://deliveryimages.acm.org/10.1145/3190000/3185980/images/www18companion-41-graphic24.jpg
Connecting to deliveryimages.acm.org (deliveryimages.acm.org)|104.17.80.191|:443... connected.
HTTP request sent, awaiting response... 200 OK
Length: 82037 (80K) [image/jpeg]
Saving to: ‘../data/deliveryimages.acm.org/10.1145/3190000/3185980/images/www18companion-41-graphic24.jpg’

     0K .......... .......... .......... .......... .......... 62% 1023K 0s
    50K .......... .......... ..........                      100% 2.97M=0.06s

2018-05-16 15:30:03 (1.33 MB/s) - ‘../data/deliveryimages.acm.org/10.1145/3190000/3185980/images/www18companion-41-graphic24.jpg’ saved [82037/82037]

--2018-05-16 15:30:03--  http://deliveryimages.acm.org/10.1145/3190000/3185980/images/www18companion-41-graphic25.jpg
Connecting to deliveryimages.acm.org (deliveryimages.acm.org)|104.17.80.191|:80... connected.
HTTP request sent, awaiting response... 301 Moved Permanently
Location: https://deliveryimages.acm.org/10.1145/3190000/3185980/images/www18companion-41-graphic25.jpg [following]
--2018-05-16 15:30:03--  https://deliveryimages.acm.org/10.1145/3190000/3185980/images/www18companion-41-graphic25.jpg
Connecting to deliveryimages.acm.org (deliveryimages.acm.org)|104.17.80.191|:443... connected.
HTTP request sent, awaiting response... 200 OK
Length: 178848 (175K) [image/jpeg]
Saving to: ‘../data/deliveryimages.acm.org/10.1145/3190000/3185980/images/www18companion-41-graphic25.jpg’

     0K .......... .......... .......... .......... .......... 28% 1.62M 0s
    50K .......... .......... .......... .......... .......... 57% 2.79M 0s
   100K .......... .......... .......... .......... .......... 85% 3.86M 0s
   150K .......... .......... ....                            100% 2.66M=0.07s

2018-05-16 15:30:03 (2.46 MB/s) - ‘../data/deliveryimages.acm.org/10.1145/3190000/3185980/images/www18companion-41-graphic25.jpg’ saved [178848/178848]

--2018-05-16 15:30:03--  http://deliveryimages.acm.org/10.1145/3190000/3185980/images/www18companion-41-graphic26.jpg
Connecting to deliveryimages.acm.org (deliveryimages.acm.org)|104.17.80.191|:80... connected.
HTTP request sent, awaiting response... 301 Moved Permanently
Location: https://deliveryimages.acm.org/10.1145/3190000/3185980/images/www18companion-41-graphic26.jpg [following]
--2018-05-16 15:30:03--  https://deliveryimages.acm.org/10.1145/3190000/3185980/images/www18companion-41-graphic26.jpg
Connecting to deliveryimages.acm.org (deliveryimages.acm.org)|104.17.80.191|:443... connected.
HTTP request sent, awaiting response... 200 OK
Length: 118879 (116K) [image/jpeg]
Saving to: ‘../data/deliveryimages.acm.org/10.1145/3190000/3185980/images/www18companion-41-graphic26.jpg’

     0K .......... .......... .......... .......... .......... 43% 1.16M 0s
    50K .......... .......... .......... .......... .......... 86% 6.51M 0s
   100K .......... ......                                     100% 6.25M=0.05s

2018-05-16 15:30:03 (2.18 MB/s) - ‘../data/deliveryimages.acm.org/10.1145/3190000/3185980/images/www18companion-41-graphic26.jpg’ saved [118879/118879]

--2018-05-16 15:30:03--  http://deliveryimages.acm.org/10.1145/3190000/3185980/images/www18companion-41-graphic27.jpg
Connecting to deliveryimages.acm.org (deliveryimages.acm.org)|104.17.80.191|:80... connected.
HTTP request sent, awaiting response... 301 Moved Permanently
Location: https://deliveryimages.acm.org/10.1145/3190000/3185980/images/www18companion-41-graphic27.jpg [following]
--2018-05-16 15:30:03--  https://deliveryimages.acm.org/10.1145/3190000/3185980/images/www18companion-41-graphic27.jpg
Connecting to deliveryimages.acm.org (deliveryimages.acm.org)|104.17.80.191|:443... connected.
HTTP request sent, awaiting response... 200 OK
Length: 73542 (72K) [image/jpeg]
Saving to: ‘../data/deliveryimages.acm.org/10.1145/3190000/3185980/images/www18companion-41-graphic27.jpg’

     0K .......... .......... .......... .......... .......... 69% 1.63M 0s
    50K .......... .......... .                               100% 2.33M=0.04s

2018-05-16 15:30:03 (1.80 MB/s) - ‘../data/deliveryimages.acm.org/10.1145/3190000/3185980/images/www18companion-41-graphic27.jpg’ saved [73542/73542]

--2018-05-16 15:30:03--  http://deliveryimages.acm.org/10.1145/3190000/3185980/images/www18companion-41-graphic28.jpg
Connecting to deliveryimages.acm.org (deliveryimages.acm.org)|104.17.80.191|:80... connected.
HTTP request sent, awaiting response... 301 Moved Permanently
Location: https://deliveryimages.acm.org/10.1145/3190000/3185980/images/www18companion-41-graphic28.jpg [following]
--2018-05-16 15:30:04--  https://deliveryimages.acm.org/10.1145/3190000/3185980/images/www18companion-41-graphic28.jpg
Connecting to deliveryimages.acm.org (deliveryimages.acm.org)|104.17.80.191|:443... connected.
HTTP request sent, awaiting response... 200 OK
Length: 169988 (166K) [image/jpeg]
Saving to: ‘../data/deliveryimages.acm.org/10.1145/3190000/3185980/images/www18companion-41-graphic28.jpg’

     0K .......... .......... .......... .......... .......... 30% 1.68M 0s
    50K .......... .......... .......... .......... .......... 60% 1.74M 0s
   100K .......... .......... .......... .......... .......... 90% 3.87M 0s
   150K .......... ......                                     100% 8.91M=0.07s

2018-05-16 15:30:04 (2.27 MB/s) - ‘../data/deliveryimages.acm.org/10.1145/3190000/3185980/images/www18companion-41-graphic28.jpg’ saved [169988/169988]

--2018-05-16 15:30:04--  http://deliveryimages.acm.org/10.1145/3190000/3185980/images/www18companion-41-fig6.jpg
Connecting to deliveryimages.acm.org (deliveryimages.acm.org)|104.17.80.191|:80... connected.
HTTP request sent, awaiting response... 301 Moved Permanently
Location: https://deliveryimages.acm.org/10.1145/3190000/3185980/images/www18companion-41-fig6.jpg [following]
--2018-05-16 15:30:04--  https://deliveryimages.acm.org/10.1145/3190000/3185980/images/www18companion-41-fig6.jpg
Connecting to deliveryimages.acm.org (deliveryimages.acm.org)|104.17.80.191|:443... connected.
HTTP request sent, awaiting response... 200 OK
Length: 134534 (131K) [image/jpeg]
Saving to: ‘../data/deliveryimages.acm.org/10.1145/3190000/3185980/images/www18companion-41-fig6.jpg’

     0K .......... .......... .......... .......... .......... 38% 1.66M 0s
    50K .......... .......... .......... .......... .......... 76%  358K 0s
   100K .......... .......... .......... .                    100%  663K=0.2s

2018-05-16 15:30:04 (607 KB/s) - ‘../data/deliveryimages.acm.org/10.1145/3190000/3185980/images/www18companion-41-fig6.jpg’ saved [134534/134534]

--2018-05-16 15:30:04--  http://deliveryimages.acm.org/10.1145/3190000/3185980/images/www18companion-41-fig7.jpg
Connecting to deliveryimages.acm.org (deliveryimages.acm.org)|104.17.80.191|:80... connected.
HTTP request sent, awaiting response... 301 Moved Permanently
Location: https://deliveryimages.acm.org/10.1145/3190000/3185980/images/www18companion-41-fig7.jpg [following]
--2018-05-16 15:30:05--  https://deliveryimages.acm.org/10.1145/3190000/3185980/images/www18companion-41-fig7.jpg
Connecting to deliveryimages.acm.org (deliveryimages.acm.org)|104.17.80.191|:443... connected.
HTTP request sent, awaiting response... 200 OK
Length: 133589 (130K) [image/jpeg]
Saving to: ‘../data/deliveryimages.acm.org/10.1145/3190000/3185980/images/www18companion-41-fig7.jpg’

     0K .......... .......... .......... .......... .......... 38%  167K 0s
    50K .......... .......... .......... .......... .......... 76%  376K 0s
   100K .......... .......... ..........                      100%  832K=0.5s

2018-05-16 15:30:07 (279 KB/s) - ‘../data/deliveryimages.acm.org/10.1145/3190000/3185980/images/www18companion-41-fig7.jpg’ saved [133589/133589]

--2018-05-16 15:30:07--  http://deliveryimages.acm.org/10.1145/3190000/3185980/images/www18companion-41-fig8.jpg
Connecting to deliveryimages.acm.org (deliveryimages.acm.org)|104.17.80.191|:80... connected.
HTTP request sent, awaiting response... 301 Moved Permanently
Location: https://deliveryimages.acm.org/10.1145/3190000/3185980/images/www18companion-41-fig8.jpg [following]
--2018-05-16 15:30:07--  https://deliveryimages.acm.org/10.1145/3190000/3185980/images/www18companion-41-fig8.jpg
Connecting to deliveryimages.acm.org (deliveryimages.acm.org)|104.17.80.191|:443... connected.
HTTP request sent, awaiting response... 200 OK
Length: 160199 (156K) [image/jpeg]
Saving to: ‘../data/deliveryimages.acm.org/10.1145/3190000/3185980/images/www18companion-41-fig8.jpg’

     0K .......... .......... .......... .......... .......... 31%  649K 0s
    50K .......... .......... .......... .......... .......... 63%  853K 0s
   100K .......... .......... .......... .......... .......... 95% 3.67M 0s
   150K ......                                                100% 1.45M=0.2s

2018-05-16 15:30:09 (1021 KB/s) - ‘../data/deliveryimages.acm.org/10.1145/3190000/3185980/images/www18companion-41-fig8.jpg’ saved [160199/160199]

--2018-05-16 15:30:09--  http://deliveryimages.acm.org/10.1145/3190000/3185980/images/www18companion-41-fig9.jpg
Connecting to deliveryimages.acm.org (deliveryimages.acm.org)|104.17.80.191|:80... connected.
HTTP request sent, awaiting response... 301 Moved Permanently
Location: https://deliveryimages.acm.org/10.1145/3190000/3185980/images/www18companion-41-fig9.jpg [following]
--2018-05-16 15:30:09--  https://deliveryimages.acm.org/10.1145/3190000/3185980/images/www18companion-41-fig9.jpg
Connecting to deliveryimages.acm.org (deliveryimages.acm.org)|104.17.80.191|:443... connected.
HTTP request sent, awaiting response... 200 OK
Length: 425627 (416K) [image/jpeg]
Saving to: ‘../data/deliveryimages.acm.org/10.1145/3190000/3185980/images/www18companion-41-fig9.jpg’

     0K .......... .......... .......... .......... .......... 12% 1.47M 0s
    50K .......... .......... .......... .......... .......... 24% 3.15M 0s
   100K .......... .......... .......... .......... .......... 36% 3.27M 0s
   150K .......... .......... .......... .......... .......... 48% 3.39M 0s
   200K .......... .......... .......... .......... .......... 60% 8.49M 0s
   250K .......... .......... .......... .......... .......... 72% 2.27M 0s
   300K .......... .......... .......... .......... .......... 84% 3.77M 0s
   350K .......... .......... .......... .......... .......... 96% 3.29M 0s
   400K .......... .....                                      100% 96.0M=0.1s

2018-05-16 15:30:09 (3.05 MB/s) - ‘../data/deliveryimages.acm.org/10.1145/3190000/3185980/images/www18companion-41-fig9.jpg’ saved [425627/425627]

FINISHED --2018-05-16 15:30:09--
Total wall clock time: 18s
Downloaded: 31 files, 4.1M in 3.4s (1.18 MB/s)
Converting links in ../data/delivery.acm.org/10.1145/3190000/3185980/p741-brucker.html?ip=24.48.71.56&id=3185980&acc=OPENTOC&key=4D4702B0C3E38B35.4D4702B0C3E38B35.4D4702B0C3E38B35.4DD68F0663C025AA&__acm__=1526499291_1c8dcb06583bba5925abe69afa87e96f... 83-0
Converted links in 1 files in 0.002 seconds.
