--2018-05-16 14:33:41--  http://delivery.acm.org/10.1145/3190000/3186065/p1533-liu.html?ip=24.48.71.56&id=3186065&acc=OPENTOC&key=4D4702B0C3E38B35%2E4D4702B0C3E38B35%2E4D4702B0C3E38B35%2E4DD68F0663C025AA&__acm__=1526495920_a32fdd5d9e8caf2678f00ed8a3077374
Resolving delivery.acm.org (delivery.acm.org)... 24.200.120.82, 24.200.120.90
Connecting to delivery.acm.org (delivery.acm.org)|24.200.120.82|:80... connected.
HTTP request sent, awaiting response... 200 OK
Length: 101308 (99K) [text/html]
Saving to: ‘../data/delivery.acm.org/10.1145/3190000/3186065/p1533-liu.html?ip=24.48.71.56&id=3186065&acc=OPENTOC&key=4D4702B0C3E38B35.4D4702B0C3E38B35.4D4702B0C3E38B35.4DD68F0663C025AA&__acm__=1526495920_a32fdd5d9e8caf2678f00ed8a3077374’

     0K .......... .......... .......... .......... .......... 50% 1.89M 0s
    50K .......... .......... .......... .......... ........  100% 4.24M=0.04s

2018-05-16 14:33:41 (2.60 MB/s) - ‘../data/delivery.acm.org/10.1145/3190000/3186065/p1533-liu.html?ip=24.48.71.56&id=3186065&acc=OPENTOC&key=4D4702B0C3E38B35.4D4702B0C3E38B35.4D4702B0C3E38B35.4DD68F0663C025AA&__acm__=1526495920_a32fdd5d9e8caf2678f00ed8a3077374’ saved [101308/101308]

--2018-05-16 14:33:41--  http://deliveryimages.acm.org/10.1145/3190000/3186065/images/www2018-74-graphic1.jpg
Resolving deliveryimages.acm.org (deliveryimages.acm.org)... 104.17.79.191, 104.17.80.191
Connecting to deliveryimages.acm.org (deliveryimages.acm.org)|104.17.79.191|:80... connected.
HTTP request sent, awaiting response... 301 Moved Permanently
Location: https://deliveryimages.acm.org/10.1145/3190000/3186065/images/www2018-74-graphic1.jpg [following]
--2018-05-16 14:33:41--  https://deliveryimages.acm.org/10.1145/3190000/3186065/images/www2018-74-graphic1.jpg
Connecting to deliveryimages.acm.org (deliveryimages.acm.org)|104.17.79.191|:443... connected.
HTTP request sent, awaiting response... 200 OK
Length: 92694 (91K) [image/jpeg]
Saving to: ‘../data/deliveryimages.acm.org/10.1145/3190000/3186065/images/www2018-74-graphic1.jpg’

     0K .......... .......... .......... .......... .......... 55% 1.58M 0s
    50K .......... .......... .......... ..........           100% 4.09M=0.04s

2018-05-16 14:33:42 (2.18 MB/s) - ‘../data/deliveryimages.acm.org/10.1145/3190000/3186065/images/www2018-74-graphic1.jpg’ saved [92694/92694]

--2018-05-16 14:33:42--  http://deliveryimages.acm.org/10.1145/3190000/3186065/images/www2018-74-fig1.jpg
Connecting to deliveryimages.acm.org (deliveryimages.acm.org)|104.17.79.191|:80... connected.
HTTP request sent, awaiting response... 301 Moved Permanently
Location: https://deliveryimages.acm.org/10.1145/3190000/3186065/images/www2018-74-fig1.jpg [following]
--2018-05-16 14:33:42--  https://deliveryimages.acm.org/10.1145/3190000/3186065/images/www2018-74-fig1.jpg
Connecting to deliveryimages.acm.org (deliveryimages.acm.org)|104.17.79.191|:443... connected.
HTTP request sent, awaiting response... 200 OK
Length: 242233 (237K) [image/jpeg]
Saving to: ‘../data/deliveryimages.acm.org/10.1145/3190000/3186065/images/www2018-74-fig1.jpg’

     0K .......... .......... .......... .......... .......... 21% 1.46M 0s
    50K .......... .......... .......... .......... .......... 42% 3.35M 0s
   100K .......... .......... .......... .......... .......... 63% 4.50M 0s
   150K .......... .......... .......... .......... .......... 84% 2.35M 0s
   200K .......... .......... .......... ......               100% 99.4M=0.08s

2018-05-16 14:33:42 (2.89 MB/s) - ‘../data/deliveryimages.acm.org/10.1145/3190000/3186065/images/www2018-74-fig1.jpg’ saved [242233/242233]

--2018-05-16 14:33:42--  http://deliveryimages.acm.org/10.1145/3190000/3186065/images/www2018-74-fig2.jpg
Connecting to deliveryimages.acm.org (deliveryimages.acm.org)|104.17.79.191|:80... connected.
HTTP request sent, awaiting response... 301 Moved Permanently
Location: https://deliveryimages.acm.org/10.1145/3190000/3186065/images/www2018-74-fig2.jpg [following]
--2018-05-16 14:33:42--  https://deliveryimages.acm.org/10.1145/3190000/3186065/images/www2018-74-fig2.jpg
Connecting to deliveryimages.acm.org (deliveryimages.acm.org)|104.17.79.191|:443... connected.
HTTP request sent, awaiting response... 200 OK
Length: 115408 (113K) [image/jpeg]
Saving to: ‘../data/deliveryimages.acm.org/10.1145/3190000/3186065/images/www2018-74-fig2.jpg’

     0K .......... .......... .......... .......... .......... 44% 1.12M 0s
    50K .......... .......... .......... .......... .......... 88% 2.78M 0s
   100K .......... ..                                         100% 56.3M=0.06s

2018-05-16 14:33:43 (1.79 MB/s) - ‘../data/deliveryimages.acm.org/10.1145/3190000/3186065/images/www2018-74-fig2.jpg’ saved [115408/115408]

--2018-05-16 14:33:43--  http://deliveryimages.acm.org/10.1145/3190000/3186065/images/www2018-74-fig3.jpg
Connecting to deliveryimages.acm.org (deliveryimages.acm.org)|104.17.79.191|:80... connected.
HTTP request sent, awaiting response... 301 Moved Permanently
Location: https://deliveryimages.acm.org/10.1145/3190000/3186065/images/www2018-74-fig3.jpg [following]
--2018-05-16 14:33:43--  https://deliveryimages.acm.org/10.1145/3190000/3186065/images/www2018-74-fig3.jpg
Connecting to deliveryimages.acm.org (deliveryimages.acm.org)|104.17.79.191|:443... connected.
HTTP request sent, awaiting response... 200 OK
Length: 53871 (53K) [image/jpeg]
Saving to: ‘../data/deliveryimages.acm.org/10.1145/3190000/3186065/images/www2018-74-fig3.jpg’

     0K .......... .......... .......... .......... .......... 95% 1.82M 0s
    50K ..                                                    100% 29.0M=0.03s

2018-05-16 14:33:43 (1.91 MB/s) - ‘../data/deliveryimages.acm.org/10.1145/3190000/3186065/images/www2018-74-fig3.jpg’ saved [53871/53871]

--2018-05-16 14:33:43--  http://deliveryimages.acm.org/10.1145/3190000/3186065/images/www2018-74-fig4.jpg
Connecting to deliveryimages.acm.org (deliveryimages.acm.org)|104.17.79.191|:80... connected.
HTTP request sent, awaiting response... 301 Moved Permanently
Location: https://deliveryimages.acm.org/10.1145/3190000/3186065/images/www2018-74-fig4.jpg [following]
--2018-05-16 14:33:43--  https://deliveryimages.acm.org/10.1145/3190000/3186065/images/www2018-74-fig4.jpg
Connecting to deliveryimages.acm.org (deliveryimages.acm.org)|104.17.79.191|:443... connected.
HTTP request sent, awaiting response... 200 OK
Length: 47550 (46K) [image/jpeg]
Saving to: ‘../data/deliveryimages.acm.org/10.1145/3190000/3186065/images/www2018-74-fig4.jpg’

     0K .......... .......... .......... .......... ......    100% 1.65M=0.03s

2018-05-16 14:33:43 (1.65 MB/s) - ‘../data/deliveryimages.acm.org/10.1145/3190000/3186065/images/www2018-74-fig4.jpg’ saved [47550/47550]

--2018-05-16 14:33:43--  http://deliveryimages.acm.org/10.1145/3190000/3186065/images/www2018-74-fig5.jpg
Connecting to deliveryimages.acm.org (deliveryimages.acm.org)|104.17.79.191|:80... connected.
HTTP request sent, awaiting response... 301 Moved Permanently
Location: https://deliveryimages.acm.org/10.1145/3190000/3186065/images/www2018-74-fig5.jpg [following]
--2018-05-16 14:33:43--  https://deliveryimages.acm.org/10.1145/3190000/3186065/images/www2018-74-fig5.jpg
Connecting to deliveryimages.acm.org (deliveryimages.acm.org)|104.17.79.191|:443... connected.
HTTP request sent, awaiting response... 200 OK
Length: 28968 (28K) [image/jpeg]
Saving to: ‘../data/deliveryimages.acm.org/10.1145/3190000/3186065/images/www2018-74-fig5.jpg’

     0K .......... .......... ........                        100% 1.36M=0.02s

2018-05-16 14:33:43 (1.36 MB/s) - ‘../data/deliveryimages.acm.org/10.1145/3190000/3186065/images/www2018-74-fig5.jpg’ saved [28968/28968]

--2018-05-16 14:33:43--  http://deliveryimages.acm.org/10.1145/3190000/3186065/images/www2018-74-fig6.jpg
Connecting to deliveryimages.acm.org (deliveryimages.acm.org)|104.17.79.191|:80... connected.
HTTP request sent, awaiting response... 301 Moved Permanently
Location: https://deliveryimages.acm.org/10.1145/3190000/3186065/images/www2018-74-fig6.jpg [following]
--2018-05-16 14:33:43--  https://deliveryimages.acm.org/10.1145/3190000/3186065/images/www2018-74-fig6.jpg
Connecting to deliveryimages.acm.org (deliveryimages.acm.org)|104.17.79.191|:443... connected.
HTTP request sent, awaiting response... 200 OK
Length: 44838 (44K) [image/jpeg]
Saving to: ‘../data/deliveryimages.acm.org/10.1145/3190000/3186065/images/www2018-74-fig6.jpg’

     0K .......... .......... .......... .......... ...       100% 1.66M=0.03s

2018-05-16 14:33:44 (1.66 MB/s) - ‘../data/deliveryimages.acm.org/10.1145/3190000/3186065/images/www2018-74-fig6.jpg’ saved [44838/44838]

FINISHED --2018-05-16 14:33:44--
Total wall clock time: 2.6s
Downloaded: 8 files, 710K in 0.3s (2.17 MB/s)
Converting links in ../data/delivery.acm.org/10.1145/3190000/3186065/p1533-liu.html?ip=24.48.71.56&id=3186065&acc=OPENTOC&key=4D4702B0C3E38B35.4D4702B0C3E38B35.4D4702B0C3E38B35.4DD68F0663C025AA&__acm__=1526495920_a32fdd5d9e8caf2678f00ed8a3077374... 86-0
Converted links in 1 files in 0.004 seconds.
