--2018-05-16 15:16:55--  http://delivery.acm.org/10.1145/3200000/3191647/p1823-saez.html?ip=24.48.71.56&id=3191647&acc=OPENTOC&key=4D4702B0C3E38B35%2E4D4702B0C3E38B35%2E4D4702B0C3E38B35%2E4DD68F0663C025AA&__acm__=1526498515_c55c9a749c7d05ceb6f0c2a9ab500987
Resolving delivery.acm.org (delivery.acm.org)... 24.200.120.90, 24.200.120.82
Connecting to delivery.acm.org (delivery.acm.org)|24.200.120.90|:80... connected.
HTTP request sent, awaiting response... 200 OK
Length: 59115 (58K) [text/html]
Saving to: ‘../data/delivery.acm.org/10.1145/3200000/3191647/p1823-saez.html?ip=24.48.71.56&id=3191647&acc=OPENTOC&key=4D4702B0C3E38B35.4D4702B0C3E38B35.4D4702B0C3E38B35.4DD68F0663C025AA&__acm__=1526498515_c55c9a749c7d05ceb6f0c2a9ab500987’

     0K .......... .......... .......... .......... .......... 86% 77.0K 0s
    50K .......                                               100% 84.1K=0.7s

2018-05-16 15:16:56 (77.9 KB/s) - ‘../data/delivery.acm.org/10.1145/3200000/3191647/p1823-saez.html?ip=24.48.71.56&id=3191647&acc=OPENTOC&key=4D4702B0C3E38B35.4D4702B0C3E38B35.4D4702B0C3E38B35.4DD68F0663C025AA&__acm__=1526498515_c55c9a749c7d05ceb6f0c2a9ab500987’ saved [59115/59115]

--2018-05-16 15:16:56--  http://deliveryimages.acm.org/10.1145/3200000/3191647/images/www18companion-386-fig1.jpg
Resolving deliveryimages.acm.org (deliveryimages.acm.org)... 104.17.79.191, 104.17.80.191
Connecting to deliveryimages.acm.org (deliveryimages.acm.org)|104.17.79.191|:80... connected.
HTTP request sent, awaiting response... 301 Moved Permanently
Location: https://deliveryimages.acm.org/10.1145/3200000/3191647/images/www18companion-386-fig1.jpg [following]
--2018-05-16 15:16:56--  https://deliveryimages.acm.org/10.1145/3200000/3191647/images/www18companion-386-fig1.jpg
Connecting to deliveryimages.acm.org (deliveryimages.acm.org)|104.17.79.191|:443... connected.
HTTP request sent, awaiting response... 200 OK
Length: 227429 (222K) [image/jpeg]
Saving to: ‘../data/deliveryimages.acm.org/10.1145/3200000/3191647/images/www18companion-386-fig1.jpg’

     0K .......... .......... .......... .......... .......... 22% 1.19M 0s
    50K .......... .......... .......... .......... .......... 45% 2.62M 0s
   100K .......... .......... .......... .......... .......... 67% 6.95M 0s
   150K .......... .......... .......... .......... .......... 90% 4.20M 0s
   200K .......... .......... ..                              100% 4.41M=0.08s

2018-05-16 15:16:56 (2.60 MB/s) - ‘../data/deliveryimages.acm.org/10.1145/3200000/3191647/images/www18companion-386-fig1.jpg’ saved [227429/227429]

--2018-05-16 15:16:56--  http://deliveryimages.acm.org/10.1145/3200000/3191647/images/www18companion-386-fig2.jpg
Connecting to deliveryimages.acm.org (deliveryimages.acm.org)|104.17.79.191|:80... connected.
HTTP request sent, awaiting response... 301 Moved Permanently
Location: https://deliveryimages.acm.org/10.1145/3200000/3191647/images/www18companion-386-fig2.jpg [following]
--2018-05-16 15:16:56--  https://deliveryimages.acm.org/10.1145/3200000/3191647/images/www18companion-386-fig2.jpg
Connecting to deliveryimages.acm.org (deliveryimages.acm.org)|104.17.79.191|:443... connected.
HTTP request sent, awaiting response... 200 OK
Length: 53331 (52K) [image/jpeg]
Saving to: ‘../data/deliveryimages.acm.org/10.1145/3200000/3191647/images/www18companion-386-fig2.jpg’

     0K .......... .......... .......... .......... .......... 96%  133K 0s
    50K ..                                                    100% 47.7M=0.4s

2018-05-16 15:16:57 (139 KB/s) - ‘../data/deliveryimages.acm.org/10.1145/3200000/3191647/images/www18companion-386-fig2.jpg’ saved [53331/53331]

--2018-05-16 15:16:57--  http://deliveryimages.acm.org/10.1145/3200000/3191647/images/www18companion-386-img1.svg
Connecting to deliveryimages.acm.org (deliveryimages.acm.org)|104.17.79.191|:80... connected.
HTTP request sent, awaiting response... 301 Moved Permanently
Location: https://deliveryimages.acm.org/10.1145/3200000/3191647/images/www18companion-386-img1.svg [following]
--2018-05-16 15:16:57--  https://deliveryimages.acm.org/10.1145/3200000/3191647/images/www18companion-386-img1.svg
Connecting to deliveryimages.acm.org (deliveryimages.acm.org)|104.17.79.191|:443... connected.
HTTP request sent, awaiting response... 200 OK
Length: 118361 (116K) [image/svg+xml]
Saving to: ‘../data/deliveryimages.acm.org/10.1145/3200000/3191647/images/www18companion-386-img1.svg’

     0K .......... .......... .......... .......... .......... 43% 1.60M 0s
    50K .......... .......... .......... .......... .......... 86% 3.91M 0s
   100K .......... .....                                      100% 3.24M=0.05s

2018-05-16 15:16:57 (2.36 MB/s) - ‘../data/deliveryimages.acm.org/10.1145/3200000/3191647/images/www18companion-386-img1.svg’ saved [118361/118361]

--2018-05-16 15:16:57--  http://deliveryimages.acm.org/10.1145/3200000/3191647/images/www18companion-386-fig3.svg
Connecting to deliveryimages.acm.org (deliveryimages.acm.org)|104.17.79.191|:80... connected.
HTTP request sent, awaiting response... 301 Moved Permanently
Location: https://deliveryimages.acm.org/10.1145/3200000/3191647/images/www18companion-386-fig3.svg [following]
--2018-05-16 15:16:57--  https://deliveryimages.acm.org/10.1145/3200000/3191647/images/www18companion-386-fig3.svg
Connecting to deliveryimages.acm.org (deliveryimages.acm.org)|104.17.79.191|:443... connected.
HTTP request sent, awaiting response... 200 OK
Length: 300052 (293K) [image/svg+xml]
Saving to: ‘../data/deliveryimages.acm.org/10.1145/3200000/3191647/images/www18companion-386-fig3.svg’

     0K .......... .......... .......... .......... .......... 17% 1.07M 0s
    50K .......... .......... .......... .......... .......... 34% 3.23M 0s
   100K .......... .......... .......... .......... .......... 51% 2.26M 0s
   150K .......... .......... .......... .......... .......... 68% 4.75M 0s
   200K .......... .......... .......... .......... .......... 85% 3.39M 0s
   250K .......... .......... .......... .......... ...       100% 3.55M=0.1s

2018-05-16 15:16:58 (2.41 MB/s) - ‘../data/deliveryimages.acm.org/10.1145/3200000/3191647/images/www18companion-386-fig3.svg’ saved [300052/300052]

--2018-05-16 15:16:58--  http://deliveryimages.acm.org/10.1145/3200000/3191647/images/www18companion-386-fig4.jpg
Connecting to deliveryimages.acm.org (deliveryimages.acm.org)|104.17.79.191|:80... connected.
HTTP request sent, awaiting response... 301 Moved Permanently
Location: https://deliveryimages.acm.org/10.1145/3200000/3191647/images/www18companion-386-fig4.jpg [following]
--2018-05-16 15:16:58--  https://deliveryimages.acm.org/10.1145/3200000/3191647/images/www18companion-386-fig4.jpg
Connecting to deliveryimages.acm.org (deliveryimages.acm.org)|104.17.79.191|:443... connected.
HTTP request sent, awaiting response... 200 OK
Length: 44409 (43K) [image/jpeg]
Saving to: ‘../data/deliveryimages.acm.org/10.1145/3200000/3191647/images/www18companion-386-fig4.jpg’

     0K .......... .......... .......... .......... ...       100% 1.61M=0.03s

2018-05-16 15:16:58 (1.61 MB/s) - ‘../data/deliveryimages.acm.org/10.1145/3200000/3191647/images/www18companion-386-fig4.jpg’ saved [44409/44409]

--2018-05-16 15:16:58--  http://deliveryimages.acm.org/10.1145/3200000/3191647/images/www18companion-386-fig5.jpg
Connecting to deliveryimages.acm.org (deliveryimages.acm.org)|104.17.79.191|:80... connected.
HTTP request sent, awaiting response... 301 Moved Permanently
Location: https://deliveryimages.acm.org/10.1145/3200000/3191647/images/www18companion-386-fig5.jpg [following]
--2018-05-16 15:16:58--  https://deliveryimages.acm.org/10.1145/3200000/3191647/images/www18companion-386-fig5.jpg
Connecting to deliveryimages.acm.org (deliveryimages.acm.org)|104.17.79.191|:443... connected.
HTTP request sent, awaiting response... 200 OK
Length: 261746 (256K) [image/jpeg]
Saving to: ‘../data/deliveryimages.acm.org/10.1145/3200000/3191647/images/www18companion-386-fig5.jpg’

     0K .......... .......... .......... .......... .......... 19%  295K 1s
    50K .......... .......... .......... .......... .......... 39% 54.1K 2s
   100K .......... .......... .......... .......... .......... 58% 1.21M 1s
   150K .......... .......... .......... .......... .......... 78% 32.4K 1s
   200K .......... .......... .......... .......... .......... 97% 86.5K 0s
   250K .....                                                 100%  148M=3.3s

2018-05-16 15:17:02 (78.6 KB/s) - ‘../data/deliveryimages.acm.org/10.1145/3200000/3191647/images/www18companion-386-fig5.jpg’ saved [261746/261746]

FINISHED --2018-05-16 15:17:02--
Total wall clock time: 7.1s
Downloaded: 7 files, 1.0M in 4.6s (224 KB/s)
Converting links in ../data/delivery.acm.org/10.1145/3200000/3191647/p1823-saez.html?ip=24.48.71.56&id=3191647&acc=OPENTOC&key=4D4702B0C3E38B35.4D4702B0C3E38B35.4D4702B0C3E38B35.4DD68F0663C025AA&__acm__=1526498515_c55c9a749c7d05ceb6f0c2a9ab500987... 66-0
Converted links in 1 files in 0.001 seconds.
