--2018-05-16 14:24:02--  http://delivery.acm.org/10.1145/3190000/3186105/p389-magner.html?ip=24.48.71.56&id=3186105&acc=OPENTOC&key=4D4702B0C3E38B35%2E4D4702B0C3E38B35%2E4D4702B0C3E38B35%2E4DD68F0663C025AA&__acm__=1526495341_dc484fa05fee80f6c4de9edbfa292668
Resolving delivery.acm.org (delivery.acm.org)... 24.200.120.82, 24.200.120.90
Connecting to delivery.acm.org (delivery.acm.org)|24.200.120.82|:80... connected.
HTTP request sent, awaiting response... 200 OK
Length: 100709 (98K) [text/html]
Saving to: ‘../data/delivery.acm.org/10.1145/3190000/3186105/p389-magner.html?ip=24.48.71.56&id=3186105&acc=OPENTOC&key=4D4702B0C3E38B35.4D4702B0C3E38B35.4D4702B0C3E38B35.4DD68F0663C025AA&__acm__=1526495341_dc484fa05fee80f6c4de9edbfa292668’

     0K .......... .......... .......... .......... .......... 50% 1.18M 0s
    50K .......... .......... .......... .......... ........  100% 3.39M=0.06s

2018-05-16 14:24:02 (1.73 MB/s) - ‘../data/delivery.acm.org/10.1145/3190000/3186105/p389-magner.html?ip=24.48.71.56&id=3186105&acc=OPENTOC&key=4D4702B0C3E38B35.4D4702B0C3E38B35.4D4702B0C3E38B35.4DD68F0663C025AA&__acm__=1526495341_dc484fa05fee80f6c4de9edbfa292668’ saved [100709/100709]

--2018-05-16 14:24:02--  http://deliveryimages.acm.org/10.1145/3190000/3186105/images/www2018-114-fig1.svg
Resolving deliveryimages.acm.org (deliveryimages.acm.org)... 104.17.80.191, 104.17.79.191
Connecting to deliveryimages.acm.org (deliveryimages.acm.org)|104.17.80.191|:80... connected.
HTTP request sent, awaiting response... 301 Moved Permanently
Location: https://deliveryimages.acm.org/10.1145/3190000/3186105/images/www2018-114-fig1.svg [following]
--2018-05-16 14:24:02--  https://deliveryimages.acm.org/10.1145/3190000/3186105/images/www2018-114-fig1.svg
Connecting to deliveryimages.acm.org (deliveryimages.acm.org)|104.17.80.191|:443... connected.
HTTP request sent, awaiting response... 200 OK
Length: 261068 (255K) [image/svg+xml]
Saving to: ‘../data/deliveryimages.acm.org/10.1145/3190000/3186105/images/www2018-114-fig1.svg’

     0K .......... .......... .......... .......... .......... 19% 1.35M 0s
    50K .......... .......... .......... .......... .......... 39% 3.02M 0s
   100K .......... .......... .......... .......... .......... 58% 4.47M 0s
   150K .......... .......... .......... .......... .......... 78% 3.38M 0s
   200K .......... .......... .......... .......... .......... 98% 6.61M 0s
   250K ....                                                  100% 73.0M=0.09s

2018-05-16 14:24:02 (2.92 MB/s) - ‘../data/deliveryimages.acm.org/10.1145/3190000/3186105/images/www2018-114-fig1.svg’ saved [261068/261068]

--2018-05-16 14:24:02--  http://deliveryimages.acm.org/10.1145/3190000/3186105/images/www2018-114-img1.svg
Connecting to deliveryimages.acm.org (deliveryimages.acm.org)|104.17.80.191|:80... connected.
HTTP request sent, awaiting response... 301 Moved Permanently
Location: https://deliveryimages.acm.org/10.1145/3190000/3186105/images/www2018-114-img1.svg [following]
--2018-05-16 14:24:02--  https://deliveryimages.acm.org/10.1145/3190000/3186105/images/www2018-114-img1.svg
Connecting to deliveryimages.acm.org (deliveryimages.acm.org)|104.17.80.191|:443... connected.
HTTP request sent, awaiting response... 200 OK
Length: 110087 (108K) [image/svg+xml]
Saving to: ‘../data/deliveryimages.acm.org/10.1145/3190000/3186105/images/www2018-114-img1.svg’

     0K .......... .......... .......... .......... .......... 46%  809K 0s
    50K .......... .......... .......... .......... .......... 93% 3.81M 0s
   100K .......                                               100% 86.8M=0.07s

2018-05-16 14:24:03 (1.41 MB/s) - ‘../data/deliveryimages.acm.org/10.1145/3190000/3186105/images/www2018-114-img1.svg’ saved [110087/110087]

--2018-05-16 14:24:03--  http://deliveryimages.acm.org/10.1145/3190000/3186105/images/www2018-114-fig2.jpg
Connecting to deliveryimages.acm.org (deliveryimages.acm.org)|104.17.80.191|:80... connected.
HTTP request sent, awaiting response... 301 Moved Permanently
Location: https://deliveryimages.acm.org/10.1145/3190000/3186105/images/www2018-114-fig2.jpg [following]
--2018-05-16 14:24:03--  https://deliveryimages.acm.org/10.1145/3190000/3186105/images/www2018-114-fig2.jpg
Connecting to deliveryimages.acm.org (deliveryimages.acm.org)|104.17.80.191|:443... connected.
HTTP request sent, awaiting response... 200 OK
Length: 186310 (182K) [image/jpeg]
Saving to: ‘../data/deliveryimages.acm.org/10.1145/3190000/3186105/images/www2018-114-fig2.jpg’

     0K .......... .......... .......... .......... .......... 27% 1.89M 0s
    50K .......... .......... .......... .......... .......... 54% 3.38M 0s
   100K .......... .......... .......... .......... .......... 82% 2.81M 0s
   150K .......... .......... .......... .                    100% 3.04M=0.07s

2018-05-16 14:24:03 (2.61 MB/s) - ‘../data/deliveryimages.acm.org/10.1145/3190000/3186105/images/www2018-114-fig2.jpg’ saved [186310/186310]

--2018-05-16 14:24:03--  http://deliveryimages.acm.org/10.1145/3190000/3186105/images/www2018-114-fig3.jpg
Connecting to deliveryimages.acm.org (deliveryimages.acm.org)|104.17.80.191|:80... connected.
HTTP request sent, awaiting response... 301 Moved Permanently
Location: https://deliveryimages.acm.org/10.1145/3190000/3186105/images/www2018-114-fig3.jpg [following]
--2018-05-16 14:24:03--  https://deliveryimages.acm.org/10.1145/3190000/3186105/images/www2018-114-fig3.jpg
Connecting to deliveryimages.acm.org (deliveryimages.acm.org)|104.17.80.191|:443... connected.
HTTP request sent, awaiting response... 200 OK
Length: 124889 (122K) [image/jpeg]
Saving to: ‘../data/deliveryimages.acm.org/10.1145/3190000/3186105/images/www2018-114-fig3.jpg’

     0K .......... .......... .......... .......... .......... 40% 1.33M 0s
    50K .......... .......... .......... .......... .......... 81% 2.60M 0s
   100K .......... .......... .                               100% 84.2M=0.06s

2018-05-16 14:24:03 (2.14 MB/s) - ‘../data/deliveryimages.acm.org/10.1145/3190000/3186105/images/www2018-114-fig3.jpg’ saved [124889/124889]

--2018-05-16 14:24:03--  http://deliveryimages.acm.org/10.1145/3190000/3186105/images/www2018-114-fig4.jpg
Connecting to deliveryimages.acm.org (deliveryimages.acm.org)|104.17.80.191|:80... connected.
HTTP request sent, awaiting response... 301 Moved Permanently
Location: https://deliveryimages.acm.org/10.1145/3190000/3186105/images/www2018-114-fig4.jpg [following]
--2018-05-16 14:24:04--  https://deliveryimages.acm.org/10.1145/3190000/3186105/images/www2018-114-fig4.jpg
Connecting to deliveryimages.acm.org (deliveryimages.acm.org)|104.17.80.191|:443... connected.
HTTP request sent, awaiting response... 200 OK
Length: 83404 (81K) [image/jpeg]
Saving to: ‘../data/deliveryimages.acm.org/10.1145/3190000/3186105/images/www2018-114-fig4.jpg’

     0K .......... .......... .......... .......... .......... 61% 1.41M 0s
    50K .......... .......... .......... .                    100% 2.88M=0.05s

2018-05-16 14:24:04 (1.76 MB/s) - ‘../data/deliveryimages.acm.org/10.1145/3190000/3186105/images/www2018-114-fig4.jpg’ saved [83404/83404]

--2018-05-16 14:24:04--  http://deliveryimages.acm.org/10.1145/3190000/3186105/images/www2018-114-fig5.jpg
Connecting to deliveryimages.acm.org (deliveryimages.acm.org)|104.17.80.191|:80... connected.
HTTP request sent, awaiting response... 301 Moved Permanently
Location: https://deliveryimages.acm.org/10.1145/3190000/3186105/images/www2018-114-fig5.jpg [following]
--2018-05-16 14:24:04--  https://deliveryimages.acm.org/10.1145/3190000/3186105/images/www2018-114-fig5.jpg
Connecting to deliveryimages.acm.org (deliveryimages.acm.org)|104.17.80.191|:443... connected.
HTTP request sent, awaiting response... 200 OK
Length: 746996 (729K) [image/jpeg]
Saving to: ‘../data/deliveryimages.acm.org/10.1145/3190000/3186105/images/www2018-114-fig5.jpg’

     0K .......... .......... .......... .......... ..........  6% 1.39M 0s
    50K .......... .......... .......... .......... .......... 13%  995K 1s
   100K .......... .......... .......... .......... .......... 20% 10.7M 0s
   150K .......... .......... .......... .......... .......... 27% 1.26M 0s
   200K .......... .......... .......... .......... .......... 34% 3.80M 0s
   250K .......... .......... .......... .......... .......... 41% 4.88M 0s
   300K .......... .......... .......... .......... .......... 47% 3.51M 0s
   350K .......... .......... .......... .......... .......... 54% 3.57M 0s
   400K .......... .......... .......... .......... .......... 61% 4.51M 0s
   450K .......... .......... .......... .......... .......... 68% 5.01M 0s
   500K .......... .......... .......... .......... .......... 75% 3.62M 0s
   550K .......... .......... .......... .......... .......... 82% 3.43M 0s
   600K .......... .......... .......... .......... .......... 89% 4.88M 0s
   650K .......... .......... .......... .......... .......... 95% 3.39M 0s
   700K .......... .......... .........                       100% 8.19M=0.3s

2018-05-16 14:24:05 (2.79 MB/s) - ‘../data/deliveryimages.acm.org/10.1145/3190000/3186105/images/www2018-114-fig5.jpg’ saved [746996/746996]

FINISHED --2018-05-16 14:24:05--
Total wall clock time: 2.8s
Downloaded: 7 files, 1.5M in 0.6s (2.41 MB/s)
Converting links in ../data/delivery.acm.org/10.1145/3190000/3186105/p389-magner.html?ip=24.48.71.56&id=3186105&acc=OPENTOC&key=4D4702B0C3E38B35.4D4702B0C3E38B35.4D4702B0C3E38B35.4DD68F0663C025AA&__acm__=1526495341_dc484fa05fee80f6c4de9edbfa292668... 74-0
Converted links in 1 files in 0.003 seconds.
