--2018-05-16 14:19:35--  http://delivery.acm.org/10.1145/3190000/3186094/p277-dittus.html?ip=24.48.71.56&id=3186094&acc=OPENTOC&key=4D4702B0C3E38B35%2E4D4702B0C3E38B35%2E4D4702B0C3E38B35%2E4DD68F0663C025AA&__acm__=1526495074_e93ba4aa9cb0efc35db5e470796ce565
Resolving delivery.acm.org (delivery.acm.org)... 24.200.120.82, 24.200.120.90
Connecting to delivery.acm.org (delivery.acm.org)|24.200.120.82|:80... connected.
HTTP request sent, awaiting response... 200 OK
Length: 93100 (91K) [text/html]
Saving to: ‘../data/delivery.acm.org/10.1145/3190000/3186094/p277-dittus.html?ip=24.48.71.56&id=3186094&acc=OPENTOC&key=4D4702B0C3E38B35.4D4702B0C3E38B35.4D4702B0C3E38B35.4DD68F0663C025AA&__acm__=1526495074_e93ba4aa9cb0efc35db5e470796ce565’

     0K .......... .......... .......... .......... .......... 54% 1.84M 0s
    50K .......... .......... .......... ..........           100% 4.46M=0.04s

2018-05-16 14:19:35 (2.51 MB/s) - ‘../data/delivery.acm.org/10.1145/3190000/3186094/p277-dittus.html?ip=24.48.71.56&id=3186094&acc=OPENTOC&key=4D4702B0C3E38B35.4D4702B0C3E38B35.4D4702B0C3E38B35.4DD68F0663C025AA&__acm__=1526495074_e93ba4aa9cb0efc35db5e470796ce565’ saved [93100/93100]

--2018-05-16 14:19:35--  http://deliveryimages.acm.org/10.1145/3190000/3186094/images/www2018-103-fig1.jpg
Resolving deliveryimages.acm.org (deliveryimages.acm.org)... 104.17.79.191, 104.17.80.191
Connecting to deliveryimages.acm.org (deliveryimages.acm.org)|104.17.79.191|:80... connected.
HTTP request sent, awaiting response... 301 Moved Permanently
Location: https://deliveryimages.acm.org/10.1145/3190000/3186094/images/www2018-103-fig1.jpg [following]
--2018-05-16 14:19:35--  https://deliveryimages.acm.org/10.1145/3190000/3186094/images/www2018-103-fig1.jpg
Connecting to deliveryimages.acm.org (deliveryimages.acm.org)|104.17.79.191|:443... connected.
HTTP request sent, awaiting response... 200 OK
Length: 128131 (125K) [image/jpeg]
Saving to: ‘../data/deliveryimages.acm.org/10.1145/3190000/3186094/images/www2018-103-fig1.jpg’

     0K .......... .......... .......... .......... .......... 39% 1.45M 0s
    50K .......... .......... .......... .......... .......... 79% 1.81M 0s
   100K .......... .......... .....                           100% 6.65M=0.06s

2018-05-16 14:19:35 (1.90 MB/s) - ‘../data/deliveryimages.acm.org/10.1145/3190000/3186094/images/www2018-103-fig1.jpg’ saved [128131/128131]

--2018-05-16 14:19:35--  http://deliveryimages.acm.org/10.1145/3190000/3186094/images/www2018-103-fig2.jpg
Connecting to deliveryimages.acm.org (deliveryimages.acm.org)|104.17.79.191|:80... connected.
HTTP request sent, awaiting response... 301 Moved Permanently
Location: https://deliveryimages.acm.org/10.1145/3190000/3186094/images/www2018-103-fig2.jpg [following]
--2018-05-16 14:19:35--  https://deliveryimages.acm.org/10.1145/3190000/3186094/images/www2018-103-fig2.jpg
Connecting to deliveryimages.acm.org (deliveryimages.acm.org)|104.17.79.191|:443... connected.
HTTP request sent, awaiting response... 200 OK
Length: 380319 (371K) [image/jpeg]
Saving to: ‘../data/deliveryimages.acm.org/10.1145/3190000/3186094/images/www2018-103-fig2.jpg’

     0K .......... .......... .......... .......... .......... 13% 1.11M 0s
    50K .......... .......... .......... .......... .......... 26% 3.05M 0s
   100K .......... .......... .......... .......... .......... 40% 2.78M 0s
   150K .......... .......... .......... .......... .......... 53% 2.05M 0s
   200K .......... .......... .......... .......... .......... 67% 1.78M 0s
   250K .......... .......... .......... .......... .......... 80%  102M 0s
   300K .......... .......... .......... .......... .......... 94% 2.92M 0s
   350K .......... .......... .                               100% 66.3M=0.1s

2018-05-16 14:19:36 (2.48 MB/s) - ‘../data/deliveryimages.acm.org/10.1145/3190000/3186094/images/www2018-103-fig2.jpg’ saved [380319/380319]

--2018-05-16 14:19:36--  http://deliveryimages.acm.org/10.1145/3190000/3186094/images/www2018-103-fig3.jpg
Connecting to deliveryimages.acm.org (deliveryimages.acm.org)|104.17.79.191|:80... connected.
HTTP request sent, awaiting response... 301 Moved Permanently
Location: https://deliveryimages.acm.org/10.1145/3190000/3186094/images/www2018-103-fig3.jpg [following]
--2018-05-16 14:19:36--  https://deliveryimages.acm.org/10.1145/3190000/3186094/images/www2018-103-fig3.jpg
Connecting to deliveryimages.acm.org (deliveryimages.acm.org)|104.17.79.191|:443... connected.
HTTP request sent, awaiting response... 200 OK
Length: 343859 (336K) [image/jpeg]
Saving to: ‘../data/deliveryimages.acm.org/10.1145/3190000/3186094/images/www2018-103-fig3.jpg’

     0K .......... .......... .......... .......... .......... 14% 1.13M 0s
    50K .......... .......... .......... .......... .......... 29% 1.04M 0s
   100K .......... .......... .......... .......... .......... 44% 3.09M 0s
   150K .......... .......... .......... .......... .......... 59% 3.56M 0s
   200K .......... .......... .......... .......... .......... 74% 3.17M 0s
   250K .......... .......... .......... .......... .......... 89% 4.73M 0s
   300K .......... .......... .......... .....                100% 3.78M=0.2s

2018-05-16 14:19:36 (2.12 MB/s) - ‘../data/deliveryimages.acm.org/10.1145/3190000/3186094/images/www2018-103-fig3.jpg’ saved [343859/343859]

--2018-05-16 14:19:36--  http://deliveryimages.acm.org/10.1145/3190000/3186094/images/www2018-103-fig4.jpg
Connecting to deliveryimages.acm.org (deliveryimages.acm.org)|104.17.79.191|:80... connected.
HTTP request sent, awaiting response... 301 Moved Permanently
Location: https://deliveryimages.acm.org/10.1145/3190000/3186094/images/www2018-103-fig4.jpg [following]
--2018-05-16 14:19:36--  https://deliveryimages.acm.org/10.1145/3190000/3186094/images/www2018-103-fig4.jpg
Connecting to deliveryimages.acm.org (deliveryimages.acm.org)|104.17.79.191|:443... connected.
HTTP request sent, awaiting response... 200 OK
Length: 361838 (353K) [image/jpeg]
Saving to: ‘../data/deliveryimages.acm.org/10.1145/3190000/3186094/images/www2018-103-fig4.jpg’

     0K .......... .......... .......... .......... .......... 14% 1.31M 0s
    50K .......... .......... .......... .......... .......... 28% 2.37M 0s
   100K .......... .......... .......... .......... .......... 42% 3.62M 0s
   150K .......... .......... .......... .......... .......... 56% 3.88M 0s
   200K .......... .......... .......... .......... .......... 70% 3.27M 0s
   250K .......... .......... .......... .......... .......... 84% 4.06M 0s
   300K .......... .......... .......... .......... .......... 99%  396K 0s
   350K ...                                                   100% 31.5M=0.2s

2018-05-16 14:19:37 (1.46 MB/s) - ‘../data/deliveryimages.acm.org/10.1145/3190000/3186094/images/www2018-103-fig4.jpg’ saved [361838/361838]

--2018-05-16 14:19:37--  http://deliveryimages.acm.org/10.1145/3190000/3186094/images/www2018-103-fig5.jpg
Connecting to deliveryimages.acm.org (deliveryimages.acm.org)|104.17.79.191|:80... connected.
HTTP request sent, awaiting response... 301 Moved Permanently
Location: https://deliveryimages.acm.org/10.1145/3190000/3186094/images/www2018-103-fig5.jpg [following]
--2018-05-16 14:19:37--  https://deliveryimages.acm.org/10.1145/3190000/3186094/images/www2018-103-fig5.jpg
Connecting to deliveryimages.acm.org (deliveryimages.acm.org)|104.17.79.191|:443... connected.
HTTP request sent, awaiting response... 200 OK
Length: 178306 (174K) [image/jpeg]
Saving to: ‘../data/deliveryimages.acm.org/10.1145/3190000/3186094/images/www2018-103-fig5.jpg’

     0K .......... .......... .......... .......... .......... 28% 1.32M 0s
    50K .......... .......... .......... .......... .......... 57% 3.03M 0s
   100K .......... .......... .......... .......... .......... 86% 2.65M 0s
   150K .......... .......... ....                            100% 30.0M=0.07s

2018-05-16 14:19:37 (2.35 MB/s) - ‘../data/deliveryimages.acm.org/10.1145/3190000/3186094/images/www2018-103-fig5.jpg’ saved [178306/178306]

--2018-05-16 14:19:37--  http://deliveryimages.acm.org/10.1145/3190000/3186094/images/www2018-103-fig6.jpg
Connecting to deliveryimages.acm.org (deliveryimages.acm.org)|104.17.79.191|:80... connected.
HTTP request sent, awaiting response... 301 Moved Permanently
Location: https://deliveryimages.acm.org/10.1145/3190000/3186094/images/www2018-103-fig6.jpg [following]
--2018-05-16 14:19:37--  https://deliveryimages.acm.org/10.1145/3190000/3186094/images/www2018-103-fig6.jpg
Connecting to deliveryimages.acm.org (deliveryimages.acm.org)|104.17.79.191|:443... connected.
HTTP request sent, awaiting response... 200 OK
Length: 183084 (179K) [image/jpeg]
Saving to: ‘../data/deliveryimages.acm.org/10.1145/3190000/3186094/images/www2018-103-fig6.jpg’

     0K .......... .......... .......... .......... .......... 27% 1.32M 0s
    50K .......... .......... .......... .......... .......... 55% 3.29M 0s
   100K .......... .......... .......... .......... .......... 83% 3.37M 0s
   150K .......... .......... ........                        100% 11.9M=0.07s

2018-05-16 14:19:37 (2.54 MB/s) - ‘../data/deliveryimages.acm.org/10.1145/3190000/3186094/images/www2018-103-fig6.jpg’ saved [183084/183084]

--2018-05-16 14:19:37--  http://deliveryimages.acm.org/10.1145/3190000/3186094/images/www2018-103-fig7.jpg
Connecting to deliveryimages.acm.org (deliveryimages.acm.org)|104.17.79.191|:80... connected.
HTTP request sent, awaiting response... 301 Moved Permanently
Location: https://deliveryimages.acm.org/10.1145/3190000/3186094/images/www2018-103-fig7.jpg [following]
--2018-05-16 14:19:37--  https://deliveryimages.acm.org/10.1145/3190000/3186094/images/www2018-103-fig7.jpg
Connecting to deliveryimages.acm.org (deliveryimages.acm.org)|104.17.79.191|:443... connected.
HTTP request sent, awaiting response... 200 OK
Length: 170733 (167K) [image/jpeg]
Saving to: ‘../data/deliveryimages.acm.org/10.1145/3190000/3186094/images/www2018-103-fig7.jpg’

     0K .......... .......... .......... .......... .......... 29% 1.57M 0s
    50K .......... .......... .......... .......... .......... 59% 3.21M 0s
   100K .......... .......... .......... .......... .......... 89% 4.88M 0s
   150K .......... ......                                     100% 4.33M=0.06s

2018-05-16 14:19:38 (2.70 MB/s) - ‘../data/deliveryimages.acm.org/10.1145/3190000/3186094/images/www2018-103-fig7.jpg’ saved [170733/170733]

FINISHED --2018-05-16 14:19:38--
Total wall clock time: 3.1s
Downloaded: 8 files, 1.8M in 0.8s (2.09 MB/s)
Converting links in ../data/delivery.acm.org/10.1145/3190000/3186094/p277-dittus.html?ip=24.48.71.56&id=3186094&acc=OPENTOC&key=4D4702B0C3E38B35.4D4702B0C3E38B35.4D4702B0C3E38B35.4DD68F0663C025AA&__acm__=1526495074_e93ba4aa9cb0efc35db5e470796ce565... 145-0
Converted links in 1 files in 0.005 seconds.
