--2018-05-16 14:20:59--  http://delivery.acm.org/10.1145/3190000/3186106/p399-zhang.html?ip=24.48.71.56&id=3186106&acc=OPENTOC&key=4D4702B0C3E38B35%2E4D4702B0C3E38B35%2E4D4702B0C3E38B35%2E4DD68F0663C025AA&__acm__=1526495159_4a17c11bf5f2527f84e1b25640bfc0d9
Resolving delivery.acm.org (delivery.acm.org)... 24.200.120.82, 24.200.120.90
Connecting to delivery.acm.org (delivery.acm.org)|24.200.120.82|:80... connected.
HTTP request sent, awaiting response... 200 OK
Length: 109479 (107K) [text/html]
Saving to: ‘../data/delivery.acm.org/10.1145/3190000/3186106/p399-zhang.html?ip=24.48.71.56&id=3186106&acc=OPENTOC&key=4D4702B0C3E38B35.4D4702B0C3E38B35.4D4702B0C3E38B35.4DD68F0663C025AA&__acm__=1526495159_4a17c11bf5f2527f84e1b25640bfc0d9’

     0K .......... .......... .......... .......... .......... 46% 2.19M 0s
    50K .......... .......... .......... .......... .......... 93% 3.27M 0s
   100K ......                                                100%  152M=0.04s

2018-05-16 14:21:00 (2.80 MB/s) - ‘../data/delivery.acm.org/10.1145/3190000/3186106/p399-zhang.html?ip=24.48.71.56&id=3186106&acc=OPENTOC&key=4D4702B0C3E38B35.4D4702B0C3E38B35.4D4702B0C3E38B35.4DD68F0663C025AA&__acm__=1526495159_4a17c11bf5f2527f84e1b25640bfc0d9’ saved [109479/109479]

--2018-05-16 14:21:00--  http://deliveryimages.acm.org/10.1145/3190000/3186106/images/www2018-115-fig1.jpg
Resolving deliveryimages.acm.org (deliveryimages.acm.org)... 104.17.79.191, 104.17.80.191
Connecting to deliveryimages.acm.org (deliveryimages.acm.org)|104.17.79.191|:80... connected.
HTTP request sent, awaiting response... 301 Moved Permanently
Location: https://deliveryimages.acm.org/10.1145/3190000/3186106/images/www2018-115-fig1.jpg [following]
--2018-05-16 14:21:00--  https://deliveryimages.acm.org/10.1145/3190000/3186106/images/www2018-115-fig1.jpg
Connecting to deliveryimages.acm.org (deliveryimages.acm.org)|104.17.79.191|:443... connected.
HTTP request sent, awaiting response... 200 OK
Length: 202512 (198K) [image/jpeg]
Saving to: ‘../data/deliveryimages.acm.org/10.1145/3190000/3186106/images/www2018-115-fig1.jpg’

     0K .......... .......... .......... .......... .......... 25% 1.16M 0s
    50K .......... .......... .......... .......... .......... 50% 2.54M 0s
   100K .......... .......... .......... .......... .......... 75% 3.04M 0s
   150K .......... .......... .......... .......... .......   100% 5.92M=0.09s

2018-05-16 14:21:00 (2.26 MB/s) - ‘../data/deliveryimages.acm.org/10.1145/3190000/3186106/images/www2018-115-fig1.jpg’ saved [202512/202512]

--2018-05-16 14:21:00--  http://deliveryimages.acm.org/10.1145/3190000/3186106/images/www2018-115-fig2.jpg
Connecting to deliveryimages.acm.org (deliveryimages.acm.org)|104.17.79.191|:80... connected.
HTTP request sent, awaiting response... 301 Moved Permanently
Location: https://deliveryimages.acm.org/10.1145/3190000/3186106/images/www2018-115-fig2.jpg [following]
--2018-05-16 14:21:00--  https://deliveryimages.acm.org/10.1145/3190000/3186106/images/www2018-115-fig2.jpg
Connecting to deliveryimages.acm.org (deliveryimages.acm.org)|104.17.79.191|:443... connected.
HTTP request sent, awaiting response... 200 OK
Length: 213138 (208K) [image/jpeg]
Saving to: ‘../data/deliveryimages.acm.org/10.1145/3190000/3186106/images/www2018-115-fig2.jpg’

     0K .......... .......... .......... .......... .......... 24% 1.58M 0s
    50K .......... .......... .......... .......... .......... 48% 1.79M 0s
   100K .......... .......... .......... .......... .......... 72% 3.02M 0s
   150K .......... .......... .......... .......... .......... 96% 4.26M 0s
   200K ........                                              100% 39.4M=0.09s

2018-05-16 14:21:00 (2.36 MB/s) - ‘../data/deliveryimages.acm.org/10.1145/3190000/3186106/images/www2018-115-fig2.jpg’ saved [213138/213138]

--2018-05-16 14:21:00--  http://deliveryimages.acm.org/10.1145/3190000/3186106/images/www2018-115-fig3.jpg
Connecting to deliveryimages.acm.org (deliveryimages.acm.org)|104.17.79.191|:80... connected.
HTTP request sent, awaiting response... 301 Moved Permanently
Location: https://deliveryimages.acm.org/10.1145/3190000/3186106/images/www2018-115-fig3.jpg [following]
--2018-05-16 14:21:00--  https://deliveryimages.acm.org/10.1145/3190000/3186106/images/www2018-115-fig3.jpg
Connecting to deliveryimages.acm.org (deliveryimages.acm.org)|104.17.79.191|:443... connected.
HTTP request sent, awaiting response... 200 OK
Length: 436929 (427K) [image/jpeg]
Saving to: ‘../data/deliveryimages.acm.org/10.1145/3190000/3186106/images/www2018-115-fig3.jpg’

     0K .......... .......... .......... .......... .......... 11% 1.20M 0s
    50K .......... .......... .......... .......... .......... 23% 1.45M 0s
   100K .......... .......... .......... .......... .......... 35% 3.28M 0s
   150K .......... .......... .......... .......... .......... 46% 4.54M 0s
   200K .......... .......... .......... .......... .......... 58% 3.83M 0s
   250K .......... .......... .......... .......... .......... 70% 3.30M 0s
   300K .......... .......... .......... .......... .......... 82% 1.01M 0s
   350K .......... .......... .......... .......... .......... 93% 27.4M 0s
   400K .......... .......... ......                          100%  158M=0.2s

2018-05-16 14:21:01 (2.34 MB/s) - ‘../data/deliveryimages.acm.org/10.1145/3190000/3186106/images/www2018-115-fig3.jpg’ saved [436929/436929]

--2018-05-16 14:21:01--  http://deliveryimages.acm.org/10.1145/3190000/3186106/images/www2018-115-fig4.jpg
Connecting to deliveryimages.acm.org (deliveryimages.acm.org)|104.17.79.191|:80... connected.
HTTP request sent, awaiting response... 301 Moved Permanently
Location: https://deliveryimages.acm.org/10.1145/3190000/3186106/images/www2018-115-fig4.jpg [following]
--2018-05-16 14:21:01--  https://deliveryimages.acm.org/10.1145/3190000/3186106/images/www2018-115-fig4.jpg
Connecting to deliveryimages.acm.org (deliveryimages.acm.org)|104.17.79.191|:443... connected.
HTTP request sent, awaiting response... 200 OK
Length: 80741 (79K) [image/jpeg]
Saving to: ‘../data/deliveryimages.acm.org/10.1145/3190000/3186106/images/www2018-115-fig4.jpg’

     0K .......... .......... .......... .......... .......... 63%  263K 0s
    50K .......... .......... ........                        100% 1.50M=0.2s

2018-05-16 14:21:01 (377 KB/s) - ‘../data/deliveryimages.acm.org/10.1145/3190000/3186106/images/www2018-115-fig4.jpg’ saved [80741/80741]

--2018-05-16 14:21:01--  http://deliveryimages.acm.org/10.1145/3190000/3186106/images/www2018-115-fig5.jpg
Connecting to deliveryimages.acm.org (deliveryimages.acm.org)|104.17.79.191|:80... connected.
HTTP request sent, awaiting response... 301 Moved Permanently
Location: https://deliveryimages.acm.org/10.1145/3190000/3186106/images/www2018-115-fig5.jpg [following]
--2018-05-16 14:21:01--  https://deliveryimages.acm.org/10.1145/3190000/3186106/images/www2018-115-fig5.jpg
Connecting to deliveryimages.acm.org (deliveryimages.acm.org)|104.17.79.191|:443... connected.
HTTP request sent, awaiting response... 200 OK
Length: 693634 (677K) [image/jpeg]
Saving to: ‘../data/deliveryimages.acm.org/10.1145/3190000/3186106/images/www2018-115-fig5.jpg’

     0K .......... .......... .......... .......... ..........  7% 1.63M 0s
    50K .......... .......... .......... .......... .......... 14% 3.51M 0s
   100K .......... .......... .......... .......... .......... 22% 4.59M 0s
   150K .......... .......... .......... .......... .......... 29% 2.74M 0s
   200K .......... .......... .......... .......... .......... 36% 5.60M 0s
   250K .......... .......... .......... .......... .......... 44% 4.58M 0s
   300K .......... .......... .......... .......... .......... 51% 4.64M 0s
   350K .......... .......... .......... .......... .......... 59% 2.59M 0s
   400K .......... .......... .......... .......... .......... 66% 6.37M 0s
   450K .......... .......... .......... .......... .......... 73% 3.14M 0s
   500K .......... .......... .......... .......... .......... 81% 5.06M 0s
   550K .......... .......... .......... .......... .......... 88% 5.07M 0s
   600K .......... .......... .......... .......... .......... 95% 4.29M 0s
   650K .......... .......... .......                         100% 5.20M=0.2s

2018-05-16 14:21:02 (3.67 MB/s) - ‘../data/deliveryimages.acm.org/10.1145/3190000/3186106/images/www2018-115-fig5.jpg’ saved [693634/693634]

--2018-05-16 14:21:02--  http://deliveryimages.acm.org/10.1145/3190000/3186106/images/www2018-115-fig6.jpg
Connecting to deliveryimages.acm.org (deliveryimages.acm.org)|104.17.79.191|:80... connected.
HTTP request sent, awaiting response... 301 Moved Permanently
Location: https://deliveryimages.acm.org/10.1145/3190000/3186106/images/www2018-115-fig6.jpg [following]
--2018-05-16 14:21:02--  https://deliveryimages.acm.org/10.1145/3190000/3186106/images/www2018-115-fig6.jpg
Connecting to deliveryimages.acm.org (deliveryimages.acm.org)|104.17.79.191|:443... connected.
HTTP request sent, awaiting response... 200 OK
Length: 997739 (974K) [image/jpeg]
Saving to: ‘../data/deliveryimages.acm.org/10.1145/3190000/3186106/images/www2018-115-fig6.jpg’

     0K .......... .......... .......... .......... ..........  5% 1.42M 1s
    50K .......... .......... .......... .......... .......... 10% 4.67M 0s
   100K .......... .......... .......... .......... .......... 15% 2.56M 0s
   150K .......... .......... .......... .......... .......... 20% 3.22M 0s
   200K .......... .......... .......... .......... .......... 25% 4.09M 0s
   250K .......... .......... .......... .......... .......... 30% 4.85M 0s
   300K .......... .......... .......... .......... .......... 35% 7.63M 0s
   350K .......... .......... .......... .......... .......... 41% 3.85M 0s
   400K .......... .......... .......... .......... .......... 46% 2.37M 0s
   450K .......... .......... .......... .......... .......... 51% 16.2M 0s
   500K .......... .......... .......... .......... .......... 56% 2.39M 0s
   550K .......... .......... .......... .......... .......... 61% 5.38M 0s
   600K .......... .......... .......... .......... .......... 66% 1.94M 0s
   650K .......... .......... .......... .......... .......... 71% 8.98M 0s
   700K .......... .......... .......... .......... .......... 76% 7.37M 0s
   750K .......... .......... .......... .......... .......... 82% 7.95M 0s
   800K .......... .......... .......... .......... .......... 87% 4.20M 0s
   850K .......... .......... .......... .......... .......... 92% 3.61M 0s
   900K .......... .......... .......... .......... .......... 97% 5.08M 0s
   950K .......... .......... ....                            100% 1.67M=0.3s

2018-05-16 14:21:02 (3.59 MB/s) - ‘../data/deliveryimages.acm.org/10.1145/3190000/3186106/images/www2018-115-fig6.jpg’ saved [997739/997739]

--2018-05-16 14:21:02--  http://deliveryimages.acm.org/10.1145/3190000/3186106/images/www2018-115-fig7.svg
Connecting to deliveryimages.acm.org (deliveryimages.acm.org)|104.17.79.191|:80... connected.
HTTP request sent, awaiting response... 301 Moved Permanently
Location: https://deliveryimages.acm.org/10.1145/3190000/3186106/images/www2018-115-fig7.svg [following]
--2018-05-16 14:21:02--  https://deliveryimages.acm.org/10.1145/3190000/3186106/images/www2018-115-fig7.svg
Connecting to deliveryimages.acm.org (deliveryimages.acm.org)|104.17.79.191|:443... connected.
HTTP request sent, awaiting response... 200 OK
Length: 160983 (157K) [image/svg+xml]
Saving to: ‘../data/deliveryimages.acm.org/10.1145/3190000/3186106/images/www2018-115-fig7.svg’

     0K .......... .......... .......... .......... .......... 31% 1.47M 0s
    50K .......... .......... .......... .......... .......... 63% 2.95M 0s
   100K .......... .......... .......... .......... .......... 95% 4.93M 0s
   150K .......                                               100% 50.8M=0.06s

2018-05-16 14:21:03 (2.57 MB/s) - ‘../data/deliveryimages.acm.org/10.1145/3190000/3186106/images/www2018-115-fig7.svg’ saved [160983/160983]

--2018-05-16 14:21:03--  http://deliveryimages.acm.org/10.1145/3190000/3186106/images/www2018-115-fig8.jpg
Connecting to deliveryimages.acm.org (deliveryimages.acm.org)|104.17.79.191|:80... connected.
HTTP request sent, awaiting response... 301 Moved Permanently
Location: https://deliveryimages.acm.org/10.1145/3190000/3186106/images/www2018-115-fig8.jpg [following]
--2018-05-16 14:21:03--  https://deliveryimages.acm.org/10.1145/3190000/3186106/images/www2018-115-fig8.jpg
Connecting to deliveryimages.acm.org (deliveryimages.acm.org)|104.17.79.191|:443... connected.
HTTP request sent, awaiting response... 200 OK
Length: 316147 (309K) [image/jpeg]
Saving to: ‘../data/deliveryimages.acm.org/10.1145/3190000/3186106/images/www2018-115-fig8.jpg’

     0K .......... .......... .......... .......... .......... 16% 1.05M 0s
    50K .......... .......... .......... .......... .......... 32% 3.14M 0s
   100K .......... .......... .......... .......... .......... 48% 5.53M 0s
   150K .......... .......... .......... .......... .......... 64% 3.64M 0s
   200K .......... .......... .......... .......... .......... 80% 4.41M 0s
   250K .......... .......... .......... .......... .......... 97% 2.81M 0s
   300K ........                                              100%  115M=0.1s

2018-05-16 14:21:03 (2.67 MB/s) - ‘../data/deliveryimages.acm.org/10.1145/3190000/3186106/images/www2018-115-fig8.jpg’ saved [316147/316147]

--2018-05-16 14:21:03--  http://deliveryimages.acm.org/10.1145/3190000/3186106/images/www2018-115-fig9.jpg
Connecting to deliveryimages.acm.org (deliveryimages.acm.org)|104.17.79.191|:80... connected.
HTTP request sent, awaiting response... 301 Moved Permanently
Location: https://deliveryimages.acm.org/10.1145/3190000/3186106/images/www2018-115-fig9.jpg [following]
--2018-05-16 14:21:03--  https://deliveryimages.acm.org/10.1145/3190000/3186106/images/www2018-115-fig9.jpg
Connecting to deliveryimages.acm.org (deliveryimages.acm.org)|104.17.79.191|:443... connected.
HTTP request sent, awaiting response... 200 OK
Length: 143102 (140K) [image/jpeg]
Saving to: ‘../data/deliveryimages.acm.org/10.1145/3190000/3186106/images/www2018-115-fig9.jpg’

     0K .......... .......... .......... .......... .......... 35% 1.66M 0s
    50K .......... .......... .......... .......... .......... 71% 2.43M 0s
   100K .......... .......... .......... .........            100% 3.13M=0.06s

2018-05-16 14:21:04 (2.20 MB/s) - ‘../data/deliveryimages.acm.org/10.1145/3190000/3186106/images/www2018-115-fig9.jpg’ saved [143102/143102]

--2018-05-16 14:21:04--  http://deliveryimages.acm.org/10.1145/3190000/3186106/images/www2018-115-fig10.jpg
Connecting to deliveryimages.acm.org (deliveryimages.acm.org)|104.17.79.191|:80... connected.
HTTP request sent, awaiting response... 301 Moved Permanently
Location: https://deliveryimages.acm.org/10.1145/3190000/3186106/images/www2018-115-fig10.jpg [following]
--2018-05-16 14:21:04--  https://deliveryimages.acm.org/10.1145/3190000/3186106/images/www2018-115-fig10.jpg
Connecting to deliveryimages.acm.org (deliveryimages.acm.org)|104.17.79.191|:443... connected.
HTTP request sent, awaiting response... 200 OK
Length: 39624 (39K) [image/jpeg]
Saving to: ‘../data/deliveryimages.acm.org/10.1145/3190000/3186106/images/www2018-115-fig10.jpg’

     0K .......... .......... .......... ........             100% 1.64M=0.02s

2018-05-16 14:21:04 (1.64 MB/s) - ‘../data/deliveryimages.acm.org/10.1145/3190000/3186106/images/www2018-115-fig10.jpg’ saved [39624/39624]

--2018-05-16 14:21:04--  http://deliveryimages.acm.org/10.1145/3190000/3186106/images/www2018-115-fig11.jpg
Connecting to deliveryimages.acm.org (deliveryimages.acm.org)|104.17.79.191|:80... connected.
HTTP request sent, awaiting response... 301 Moved Permanently
Location: https://deliveryimages.acm.org/10.1145/3190000/3186106/images/www2018-115-fig11.jpg [following]
--2018-05-16 14:21:04--  https://deliveryimages.acm.org/10.1145/3190000/3186106/images/www2018-115-fig11.jpg
Connecting to deliveryimages.acm.org (deliveryimages.acm.org)|104.17.79.191|:443... connected.
HTTP request sent, awaiting response... 200 OK
Length: 44279 (43K) [image/jpeg]
Saving to: ‘../data/deliveryimages.acm.org/10.1145/3190000/3186106/images/www2018-115-fig11.jpg’

     0K .......... .......... .......... .......... ...       100% 1.60M=0.03s

2018-05-16 14:21:04 (1.60 MB/s) - ‘../data/deliveryimages.acm.org/10.1145/3190000/3186106/images/www2018-115-fig11.jpg’ saved [44279/44279]

FINISHED --2018-05-16 14:21:04--
Total wall clock time: 4.7s
Downloaded: 12 files, 3.3M in 1.3s (2.47 MB/s)
Converting links in ../data/delivery.acm.org/10.1145/3190000/3186106/p399-zhang.html?ip=24.48.71.56&id=3186106&acc=OPENTOC&key=4D4702B0C3E38B35.4D4702B0C3E38B35.4D4702B0C3E38B35.4DD68F0663C025AA&__acm__=1526495159_4a17c11bf5f2527f84e1b25640bfc0d9... 146-0
Converted links in 1 files in 0.005 seconds.
