--2018-05-16 14:26:43--  http://delivery.acm.org/10.1145/3190000/3186160/p793-lederrey.html?ip=24.48.71.56&id=3186160&acc=OPENTOC&key=4D4702B0C3E38B35%2E4D4702B0C3E38B35%2E4D4702B0C3E38B35%2E4DD68F0663C025AA&__acm__=1526495503_88a86e0e01a9e57d508bff4075e445ce
Resolving delivery.acm.org (delivery.acm.org)... 24.200.120.90, 24.200.120.82
Connecting to delivery.acm.org (delivery.acm.org)|24.200.120.90|:80... connected.
HTTP request sent, awaiting response... 200 OK
Length: 102645 (100K) [text/html]
Saving to: ‘../data/delivery.acm.org/10.1145/3190000/3186160/p793-lederrey.html?ip=24.48.71.56&id=3186160&acc=OPENTOC&key=4D4702B0C3E38B35.4D4702B0C3E38B35.4D4702B0C3E38B35.4DD68F0663C025AA&__acm__=1526495503_88a86e0e01a9e57d508bff4075e445ce’

     0K .......... .......... .......... .......... .......... 49% 2.75M 0s
    50K .......... .......... .......... .......... .......... 99% 3.02M 0s
   100K                                                       100%  456G=0.03s

2018-05-16 14:26:43 (2.88 MB/s) - ‘../data/delivery.acm.org/10.1145/3190000/3186160/p793-lederrey.html?ip=24.48.71.56&id=3186160&acc=OPENTOC&key=4D4702B0C3E38B35.4D4702B0C3E38B35.4D4702B0C3E38B35.4DD68F0663C025AA&__acm__=1526495503_88a86e0e01a9e57d508bff4075e445ce’ saved [102645/102645]

--2018-05-16 14:26:43--  http://deliveryimages.acm.org/10.1145/3190000/3186160/images/www2018-169-fig1.jpg
Resolving deliveryimages.acm.org (deliveryimages.acm.org)... 104.17.80.191, 104.17.79.191
Connecting to deliveryimages.acm.org (deliveryimages.acm.org)|104.17.80.191|:80... connected.
HTTP request sent, awaiting response... 301 Moved Permanently
Location: https://deliveryimages.acm.org/10.1145/3190000/3186160/images/www2018-169-fig1.jpg [following]
--2018-05-16 14:26:43--  https://deliveryimages.acm.org/10.1145/3190000/3186160/images/www2018-169-fig1.jpg
Connecting to deliveryimages.acm.org (deliveryimages.acm.org)|104.17.80.191|:443... connected.
HTTP request sent, awaiting response... 200 OK
Length: 47263 (46K) [image/jpeg]
Saving to: ‘../data/deliveryimages.acm.org/10.1145/3190000/3186160/images/www2018-169-fig1.jpg’

     0K .......... .......... .......... .......... ......    100% 1.23M=0.04s

2018-05-16 14:26:44 (1.23 MB/s) - ‘../data/deliveryimages.acm.org/10.1145/3190000/3186160/images/www2018-169-fig1.jpg’ saved [47263/47263]

--2018-05-16 14:26:44--  http://deliveryimages.acm.org/10.1145/3190000/3186160/images/www2018-169-fig2.jpg
Connecting to deliveryimages.acm.org (deliveryimages.acm.org)|104.17.80.191|:80... connected.
HTTP request sent, awaiting response... 301 Moved Permanently
Location: https://deliveryimages.acm.org/10.1145/3190000/3186160/images/www2018-169-fig2.jpg [following]
--2018-05-16 14:26:44--  https://deliveryimages.acm.org/10.1145/3190000/3186160/images/www2018-169-fig2.jpg
Connecting to deliveryimages.acm.org (deliveryimages.acm.org)|104.17.80.191|:443... connected.
HTTP request sent, awaiting response... 200 OK
Length: 39429 (39K) [image/jpeg]
Saving to: ‘../data/deliveryimages.acm.org/10.1145/3190000/3186160/images/www2018-169-fig2.jpg’

     0K .......... .......... .......... ........             100% 1.53M=0.02s

2018-05-16 14:26:44 (1.53 MB/s) - ‘../data/deliveryimages.acm.org/10.1145/3190000/3186160/images/www2018-169-fig2.jpg’ saved [39429/39429]

--2018-05-16 14:26:44--  http://deliveryimages.acm.org/10.1145/3190000/3186160/images/www2018-169-fig3.jpg
Connecting to deliveryimages.acm.org (deliveryimages.acm.org)|104.17.80.191|:80... connected.
HTTP request sent, awaiting response... 301 Moved Permanently
Location: https://deliveryimages.acm.org/10.1145/3190000/3186160/images/www2018-169-fig3.jpg [following]
--2018-05-16 14:26:44--  https://deliveryimages.acm.org/10.1145/3190000/3186160/images/www2018-169-fig3.jpg
Connecting to deliveryimages.acm.org (deliveryimages.acm.org)|104.17.80.191|:443... connected.
HTTP request sent, awaiting response... 200 OK
Length: 88172 (86K) [image/jpeg]
Saving to: ‘../data/deliveryimages.acm.org/10.1145/3190000/3186160/images/www2018-169-fig3.jpg’

     0K .......... .......... .......... .......... .......... 58% 1.87M 0s
    50K .......... .......... .......... ......               100% 4.08M=0.03s

2018-05-16 14:26:44 (2.42 MB/s) - ‘../data/deliveryimages.acm.org/10.1145/3190000/3186160/images/www2018-169-fig3.jpg’ saved [88172/88172]

--2018-05-16 14:26:44--  http://deliveryimages.acm.org/10.1145/3190000/3186160/images/www2018-169-fig4.jpg
Connecting to deliveryimages.acm.org (deliveryimages.acm.org)|104.17.80.191|:80... connected.
HTTP request sent, awaiting response... 301 Moved Permanently
Location: https://deliveryimages.acm.org/10.1145/3190000/3186160/images/www2018-169-fig4.jpg [following]
--2018-05-16 14:26:44--  https://deliveryimages.acm.org/10.1145/3190000/3186160/images/www2018-169-fig4.jpg
Connecting to deliveryimages.acm.org (deliveryimages.acm.org)|104.17.80.191|:443... connected.
HTTP request sent, awaiting response... 200 OK
Length: 54599 (53K) [image/jpeg]
Saving to: ‘../data/deliveryimages.acm.org/10.1145/3190000/3186160/images/www2018-169-fig4.jpg’

     0K .......... .......... .......... .......... .......... 93% 1.61M 0s
    50K ...                                                   100% 14.9M=0.03s

2018-05-16 14:26:45 (1.70 MB/s) - ‘../data/deliveryimages.acm.org/10.1145/3190000/3186160/images/www2018-169-fig4.jpg’ saved [54599/54599]

--2018-05-16 14:26:45--  http://deliveryimages.acm.org/10.1145/3190000/3186160/images/www2018-169-fig5.jpg
Connecting to deliveryimages.acm.org (deliveryimages.acm.org)|104.17.80.191|:80... connected.
HTTP request sent, awaiting response... 301 Moved Permanently
Location: https://deliveryimages.acm.org/10.1145/3190000/3186160/images/www2018-169-fig5.jpg [following]
--2018-05-16 14:26:45--  https://deliveryimages.acm.org/10.1145/3190000/3186160/images/www2018-169-fig5.jpg
Connecting to deliveryimages.acm.org (deliveryimages.acm.org)|104.17.80.191|:443... connected.
HTTP request sent, awaiting response... 200 OK
Length: 54815 (54K) [image/jpeg]
Saving to: ‘../data/deliveryimages.acm.org/10.1145/3190000/3186160/images/www2018-169-fig5.jpg’

     0K .......... .......... .......... .......... .......... 93% 1.24M 0s
    50K ...                                                   100% 1.75M=0.04s

2018-05-16 14:26:45 (1.26 MB/s) - ‘../data/deliveryimages.acm.org/10.1145/3190000/3186160/images/www2018-169-fig5.jpg’ saved [54815/54815]

--2018-05-16 14:26:45--  http://deliveryimages.acm.org/10.1145/3190000/3186160/images/www2018-169-fig6.jpg
Connecting to deliveryimages.acm.org (deliveryimages.acm.org)|104.17.80.191|:80... connected.
HTTP request sent, awaiting response... 301 Moved Permanently
Location: https://deliveryimages.acm.org/10.1145/3190000/3186160/images/www2018-169-fig6.jpg [following]
--2018-05-16 14:26:45--  https://deliveryimages.acm.org/10.1145/3190000/3186160/images/www2018-169-fig6.jpg
Connecting to deliveryimages.acm.org (deliveryimages.acm.org)|104.17.80.191|:443... connected.
HTTP request sent, awaiting response... 200 OK
Length: 83374 (81K) [image/jpeg]
Saving to: ‘../data/deliveryimages.acm.org/10.1145/3190000/3186160/images/www2018-169-fig6.jpg’

     0K .......... .......... .......... .......... .......... 61% 1.39M 0s
    50K .......... .......... .......... .                    100% 1.84M=0.05s

2018-05-16 14:26:45 (1.53 MB/s) - ‘../data/deliveryimages.acm.org/10.1145/3190000/3186160/images/www2018-169-fig6.jpg’ saved [83374/83374]

FINISHED --2018-05-16 14:26:45--
Total wall clock time: 2.1s
Downloaded: 7 files, 459K in 0.3s (1.77 MB/s)
Converting links in ../data/delivery.acm.org/10.1145/3190000/3186160/p793-lederrey.html?ip=24.48.71.56&id=3186160&acc=OPENTOC&key=4D4702B0C3E38B35.4D4702B0C3E38B35.4D4702B0C3E38B35.4DD68F0663C025AA&__acm__=1526495503_88a86e0e01a9e57d508bff4075e445ce... 131-0
Converted links in 1 files in 0.005 seconds.
