--2018-05-16 15:05:20--  http://delivery.acm.org/10.1145/3200000/3191579/p1371-aldhahri.html?ip=24.48.71.56&id=3191579&acc=OPENTOC&key=4D4702B0C3E38B35%2E4D4702B0C3E38B35%2E4D4702B0C3E38B35%2E4DD68F0663C025AA&__acm__=1526497820_a03683f17271f3f295804aa9697b7c87
Resolving delivery.acm.org (delivery.acm.org)... 24.200.120.90, 24.200.120.82
Connecting to delivery.acm.org (delivery.acm.org)|24.200.120.90|:80... connected.
HTTP request sent, awaiting response... 200 OK
Length: 71525 (70K) [text/html]
Saving to: ‘../data/delivery.acm.org/10.1145/3200000/3191579/p1371-aldhahri.html?ip=24.48.71.56&id=3191579&acc=OPENTOC&key=4D4702B0C3E38B35.4D4702B0C3E38B35.4D4702B0C3E38B35.4DD68F0663C025AA&__acm__=1526497820_a03683f17271f3f295804aa9697b7c87’

     0K .......... .......... .......... .......... .......... 71% 2.30M 0s
    50K .......... .........                                  100% 6.03M=0.02s

2018-05-16 15:05:21 (2.79 MB/s) - ‘../data/delivery.acm.org/10.1145/3200000/3191579/p1371-aldhahri.html?ip=24.48.71.56&id=3191579&acc=OPENTOC&key=4D4702B0C3E38B35.4D4702B0C3E38B35.4D4702B0C3E38B35.4DD68F0663C025AA&__acm__=1526497820_a03683f17271f3f295804aa9697b7c87’ saved [71525/71525]

--2018-05-16 15:05:21--  http://deliveryimages.acm.org/10.1145/3200000/3191579/images/www18companion-318-fig1.jpg
Resolving deliveryimages.acm.org (deliveryimages.acm.org)... 104.17.79.191, 104.17.80.191
Connecting to deliveryimages.acm.org (deliveryimages.acm.org)|104.17.79.191|:80... connected.
HTTP request sent, awaiting response... 301 Moved Permanently
Location: https://deliveryimages.acm.org/10.1145/3200000/3191579/images/www18companion-318-fig1.jpg [following]
--2018-05-16 15:05:21--  https://deliveryimages.acm.org/10.1145/3200000/3191579/images/www18companion-318-fig1.jpg
Connecting to deliveryimages.acm.org (deliveryimages.acm.org)|104.17.79.191|:443... connected.
HTTP request sent, awaiting response... 200 OK
Length: 123093 (120K) [image/jpeg]
Saving to: ‘../data/deliveryimages.acm.org/10.1145/3200000/3191579/images/www18companion-318-fig1.jpg’

     0K .......... .......... .......... .......... .......... 41%  728K 0s
    50K .......... .......... .......... .......... .......... 83%  815K 0s
   100K .......... ..........                                 100% 1.21M=0.1s

2018-05-16 15:05:21 (822 KB/s) - ‘../data/deliveryimages.acm.org/10.1145/3200000/3191579/images/www18companion-318-fig1.jpg’ saved [123093/123093]

--2018-05-16 15:05:21--  http://deliveryimages.acm.org/10.1145/3200000/3191579/images/www18companion-318-img1.svg
Connecting to deliveryimages.acm.org (deliveryimages.acm.org)|104.17.79.191|:80... connected.
HTTP request sent, awaiting response... 301 Moved Permanently
Location: https://deliveryimages.acm.org/10.1145/3200000/3191579/images/www18companion-318-img1.svg [following]
--2018-05-16 15:05:21--  https://deliveryimages.acm.org/10.1145/3200000/3191579/images/www18companion-318-img1.svg
Connecting to deliveryimages.acm.org (deliveryimages.acm.org)|104.17.79.191|:443... connected.
HTTP request sent, awaiting response... 200 OK
Length: 142416 (139K) [image/svg+xml]
Saving to: ‘../data/deliveryimages.acm.org/10.1145/3200000/3191579/images/www18companion-318-img1.svg’

     0K .......... .......... .......... .......... .......... 35% 1.12M 0s
    50K .......... .......... .......... .......... .......... 71% 3.36M 0s
   100K .......... .......... .......... .........            100% 7.99M=0.06s

2018-05-16 15:05:21 (2.16 MB/s) - ‘../data/deliveryimages.acm.org/10.1145/3200000/3191579/images/www18companion-318-img1.svg’ saved [142416/142416]

--2018-05-16 15:05:21--  http://deliveryimages.acm.org/10.1145/3200000/3191579/images/www18companion-318-img2.svg
Connecting to deliveryimages.acm.org (deliveryimages.acm.org)|104.17.79.191|:80... connected.
HTTP request sent, awaiting response... 301 Moved Permanently
Location: https://deliveryimages.acm.org/10.1145/3200000/3191579/images/www18companion-318-img2.svg [following]
--2018-05-16 15:05:21--  https://deliveryimages.acm.org/10.1145/3200000/3191579/images/www18companion-318-img2.svg
Connecting to deliveryimages.acm.org (deliveryimages.acm.org)|104.17.79.191|:443... connected.
HTTP request sent, awaiting response... 200 OK
Length: 104599 (102K) [image/svg+xml]
Saving to: ‘../data/deliveryimages.acm.org/10.1145/3200000/3191579/images/www18companion-318-img2.svg’

     0K .......... .......... .......... .......... .......... 48% 1.13M 0s
    50K .......... .......... .......... .......... .......... 97% 3.55M 0s
   100K ..                                                    100% 4096G=0.06s

2018-05-16 15:05:22 (1.75 MB/s) - ‘../data/deliveryimages.acm.org/10.1145/3200000/3191579/images/www18companion-318-img2.svg’ saved [104599/104599]

--2018-05-16 15:05:22--  http://deliveryimages.acm.org/10.1145/3200000/3191579/images/www18companion-318-img3.svg
Connecting to deliveryimages.acm.org (deliveryimages.acm.org)|104.17.79.191|:80... connected.
HTTP request sent, awaiting response... 301 Moved Permanently
Location: https://deliveryimages.acm.org/10.1145/3200000/3191579/images/www18companion-318-img3.svg [following]
--2018-05-16 15:05:22--  https://deliveryimages.acm.org/10.1145/3200000/3191579/images/www18companion-318-img3.svg
Connecting to deliveryimages.acm.org (deliveryimages.acm.org)|104.17.79.191|:443... connected.
HTTP request sent, awaiting response... 200 OK
Length: 108314 (106K) [image/svg+xml]
Saving to: ‘../data/deliveryimages.acm.org/10.1145/3200000/3191579/images/www18companion-318-img3.svg’

     0K .......... .......... .......... .......... .......... 47% 1.49M 0s
    50K .......... .......... .......... .......... .......... 94% 3.60M 0s
   100K .....                                                 100% 38.7M=0.05s

2018-05-16 15:05:22 (2.22 MB/s) - ‘../data/deliveryimages.acm.org/10.1145/3200000/3191579/images/www18companion-318-img3.svg’ saved [108314/108314]

--2018-05-16 15:05:22--  http://deliveryimages.acm.org/10.1145/3200000/3191579/images/www18companion-318-fig2.jpg
Connecting to deliveryimages.acm.org (deliveryimages.acm.org)|104.17.79.191|:80... connected.
HTTP request sent, awaiting response... 301 Moved Permanently
Location: https://deliveryimages.acm.org/10.1145/3200000/3191579/images/www18companion-318-fig2.jpg [following]
--2018-05-16 15:05:22--  https://deliveryimages.acm.org/10.1145/3200000/3191579/images/www18companion-318-fig2.jpg
Connecting to deliveryimages.acm.org (deliveryimages.acm.org)|104.17.79.191|:443... connected.
HTTP request sent, awaiting response... 200 OK
Length: 26890 (26K) [image/jpeg]
Saving to: ‘../data/deliveryimages.acm.org/10.1145/3200000/3191579/images/www18companion-318-fig2.jpg’

     0K .......... .......... ......                          100% 1.11M=0.02s

2018-05-16 15:05:22 (1.11 MB/s) - ‘../data/deliveryimages.acm.org/10.1145/3200000/3191579/images/www18companion-318-fig2.jpg’ saved [26890/26890]

--2018-05-16 15:05:22--  http://deliveryimages.acm.org/10.1145/3200000/3191579/images/www18companion-318-img4.svg
Connecting to deliveryimages.acm.org (deliveryimages.acm.org)|104.17.79.191|:80... connected.
HTTP request sent, awaiting response... 301 Moved Permanently
Location: https://deliveryimages.acm.org/10.1145/3200000/3191579/images/www18companion-318-img4.svg [following]
--2018-05-16 15:05:22--  https://deliveryimages.acm.org/10.1145/3200000/3191579/images/www18companion-318-img4.svg
Connecting to deliveryimages.acm.org (deliveryimages.acm.org)|104.17.79.191|:443... connected.
HTTP request sent, awaiting response... 200 OK
Length: 125859 (123K) [image/svg+xml]
Saving to: ‘../data/deliveryimages.acm.org/10.1145/3200000/3191579/images/www18companion-318-img4.svg’

     0K .......... .......... .......... .......... .......... 40% 1.72M 0s
    50K .......... .......... .......... .......... .......... 81% 1.76M 0s
   100K .......... .......... ..                              100% 17.3M=0.06s

2018-05-16 15:05:23 (2.09 MB/s) - ‘../data/deliveryimages.acm.org/10.1145/3200000/3191579/images/www18companion-318-img4.svg’ saved [125859/125859]

--2018-05-16 15:05:23--  http://deliveryimages.acm.org/10.1145/3200000/3191579/images/www18companion-318-img5.svg
Connecting to deliveryimages.acm.org (deliveryimages.acm.org)|104.17.79.191|:80... connected.
HTTP request sent, awaiting response... 301 Moved Permanently
Location: https://deliveryimages.acm.org/10.1145/3200000/3191579/images/www18companion-318-img5.svg [following]
--2018-05-16 15:05:23--  https://deliveryimages.acm.org/10.1145/3200000/3191579/images/www18companion-318-img5.svg
Connecting to deliveryimages.acm.org (deliveryimages.acm.org)|104.17.79.191|:443... connected.
HTTP request sent, awaiting response... 200 OK
Length: 116734 (114K) [image/svg+xml]
Saving to: ‘../data/deliveryimages.acm.org/10.1145/3200000/3191579/images/www18companion-318-img5.svg’

     0K .......... .......... .......... .......... .......... 43% 1.64M 0s
    50K .......... .......... .......... .......... .......... 87% 2.93M 0s
   100K .......... ...                                        100% 18.0M=0.05s

2018-05-16 15:05:23 (2.36 MB/s) - ‘../data/deliveryimages.acm.org/10.1145/3200000/3191579/images/www18companion-318-img5.svg’ saved [116734/116734]

--2018-05-16 15:05:23--  http://deliveryimages.acm.org/10.1145/3200000/3191579/images/www18companion-318-fig3.jpg
Connecting to deliveryimages.acm.org (deliveryimages.acm.org)|104.17.79.191|:80... connected.
HTTP request sent, awaiting response... 301 Moved Permanently
Location: https://deliveryimages.acm.org/10.1145/3200000/3191579/images/www18companion-318-fig3.jpg [following]
--2018-05-16 15:05:23--  https://deliveryimages.acm.org/10.1145/3200000/3191579/images/www18companion-318-fig3.jpg
Connecting to deliveryimages.acm.org (deliveryimages.acm.org)|104.17.79.191|:443... connected.
HTTP request sent, awaiting response... 200 OK
Length: 21302 (21K) [image/jpeg]
Saving to: ‘../data/deliveryimages.acm.org/10.1145/3200000/3191579/images/www18companion-318-fig3.jpg’

     0K .......... ..........                                 100%  834K=0.02s

2018-05-16 15:05:23 (834 KB/s) - ‘../data/deliveryimages.acm.org/10.1145/3200000/3191579/images/www18companion-318-fig3.jpg’ saved [21302/21302]

--2018-05-16 15:05:23--  http://deliveryimages.acm.org/10.1145/3200000/3191579/images/www18companion-318-fig4.jpg
Connecting to deliveryimages.acm.org (deliveryimages.acm.org)|104.17.79.191|:80... connected.
HTTP request sent, awaiting response... 301 Moved Permanently
Location: https://deliveryimages.acm.org/10.1145/3200000/3191579/images/www18companion-318-fig4.jpg [following]
--2018-05-16 15:05:23--  https://deliveryimages.acm.org/10.1145/3200000/3191579/images/www18companion-318-fig4.jpg
Connecting to deliveryimages.acm.org (deliveryimages.acm.org)|104.17.79.191|:443... connected.
HTTP request sent, awaiting response... 200 OK
Length: 20464 (20K) [image/jpeg]
Saving to: ‘../data/deliveryimages.acm.org/10.1145/3200000/3191579/images/www18companion-318-fig4.jpg’

     0K .......... .........                                  100% 1.54M=0.01s

2018-05-16 15:05:23 (1.54 MB/s) - ‘../data/deliveryimages.acm.org/10.1145/3200000/3191579/images/www18companion-318-fig4.jpg’ saved [20464/20464]

FINISHED --2018-05-16 15:05:23--
Total wall clock time: 3.0s
Downloaded: 10 files, 841K in 0.5s (1.63 MB/s)
Converting links in ../data/delivery.acm.org/10.1145/3200000/3191579/p1371-aldhahri.html?ip=24.48.71.56&id=3191579&acc=OPENTOC&key=4D4702B0C3E38B35.4D4702B0C3E38B35.4D4702B0C3E38B35.4DD68F0663C025AA&__acm__=1526497820_a03683f17271f3f295804aa9697b7c87... 60-0
Converted links in 1 files in 0.002 seconds.
